-------------------------------------------------------------------------------
Test set: org.apache.ratis.grpc.TestLinearizableReadWithGrpc
-------------------------------------------------------------------------------
Tests run: 7, Failures: 1, Errors: 0, Skipped: 0, Time elapsed: 19.75 s <<< FAILURE! -- in org.apache.ratis.grpc.TestLinearizableReadWithGrpc
org.apache.ratis.grpc.TestLinearizableReadWithGrpc.testReadAfterWrite -- Time elapsed: 1.607 s <<< FAILURE!
org.opentest4j.AssertionFailedError: readAfterWrite = 20 < linearizable = 21 ==> expected: <true> but was: <false>
	at org.apache.ratis.LinearizableReadTests.runTestReadAfterWrite(LinearizableReadTests.java:248)
	at org.apache.ratis.LinearizableReadTests.lambda$runWithNewCluster$0(LinearizableReadTests.java:69)
	at org.apache.ratis.server.impl.MiniRaftCluster$Factory$Get.runWithNewCluster(MiniRaftCluster.java:143)
	at org.apache.ratis.LinearizableReadTests.runWithNewCluster(LinearizableReadTests.java:67)
	at org.apache.ratis.LinearizableReadTests.testReadAfterWrite(LinearizableReadTests.java:224)
	at java.lang.reflect.Method.invoke(Method.java:498)
	at java.util.ArrayList.forEach(ArrayList.java:1259)
	at java.util.ArrayList.forEach(ArrayList.java:1259)

