<?xml version="1.0" encoding="UTF-8"?>
<testsuite xmlns:xsi="http://www.w3.org/2001/XMLSchema-instance" xsi:noNamespaceSchemaLocation="https://maven.apache.org/surefire/maven-surefire-plugin/xsd/surefire-test-report.xsd" name="org.apache.ratis.datastream.TestNettyDataStreamStarTopologyWithGrpcCluster" time="151.684" tests="4" errors="1" skipped="0" failures="0">
  <properties>
[...]
</properties>
  <testcase name="testMultipleStreamsSingleServer" classname="org.apache.ratis.datastream.TestNettyDataStreamStarTopologyWithGrpcCluster" time="22.352"/>
  <testcase name="testMultipleStreamsMultipleServers" classname="org.apache.ratis.datastream.TestNettyDataStreamStarTopologyWithGrpcCluster" time="66.031"/>
  <testcase name="testMultipleStreamsMultipleServersStepDownLeader" classname="org.apache.ratis.datastream.TestNettyDataStreamStarTopologyWithGrpcCluster" time="44.057">
    <error message="org.apache.ratis.protocol.exceptions.TimeoutIOException: Timeout 10000ms: Failed to send DataStreamWindowRequest:seqNum=12,DataStreamRequestHeader:clientId=client-87B95DD4B360,type=STREAM_DATA,id=392,offset=7832853,length=0" type="java.util.concurrent.CompletionException">java.util.concurrent.CompletionException: org.apache.ratis.protocol.exceptions.TimeoutIOException: Timeout 10000ms: Failed to send DataStreamWindowRequest:seqNum=12,DataStreamRequestHeader:clientId=client-87B95DD4B360,type=STREAM_DATA,id=392,offset=7832853,length=0
	at java.util.concurrent.CompletableFuture.encodeThrowable(CompletableFuture.java:292)
	at java.util.concurrent.CompletableFuture.completeThrowable(CompletableFuture.java:308)
	at java.util.concurrent.CompletableFuture.uniWhenComplete(CompletableFuture.java:783)
	at java.util.concurrent.CompletableFuture$UniWhenComplete.tryFire(CompletableFuture.java:750)
	at java.util.concurrent.CompletableFuture.postComplete(CompletableFuture.java:488)
	at java.util.concurrent.CompletableFuture.completeExceptionally(CompletableFuture.java:1990)
	at org.apache.ratis.client.impl.OrderedStreamAsync.lambda$scheduleWithTimeout$7(OrderedStreamAsync.java:172)
	at org.apache.ratis.util.TimeoutScheduler.lambda$onTimeout$0(TimeoutScheduler.java:141)
	at org.apache.ratis.util.TimeoutScheduler.lambda$onTimeout$1(TimeoutScheduler.java:155)
	at org.apache.ratis.util.LogUtils.runAndLog(LogUtils.java:38)
	at org.apache.ratis.util.LogUtils$1.run(LogUtils.java:79)
	at java.util.concurrent.Executors$RunnableAdapter.call(Executors.java:511)
	at java.util.concurrent.FutureTask.run(FutureTask.java:266)
	at java.util.concurrent.ScheduledThreadPoolExecutor$ScheduledFutureTask.access$201(ScheduledThreadPoolExecutor.java:180)
	at java.util.concurrent.ScheduledThreadPoolExecutor$ScheduledFutureTask.run(ScheduledThreadPoolExecutor.java:293)
	at java.util.concurrent.ThreadPoolExecutor.runWorker(ThreadPoolExecutor.java:1149)
	at java.util.concurrent.ThreadPoolExecutor$Worker.run(ThreadPoolExecutor.java:624)
	at java.lang.Thread.run(Thread.java:750)
Caused by: org.apache.ratis.protocol.exceptions.TimeoutIOException: Timeout 10000ms: Failed to send DataStreamWindowRequest:seqNum=12,DataStreamRequestHeader:clientId=client-87B95DD4B360,type=STREAM_DATA,id=392,offset=7832853,length=0
	... 12 more
</error>
    <system-out><![CDATA[2022-05-18 08:08:58,989 [main] INFO  util.LogUtils (Log4jUtils.java:setLogLevel(32)) - Set org.apache.ratis.conf.ConfUtils log level to WARN
2022-05-18 08:08:58,989 [main] INFO  util.LogUtils (Log4jUtils.java:setLogLevel(32)) - Set org.apache.ratis.util.FileUtils log level to TRACE
2022-05-18 08:08:58,990 [Time-limited test] INFO  impl.MiniRaftCluster (MiniRaftCluster.java:runWithNewCluster(119)) - Running runWithNewCluster
2022-05-18 08:08:58,991 [Time-limited test] INFO  impl.MiniRaftCluster (MiniRaftCluster.java:<init>(272)) - new MiniRaftClusterWithRpcTypeGrpcAndDataStreamTypeNetty with group-B23F4A4B975A:[s0|rpc:localhost:40531|admin:localhost:44289|client:localhost:35433|dataStream:localhost:42101|priority:0, s1|rpc:localhost:35349|admin:localhost:37277|client:localhost:39633|dataStream:localhost:42717|priority:0, s2|rpc:localhost:36619|admin:localhost:34149|client:localhost:40571|dataStream:localhost:41933|priority:0]
2022-05-18 08:08:58,991 [Time-limited test] INFO  impl.MiniRaftCluster (MiniRaftCluster.java:start(315)) - .............................................................. 
2022-05-18 08:08:58,991 [Time-limited test] INFO  impl.MiniRaftCluster (MiniRaftCluster.java:start(316)) - ... 
2022-05-18 08:08:58,991 [Time-limited test] INFO  impl.MiniRaftCluster (MiniRaftCluster.java:start(317)) - ...     Starting MiniRaftClusterWithRpcTypeGrpcAndDataStreamTypeNetty
2022-05-18 08:08:58,991 [Time-limited test] INFO  impl.MiniRaftCluster (MiniRaftCluster.java:start(318)) - ... 
2022-05-18 08:08:58,991 [Time-limited test] INFO  impl.MiniRaftCluster (MiniRaftCluster.java:start(319)) - .............................................................. 
2022-05-18 08:08:58,991 [Time-limited test] INFO  impl.MiniRaftCluster (MiniRaftCluster.java:initServers(284)) - servers = {}
2022-05-18 08:08:58,991 [Time-limited test] INFO  impl.MiniRaftCluster (MiniRaftCluster.java:newRaftServer(358)) - newRaftServer: s0, group-B23F4A4B975A:[s0|rpc:localhost:40531|admin:localhost:44289|client:localhost:35433|dataStream:localhost:42101|priority:0, s1|rpc:localhost:35349|admin:localhost:37277|client:localhost:39633|dataStream:localhost:42717|priority:0, s2|rpc:localhost:36619|admin:localhost:34149|client:localhost:40571|dataStream:localhost:41933|priority:0], format? true
2022-05-18 08:08:58,991 [Time-limited test] TRACE util.FileUtils (FileUtils.java:deleteFully(162)) - deleteFully target/test/data/b38cb2f0/MiniRaftClusterWithRpcTypeGrpcAndDataStreamTypeNetty7ddc4ffd/s0
2022-05-18 08:08:58,992 [Time-limited test] TRACE util.FileUtils (FileUtils.java:deleteFully(178)) - deleteFully: target/test/data/b38cb2f0/MiniRaftClusterWithRpcTypeGrpcAndDataStreamTypeNetty7ddc4ffd/s0 does not exist.
2022-05-18 08:08:58,992 [Time-limited test] INFO  impl.MiniRaftCluster (MiniRaftCluster.java:newRaftServer(363)) - Formatted directory target/test/data/b38cb2f0/MiniRaftClusterWithRpcTypeGrpcAndDataStreamTypeNetty7ddc4ffd/s0
2022-05-18 08:08:58,992 [Time-limited test] INFO  server.RaftServer (ConfUtils.java:logGet(46)) - raft.rpc.type = GRPC (default)
2022-05-18 08:08:58,992 [Time-limited test] INFO  grpc.GrpcFactory (GrpcFactory.java:checkPooledByteBufAllocatorUseCacheForAllThreads(48)) - PERFORMANCE WARNING: useCacheForAllThreads is true that may cause Netty to create a lot garbage objects and, as a result, trigger GC.
	It is recommended to disable useCacheForAllThreads by setting -Dorg.apache.ratis.thirdparty.io.netty.allocator.useCacheForAllThreads=false in command line.
2022-05-18 08:08:58,992 [Time-limited test] INFO  grpc.GrpcConfigKeys (ConfUtils.java:logGet(46)) - raft.grpc.admin.port = 44289 (custom)
2022-05-18 08:08:58,993 [Time-limited test] INFO  grpc.GrpcConfigKeys (ConfUtils.java:logGet(46)) - raft.grpc.client.port = 35433 (custom)
2022-05-18 08:08:58,993 [Time-limited test] INFO  grpc.GrpcConfigKeys (ConfUtils.java:logGet(46)) - raft.grpc.server.port = 40531 (custom)
2022-05-18 08:08:58,993 [Time-limited test] INFO  server.GrpcService (ConfUtils.java:logGet(46)) - raft.grpc.message.size.max = 64MB (=67108864) (default)
2022-05-18 08:08:58,993 [Time-limited test] INFO  server.RaftServerConfigKeys (ConfUtils.java:logGet(46)) - raft.server.log.appender.buffer.byte-limit = 4MB (=4194304) (default)
2022-05-18 08:08:58,993 [Time-limited test] INFO  server.GrpcService (ConfUtils.java:logGet(46)) - raft.grpc.flow.control.window = 1MB (=1048576) (default)
2022-05-18 08:08:58,993 [Time-limited test] INFO  server.RaftServerConfigKeys (ConfUtils.java:logGet(46)) - raft.server.rpc.request.timeout = 3000ms (default)
2022-05-18 08:08:58,993 [Time-limited test] INFO  grpc.GrpcConfigKeys (ConfUtils.java:logGet(46)) - raft.grpc.server.async.request.thread.pool.cached = true (default)
2022-05-18 08:08:58,993 [Time-limited test] INFO  grpc.GrpcConfigKeys (ConfUtils.java:logGet(46)) - raft.grpc.server.async.request.thread.pool.size = 32 (default)
2022-05-18 08:08:58,994 [Time-limited test] INFO  impl.DataStreamServerImpl (ConfUtils.java:logGet(46)) - raft.datastream.type = NETTY (custom)
2022-05-18 08:08:58,994 [Time-limited test] INFO  netty.NettyConfigKeys$DataStream (ConfUtils.java:logGet(46)) - raft.netty.dataStream.server.tls.conf = null (default)
2022-05-18 08:08:58,995 [Time-limited test] INFO  server.RaftServerConfigKeys (ConfUtils.java:logGet(46)) - raft.server.data-stream.async.request.thread.pool.cached = false (default)
2022-05-18 08:08:58,995 [Time-limited test] INFO  server.RaftServerConfigKeys (ConfUtils.java:logGet(46)) - raft.server.data-stream.async.request.thread.pool.size = 32 (default)
2022-05-18 08:08:58,995 [Time-limited test] INFO  server.RaftServerConfigKeys (ConfUtils.java:logGet(46)) - raft.server.data-stream.async.write.thread.pool.size = 16 (default)
2022-05-18 08:08:58,995 [Time-limited test] INFO  server.RaftServerConfigKeys (ConfUtils.java:logGet(46)) - raft.server.data-stream.client.pool.size = 10 (default)
2022-05-18 08:08:58,995 [Time-limited test] INFO  netty.NettyConfigKeys$DataStream (ConfUtils.java:logGet(46)) - raft.netty.dataStream.server.use-epoll = false (default)
2022-05-18 08:08:58,995 [Time-limited test] INFO  netty.NettyConfigKeys$DataStream (ConfUtils.java:logGet(46)) - raft.netty.dataStream.server.boss-group.size = 0 (default)
2022-05-18 08:08:58,995 [Time-limited test] INFO  netty.NettyConfigKeys$DataStream (ConfUtils.java:logGet(46)) - raft.netty.dataStream.server.worker-group.size = 0 (default)
2022-05-18 08:08:58,996 [Time-limited test] INFO  netty.NettyConfigKeys$DataStream (ConfUtils.java:logGet(46)) - raft.netty.dataStream.port = 42101 (custom)
2022-05-18 08:08:58,996 [Time-limited test] INFO  server.RaftServerConfigKeys (ConfUtils.java:logGet(46)) - raft.server.threadpool.proxy.cached = true (default)
2022-05-18 08:08:58,996 [Time-limited test] INFO  server.RaftServerConfigKeys (ConfUtils.java:logGet(46)) - raft.server.threadpool.proxy.size = 0 (default)
2022-05-18 08:08:58,996 [s0-NettyServerStreamRpc-bossGroup--thread1] INFO  logging.LoggingHandler (AbstractInternalLogger.java:log(148)) - [id: 0x789e0f18] REGISTERED
2022-05-18 08:08:58,996 [Time-limited test] INFO  server.RaftServerConfigKeys (ConfUtils.java:logGet(46)) - raft.server.rpc.slowness.timeout = 60s (default)
2022-05-18 08:08:58,996 [s0-NettyServerStreamRpc-bossGroup--thread1] INFO  logging.LoggingHandler (AbstractInternalLogger.java:log(148)) - [id: 0x789e0f18] BIND: 0.0.0.0/0.0.0.0:42101
2022-05-18 08:08:58,997 [Time-limited test] INFO  server.RaftServerConfigKeys (ConfUtils.java:logGet(46)) - raft.server.leaderelection.leader.step-down.wait-time = 10s (default)
2022-05-18 08:08:58,997 [Time-limited test] INFO  server.RaftServerConfigKeys (ConfUtils.java:logGet(46)) - raft.server.storage.dir = [/home/runner/work/ratis/ratis/ratis-test/target/test/data/b38cb2f0/MiniRaftClusterWithRpcTypeGrpcAndDataStreamTypeNetty7ddc4ffd/s0] (custom)
2022-05-18 08:08:58,997 [s0-NettyServerStreamRpc-bossGroup--thread1] INFO  logging.LoggingHandler (AbstractInternalLogger.java:log(148)) - [id: 0x789e0f18, L:/0.0.0.0:42101] ACTIVE
2022-05-18 08:08:58,998 [Time-limited test] INFO  server.RaftServer (RaftServerProxy.java:addNew(96)) - s0: addNew group-B23F4A4B975A:[s0|rpc:localhost:40531|admin:localhost:44289|client:localhost:35433|dataStream:localhost:42101|priority:0, s1|rpc:localhost:35349|admin:localhost:37277|client:localhost:39633|dataStream:localhost:42717|priority:0, s2|rpc:localhost:36619|admin:localhost:34149|client:localhost:40571|dataStream:localhost:41933|priority:0] returns group-B23F4A4B975A:java.util.concurrent.CompletableFuture@21a95210[Not completed]
2022-05-18 08:08:58,998 [pool-10-thread-1] INFO  server.RaftServer$Division (RaftServerImpl.java:<init>(190)) - s0: new RaftServerImpl for group-B23F4A4B975A:[s0|rpc:localhost:40531|admin:localhost:44289|client:localhost:35433|dataStream:localhost:42101|priority:0, s1|rpc:localhost:35349|admin:localhost:37277|client:localhost:39633|dataStream:localhost:42717|priority:0, s2|rpc:localhost:36619|admin:localhost:34149|client:localhost:40571|dataStream:localhost:41933|priority:0] with MultiDataStreamStateMachine:uninitialized
2022-05-18 08:08:58,998 [Time-limited test] INFO  impl.MiniRaftCluster (MiniRaftCluster.java:newRaftServer(358)) - newRaftServer: s1, group-B23F4A4B975A:[s0|rpc:localhost:40531|admin:localhost:44289|client:localhost:35433|dataStream:localhost:42101|priority:0, s1|rpc:localhost:35349|admin:localhost:37277|client:localhost:39633|dataStream:localhost:42717|priority:0, s2|rpc:localhost:36619|admin:localhost:34149|client:localhost:40571|dataStream:localhost:41933|priority:0], format? true
2022-05-18 08:08:59,000 [Time-limited test] TRACE util.FileUtils (FileUtils.java:deleteFully(162)) - deleteFully target/test/data/b38cb2f0/MiniRaftClusterWithRpcTypeGrpcAndDataStreamTypeNetty7ddc4ffd/s1
2022-05-18 08:08:59,000 [Time-limited test] TRACE util.FileUtils (FileUtils.java:deleteFully(178)) - deleteFully: target/test/data/b38cb2f0/MiniRaftClusterWithRpcTypeGrpcAndDataStreamTypeNetty7ddc4ffd/s1 does not exist.
2022-05-18 08:08:59,000 [Time-limited test] INFO  impl.MiniRaftCluster (MiniRaftCluster.java:newRaftServer(363)) - Formatted directory target/test/data/b38cb2f0/MiniRaftClusterWithRpcTypeGrpcAndDataStreamTypeNetty7ddc4ffd/s1
2022-05-18 08:08:59,000 [pool-10-thread-1] INFO  server.RaftServerConfigKeys (ConfUtils.java:logGet(46)) - raft.server.rpc.timeout.min = 150ms (default)
2022-05-18 08:08:59,001 [Time-limited test] INFO  server.RaftServer (ConfUtils.java:logGet(46)) - raft.rpc.type = GRPC (default)
2022-05-18 08:08:59,001 [pool-10-thread-1] INFO  server.RaftServerConfigKeys (ConfUtils.java:logGet(46)) - raft.server.rpc.timeout.max = 300ms (default)
2022-05-18 08:08:59,001 [Time-limited test] INFO  grpc.GrpcFactory (GrpcFactory.java:checkPooledByteBufAllocatorUseCacheForAllThreads(48)) - PERFORMANCE WARNING: useCacheForAllThreads is true that may cause Netty to create a lot garbage objects and, as a result, trigger GC.
	It is recommended to disable useCacheForAllThreads by setting -Dorg.apache.ratis.thirdparty.io.netty.allocator.useCacheForAllThreads=false in command line.
2022-05-18 08:08:59,001 [pool-10-thread-1] INFO  server.RaftServerConfigKeys (ConfUtils.java:logGet(46)) - raft.server.rpc.sleep.time = 25ms (default)
2022-05-18 08:08:59,001 [Time-limited test] INFO  grpc.GrpcConfigKeys (ConfUtils.java:logGet(46)) - raft.grpc.admin.port = 37277 (custom)
2022-05-18 08:08:59,001 [pool-10-thread-1] INFO  server.RaftServerConfigKeys (ConfUtils.java:logGet(46)) - raft.server.rpc.slowness.timeout = 60s (default)
2022-05-18 08:08:59,002 [Time-limited test] INFO  grpc.GrpcConfigKeys (ConfUtils.java:logGet(46)) - raft.grpc.client.port = 39633 (custom)
2022-05-18 08:08:59,002 [Time-limited test] INFO  grpc.GrpcConfigKeys (ConfUtils.java:logGet(46)) - raft.grpc.server.port = 35349 (custom)
2022-05-18 08:08:59,002 [Time-limited test] INFO  server.GrpcService (ConfUtils.java:logGet(46)) - raft.grpc.message.size.max = 64MB (=67108864) (default)
2022-05-18 08:08:59,002 [Time-limited test] INFO  server.RaftServerConfigKeys (ConfUtils.java:logGet(46)) - raft.server.log.appender.buffer.byte-limit = 4MB (=4194304) (default)
2022-05-18 08:08:59,002 [Time-limited test] INFO  server.GrpcService (ConfUtils.java:logGet(46)) - raft.grpc.flow.control.window = 1MB (=1048576) (default)
2022-05-18 08:08:59,002 [Time-limited test] INFO  server.RaftServerConfigKeys (ConfUtils.java:logGet(46)) - raft.server.rpc.request.timeout = 3000ms (default)
2022-05-18 08:08:59,002 [pool-10-thread-1] INFO  server.RaftServerConfigKeys (ConfUtils.java:logGet(46)) - raft.server.leaderelection.leader.step-down.wait-time = 10s (default)
2022-05-18 08:08:59,002 [Time-limited test] INFO  grpc.GrpcConfigKeys (ConfUtils.java:logGet(46)) - raft.grpc.server.async.request.thread.pool.cached = true (default)
2022-05-18 08:08:59,002 [Time-limited test] INFO  grpc.GrpcConfigKeys (ConfUtils.java:logGet(46)) - raft.grpc.server.async.request.thread.pool.size = 32 (default)
2022-05-18 08:08:59,002 [pool-10-thread-1] INFO  server.RaftServerConfigKeys (ConfUtils.java:logGet(46)) - raft.server.sleep.deviation.threshold = 300ms (default)
2022-05-18 08:08:59,002 [pool-10-thread-1] INFO  server.RaftServer$Division (ServerState.java:<init>(107)) - s0@group-B23F4A4B975A: ConfigurationManager, init=-1: [s0|rpc:localhost:40531|admin:localhost:44289|client:localhost:35433|dataStream:localhost:42101|priority:0, s1|rpc:localhost:35349|admin:localhost:37277|client:localhost:39633|dataStream:localhost:42717|priority:0, s2|rpc:localhost:36619|admin:localhost:34149|client:localhost:40571|dataStream:localhost:41933|priority:0], old=null, confs=<EMPTY_MAP>
2022-05-18 08:08:59,003 [pool-10-thread-1] INFO  server.RaftServerConfigKeys (ConfUtils.java:logGet(46)) - raft.server.storage.dir = [/home/runner/work/ratis/ratis/ratis-test/target/test/data/b38cb2f0/MiniRaftClusterWithRpcTypeGrpcAndDataStreamTypeNetty7ddc4ffd/s0] (custom)
2022-05-18 08:08:59,003 [pool-10-thread-1] INFO  server.RaftServerConfigKeys (ConfUtils.java:logGet(46)) - raft.server.log.corruption.policy = EXCEPTION (default)
2022-05-18 08:08:59,003 [pool-10-thread-1] INFO  server.RaftServerConfigKeys (ConfUtils.java:logGet(46)) - raft.server.storage.free-space.min = 0MB (=0) (default)
2022-05-18 08:08:59,003 [pool-10-thread-1] INFO  storage.RaftStorageDirectory (RaftStorageDirectoryImpl.java:analyzeStorage(135)) - The storage directory /home/runner/work/ratis/ratis/ratis-test/target/test/data/b38cb2f0/MiniRaftClusterWithRpcTypeGrpcAndDataStreamTypeNetty7ddc4ffd/s0/6357fb54-ff44-4dab-a55a-b23f4a4b975a does not exist. Creating ...
2022-05-18 08:08:59,004 [pool-10-thread-1] TRACE util.FileUtils (LogUtils.java:runAndLog(49)) - Successfully ran Files.createDirectories /home/runner/work/ratis/ratis/ratis-test/target/test/data/b38cb2f0/MiniRaftClusterWithRpcTypeGrpcAndDataStreamTypeNetty7ddc4ffd/s0/6357fb54-ff44-4dab-a55a-b23f4a4b975a
2022-05-18 08:08:59,005 [Time-limited test] INFO  impl.DataStreamServerImpl (ConfUtils.java:logGet(46)) - raft.datastream.type = NETTY (custom)
2022-05-18 08:08:59,005 [Time-limited test] INFO  netty.NettyConfigKeys$DataStream (ConfUtils.java:logGet(46)) - raft.netty.dataStream.server.tls.conf = null (default)
2022-05-18 08:08:59,005 [Time-limited test] INFO  server.RaftServerConfigKeys (ConfUtils.java:logGet(46)) - raft.server.data-stream.async.request.thread.pool.cached = false (default)
2022-05-18 08:08:59,005 [Time-limited test] INFO  server.RaftServerConfigKeys (ConfUtils.java:logGet(46)) - raft.server.data-stream.async.request.thread.pool.size = 32 (default)
2022-05-18 08:08:59,005 [Time-limited test] INFO  server.RaftServerConfigKeys (ConfUtils.java:logGet(46)) - raft.server.data-stream.async.write.thread.pool.size = 16 (default)
2022-05-18 08:08:59,006 [Time-limited test] INFO  server.RaftServerConfigKeys (ConfUtils.java:logGet(46)) - raft.server.data-stream.client.pool.size = 10 (default)
2022-05-18 08:08:59,006 [Time-limited test] INFO  netty.NettyConfigKeys$DataStream (ConfUtils.java:logGet(46)) - raft.netty.dataStream.server.use-epoll = false (default)
2022-05-18 08:08:59,006 [Time-limited test] INFO  netty.NettyConfigKeys$DataStream (ConfUtils.java:logGet(46)) - raft.netty.dataStream.server.boss-group.size = 0 (default)
2022-05-18 08:08:59,007 [Time-limited test] INFO  netty.NettyConfigKeys$DataStream (ConfUtils.java:logGet(46)) - raft.netty.dataStream.server.worker-group.size = 0 (default)
2022-05-18 08:08:59,007 [Time-limited test] INFO  netty.NettyConfigKeys$DataStream (ConfUtils.java:logGet(46)) - raft.netty.dataStream.port = 42717 (custom)
2022-05-18 08:08:59,012 [pool-10-thread-1] INFO  storage.RaftStorageDirectory (RaftStorageDirectoryImpl.java:tryLock(230)) - Lock on /home/runner/work/ratis/ratis/ratis-test/target/test/data/b38cb2f0/MiniRaftClusterWithRpcTypeGrpcAndDataStreamTypeNetty7ddc4ffd/s0/6357fb54-ff44-4dab-a55a-b23f4a4b975a/in_use.lock acquired by nodename 19159@fv-az58-550.32bp4kehjaiexiom31oljkjdjg.cx.internal.cloudapp.net
2022-05-18 08:08:59,012 [pool-10-thread-1] TRACE util.FileUtils (LogUtils.java:runAndLog(49)) - Successfully ran Files.createDirectories /home/runner/work/ratis/ratis/ratis-test/target/test/data/b38cb2f0/MiniRaftClusterWithRpcTypeGrpcAndDataStreamTypeNetty7ddc4ffd/s0/6357fb54-ff44-4dab-a55a-b23f4a4b975a/current
2022-05-18 08:08:59,012 [pool-10-thread-1] TRACE util.FileUtils (LogUtils.java:runAndLog(49)) - Successfully ran Files.createDirectories /home/runner/work/ratis/ratis/ratis-test/target/test/data/b38cb2f0/MiniRaftClusterWithRpcTypeGrpcAndDataStreamTypeNetty7ddc4ffd/s0/6357fb54-ff44-4dab-a55a-b23f4a4b975a/sm
2022-05-18 08:08:59,014 [pool-10-thread-1] INFO  storage.RaftStorage (RaftStorageImpl.java:format(89)) - Storage directory /home/runner/work/ratis/ratis/ratis-test/target/test/data/b38cb2f0/MiniRaftClusterWithRpcTypeGrpcAndDataStreamTypeNetty7ddc4ffd/s0/6357fb54-ff44-4dab-a55a-b23f4a4b975a has been successfully formatted.
2022-05-18 08:08:59,015 [pool-10-thread-1] INFO  server.RaftServerConfigKeys (ConfUtils.java:logGet(46)) - raft.server.notification.no-leader.timeout = 60s (default)
2022-05-18 08:08:59,016 [s1-NettyServerStreamRpc-bossGroup--thread1] INFO  logging.LoggingHandler (AbstractInternalLogger.java:log(148)) - [id: 0xd7380ca9] REGISTERED
2022-05-18 08:08:59,016 [pool-10-thread-1] INFO  server.RaftServerConfigKeys (ConfUtils.java:logGet(46)) - raft.server.log.use.memory = false (default)
2022-05-18 08:08:59,015 [Time-limited test] INFO  server.RaftServerConfigKeys (ConfUtils.java:logGet(46)) - raft.server.threadpool.proxy.cached = true (default)
2022-05-18 08:08:59,017 [Time-limited test] INFO  server.RaftServerConfigKeys (ConfUtils.java:logGet(46)) - raft.server.threadpool.proxy.size = 0 (default)
2022-05-18 08:08:59,016 [s1-NettyServerStreamRpc-bossGroup--thread1] INFO  logging.LoggingHandler (AbstractInternalLogger.java:log(148)) - [id: 0xd7380ca9] BIND: 0.0.0.0/0.0.0.0:42717
2022-05-18 08:08:59,017 [pool-10-thread-1] INFO  server.RaftServerConfigKeys (ConfUtils.java:logGet(46)) - raft.server.log.purge.gap = 1024 (default)
2022-05-18 08:08:59,017 [Time-limited test] INFO  server.RaftServerConfigKeys (ConfUtils.java:logGet(46)) - raft.server.rpc.slowness.timeout = 60s (default)
2022-05-18 08:08:59,017 [Time-limited test] INFO  server.RaftServerConfigKeys (ConfUtils.java:logGet(46)) - raft.server.leaderelection.leader.step-down.wait-time = 10s (default)
2022-05-18 08:08:59,017 [Time-limited test] INFO  server.RaftServerConfigKeys (ConfUtils.java:logGet(46)) - raft.server.storage.dir = [/home/runner/work/ratis/ratis/ratis-test/target/test/data/b38cb2f0/MiniRaftClusterWithRpcTypeGrpcAndDataStreamTypeNetty7ddc4ffd/s1] (custom)
2022-05-18 08:08:59,017 [pool-10-thread-1] INFO  server.RaftServerConfigKeys (ConfUtils.java:logGet(46)) - raft.server.log.appender.buffer.byte-limit = 4MB (=4194304) (default)
2022-05-18 08:08:59,017 [s1-NettyServerStreamRpc-bossGroup--thread1] INFO  logging.LoggingHandler (AbstractInternalLogger.java:log(148)) - [id: 0xd7380ca9, L:/0.0.0.0:42717] ACTIVE
2022-05-18 08:08:59,017 [pool-10-thread-1] INFO  server.RaftServerConfigKeys (ConfUtils.java:logGet(46)) - raft.server.log.statemachine.data.read.timeout = 1000ms (default)
2022-05-18 08:08:59,018 [pool-10-thread-1] INFO  server.RaftServerConfigKeys (ConfUtils.java:logGet(46)) - raft.server.log.segment.size.max = 8MB (=8388608) (default)
2022-05-18 08:08:59,018 [pool-10-thread-1] INFO  server.RaftServerConfigKeys (ConfUtils.java:logGet(46)) - raft.server.log.segment.cache.num.max = 6 (default)
2022-05-18 08:08:59,018 [pool-10-thread-1] INFO  server.RaftServerConfigKeys (ConfUtils.java:logGet(46)) - raft.server.log.segment.cache.size.max = 200MB (=209715200) (default)
2022-05-18 08:08:59,018 [pool-10-thread-1] INFO  segmented.SegmentedRaftLogWorker (SegmentedRaftLogWorker.java:<init>(187)) - new s0@group-B23F4A4B975A-SegmentedRaftLogWorker for RaftStorageImpl:Storage Directory /home/runner/work/ratis/ratis/ratis-test/target/test/data/b38cb2f0/MiniRaftClusterWithRpcTypeGrpcAndDataStreamTypeNetty7ddc4ffd/s0/6357fb54-ff44-4dab-a55a-b23f4a4b975a
2022-05-18 08:08:59,018 [pool-10-thread-1] INFO  server.RaftServerConfigKeys (ConfUtils.java:logGet(46)) - raft.server.log.queue.byte-limit = 64MB (=67108864) (default)
2022-05-18 08:08:59,018 [pool-10-thread-1] INFO  server.RaftServerConfigKeys (ConfUtils.java:logGet(46)) - raft.server.log.queue.element-limit = 4096 (default)
2022-05-18 08:08:59,018 [pool-10-thread-1] INFO  server.RaftServerConfigKeys (ConfUtils.java:logGet(46)) - raft.server.log.segment.size.max = 8MB (=8388608) (default)
2022-05-18 08:08:59,018 [pool-10-thread-1] INFO  server.RaftServerConfigKeys (ConfUtils.java:logGet(46)) - raft.server.log.preallocated.size = 4MB (=4194304) (default)
2022-05-18 08:08:59,018 [pool-10-thread-1] INFO  server.RaftServerConfigKeys (ConfUtils.java:logGet(46)) - raft.server.log.force.sync.num = 128 (default)
2022-05-18 08:08:59,018 [pool-10-thread-1] INFO  server.RaftServerConfigKeys (ConfUtils.java:logGet(46)) - raft.server.log.statemachine.data.sync = true (default)
2022-05-18 08:08:59,018 [pool-10-thread-1] INFO  server.RaftServerConfigKeys (ConfUtils.java:logGet(46)) - raft.server.log.statemachine.data.sync.timeout = 10s (default)
2022-05-18 08:08:59,019 [pool-10-thread-1] INFO  server.RaftServerConfigKeys (ConfUtils.java:logGet(46)) - raft.server.log.statemachine.data.sync.timeout.retry = -1 (default)
2022-05-18 08:08:59,019 [pool-10-thread-1] INFO  server.RaftServerConfigKeys (ConfUtils.java:logGet(46)) - raft.server.log.write.buffer.size = 64KB (=65536) (default)
2022-05-18 08:08:59,019 [pool-10-thread-1] INFO  server.RaftServerConfigKeys (ConfUtils.java:logGet(46)) - raft.server.log.unsafe-flush.enabled = false (default)
2022-05-18 08:08:59,019 [pool-10-thread-1] INFO  server.RaftServerConfigKeys (ConfUtils.java:logGet(46)) - raft.server.log.statemachine.data.caching.enabled = false (default)
2022-05-18 08:08:59,019 [pool-10-thread-1] INFO  segmented.SegmentedRaftLogWorker (SegmentedRaftLogWorker.java:lambda$new$0(135)) - s0@group-B23F4A4B975A-SegmentedRaftLogWorker: flushIndex: setUnconditionally 0 -> -1
2022-05-18 08:08:59,019 [pool-10-thread-1] INFO  segmented.SegmentedRaftLogWorker (SegmentedRaftLogWorker.java:lambda$new$0(135)) - s0@group-B23F4A4B975A-SegmentedRaftLogWorker: safeCacheEvictIndex: setUnconditionally 0 -> -1
2022-05-18 08:08:59,020 [pool-10-thread-1] INFO  server.RaftServerConfigKeys (ConfUtils.java:logGet(46)) - raft.server.snapshot.auto.trigger.enabled = false (default)
2022-05-18 08:08:59,020 [pool-10-thread-1] INFO  server.RaftServerConfigKeys (ConfUtils.java:logGet(46)) - raft.server.snapshot.retention.file.num = -1 (default)
2022-05-18 08:08:59,020 [Time-limited test] INFO  server.RaftServer (RaftServerProxy.java:addNew(96)) - s1: addNew group-B23F4A4B975A:[s0|rpc:localhost:40531|admin:localhost:44289|client:localhost:35433|dataStream:localhost:42101|priority:0, s1|rpc:localhost:35349|admin:localhost:37277|client:localhost:39633|dataStream:localhost:42717|priority:0, s2|rpc:localhost:36619|admin:localhost:34149|client:localhost:40571|dataStream:localhost:41933|priority:0] returns group-B23F4A4B975A:java.util.concurrent.CompletableFuture@6b38d061[Not completed]
2022-05-18 08:08:59,020 [pool-10-thread-1] INFO  server.RaftServerConfigKeys (ConfUtils.java:logGet(46)) - raft.server.log.purge.upto.snapshot.index = false (default)
2022-05-18 08:08:59,020 [pool-10-thread-1] INFO  server.RaftServerConfigKeys (ConfUtils.java:logGet(46)) - raft.server.retrycache.expirytime = 60s (default)
2022-05-18 08:08:59,020 [pool-11-thread-1] INFO  server.RaftServer$Division (RaftServerImpl.java:<init>(190)) - s1: new RaftServerImpl for group-B23F4A4B975A:[s0|rpc:localhost:40531|admin:localhost:44289|client:localhost:35433|dataStream:localhost:42101|priority:0, s1|rpc:localhost:35349|admin:localhost:37277|client:localhost:39633|dataStream:localhost:42717|priority:0, s2|rpc:localhost:36619|admin:localhost:34149|client:localhost:40571|dataStream:localhost:41933|priority:0] with MultiDataStreamStateMachine:uninitialized
2022-05-18 08:08:59,020 [pool-10-thread-1] INFO  server.RaftServerConfigKeys (ConfUtils.java:logGet(46)) - raft.server.retrycache.statistics.expirytime = 100μs (default)
2022-05-18 08:08:59,022 [Time-limited test] INFO  impl.MiniRaftCluster (MiniRaftCluster.java:newRaftServer(358)) - newRaftServer: s2, group-B23F4A4B975A:[s0|rpc:localhost:40531|admin:localhost:44289|client:localhost:35433|dataStream:localhost:42101|priority:0, s1|rpc:localhost:35349|admin:localhost:37277|client:localhost:39633|dataStream:localhost:42717|priority:0, s2|rpc:localhost:36619|admin:localhost:34149|client:localhost:40571|dataStream:localhost:41933|priority:0], format? true
2022-05-18 08:08:59,023 [Time-limited test] TRACE util.FileUtils (FileUtils.java:deleteFully(162)) - deleteFully target/test/data/b38cb2f0/MiniRaftClusterWithRpcTypeGrpcAndDataStreamTypeNetty7ddc4ffd/s2
2022-05-18 08:08:59,023 [Time-limited test] TRACE util.FileUtils (FileUtils.java:deleteFully(178)) - deleteFully: target/test/data/b38cb2f0/MiniRaftClusterWithRpcTypeGrpcAndDataStreamTypeNetty7ddc4ffd/s2 does not exist.
2022-05-18 08:08:59,023 [Time-limited test] INFO  impl.MiniRaftCluster (MiniRaftCluster.java:newRaftServer(363)) - Formatted directory target/test/data/b38cb2f0/MiniRaftClusterWithRpcTypeGrpcAndDataStreamTypeNetty7ddc4ffd/s2
2022-05-18 08:08:59,024 [Time-limited test] INFO  server.RaftServer (ConfUtils.java:logGet(46)) - raft.rpc.type = GRPC (default)
2022-05-18 08:08:59,024 [Time-limited test] INFO  grpc.GrpcFactory (GrpcFactory.java:checkPooledByteBufAllocatorUseCacheForAllThreads(48)) - PERFORMANCE WARNING: useCacheForAllThreads is true that may cause Netty to create a lot garbage objects and, as a result, trigger GC.
	It is recommended to disable useCacheForAllThreads by setting -Dorg.apache.ratis.thirdparty.io.netty.allocator.useCacheForAllThreads=false in command line.
2022-05-18 08:08:59,024 [Time-limited test] INFO  grpc.GrpcConfigKeys (ConfUtils.java:logGet(46)) - raft.grpc.admin.port = 34149 (custom)
2022-05-18 08:08:59,024 [Time-limited test] INFO  grpc.GrpcConfigKeys (ConfUtils.java:logGet(46)) - raft.grpc.client.port = 40571 (custom)
2022-05-18 08:08:59,024 [Time-limited test] INFO  grpc.GrpcConfigKeys (ConfUtils.java:logGet(46)) - raft.grpc.server.port = 36619 (custom)
2022-05-18 08:08:59,024 [Time-limited test] INFO  server.GrpcService (ConfUtils.java:logGet(46)) - raft.grpc.message.size.max = 64MB (=67108864) (default)
2022-05-18 08:08:59,024 [Time-limited test] INFO  server.RaftServerConfigKeys (ConfUtils.java:logGet(46)) - raft.server.log.appender.buffer.byte-limit = 4MB (=4194304) (default)
2022-05-18 08:08:59,024 [Time-limited test] INFO  server.GrpcService (ConfUtils.java:logGet(46)) - raft.grpc.flow.control.window = 1MB (=1048576) (default)
2022-05-18 08:08:59,024 [Time-limited test] INFO  server.RaftServerConfigKeys (ConfUtils.java:logGet(46)) - raft.server.rpc.request.timeout = 3000ms (default)
2022-05-18 08:08:59,024 [Time-limited test] INFO  grpc.GrpcConfigKeys (ConfUtils.java:logGet(46)) - raft.grpc.server.async.request.thread.pool.cached = true (default)
2022-05-18 08:08:59,024 [pool-10-thread-1] INFO  server.RaftServerConfigKeys (ConfUtils.java:logGet(46)) - raft.server.log.appender.install.snapshot.enabled = true (default)
2022-05-18 08:08:59,024 [pool-10-thread-1] INFO  server.RaftServerConfigKeys (ConfUtils.java:logGet(46)) - raft.server.threadpool.server.cached = true (default)
2022-05-18 08:08:59,024 [pool-10-thread-1] INFO  server.RaftServerConfigKeys (ConfUtils.java:logGet(46)) - raft.server.threadpool.server.size = 0 (default)
2022-05-18 08:08:59,024 [pool-10-thread-1] INFO  server.RaftServerConfigKeys (ConfUtils.java:logGet(46)) - raft.server.threadpool.client.cached = true (default)
2022-05-18 08:08:59,025 [pool-10-thread-1] INFO  server.RaftServerConfigKeys (ConfUtils.java:logGet(46)) - raft.server.threadpool.client.size = 0 (default)
2022-05-18 08:08:59,024 [Time-limited test] INFO  grpc.GrpcConfigKeys (ConfUtils.java:logGet(46)) - raft.grpc.server.async.request.thread.pool.size = 32 (default)
2022-05-18 08:08:59,026 [Time-limited test] INFO  impl.DataStreamServerImpl (ConfUtils.java:logGet(46)) - raft.datastream.type = NETTY (custom)
2022-05-18 08:08:59,026 [Time-limited test] INFO  netty.NettyConfigKeys$DataStream (ConfUtils.java:logGet(46)) - raft.netty.dataStream.server.tls.conf = null (default)
2022-05-18 08:08:59,026 [pool-11-thread-1] INFO  server.RaftServerConfigKeys (ConfUtils.java:logGet(46)) - raft.server.rpc.timeout.min = 150ms (default)
2022-05-18 08:08:59,027 [pool-11-thread-1] INFO  server.RaftServerConfigKeys (ConfUtils.java:logGet(46)) - raft.server.rpc.timeout.max = 300ms (default)
2022-05-18 08:08:59,027 [pool-11-thread-1] INFO  server.RaftServerConfigKeys (ConfUtils.java:logGet(46)) - raft.server.rpc.sleep.time = 25ms (default)
2022-05-18 08:08:59,027 [pool-11-thread-1] INFO  server.RaftServerConfigKeys (ConfUtils.java:logGet(46)) - raft.server.rpc.slowness.timeout = 60s (default)
2022-05-18 08:08:59,027 [pool-11-thread-1] INFO  server.RaftServerConfigKeys (ConfUtils.java:logGet(46)) - raft.server.leaderelection.leader.step-down.wait-time = 10s (default)
2022-05-18 08:08:59,027 [pool-11-thread-1] INFO  server.RaftServerConfigKeys (ConfUtils.java:logGet(46)) - raft.server.sleep.deviation.threshold = 300ms (default)
2022-05-18 08:08:59,027 [pool-11-thread-1] INFO  server.RaftServer$Division (ServerState.java:<init>(107)) - s1@group-B23F4A4B975A: ConfigurationManager, init=-1: [s0|rpc:localhost:40531|admin:localhost:44289|client:localhost:35433|dataStream:localhost:42101|priority:0, s1|rpc:localhost:35349|admin:localhost:37277|client:localhost:39633|dataStream:localhost:42717|priority:0, s2|rpc:localhost:36619|admin:localhost:34149|client:localhost:40571|dataStream:localhost:41933|priority:0], old=null, confs=<EMPTY_MAP>
2022-05-18 08:08:59,027 [pool-11-thread-1] INFO  server.RaftServerConfigKeys (ConfUtils.java:logGet(46)) - raft.server.storage.dir = [/home/runner/work/ratis/ratis/ratis-test/target/test/data/b38cb2f0/MiniRaftClusterWithRpcTypeGrpcAndDataStreamTypeNetty7ddc4ffd/s1] (custom)
2022-05-18 08:08:59,027 [pool-11-thread-1] INFO  server.RaftServerConfigKeys (ConfUtils.java:logGet(46)) - raft.server.log.corruption.policy = EXCEPTION (default)
2022-05-18 08:08:59,027 [pool-11-thread-1] INFO  server.RaftServerConfigKeys (ConfUtils.java:logGet(46)) - raft.server.storage.free-space.min = 0MB (=0) (default)
2022-05-18 08:08:59,028 [pool-11-thread-1] INFO  storage.RaftStorageDirectory (RaftStorageDirectoryImpl.java:analyzeStorage(135)) - The storage directory /home/runner/work/ratis/ratis/ratis-test/target/test/data/b38cb2f0/MiniRaftClusterWithRpcTypeGrpcAndDataStreamTypeNetty7ddc4ffd/s1/6357fb54-ff44-4dab-a55a-b23f4a4b975a does not exist. Creating ...
2022-05-18 08:08:59,028 [pool-11-thread-1] TRACE util.FileUtils (LogUtils.java:runAndLog(49)) - Successfully ran Files.createDirectories /home/runner/work/ratis/ratis/ratis-test/target/test/data/b38cb2f0/MiniRaftClusterWithRpcTypeGrpcAndDataStreamTypeNetty7ddc4ffd/s1/6357fb54-ff44-4dab-a55a-b23f4a4b975a
2022-05-18 08:08:59,027 [Time-limited test] INFO  server.RaftServerConfigKeys (ConfUtils.java:logGet(46)) - raft.server.data-stream.async.request.thread.pool.cached = false (default)
2022-05-18 08:08:59,029 [Time-limited test] INFO  server.RaftServerConfigKeys (ConfUtils.java:logGet(46)) - raft.server.data-stream.async.request.thread.pool.size = 32 (default)
2022-05-18 08:08:59,029 [Time-limited test] INFO  server.RaftServerConfigKeys (ConfUtils.java:logGet(46)) - raft.server.data-stream.async.write.thread.pool.size = 16 (default)
2022-05-18 08:08:59,029 [Time-limited test] INFO  server.RaftServerConfigKeys (ConfUtils.java:logGet(46)) - raft.server.data-stream.client.pool.size = 10 (default)
2022-05-18 08:08:59,029 [Time-limited test] INFO  netty.NettyConfigKeys$DataStream (ConfUtils.java:logGet(46)) - raft.netty.dataStream.server.use-epoll = false (default)
2022-05-18 08:08:59,029 [Time-limited test] INFO  netty.NettyConfigKeys$DataStream (ConfUtils.java:logGet(46)) - raft.netty.dataStream.server.boss-group.size = 0 (default)
2022-05-18 08:08:59,029 [pool-11-thread-1] INFO  storage.RaftStorageDirectory (RaftStorageDirectoryImpl.java:tryLock(230)) - Lock on /home/runner/work/ratis/ratis/ratis-test/target/test/data/b38cb2f0/MiniRaftClusterWithRpcTypeGrpcAndDataStreamTypeNetty7ddc4ffd/s1/6357fb54-ff44-4dab-a55a-b23f4a4b975a/in_use.lock acquired by nodename 19159@fv-az58-550.32bp4kehjaiexiom31oljkjdjg.cx.internal.cloudapp.net
2022-05-18 08:08:59,029 [Time-limited test] INFO  netty.NettyConfigKeys$DataStream (ConfUtils.java:logGet(46)) - raft.netty.dataStream.server.worker-group.size = 0 (default)
2022-05-18 08:08:59,029 [pool-11-thread-1] TRACE util.FileUtils (LogUtils.java:runAndLog(49)) - Successfully ran Files.createDirectories /home/runner/work/ratis/ratis/ratis-test/target/test/data/b38cb2f0/MiniRaftClusterWithRpcTypeGrpcAndDataStreamTypeNetty7ddc4ffd/s1/6357fb54-ff44-4dab-a55a-b23f4a4b975a/current
2022-05-18 08:08:59,030 [Time-limited test] INFO  netty.NettyConfigKeys$DataStream (ConfUtils.java:logGet(46)) - raft.netty.dataStream.port = 41933 (custom)
2022-05-18 08:08:59,030 [pool-11-thread-1] TRACE util.FileUtils (LogUtils.java:runAndLog(49)) - Successfully ran Files.createDirectories /home/runner/work/ratis/ratis/ratis-test/target/test/data/b38cb2f0/MiniRaftClusterWithRpcTypeGrpcAndDataStreamTypeNetty7ddc4ffd/s1/6357fb54-ff44-4dab-a55a-b23f4a4b975a/sm
2022-05-18 08:08:59,031 [pool-11-thread-1] INFO  storage.RaftStorage (RaftStorageImpl.java:format(89)) - Storage directory /home/runner/work/ratis/ratis/ratis-test/target/test/data/b38cb2f0/MiniRaftClusterWithRpcTypeGrpcAndDataStreamTypeNetty7ddc4ffd/s1/6357fb54-ff44-4dab-a55a-b23f4a4b975a has been successfully formatted.
2022-05-18 08:08:59,031 [pool-11-thread-1] INFO  server.RaftServerConfigKeys (ConfUtils.java:logGet(46)) - raft.server.notification.no-leader.timeout = 60s (default)
2022-05-18 08:08:59,031 [pool-11-thread-1] INFO  server.RaftServerConfigKeys (ConfUtils.java:logGet(46)) - raft.server.log.use.memory = false (default)
2022-05-18 08:08:59,031 [pool-11-thread-1] INFO  server.RaftServerConfigKeys (ConfUtils.java:logGet(46)) - raft.server.log.purge.gap = 1024 (default)
2022-05-18 08:08:59,031 [pool-11-thread-1] INFO  server.RaftServerConfigKeys (ConfUtils.java:logGet(46)) - raft.server.log.appender.buffer.byte-limit = 4MB (=4194304) (default)
2022-05-18 08:08:59,031 [pool-11-thread-1] INFO  server.RaftServerConfigKeys (ConfUtils.java:logGet(46)) - raft.server.log.statemachine.data.read.timeout = 1000ms (default)
2022-05-18 08:08:59,032 [pool-11-thread-1] INFO  server.RaftServerConfigKeys (ConfUtils.java:logGet(46)) - raft.server.log.segment.size.max = 8MB (=8388608) (default)
2022-05-18 08:08:59,032 [pool-11-thread-1] INFO  server.RaftServerConfigKeys (ConfUtils.java:logGet(46)) - raft.server.log.segment.cache.num.max = 6 (default)
2022-05-18 08:08:59,032 [pool-11-thread-1] INFO  server.RaftServerConfigKeys (ConfUtils.java:logGet(46)) - raft.server.log.segment.cache.size.max = 200MB (=209715200) (default)
2022-05-18 08:08:59,032 [pool-11-thread-1] INFO  segmented.SegmentedRaftLogWorker (SegmentedRaftLogWorker.java:<init>(187)) - new s1@group-B23F4A4B975A-SegmentedRaftLogWorker for RaftStorageImpl:Storage Directory /home/runner/work/ratis/ratis/ratis-test/target/test/data/b38cb2f0/MiniRaftClusterWithRpcTypeGrpcAndDataStreamTypeNetty7ddc4ffd/s1/6357fb54-ff44-4dab-a55a-b23f4a4b975a
2022-05-18 08:08:59,032 [pool-11-thread-1] INFO  server.RaftServerConfigKeys (ConfUtils.java:logGet(46)) - raft.server.log.queue.byte-limit = 64MB (=67108864) (default)
2022-05-18 08:08:59,032 [pool-11-thread-1] INFO  server.RaftServerConfigKeys (ConfUtils.java:logGet(46)) - raft.server.log.queue.element-limit = 4096 (default)
2022-05-18 08:08:59,033 [pool-11-thread-1] INFO  server.RaftServerConfigKeys (ConfUtils.java:logGet(46)) - raft.server.log.segment.size.max = 8MB (=8388608) (default)
2022-05-18 08:08:59,033 [pool-11-thread-1] INFO  server.RaftServerConfigKeys (ConfUtils.java:logGet(46)) - raft.server.log.preallocated.size = 4MB (=4194304) (default)
2022-05-18 08:08:59,033 [pool-11-thread-1] INFO  server.RaftServerConfigKeys (ConfUtils.java:logGet(46)) - raft.server.log.force.sync.num = 128 (default)
2022-05-18 08:08:59,033 [pool-11-thread-1] INFO  server.RaftServerConfigKeys (ConfUtils.java:logGet(46)) - raft.server.log.statemachine.data.sync = true (default)
2022-05-18 08:08:59,033 [pool-11-thread-1] INFO  server.RaftServerConfigKeys (ConfUtils.java:logGet(46)) - raft.server.log.statemachine.data.sync.timeout = 10s (default)
2022-05-18 08:08:59,033 [pool-11-thread-1] INFO  server.RaftServerConfigKeys (ConfUtils.java:logGet(46)) - raft.server.log.statemachine.data.sync.timeout.retry = -1 (default)
2022-05-18 08:08:59,033 [Time-limited test] INFO  server.RaftServerConfigKeys (ConfUtils.java:logGet(46)) - raft.server.threadpool.proxy.cached = true (default)
2022-05-18 08:08:59,034 [Time-limited test] INFO  server.RaftServerConfigKeys (ConfUtils.java:logGet(46)) - raft.server.threadpool.proxy.size = 0 (default)
2022-05-18 08:08:59,034 [Time-limited test] INFO  server.RaftServerConfigKeys (ConfUtils.java:logGet(46)) - raft.server.rpc.slowness.timeout = 60s (default)
2022-05-18 08:08:59,034 [Time-limited test] INFO  server.RaftServerConfigKeys (ConfUtils.java:logGet(46)) - raft.server.leaderelection.leader.step-down.wait-time = 10s (default)
2022-05-18 08:08:59,034 [Time-limited test] INFO  server.RaftServerConfigKeys (ConfUtils.java:logGet(46)) - raft.server.storage.dir = [/home/runner/work/ratis/ratis/ratis-test/target/test/data/b38cb2f0/MiniRaftClusterWithRpcTypeGrpcAndDataStreamTypeNetty7ddc4ffd/s2] (custom)
2022-05-18 08:08:59,034 [pool-11-thread-1] INFO  server.RaftServerConfigKeys (ConfUtils.java:logGet(46)) - raft.server.log.write.buffer.size = 64KB (=65536) (default)
2022-05-18 08:08:59,034 [pool-11-thread-1] INFO  server.RaftServerConfigKeys (ConfUtils.java:logGet(46)) - raft.server.log.unsafe-flush.enabled = false (default)
2022-05-18 08:08:59,034 [pool-11-thread-1] INFO  server.RaftServerConfigKeys (ConfUtils.java:logGet(46)) - raft.server.log.statemachine.data.caching.enabled = false (default)
2022-05-18 08:08:59,035 [pool-11-thread-1] INFO  segmented.SegmentedRaftLogWorker (SegmentedRaftLogWorker.java:lambda$new$0(135)) - s1@group-B23F4A4B975A-SegmentedRaftLogWorker: flushIndex: setUnconditionally 0 -> -1
2022-05-18 08:08:59,035 [pool-11-thread-1] INFO  segmented.SegmentedRaftLogWorker (SegmentedRaftLogWorker.java:lambda$new$0(135)) - s1@group-B23F4A4B975A-SegmentedRaftLogWorker: safeCacheEvictIndex: setUnconditionally 0 -> -1
2022-05-18 08:08:59,035 [s2-NettyServerStreamRpc-bossGroup--thread1] INFO  logging.LoggingHandler (AbstractInternalLogger.java:log(148)) - [id: 0x5910cc70] REGISTERED
2022-05-18 08:08:59,035 [s2-NettyServerStreamRpc-bossGroup--thread1] INFO  logging.LoggingHandler (AbstractInternalLogger.java:log(148)) - [id: 0x5910cc70] BIND: 0.0.0.0/0.0.0.0:41933
2022-05-18 08:08:59,035 [s2-NettyServerStreamRpc-bossGroup--thread1] INFO  logging.LoggingHandler (AbstractInternalLogger.java:log(148)) - [id: 0x5910cc70, L:/0.0.0.0:41933] ACTIVE
2022-05-18 08:08:59,036 [pool-11-thread-1] INFO  server.RaftServerConfigKeys (ConfUtils.java:logGet(46)) - raft.server.snapshot.auto.trigger.enabled = false (default)
2022-05-18 08:08:59,036 [pool-11-thread-1] INFO  server.RaftServerConfigKeys (ConfUtils.java:logGet(46)) - raft.server.snapshot.retention.file.num = -1 (default)
2022-05-18 08:08:59,036 [pool-11-thread-1] INFO  server.RaftServerConfigKeys (ConfUtils.java:logGet(46)) - raft.server.log.purge.upto.snapshot.index = false (default)
2022-05-18 08:08:59,036 [Time-limited test] INFO  server.RaftServer (RaftServerProxy.java:addNew(96)) - s2: addNew group-B23F4A4B975A:[s0|rpc:localhost:40531|admin:localhost:44289|client:localhost:35433|dataStream:localhost:42101|priority:0, s1|rpc:localhost:35349|admin:localhost:37277|client:localhost:39633|dataStream:localhost:42717|priority:0, s2|rpc:localhost:36619|admin:localhost:34149|client:localhost:40571|dataStream:localhost:41933|priority:0] returns group-B23F4A4B975A:java.util.concurrent.CompletableFuture@caff1c[Not completed]
2022-05-18 08:08:59,036 [pool-11-thread-1] INFO  server.RaftServerConfigKeys (ConfUtils.java:logGet(46)) - raft.server.retrycache.expirytime = 60s (default)
2022-05-18 08:08:59,036 [pool-11-thread-1] INFO  server.RaftServerConfigKeys (ConfUtils.java:logGet(46)) - raft.server.retrycache.statistics.expirytime = 100μs (default)
2022-05-18 08:08:59,037 [s0-impl-thread1] INFO  server.RaftServer$Division (RaftServerImpl.java:start(310)) - s0@group-B23F4A4B975A: start as a follower, conf=-1: [s0|rpc:localhost:40531|admin:localhost:44289|client:localhost:35433|dataStream:localhost:42101|priority:0, s1|rpc:localhost:35349|admin:localhost:37277|client:localhost:39633|dataStream:localhost:42717|priority:0, s2|rpc:localhost:36619|admin:localhost:34149|client:localhost:40571|dataStream:localhost:41933|priority:0], old=null
2022-05-18 08:08:59,037 [pool-11-thread-1] INFO  server.RaftServerConfigKeys (ConfUtils.java:logGet(46)) - raft.server.log.appender.install.snapshot.enabled = true (default)
2022-05-18 08:08:59,038 [pool-11-thread-1] INFO  server.RaftServerConfigKeys (ConfUtils.java:logGet(46)) - raft.server.threadpool.server.cached = true (default)
2022-05-18 08:08:59,038 [pool-11-thread-1] INFO  server.RaftServerConfigKeys (ConfUtils.java:logGet(46)) - raft.server.threadpool.server.size = 0 (default)
2022-05-18 08:08:59,038 [pool-11-thread-1] INFO  server.RaftServerConfigKeys (ConfUtils.java:logGet(46)) - raft.server.threadpool.client.cached = true (default)
2022-05-18 08:08:59,038 [pool-11-thread-1] INFO  server.RaftServerConfigKeys (ConfUtils.java:logGet(46)) - raft.server.threadpool.client.size = 0 (default)
2022-05-18 08:08:59,037 [pool-12-thread-1] INFO  server.RaftServer$Division (RaftServerImpl.java:<init>(190)) - s2: new RaftServerImpl for group-B23F4A4B975A:[s0|rpc:localhost:40531|admin:localhost:44289|client:localhost:35433|dataStream:localhost:42101|priority:0, s1|rpc:localhost:35349|admin:localhost:37277|client:localhost:39633|dataStream:localhost:42717|priority:0, s2|rpc:localhost:36619|admin:localhost:34149|client:localhost:40571|dataStream:localhost:41933|priority:0] with MultiDataStreamStateMachine:uninitialized
2022-05-18 08:08:59,038 [s0-impl-thread1] INFO  server.RaftServer$Division (RaftServerImpl.java:setRole(299)) - s0@group-B23F4A4B975A: changes role from      null to FOLLOWER at term 0 for startAsFollower
2022-05-18 08:08:59,039 [pool-12-thread-1] INFO  server.RaftServerConfigKeys (ConfUtils.java:logGet(46)) - raft.server.rpc.timeout.min = 150ms (default)
2022-05-18 08:08:59,040 [s0-impl-thread1] INFO  impl.RoleInfo (RoleInfo.java:updateAndGet(139)) - s0: start s0@group-B23F4A4B975A-FollowerState
2022-05-18 08:08:59,040 [pool-12-thread-1] INFO  server.RaftServerConfigKeys (ConfUtils.java:logGet(46)) - raft.server.rpc.timeout.max = 300ms (default)
2022-05-18 08:08:59,040 [pool-12-thread-1] INFO  server.RaftServerConfigKeys (ConfUtils.java:logGet(46)) - raft.server.rpc.sleep.time = 25ms (default)
2022-05-18 08:08:59,040 [pool-12-thread-1] INFO  server.RaftServerConfigKeys (ConfUtils.java:logGet(46)) - raft.server.rpc.slowness.timeout = 60s (default)
2022-05-18 08:08:59,040 [pool-12-thread-1] INFO  server.RaftServerConfigKeys (ConfUtils.java:logGet(46)) - raft.server.leaderelection.leader.step-down.wait-time = 10s (default)
2022-05-18 08:08:59,040 [pool-12-thread-1] INFO  server.RaftServerConfigKeys (ConfUtils.java:logGet(46)) - raft.server.sleep.deviation.threshold = 300ms (default)
2022-05-18 08:08:59,040 [pool-12-thread-1] INFO  server.RaftServer$Division (ServerState.java:<init>(107)) - s2@group-B23F4A4B975A: ConfigurationManager, init=-1: [s0|rpc:localhost:40531|admin:localhost:44289|client:localhost:35433|dataStream:localhost:42101|priority:0, s1|rpc:localhost:35349|admin:localhost:37277|client:localhost:39633|dataStream:localhost:42717|priority:0, s2|rpc:localhost:36619|admin:localhost:34149|client:localhost:40571|dataStream:localhost:41933|priority:0], old=null, confs=<EMPTY_MAP>
2022-05-18 08:08:59,040 [pool-12-thread-1] INFO  server.RaftServerConfigKeys (ConfUtils.java:logGet(46)) - raft.server.storage.dir = [/home/runner/work/ratis/ratis/ratis-test/target/test/data/b38cb2f0/MiniRaftClusterWithRpcTypeGrpcAndDataStreamTypeNetty7ddc4ffd/s2] (custom)
2022-05-18 08:08:59,040 [pool-12-thread-1] INFO  server.RaftServerConfigKeys (ConfUtils.java:logGet(46)) - raft.server.log.corruption.policy = EXCEPTION (default)
2022-05-18 08:08:59,040 [pool-12-thread-1] INFO  server.RaftServerConfigKeys (ConfUtils.java:logGet(46)) - raft.server.storage.free-space.min = 0MB (=0) (default)
2022-05-18 08:08:59,040 [pool-12-thread-1] INFO  storage.RaftStorageDirectory (RaftStorageDirectoryImpl.java:analyzeStorage(135)) - The storage directory /home/runner/work/ratis/ratis/ratis-test/target/test/data/b38cb2f0/MiniRaftClusterWithRpcTypeGrpcAndDataStreamTypeNetty7ddc4ffd/s2/6357fb54-ff44-4dab-a55a-b23f4a4b975a does not exist. Creating ...
2022-05-18 08:08:59,041 [pool-12-thread-1] TRACE util.FileUtils (LogUtils.java:runAndLog(49)) - Successfully ran Files.createDirectories /home/runner/work/ratis/ratis/ratis-test/target/test/data/b38cb2f0/MiniRaftClusterWithRpcTypeGrpcAndDataStreamTypeNetty7ddc4ffd/s2/6357fb54-ff44-4dab-a55a-b23f4a4b975a
2022-05-18 08:08:59,041 [s0-impl-thread1] INFO  util.JmxRegister (JmxRegister.java:tryRegister(44)) - Successfully registered JMX Bean with object name Ratis:service=RaftServer,group=group-B23F4A4B975A,id=s0
2022-05-18 08:08:59,042 [pool-12-thread-1] INFO  storage.RaftStorageDirectory (RaftStorageDirectoryImpl.java:tryLock(230)) - Lock on /home/runner/work/ratis/ratis/ratis-test/target/test/data/b38cb2f0/MiniRaftClusterWithRpcTypeGrpcAndDataStreamTypeNetty7ddc4ffd/s2/6357fb54-ff44-4dab-a55a-b23f4a4b975a/in_use.lock acquired by nodename 19159@fv-az58-550.32bp4kehjaiexiom31oljkjdjg.cx.internal.cloudapp.net
2022-05-18 08:08:59,042 [pool-12-thread-1] TRACE util.FileUtils (LogUtils.java:runAndLog(49)) - Successfully ran Files.createDirectories /home/runner/work/ratis/ratis/ratis-test/target/test/data/b38cb2f0/MiniRaftClusterWithRpcTypeGrpcAndDataStreamTypeNetty7ddc4ffd/s2/6357fb54-ff44-4dab-a55a-b23f4a4b975a/current
2022-05-18 08:08:59,042 [pool-12-thread-1] TRACE util.FileUtils (LogUtils.java:runAndLog(49)) - Successfully ran Files.createDirectories /home/runner/work/ratis/ratis/ratis-test/target/test/data/b38cb2f0/MiniRaftClusterWithRpcTypeGrpcAndDataStreamTypeNetty7ddc4ffd/s2/6357fb54-ff44-4dab-a55a-b23f4a4b975a/sm
2022-05-18 08:08:59,043 [Time-limited test] INFO  server.RaftServer (RaftServerProxy.java:lambda$start$6(382)) - s0: start RPC server
2022-05-18 08:08:59,043 [pool-12-thread-1] INFO  storage.RaftStorage (RaftStorageImpl.java:format(89)) - Storage directory /home/runner/work/ratis/ratis/ratis-test/target/test/data/b38cb2f0/MiniRaftClusterWithRpcTypeGrpcAndDataStreamTypeNetty7ddc4ffd/s2/6357fb54-ff44-4dab-a55a-b23f4a4b975a has been successfully formatted.
2022-05-18 08:08:59,044 [pool-12-thread-1] INFO  server.RaftServerConfigKeys (ConfUtils.java:logGet(46)) - raft.server.notification.no-leader.timeout = 60s (default)
2022-05-18 08:08:59,044 [pool-12-thread-1] INFO  server.RaftServerConfigKeys (ConfUtils.java:logGet(46)) - raft.server.log.use.memory = false (default)
2022-05-18 08:08:59,051 [Time-limited test] INFO  server.GrpcService (GrpcService.java:startImpl(260)) - s0: GrpcService started, listening on 40531
2022-05-18 08:08:59,052 [pool-12-thread-1] INFO  server.RaftServerConfigKeys (ConfUtils.java:logGet(46)) - raft.server.log.purge.gap = 1024 (default)
2022-05-18 08:08:59,052 [pool-12-thread-1] INFO  server.RaftServerConfigKeys (ConfUtils.java:logGet(46)) - raft.server.log.appender.buffer.byte-limit = 4MB (=4194304) (default)
2022-05-18 08:08:59,052 [pool-12-thread-1] INFO  server.RaftServerConfigKeys (ConfUtils.java:logGet(46)) - raft.server.log.statemachine.data.read.timeout = 1000ms (default)
2022-05-18 08:08:59,052 [pool-12-thread-1] INFO  server.RaftServerConfigKeys (ConfUtils.java:logGet(46)) - raft.server.log.segment.size.max = 8MB (=8388608) (default)
2022-05-18 08:08:59,052 [pool-12-thread-1] INFO  server.RaftServerConfigKeys (ConfUtils.java:logGet(46)) - raft.server.log.segment.cache.num.max = 6 (default)
2022-05-18 08:08:59,052 [pool-12-thread-1] INFO  server.RaftServerConfigKeys (ConfUtils.java:logGet(46)) - raft.server.log.segment.cache.size.max = 200MB (=209715200) (default)
2022-05-18 08:08:59,053 [pool-12-thread-1] INFO  segmented.SegmentedRaftLogWorker (SegmentedRaftLogWorker.java:<init>(187)) - new s2@group-B23F4A4B975A-SegmentedRaftLogWorker for RaftStorageImpl:Storage Directory /home/runner/work/ratis/ratis/ratis-test/target/test/data/b38cb2f0/MiniRaftClusterWithRpcTypeGrpcAndDataStreamTypeNetty7ddc4ffd/s2/6357fb54-ff44-4dab-a55a-b23f4a4b975a
2022-05-18 08:08:59,053 [pool-12-thread-1] INFO  server.RaftServerConfigKeys (ConfUtils.java:logGet(46)) - raft.server.log.queue.byte-limit = 64MB (=67108864) (default)
2022-05-18 08:08:59,053 [pool-12-thread-1] INFO  server.RaftServerConfigKeys (ConfUtils.java:logGet(46)) - raft.server.log.queue.element-limit = 4096 (default)
2022-05-18 08:08:59,053 [pool-12-thread-1] INFO  server.RaftServerConfigKeys (ConfUtils.java:logGet(46)) - raft.server.log.segment.size.max = 8MB (=8388608) (default)
2022-05-18 08:08:59,053 [pool-12-thread-1] INFO  server.RaftServerConfigKeys (ConfUtils.java:logGet(46)) - raft.server.log.preallocated.size = 4MB (=4194304) (default)
2022-05-18 08:08:59,053 [pool-12-thread-1] INFO  server.RaftServerConfigKeys (ConfUtils.java:logGet(46)) - raft.server.log.force.sync.num = 128 (default)
2022-05-18 08:08:59,053 [pool-12-thread-1] INFO  server.RaftServerConfigKeys (ConfUtils.java:logGet(46)) - raft.server.log.statemachine.data.sync = true (default)
2022-05-18 08:08:59,053 [pool-12-thread-1] INFO  server.RaftServerConfigKeys (ConfUtils.java:logGet(46)) - raft.server.log.statemachine.data.sync.timeout = 10s (default)
2022-05-18 08:08:59,053 [pool-12-thread-1] INFO  server.RaftServerConfigKeys (ConfUtils.java:logGet(46)) - raft.server.log.statemachine.data.sync.timeout.retry = -1 (default)
2022-05-18 08:08:59,053 [pool-12-thread-1] INFO  server.RaftServerConfigKeys (ConfUtils.java:logGet(46)) - raft.server.log.write.buffer.size = 64KB (=65536) (default)
2022-05-18 08:08:59,053 [pool-12-thread-1] INFO  server.RaftServerConfigKeys (ConfUtils.java:logGet(46)) - raft.server.log.unsafe-flush.enabled = false (default)
2022-05-18 08:08:59,054 [pool-12-thread-1] INFO  server.RaftServerConfigKeys (ConfUtils.java:logGet(46)) - raft.server.log.statemachine.data.caching.enabled = false (default)
2022-05-18 08:08:59,054 [pool-12-thread-1] INFO  segmented.SegmentedRaftLogWorker (SegmentedRaftLogWorker.java:lambda$new$0(135)) - s2@group-B23F4A4B975A-SegmentedRaftLogWorker: flushIndex: setUnconditionally 0 -> -1
2022-05-18 08:08:59,054 [pool-12-thread-1] INFO  segmented.SegmentedRaftLogWorker (SegmentedRaftLogWorker.java:lambda$new$0(135)) - s2@group-B23F4A4B975A-SegmentedRaftLogWorker: safeCacheEvictIndex: setUnconditionally 0 -> -1
2022-05-18 08:08:59,054 [pool-12-thread-1] INFO  server.RaftServerConfigKeys (ConfUtils.java:logGet(46)) - raft.server.snapshot.auto.trigger.enabled = false (default)
2022-05-18 08:08:59,054 [pool-12-thread-1] INFO  server.RaftServerConfigKeys (ConfUtils.java:logGet(46)) - raft.server.snapshot.retention.file.num = -1 (default)
2022-05-18 08:08:59,054 [pool-12-thread-1] INFO  server.RaftServerConfigKeys (ConfUtils.java:logGet(46)) - raft.server.log.purge.upto.snapshot.index = false (default)
2022-05-18 08:08:59,054 [pool-12-thread-1] INFO  server.RaftServerConfigKeys (ConfUtils.java:logGet(46)) - raft.server.retrycache.expirytime = 60s (default)
2022-05-18 08:08:59,054 [pool-12-thread-1] INFO  server.RaftServerConfigKeys (ConfUtils.java:logGet(46)) - raft.server.retrycache.statistics.expirytime = 100μs (default)
2022-05-18 08:08:59,055 [pool-12-thread-1] INFO  server.RaftServerConfigKeys (ConfUtils.java:logGet(46)) - raft.server.log.appender.install.snapshot.enabled = true (default)
2022-05-18 08:08:59,055 [pool-12-thread-1] INFO  server.RaftServerConfigKeys (ConfUtils.java:logGet(46)) - raft.server.threadpool.server.cached = true (default)
2022-05-18 08:08:59,055 [pool-12-thread-1] INFO  server.RaftServerConfigKeys (ConfUtils.java:logGet(46)) - raft.server.threadpool.server.size = 0 (default)
2022-05-18 08:08:59,055 [pool-12-thread-1] INFO  server.RaftServerConfigKeys (ConfUtils.java:logGet(46)) - raft.server.threadpool.client.cached = true (default)
2022-05-18 08:08:59,055 [pool-12-thread-1] INFO  server.RaftServerConfigKeys (ConfUtils.java:logGet(46)) - raft.server.threadpool.client.size = 0 (default)
2022-05-18 08:08:59,058 [Time-limited test] INFO  server.GrpcService (GrpcService.java:startImpl(260)) - s0: GrpcService started, listening on 44289
2022-05-18 08:08:59,063 [Time-limited test] INFO  server.GrpcService (GrpcService.java:startImpl(260)) - s0: GrpcService started, listening on 35433
2022-05-18 08:08:59,063 [s1-impl-thread1] INFO  server.RaftServer$Division (RaftServerImpl.java:start(310)) - s1@group-B23F4A4B975A: start as a follower, conf=-1: [s0|rpc:localhost:40531|admin:localhost:44289|client:localhost:35433|dataStream:localhost:42101|priority:0, s1|rpc:localhost:35349|admin:localhost:37277|client:localhost:39633|dataStream:localhost:42717|priority:0, s2|rpc:localhost:36619|admin:localhost:34149|client:localhost:40571|dataStream:localhost:41933|priority:0], old=null
2022-05-18 08:08:59,063 [s1-impl-thread1] INFO  server.RaftServer$Division (RaftServerImpl.java:setRole(299)) - s1@group-B23F4A4B975A: changes role from      null to FOLLOWER at term 0 for startAsFollower
2022-05-18 08:08:59,063 [org.apache.ratis.util.JvmPauseMonitor$$Lambda$270/696363646@b140e97] INFO  util.JvmPauseMonitor (JvmPauseMonitor.java:run(103)) - JvmPauseMonitor-s0: Started
2022-05-18 08:08:59,063 [s1-impl-thread1] INFO  impl.RoleInfo (RoleInfo.java:updateAndGet(139)) - s1: start s1@group-B23F4A4B975A-FollowerState
2022-05-18 08:08:59,064 [s1-impl-thread1] INFO  util.JmxRegister (JmxRegister.java:tryRegister(44)) - Successfully registered JMX Bean with object name Ratis:service=RaftServer,group=group-B23F4A4B975A,id=s1
2022-05-18 08:08:59,065 [Time-limited test] INFO  server.RaftServer (RaftServerProxy.java:lambda$start$6(382)) - s1: start RPC server
2022-05-18 08:08:59,070 [Time-limited test] INFO  server.GrpcService (GrpcService.java:startImpl(260)) - s1: GrpcService started, listening on 35349
2022-05-18 08:08:59,072 [Time-limited test] INFO  server.GrpcService (GrpcService.java:startImpl(260)) - s1: GrpcService started, listening on 37277
2022-05-18 08:08:59,074 [Time-limited test] INFO  server.GrpcService (GrpcService.java:startImpl(260)) - s1: GrpcService started, listening on 39633
2022-05-18 08:08:59,075 [s2-impl-thread1] INFO  server.RaftServer$Division (RaftServerImpl.java:start(310)) - s2@group-B23F4A4B975A: start as a follower, conf=-1: [s0|rpc:localhost:40531|admin:localhost:44289|client:localhost:35433|dataStream:localhost:42101|priority:0, s1|rpc:localhost:35349|admin:localhost:37277|client:localhost:39633|dataStream:localhost:42717|priority:0, s2|rpc:localhost:36619|admin:localhost:34149|client:localhost:40571|dataStream:localhost:41933|priority:0], old=null
2022-05-18 08:08:59,075 [s2-impl-thread1] INFO  server.RaftServer$Division (RaftServerImpl.java:setRole(299)) - s2@group-B23F4A4B975A: changes role from      null to FOLLOWER at term 0 for startAsFollower
2022-05-18 08:08:59,076 [s2-impl-thread1] INFO  impl.RoleInfo (RoleInfo.java:updateAndGet(139)) - s2: start s2@group-B23F4A4B975A-FollowerState
2022-05-18 08:08:59,078 [s2-impl-thread1] INFO  util.JmxRegister (JmxRegister.java:tryRegister(44)) - Successfully registered JMX Bean with object name Ratis:service=RaftServer,group=group-B23F4A4B975A,id=s2
2022-05-18 08:08:59,079 [Time-limited test] INFO  server.RaftServer (RaftServerProxy.java:lambda$start$6(382)) - s2: start RPC server
2022-05-18 08:08:59,085 [Time-limited test] INFO  server.GrpcService (GrpcService.java:startImpl(260)) - s2: GrpcService started, listening on 36619
2022-05-18 08:08:59,087 [org.apache.ratis.util.JvmPauseMonitor$$Lambda$270/696363646@7d6e28c6] INFO  util.JvmPauseMonitor (JvmPauseMonitor.java:run(103)) - JvmPauseMonitor-s1: Started
2022-05-18 08:08:59,087 [Time-limited test] INFO  server.GrpcService (GrpcService.java:startImpl(260)) - s2: GrpcService started, listening on 34149
2022-05-18 08:08:59,089 [Time-limited test] INFO  server.GrpcService (GrpcService.java:startImpl(260)) - s2: GrpcService started, listening on 40571
2022-05-18 08:08:59,090 [org.apache.ratis.util.JvmPauseMonitor$$Lambda$270/696363646@46ba1d75] INFO  util.JvmPauseMonitor (JvmPauseMonitor.java:run(103)) - JvmPauseMonitor-s2: Started
2022-05-18 08:08:59,090 [Time-limited test] INFO  server.RaftServerConfigKeys (ConfUtils.java:logGet(46)) - raft.server.rpc.timeout.max = 300ms (default)
2022-05-18 08:08:59,090 [Time-limited test] INFO  ratis.RaftTestUtil (RaftTestUtil.java:waitForLeader(100)) - printing ALL groups
  s0:  RUNNING  FOLLOWER s0@group-B23F4A4B975A:t0, leader=null, voted=, raftlog=s0@group-B23F4A4B975A-SegmentedRaftLog:OPENED:c-1, conf=-1: [s0|rpc:localhost:40531|admin:localhost:44289|client:localhost:35433|dataStream:localhost:42101|priority:0, s1|rpc:localhost:35349|admin:localhost:37277|client:localhost:39633|dataStream:localhost:42717|priority:0, s2|rpc:localhost:36619|admin:localhost:34149|client:localhost:40571|dataStream:localhost:41933|priority:0], old=null RUNNING
  s1:  RUNNING  FOLLOWER s1@group-B23F4A4B975A:t0, leader=null, voted=, raftlog=s1@group-B23F4A4B975A-SegmentedRaftLog:OPENED:c-1, conf=-1: [s0|rpc:localhost:40531|admin:localhost:44289|client:localhost:35433|dataStream:localhost:42101|priority:0, s1|rpc:localhost:35349|admin:localhost:37277|client:localhost:39633|dataStream:localhost:42717|priority:0, s2|rpc:localhost:36619|admin:localhost:34149|client:localhost:40571|dataStream:localhost:41933|priority:0], old=null RUNNING
  s2:  RUNNING  FOLLOWER s2@group-B23F4A4B975A:t0, leader=null, voted=, raftlog=s2@group-B23F4A4B975A-SegmentedRaftLog:OPENED:c-1, conf=-1: [s0|rpc:localhost:40531|admin:localhost:44289|client:localhost:35433|dataStream:localhost:42101|priority:0, s1|rpc:localhost:35349|admin:localhost:37277|client:localhost:39633|dataStream:localhost:42717|priority:0, s2|rpc:localhost:36619|admin:localhost:34149|client:localhost:40571|dataStream:localhost:41933|priority:0], old=null RUNNING
2022-05-18 08:08:59,090 [Time-limited test] WARN  ratis.RaftTestUtil (JavaUtils.java:attempt(172)) - FAILED "waitForLeader-null-(expectLeader? true)", attempt #1/100: java.lang.IllegalStateException: No leader yet : printing ALL groups
  s0:  RUNNING  FOLLOWER s0@group-B23F4A4B975A:t0, leader=null, voted=, raftlog=s0@group-B23F4A4B975A-SegmentedRaftLog:OPENED:c-1, conf=-1: [s0|rpc:localhost:40531|admin:localhost:44289|client:localhost:35433|dataStream:localhost:42101|priority:0, s1|rpc:localhost:35349|admin:localhost:37277|client:localhost:39633|dataStream:localhost:42717|priority:0, s2|rpc:localhost:36619|admin:localhost:34149|client:localhost:40571|dataStream:localhost:41933|priority:0], old=null RUNNING
  s1:  RUNNING  FOLLOWER s1@group-B23F4A4B975A:t0, leader=null, voted=, raftlog=s1@group-B23F4A4B975A-SegmentedRaftLog:OPENED:c-1, conf=-1: [s0|rpc:localhost:40531|admin:localhost:44289|client:localhost:35433|dataStream:localhost:42101|priority:0, s1|rpc:localhost:35349|admin:localhost:37277|client:localhost:39633|dataStream:localhost:42717|priority:0, s2|rpc:localhost:36619|admin:localhost:34149|client:localhost:40571|dataStream:localhost:41933|priority:0], old=null RUNNING
  s2:  RUNNING  FOLLOWER s2@group-B23F4A4B975A:t0, leader=null, voted=, raftlog=s2@group-B23F4A4B975A-SegmentedRaftLog:OPENED:c-1, conf=-1: [s0|rpc:localhost:40531|admin:localhost:44289|client:localhost:35433|dataStream:localhost:42101|priority:0, s1|rpc:localhost:35349|admin:localhost:37277|client:localhost:39633|dataStream:localhost:42717|priority:0, s2|rpc:localhost:36619|admin:localhost:34149|client:localhost:40571|dataStream:localhost:41933|priority:0], old=null RUNNING, sleep 450ms and then retry.
java.lang.IllegalStateException: No leader yet : printing ALL groups
  s0:  RUNNING  FOLLOWER s0@group-B23F4A4B975A:t0, leader=null, voted=, raftlog=s0@group-B23F4A4B975A-SegmentedRaftLog:OPENED:c-1, conf=-1: [s0|rpc:localhost:40531|admin:localhost:44289|client:localhost:35433|dataStream:localhost:42101|priority:0, s1|rpc:localhost:35349|admin:localhost:37277|client:localhost:39633|dataStream:localhost:42717|priority:0, s2|rpc:localhost:36619|admin:localhost:34149|client:localhost:40571|dataStream:localhost:41933|priority:0], old=null RUNNING
  s1:  RUNNING  FOLLOWER s1@group-B23F4A4B975A:t0, leader=null, voted=, raftlog=s1@group-B23F4A4B975A-SegmentedRaftLog:OPENED:c-1, conf=-1: [s0|rpc:localhost:40531|admin:localhost:44289|client:localhost:35433|dataStream:localhost:42101|priority:0, s1|rpc:localhost:35349|admin:localhost:37277|client:localhost:39633|dataStream:localhost:42717|priority:0, s2|rpc:localhost:36619|admin:localhost:34149|client:localhost:40571|dataStream:localhost:41933|priority:0], old=null RUNNING
  s2:  RUNNING  FOLLOWER s2@group-B23F4A4B975A:t0, leader=null, voted=, raftlog=s2@group-B23F4A4B975A-SegmentedRaftLog:OPENED:c-1, conf=-1: [s0|rpc:localhost:40531|admin:localhost:44289|client:localhost:35433|dataStream:localhost:42101|priority:0, s1|rpc:localhost:35349|admin:localhost:37277|client:localhost:39633|dataStream:localhost:42717|priority:0, s2|rpc:localhost:36619|admin:localhost:34149|client:localhost:40571|dataStream:localhost:41933|priority:0], old=null RUNNING
	at org.apache.ratis.server.impl.MiniRaftCluster.newIllegalStateExceptionForNoLeaders(MiniRaftCluster.java:533)
	at org.apache.ratis.RaftTestUtil.lambda$waitForLeader$1(RaftTestUtil.java:104)
	at org.apache.ratis.server.impl.MiniRaftCluster.getLeader(MiniRaftCluster.java:567)
	at org.apache.ratis.server.impl.MiniRaftCluster.getLeader(MiniRaftCluster.java:560)
	at org.apache.ratis.RaftTestUtil.lambda$waitForLeader$3(RaftTestUtil.java:112)
	at org.apache.ratis.util.JavaUtils.attempt(JavaUtils.java:166)
	at org.apache.ratis.util.JavaUtils.attemptRepeatedly(JavaUtils.java:152)
	at org.apache.ratis.RaftTestUtil.waitForLeader(RaftTestUtil.java:111)
	at org.apache.ratis.RaftTestUtil.waitForLeader(RaftTestUtil.java:92)
	at org.apache.ratis.RaftTestUtil.waitForLeader(RaftTestUtil.java:87)
	at org.apache.ratis.datastream.DataStreamAsyncClusterTests.runTestDataStream(DataStreamAsyncClusterTests.java:90)
	at org.apache.ratis.datastream.DataStreamAsyncClusterTests.runTestDataStreamStepDownLeader(DataStreamAsyncClusterTests.java:82)
	at org.apache.ratis.server.impl.MiniRaftCluster$Factory$Get.runWithNewCluster(MiniRaftCluster.java:125)
	at org.apache.ratis.server.impl.MiniRaftCluster$Factory$Get.runWithNewCluster(MiniRaftCluster.java:113)
	at org.apache.ratis.datastream.DataStreamAsyncClusterTests.testMultipleStreamsMultipleServersStepDownLeader(DataStreamAsyncClusterTests.java:78)
	at sun.reflect.NativeMethodAccessorImpl.invoke0(Native Method)
	at sun.reflect.NativeMethodAccessorImpl.invoke(NativeMethodAccessorImpl.java:62)
	at sun.reflect.DelegatingMethodAccessorImpl.invoke(DelegatingMethodAccessorImpl.java:43)
	at java.lang.reflect.Method.invoke(Method.java:498)
	at org.junit.runners.model.FrameworkMethod$1.runReflectiveCall(FrameworkMethod.java:59)
	at org.junit.internal.runners.model.ReflectiveCallable.run(ReflectiveCallable.java:12)
	at org.junit.runners.model.FrameworkMethod.invokeExplosively(FrameworkMethod.java:56)
	at org.junit.internal.runners.statements.InvokeMethod.evaluate(InvokeMethod.java:17)
	at org.junit.internal.runners.statements.RunAfters.evaluate(RunAfters.java:27)
	at org.junit.internal.runners.statements.FailOnTimeout$CallableStatement.call(FailOnTimeout.java:299)
	at org.junit.internal.runners.statements.FailOnTimeout$CallableStatement.call(FailOnTimeout.java:293)
	at java.util.concurrent.FutureTask.run(FutureTask.java:266)
	at java.lang.Thread.run(Thread.java:750)
2022-05-18 08:08:59,229 [s0@group-B23F4A4B975A-FollowerState] INFO  impl.FollowerState (FollowerState.java:run(143)) - s0@group-B23F4A4B975A-FollowerState: change to CANDIDATE, lastRpcElapsedTime:190759834ns, electionTimeout:188ms
2022-05-18 08:08:59,231 [s0@group-B23F4A4B975A-FollowerState] INFO  impl.RoleInfo (RoleInfo.java:shutdownFollowerState(110)) - s0: shutdown s0@group-B23F4A4B975A-FollowerState
2022-05-18 08:08:59,231 [s0@group-B23F4A4B975A-FollowerState] INFO  server.RaftServer$Division (RaftServerImpl.java:setRole(299)) - s0@group-B23F4A4B975A: changes role from  FOLLOWER to CANDIDATE at term 0 for changeToCandidate
2022-05-18 08:08:59,231 [s0@group-B23F4A4B975A-FollowerState] INFO  server.RaftServerConfigKeys (ConfUtils.java:logGet(46)) - raft.server.leaderelection.pre-vote = true (default)
2022-05-18 08:08:59,231 [s0@group-B23F4A4B975A-FollowerState] INFO  impl.RoleInfo (RoleInfo.java:updateAndGet(139)) - s0: start s0@group-B23F4A4B975A-LeaderElection4
2022-05-18 08:08:59,234 [s0@group-B23F4A4B975A-LeaderElection4] INFO  impl.LeaderElection (LeaderElection.java:askForVotes(310)) - s0@group-B23F4A4B975A-LeaderElection4 PRE_VOTE round 0: submit vote requests at term 0 for -1: [s0|rpc:localhost:40531|admin:localhost:44289|client:localhost:35433|dataStream:localhost:42101|priority:0, s1|rpc:localhost:35349|admin:localhost:37277|client:localhost:39633|dataStream:localhost:42717|priority:0, s2|rpc:localhost:36619|admin:localhost:34149|client:localhost:40571|dataStream:localhost:41933|priority:0], old=null
2022-05-18 08:08:59,246 [grpc-default-executor-1] INFO  server.RaftServer$Division (RaftServerImpl.java:requestVote(1152)) - s1@group-B23F4A4B975A: receive requestVote(PRE_VOTE, s0, group-B23F4A4B975A, 0, (t:0, i:0))
2022-05-18 08:08:59,246 [grpc-default-executor-1] INFO  impl.VoteContext (VoteContext.java:log(48)) - s1@group-B23F4A4B975A-FOLLOWER: accept PRE_VOTE from s0: our priority 0 <= candidate's priority 0
2022-05-18 08:08:59,247 [grpc-default-executor-1] INFO  server.RaftServer$Division (RaftServerImpl.java:requestVote(1184)) - s1@group-B23F4A4B975A replies to PRE_VOTE vote request: s0<-s1#0:OK-t0. Peer's state: s1@group-B23F4A4B975A:t0, leader=null, voted=, raftlog=s1@group-B23F4A4B975A-SegmentedRaftLog:OPENED:c-1, conf=-1: [s0|rpc:localhost:40531|admin:localhost:44289|client:localhost:35433|dataStream:localhost:42101|priority:0, s1|rpc:localhost:35349|admin:localhost:37277|client:localhost:39633|dataStream:localhost:42717|priority:0, s2|rpc:localhost:36619|admin:localhost:34149|client:localhost:40571|dataStream:localhost:41933|priority:0], old=null
2022-05-18 08:08:59,249 [grpc-default-executor-1] INFO  server.RaftServer$Division (RaftServerImpl.java:requestVote(1152)) - s2@group-B23F4A4B975A: receive requestVote(PRE_VOTE, s0, group-B23F4A4B975A, 0, (t:0, i:0))
2022-05-18 08:08:59,249 [grpc-default-executor-1] INFO  impl.VoteContext (VoteContext.java:log(48)) - s2@group-B23F4A4B975A-FOLLOWER: accept PRE_VOTE from s0: our priority 0 <= candidate's priority 0
2022-05-18 08:08:59,249 [grpc-default-executor-1] INFO  server.RaftServer$Division (RaftServerImpl.java:requestVote(1184)) - s2@group-B23F4A4B975A replies to PRE_VOTE vote request: s0<-s2#0:OK-t0. Peer's state: s2@group-B23F4A4B975A:t0, leader=null, voted=, raftlog=s2@group-B23F4A4B975A-SegmentedRaftLog:OPENED:c-1, conf=-1: [s0|rpc:localhost:40531|admin:localhost:44289|client:localhost:35433|dataStream:localhost:42101|priority:0, s1|rpc:localhost:35349|admin:localhost:37277|client:localhost:39633|dataStream:localhost:42717|priority:0, s2|rpc:localhost:36619|admin:localhost:34149|client:localhost:40571|dataStream:localhost:41933|priority:0], old=null
2022-05-18 08:08:59,250 [s0@group-B23F4A4B975A-LeaderElection4] INFO  impl.LeaderElection (LeaderElection.java:logAndReturn(90)) - s0@group-B23F4A4B975A-LeaderElection4: PRE_VOTE PASSED received 1 response(s) and 0 exception(s):
2022-05-18 08:08:59,253 [s0@group-B23F4A4B975A-LeaderElection4] INFO  impl.LeaderElection (LeaderElection.java:logAndReturn(94)) -   Response 0: s0<-s2#0:OK-t0
2022-05-18 08:08:59,253 [s0@group-B23F4A4B975A-LeaderElection4] INFO  impl.LeaderElection (LeaderElection.java:askForVotes(312)) - s0@group-B23F4A4B975A-LeaderElection4 PRE_VOTE round 0: result PASSED
2022-05-18 08:08:59,262 [s0@group-B23F4A4B975A-LeaderElection4] INFO  impl.LeaderElection (LeaderElection.java:askForVotes(310)) - s0@group-B23F4A4B975A-LeaderElection4 ELECTION round 0: submit vote requests at term 1 for -1: [s0|rpc:localhost:40531|admin:localhost:44289|client:localhost:35433|dataStream:localhost:42101|priority:0, s1|rpc:localhost:35349|admin:localhost:37277|client:localhost:39633|dataStream:localhost:42717|priority:0, s2|rpc:localhost:36619|admin:localhost:34149|client:localhost:40571|dataStream:localhost:41933|priority:0], old=null
2022-05-18 08:08:59,265 [grpc-default-executor-1] INFO  server.RaftServer$Division (RaftServerImpl.java:requestVote(1152)) - s2@group-B23F4A4B975A: receive requestVote(ELECTION, s0, group-B23F4A4B975A, 1, (t:0, i:0))
2022-05-18 08:08:59,266 [grpc-default-executor-1] INFO  impl.VoteContext (VoteContext.java:log(48)) - s2@group-B23F4A4B975A-FOLLOWER: accept ELECTION from s0: our priority 0 <= candidate's priority 0
2022-05-18 08:08:59,266 [grpc-default-executor-1] INFO  server.RaftServer$Division (RaftServerImpl.java:setRole(299)) - s2@group-B23F4A4B975A: changes role from  FOLLOWER to FOLLOWER at term 1 for candidate:s0
2022-05-18 08:08:59,266 [grpc-default-executor-1] INFO  impl.RoleInfo (RoleInfo.java:shutdownFollowerState(110)) - s2: shutdown s2@group-B23F4A4B975A-FollowerState
2022-05-18 08:08:59,266 [grpc-default-executor-1] INFO  impl.RoleInfo (RoleInfo.java:updateAndGet(139)) - s2: start s2@group-B23F4A4B975A-FollowerState
2022-05-18 08:08:59,268 [s2@group-B23F4A4B975A-FollowerState] INFO  impl.FollowerState (FollowerState.java:run(152)) - s2@group-B23F4A4B975A-FollowerState was interrupted
2022-05-18 08:08:59,272 [grpc-default-executor-2] INFO  server.RaftServer$Division (RaftServerImpl.java:requestVote(1152)) - s1@group-B23F4A4B975A: receive requestVote(ELECTION, s0, group-B23F4A4B975A, 1, (t:0, i:0))
2022-05-18 08:08:59,273 [grpc-default-executor-2] INFO  impl.VoteContext (VoteContext.java:log(48)) - s1@group-B23F4A4B975A-FOLLOWER: accept ELECTION from s0: our priority 0 <= candidate's priority 0
2022-05-18 08:08:59,273 [grpc-default-executor-2] INFO  server.RaftServer$Division (RaftServerImpl.java:setRole(299)) - s1@group-B23F4A4B975A: changes role from  FOLLOWER to FOLLOWER at term 1 for candidate:s0
2022-05-18 08:08:59,273 [grpc-default-executor-2] INFO  impl.RoleInfo (RoleInfo.java:shutdownFollowerState(110)) - s1: shutdown s1@group-B23F4A4B975A-FollowerState
2022-05-18 08:08:59,273 [grpc-default-executor-2] INFO  impl.RoleInfo (RoleInfo.java:updateAndGet(139)) - s1: start s1@group-B23F4A4B975A-FollowerState
2022-05-18 08:08:59,274 [s1@group-B23F4A4B975A-FollowerState] INFO  impl.FollowerState (FollowerState.java:run(152)) - s1@group-B23F4A4B975A-FollowerState was interrupted
2022-05-18 08:08:59,275 [grpc-default-executor-2] INFO  server.RaftServer$Division (RaftServerImpl.java:requestVote(1184)) - s1@group-B23F4A4B975A replies to ELECTION vote request: s0<-s1#0:OK-t1. Peer's state: s1@group-B23F4A4B975A:t1, leader=null, voted=s0, raftlog=s1@group-B23F4A4B975A-SegmentedRaftLog:OPENED:c-1, conf=-1: [s0|rpc:localhost:40531|admin:localhost:44289|client:localhost:35433|dataStream:localhost:42101|priority:0, s1|rpc:localhost:35349|admin:localhost:37277|client:localhost:39633|dataStream:localhost:42717|priority:0, s2|rpc:localhost:36619|admin:localhost:34149|client:localhost:40571|dataStream:localhost:41933|priority:0], old=null
2022-05-18 08:08:59,276 [s0@group-B23F4A4B975A-LeaderElection4] INFO  impl.LeaderElection (LeaderElection.java:logAndReturn(90)) - s0@group-B23F4A4B975A-LeaderElection4: ELECTION PASSED received 1 response(s) and 0 exception(s):
2022-05-18 08:08:59,276 [s0@group-B23F4A4B975A-LeaderElection4] INFO  impl.LeaderElection (LeaderElection.java:logAndReturn(94)) -   Response 0: s0<-s1#0:OK-t1
2022-05-18 08:08:59,276 [s0@group-B23F4A4B975A-LeaderElection4] INFO  impl.LeaderElection (LeaderElection.java:askForVotes(312)) - s0@group-B23F4A4B975A-LeaderElection4 ELECTION round 0: result PASSED
2022-05-18 08:08:59,276 [s0@group-B23F4A4B975A-LeaderElection4] INFO  impl.RoleInfo (RoleInfo.java:shutdownLeaderElection(130)) - s0: shutdown s0@group-B23F4A4B975A-LeaderElection4
2022-05-18 08:08:59,276 [s0@group-B23F4A4B975A-LeaderElection4] INFO  server.RaftServer$Division (RaftServerImpl.java:setRole(299)) - s0@group-B23F4A4B975A: changes role from CANDIDATE to LEADER at term 1 for changeToLeader
2022-05-18 08:08:59,277 [s0@group-B23F4A4B975A-LeaderElection4] INFO  server.RaftServer$Division (ServerState.java:setLeader(287)) - s0@group-B23F4A4B975A: change Leader from null to s0 at term 1 for becomeLeader, leader elected after 262ms
2022-05-18 08:08:59,277 [s0@group-B23F4A4B975A-LeaderElection4] INFO  server.RaftServerConfigKeys (ConfUtils.java:logGet(46)) - raft.server.staging.catchup.gap = 1000 (default)
2022-05-18 08:08:59,277 [s0@group-B23F4A4B975A-LeaderElection4] INFO  server.RaftServerConfigKeys (ConfUtils.java:logGet(46)) - raft.server.write.element-limit = 4096 (default)
2022-05-18 08:08:59,277 [s0@group-B23F4A4B975A-LeaderElection4] INFO  server.RaftServerConfigKeys (ConfUtils.java:logGet(46)) - raft.server.write.byte-limit = 64MB (=67108864) (default)
2022-05-18 08:08:59,278 [s0@group-B23F4A4B975A-LeaderElection4] INFO  server.RaftServerConfigKeys (ConfUtils.java:logGet(46)) - raft.server.watch.timeout = 10s (default)
2022-05-18 08:08:59,278 [s0@group-B23F4A4B975A-LeaderElection4] INFO  server.RaftServerConfigKeys (ConfUtils.java:logGet(46)) - raft.server.watch.timeout.denomination = 1s (default)
2022-05-18 08:08:59,278 [s0@group-B23F4A4B975A-LeaderElection4] INFO  server.RaftServerConfigKeys (ConfUtils.java:logGet(46)) - raft.server.watch.element-limit = 65536 (default)
2022-05-18 08:08:59,278 [s0@group-B23F4A4B975A-LeaderElection4] INFO  server.RaftServerConfigKeys (ConfUtils.java:logGet(46)) - raft.server.write.element-limit = 4096 (default)
2022-05-18 08:08:59,278 [s0@group-B23F4A4B975A-LeaderElection4] INFO  server.RaftServerConfigKeys (ConfUtils.java:logGet(46)) - raft.server.write.follower.gap.ratio.max = -1.0 (default)
2022-05-18 08:08:59,278 [s0@group-B23F4A4B975A-LeaderElection4] INFO  server.RaftServerConfigKeys (ConfUtils.java:logGet(46)) - raft.server.log.appender.snapshot.chunk.size.max = 16MB (=16777216) (default)
2022-05-18 08:08:59,278 [s0@group-B23F4A4B975A-LeaderElection4] INFO  server.RaftServerConfigKeys (ConfUtils.java:logGet(46)) - raft.server.log.appender.buffer.byte-limit = 4MB (=4194304) (default)
2022-05-18 08:08:59,278 [s0@group-B23F4A4B975A-LeaderElection4] INFO  server.RaftServerConfigKeys (ConfUtils.java:logGet(46)) - raft.server.log.appender.buffer.element-limit = 0 (default)
[...]
	at org.apache.ratis.client.impl.DataStreamClientImpl$DataStreamOutputImpl.send(DataStreamClientImpl.java:116)
	at org.apache.ratis.client.impl.DataStreamClientImpl$DataStreamOutputImpl.writeAsyncImpl(DataStreamClientImpl.java:128)
	at org.apache.ratis.client.impl.DataStreamClientImpl$DataStreamOutputImpl.writeAsync(DataStreamClientImpl.java:139)
	at org.apache.ratis.datastream.DataStreamTestUtils.writeAndAssertReplies(DataStreamTestUtils.java:284)
	at org.apache.ratis.datastream.DataStreamTestUtils.writeAndCloseAndAssertReplies(DataStreamTestUtils.java:312)
	at org.apache.ratis.datastream.DataStreamAsyncClusterTests.lambda$runTestDataStream$5(DataStreamAsyncClusterTests.java:156)
	at java.util.concurrent.CompletableFuture$AsyncSupply.run(CompletableFuture.java:1604)
	at java.util.concurrent.ThreadPoolExecutor.runWorker(ThreadPoolExecutor.java:1149)
	at java.util.concurrent.ThreadPoolExecutor$Worker.run(ThreadPoolExecutor.java:624)
	at java.lang.Thread.run(Thread.java:750)
Caused by: org.apache.ratis.protocol.exceptions.AlreadyClosedException: NettyClientStreamRpc->s0|rpc:localhost:40531|admin:localhost:44289|client:localhost:35433|dataStream:localhost:42101|priority:0: Failed to send DataStreamRequestByteBuffer:clientId=client-67AC23D7C78F,type=STREAM_DATA,id=413,offset=1469351,length=595389
	at org.apache.ratis.netty.client.NettyClientStreamRpc.streamAsync(NettyClientStreamRpc.java:370)
	at org.apache.ratis.client.impl.OrderedStreamAsync.sendRequestToNetwork(OrderedStreamAsync.java:147)
	... 14 more
2022-05-18 08:09:43,030 [pool-9-thread-8] ERROR impl.OrderedStreamAsync (OrderedStreamAsync.java:lambda$sendRequest$2(132)) - Failed to send request, header=DataStreamRequestHeader:clientId=client-67AC23D7C78F,type=STREAM_DATA,id=415,offset=2344694,length=698807
java.util.concurrent.CompletionException: org.apache.ratis.protocol.exceptions.AlreadyClosedException: NettyClientStreamRpc->s0|rpc:localhost:40531|admin:localhost:44289|client:localhost:35433|dataStream:localhost:42101|priority:0: Failed to send DataStreamRequestByteBuffer:clientId=client-67AC23D7C78F,type=STREAM_DATA,id=415,offset=2344694,length=698807
	at java.util.concurrent.CompletableFuture.encodeThrowable(CompletableFuture.java:292)
	at java.util.concurrent.CompletableFuture.completeThrowable(CompletableFuture.java:308)
	at java.util.concurrent.CompletableFuture.uniApply(CompletableFuture.java:607)
	at java.util.concurrent.CompletableFuture.uniApplyStage(CompletableFuture.java:628)
	at java.util.concurrent.CompletableFuture.thenApply(CompletableFuture.java:1996)
	at org.apache.ratis.client.impl.OrderedStreamAsync.sendRequestToNetwork(OrderedStreamAsync.java:154)
	at org.apache.ratis.client.impl.OrderedStreamAsync.lambda$sendRequest$1(OrderedStreamAsync.java:129)
	at org.apache.ratis.util.SlidingWindow$Client.sendOrDelayRequest(SlidingWindow.java:271)
	at org.apache.ratis.util.SlidingWindow$Client.submitNewRequest(SlidingWindow.java:259)
	at org.apache.ratis.client.impl.OrderedStreamAsync.sendRequest(OrderedStreamAsync.java:129)
	at org.apache.ratis.client.impl.DataStreamClientImpl$DataStreamOutputImpl.send(DataStreamClientImpl.java:116)
	at org.apache.ratis.client.impl.DataStreamClientImpl$DataStreamOutputImpl.writeAsyncImpl(DataStreamClientImpl.java:128)
	at org.apache.ratis.client.impl.DataStreamClientImpl$DataStreamOutputImpl.writeAsync(DataStreamClientImpl.java:139)
	at org.apache.ratis.datastream.DataStreamTestUtils.writeAndAssertReplies(DataStreamTestUtils.java:284)
	at org.apache.ratis.datastream.DataStreamTestUtils.writeAndCloseAndAssertReplies(DataStreamTestUtils.java:312)
	at org.apache.ratis.datastream.DataStreamAsyncClusterTests.lambda$runTestDataStream$5(DataStreamAsyncClusterTests.java:156)
	at java.util.concurrent.CompletableFuture$AsyncSupply.run(CompletableFuture.java:1604)
	at java.util.concurrent.ThreadPoolExecutor.runWorker(ThreadPoolExecutor.java:1149)
	at java.util.concurrent.ThreadPoolExecutor$Worker.run(ThreadPoolExecutor.java:624)
	at java.lang.Thread.run(Thread.java:750)
Caused by: org.apache.ratis.protocol.exceptions.AlreadyClosedException: NettyClientStreamRpc->s0|rpc:localhost:40531|admin:localhost:44289|client:localhost:35433|dataStream:localhost:42101|priority:0: Failed to send DataStreamRequestByteBuffer:clientId=client-67AC23D7C78F,type=STREAM_DATA,id=415,offset=2344694,length=698807
	at org.apache.ratis.netty.client.NettyClientStreamRpc.streamAsync(NettyClientStreamRpc.java:370)
	at org.apache.ratis.client.impl.OrderedStreamAsync.sendRequestToNetwork(OrderedStreamAsync.java:147)
	... 14 more
2022-05-18 08:09:43,016 [pool-9-thread-3] ERROR impl.OrderedStreamAsync (OrderedStreamAsync.java:lambda$sendRequest$2(132)) - Failed to send request, header=DataStreamRequestHeader:clientId=client-67AC23D7C78F,type=STREAM_DATA,id=416,offset=2556680,length=859261
java.util.concurrent.CompletionException: org.apache.ratis.protocol.exceptions.AlreadyClosedException: NettyClientStreamRpc->s0|rpc:localhost:40531|admin:localhost:44289|client:localhost:35433|dataStream:localhost:42101|priority:0: Failed to send DataStreamRequestByteBuffer:clientId=client-67AC23D7C78F,type=STREAM_DATA,id=416,offset=2556680,length=859261
	at java.util.concurrent.CompletableFuture.encodeThrowable(CompletableFuture.java:292)
	at java.util.concurrent.CompletableFuture.completeThrowable(CompletableFuture.java:308)
	at java.util.concurrent.CompletableFuture.uniApply(CompletableFuture.java:607)
	at java.util.concurrent.CompletableFuture.uniApplyStage(CompletableFuture.java:628)
	at java.util.concurrent.CompletableFuture.thenApply(CompletableFuture.java:1996)
	at org.apache.ratis.client.impl.OrderedStreamAsync.sendRequestToNetwork(OrderedStreamAsync.java:154)
	at org.apache.ratis.client.impl.OrderedStreamAsync.lambda$sendRequest$1(OrderedStreamAsync.java:129)
	at org.apache.ratis.util.SlidingWindow$Client.sendOrDelayRequest(SlidingWindow.java:271)
	at org.apache.ratis.util.SlidingWindow$Client.submitNewRequest(SlidingWindow.java:259)
	at org.apache.ratis.client.impl.OrderedStreamAsync.sendRequest(OrderedStreamAsync.java:129)
	at org.apache.ratis.client.impl.DataStreamClientImpl$DataStreamOutputImpl.send(DataStreamClientImpl.java:116)
	at org.apache.ratis.client.impl.DataStreamClientImpl$DataStreamOutputImpl.writeAsyncImpl(DataStreamClientImpl.java:128)
	at org.apache.ratis.client.impl.DataStreamClientImpl$DataStreamOutputImpl.writeAsync(DataStreamClientImpl.java:139)
	at org.apache.ratis.datastream.DataStreamTestUtils.writeAndAssertReplies(DataStreamTestUtils.java:284)
	at org.apache.ratis.datastream.DataStreamTestUtils.writeAndCloseAndAssertReplies(DataStreamTestUtils.java:312)
	at org.apache.ratis.datastream.DataStreamAsyncClusterTests.lambda$runTestDataStream$5(DataStreamAsyncClusterTests.java:156)
	at java.util.concurrent.CompletableFuture$AsyncSupply.run(CompletableFuture.java:1604)
	at java.util.concurrent.ThreadPoolExecutor.runWorker(ThreadPoolExecutor.java:1149)
	at java.util.concurrent.ThreadPoolExecutor$Worker.run(ThreadPoolExecutor.java:624)
	at java.lang.Thread.run(Thread.java:750)
Caused by: org.apache.ratis.protocol.exceptions.AlreadyClosedException: NettyClientStreamRpc->s0|rpc:localhost:40531|admin:localhost:44289|client:localhost:35433|dataStream:localhost:42101|priority:0: Failed to send DataStreamRequestByteBuffer:clientId=client-67AC23D7C78F,type=STREAM_DATA,id=416,offset=2556680,length=859261
	at org.apache.ratis.netty.client.NettyClientStreamRpc.streamAsync(NettyClientStreamRpc.java:370)
	at org.apache.ratis.client.impl.OrderedStreamAsync.sendRequestToNetwork(OrderedStreamAsync.java:147)
	... 14 more
2022-05-18 08:09:43,033 [pool-9-thread-1] ERROR impl.OrderedStreamAsync (OrderedStreamAsync.java:lambda$sendRequest$2(132)) - Failed to send request, header=DataStreamRequestHeader:clientId=client-67AC23D7C78F,type=STREAM_DATA,id=413,offset=2064740,length=948036
java.util.concurrent.CompletionException: org.apache.ratis.protocol.exceptions.AlreadyClosedException: NettyClientStreamRpc->s0|rpc:localhost:40531|admin:localhost:44289|client:localhost:35433|dataStream:localhost:42101|priority:0: Failed to send DataStreamRequestByteBuffer:clientId=client-67AC23D7C78F,type=STREAM_DATA,id=413,offset=2064740,length=948036
	at java.util.concurrent.CompletableFuture.encodeThrowable(CompletableFuture.java:292)
	at java.util.concurrent.CompletableFuture.completeThrowable(CompletableFuture.java:308)
	at java.util.concurrent.CompletableFuture.uniApply(CompletableFuture.java:607)
	at java.util.concurrent.CompletableFuture.uniApplyStage(CompletableFuture.java:628)
	at java.util.concurrent.CompletableFuture.thenApply(CompletableFuture.java:1996)
	at org.apache.ratis.client.impl.OrderedStreamAsync.sendRequestToNetwork(OrderedStreamAsync.java:154)
	at org.apache.ratis.client.impl.OrderedStreamAsync.lambda$sendRequest$1(OrderedStreamAsync.java:129)
	at org.apache.ratis.util.SlidingWindow$Client.sendOrDelayRequest(SlidingWindow.java:271)
	at org.apache.ratis.util.SlidingWindow$Client.submitNewRequest(SlidingWindow.java:259)
	at org.apache.ratis.client.impl.OrderedStreamAsync.sendRequest(OrderedStreamAsync.java:129)
	at org.apache.ratis.client.impl.DataStreamClientImpl$DataStreamOutputImpl.send(DataStreamClientImpl.java:116)
	at org.apache.ratis.client.impl.DataStreamClientImpl$DataStreamOutputImpl.writeAsyncImpl(DataStreamClientImpl.java:128)
	at org.apache.ratis.client.impl.DataStreamClientImpl$DataStreamOutputImpl.writeAsync(DataStreamClientImpl.java:139)
	at org.apache.ratis.datastream.DataStreamTestUtils.writeAndAssertReplies(DataStreamTestUtils.java:284)
	at org.apache.ratis.datastream.DataStreamTestUtils.writeAndCloseAndAssertReplies(DataStreamTestUtils.java:312)
	at org.apache.ratis.datastream.DataStreamAsyncClusterTests.lambda$runTestDataStream$5(DataStreamAsyncClusterTests.java:156)
	at java.util.concurrent.CompletableFuture$AsyncSupply.run(CompletableFuture.java:1604)
	at java.util.concurrent.ThreadPoolExecutor.runWorker(ThreadPoolExecutor.java:1149)
	at java.util.concurrent.ThreadPoolExecutor$Worker.run(ThreadPoolExecutor.java:624)
	at java.lang.Thread.run(Thread.java:750)
Caused by: org.apache.ratis.protocol.exceptions.AlreadyClosedException: NettyClientStreamRpc->s0|rpc:localhost:40531|admin:localhost:44289|client:localhost:35433|dataStream:localhost:42101|priority:0: Failed to send DataStreamRequestByteBuffer:clientId=client-67AC23D7C78F,type=STREAM_DATA,id=413,offset=2064740,length=948036
	at org.apache.ratis.netty.client.NettyClientStreamRpc.streamAsync(NettyClientStreamRpc.java:370)
	at org.apache.ratis.client.impl.OrderedStreamAsync.sendRequestToNetwork(OrderedStreamAsync.java:147)
	... 14 more
2022-05-18 08:09:43,034 [pool-9-thread-3] ERROR impl.OrderedStreamAsync (OrderedStreamAsync.java:lambda$sendRequest$2(132)) - Failed to send request, header=DataStreamRequestHeader:clientId=client-67AC23D7C78F,type=STREAM_DATA,id=416,offset=3415941,length=659456
java.util.concurrent.CompletionException: org.apache.ratis.protocol.exceptions.AlreadyClosedException: NettyClientStreamRpc->s0|rpc:localhost:40531|admin:localhost:44289|client:localhost:35433|dataStream:localhost:42101|priority:0: Failed to send DataStreamRequestByteBuffer:clientId=client-67AC23D7C78F,type=STREAM_DATA,id=416,offset=3415941,length=659456
	at java.util.concurrent.CompletableFuture.encodeThrowable(CompletableFuture.java:292)
	at java.util.concurrent.CompletableFuture.completeThrowable(CompletableFuture.java:308)
	at java.util.concurrent.CompletableFuture.uniApply(CompletableFuture.java:607)
	at java.util.concurrent.CompletableFuture.uniApplyStage(CompletableFuture.java:628)
	at java.util.concurrent.CompletableFuture.thenApply(CompletableFuture.java:1996)
	at org.apache.ratis.client.impl.OrderedStreamAsync.sendRequestToNetwork(OrderedStreamAsync.java:154)
	at org.apache.ratis.client.impl.OrderedStreamAsync.lambda$sendRequest$1(OrderedStreamAsync.java:129)
	at org.apache.ratis.util.SlidingWindow$Client.sendOrDelayRequest(SlidingWindow.java:271)
	at org.apache.ratis.util.SlidingWindow$Client.submitNewRequest(SlidingWindow.java:259)
	at org.apache.ratis.client.impl.OrderedStreamAsync.sendRequest(OrderedStreamAsync.java:129)
	at org.apache.ratis.client.impl.DataStreamClientImpl$DataStreamOutputImpl.send(DataStreamClientImpl.java:116)
	at org.apache.ratis.client.impl.DataStreamClientImpl$DataStreamOutputImpl.writeAsyncImpl(DataStreamClientImpl.java:128)
	at org.apache.ratis.client.impl.DataStreamClientImpl$DataStreamOutputImpl.writeAsync(DataStreamClientImpl.java:139)
	at org.apache.ratis.datastream.DataStreamTestUtils.writeAndAssertReplies(DataStreamTestUtils.java:284)
	at org.apache.ratis.datastream.DataStreamTestUtils.writeAndCloseAndAssertReplies(DataStreamTestUtils.java:312)
	at org.apache.ratis.datastream.DataStreamAsyncClusterTests.lambda$runTestDataStream$5(DataStreamAsyncClusterTests.java:156)
	at java.util.concurrent.CompletableFuture$AsyncSupply.run(CompletableFuture.java:1604)
	at java.util.concurrent.ThreadPoolExecutor.runWorker(ThreadPoolExecutor.java:1149)
	at java.util.concurrent.ThreadPoolExecutor$Worker.run(ThreadPoolExecutor.java:624)
	at java.lang.Thread.run(Thread.java:750)
Caused by: org.apache.ratis.protocol.exceptions.AlreadyClosedException: NettyClientStreamRpc->s0|rpc:localhost:40531|admin:localhost:44289|client:localhost:35433|dataStream:localhost:42101|priority:0: Failed to send DataStreamRequestByteBuffer:clientId=client-67AC23D7C78F,type=STREAM_DATA,id=416,offset=3415941,length=659456
	at org.apache.ratis.netty.client.NettyClientStreamRpc.streamAsync(NettyClientStreamRpc.java:370)
	at org.apache.ratis.client.impl.OrderedStreamAsync.sendRequestToNetwork(OrderedStreamAsync.java:147)
	... 14 more
2022-05-18 08:09:43,036 [pool-9-thread-3] ERROR impl.OrderedStreamAsync (OrderedStreamAsync.java:lambda$sendRequest$2(132)) - Failed to send request, header=DataStreamRequestHeader:clientId=client-67AC23D7C78F,type=STREAM_DATA,id=416,offset=4075397,length=891614
java.util.concurrent.CompletionException: org.apache.ratis.protocol.exceptions.AlreadyClosedException: NettyClientStreamRpc->s0|rpc:localhost:40531|admin:localhost:44289|client:localhost:35433|dataStream:localhost:42101|priority:0: Failed to send DataStreamRequestByteBuffer:clientId=client-67AC23D7C78F,type=STREAM_DATA,id=416,offset=4075397,length=891614
	at java.util.concurrent.CompletableFuture.encodeThrowable(CompletableFuture.java:292)
	at java.util.concurrent.CompletableFuture.completeThrowable(CompletableFuture.java:308)
	at java.util.concurrent.CompletableFuture.uniApply(CompletableFuture.java:607)
	at java.util.concurrent.CompletableFuture.uniApplyStage(CompletableFuture.java:628)
	at java.util.concurrent.CompletableFuture.thenApply(CompletableFuture.java:1996)
	at org.apache.ratis.client.impl.OrderedStreamAsync.sendRequestToNetwork(OrderedStreamAsync.java:154)
	at org.apache.ratis.client.impl.OrderedStreamAsync.lambda$sendRequest$1(OrderedStreamAsync.java:129)
	at org.apache.ratis.util.SlidingWindow$Client.sendOrDelayRequest(SlidingWindow.java:271)
	at org.apache.ratis.util.SlidingWindow$Client.submitNewRequest(SlidingWindow.java:259)
	at org.apache.ratis.client.impl.OrderedStreamAsync.sendRequest(OrderedStreamAsync.java:129)
	at org.apache.ratis.client.impl.DataStreamClientImpl$DataStreamOutputImpl.send(DataStreamClientImpl.java:116)
	at org.apache.ratis.client.impl.DataStreamClientImpl$DataStreamOutputImpl.writeAsyncImpl(DataStreamClientImpl.java:128)
	at org.apache.ratis.client.impl.DataStreamClientImpl$DataStreamOutputImpl.writeAsync(DataStreamClientImpl.java:139)
	at org.apache.ratis.datastream.DataStreamTestUtils.writeAndAssertReplies(DataStreamTestUtils.java:284)
	at org.apache.ratis.datastream.DataStreamTestUtils.writeAndCloseAndAssertReplies(DataStreamTestUtils.java:312)
	at org.apache.ratis.datastream.DataStreamAsyncClusterTests.lambda$runTestDataStream$5(DataStreamAsyncClusterTests.java:156)
	at java.util.concurrent.CompletableFuture$AsyncSupply.run(CompletableFuture.java:1604)
	at java.util.concurrent.ThreadPoolExecutor.runWorker(ThreadPoolExecutor.java:1149)
	at java.util.concurrent.ThreadPoolExecutor$Worker.run(ThreadPoolExecutor.java:624)
	at java.lang.Thread.run(Thread.java:750)
Caused by: org.apache.ratis.protocol.exceptions.AlreadyClosedException: NettyClientStreamRpc->s0|rpc:localhost:40531|admin:localhost:44289|client:localhost:35433|dataStream:localhost:42101|priority:0: Failed to send DataStreamRequestByteBuffer:clientId=client-67AC23D7C78F,type=STREAM_DATA,id=416,offset=4075397,length=891614
	at org.apache.ratis.netty.client.NettyClientStreamRpc.streamAsync(NettyClientStreamRpc.java:370)
	at org.apache.ratis.client.impl.OrderedStreamAsync.sendRequestToNetwork(OrderedStreamAsync.java:147)
	... 14 more
2022-05-18 08:09:43,012 [pool-9-thread-7] ERROR impl.OrderedStreamAsync (OrderedStreamAsync.java:lambda$sendRequest$2(132)) - Failed to send request, header=DataStreamRequestHeader:clientId=client-67AC23D7C78F,type=STREAM_DATA,id=414,offset=1388600,length=625138
java.util.concurrent.CompletionException: org.apache.ratis.protocol.exceptions.AlreadyClosedException: NettyClientStreamRpc->s0|rpc:localhost:40531|admin:localhost:44289|client:localhost:35433|dataStream:localhost:42101|priority:0: Failed to send DataStreamRequestByteBuffer:clientId=client-67AC23D7C78F,type=STREAM_DATA,id=414,offset=1388600,length=625138
	at java.util.concurrent.CompletableFuture.encodeThrowable(CompletableFuture.java:292)
	at java.util.concurrent.CompletableFuture.completeThrowable(CompletableFuture.java:308)
	at java.util.concurrent.CompletableFuture.uniApply(CompletableFuture.java:607)
	at java.util.concurrent.CompletableFuture.uniApplyStage(CompletableFuture.java:628)
	at java.util.concurrent.CompletableFuture.thenApply(CompletableFuture.java:1996)
	at org.apache.ratis.client.impl.OrderedStreamAsync.sendRequestToNetwork(OrderedStreamAsync.java:154)
	at org.apache.ratis.client.impl.OrderedStreamAsync.lambda$sendRequest$1(OrderedStreamAsync.java:129)
	at org.apache.ratis.util.SlidingWindow$Client.sendOrDelayRequest(SlidingWindow.java:271)
	at org.apache.ratis.util.SlidingWindow$Client.submitNewRequest(SlidingWindow.java:259)
	at org.apache.ratis.client.impl.OrderedStreamAsync.sendRequest(OrderedStreamAsync.java:129)
	at org.apache.ratis.client.impl.DataStreamClientImpl$DataStreamOutputImpl.send(DataStreamClientImpl.java:116)
	at org.apache.ratis.client.impl.DataStreamClientImpl$DataStreamOutputImpl.writeAsyncImpl(DataStreamClientImpl.java:128)
	at org.apache.ratis.client.impl.DataStreamClientImpl$DataStreamOutputImpl.writeAsync(DataStreamClientImpl.java:139)
	at org.apache.ratis.datastream.DataStreamTestUtils.writeAndAssertReplies(DataStreamTestUtils.java:284)
	at org.apache.ratis.datastream.DataStreamTestUtils.writeAndCloseAndAssertReplies(DataStreamTestUtils.java:312)
	at org.apache.ratis.datastream.DataStreamAsyncClusterTests.lambda$runTestDataStream$5(DataStreamAsyncClusterTests.java:156)
	at java.util.concurrent.CompletableFuture$AsyncSupply.run(CompletableFuture.java:1604)
	at java.util.concurrent.ThreadPoolExecutor.runWorker(ThreadPoolExecutor.java:1149)
	at java.util.concurrent.ThreadPoolExecutor$Worker.run(ThreadPoolExecutor.java:624)
	at java.lang.Thread.run(Thread.java:750)
Caused by: org.apache.ratis.protocol.exceptions.AlreadyClosedException: NettyClientStreamRpc->s0|rpc:localhost:40531|admin:localhost:44289|client:localhost:35433|dataStream:localhost:42101|priority:0: Failed to send DataStreamRequestByteBuffer:clientId=client-67AC23D7C78F,type=STREAM_DATA,id=414,offset=1388600,length=625138
	at org.apache.ratis.netty.client.NettyClientStreamRpc.streamAsync(NettyClientStreamRpc.java:370)
	at org.apache.ratis.client.impl.OrderedStreamAsync.sendRequestToNetwork(OrderedStreamAsync.java:147)
	... 14 more
]]></system-out>
  </testcase>
  <testcase name="testStreamWrites" classname="org.apache.ratis.datastream.TestNettyDataStreamStarTopologyWithGrpcCluster" time="19.157"/>
</testsuite>