-------------------------------------------------------------------------------
Test set: org.apache.ratis.netty.TestRaftWithNetty
-------------------------------------------------------------------------------
Tests run: 5, Failures: 0, Errors: 1, Skipped: 0, Time elapsed: 145.654 s <<< FAILURE! - in org.apache.ratis.netty.TestRaftWithNetty
testBasicAppendEntriesKillLeader(org.apache.ratis.netty.TestRaftWithNetty)  Time elapsed: 100.012 s  <<< ERROR!
org.junit.runners.model.TestTimedOutException: test timed out after 100 seconds
	at java.base@11.0.18/jdk.internal.misc.Unsafe.park(Native Method)
	at java.base@11.0.18/java.util.concurrent.locks.LockSupport.park(LockSupport.java:194)
	at java.base@11.0.18/java.util.concurrent.CompletableFuture$Signaller.block(CompletableFuture.java:1796)
	at java.base@11.0.18/java.util.concurrent.ForkJoinPool.managedBlock(ForkJoinPool.java:3128)
	at java.base@11.0.18/java.util.concurrent.CompletableFuture.waitingGet(CompletableFuture.java:1823)
	at java.base@11.0.18/java.util.concurrent.CompletableFuture.join(CompletableFuture.java:2043)
	at app//org.apache.ratis.util.PeerProxyMap.close(PeerProxyMap.java:171)
	at app//org.apache.ratis.netty.NettyRpcProxy$PeerMap.close(NettyRpcProxy.java:73)
	at app//org.apache.ratis.server.RaftServerRpcWithProxy.closeImpl(RaftServerRpcWithProxy.java:85)
	at app//org.apache.ratis.netty.server.NettyRpcService.closeImpl(NettyRpcService.java:166)
	at app//org.apache.ratis.server.RaftServerRpcWithProxy$$Lambda$722/0x00000001003d4440.run(Unknown Source)
	at app//org.apache.ratis.util.LifeCycle.lambda$checkStateAndClose$4(LifeCycle.java:299)
	at app//org.apache.ratis.util.LifeCycle$$Lambda$410/0x00000001002fa440.get(Unknown Source)
	at app//org.apache.ratis.util.LifeCycle.checkStateAndClose(LifeCycle.java:319)
	at app//org.apache.ratis.util.LifeCycle.checkStateAndClose(LifeCycle.java:297)
	at app//org.apache.ratis.server.RaftServerRpcWithProxy.close(RaftServerRpcWithProxy.java:80)
	at app//org.apache.ratis.server.impl.RaftServerProxy.lambda$close$7(RaftServerProxy.java:421)
	at app//org.apache.ratis.server.impl.RaftServerProxy$$Lambda$718/0x00000001003d3440.run(Unknown Source)
	at app//org.apache.ratis.util.LifeCycle.lambda$checkStateAndClose$4(LifeCycle.java:299)
	at app//org.apache.ratis.util.LifeCycle$$Lambda$410/0x00000001002fa440.get(Unknown Source)
	at app//org.apache.ratis.util.LifeCycle.checkStateAndClose(LifeCycle.java:319)
	at app//org.apache.ratis.util.LifeCycle.checkStateAndClose(LifeCycle.java:297)
	at app//org.apache.ratis.server.impl.RaftServerProxy.close(RaftServerProxy.java:416)
	at app//org.apache.ratis.server.impl.MiniRaftCluster.killServer(MiniRaftCluster.java:534)
	at app//org.apache.ratis.server.impl.MiniRaftCluster.restartServer(MiniRaftCluster.java:360)
	at app//org.apache.ratis.server.impl.MiniRaftCluster.restartServer(MiniRaftCluster.java:356)
	at app//org.apache.ratis.RaftBasicTests.runTestBasicAppendEntries(RaftBasicTests.java:120)
	at app//org.apache.ratis.RaftBasicTests.lambda$testBasicAppendEntriesKillLeader$1(RaftBasicTests.java:93)
	at app//org.apache.ratis.RaftBasicTests$$Lambda$753/0x00000001003e8440.accept(Unknown Source)
	at app//org.apache.ratis.server.impl.MiniRaftCluster$Factory$Get.runWithNewCluster(MiniRaftCluster.java:141)
	at app//org.apache.ratis.server.impl.MiniRaftCluster$Factory$Get.runWithNewCluster(MiniRaftCluster.java:121)
	at app//org.apache.ratis.RaftBasicTests.testBasicAppendEntriesKillLeader(RaftBasicTests.java:92)
	at java.base@11.0.18/jdk.internal.reflect.NativeMethodAccessorImpl.invoke0(Native Method)
	at java.base@11.0.18/jdk.internal.reflect.NativeMethodAccessorImpl.invoke(NativeMethodAccessorImpl.java:62)
	at java.base@11.0.18/jdk.internal.reflect.DelegatingMethodAccessorImpl.invoke(DelegatingMethodAccessorImpl.java:43)
	at java.base@11.0.18/java.lang.reflect.Method.invoke(Method.java:566)
	at app//org.junit.runners.model.FrameworkMethod$1.runReflectiveCall(FrameworkMethod.java:59)
	at app//org.junit.internal.runners.model.ReflectiveCallable.run(ReflectiveCallable.java:12)
	at app//org.junit.runners.model.FrameworkMethod.invokeExplosively(FrameworkMethod.java:56)
	at app//org.junit.internal.runners.statements.InvokeMethod.evaluate(InvokeMethod.java:17)
	at app//org.junit.internal.runners.statements.RunAfters.evaluate(RunAfters.java:27)
	at app//org.junit.internal.runners.statements.FailOnTimeout$CallableStatement.call(FailOnTimeout.java:299)
	at app//org.junit.internal.runners.statements.FailOnTimeout$CallableStatement.call(FailOnTimeout.java:293)
	at java.base@11.0.18/java.util.concurrent.FutureTask.run(FutureTask.java:264)
	at java.base@11.0.18/java.lang.Thread.run(Thread.java:829)

