-------------------------------------------------------------------------------
Test set: org.apache.ratis.server.simulation.TestRaftWithSimulatedRpc
-------------------------------------------------------------------------------
Tests run: 6, Failures: 1, Errors: 0, Skipped: 0, Time elapsed: 84.854 s <<< FAILURE! - in org.apache.ratis.server.simulation.TestRaftWithSimulatedRpc
org.apache.ratis.server.simulation.TestRaftWithSimulatedRpc.testOldLeaderCommit  Time elapsed: 3.795 s  <<< FAILURE!
org.opentest4j.AssertionFailedError: expected: <true> but was: <false>
	at org.apache.ratis.RaftBasicTests.runTestOldLeaderCommit(RaftBasicTests.java:199)
	at org.apache.ratis.server.impl.MiniRaftCluster$Factory$Get.runWithNewCluster(MiniRaftCluster.java:143)
	at org.apache.ratis.server.impl.MiniRaftCluster$Factory$Get.runWithNewCluster(MiniRaftCluster.java:121)
	at org.apache.ratis.RaftBasicTests.testOldLeaderCommit(RaftBasicTests.java:179)
	at java.lang.reflect.Method.invoke(Method.java:498)
	at java.util.ArrayList.forEach(ArrayList.java:1259)
	at java.util.ArrayList.forEach(ArrayList.java:1259)

