-------------------------------------------------------------------------------
Test set: org.apache.ratis.netty.TestRaftWithNetty
-------------------------------------------------------------------------------
Tests run: 5, Failures: 0, Errors: 1, Skipped: 0, Time elapsed: 130.297 s <<< FAILURE! - in org.apache.ratis.netty.TestRaftWithNetty
org.apache.ratis.netty.TestRaftWithNetty.testWithLoad  Time elapsed: 100.211 s  <<< ERROR!
org.junit.runners.model.TestTimedOutException: test timed out after 100 seconds
	at java.lang.Thread.sleep(Native Method)
	at java.lang.Thread.sleep(Thread.java:342)
	at java.util.concurrent.TimeUnit.sleep(TimeUnit.java:386)
	at org.apache.ratis.util.TimeDuration.sleep(TimeDuration.java:353)
	at org.apache.ratis.util.TimeDuration.sleep(TimeDuration.java:338)
	at org.apache.ratis.util.JavaUtils.attempt(JavaUtils.java:236)
	at org.apache.ratis.RaftTestUtil.waitForLeader(RaftTestUtil.java:111)
	at org.apache.ratis.RaftTestUtil.waitForLeader(RaftTestUtil.java:92)
	at org.apache.ratis.RaftTestUtil.waitForLeader(RaftTestUtil.java:87)
	at org.apache.ratis.RaftTestUtil.lambda$changeLeader$7(RaftTestUtil.java:436)
	at org.apache.ratis.RaftTestUtil$$Lambda$726/574328952.get(Unknown Source)
	at org.apache.ratis.util.JavaUtils.lambda$attempt$7(JavaUtils.java:212)
	at org.apache.ratis.util.JavaUtils$$Lambda$63/1435332545.apply(Unknown Source)
	at org.apache.ratis.util.JavaUtils.attempt(JavaUtils.java:225)
	at org.apache.ratis.util.JavaUtils.attempt(JavaUtils.java:212)
	at org.apache.ratis.util.JavaUtils.attemptRepeatedly(JavaUtils.java:204)
	at org.apache.ratis.RaftTestUtil.changeLeader(RaftTestUtil.java:435)
	at org.apache.ratis.RaftTestUtil.changeLeader(RaftTestUtil.java:427)
	at org.apache.ratis.RaftBasicTests.testWithLoad(RaftBasicTests.java:410)
	at org.apache.ratis.RaftBasicTests.lambda$testWithLoad$9(RaftBasicTests.java:343)
	at org.apache.ratis.RaftBasicTests$$Lambda$21/184084915.accept(Unknown Source)
	at org.apache.ratis.server.impl.MiniRaftCluster$Factory$Get.runWithNewCluster(MiniRaftCluster.java:140)
	at org.apache.ratis.server.impl.MiniRaftCluster$Factory$Get.runWithNewCluster(MiniRaftCluster.java:120)
	at org.apache.ratis.RaftBasicTests.testWithLoad(RaftBasicTests.java:343)
	at org.apache.ratis.netty.TestRaftWithNetty.testWithLoad(TestRaftWithNetty.java:31)
	at sun.reflect.NativeMethodAccessorImpl.invoke0(Native Method)
	at sun.reflect.NativeMethodAccessorImpl.invoke(NativeMethodAccessorImpl.java:62)
	at sun.reflect.DelegatingMethodAccessorImpl.invoke(DelegatingMethodAccessorImpl.java:43)
	at java.lang.reflect.Method.invoke(Method.java:498)
	at org.junit.runners.model.FrameworkMethod$1.runReflectiveCall(FrameworkMethod.java:59)
	at org.junit.internal.runners.model.ReflectiveCallable.run(ReflectiveCallable.java:12)
	at org.junit.runners.model.FrameworkMethod.invokeExplosively(FrameworkMethod.java:56)
	at org.junit.internal.runners.statements.InvokeMethod.evaluate(InvokeMethod.java:17)
	at org.junit.internal.runners.statements.RunAfters.evaluate(RunAfters.java:27)
	at org.junit.internal.runners.statements.FailOnTimeout$CallableStatement.call(FailOnTimeout.java:299)
	at org.junit.internal.runners.statements.FailOnTimeout$CallableStatement.call(FailOnTimeout.java:293)
	at java.util.concurrent.FutureTask.run(FutureTask.java:266)
	at java.lang.Thread.run(Thread.java:750)

