<?xml version="1.0" encoding="UTF-8"?>
<testsuite xmlns:xsi="http://www.w3.org/2001/XMLSchema-instance" xsi:noNamespaceSchemaLocation="https://maven.apache.org/surefire/maven-surefire-plugin/xsd/surefire-test-report.xsd" name="org.apache.ratis.datastream.TestNettyDataStreamStarTopologyWithGrpcCluster" time="383.535" tests="4" errors="1" skipped="0" failures="0">
  <properties>
[...]
</properties>
  <testcase name="testMultipleStreamsSingleServer" classname="org.apache.ratis.datastream.TestNettyDataStreamStarTopologyWithGrpcCluster" time="15.009"/>
  <testcase name="testMultipleStreamsMultipleServers" classname="org.apache.ratis.datastream.TestNettyDataStreamStarTopologyWithGrpcCluster" time="63.245"/>
  <testcase name="testMultipleStreamsMultipleServersStepDownLeader" classname="org.apache.ratis.datastream.TestNettyDataStreamStarTopologyWithGrpcCluster" time="300.024">
    <error message="test timed out after 300 seconds" type="org.junit.runners.model.TestTimedOutException">org.junit.runners.model.TestTimedOutException: test timed out after 300 seconds
	at java.base@11.0.17/jdk.internal.misc.Unsafe.park(Native Method)
	at java.base@11.0.17/java.util.concurrent.locks.LockSupport.park(LockSupport.java:194)
	at java.base@11.0.17/java.util.concurrent.CompletableFuture$Signaller.block(CompletableFuture.java:1796)
	at java.base@11.0.17/java.util.concurrent.ForkJoinPool.managedBlock(ForkJoinPool.java:3128)
	at java.base@11.0.17/java.util.concurrent.CompletableFuture.waitingGet(CompletableFuture.java:1823)
	at java.base@11.0.17/java.util.concurrent.CompletableFuture.join(CompletableFuture.java:2043)
	at app//org.apache.ratis.datastream.DataStreamAsyncClusterTests$$Lambda$516/0x0000000100342440.apply(Unknown Source)
	at java.base@11.0.17/java.util.stream.ReferencePipeline$3$1.accept(ReferencePipeline.java:195)
	at java.base@11.0.17/java.util.ArrayList$ArrayListSpliterator.forEachRemaining(ArrayList.java:1655)
	at java.base@11.0.17/java.util.stream.AbstractPipeline.copyInto(AbstractPipeline.java:484)
	at java.base@11.0.17/java.util.stream.AbstractPipeline.wrapAndCopyInto(AbstractPipeline.java:474)
	at java.base@11.0.17/java.util.stream.ReduceOps$ReduceOp.evaluateSequential(ReduceOps.java:913)
	at java.base@11.0.17/java.util.stream.AbstractPipeline.evaluate(AbstractPipeline.java:234)
	at java.base@11.0.17/java.util.stream.ReferencePipeline.reduce(ReferencePipeline.java:558)
	at java.base@11.0.17/java.util.stream.ReferencePipeline.max(ReferencePipeline.java:594)
	at app//org.apache.ratis.datastream.DataStreamAsyncClusterTests.runTestDataStream(DataStreamAsyncClusterTests.java:97)
	at app//org.apache.ratis.datastream.DataStreamAsyncClusterTests.runTestDataStreamStepDownLeader(DataStreamAsyncClusterTests.java:82)
	at app//org.apache.ratis.datastream.DataStreamAsyncClusterTests$$Lambda$951/0x00000001004a4840.accept(Unknown Source)
	at app//org.apache.ratis.server.impl.MiniRaftCluster$Factory$Get.runWithNewCluster(MiniRaftCluster.java:141)
	at app//org.apache.ratis.server.impl.MiniRaftCluster$Factory$Get.runWithNewCluster(MiniRaftCluster.java:121)
	at app//org.apache.ratis.datastream.DataStreamAsyncClusterTests.testMultipleStreamsMultipleServersStepDownLeader(DataStreamAsyncClusterTests.java:78)
	at java.base@11.0.17/jdk.internal.reflect.NativeMethodAccessorImpl.invoke0(Native Method)
	at java.base@11.0.17/jdk.internal.reflect.NativeMethodAccessorImpl.invoke(NativeMethodAccessorImpl.java:62)
	at java.base@11.0.17/jdk.internal.reflect.DelegatingMethodAccessorImpl.invoke(DelegatingMethodAccessorImpl.java:43)
	at java.base@11.0.17/java.lang.reflect.Method.invoke(Method.java:566)
	at app//org.junit.runners.model.FrameworkMethod$1.runReflectiveCall(FrameworkMethod.java:59)
	at app//org.junit.internal.runners.model.ReflectiveCallable.run(ReflectiveCallable.java:12)
	at app//org.junit.runners.model.FrameworkMethod.invokeExplosively(FrameworkMethod.java:56)
	at app//org.junit.internal.runners.statements.InvokeMethod.evaluate(InvokeMethod.java:17)
	at app//org.junit.internal.runners.statements.RunBefores.evaluate(RunBefores.java:26)
	at app//org.junit.internal.runners.statements.RunAfters.evaluate(RunAfters.java:27)
	at app//org.junit.internal.runners.statements.FailOnTimeout$CallableStatement.call(FailOnTimeout.java:299)
	at app//org.junit.internal.runners.statements.FailOnTimeout$CallableStatement.call(FailOnTimeout.java:293)
	at java.base@11.0.17/java.util.concurrent.FutureTask.run(FutureTask.java:264)
	at java.base@11.0.17/java.lang.Thread.run(Thread.java:829)
</error>
    <system-out><![CDATA[2022-12-06 13:03:15,929 [main] INFO  util.LogUtils (Slf4jUtils.java:setLogLevel(38)) - Successfully set org.apache.ratis.conf.ConfUtils log level to WARN
2022-12-06 13:03:15,929 [main] INFO  util.LogUtils (Slf4jUtils.java:setLogLevel(38)) - Successfully set org.apache.ratis.util.FileUtils log level to TRACE
2022-12-06 13:03:15,944 [Time-limited test] INFO  impl.MiniRaftCluster (MiniRaftCluster.java:runWithNewCluster(135)) - Running runWithNewCluster
2022-12-06 13:03:15,970 [Time-limited test] INFO  impl.MiniRaftCluster (MiniRaftCluster.java:<init>(306)) - new MiniRaftClusterWithRpcTypeGrpcAndDataStreamTypeNetty with group-BD1198AD89EB:[s0|rpc:localhost:40727|admin:localhost:42117|client:localhost:39843|dataStream:localhost:39837|priority:0|startupRole:FOLLOWER, s1|rpc:localhost:35713|admin:localhost:46153|client:localhost:44441|dataStream:localhost:35971|priority:0|startupRole:FOLLOWER, s2|rpc:localhost:34381|admin:localhost:37429|client:localhost:41515|dataStream:localhost:42945|priority:0|startupRole:FOLLOWER]
2022-12-06 13:03:15,970 [Time-limited test] INFO  impl.MiniRaftCluster (MiniRaftCluster.java:start(339)) - .............................................................. 
2022-12-06 13:03:15,970 [Time-limited test] INFO  impl.MiniRaftCluster (MiniRaftCluster.java:start(340)) - ... 
2022-12-06 13:03:15,970 [Time-limited test] INFO  impl.MiniRaftCluster (MiniRaftCluster.java:start(341)) - ...     Starting MiniRaftClusterWithRpcTypeGrpcAndDataStreamTypeNetty
2022-12-06 13:03:15,970 [Time-limited test] INFO  impl.MiniRaftCluster (MiniRaftCluster.java:start(342)) - ... 
2022-12-06 13:03:15,970 [Time-limited test] INFO  impl.MiniRaftCluster (MiniRaftCluster.java:start(343)) - .............................................................. 
2022-12-06 13:03:15,970 [Time-limited test] INFO  impl.MiniRaftCluster (MiniRaftCluster.java:initServers(318)) - servers = {}
2022-12-06 13:03:15,970 [Time-limited test] INFO  impl.MiniRaftCluster (MiniRaftCluster.java:newRaftServer(382)) - newRaftServer: s0, group-BD1198AD89EB:[s0|rpc:localhost:40727|admin:localhost:42117|client:localhost:39843|dataStream:localhost:39837|priority:0|startupRole:FOLLOWER, s1|rpc:localhost:35713|admin:localhost:46153|client:localhost:44441|dataStream:localhost:35971|priority:0|startupRole:FOLLOWER, s2|rpc:localhost:34381|admin:localhost:37429|client:localhost:41515|dataStream:localhost:42945|priority:0|startupRole:FOLLOWER], format? true
2022-12-06 13:03:15,970 [Time-limited test] TRACE util.FileUtils (FileUtils.java:deleteFully(186)) - deleteFully target/test/data/92995839/MiniRaftClusterWithRpcTypeGrpcAndDataStreamTypeNetty6f81f88e/s0
2022-12-06 13:03:15,971 [Time-limited test] TRACE util.FileUtils (FileUtils.java:deleteFully(202)) - deleteFully: target/test/data/92995839/MiniRaftClusterWithRpcTypeGrpcAndDataStreamTypeNetty6f81f88e/s0 does not exist.
2022-12-06 13:03:15,971 [Time-limited test] INFO  impl.MiniRaftCluster (MiniRaftCluster.java:newRaftServer(387)) - Formatted directory target/test/data/92995839/MiniRaftClusterWithRpcTypeGrpcAndDataStreamTypeNetty6f81f88e/s0
2022-12-06 13:03:15,971 [Time-limited test] INFO  server.RaftServer (ConfUtils.java:logGet(46)) - raft.rpc.type = GRPC (default)
2022-12-06 13:03:15,971 [Time-limited test] INFO  grpc.GrpcConfigKeys (ConfUtils.java:logFallback(53)) - raft.grpc.admin.host = null (fallback to raft.grpc.server.host)
2022-12-06 13:03:15,971 [Time-limited test] INFO  grpc.GrpcConfigKeys (ConfUtils.java:logGet(46)) - raft.grpc.admin.port = 42117 (custom)
2022-12-06 13:03:15,971 [Time-limited test] INFO  grpc.GrpcConfigKeys (ConfUtils.java:logFallback(53)) - raft.grpc.client.host = null (fallback to raft.grpc.server.host)
2022-12-06 13:03:15,971 [Time-limited test] INFO  grpc.GrpcConfigKeys (ConfUtils.java:logGet(46)) - raft.grpc.client.port = 39843 (custom)
2022-12-06 13:03:15,971 [Time-limited test] INFO  grpc.GrpcConfigKeys (ConfUtils.java:logGet(46)) - raft.grpc.server.host = null (default)
2022-12-06 13:03:15,971 [Time-limited test] INFO  grpc.GrpcConfigKeys (ConfUtils.java:logGet(46)) - raft.grpc.server.port = 40727 (custom)
2022-12-06 13:03:15,971 [Time-limited test] INFO  server.GrpcService (ConfUtils.java:logGet(46)) - raft.grpc.message.size.max = 64MB (=67108864) (default)
2022-12-06 13:03:15,972 [Time-limited test] INFO  server.RaftServerConfigKeys (ConfUtils.java:logGet(46)) - raft.server.log.appender.buffer.byte-limit = 4MB (=4194304) (default)
2022-12-06 13:03:15,972 [Time-limited test] INFO  server.GrpcService (ConfUtils.java:logGet(46)) - raft.grpc.flow.control.window = 1MB (=1048576) (default)
2022-12-06 13:03:15,972 [Time-limited test] INFO  server.RaftServerConfigKeys (ConfUtils.java:logGet(46)) - raft.server.rpc.request.timeout = 3000ms (default)
2022-12-06 13:03:15,972 [Time-limited test] INFO  grpc.GrpcConfigKeys (ConfUtils.java:logGet(46)) - raft.grpc.server.heartbeat.channel = true (default)
2022-12-06 13:03:15,972 [Time-limited test] INFO  grpc.GrpcConfigKeys (ConfUtils.java:logGet(46)) - raft.grpc.server.async.request.thread.pool.cached = true (default)
2022-12-06 13:03:15,972 [Time-limited test] INFO  grpc.GrpcConfigKeys (ConfUtils.java:logGet(46)) - raft.grpc.server.async.request.thread.pool.size = 32 (default)
2022-12-06 13:03:15,973 [Time-limited test] INFO  impl.DataStreamServerImpl (ConfUtils.java:logGet(46)) - raft.datastream.type = NETTY (custom)
2022-12-06 13:03:15,973 [Time-limited test] INFO  server.RaftServerConfigKeys (ConfUtils.java:logGet(46)) - raft.server.data-stream.async.request.thread.pool.cached = false (default)
2022-12-06 13:03:15,973 [Time-limited test] INFO  server.RaftServerConfigKeys (ConfUtils.java:logGet(46)) - raft.server.data-stream.async.request.thread.pool.size = 32 (default)
2022-12-06 13:03:15,975 [Time-limited test] INFO  server.RaftServerConfigKeys (ConfUtils.java:logGet(46)) - raft.server.data-stream.async.write.thread.pool.size = 16 (default)
2022-12-06 13:03:15,975 [Time-limited test] INFO  server.RaftServerConfigKeys (ConfUtils.java:logGet(46)) - raft.server.data-stream.client.pool.size = 10 (default)
2022-12-06 13:03:15,975 [Time-limited test] INFO  netty.NettyConfigKeys$DataStream (ConfUtils.java:logGet(46)) - raft.netty.dataStream.server.use-epoll = false (default)
2022-12-06 13:03:15,975 [Time-limited test] INFO  netty.NettyConfigKeys$DataStream (ConfUtils.java:logGet(46)) - raft.netty.dataStream.server.boss-group.size = 0 (default)
2022-12-06 13:03:15,976 [Time-limited test] INFO  netty.NettyConfigKeys$DataStream (ConfUtils.java:logGet(46)) - raft.netty.dataStream.server.worker-group.size = 0 (default)
2022-12-06 13:03:15,979 [Time-limited test] INFO  netty.NettyConfigKeys$DataStream (ConfUtils.java:logGet(46)) - raft.netty.dataStream.server.tls.conf = null (default)
2022-12-06 13:03:15,980 [Time-limited test] INFO  netty.NettyConfigKeys$DataStream (ConfUtils.java:logGet(46)) - raft.netty.dataStream.host = null (default)
2022-12-06 13:03:15,980 [Time-limited test] INFO  netty.NettyConfigKeys$DataStream (ConfUtils.java:logGet(46)) - raft.netty.dataStream.port = 39837 (custom)
2022-12-06 13:03:15,985 [Time-limited test] INFO  server.RaftServerConfigKeys (ConfUtils.java:logGet(46)) - raft.server.threadpool.proxy.cached = true (default)
2022-12-06 13:03:15,986 [Time-limited test] INFO  server.RaftServerConfigKeys (ConfUtils.java:logGet(46)) - raft.server.threadpool.proxy.size = 0 (default)
2022-12-06 13:03:15,986 [Time-limited test] INFO  server.RaftServerConfigKeys (ConfUtils.java:logGet(46)) - raft.server.rpc.slowness.timeout = 60s (default)
2022-12-06 13:03:15,986 [Time-limited test] INFO  server.RaftServerConfigKeys (ConfUtils.java:logGet(46)) - raft.server.leaderelection.leader.step-down.wait-time = 10s (default)
2022-12-06 13:03:15,986 [Time-limited test] INFO  server.RaftServerConfigKeys (ConfUtils.java:logGet(46)) - raft.server.storage.dir = [/home/runner/work/ratis/ratis/ratis-test/target/test/data/92995839/MiniRaftClusterWithRpcTypeGrpcAndDataStreamTypeNetty6f81f88e/s0] (custom)
2022-12-06 13:03:15,986 [s0-NettyServerStreamRpc-bossGroup--thread1] INFO  logging.LoggingHandler (AbstractInternalLogger.java:log(148)) - [id: 0x9e711b55] REGISTERED
2022-12-06 13:03:15,990 [s0-NettyServerStreamRpc-bossGroup--thread1] INFO  logging.LoggingHandler (AbstractInternalLogger.java:log(148)) - [id: 0x9e711b55] BIND: 0.0.0.0/0.0.0.0:39837
2022-12-06 13:03:15,990 [s0-NettyServerStreamRpc-bossGroup--thread1] INFO  logging.LoggingHandler (AbstractInternalLogger.java:log(148)) - [id: 0x9e711b55, L:/0.0.0.0:39837] ACTIVE
2022-12-06 13:03:15,988 [pool-10-thread-1] INFO  server.RaftServer$Division (RaftServerImpl.java:<init>(198)) - s0: new RaftServerImpl for group-BD1198AD89EB:[s0|rpc:localhost:40727|admin:localhost:42117|client:localhost:39843|dataStream:localhost:39837|priority:0|startupRole:FOLLOWER, s1|rpc:localhost:35713|admin:localhost:46153|client:localhost:44441|dataStream:localhost:35971|priority:0|startupRole:FOLLOWER, s2|rpc:localhost:34381|admin:localhost:37429|client:localhost:41515|dataStream:localhost:42945|priority:0|startupRole:FOLLOWER] with MultiDataStreamStateMachine:uninitialized
2022-12-06 13:03:15,988 [Time-limited test] INFO  server.RaftServer (RaftServerProxy.java:addNew(99)) - s0: addNew group-BD1198AD89EB:[s0|rpc:localhost:40727|admin:localhost:42117|client:localhost:39843|dataStream:localhost:39837|priority:0|startupRole:FOLLOWER, s1|rpc:localhost:35713|admin:localhost:46153|client:localhost:44441|dataStream:localhost:35971|priority:0|startupRole:FOLLOWER, s2|rpc:localhost:34381|admin:localhost:37429|client:localhost:41515|dataStream:localhost:42945|priority:0|startupRole:FOLLOWER] returns group-BD1198AD89EB:java.util.concurrent.CompletableFuture@1012d72d[Not completed]
2022-12-06 13:03:15,992 [pool-10-thread-1] INFO  server.RaftServerConfigKeys (ConfUtils.java:logGet(46)) - raft.server.rpc.timeout.min = 150ms (default)
2022-12-06 13:03:15,992 [Time-limited test] INFO  impl.MiniRaftCluster (MiniRaftCluster.java:newRaftServer(382)) - newRaftServer: s1, group-BD1198AD89EB:[s0|rpc:localhost:40727|admin:localhost:42117|client:localhost:39843|dataStream:localhost:39837|priority:0|startupRole:FOLLOWER, s1|rpc:localhost:35713|admin:localhost:46153|client:localhost:44441|dataStream:localhost:35971|priority:0|startupRole:FOLLOWER, s2|rpc:localhost:34381|admin:localhost:37429|client:localhost:41515|dataStream:localhost:42945|priority:0|startupRole:FOLLOWER], format? true
2022-12-06 13:03:15,997 [Time-limited test] TRACE util.FileUtils (FileUtils.java:deleteFully(186)) - deleteFully target/test/data/92995839/MiniRaftClusterWithRpcTypeGrpcAndDataStreamTypeNetty6f81f88e/s1
2022-12-06 13:03:15,997 [Time-limited test] TRACE util.FileUtils (FileUtils.java:deleteFully(202)) - deleteFully: target/test/data/92995839/MiniRaftClusterWithRpcTypeGrpcAndDataStreamTypeNetty6f81f88e/s1 does not exist.
2022-12-06 13:03:15,997 [Time-limited test] INFO  impl.MiniRaftCluster (MiniRaftCluster.java:newRaftServer(387)) - Formatted directory target/test/data/92995839/MiniRaftClusterWithRpcTypeGrpcAndDataStreamTypeNetty6f81f88e/s1
2022-12-06 13:03:15,997 [Time-limited test] INFO  server.RaftServer (ConfUtils.java:logGet(46)) - raft.rpc.type = GRPC (default)
2022-12-06 13:03:15,997 [Time-limited test] INFO  grpc.GrpcConfigKeys (ConfUtils.java:logFallback(53)) - raft.grpc.admin.host = null (fallback to raft.grpc.server.host)
2022-12-06 13:03:15,997 [Time-limited test] INFO  grpc.GrpcConfigKeys (ConfUtils.java:logGet(46)) - raft.grpc.admin.port = 46153 (custom)
2022-12-06 13:03:15,997 [Time-limited test] INFO  grpc.GrpcConfigKeys (ConfUtils.java:logFallback(53)) - raft.grpc.client.host = null (fallback to raft.grpc.server.host)
2022-12-06 13:03:15,997 [Time-limited test] INFO  grpc.GrpcConfigKeys (ConfUtils.java:logGet(46)) - raft.grpc.client.port = 44441 (custom)
2022-12-06 13:03:15,997 [Time-limited test] INFO  grpc.GrpcConfigKeys (ConfUtils.java:logGet(46)) - raft.grpc.server.host = null (default)
2022-12-06 13:03:15,997 [Time-limited test] INFO  grpc.GrpcConfigKeys (ConfUtils.java:logGet(46)) - raft.grpc.server.port = 35713 (custom)
2022-12-06 13:03:15,997 [Time-limited test] INFO  server.GrpcService (ConfUtils.java:logGet(46)) - raft.grpc.message.size.max = 64MB (=67108864) (default)
2022-12-06 13:03:15,998 [Time-limited test] INFO  server.RaftServerConfigKeys (ConfUtils.java:logGet(46)) - raft.server.log.appender.buffer.byte-limit = 4MB (=4194304) (default)
2022-12-06 13:03:15,998 [Time-limited test] INFO  server.GrpcService (ConfUtils.java:logGet(46)) - raft.grpc.flow.control.window = 1MB (=1048576) (default)
2022-12-06 13:03:15,998 [Time-limited test] INFO  server.RaftServerConfigKeys (ConfUtils.java:logGet(46)) - raft.server.rpc.request.timeout = 3000ms (default)
2022-12-06 13:03:15,998 [Time-limited test] INFO  grpc.GrpcConfigKeys (ConfUtils.java:logGet(46)) - raft.grpc.server.heartbeat.channel = true (default)
2022-12-06 13:03:15,998 [Time-limited test] INFO  grpc.GrpcConfigKeys (ConfUtils.java:logGet(46)) - raft.grpc.server.async.request.thread.pool.cached = true (default)
2022-12-06 13:03:15,998 [Time-limited test] INFO  grpc.GrpcConfigKeys (ConfUtils.java:logGet(46)) - raft.grpc.server.async.request.thread.pool.size = 32 (default)
2022-12-06 13:03:15,999 [Time-limited test] INFO  impl.DataStreamServerImpl (ConfUtils.java:logGet(46)) - raft.datastream.type = NETTY (custom)
2022-12-06 13:03:15,999 [Time-limited test] INFO  server.RaftServerConfigKeys (ConfUtils.java:logGet(46)) - raft.server.data-stream.async.request.thread.pool.cached = false (default)
2022-12-06 13:03:15,999 [Time-limited test] INFO  server.RaftServerConfigKeys (ConfUtils.java:logGet(46)) - raft.server.data-stream.async.request.thread.pool.size = 32 (default)
2022-12-06 13:03:15,999 [Time-limited test] INFO  server.RaftServerConfigKeys (ConfUtils.java:logGet(46)) - raft.server.data-stream.async.write.thread.pool.size = 16 (default)
2022-12-06 13:03:15,999 [Time-limited test] INFO  server.RaftServerConfigKeys (ConfUtils.java:logGet(46)) - raft.server.data-stream.client.pool.size = 10 (default)
2022-12-06 13:03:15,999 [Time-limited test] INFO  netty.NettyConfigKeys$DataStream (ConfUtils.java:logGet(46)) - raft.netty.dataStream.server.use-epoll = false (default)
2022-12-06 13:03:15,999 [Time-limited test] INFO  netty.NettyConfigKeys$DataStream (ConfUtils.java:logGet(46)) - raft.netty.dataStream.server.boss-group.size = 0 (default)
2022-12-06 13:03:15,999 [Time-limited test] INFO  netty.NettyConfigKeys$DataStream (ConfUtils.java:logGet(46)) - raft.netty.dataStream.server.worker-group.size = 0 (default)
2022-12-06 13:03:16,000 [Time-limited test] INFO  netty.NettyConfigKeys$DataStream (ConfUtils.java:logGet(46)) - raft.netty.dataStream.server.tls.conf = null (default)
2022-12-06 13:03:16,000 [Time-limited test] INFO  netty.NettyConfigKeys$DataStream (ConfUtils.java:logGet(46)) - raft.netty.dataStream.host = null (default)
2022-12-06 13:03:16,002 [Time-limited test] INFO  netty.NettyConfigKeys$DataStream (ConfUtils.java:logGet(46)) - raft.netty.dataStream.port = 35971 (custom)
2022-12-06 13:03:16,002 [Time-limited test] INFO  server.RaftServerConfigKeys (ConfUtils.java:logGet(46)) - raft.server.threadpool.proxy.cached = true (default)
2022-12-06 13:03:16,002 [Time-limited test] INFO  server.RaftServerConfigKeys (ConfUtils.java:logGet(46)) - raft.server.threadpool.proxy.size = 0 (default)
2022-12-06 13:03:16,002 [Time-limited test] INFO  server.RaftServerConfigKeys (ConfUtils.java:logGet(46)) - raft.server.rpc.slowness.timeout = 60s (default)
2022-12-06 13:03:16,002 [Time-limited test] INFO  server.RaftServerConfigKeys (ConfUtils.java:logGet(46)) - raft.server.leaderelection.leader.step-down.wait-time = 10s (default)
2022-12-06 13:03:16,002 [Time-limited test] INFO  server.RaftServerConfigKeys (ConfUtils.java:logGet(46)) - raft.server.storage.dir = [/home/runner/work/ratis/ratis/ratis-test/target/test/data/92995839/MiniRaftClusterWithRpcTypeGrpcAndDataStreamTypeNetty6f81f88e/s1] (custom)
2022-12-06 13:03:16,003 [s1-NettyServerStreamRpc-bossGroup--thread1] INFO  logging.LoggingHandler (AbstractInternalLogger.java:log(148)) - [id: 0xf77ac73b] REGISTERED
2022-12-06 13:03:16,005 [s1-NettyServerStreamRpc-bossGroup--thread1] INFO  logging.LoggingHandler (AbstractInternalLogger.java:log(148)) - [id: 0xf77ac73b] BIND: 0.0.0.0/0.0.0.0:35971
2022-12-06 13:03:16,005 [s1-NettyServerStreamRpc-bossGroup--thread1] INFO  logging.LoggingHandler (AbstractInternalLogger.java:log(148)) - [id: 0xf77ac73b, L:/0.0.0.0:35971] ACTIVE
2022-12-06 13:03:16,004 [pool-11-thread-1] INFO  server.RaftServer$Division (RaftServerImpl.java:<init>(198)) - s1: new RaftServerImpl for group-BD1198AD89EB:[s0|rpc:localhost:40727|admin:localhost:42117|client:localhost:39843|dataStream:localhost:39837|priority:0|startupRole:FOLLOWER, s1|rpc:localhost:35713|admin:localhost:46153|client:localhost:44441|dataStream:localhost:35971|priority:0|startupRole:FOLLOWER, s2|rpc:localhost:34381|admin:localhost:37429|client:localhost:41515|dataStream:localhost:42945|priority:0|startupRole:FOLLOWER] with MultiDataStreamStateMachine:uninitialized
2022-12-06 13:03:16,003 [Time-limited test] INFO  server.RaftServer (RaftServerProxy.java:addNew(99)) - s1: addNew group-BD1198AD89EB:[s0|rpc:localhost:40727|admin:localhost:42117|client:localhost:39843|dataStream:localhost:39837|priority:0|startupRole:FOLLOWER, s1|rpc:localhost:35713|admin:localhost:46153|client:localhost:44441|dataStream:localhost:35971|priority:0|startupRole:FOLLOWER, s2|rpc:localhost:34381|admin:localhost:37429|client:localhost:41515|dataStream:localhost:42945|priority:0|startupRole:FOLLOWER] returns group-BD1198AD89EB:java.util.concurrent.CompletableFuture@18beec34[Not completed]
2022-12-06 13:03:16,003 [pool-10-thread-1] INFO  server.RaftServerConfigKeys (ConfUtils.java:logGet(46)) - raft.server.rpc.timeout.max = 300ms (default)
2022-12-06 13:03:16,006 [pool-10-thread-1] INFO  server.RaftServerConfigKeys (ConfUtils.java:logGet(46)) - raft.server.rpc.sleep.time = 25ms (default)
2022-12-06 13:03:16,006 [pool-10-thread-1] INFO  server.RaftServerConfigKeys (ConfUtils.java:logGet(46)) - raft.server.rpc.slowness.timeout = 60s (default)
2022-12-06 13:03:16,006 [pool-10-thread-1] INFO  server.RaftServerConfigKeys (ConfUtils.java:logGet(46)) - raft.server.leaderelection.leader.step-down.wait-time = 10s (default)
2022-12-06 13:03:16,006 [pool-10-thread-1] INFO  server.RaftServerConfigKeys (ConfUtils.java:logGet(46)) - raft.server.sleep.deviation.threshold = 300ms (default)
2022-12-06 13:03:16,006 [pool-10-thread-1] INFO  server.RaftServer$Division (ServerState.java:<init>(113)) - s0@group-BD1198AD89EB: ConfigurationManager, init=-1: peers:[s0|rpc:localhost:40727|admin:localhost:42117|client:localhost:39843|dataStream:localhost:39837|priority:0|startupRole:FOLLOWER, s1|rpc:localhost:35713|admin:localhost:46153|client:localhost:44441|dataStream:localhost:35971|priority:0|startupRole:FOLLOWER, s2|rpc:localhost:34381|admin:localhost:37429|client:localhost:41515|dataStream:localhost:42945|priority:0|startupRole:FOLLOWER]|listeners:[], old=null, confs=<EMPTY_MAP>
2022-12-06 13:03:16,006 [pool-10-thread-1] INFO  server.RaftServerConfigKeys (ConfUtils.java:logGet(46)) - raft.server.notification.no-leader.timeout = 60s (default)
2022-12-06 13:03:16,006 [pool-10-thread-1] INFO  server.RaftServerConfigKeys (ConfUtils.java:logGet(46)) - raft.server.read.timeout = 10s (default)
2022-12-06 13:03:16,006 [pool-10-thread-1] INFO  server.RaftServerConfigKeys (ConfUtils.java:logGet(46)) - raft.server.retrycache.expirytime = 60s (default)
2022-12-06 13:03:16,006 [pool-10-thread-1] INFO  server.RaftServerConfigKeys (ConfUtils.java:logGet(46)) - raft.server.retrycache.statistics.expirytime = 100μs (default)
2022-12-06 13:03:16,007 [pool-10-thread-1] INFO  server.RaftServerConfigKeys (ConfUtils.java:logGet(46)) - raft.server.read.option = DEFAULT (default)
2022-12-06 13:03:16,008 [pool-10-thread-1] INFO  server.RaftServerConfigKeys (ConfUtils.java:logGet(46)) - raft.server.log.appender.install.snapshot.enabled = true (default)
2022-12-06 13:03:16,008 [pool-10-thread-1] INFO  server.RaftServerConfigKeys (ConfUtils.java:logGet(46)) - raft.server.threadpool.server.cached = true (default)
2022-12-06 13:03:16,008 [pool-10-thread-1] INFO  server.RaftServerConfigKeys (ConfUtils.java:logGet(46)) - raft.server.threadpool.server.size = 0 (default)
2022-12-06 13:03:16,008 [pool-10-thread-1] INFO  server.RaftServerConfigKeys (ConfUtils.java:logGet(46)) - raft.server.threadpool.client.cached = true (default)
2022-12-06 13:03:16,008 [pool-10-thread-1] INFO  server.RaftServerConfigKeys (ConfUtils.java:logGet(46)) - raft.server.threadpool.client.size = 0 (default)
2022-12-06 13:03:16,010 [Time-limited test] INFO  impl.MiniRaftCluster (MiniRaftCluster.java:newRaftServer(382)) - newRaftServer: s2, group-BD1198AD89EB:[s0|rpc:localhost:40727|admin:localhost:42117|client:localhost:39843|dataStream:localhost:39837|priority:0|startupRole:FOLLOWER, s1|rpc:localhost:35713|admin:localhost:46153|client:localhost:44441|dataStream:localhost:35971|priority:0|startupRole:FOLLOWER, s2|rpc:localhost:34381|admin:localhost:37429|client:localhost:41515|dataStream:localhost:42945|priority:0|startupRole:FOLLOWER], format? true
2022-12-06 13:03:16,014 [Time-limited test] TRACE util.FileUtils (FileUtils.java:deleteFully(186)) - deleteFully target/test/data/92995839/MiniRaftClusterWithRpcTypeGrpcAndDataStreamTypeNetty6f81f88e/s2
2022-12-06 13:03:16,014 [Time-limited test] TRACE util.FileUtils (FileUtils.java:deleteFully(202)) - deleteFully: target/test/data/92995839/MiniRaftClusterWithRpcTypeGrpcAndDataStreamTypeNetty6f81f88e/s2 does not exist.
2022-12-06 13:03:16,014 [Time-limited test] INFO  impl.MiniRaftCluster (MiniRaftCluster.java:newRaftServer(387)) - Formatted directory target/test/data/92995839/MiniRaftClusterWithRpcTypeGrpcAndDataStreamTypeNetty6f81f88e/s2
2022-12-06 13:03:16,015 [Time-limited test] INFO  server.RaftServer (ConfUtils.java:logGet(46)) - raft.rpc.type = GRPC (default)
2022-12-06 13:03:16,015 [Time-limited test] INFO  grpc.GrpcConfigKeys (ConfUtils.java:logFallback(53)) - raft.grpc.admin.host = null (fallback to raft.grpc.server.host)
2022-12-06 13:03:16,015 [Time-limited test] INFO  grpc.GrpcConfigKeys (ConfUtils.java:logGet(46)) - raft.grpc.admin.port = 37429 (custom)
2022-12-06 13:03:16,015 [Time-limited test] INFO  grpc.GrpcConfigKeys (ConfUtils.java:logFallback(53)) - raft.grpc.client.host = null (fallback to raft.grpc.server.host)
2022-12-06 13:03:16,015 [Time-limited test] INFO  grpc.GrpcConfigKeys (ConfUtils.java:logGet(46)) - raft.grpc.client.port = 41515 (custom)
2022-12-06 13:03:16,015 [Time-limited test] INFO  grpc.GrpcConfigKeys (ConfUtils.java:logGet(46)) - raft.grpc.server.host = null (default)
2022-12-06 13:03:16,015 [Time-limited test] INFO  grpc.GrpcConfigKeys (ConfUtils.java:logGet(46)) - raft.grpc.server.port = 34381 (custom)
2022-12-06 13:03:16,015 [Time-limited test] INFO  server.GrpcService (ConfUtils.java:logGet(46)) - raft.grpc.message.size.max = 64MB (=67108864) (default)
2022-12-06 13:03:16,015 [Time-limited test] INFO  server.RaftServerConfigKeys (ConfUtils.java:logGet(46)) - raft.server.log.appender.buffer.byte-limit = 4MB (=4194304) (default)
2022-12-06 13:03:16,015 [Time-limited test] INFO  server.GrpcService (ConfUtils.java:logGet(46)) - raft.grpc.flow.control.window = 1MB (=1048576) (default)
2022-12-06 13:03:16,015 [Time-limited test] INFO  server.RaftServerConfigKeys (ConfUtils.java:logGet(46)) - raft.server.rpc.request.timeout = 3000ms (default)
2022-12-06 13:03:16,015 [Time-limited test] INFO  grpc.GrpcConfigKeys (ConfUtils.java:logGet(46)) - raft.grpc.server.heartbeat.channel = true (default)
2022-12-06 13:03:16,015 [Time-limited test] INFO  grpc.GrpcConfigKeys (ConfUtils.java:logGet(46)) - raft.grpc.server.async.request.thread.pool.cached = true (default)
2022-12-06 13:03:16,015 [Time-limited test] INFO  grpc.GrpcConfigKeys (ConfUtils.java:logGet(46)) - raft.grpc.server.async.request.thread.pool.size = 32 (default)
2022-12-06 13:03:16,016 [Time-limited test] INFO  impl.DataStreamServerImpl (ConfUtils.java:logGet(46)) - raft.datastream.type = NETTY (custom)
2022-12-06 13:03:16,016 [Time-limited test] INFO  server.RaftServerConfigKeys (ConfUtils.java:logGet(46)) - raft.server.data-stream.async.request.thread.pool.cached = false (default)
2022-12-06 13:03:16,016 [Time-limited test] INFO  server.RaftServerConfigKeys (ConfUtils.java:logGet(46)) - raft.server.data-stream.async.request.thread.pool.size = 32 (default)
2022-12-06 13:03:16,017 [Time-limited test] INFO  server.RaftServerConfigKeys (ConfUtils.java:logGet(46)) - raft.server.data-stream.async.write.thread.pool.size = 16 (default)
2022-12-06 13:03:16,017 [Time-limited test] INFO  server.RaftServerConfigKeys (ConfUtils.java:logGet(46)) - raft.server.data-stream.client.pool.size = 10 (default)
2022-12-06 13:03:16,017 [Time-limited test] INFO  netty.NettyConfigKeys$DataStream (ConfUtils.java:logGet(46)) - raft.netty.dataStream.server.use-epoll = false (default)
2022-12-06 13:03:16,017 [Time-limited test] INFO  netty.NettyConfigKeys$DataStream (ConfUtils.java:logGet(46)) - raft.netty.dataStream.server.boss-group.size = 0 (default)
2022-12-06 13:03:16,010 [pool-11-thread-1] INFO  server.RaftServerConfigKeys (ConfUtils.java:logGet(46)) - raft.server.rpc.timeout.min = 150ms (default)
2022-12-06 13:03:16,025 [pool-11-thread-1] INFO  server.RaftServerConfigKeys (ConfUtils.java:logGet(46)) - raft.server.rpc.timeout.max = 300ms (default)
2022-12-06 13:03:16,025 [pool-11-thread-1] INFO  server.RaftServerConfigKeys (ConfUtils.java:logGet(46)) - raft.server.rpc.sleep.time = 25ms (default)
2022-12-06 13:03:16,025 [pool-11-thread-1] INFO  server.RaftServerConfigKeys (ConfUtils.java:logGet(46)) - raft.server.rpc.slowness.timeout = 60s (default)
2022-12-06 13:03:16,025 [pool-11-thread-1] INFO  server.RaftServerConfigKeys (ConfUtils.java:logGet(46)) - raft.server.leaderelection.leader.step-down.wait-time = 10s (default)
2022-12-06 13:03:16,025 [pool-11-thread-1] INFO  server.RaftServerConfigKeys (ConfUtils.java:logGet(46)) - raft.server.sleep.deviation.threshold = 300ms (default)
2022-12-06 13:03:16,025 [pool-11-thread-1] INFO  server.RaftServer$Division (ServerState.java:<init>(113)) - s1@group-BD1198AD89EB: ConfigurationManager, init=-1: peers:[s0|rpc:localhost:40727|admin:localhost:42117|client:localhost:39843|dataStream:localhost:39837|priority:0|startupRole:FOLLOWER, s1|rpc:localhost:35713|admin:localhost:46153|client:localhost:44441|dataStream:localhost:35971|priority:0|startupRole:FOLLOWER, s2|rpc:localhost:34381|admin:localhost:37429|client:localhost:41515|dataStream:localhost:42945|priority:0|startupRole:FOLLOWER]|listeners:[], old=null, confs=<EMPTY_MAP>
2022-12-06 13:03:16,025 [pool-11-thread-1] INFO  server.RaftServerConfigKeys (ConfUtils.java:logGet(46)) - raft.server.notification.no-leader.timeout = 60s (default)
2022-12-06 13:03:16,025 [pool-11-thread-1] INFO  server.RaftServerConfigKeys (ConfUtils.java:logGet(46)) - raft.server.read.timeout = 10s (default)
2022-12-06 13:03:16,025 [pool-11-thread-1] INFO  server.RaftServerConfigKeys (ConfUtils.java:logGet(46)) - raft.server.retrycache.expirytime = 60s (default)
2022-12-06 13:03:16,025 [pool-11-thread-1] INFO  server.RaftServerConfigKeys (ConfUtils.java:logGet(46)) - raft.server.retrycache.statistics.expirytime = 100μs (default)
2022-12-06 13:03:16,025 [pool-11-thread-1] INFO  server.RaftServerConfigKeys (ConfUtils.java:logGet(46)) - raft.server.read.option = DEFAULT (default)
2022-12-06 13:03:16,027 [pool-11-thread-1] INFO  server.RaftServerConfigKeys (ConfUtils.java:logGet(46)) - raft.server.log.appender.install.snapshot.enabled = true (default)
2022-12-06 13:03:16,029 [pool-11-thread-1] INFO  server.RaftServerConfigKeys (ConfUtils.java:logGet(46)) - raft.server.threadpool.server.cached = true (default)
2022-12-06 13:03:16,029 [pool-11-thread-1] INFO  server.RaftServerConfigKeys (ConfUtils.java:logGet(46)) - raft.server.threadpool.server.size = 0 (default)
2022-12-06 13:03:16,029 [pool-11-thread-1] INFO  server.RaftServerConfigKeys (ConfUtils.java:logGet(46)) - raft.server.threadpool.client.cached = true (default)
2022-12-06 13:03:16,029 [pool-11-thread-1] INFO  server.RaftServerConfigKeys (ConfUtils.java:logGet(46)) - raft.server.threadpool.client.size = 0 (default)
2022-12-06 13:03:16,020 [Time-limited test] INFO  netty.NettyConfigKeys$DataStream (ConfUtils.java:logGet(46)) - raft.netty.dataStream.server.worker-group.size = 0 (default)
2022-12-06 13:03:16,030 [Time-limited test] INFO  netty.NettyConfigKeys$DataStream (ConfUtils.java:logGet(46)) - raft.netty.dataStream.server.tls.conf = null (default)
2022-12-06 13:03:16,030 [Time-limited test] INFO  netty.NettyConfigKeys$DataStream (ConfUtils.java:logGet(46)) - raft.netty.dataStream.host = null (default)
2022-12-06 13:03:16,030 [Time-limited test] INFO  netty.NettyConfigKeys$DataStream (ConfUtils.java:logGet(46)) - raft.netty.dataStream.port = 42945 (custom)
2022-12-06 13:03:16,036 [Time-limited test] INFO  server.RaftServerConfigKeys (ConfUtils.java:logGet(46)) - raft.server.threadpool.proxy.cached = true (default)
2022-12-06 13:03:16,036 [Time-limited test] INFO  server.RaftServerConfigKeys (ConfUtils.java:logGet(46)) - raft.server.threadpool.proxy.size = 0 (default)
2022-12-06 13:03:16,037 [Time-limited test] INFO  server.RaftServerConfigKeys (ConfUtils.java:logGet(46)) - raft.server.rpc.slowness.timeout = 60s (default)
2022-12-06 13:03:16,037 [s2-NettyServerStreamRpc-bossGroup--thread1] INFO  logging.LoggingHandler (AbstractInternalLogger.java:log(148)) - [id: 0x901d39e7] REGISTERED
2022-12-06 13:03:16,037 [Time-limited test] INFO  server.RaftServerConfigKeys (ConfUtils.java:logGet(46)) - raft.server.leaderelection.leader.step-down.wait-time = 10s (default)
2022-12-06 13:03:16,037 [s2-NettyServerStreamRpc-bossGroup--thread1] INFO  logging.LoggingHandler (AbstractInternalLogger.java:log(148)) - [id: 0x901d39e7] BIND: 0.0.0.0/0.0.0.0:42945
2022-12-06 13:03:16,037 [s2-NettyServerStreamRpc-bossGroup--thread1] INFO  logging.LoggingHandler (AbstractInternalLogger.java:log(148)) - [id: 0x901d39e7, L:/0.0.0.0:42945] ACTIVE
2022-12-06 13:03:16,037 [Time-limited test] INFO  server.RaftServerConfigKeys (ConfUtils.java:logGet(46)) - raft.server.storage.dir = [/home/runner/work/ratis/ratis/ratis-test/target/test/data/92995839/MiniRaftClusterWithRpcTypeGrpcAndDataStreamTypeNetty6f81f88e/s2] (custom)
2022-12-06 13:03:16,050 [Time-limited test] INFO  server.RaftServer (RaftServerProxy.java:addNew(99)) - s2: addNew group-BD1198AD89EB:[s0|rpc:localhost:40727|admin:localhost:42117|client:localhost:39843|dataStream:localhost:39837|priority:0|startupRole:FOLLOWER, s1|rpc:localhost:35713|admin:localhost:46153|client:localhost:44441|dataStream:localhost:35971|priority:0|startupRole:FOLLOWER, s2|rpc:localhost:34381|admin:localhost:37429|client:localhost:41515|dataStream:localhost:42945|priority:0|startupRole:FOLLOWER] returns group-BD1198AD89EB:java.util.concurrent.CompletableFuture@52ce54ac[Not completed]
2022-12-06 13:03:16,051 [s0-impl-thread1] INFO  server.RaftServerConfigKeys (ConfUtils.java:logGet(46)) - raft.server.storage.free-space.min = 0MB (=0) (default)
2022-12-06 13:03:16,051 [s0-impl-thread1] INFO  server.RaftServerConfigKeys (ConfUtils.java:logGet(46)) - raft.server.log.corruption.policy = EXCEPTION (default)
2022-12-06 13:03:16,051 [s0-impl-thread1] INFO  server.RaftServerConfigKeys (ConfUtils.java:logGet(46)) - raft.server.storage.dir = [/home/runner/work/ratis/ratis/ratis-test/target/test/data/92995839/MiniRaftClusterWithRpcTypeGrpcAndDataStreamTypeNetty6f81f88e/s0] (custom)
2022-12-06 13:03:16,052 [s0-impl-thread1] INFO  storage.RaftStorageDirectory (RaftStorageDirectoryImpl.java:analyzeStorage(138)) - The storage directory /home/runner/work/ratis/ratis/ratis-test/target/test/data/92995839/MiniRaftClusterWithRpcTypeGrpcAndDataStreamTypeNetty6f81f88e/s0/8b539dba-b40c-45c5-8ebc-bd1198ad89eb does not exist. Creating ...
2022-12-06 13:03:16,052 [pool-12-thread-1] INFO  server.RaftServer$Division (RaftServerImpl.java:<init>(198)) - s2: new RaftServerImpl for group-BD1198AD89EB:[s0|rpc:localhost:40727|admin:localhost:42117|client:localhost:39843|dataStream:localhost:39837|priority:0|startupRole:FOLLOWER, s1|rpc:localhost:35713|admin:localhost:46153|client:localhost:44441|dataStream:localhost:35971|priority:0|startupRole:FOLLOWER, s2|rpc:localhost:34381|admin:localhost:37429|client:localhost:41515|dataStream:localhost:42945|priority:0|startupRole:FOLLOWER] with MultiDataStreamStateMachine:uninitialized
2022-12-06 13:03:16,052 [s0-impl-thread1] TRACE util.FileUtils (LogUtils.java:runAndLog(49)) - Successfully ran Files.createDirectories /home/runner/work/ratis/ratis/ratis-test/target/test/data/92995839/MiniRaftClusterWithRpcTypeGrpcAndDataStreamTypeNetty6f81f88e/s0/8b539dba-b40c-45c5-8ebc-bd1198ad89eb
2022-12-06 13:03:16,053 [pool-12-thread-1] INFO  server.RaftServerConfigKeys (ConfUtils.java:logGet(46)) - raft.server.rpc.timeout.min = 150ms (default)
2022-12-06 13:03:16,054 [s0-impl-thread1] INFO  storage.RaftStorageDirectory (RaftStorageDirectoryImpl.java:tryLock(232)) - Lock on /home/runner/work/ratis/ratis/ratis-test/target/test/data/92995839/MiniRaftClusterWithRpcTypeGrpcAndDataStreamTypeNetty6f81f88e/s0/8b539dba-b40c-45c5-8ebc-bd1198ad89eb/in_use.lock acquired by nodename 2287@fv-az186-476
2022-12-06 13:03:16,054 [pool-12-thread-1] INFO  server.RaftServerConfigKeys (ConfUtils.java:logGet(46)) - raft.server.rpc.timeout.max = 300ms (default)
2022-12-06 13:03:16,054 [pool-12-thread-1] INFO  server.RaftServerConfigKeys (ConfUtils.java:logGet(46)) - raft.server.rpc.sleep.time = 25ms (default)
2022-12-06 13:03:16,054 [s0-impl-thread1] TRACE util.FileUtils (LogUtils.java:runAndLog(49)) - Successfully ran Files.createDirectories /home/runner/work/ratis/ratis/ratis-test/target/test/data/92995839/MiniRaftClusterWithRpcTypeGrpcAndDataStreamTypeNetty6f81f88e/s0/8b539dba-b40c-45c5-8ebc-bd1198ad89eb/current
2022-12-06 13:03:16,054 [pool-12-thread-1] INFO  server.RaftServerConfigKeys (ConfUtils.java:logGet(46)) - raft.server.rpc.slowness.timeout = 60s (default)
2022-12-06 13:03:16,055 [pool-12-thread-1] INFO  server.RaftServerConfigKeys (ConfUtils.java:logGet(46)) - raft.server.leaderelection.leader.step-down.wait-time = 10s (default)
2022-12-06 13:03:16,055 [s0-impl-thread1] TRACE util.FileUtils (LogUtils.java:runAndLog(49)) - Successfully ran Files.createDirectories /home/runner/work/ratis/ratis/ratis-test/target/test/data/92995839/MiniRaftClusterWithRpcTypeGrpcAndDataStreamTypeNetty6f81f88e/s0/8b539dba-b40c-45c5-8ebc-bd1198ad89eb/sm
2022-12-06 13:03:16,055 [pool-12-thread-1] INFO  server.RaftServerConfigKeys (ConfUtils.java:logGet(46)) - raft.server.sleep.deviation.threshold = 300ms (default)
2022-12-06 13:03:16,055 [pool-12-thread-1] INFO  server.RaftServer$Division (ServerState.java:<init>(113)) - s2@group-BD1198AD89EB: ConfigurationManager, init=-1: peers:[s0|rpc:localhost:40727|admin:localhost:42117|client:localhost:39843|dataStream:localhost:39837|priority:0|startupRole:FOLLOWER, s1|rpc:localhost:35713|admin:localhost:46153|client:localhost:44441|dataStream:localhost:35971|priority:0|startupRole:FOLLOWER, s2|rpc:localhost:34381|admin:localhost:37429|client:localhost:41515|dataStream:localhost:42945|priority:0|startupRole:FOLLOWER]|listeners:[], old=null, confs=<EMPTY_MAP>
2022-12-06 13:03:16,055 [pool-12-thread-1] INFO  server.RaftServerConfigKeys (ConfUtils.java:logGet(46)) - raft.server.notification.no-leader.timeout = 60s (default)
2022-12-06 13:03:16,056 [s0-impl-thread1] INFO  storage.RaftStorage (RaftStorageImpl.java:format(96)) - Storage directory /home/runner/work/ratis/ratis/ratis-test/target/test/data/92995839/MiniRaftClusterWithRpcTypeGrpcAndDataStreamTypeNetty6f81f88e/s0/8b539dba-b40c-45c5-8ebc-bd1198ad89eb has been successfully formatted.
2022-12-06 13:03:16,056 [pool-12-thread-1] INFO  server.RaftServerConfigKeys (ConfUtils.java:logGet(46)) - raft.server.read.timeout = 10s (default)
2022-12-06 13:03:16,057 [s0-impl-thread1] INFO  server.RaftServerConfigKeys (ConfUtils.java:logGet(46)) - raft.server.log.use.memory = false (default)
2022-12-06 13:03:16,057 [pool-12-thread-1] INFO  server.RaftServerConfigKeys (ConfUtils.java:logGet(46)) - raft.server.retrycache.expirytime = 60s (default)
2022-12-06 13:03:16,057 [s0-impl-thread1] INFO  server.RaftServerConfigKeys (ConfUtils.java:logGet(46)) - raft.server.log.purge.gap = 1024 (default)
2022-12-06 13:03:16,057 [s0-impl-thread1] INFO  server.RaftServerConfigKeys (ConfUtils.java:logGet(46)) - raft.server.log.appender.buffer.byte-limit = 4MB (=4194304) (default)
2022-12-06 13:03:16,057 [pool-12-thread-1] INFO  server.RaftServerConfigKeys (ConfUtils.java:logGet(46)) - raft.server.retrycache.statistics.expirytime = 100μs (default)
2022-12-06 13:03:16,057 [s0-impl-thread1] INFO  server.RaftServerConfigKeys (ConfUtils.java:logGet(46)) - raft.server.log.statemachine.data.read.timeout = 1000ms (default)
2022-12-06 13:03:16,057 [s0-impl-thread1] INFO  server.RaftServerConfigKeys (ConfUtils.java:logGet(46)) - raft.server.log.purge.preservation.log.num = 0 (default)
2022-12-06 13:03:16,057 [pool-12-thread-1] INFO  server.RaftServerConfigKeys (ConfUtils.java:logGet(46)) - raft.server.read.option = DEFAULT (default)
2022-12-06 13:03:16,058 [s0-impl-thread1] INFO  server.RaftServerConfigKeys (ConfUtils.java:logGet(46)) - raft.server.log.segment.size.max = 8MB (=8388608) (default)
2022-12-06 13:03:16,058 [s0-impl-thread1] INFO  server.RaftServerConfigKeys (ConfUtils.java:logGet(46)) - raft.server.log.segment.cache.num.max = 6 (default)
2022-12-06 13:03:16,058 [s0-impl-thread1] INFO  server.RaftServerConfigKeys (ConfUtils.java:logGet(46)) - raft.server.log.segment.cache.size.max = 200MB (=209715200) (default)
2022-12-06 13:03:16,058 [s0-impl-thread1] INFO  segmented.SegmentedRaftLogWorker (SegmentedRaftLogWorker.java:<init>(184)) - new s0@group-BD1198AD89EB-SegmentedRaftLogWorker for RaftStorageImpl:Storage Directory /home/runner/work/ratis/ratis/ratis-test/target/test/data/92995839/MiniRaftClusterWithRpcTypeGrpcAndDataStreamTypeNetty6f81f88e/s0/8b539dba-b40c-45c5-8ebc-bd1198ad89eb
2022-12-06 13:03:16,058 [s0-impl-thread1] INFO  server.RaftServerConfigKeys (ConfUtils.java:logGet(46)) - raft.server.log.queue.byte-limit = 64MB (=67108864) (default)
2022-12-06 13:03:16,058 [s0-impl-thread1] INFO  server.RaftServerConfigKeys (ConfUtils.java:logGet(46)) - raft.server.log.queue.element-limit = 4096 (default)
2022-12-06 13:03:16,058 [s0-impl-thread1] INFO  server.RaftServerConfigKeys (ConfUtils.java:logGet(46)) - raft.server.log.segment.size.max = 8MB (=8388608) (default)
2022-12-06 13:03:16,058 [s0-impl-thread1] INFO  server.RaftServerConfigKeys (ConfUtils.java:logGet(46)) - raft.server.log.preallocated.size = 4MB (=4194304) (default)
2022-12-06 13:03:16,058 [s0-impl-thread1] INFO  server.RaftServerConfigKeys (ConfUtils.java:logGet(46)) - raft.server.log.force.sync.num = 128 (default)
2022-12-06 13:03:16,058 [s0-impl-thread1] INFO  server.RaftServerConfigKeys (ConfUtils.java:logGet(46)) - raft.server.log.statemachine.data.sync = true (default)
2022-12-06 13:03:16,058 [s0-impl-thread1] INFO  server.RaftServerConfigKeys (ConfUtils.java:logGet(46)) - raft.server.log.statemachine.data.sync.timeout = 10s (default)
2022-12-06 13:03:16,058 [s0-impl-thread1] INFO  server.RaftServerConfigKeys (ConfUtils.java:logGet(46)) - raft.server.log.statemachine.data.sync.timeout.retry = -1 (default)
2022-12-06 13:03:16,059 [s0-impl-thread1] INFO  server.RaftServerConfigKeys (ConfUtils.java:logGet(46)) - raft.server.log.write.buffer.size = 64KB (=65536) (default)
2022-12-06 13:03:16,059 [s0-impl-thread1] INFO  server.RaftServerConfigKeys (ConfUtils.java:logGet(46)) - raft.server.log.appender.buffer.byte-limit = 4MB (=4194304) (default)
2022-12-06 13:03:16,059 [pool-12-thread-1] INFO  server.RaftServerConfigKeys (ConfUtils.java:logGet(46)) - raft.server.log.appender.install.snapshot.enabled = true (default)
2022-12-06 13:03:16,059 [pool-12-thread-1] INFO  server.RaftServerConfigKeys (ConfUtils.java:logGet(46)) - raft.server.threadpool.server.cached = true (default)
2022-12-06 13:03:16,059 [pool-12-thread-1] INFO  server.RaftServerConfigKeys (ConfUtils.java:logGet(46)) - raft.server.threadpool.server.size = 0 (default)
2022-12-06 13:03:16,059 [pool-12-thread-1] INFO  server.RaftServerConfigKeys (ConfUtils.java:logGet(46)) - raft.server.threadpool.client.cached = true (default)
2022-12-06 13:03:16,059 [pool-12-thread-1] INFO  server.RaftServerConfigKeys (ConfUtils.java:logGet(46)) - raft.server.threadpool.client.size = 0 (default)
2022-12-06 13:03:16,059 [s0-impl-thread1] INFO  server.RaftServerConfigKeys (ConfUtils.java:logGet(46)) - raft.server.log.unsafe-flush.enabled = false (default)
2022-12-06 13:03:16,059 [s0-impl-thread1] INFO  server.RaftServerConfigKeys (ConfUtils.java:logGet(46)) - raft.server.log.async-flush.enabled = false (default)
2022-12-06 13:03:16,059 [s0-impl-thread1] INFO  server.RaftServerConfigKeys (ConfUtils.java:logGet(46)) - raft.server.log.statemachine.data.caching.enabled = false (default)
2022-12-06 13:03:16,060 [s0-impl-thread1] INFO  segmented.SegmentedRaftLogWorker (SegmentedRaftLogWorker.java:lambda$new$0(134)) - s0@group-BD1198AD89EB-SegmentedRaftLogWorker: flushIndex: setUnconditionally 0 -> -1
2022-12-06 13:03:16,060 [s0-impl-thread1] INFO  segmented.SegmentedRaftLogWorker (SegmentedRaftLogWorker.java:lambda$new$0(134)) - s0@group-BD1198AD89EB-SegmentedRaftLogWorker: safeCacheEvictIndex: setUnconditionally 0 -> -1
2022-12-06 13:03:16,067 [s0-impl-thread1] INFO  server.RaftServer$Division (RaftServerImpl.java:start(338)) - s0@group-BD1198AD89EB: start as a follower, conf=-1: peers:[s0|rpc:localhost:40727|admin:localhost:42117|client:localhost:39843|dataStream:localhost:39837|priority:0|startupRole:FOLLOWER, s1|rpc:localhost:35713|admin:localhost:46153|client:localhost:44441|dataStream:localhost:35971|priority:0|startupRole:FOLLOWER, s2|rpc:localhost:34381|admin:localhost:37429|client:localhost:41515|dataStream:localhost:42945|priority:0|startupRole:FOLLOWER]|listeners:[], old=null
2022-12-06 13:03:16,067 [s0-impl-thread1] INFO  server.RaftServer$Division (RaftServerImpl.java:setRole(325)) - s0@group-BD1198AD89EB: changes role from      null to FOLLOWER at term 0 for startAsFollower
2022-12-06 13:03:16,067 [s0-impl-thread1] INFO  impl.RoleInfo (RoleInfo.java:updateAndGet(139)) - s0: start s0@group-BD1198AD89EB-FollowerState
2022-12-06 13:03:16,070 [s0-impl-thread1] INFO  util.JmxRegister (JmxRegister.java:tryRegister(44)) - Successfully registered JMX Bean with object name Ratis:service=RaftServer,group=group-BD1198AD89EB,id=s0
2022-12-06 13:03:16,070 [s0-impl-thread1] INFO  server.RaftServerConfigKeys (ConfUtils.java:logGet(46)) - raft.server.snapshot.auto.trigger.enabled = false (default)
2022-12-06 13:03:16,070 [s0-impl-thread1] INFO  server.RaftServerConfigKeys (ConfUtils.java:logGet(46)) - raft.server.snapshot.retention.file.num = -1 (default)
2022-12-06 13:03:16,070 [s0-impl-thread1] INFO  server.RaftServerConfigKeys (ConfUtils.java:logGet(46)) - raft.server.log.purge.upto.snapshot.index = false (default)
2022-12-06 13:03:16,071 [s0@group-BD1198AD89EB-FollowerState] INFO  server.RaftServerConfigKeys (ConfUtils.java:logFallback(53)) - raft.server.rpc.first-election.timeout.min = 150ms (fallback to raft.server.rpc.timeout.min)
2022-12-06 13:03:16,074 [Time-limited test] INFO  server.RaftServer (RaftServerProxy.java:startImpl(396)) - s0: start RPC server
2022-12-06 13:03:16,074 [s0@group-BD1198AD89EB-FollowerState] INFO  server.RaftServerConfigKeys (ConfUtils.java:logFallback(53)) - raft.server.rpc.first-election.timeout.max = 300ms (fallback to raft.server.rpc.timeout.max)
2022-12-06 13:03:16,076 [Time-limited test] INFO  server.GrpcService (GrpcService.java:startImpl(302)) - s0: GrpcService started, listening on 39843
2022-12-06 13:03:16,087 [Time-limited test] INFO  server.GrpcService (GrpcService.java:startImpl(302)) - s0: GrpcService started, listening on 40727
2022-12-06 13:03:16,088 [Time-limited test] INFO  server.GrpcService (GrpcService.java:startImpl(302)) - s0: GrpcService started, listening on 42117
2022-12-06 13:03:16,097 [JvmPauseMonitor4] INFO  util.JvmPauseMonitor (JvmPauseMonitor.java:run(105)) - JvmPauseMonitor-s0: Started
2022-12-06 13:03:16,098 [s1-impl-thread1] INFO  server.RaftServerConfigKeys (ConfUtils.java:logGet(46)) - raft.server.storage.free-space.min = 0MB (=0) (default)
2022-12-06 13:03:16,098 [s1-impl-thread1] INFO  server.RaftServerConfigKeys (ConfUtils.java:logGet(46)) - raft.server.log.corruption.policy = EXCEPTION (default)
2022-12-06 13:03:16,098 [s1-impl-thread1] INFO  server.RaftServerConfigKeys (ConfUtils.java:logGet(46)) - raft.server.storage.dir = [/home/runner/work/ratis/ratis/ratis-test/target/test/data/92995839/MiniRaftClusterWithRpcTypeGrpcAndDataStreamTypeNetty6f81f88e/s1] (custom)
2022-12-06 13:03:16,098 [s1-impl-thread1] INFO  storage.RaftStorageDirectory (RaftStorageDirectoryImpl.java:analyzeStorage(138)) - The storage directory /home/runner/work/ratis/ratis/ratis-test/target/test/data/92995839/MiniRaftClusterWithRpcTypeGrpcAndDataStreamTypeNetty6f81f88e/s1/8b539dba-b40c-45c5-8ebc-bd1198ad89eb does not exist. Creating ...
2022-12-06 13:03:16,098 [s1-impl-thread1] TRACE util.FileUtils (LogUtils.java:runAndLog(49)) - Successfully ran Files.createDirectories /home/runner/work/ratis/ratis/ratis-test/target/test/data/92995839/MiniRaftClusterWithRpcTypeGrpcAndDataStreamTypeNetty6f81f88e/s1/8b539dba-b40c-45c5-8ebc-bd1198ad89eb
2022-12-06 13:03:16,100 [s1-impl-thread1] INFO  storage.RaftStorageDirectory (RaftStorageDirectoryImpl.java:tryLock(232)) - Lock on /home/runner/work/ratis/ratis/ratis-test/target/test/data/92995839/MiniRaftClusterWithRpcTypeGrpcAndDataStreamTypeNetty6f81f88e/s1/8b539dba-b40c-45c5-8ebc-bd1198ad89eb/in_use.lock acquired by nodename 2287@fv-az186-476
2022-12-06 13:03:16,100 [s1-impl-thread1] TRACE util.FileUtils (LogUtils.java:runAndLog(49)) - Successfully ran Files.createDirectories /home/runner/work/ratis/ratis/ratis-test/target/test/data/92995839/MiniRaftClusterWithRpcTypeGrpcAndDataStreamTypeNetty6f81f88e/s1/8b539dba-b40c-45c5-8ebc-bd1198ad89eb/current
2022-12-06 13:03:16,100 [s1-impl-thread1] TRACE util.FileUtils (LogUtils.java:runAndLog(49)) - Successfully ran Files.createDirectories /home/runner/work/ratis/ratis/ratis-test/target/test/data/92995839/MiniRaftClusterWithRpcTypeGrpcAndDataStreamTypeNetty6f81f88e/s1/8b539dba-b40c-45c5-8ebc-bd1198ad89eb/sm
2022-12-06 13:03:16,101 [s1-impl-thread1] INFO  storage.RaftStorage (RaftStorageImpl.java:format(96)) - Storage directory /home/runner/work/ratis/ratis/ratis-test/target/test/data/92995839/MiniRaftClusterWithRpcTypeGrpcAndDataStreamTypeNetty6f81f88e/s1/8b539dba-b40c-45c5-8ebc-bd1198ad89eb has been successfully formatted.
2022-12-06 13:03:16,101 [s1-impl-thread1] INFO  server.RaftServerConfigKeys (ConfUtils.java:logGet(46)) - raft.server.log.use.memory = false (default)
2022-12-06 13:03:16,101 [s1-impl-thread1] INFO  server.RaftServerConfigKeys (ConfUtils.java:logGet(46)) - raft.server.log.purge.gap = 1024 (default)
2022-12-06 13:03:16,101 [s1-impl-thread1] INFO  server.RaftServerConfigKeys (ConfUtils.java:logGet(46)) - raft.server.log.appender.buffer.byte-limit = 4MB (=4194304) (default)
2022-12-06 13:03:16,102 [s1-impl-thread1] INFO  server.RaftServerConfigKeys (ConfUtils.java:logGet(46)) - raft.server.log.statemachine.data.read.timeout = 1000ms (default)
2022-12-06 13:03:16,103 [s1-impl-thread1] INFO  server.RaftServerConfigKeys (ConfUtils.java:logGet(46)) - raft.server.log.purge.preservation.log.num = 0 (default)
2022-12-06 13:03:16,103 [s1-impl-thread1] INFO  server.RaftServerConfigKeys (ConfUtils.java:logGet(46)) - raft.server.log.segment.size.max = 8MB (=8388608) (default)
2022-12-06 13:03:16,103 [s1-impl-thread1] INFO  server.RaftServerConfigKeys (ConfUtils.java:logGet(46)) - raft.server.log.segment.cache.num.max = 6 (default)
2022-12-06 13:03:16,103 [s1-impl-thread1] INFO  server.RaftServerConfigKeys (ConfUtils.java:logGet(46)) - raft.server.log.segment.cache.size.max = 200MB (=209715200) (default)
2022-12-06 13:03:16,103 [s1-impl-thread1] INFO  segmented.SegmentedRaftLogWorker (SegmentedRaftLogWorker.java:<init>(184)) - new s1@group-BD1198AD89EB-SegmentedRaftLogWorker for RaftStorageImpl:Storage Directory /home/runner/work/ratis/ratis/ratis-test/target/test/data/92995839/MiniRaftClusterWithRpcTypeGrpcAndDataStreamTypeNetty6f81f88e/s1/8b539dba-b40c-45c5-8ebc-bd1198ad89eb
2022-12-06 13:03:16,103 [s1-impl-thread1] INFO  server.RaftServerConfigKeys (ConfUtils.java:logGet(46)) - raft.server.log.queue.byte-limit = 64MB (=67108864) (default)
2022-12-06 13:03:16,104 [s1-impl-thread1] INFO  server.RaftServerConfigKeys (ConfUtils.java:logGet(46)) - raft.server.log.queue.element-limit = 4096 (default)
2022-12-06 13:03:16,104 [s1-impl-thread1] INFO  server.RaftServerConfigKeys (ConfUtils.java:logGet(46)) - raft.server.log.segment.size.max = 8MB (=8388608) (default)
2022-12-06 13:03:16,104 [s1-impl-thread1] INFO  server.RaftServerConfigKeys (ConfUtils.java:logGet(46)) - raft.server.log.preallocated.size = 4MB (=4194304) (default)
2022-12-06 13:03:16,104 [s1-impl-thread1] INFO  server.RaftServerConfigKeys (ConfUtils.java:logGet(46)) - raft.server.log.force.sync.num = 128 (default)
2022-12-06 13:03:16,104 [s1-impl-thread1] INFO  server.RaftServerConfigKeys (ConfUtils.java:logGet(46)) - raft.server.log.statemachine.data.sync = true (default)
2022-12-06 13:03:16,104 [s1-impl-thread1] INFO  server.RaftServerConfigKeys (ConfUtils.java:logGet(46)) - raft.server.log.statemachine.data.sync.timeout = 10s (default)
2022-12-06 13:03:16,104 [s1-impl-thread1] INFO  server.RaftServerConfigKeys (ConfUtils.java:logGet(46)) - raft.server.log.statemachine.data.sync.timeout.retry = -1 (default)
2022-12-06 13:03:16,104 [s1-impl-thread1] INFO  server.RaftServerConfigKeys (ConfUtils.java:logGet(46)) - raft.server.log.write.buffer.size = 64KB (=65536) (default)
2022-12-06 13:03:16,104 [s1-impl-thread1] INFO  server.RaftServerConfigKeys (ConfUtils.java:logGet(46)) - raft.server.log.appender.buffer.byte-limit = 4MB (=4194304) (default)
2022-12-06 13:03:16,105 [s1-impl-thread1] INFO  server.RaftServerConfigKeys (ConfUtils.java:logGet(46)) - raft.server.log.unsafe-flush.enabled = false (default)
2022-12-06 13:03:16,105 [s1-impl-thread1] INFO  server.RaftServerConfigKeys (ConfUtils.java:logGet(46)) - raft.server.log.async-flush.enabled = false (default)
2022-12-06 13:03:16,105 [s1-impl-thread1] INFO  server.RaftServerConfigKeys (ConfUtils.java:logGet(46)) - raft.server.log.statemachine.data.caching.enabled = false (default)
2022-12-06 13:03:16,105 [s1-impl-thread1] INFO  segmented.SegmentedRaftLogWorker (SegmentedRaftLogWorker.java:lambda$new$0(134)) - s1@group-BD1198AD89EB-SegmentedRaftLogWorker: flushIndex: setUnconditionally 0 -> -1
2022-12-06 13:03:16,105 [s1-impl-thread1] INFO  segmented.SegmentedRaftLogWorker (SegmentedRaftLogWorker.java:lambda$new$0(134)) - s1@group-BD1198AD89EB-SegmentedRaftLogWorker: safeCacheEvictIndex: setUnconditionally 0 -> -1
2022-12-06 13:03:16,109 [s1-impl-thread1] INFO  server.RaftServer$Division (RaftServerImpl.java:start(338)) - s1@group-BD1198AD89EB: start as a follower, conf=-1: peers:[s0|rpc:localhost:40727|admin:localhost:42117|client:localhost:39843|dataStream:localhost:39837|priority:0|startupRole:FOLLOWER, s1|rpc:localhost:35713|admin:localhost:46153|client:localhost:44441|dataStream:localhost:35971|priority:0|startupRole:FOLLOWER, s2|rpc:localhost:34381|admin:localhost:37429|client:localhost:41515|dataStream:localhost:42945|priority:0|startupRole:FOLLOWER]|listeners:[], old=null
2022-12-06 13:03:16,110 [s1-impl-thread1] INFO  server.RaftServer$Division (RaftServerImpl.java:setRole(325)) - s1@group-BD1198AD89EB: changes role from      null to FOLLOWER at term 0 for startAsFollower
2022-12-06 13:03:16,110 [s1-impl-thread1] INFO  impl.RoleInfo (RoleInfo.java:updateAndGet(139)) - s1: start s1@group-BD1198AD89EB-FollowerState
2022-12-06 13:03:16,112 [s1-impl-thread1] INFO  util.JmxRegister (JmxRegister.java:tryRegister(44)) - Successfully registered JMX Bean with object name Ratis:service=RaftServer,group=group-BD1198AD89EB,id=s1
2022-12-06 13:03:16,112 [s1-impl-thread1] INFO  server.RaftServerConfigKeys (ConfUtils.java:logGet(46)) - raft.server.snapshot.auto.trigger.enabled = false (default)
2022-12-06 13:03:16,112 [s1-impl-thread1] INFO  server.RaftServerConfigKeys (ConfUtils.java:logGet(46)) - raft.server.snapshot.retention.file.num = -1 (default)
2022-12-06 13:03:16,113 [s1-impl-thread1] INFO  server.RaftServerConfigKeys (ConfUtils.java:logGet(46)) - raft.server.log.purge.upto.snapshot.index = false (default)
2022-12-06 13:03:16,117 [s1@group-BD1198AD89EB-FollowerState] INFO  server.RaftServerConfigKeys (ConfUtils.java:logFallback(53)) - raft.server.rpc.first-election.timeout.min = 150ms (fallback to raft.server.rpc.timeout.min)
2022-12-06 13:03:16,121 [s1@group-BD1198AD89EB-FollowerState] INFO  server.RaftServerConfigKeys (ConfUtils.java:logFallback(53)) - raft.server.rpc.first-election.timeout.max = 300ms (fallback to raft.server.rpc.timeout.max)
2022-12-06 13:03:16,119 [Time-limited test] INFO  server.RaftServer (RaftServerProxy.java:startImpl(396)) - s1: start RPC server
2022-12-06 13:03:16,123 [Time-limited test] INFO  server.GrpcService (GrpcService.java:startImpl(302)) - s1: GrpcService started, listening on 44441
2022-12-06 13:03:16,124 [Time-limited test] INFO  server.GrpcService (GrpcService.java:startImpl(302)) - s1: GrpcService started, listening on 35713
2022-12-06 13:03:16,127 [Time-limited test] INFO  server.GrpcService (GrpcService.java:startImpl(302)) - s1: GrpcService started, listening on 46153
2022-12-06 13:03:16,134 [s2-impl-thread1] INFO  server.RaftServerConfigKeys (ConfUtils.java:logGet(46)) - raft.server.storage.free-space.min = 0MB (=0) (default)
2022-12-06 13:03:16,134 [s2-impl-thread1] INFO  server.RaftServerConfigKeys (ConfUtils.java:logGet(46)) - raft.server.log.corruption.policy = EXCEPTION (default)
2022-12-06 13:03:16,134 [s2-impl-thread1] INFO  server.RaftServerConfigKeys (ConfUtils.java:logGet(46)) - raft.server.storage.dir = [/home/runner/work/ratis/ratis/ratis-test/target/test/data/92995839/MiniRaftClusterWithRpcTypeGrpcAndDataStreamTypeNetty6f81f88e/s2] (custom)
2022-12-06 13:03:16,135 [s2-impl-thread1] INFO  storage.RaftStorageDirectory (RaftStorageDirectoryImpl.java:analyzeStorage(138)) - The storage directory /home/runner/work/ratis/ratis/ratis-test/target/test/data/92995839/MiniRaftClusterWithRpcTypeGrpcAndDataStreamTypeNetty6f81f88e/s2/8b539dba-b40c-45c5-8ebc-bd1198ad89eb does not exist. Creating ...
2022-12-06 13:03:16,135 [s2-impl-thread1] TRACE util.FileUtils (LogUtils.java:runAndLog(49)) - Successfully ran Files.createDirectories /home/runner/work/ratis/ratis/ratis-test/target/test/data/92995839/MiniRaftClusterWithRpcTypeGrpcAndDataStreamTypeNetty6f81f88e/s2/8b539dba-b40c-45c5-8ebc-bd1198ad89eb
2022-12-06 13:03:16,135 [JvmPauseMonitor5] INFO  util.JvmPauseMonitor (JvmPauseMonitor.java:run(105)) - JvmPauseMonitor-s1: Started
2022-12-06 13:03:16,136 [s2-impl-thread1] INFO  storage.RaftStorageDirectory (RaftStorageDirectoryImpl.java:tryLock(232)) - Lock on /home/runner/work/ratis/ratis/ratis-test/target/test/data/92995839/MiniRaftClusterWithRpcTypeGrpcAndDataStreamTypeNetty6f81f88e/s2/8b539dba-b40c-45c5-8ebc-bd1198ad89eb/in_use.lock acquired by nodename 2287@fv-az186-476
2022-12-06 13:03:16,136 [s2-impl-thread1] TRACE util.FileUtils (LogUtils.java:runAndLog(49)) - Successfully ran Files.createDirectories /home/runner/work/ratis/ratis/ratis-test/target/test/data/92995839/MiniRaftClusterWithRpcTypeGrpcAndDataStreamTypeNetty6f81f88e/s2/8b539dba-b40c-45c5-8ebc-bd1198ad89eb/current
2022-12-06 13:03:16,136 [s2-impl-thread1] TRACE util.FileUtils (LogUtils.java:runAndLog(49)) - Successfully ran Files.createDirectories /home/runner/work/ratis/ratis/ratis-test/target/test/data/92995839/MiniRaftClusterWithRpcTypeGrpcAndDataStreamTypeNetty6f81f88e/s2/8b539dba-b40c-45c5-8ebc-bd1198ad89eb/sm
2022-12-06 13:03:16,137 [s2-impl-thread1] INFO  storage.RaftStorage (RaftStorageImpl.java:format(96)) - Storage directory /home/runner/work/ratis/ratis/ratis-test/target/test/data/92995839/MiniRaftClusterWithRpcTypeGrpcAndDataStreamTypeNetty6f81f88e/s2/8b539dba-b40c-45c5-8ebc-bd1198ad89eb has been successfully formatted.
2022-12-06 13:03:16,137 [s2-impl-thread1] INFO  server.RaftServerConfigKeys (ConfUtils.java:logGet(46)) - raft.server.log.use.memory = false (default)
2022-12-06 13:03:16,137 [s2-impl-thread1] INFO  server.RaftServerConfigKeys (ConfUtils.java:logGet(46)) - raft.server.log.purge.gap = 1024 (default)
2022-12-06 13:03:16,137 [s2-impl-thread1] INFO  server.RaftServerConfigKeys (ConfUtils.java:logGet(46)) - raft.server.log.appender.buffer.byte-limit = 4MB (=4194304) (default)
2022-12-06 13:03:16,137 [s2-impl-thread1] INFO  server.RaftServerConfigKeys (ConfUtils.java:logGet(46)) - raft.server.log.statemachine.data.read.timeout = 1000ms (default)
2022-12-06 13:03:16,138 [s2-impl-thread1] INFO  server.RaftServerConfigKeys (ConfUtils.java:logGet(46)) - raft.server.log.purge.preservation.log.num = 0 (default)
2022-12-06 13:03:16,138 [s2-impl-thread1] INFO  server.RaftServerConfigKeys (ConfUtils.java:logGet(46)) - raft.server.log.segment.size.max = 8MB (=8388608) (default)
2022-12-06 13:03:16,138 [s2-impl-thread1] INFO  server.RaftServerConfigKeys (ConfUtils.java:logGet(46)) - raft.server.log.segment.cache.num.max = 6 (default)
2022-12-06 13:03:16,138 [s2-impl-thread1] INFO  server.RaftServerConfigKeys (ConfUtils.java:logGet(46)) - raft.server.log.segment.cache.size.max = 200MB (=209715200) (default)
2022-12-06 13:03:16,138 [s2-impl-thread1] INFO  segmented.SegmentedRaftLogWorker (SegmentedRaftLogWorker.java:<init>(184)) - new s2@group-BD1198AD89EB-SegmentedRaftLogWorker for RaftStorageImpl:Storage Directory /home/runner/work/ratis/ratis/ratis-test/target/test/data/92995839/MiniRaftClusterWithRpcTypeGrpcAndDataStreamTypeNetty6f81f88e/s2/8b539dba-b40c-45c5-8ebc-bd1198ad89eb
2022-12-06 13:03:16,138 [s2-impl-thread1] INFO  server.RaftServerConfigKeys (ConfUtils.java:logGet(46)) - raft.server.log.queue.byte-limit = 64MB (=67108864) (default)
2022-12-06 13:03:16,138 [s2-impl-thread1] INFO  server.RaftServerConfigKeys (ConfUtils.java:logGet(46)) - raft.server.log.queue.element-limit = 4096 (default)
2022-12-06 13:03:16,138 [s2-impl-thread1] INFO  server.RaftServerConfigKeys (ConfUtils.java:logGet(46)) - raft.server.log.segment.size.max = 8MB (=8388608) (default)
2022-12-06 13:03:16,138 [s2-impl-thread1] INFO  server.RaftServerConfigKeys (ConfUtils.java:logGet(46)) - raft.server.log.preallocated.size = 4MB (=4194304) (default)
2022-12-06 13:03:16,138 [s2-impl-thread1] INFO  server.RaftServerConfigKeys (ConfUtils.java:logGet(46)) - raft.server.log.force.sync.num = 128 (default)
2022-12-06 13:03:16,138 [s2-impl-thread1] INFO  server.RaftServerConfigKeys (ConfUtils.java:logGet(46)) - raft.server.log.statemachine.data.sync = true (default)
2022-12-06 13:03:16,139 [s2-impl-thread1] INFO  server.RaftServerConfigKeys (ConfUtils.java:logGet(46)) - raft.server.log.statemachine.data.sync.timeout = 10s (default)
2022-12-06 13:03:16,139 [s2-impl-thread1] INFO  server.RaftServerConfigKeys (ConfUtils.java:logGet(46)) - raft.server.log.statemachine.data.sync.timeout.retry = -1 (default)
2022-12-06 13:03:16,139 [s2-impl-thread1] INFO  server.RaftServerConfigKeys (ConfUtils.java:logGet(46)) - raft.server.log.write.buffer.size = 64KB (=65536) (default)
2022-12-06 13:03:16,139 [s2-impl-thread1] INFO  server.RaftServerConfigKeys (ConfUtils.java:logGet(46)) - raft.server.log.appender.buffer.byte-limit = 4MB (=4194304) (default)
2022-12-06 13:03:16,139 [s2-impl-thread1] INFO  server.RaftServerConfigKeys (ConfUtils.java:logGet(46)) - raft.server.log.unsafe-flush.enabled = false (default)
2022-12-06 13:03:16,139 [s2-impl-thread1] INFO  server.RaftServerConfigKeys (ConfUtils.java:logGet(46)) - raft.server.log.async-flush.enabled = false (default)
2022-12-06 13:03:16,140 [s2-impl-thread1] INFO  server.RaftServerConfigKeys (ConfUtils.java:logGet(46)) - raft.server.log.statemachine.data.caching.enabled = false (default)
2022-12-06 13:03:16,140 [s2-impl-thread1] INFO  segmented.SegmentedRaftLogWorker (SegmentedRaftLogWorker.java:lambda$new$0(134)) - s2@group-BD1198AD89EB-SegmentedRaftLogWorker: flushIndex: setUnconditionally 0 -> -1
2022-12-06 13:03:16,140 [s2-impl-thread1] INFO  segmented.SegmentedRaftLogWorker (SegmentedRaftLogWorker.java:lambda$new$0(134)) - s2@group-BD1198AD89EB-SegmentedRaftLogWorker: safeCacheEvictIndex: setUnconditionally 0 -> -1
2022-12-06 13:03:16,145 [s2-impl-thread1] INFO  server.RaftServer$Division (RaftServerImpl.java:start(338)) - s2@group-BD1198AD89EB: start as a follower, conf=-1: peers:[s0|rpc:localhost:40727|admin:localhost:42117|client:localhost:39843|dataStream:localhost:39837|priority:0|startupRole:FOLLOWER, s1|rpc:localhost:35713|admin:localhost:46153|client:localhost:44441|dataStream:localhost:35971|priority:0|startupRole:FOLLOWER, s2|rpc:localhost:34381|admin:localhost:37429|client:localhost:41515|dataStream:localhost:42945|priority:0|startupRole:FOLLOWER]|listeners:[], old=null
2022-12-06 13:03:16,145 [s2-impl-thread1] INFO  server.RaftServer$Division (RaftServerImpl.java:setRole(325)) - s2@group-BD1198AD89EB: changes role from      null to FOLLOWER at term 0 for startAsFollower
2022-12-06 13:03:16,145 [s2-impl-thread1] INFO  impl.RoleInfo (RoleInfo.java:updateAndGet(139)) - s2: start s2@group-BD1198AD89EB-FollowerState
2022-12-06 13:03:16,146 [s2-impl-thread1] INFO  util.JmxRegister (JmxRegister.java:tryRegister(44)) - Successfully registered JMX Bean with object name Ratis:service=RaftServer,group=group-BD1198AD89EB,id=s2
2022-12-06 13:03:16,146 [s2-impl-thread1] INFO  server.RaftServerConfigKeys (ConfUtils.java:logGet(46)) - raft.server.snapshot.auto.trigger.enabled = false (default)
2022-12-06 13:03:16,146 [s2-impl-thread1] INFO  server.RaftServerConfigKeys (ConfUtils.java:logGet(46)) - raft.server.snapshot.retention.file.num = -1 (default)
2022-12-06 13:03:16,146 [s2-impl-thread1] INFO  server.RaftServerConfigKeys (ConfUtils.java:logGet(46)) - raft.server.log.purge.upto.snapshot.index = false (default)
2022-12-06 13:03:16,146 [s2@group-BD1198AD89EB-FollowerState] INFO  server.RaftServerConfigKeys (ConfUtils.java:logFallback(53)) - raft.server.rpc.first-election.timeout.min = 150ms (fallback to raft.server.rpc.timeout.min)
2022-12-06 13:03:16,146 [Time-limited test] INFO  server.RaftServer (RaftServerProxy.java:startImpl(396)) - s2: start RPC server
2022-12-06 13:03:16,157 [s2@group-BD1198AD89EB-FollowerState] INFO  server.RaftServerConfigKeys (ConfUtils.java:logFallback(53)) - raft.server.rpc.first-election.timeout.max = 300ms (fallback to raft.server.rpc.timeout.max)
2022-12-06 13:03:16,160 [Time-limited test] INFO  server.GrpcService (GrpcService.java:startImpl(302)) - s2: GrpcService started, listening on 41515
2022-12-06 13:03:16,168 [Time-limited test] INFO  server.GrpcService (GrpcService.java:startImpl(302)) - s2: GrpcService started, listening on 34381
2022-12-06 13:03:16,171 [Time-limited test] INFO  server.GrpcService (GrpcService.java:startImpl(302)) - s2: GrpcService started, listening on 37429
2022-12-06 13:03:16,174 [JvmPauseMonitor6] INFO  util.JvmPauseMonitor (JvmPauseMonitor.java:run(105)) - JvmPauseMonitor-s2: Started
2022-12-06 13:03:16,174 [Time-limited test] INFO  server.RaftServerConfigKeys (ConfUtils.java:logGet(46)) - raft.server.rpc.timeout.max = 300ms (default)
2022-12-06 13:03:16,174 [Time-limited test] INFO  ratis.RaftTestUtil (RaftTestUtil.java:waitForLeader(100)) - printing ALL groups
  s0:  RUNNING  FOLLOWER s0@group-BD1198AD89EB:t0, leader=null, voted=, raftlog=Memoized:s0@group-BD1198AD89EB-SegmentedRaftLog:OPENED:c-1, conf=-1: peers:[s0|rpc:localhost:40727|admin:localhost:42117|client:localhost:39843|dataStream:localhost:39837|priority:0|startupRole:FOLLOWER, s1|rpc:localhost:35713|admin:localhost:46153|client:localhost:44441|dataStream:localhost:35971|priority:0|startupRole:FOLLOWER, s2|rpc:localhost:34381|admin:localhost:37429|client:localhost:41515|dataStream:localhost:42945|priority:0|startupRole:FOLLOWER]|listeners:[], old=null RUNNING
  s1:  RUNNING  FOLLOWER s1@group-BD1198AD89EB:t0, leader=null, voted=, raftlog=Memoized:s1@group-BD1198AD89EB-SegmentedRaftLog:OPENED:c-1, conf=-1: peers:[s0|rpc:localhost:40727|admin:localhost:42117|client:localhost:39843|dataStream:localhost:39837|priority:0|startupRole:FOLLOWER, s1|rpc:localhost:35713|admin:localhost:46153|client:localhost:44441|dataStream:localhost:35971|priority:0|startupRole:FOLLOWER, s2|rpc:localhost:34381|admin:localhost:37429|client:localhost:41515|dataStream:localhost:42945|priority:0|startupRole:FOLLOWER]|listeners:[], old=null RUNNING
  s2:  RUNNING  FOLLOWER s2@group-BD1198AD89EB:t0, leader=null, voted=, raftlog=Memoized:s2@group-BD1198AD89EB-SegmentedRaftLog:OPENED:c-1, conf=-1: peers:[s0|rpc:localhost:40727|admin:localhost:42117|client:localhost:39843|dataStream:localhost:39837|priority:0|startupRole:FOLLOWER, s1|rpc:localhost:35713|admin:localhost:46153|client:localhost:44441|dataStream:localhost:35971|priority:0|startupRole:FOLLOWER, s2|rpc:localhost:34381|admin:localhost:37429|client:localhost:41515|dataStream:localhost:42945|priority:0|startupRole:FOLLOWER]|listeners:[], old=null RUNNING
2022-12-06 13:03:16,174 [Time-limited test] WARN  ratis.RaftTestUtil (JavaUtils.java:attempt(217)) - FAILED "waitForLeader-null-(expectLeader? true)", attempt #1/100: java.lang.IllegalStateException: No leader yet : printing ALL groups
  s0:  RUNNING  FOLLOWER s0@group-BD1198AD89EB:t0, leader=null, voted=, raftlog=Memoized:s0@group-BD1198AD89EB-SegmentedRaftLog:OPENED:c-1, conf=-1: peers:[s0|rpc:localhost:40727|admin:localhost:42117|client:localhost:39843|dataStream:localhost:39837|priority:0|startupRole:FOLLOWER, s1|rpc:localhost:35713|admin:localhost:46153|client:localhost:44441|dataStream:localhost:35971|priority:0|startupRole:FOLLOWER, s2|rpc:localhost:34381|admin:localhost:37429|client:localhost:41515|dataStream:localhost:42945|priority:0|startupRole:FOLLOWER]|listeners:[], old=null RUNNING
  s1:  RUNNING  FOLLOWER s1@group-BD1198AD89EB:t0, leader=null, voted=, raftlog=Memoized:s1@group-BD1198AD89EB-SegmentedRaftLog:OPENED:c-1, conf=-1: peers:[s0|rpc:localhost:40727|admin:localhost:42117|client:localhost:39843|dataStream:localhost:39837|priority:0|startupRole:FOLLOWER, s1|rpc:localhost:35713|admin:localhost:46153|client:localhost:44441|dataStream:localhost:35971|priority:0|startupRole:FOLLOWER, s2|rpc:localhost:34381|admin:localhost:37429|client:localhost:41515|dataStream:localhost:42945|priority:0|startupRole:FOLLOWER]|listeners:[], old=null RUNNING
  s2:  RUNNING  FOLLOWER s2@group-BD1198AD89EB:t0, leader=null, voted=, raftlog=Memoized:s2@group-BD1198AD89EB-SegmentedRaftLog:OPENED:c-1, conf=-1: peers:[s0|rpc:localhost:40727|admin:localhost:42117|client:localhost:39843|dataStream:localhost:39837|priority:0|startupRole:FOLLOWER, s1|rpc:localhost:35713|admin:localhost:46153|client:localhost:44441|dataStream:localhost:35971|priority:0|startupRole:FOLLOWER, s2|rpc:localhost:34381|admin:localhost:37429|client:localhost:41515|dataStream:localhost:42945|priority:0|startupRole:FOLLOWER]|listeners:[], old=null RUNNING, sleep 450ms and then retry.
java.lang.IllegalStateException: No leader yet : printing ALL groups
  s0:  RUNNING  FOLLOWER s0@group-BD1198AD89EB:t0, leader=null, voted=, raftlog=Memoized:s0@group-BD1198AD89EB-SegmentedRaftLog:OPENED:c-1, conf=-1: peers:[s0|rpc:localhost:40727|admin:localhost:42117|client:localhost:39843|dataStream:localhost:39837|priority:0|startupRole:FOLLOWER, s1|rpc:localhost:35713|admin:localhost:46153|client:localhost:44441|dataStream:localhost:35971|priority:0|startupRole:FOLLOWER, s2|rpc:localhost:34381|admin:localhost:37429|client:localhost:41515|dataStream:localhost:42945|priority:0|startupRole:FOLLOWER]|listeners:[], old=null RUNNING
  s1:  RUNNING  FOLLOWER s1@group-BD1198AD89EB:t0, leader=null, voted=, raftlog=Memoized:s1@group-BD1198AD89EB-SegmentedRaftLog:OPENED:c-1, conf=-1: peers:[s0|rpc:localhost:40727|admin:localhost:42117|client:localhost:39843|dataStream:localhost:39837|priority:0|startupRole:FOLLOWER, s1|rpc:localhost:35713|admin:localhost:46153|client:localhost:44441|dataStream:localhost:35971|priority:0|startupRole:FOLLOWER, s2|rpc:localhost:34381|admin:localhost:37429|client:localhost:41515|dataStream:localhost:42945|priority:0|startupRole:FOLLOWER]|listeners:[], old=null RUNNING
  s2:  RUNNING  FOLLOWER s2@group-BD1198AD89EB:t0, leader=null, voted=, raftlog=Memoized:s2@group-BD1198AD89EB-SegmentedRaftLog:OPENED:c-1, conf=-1: peers:[s0|rpc:localhost:40727|admin:localhost:42117|client:localhost:39843|dataStream:localhost:39837|priority:0|startupRole:FOLLOWER, s1|rpc:localhost:35713|admin:localhost:46153|client:localhost:44441|dataStream:localhost:35971|priority:0|startupRole:FOLLOWER, s2|rpc:localhost:34381|admin:localhost:37429|client:localhost:41515|dataStream:localhost:42945|priority:0|startupRole:FOLLOWER]|listeners:[], old=null RUNNING
	at org.apache.ratis.server.impl.MiniRaftCluster.newIllegalStateExceptionForNoLeaders(MiniRaftCluster.java:581)
	at org.apache.ratis.RaftTestUtil.lambda$waitForLeader$1(RaftTestUtil.java:104)
	at org.apache.ratis.server.impl.MiniRaftCluster.getLeader(MiniRaftCluster.java:615)
	at org.apache.ratis.server.impl.MiniRaftCluster.getLeader(MiniRaftCluster.java:608)
	at org.apache.ratis.RaftTestUtil.lambda$waitForLeader$3(RaftTestUtil.java:112)
	at org.apache.ratis.util.JavaUtils.attempt(JavaUtils.java:211)
	at org.apache.ratis.util.JavaUtils.attemptRepeatedly(JavaUtils.java:197)
	at org.apache.ratis.RaftTestUtil.waitForLeader(RaftTestUtil.java:111)
	at org.apache.ratis.RaftTestUtil.waitForLeader(RaftTestUtil.java:92)
	at org.apache.ratis.RaftTestUtil.waitForLeader(RaftTestUtil.java:87)
	at org.apache.ratis.datastream.DataStreamAsyncClusterTests.runTestDataStream(DataStreamAsyncClusterTests.java:90)
	at org.apache.ratis.datastream.DataStreamAsyncClusterTests.runTestDataStreamStepDownLeader(DataStreamAsyncClusterTests.java:82)
	at org.apache.ratis.server.impl.MiniRaftCluster$Factory$Get.runWithNewCluster(MiniRaftCluster.java:141)
	at org.apache.ratis.server.impl.MiniRaftCluster$Factory$Get.runWithNewCluster(MiniRaftCluster.java:121)
	at org.apache.ratis.datastream.DataStreamAsyncClusterTests.testMultipleStreamsMultipleServersStepDownLeader(DataStreamAsyncClusterTests.java:78)
	at java.base/jdk.internal.reflect.NativeMethodAccessorImpl.invoke0(Native Method)
	at java.base/jdk.internal.reflect.NativeMethodAccessorImpl.invoke(NativeMethodAccessorImpl.java:62)
	at java.base/jdk.internal.reflect.DelegatingMethodAccessorImpl.invoke(DelegatingMethodAccessorImpl.java:43)
	at java.base/java.lang.reflect.Method.invoke(Method.java:566)
	at org.junit.runners.model.FrameworkMethod$1.runReflectiveCall(FrameworkMethod.java:59)
	at org.junit.internal.runners.model.ReflectiveCallable.run(ReflectiveCallable.java:12)
	at org.junit.runners.model.FrameworkMethod.invokeExplosively(FrameworkMethod.java:56)
	at org.junit.internal.runners.statements.InvokeMethod.evaluate(InvokeMethod.java:17)
	at org.junit.internal.runners.statements.RunBefores.evaluate(RunBefores.java:26)
	at org.junit.internal.runners.statements.RunAfters.evaluate(RunAfters.java:27)
	at org.junit.internal.runners.statements.FailOnTimeout$CallableStatement.call(FailOnTimeout.java:299)
	at org.junit.internal.runners.statements.FailOnTimeout$CallableStatement.call(FailOnTimeout.java:293)
	at java.base/java.util.concurrent.FutureTask.run(FutureTask.java:264)
	at java.base/java.lang.Thread.run(Thread.java:829)
2022-12-06 13:03:16,300 [s1@group-BD1198AD89EB-FollowerState] INFO  impl.FollowerState (FollowerState.java:run(143)) - s1@group-BD1198AD89EB-FollowerState: change to CANDIDATE, lastRpcElapsedTime:190327789ns, electionTimeout:179ms
2022-12-06 13:03:16,301 [s1@group-BD1198AD89EB-FollowerState] INFO  impl.RoleInfo (RoleInfo.java:shutdownFollowerState(110)) - s1: shutdown s1@group-BD1198AD89EB-FollowerState
2022-12-06 13:03:16,301 [s1@group-BD1198AD89EB-FollowerState] INFO  server.RaftServer$Division (RaftServerImpl.java:setRole(325)) - s1@group-BD1198AD89EB: changes role from  FOLLOWER to CANDIDATE at term 0 for changeToCandidate
2022-12-06 13:03:16,302 [s1@group-BD1198AD89EB-FollowerState] INFO  server.RaftServerConfigKeys (ConfUtils.java:logGet(46)) - raft.server.leaderelection.pre-vote = true (default)
2022-12-06 13:03:16,302 [s1@group-BD1198AD89EB-FollowerState] INFO  impl.RoleInfo (RoleInfo.java:updateAndGet(139)) - s1: start s1@group-BD1198AD89EB-LeaderElection3
2022-12-06 13:03:16,303 [s1@group-BD1198AD89EB-LeaderElection3] INFO  impl.LeaderElection (LeaderElection.java:askForVotes(309)) - s1@group-BD1198AD89EB-LeaderElection3 PRE_VOTE round 0: submit vote requests at term 0 for -1: peers:[s0|rpc:localhost:40727|admin:localhost:42117|client:localhost:39843|dataStream:localhost:39837|priority:0|startupRole:FOLLOWER, s1|rpc:localhost:35713|admin:localhost:46153|client:localhost:44441|dataStream:localhost:35971|priority:0|startupRole:FOLLOWER, s2|rpc:localhost:34381|admin:localhost:37429|client:localhost:41515|dataStream:localhost:42945|priority:0|startupRole:FOLLOWER]|listeners:[], old=null
2022-12-06 13:03:16,305 [s1@group-BD1198AD89EB-LeaderElection3-1] INFO  server.GrpcServerProtocolClient (GrpcServerProtocolClient.java:<init>(63)) - Build channel for s0
2022-12-06 13:03:16,308 [s1@group-BD1198AD89EB-LeaderElection3] INFO  server.RaftServerConfigKeys (ConfUtils.java:logFallback(53)) - raft.server.rpc.first-election.timeout.min = 150ms (fallback to raft.server.rpc.timeout.min)
2022-12-06 13:03:16,310 [s1@group-BD1198AD89EB-LeaderElection3] INFO  server.RaftServerConfigKeys (ConfUtils.java:logFallback(53)) - raft.server.rpc.first-election.timeout.max = 300ms (fallback to raft.server.rpc.timeout.max)
2022-12-06 13:03:16,308 [s1@group-BD1198AD89EB-LeaderElection3-2] INFO  server.GrpcServerProtocolClient (GrpcServerProtocolClient.java:<init>(63)) - Build channel for s2
2022-12-06 13:03:16,313 [grpc-default-executor-0] INFO  server.RaftServer$Division (RaftServerImpl.java:requestVote(1294)) - s0@group-BD1198AD89EB: receive requestVote(PRE_VOTE, s1, group-BD1198AD89EB, 0, (t:0, i:0))
2022-12-06 13:03:16,314 [grpc-default-executor-0] INFO  impl.VoteContext (VoteContext.java:log(49)) - s0@group-BD1198AD89EB-FOLLOWER: accept PRE_VOTE from s1: our priority 0 <= candidate's priority 0
[...]
	... 1 more
Caused by: java.io.IOException: java.lang.IllegalStateException: Null stream: entry=term: 4
index: 83
stateMachineLogEntry {
  type: DATASTREAM
  clientId: "\267G\024\371k\242B\300\255\221D\217|\274FT"
  callId: 395
}

	at org.apache.ratis.util.IOUtils.asIOException(IOUtils.java:56)
	at org.apache.ratis.util.IOUtils.toIOException(IOUtils.java:61)
	at org.apache.ratis.util.IOUtils.getFromFuture(IOUtils.java:85)
	at org.apache.ratis.server.raftlog.segmented.SegmentedRaftLogWorker$StateMachineDataPolicy.getFromFuture(SegmentedRaftLogWorker.java:88)
	at org.apache.ratis.server.raftlog.segmented.SegmentedRaftLogWorker$WriteLog.execute(SegmentedRaftLogWorker.java:540)
	at org.apache.ratis.server.raftlog.segmented.SegmentedRaftLogWorker.run(SegmentedRaftLogWorker.java:308)
	... 1 more
Caused by: java.lang.IllegalStateException: Null stream: entry=term: 4
index: 83
stateMachineLogEntry {
  type: DATASTREAM
  clientId: "\267G\024\371k\242B\300\255\221D\217|\274FT"
  callId: 395
}

	at org.apache.ratis.datastream.DataStreamTestUtils$MultiDataStreamStateMachine.link(DataStreamTestUtils.java:159)
	at org.apache.ratis.server.raftlog.segmented.SegmentedRaftLogWorker$WriteLog.<init>(SegmentedRaftLogWorker.java:497)
	at org.apache.ratis.server.raftlog.segmented.SegmentedRaftLogWorker.writeLogEntry(SegmentedRaftLogWorker.java:443)
	at org.apache.ratis.server.raftlog.segmented.SegmentedRaftLog.appendEntryImpl(SegmentedRaftLog.java:409)
	at org.apache.ratis.server.raftlog.RaftLogBase.lambda$appendEntry$10(RaftLogBase.java:330)
	at org.apache.ratis.server.raftlog.RaftLogSequentialOps$Runner.runSequentially(RaftLogSequentialOps.java:78)
	at org.apache.ratis.server.raftlog.RaftLogBase.appendEntry(RaftLogBase.java:330)
	at org.apache.ratis.server.raftlog.segmented.SegmentedRaftLog.appendImpl(SegmentedRaftLog.java:456)
	at org.apache.ratis.server.raftlog.RaftLogBase.lambda$append$11(RaftLogBase.java:337)
	at org.apache.ratis.server.raftlog.RaftLogSequentialOps$Runner.runSequentially(RaftLogSequentialOps.java:69)
	at org.apache.ratis.server.raftlog.RaftLogBase.append(RaftLogBase.java:337)
	at org.apache.ratis.server.impl.RaftServerImpl.appendEntriesAsync(RaftServerImpl.java:1520)
	at org.apache.ratis.server.impl.RaftServerImpl.appendEntriesAsync(RaftServerImpl.java:1388)
	at org.apache.ratis.server.impl.RaftServerProxy.lambda$appendEntriesAsync$26(RaftServerProxy.java:634)
	at org.apache.ratis.util.JavaUtils.callAsUnchecked(JavaUtils.java:117)
	at org.apache.ratis.server.impl.RaftServerImpl.lambda$executeSubmitServerRequestAsync$11(RaftServerImpl.java:813)
	at java.base/java.util.concurrent.CompletableFuture$AsyncSupply.run(CompletableFuture.java:1700)
	at java.base/java.util.concurrent.ThreadPoolExecutor.runWorker(ThreadPoolExecutor.java:1128)
	at java.base/java.util.concurrent.ThreadPoolExecutor$Worker.run(ThreadPoolExecutor.java:628)
	... 1 more
2022-12-06 13:08:02,091 [grpc-default-executor-10] WARN  server.GrpcServerProtocolService (LogUtils.java:warn(124)) - s2: Failed APPEND_ENTRIES request s0->s2#3340-t4,previous=(t:4, i:97),leaderCommit=82,initializing? true,entries: size=1, first=(t:4, i:98), STATEMACHINELOGENTRY, 422@client-95D5D665D9AA
java.util.concurrent.CompletionException: org.apache.ratis.server.raftlog.RaftLogIOException: Log already failed at index 83 for task WriteLog:83: (t:4, i:83), STATEMACHINELOGENTRY, StateMachineLogEntryProto:395@client-448F7CBC4654
	at java.base/java.util.concurrent.CompletableFuture.encodeThrowable(CompletableFuture.java:331)
	at java.base/java.util.concurrent.CompletableFuture.completeThrowable(CompletableFuture.java:346)
	at java.base/java.util.concurrent.CompletableFuture$BiRelay.tryFire(CompletableFuture.java:1423)
	at java.base/java.util.concurrent.CompletableFuture$CoCompletion.tryFire(CompletableFuture.java:1144)
	at java.base/java.util.concurrent.CompletableFuture.postComplete(CompletableFuture.java:506)
	at java.base/java.util.concurrent.CompletableFuture.completeExceptionally(CompletableFuture.java:2088)
	at org.apache.ratis.server.raftlog.segmented.SegmentedRaftLog$Task.failed(SegmentedRaftLog.java:105)
	at org.apache.ratis.server.raftlog.segmented.SegmentedRaftLogWorker$WriteLog.failed(SegmentedRaftLogWorker.java:519)
	at org.apache.ratis.server.raftlog.segmented.SegmentedRaftLogWorker.run(SegmentedRaftLogWorker.java:317)
	at java.base/java.lang.Thread.run(Thread.java:829)
Caused by: org.apache.ratis.server.raftlog.RaftLogIOException: Log already failed at index 83 for task WriteLog:83: (t:4, i:83), STATEMACHINELOGENTRY, StateMachineLogEntryProto:395@client-448F7CBC4654
	at org.apache.ratis.server.raftlog.segmented.SegmentedRaftLogWorker.run(SegmentedRaftLogWorker.java:320)
	... 1 more
Caused by: java.io.IOException: java.lang.IllegalStateException: Null stream: entry=term: 4
index: 83
stateMachineLogEntry {
  type: DATASTREAM
  clientId: "\267G\024\371k\242B\300\255\221D\217|\274FT"
  callId: 395
}

	at org.apache.ratis.util.IOUtils.asIOException(IOUtils.java:56)
	at org.apache.ratis.util.IOUtils.toIOException(IOUtils.java:61)
	at org.apache.ratis.util.IOUtils.getFromFuture(IOUtils.java:85)
	at org.apache.ratis.server.raftlog.segmented.SegmentedRaftLogWorker$StateMachineDataPolicy.getFromFuture(SegmentedRaftLogWorker.java:88)
	at org.apache.ratis.server.raftlog.segmented.SegmentedRaftLogWorker$WriteLog.execute(SegmentedRaftLogWorker.java:540)
	at org.apache.ratis.server.raftlog.segmented.SegmentedRaftLogWorker.run(SegmentedRaftLogWorker.java:308)
	... 1 more
Caused by: java.lang.IllegalStateException: Null stream: entry=term: 4
index: 83
stateMachineLogEntry {
  type: DATASTREAM
  clientId: "\267G\024\371k\242B\300\255\221D\217|\274FT"
  callId: 395
}

	at org.apache.ratis.datastream.DataStreamTestUtils$MultiDataStreamStateMachine.link(DataStreamTestUtils.java:159)
	at org.apache.ratis.server.raftlog.segmented.SegmentedRaftLogWorker$WriteLog.<init>(SegmentedRaftLogWorker.java:497)
	at org.apache.ratis.server.raftlog.segmented.SegmentedRaftLogWorker.writeLogEntry(SegmentedRaftLogWorker.java:443)
	at org.apache.ratis.server.raftlog.segmented.SegmentedRaftLog.appendEntryImpl(SegmentedRaftLog.java:409)
	at org.apache.ratis.server.raftlog.RaftLogBase.lambda$appendEntry$10(RaftLogBase.java:330)
	at org.apache.ratis.server.raftlog.RaftLogSequentialOps$Runner.runSequentially(RaftLogSequentialOps.java:78)
	at org.apache.ratis.server.raftlog.RaftLogBase.appendEntry(RaftLogBase.java:330)
	at org.apache.ratis.server.raftlog.segmented.SegmentedRaftLog.appendImpl(SegmentedRaftLog.java:456)
	at org.apache.ratis.server.raftlog.RaftLogBase.lambda$append$11(RaftLogBase.java:337)
	at org.apache.ratis.server.raftlog.RaftLogSequentialOps$Runner.runSequentially(RaftLogSequentialOps.java:69)
	at org.apache.ratis.server.raftlog.RaftLogBase.append(RaftLogBase.java:337)
	at org.apache.ratis.server.impl.RaftServerImpl.appendEntriesAsync(RaftServerImpl.java:1520)
	at org.apache.ratis.server.impl.RaftServerImpl.appendEntriesAsync(RaftServerImpl.java:1388)
	at org.apache.ratis.server.impl.RaftServerProxy.lambda$appendEntriesAsync$26(RaftServerProxy.java:634)
	at org.apache.ratis.util.JavaUtils.callAsUnchecked(JavaUtils.java:117)
	at org.apache.ratis.server.impl.RaftServerImpl.lambda$executeSubmitServerRequestAsync$11(RaftServerImpl.java:813)
	at java.base/java.util.concurrent.CompletableFuture$AsyncSupply.run(CompletableFuture.java:1700)
	at java.base/java.util.concurrent.ThreadPoolExecutor.runWorker(ThreadPoolExecutor.java:1128)
	at java.base/java.util.concurrent.ThreadPoolExecutor$Worker.run(ThreadPoolExecutor.java:628)
	... 1 more
2022-12-06 13:08:02,094 [grpc-default-executor-11] WARN  server.GrpcLogAppender (LogUtils.java:warn(124)) - s0@group-BD1198AD89EB->s1-AppendLogResponseHandler: Failed appendEntries
org.apache.ratis.server.raftlog.RaftLogIOException: Log already failed at index 83 for task WriteLog:83: (t:4, i:83), STATEMACHINELOGENTRY, StateMachineLogEntryProto:395@client-448F7CBC4654
	at org.apache.ratis.server.raftlog.segmented.SegmentedRaftLogWorker.run(SegmentedRaftLogWorker.java:320)
	at java.base/java.lang.Thread.run(Thread.java:829)
Caused by: java.io.IOException: java.lang.IllegalStateException: Null stream: entry=term: 4
index: 83
stateMachineLogEntry {
  type: DATASTREAM
  clientId: "\267G\024\371k\242B\300\255\221D\217|\274FT"
  callId: 395
}

	at org.apache.ratis.util.IOUtils.asIOException(IOUtils.java:56)
	at org.apache.ratis.util.IOUtils.toIOException(IOUtils.java:61)
	at org.apache.ratis.util.IOUtils.getFromFuture(IOUtils.java:85)
	at org.apache.ratis.server.raftlog.segmented.SegmentedRaftLogWorker$StateMachineDataPolicy.getFromFuture(SegmentedRaftLogWorker.java:88)
	at org.apache.ratis.server.raftlog.segmented.SegmentedRaftLogWorker$WriteLog.execute(SegmentedRaftLogWorker.java:540)
	at org.apache.ratis.server.raftlog.segmented.SegmentedRaftLogWorker.run(SegmentedRaftLogWorker.java:308)
	... 1 more
Caused by: java.lang.IllegalStateException: Null stream: entry=term: 4
index: 83
stateMachineLogEntry {
  type: DATASTREAM
  clientId: "\267G\024\371k\242B\300\255\221D\217|\274FT"
  callId: 395
}

	at org.apache.ratis.datastream.DataStreamTestUtils$MultiDataStreamStateMachine.link(DataStreamTestUtils.java:159)
	at org.apache.ratis.server.raftlog.segmented.SegmentedRaftLogWorker$WriteLog.<init>(SegmentedRaftLogWorker.java:497)
	at org.apache.ratis.server.raftlog.segmented.SegmentedRaftLogWorker.writeLogEntry(SegmentedRaftLogWorker.java:443)
	at org.apache.ratis.server.raftlog.segmented.SegmentedRaftLog.appendEntryImpl(SegmentedRaftLog.java:409)
	at org.apache.ratis.server.raftlog.RaftLogBase.lambda$appendEntry$10(RaftLogBase.java:330)
	at org.apache.ratis.server.raftlog.RaftLogSequentialOps$Runner.runSequentially(RaftLogSequentialOps.java:78)
	at org.apache.ratis.server.raftlog.RaftLogBase.appendEntry(RaftLogBase.java:330)
	at org.apache.ratis.server.raftlog.segmented.SegmentedRaftLog.appendImpl(SegmentedRaftLog.java:456)
	at org.apache.ratis.server.raftlog.RaftLogBase.lambda$append$11(RaftLogBase.java:337)
	at org.apache.ratis.server.raftlog.RaftLogSequentialOps$Runner.runSequentially(RaftLogSequentialOps.java:69)
	at org.apache.ratis.server.raftlog.RaftLogBase.append(RaftLogBase.java:337)
	at org.apache.ratis.server.impl.RaftServerImpl.appendEntriesAsync(RaftServerImpl.java:1520)
	at org.apache.ratis.server.impl.RaftServerImpl.appendEntriesAsync(RaftServerImpl.java:1388)
	at org.apache.ratis.server.impl.RaftServerProxy.lambda$appendEntriesAsync$26(RaftServerProxy.java:634)
	at org.apache.ratis.util.JavaUtils.callAsUnchecked(JavaUtils.java:117)
	at org.apache.ratis.server.impl.RaftServerImpl.lambda$executeSubmitServerRequestAsync$11(RaftServerImpl.java:813)
	at java.base/java.util.concurrent.CompletableFuture$AsyncSupply.run(CompletableFuture.java:1700)
	at java.base/java.util.concurrent.ThreadPoolExecutor.runWorker(ThreadPoolExecutor.java:1128)
	at java.base/java.util.concurrent.ThreadPoolExecutor$Worker.run(ThreadPoolExecutor.java:628)
	... 1 more
2022-12-06 13:08:02,102 [grpc-default-executor-11] INFO  leader.FollowerInfo (FollowerInfoImpl.java:lambda$new$0(48)) - s0@group-BD1198AD89EB->s1: nextIndex: updateUnconditionally 99 -> 98
2022-12-06 13:08:02,106 [grpc-default-executor-11] WARN  server.GrpcLogAppender (LogUtils.java:warn(124)) - s0@group-BD1198AD89EB->s2-AppendLogResponseHandler: Failed appendEntries
org.apache.ratis.server.raftlog.RaftLogIOException: Log already failed at index 83 for task WriteLog:83: (t:4, i:83), STATEMACHINELOGENTRY, StateMachineLogEntryProto:395@client-448F7CBC4654
	at org.apache.ratis.server.raftlog.segmented.SegmentedRaftLogWorker.run(SegmentedRaftLogWorker.java:320)
	at java.base/java.lang.Thread.run(Thread.java:829)
Caused by: java.io.IOException: java.lang.IllegalStateException: Null stream: entry=term: 4
index: 83
stateMachineLogEntry {
  type: DATASTREAM
  clientId: "\267G\024\371k\242B\300\255\221D\217|\274FT"
  callId: 395
}

	at org.apache.ratis.util.IOUtils.asIOException(IOUtils.java:56)
	at org.apache.ratis.util.IOUtils.toIOException(IOUtils.java:61)
	at org.apache.ratis.util.IOUtils.getFromFuture(IOUtils.java:85)
	at org.apache.ratis.server.raftlog.segmented.SegmentedRaftLogWorker$StateMachineDataPolicy.getFromFuture(SegmentedRaftLogWorker.java:88)
	at org.apache.ratis.server.raftlog.segmented.SegmentedRaftLogWorker$WriteLog.execute(SegmentedRaftLogWorker.java:540)
	at org.apache.ratis.server.raftlog.segmented.SegmentedRaftLogWorker.run(SegmentedRaftLogWorker.java:308)
	... 1 more
Caused by: java.lang.IllegalStateException: Null stream: entry=term: 4
index: 83
stateMachineLogEntry {
  type: DATASTREAM
  clientId: "\267G\024\371k\242B\300\255\221D\217|\274FT"
  callId: 395
}

	at org.apache.ratis.datastream.DataStreamTestUtils$MultiDataStreamStateMachine.link(DataStreamTestUtils.java:159)
	at org.apache.ratis.server.raftlog.segmented.SegmentedRaftLogWorker$WriteLog.<init>(SegmentedRaftLogWorker.java:497)
	at org.apache.ratis.server.raftlog.segmented.SegmentedRaftLogWorker.writeLogEntry(SegmentedRaftLogWorker.java:443)
	at org.apache.ratis.server.raftlog.segmented.SegmentedRaftLog.appendEntryImpl(SegmentedRaftLog.java:409)
	at org.apache.ratis.server.raftlog.RaftLogBase.lambda$appendEntry$10(RaftLogBase.java:330)
	at org.apache.ratis.server.raftlog.RaftLogSequentialOps$Runner.runSequentially(RaftLogSequentialOps.java:78)
	at org.apache.ratis.server.raftlog.RaftLogBase.appendEntry(RaftLogBase.java:330)
	at org.apache.ratis.server.raftlog.segmented.SegmentedRaftLog.appendImpl(SegmentedRaftLog.java:456)
	at org.apache.ratis.server.raftlog.RaftLogBase.lambda$append$11(RaftLogBase.java:337)
	at org.apache.ratis.server.raftlog.RaftLogSequentialOps$Runner.runSequentially(RaftLogSequentialOps.java:69)
	at org.apache.ratis.server.raftlog.RaftLogBase.append(RaftLogBase.java:337)
	at org.apache.ratis.server.impl.RaftServerImpl.appendEntriesAsync(RaftServerImpl.java:1520)
	at org.apache.ratis.server.impl.RaftServerImpl.appendEntriesAsync(RaftServerImpl.java:1388)
	at org.apache.ratis.server.impl.RaftServerProxy.lambda$appendEntriesAsync$26(RaftServerProxy.java:634)
	at org.apache.ratis.util.JavaUtils.callAsUnchecked(JavaUtils.java:117)
	at org.apache.ratis.server.impl.RaftServerImpl.lambda$executeSubmitServerRequestAsync$11(RaftServerImpl.java:813)
	at java.base/java.util.concurrent.CompletableFuture$AsyncSupply.run(CompletableFuture.java:1700)
	at java.base/java.util.concurrent.ThreadPoolExecutor.runWorker(ThreadPoolExecutor.java:1128)
	at java.base/java.util.concurrent.ThreadPoolExecutor$Worker.run(ThreadPoolExecutor.java:628)
	... 1 more
2022-12-06 13:08:02,106 [grpc-default-executor-11] INFO  leader.FollowerInfo (FollowerInfoImpl.java:lambda$new$0(48)) - s0@group-BD1198AD89EB->s2: nextIndex: updateUnconditionally 99 -> 98
2022-12-06 13:08:06,179 [Timer-2] INFO  impl.MiniRaftCluster (MiniRaftCluster.java:lambda$start$6(349)) - TIMED-PRINT: printing ALL groups
  s0:  RUNNING    LEADER s0@group-BD1198AD89EB:t4, leader=s0, voted=s0, raftlog=Memoized:s0@group-BD1198AD89EB-SegmentedRaftLog:OPENED:c82, conf=81: peers:[s0|rpc:localhost:40727|admin:localhost:42117|client:localhost:39843|dataStream:localhost:39837|priority:0|startupRole:FOLLOWER, s1|rpc:localhost:35713|admin:localhost:46153|client:localhost:44441|dataStream:localhost:35971|priority:0|startupRole:FOLLOWER, s2|rpc:localhost:34381|admin:localhost:37429|client:localhost:41515|dataStream:localhost:42945|priority:0|startupRole:FOLLOWER]|listeners:[], old=null RUNNING
  s1:  RUNNING  FOLLOWER s1@group-BD1198AD89EB:t4, leader=s0, voted=s0, raftlog=Memoized:s1@group-BD1198AD89EB-SegmentedRaftLog:OPENED:c82, conf=81: peers:[s0|rpc:localhost:40727|admin:localhost:42117|client:localhost:39843|dataStream:localhost:39837|priority:0|startupRole:FOLLOWER, s1|rpc:localhost:35713|admin:localhost:46153|client:localhost:44441|dataStream:localhost:35971|priority:0|startupRole:FOLLOWER, s2|rpc:localhost:34381|admin:localhost:37429|client:localhost:41515|dataStream:localhost:42945|priority:0|startupRole:FOLLOWER]|listeners:[], old=null RUNNING
  s2:  RUNNING  FOLLOWER s2@group-BD1198AD89EB:t4, leader=s0, voted=s2, raftlog=Memoized:s2@group-BD1198AD89EB-SegmentedRaftLog:OPENED:c82, conf=81: peers:[s0|rpc:localhost:40727|admin:localhost:42117|client:localhost:39843|dataStream:localhost:39837|priority:0|startupRole:FOLLOWER, s1|rpc:localhost:35713|admin:localhost:46153|client:localhost:44441|dataStream:localhost:35971|priority:0|startupRole:FOLLOWER, s2|rpc:localhost:34381|admin:localhost:37429|client:localhost:41515|dataStream:localhost:42945|priority:0|startupRole:FOLLOWER]|listeners:[], old=null RUNNING
2022-12-06 13:08:07,970 [timer2] WARN  grpc.GrpcUtil (GrpcUtil.java:shutdownManagedChannel(223)) - Timed out gracefully shutting down connection: ManagedChannelOrphanWrapper{delegate=ManagedChannelImpl{logId=1461, target=localhost:39843}}. 
2022-12-06 13:08:08,089 [timer3] WARN  grpc.GrpcUtil (GrpcUtil.java:shutdownManagedChannel(223)) - Timed out gracefully shutting down connection: ManagedChannelOrphanWrapper{delegate=ManagedChannelImpl{logId=1475, target=localhost:39843}}. 
2022-12-06 13:08:14,089 [timer5] WARN  grpc.GrpcUtil (GrpcUtil.java:shutdownManagedChannel(223)) - Timed out gracefully shutting down connection: ManagedChannelOrphanWrapper{delegate=ManagedChannelImpl{logId=1489, target=localhost:39843}}. 
2022-12-06 13:08:14,206 [timer3] WARN  grpc.GrpcUtil (GrpcUtil.java:shutdownManagedChannel(223)) - Timed out gracefully shutting down connection: ManagedChannelOrphanWrapper{delegate=ManagedChannelImpl{logId=1503, target=localhost:39843}}. 
]]></system-out>
    <system-err><![CDATA[Dec 06, 2022 1:03:47 PM org.apache.ratis.thirdparty.io.grpc.internal.SerializingExecutor run
SEVERE: Exception while executing runnable org.apache.ratis.thirdparty.io.grpc.internal.ServerImpl$JumpToApplicationThreadServerStreamListener$1HalfClosed@2ba1df12
java.lang.IllegalStateException: Entry not found for key 0 in map OrderedStreamObservers
	at org.apache.ratis.util.Preconditions.assertTrue(Preconditions.java:73)
	at org.apache.ratis.util.CollectionUtils.removeExisting(CollectionUtils.java:130)
	at org.apache.ratis.grpc.server.GrpcClientProtocolService$OrderedStreamObservers.removeExisting(GrpcClientProtocolService.java:115)
	at org.apache.ratis.grpc.server.GrpcClientProtocolService$OrderedRequestStreamObserver.cleanup(GrpcClientProtocolService.java:395)
	at org.apache.ratis.grpc.server.GrpcClientProtocolService$OrderedRequestStreamObserver.close(GrpcClientProtocolService.java:389)
	at org.apache.ratis.grpc.server.GrpcClientProtocolService$OrderedRequestStreamObserver.onCompleted(GrpcClientProtocolService.java:379)
	at org.apache.ratis.thirdparty.io.grpc.stub.ServerCalls$StreamingServerCallHandler$StreamingServerCallListener.onHalfClose(ServerCalls.java:273)
	at org.apache.ratis.thirdparty.io.grpc.PartialForwardingServerCallListener.onHalfClose(PartialForwardingServerCallListener.java:35)
	at org.apache.ratis.thirdparty.io.grpc.ForwardingServerCallListener.onHalfClose(ForwardingServerCallListener.java:23)
	at org.apache.ratis.thirdparty.io.grpc.internal.ServerCallImpl$ServerStreamListenerImpl.halfClosed(ServerCallImpl.java:354)
	at org.apache.ratis.thirdparty.io.grpc.internal.ServerImpl$JumpToApplicationThreadServerStreamListener$1HalfClosed.runInContext(ServerImpl.java:866)
	at org.apache.ratis.thirdparty.io.grpc.internal.ContextRunnable.run(ContextRunnable.java:37)
	at org.apache.ratis.thirdparty.io.grpc.internal.SerializingExecutor.run(SerializingExecutor.java:133)
	at java.base/java.util.concurrent.ThreadPoolExecutor.runWorker(ThreadPoolExecutor.java:1128)
	at java.base/java.util.concurrent.ThreadPoolExecutor$Worker.run(ThreadPoolExecutor.java:628)
	at java.base/java.lang.Thread.run(Thread.java:829)

]]></system-err>
  </testcase>
  <testcase name="testStreamWrites" classname="org.apache.ratis.datastream.TestNettyDataStreamStarTopologyWithGrpcCluster" time="4.131"/>
</testsuite>