<?xml version="1.0" encoding="UTF-8"?>
<testsuite xmlns:xsi="http://www.w3.org/2001/XMLSchema-instance" xsi:noNamespaceSchemaLocation="https://maven.apache.org/surefire/maven-surefire-plugin/xsd/surefire-test-report.xsd" version="3.0.2" name="org.apache.ratis.netty.TestTlsConfWithNetty" time="1.692" tests="2" errors="1" skipped="0" failures="0">
  <properties>
[...]
</properties>
  <testcase name="testSsl" classname="org.apache.ratis.netty.TestTlsConfWithNetty" time="1.512">
    <error message="bind(..) failed: Address already in use" type="org.apache.ratis.thirdparty.io.netty.channel.unix.Errors$NativeIoException"><![CDATA[org.apache.ratis.thirdparty.io.netty.channel.unix.Errors$NativeIoException: bind(..) failed: Address already in use
	Suppressed: java.lang.RuntimeException: Rethrowing promise failure cause
		at org.apache.ratis.thirdparty.io.netty.util.concurrent.DefaultPromise.rethrowIfFailed(DefaultPromise.java:685)
		at org.apache.ratis.thirdparty.io.netty.util.concurrent.DefaultPromise.syncUninterruptibly(DefaultPromise.java:426)
		at org.apache.ratis.thirdparty.io.netty.channel.DefaultChannelPromise.syncUninterruptibly(DefaultChannelPromise.java:125)
		at org.apache.ratis.thirdparty.io.netty.channel.DefaultChannelPromise.syncUninterruptibly(DefaultChannelPromise.java:30)
		at org.apache.ratis.netty.TestTlsConfWithNetty$NettyTestServer.<init>(TestTlsConfWithNetty.java:138)
		at org.apache.ratis.netty.TestTlsConfWithNetty.runTest(TestTlsConfWithNetty.java:103)
		at org.apache.ratis.netty.TestTlsConfWithNetty.testSsl(TestTlsConfWithNetty.java:92)
		at java.base/java.lang.reflect.Method.invoke(Method.java:569)
		at java.base/java.util.ArrayList.forEach(ArrayList.java:1511)
		at java.base/java.util.ArrayList.forEach(ArrayList.java:1511)
]]></error>
    <system-out><![CDATA[2025-11-20 15:53:06,115 [main] INFO  security.SecurityTestUtils (SecurityTestUtils.java:newServerTlsConfig(84)) - newServerTlsConfig: mutualAuthn? true
2025-11-20 15:53:06,124 [main] INFO  security.SecurityTestUtils (SecurityTestUtils.java:getResource(79)) - Getting resource ssl/server.pem: /home/runner/work/ratis/ratis/ratis-test/target/test-classes/ssl/server.pem
2025-11-20 15:53:06,127 [main] INFO  security.SecurityTestUtils (SecurityTestUtils.java:getResource(79)) - Getting resource ssl/server.crt: /home/runner/work/ratis/ratis/ratis-test/target/test-classes/ssl/server.crt
2025-11-20 15:53:06,127 [main] INFO  security.SecurityTestUtils (SecurityTestUtils.java:getResource(79)) - Getting resource ssl/client.crt: /home/runner/work/ratis/ratis/ratis-test/target/test-classes/ssl/client.crt
2025-11-20 15:53:06,151 [main] INFO  security.SecurityTestUtils (SecurityTestUtils.java:newClientTlsConfig(95)) - newClientTlsConfig: mutualAuthn? true
2025-11-20 15:53:06,152 [main] INFO  security.SecurityTestUtils (SecurityTestUtils.java:getResource(79)) - Getting resource ssl/client.pem: /home/runner/work/ratis/ratis/ratis-test/target/test-classes/ssl/client.pem
2025-11-20 15:53:06,153 [main] INFO  security.SecurityTestUtils (SecurityTestUtils.java:getResource(79)) - Getting resource ssl/client.crt: /home/runner/work/ratis/ratis/ratis-test/target/test-classes/ssl/client.crt
2025-11-20 15:53:06,153 [main] INFO  security.SecurityTestUtils (SecurityTestUtils.java:getResource(79)) - Getting resource ssl/ca.crt: /home/runner/work/ratis/ratis/ratis-test/target/test-classes/ssl/ca.crt
2025-11-20 15:53:06,154 [main] INFO  netty.TestTlsConfWithNetty (TestTlsConfWithNetty.java:randomPort(79)) - randomPort: 59380
2025-11-20 15:53:07,442 [main] INFO  netty.NettyUtils (NettyUtils.java:newEventLoopGroup(74)) - Create EpollEventLoopGroup for NettyTestServer-bossGroup; Thread size is 3.
2025-11-20 15:53:07,486 [main] INFO  netty.NettyUtils (NettyUtils.java:newEventLoopGroup(74)) - Create EpollEventLoopGroup for NettyTestServer-workerGroup; Thread size is 3.
2025-11-20 15:53:07,585 [NettyTestServer-bossGroup--thread1] INFO  netty.TestTlsConfWithNetty$NettyTestServer (AbstractInternalLogger.java:log(148)) - [id: 0xfc2aaaaf] REGISTERED
2025-11-20 15:53:07,586 [NettyTestServer-bossGroup--thread1] INFO  netty.TestTlsConfWithNetty$NettyTestServer (AbstractInternalLogger.java:log(148)) - [id: 0xfc2aaaaf] BIND: 0.0.0.0/0.0.0.0:59380
2025-11-20 15:53:07,597 [NettyTestServer-bossGroup--thread1] INFO  netty.TestTlsConfWithNetty$NettyTestServer (AbstractInternalLogger.java:log(148)) - [id: 0xfc2aaaaf] CLOSE
2025-11-20 15:53:07,599 [NettyTestServer-bossGroup--thread1] INFO  netty.TestTlsConfWithNetty$NettyTestServer (AbstractInternalLogger.java:log(148)) - [id: 0xfc2aaaaf] UNREGISTERED
]]></system-out>
  </testcase>
  <testcase name="testNoSsl" classname="org.apache.ratis.netty.TestTlsConfWithNetty" time="0.099">
    <system-out><![CDATA[2025-11-20 15:53:07,616 [main] INFO  netty.TestTlsConfWithNetty (TestTlsConfWithNetty.java:randomPort(79)) - randomPort: 50131
2025-11-20 15:53:07,619 [main] INFO  netty.NettyUtils (NettyUtils.java:newEventLoopGroup(74)) - Create EpollEventLoopGroup for NettyTestServer-bossGroup; Thread size is 3.
2025-11-20 15:53:07,626 [main] INFO  netty.NettyUtils (NettyUtils.java:newEventLoopGroup(74)) - Create EpollEventLoopGroup for NettyTestServer-workerGroup; Thread size is 3.
2025-11-20 15:53:07,628 [NettyTestServer-bossGroup--thread1] INFO  netty.TestTlsConfWithNetty$NettyTestServer (AbstractInternalLogger.java:log(148)) - [id: 0xeabcd991] REGISTERED
2025-11-20 15:53:07,628 [NettyTestServer-bossGroup--thread1] INFO  netty.TestTlsConfWithNetty$NettyTestServer (AbstractInternalLogger.java:log(148)) - [id: 0xeabcd991] BIND: 0.0.0.0/0.0.0.0:50131
2025-11-20 15:53:07,629 [NettyTestServer-bossGroup--thread1] INFO  netty.TestTlsConfWithNetty$NettyTestServer (AbstractInternalLogger.java:log(148)) - [id: 0xeabcd991, L:/0.0.0.0:50131] ACTIVE
2025-11-20 15:53:07,684 [NettyTestServer-bossGroup--thread1] INFO  netty.TestTlsConfWithNetty$NettyTestServer (AbstractInternalLogger.java:log(148)) - [id: 0xeabcd991, L:/0.0.0.0:50131] READ: [id: 0xa79fd139, L:/127.0.0.1:50131 - R:/127.0.0.1:34582]
2025-11-20 15:53:07,689 [NettyTestServer-bossGroup--thread1] INFO  netty.TestTlsConfWithNetty$NettyTestServer (AbstractInternalLogger.java:log(148)) - [id: 0xeabcd991, L:/0.0.0.0:50131] READ COMPLETE
2025-11-20 15:53:07,692 [NettyTestServer-workerGroup--thread1] INFO  netty.TestTlsConfWithNetty$NettyTestServer (TestTlsConfWithNetty.java:channelRead(160)) - channelRead: Hey, how are you? 
2025-11-20 15:53:07,696 [nioEventLoopGroup-2-1] INFO  netty.TestTlsConfWithNetty$NettyTestClient (TestTlsConfWithNetty.java:channelRead(234)) - received: [Hey,] [how] [are] [you?] 
2025-11-20 15:53:07,697 [main] INFO  netty.TestTlsConfWithNetty (TestTlsConfWithNetty.java:runTest(114)) - [Hey,]
2025-11-20 15:53:07,700 [main] INFO  netty.TestTlsConfWithNetty (TestTlsConfWithNetty.java:runTest(114)) - [how]
2025-11-20 15:53:07,700 [main] INFO  netty.TestTlsConfWithNetty (TestTlsConfWithNetty.java:runTest(114)) - [are]
2025-11-20 15:53:07,701 [main] INFO  netty.TestTlsConfWithNetty (TestTlsConfWithNetty.java:runTest(114)) - [you?]
2025-11-20 15:53:07,709 [NettyTestServer-bossGroup--thread1] INFO  netty.TestTlsConfWithNetty$NettyTestServer (AbstractInternalLogger.java:log(148)) - [id: 0xeabcd991, L:/0.0.0.0:50131] CLOSE
2025-11-20 15:53:07,709 [NettyTestServer-bossGroup--thread1] INFO  netty.TestTlsConfWithNetty$NettyTestServer (AbstractInternalLogger.java:log(148)) - [id: 0xeabcd991, L:/0.0.0.0:50131] INACTIVE
2025-11-20 15:53:07,710 [NettyTestServer-bossGroup--thread1] INFO  netty.TestTlsConfWithNetty$NettyTestServer (AbstractInternalLogger.java:log(148)) - [id: 0xeabcd991, L:/0.0.0.0:50131] UNREGISTERED
]]></system-out>
  </testcase>
</testsuite>