-------------------------------------------------------------------------------
Test set: org.apache.ratis.server.raftlog.TestRaftLogMetrics
-------------------------------------------------------------------------------
Tests run: 1, Failures: 1, Errors: 0, Skipped: 0, Time elapsed: 6.504 s <<< FAILURE! - in org.apache.ratis.server.raftlog.TestRaftLogMetrics
org.apache.ratis.server.raftlog.TestRaftLogMetrics.testRaftLogMetrics  Time elapsed: 6.283 s  <<< FAILURE!
org.opentest4j.AssertionFailedError: expected: <4> but was: <5>
	at org.junit.jupiter.api.AssertionFailureBuilder.build(AssertionFailureBuilder.java:151)
	at org.junit.jupiter.api.AssertionFailureBuilder.buildAndThrow(AssertionFailureBuilder.java:132)
	at org.junit.jupiter.api.AssertEquals.failNotEqual(AssertEquals.java:197)
	at org.junit.jupiter.api.AssertEquals.assertEquals(AssertEquals.java:166)
	at org.junit.jupiter.api.AssertEquals.assertEquals(AssertEquals.java:161)
	at org.junit.jupiter.api.Assertions.assertEquals(Assertions.java:632)
	at org.apache.ratis.server.raftlog.TestRaftLogMetrics.lambda$assertFlushCount$2(TestRaftLogMetrics.java:136)
	at org.apache.ratis.util.JavaUtils.lambda$attempt$7(JavaUtils.java:211)
	at org.apache.ratis.util.JavaUtils.attempt(JavaUtils.java:224)
	at org.apache.ratis.util.JavaUtils.attempt(JavaUtils.java:211)
	at org.apache.ratis.util.JavaUtils.attemptRepeatedly(JavaUtils.java:203)
	at org.apache.ratis.server.raftlog.TestRaftLogMetrics.assertFlushCount(TestRaftLogMetrics.java:135)
	at org.apache.ratis.server.raftlog.TestRaftLogMetrics.runTestRaftLogMetrics(TestRaftLogMetrics.java:102)
	at org.apache.ratis.server.raftlog.TestRaftLogMetrics.testRaftLogMetrics(TestRaftLogMetrics.java:87)
	at java.lang.reflect.Method.invoke(Method.java:498)
	at java.util.ArrayList.forEach(ArrayList.java:1259)
	at java.util.ArrayList.forEach(ArrayList.java:1259)

