<?xml version="1.0" encoding="UTF-8"?>
<testsuite xmlns:xsi="http://www.w3.org/2001/XMLSchema-instance" xsi:noNamespaceSchemaLocation="https://maven.apache.org/surefire/maven-surefire-plugin/xsd/surefire-test-report-3.0.xsd" version="3.0" name="org.apache.ratis.examples.arithmetic.TestArithmetic" time="15.567" tests="6" errors="3" skipped="0" failures="0">
  <properties>
    <property name="awt.toolkit" value="sun.awt.X11.XToolkit"/>
    <property name="file.encoding.pkg" value="sun.io"/>
    <property name="java.specification.version" value="1.8"/>
    <property name="sun.cpu.isalist" value=""/>
    <property name="sun.jnu.encoding" value="UTF-8"/>
    <property name="java.class.path" value="/home/runner/work/ratis/ratis/ratis-examples/target/test-classes:/home/runner/work/ratis/ratis/ratis-examples/target/classes:/home/runner/.m2/repository/org/apache/ratis/ratis-thirdparty-misc/1.0.6/ratis-thirdparty-misc-1.0.6.jar:/home/runner/work/ratis/ratis/ratis-proto/target/classes:/home/runner/work/ratis/ratis/ratis-tools/target/classes:/home/runner/work/ratis/ratis/ratis-common/target/classes:/home/runner/work/ratis/ratis/ratis-common/target/test-classes:/home/runner/work/ratis/ratis/ratis-client/target/classes:/home/runner/work/ratis/ratis/ratis-server/target/classes:/home/runner/work/ratis/ratis/ratis-server-api/target/classes:/home/runner/work/ratis/ratis/ratis-metrics-api/target/classes:/home/runner/work/ratis/ratis/ratis-server/target/test-classes:/home/runner/work/ratis/ratis/ratis-metrics-default/target/classes:/home/runner/work/ratis/ratis/ratis-grpc/target/classes:/home/runner/work/ratis/ratis/ratis-grpc/target/test-classes:/home/runner/work/ratis/ratis/ratis-netty/target/classes:/home/runner/work/ratis/ratis/ratis-netty/target/test-classes:/home/runner/work/ratis/ratis/ratis-test/target/test-classes:/home/runner/.m2/repository/com/beust/jcommander/1.82/jcommander-1.82.jar:/home/runner/.m2/repository/org/slf4j/slf4j-api/2.0.7/slf4j-api-2.0.7.jar:/home/runner/.m2/repository/org/slf4j/slf4j-reload4j/2.0.7/slf4j-reload4j-2.0.7.jar:/home/runner/.m2/repository/ch/qos/reload4j/reload4j/1.2.22/reload4j-1.2.22.jar:/home/runner/.m2/repository/junit/junit/4.13.2/junit-4.13.2.jar:/home/runner/.m2/repository/org/hamcrest/hamcrest-core/1.3/hamcrest-core-1.3.jar:/home/runner/.m2/repository/org/junit/jupiter/junit-jupiter-engine/5.10.1/junit-jupiter-engine-5.10.1.jar:/home/runner/.m2/repository/org/junit/platform/junit-platform-engine/1.10.1/junit-platform-engine-1.10.1.jar:/home/runner/.m2/repository/org/apiguardian/apiguardian-api/1.1.2/apiguardian-api-1.1.2.jar:/home/runner/.m2/repository/org/junit/jupiter/junit-jupiter-api/5.10.1/junit-jupiter-api-5.10.1.jar:/home/runner/.m2/repository/org/opentest4j/opentest4j/1.3.0/opentest4j-1.3.0.jar:/home/runner/.m2/repository/org/junit/platform/junit-platform-commons/1.10.1/junit-platform-commons-1.10.1.jar:/home/runner/.m2/repository/org/junit/jupiter/junit-jupiter-params/5.10.1/junit-jupiter-params-5.10.1.jar:"/>
    <property name="java.vm.vendor" value="Temurin"/>
    <property name="sun.arch.data.model" value="64"/>
    <property name="java.vendor.url" value="https://adoptium.net/"/>
    <property name="user.timezone" value="Etc/UTC"/>
    <property name="java.vm.specification.version" value="1.8"/>
    <property name="os.name" value="Linux"/>
    <property name="sun.java.launcher" value="SUN_STANDARD"/>
    <property name="sun.boot.library.path" value="/usr/lib/jvm/temurin-8-jdk-amd64/jre/lib/amd64"/>
    <property name="sun.java.command" value="/home/runner/work/ratis/ratis/ratis-examples/target/surefire/surefirebooter4279947715167281351.jar /home/runner/work/ratis/ratis/ratis-examples/target/surefire 2024-09-29T22-48-07_297-jvmRun1 surefire8579378444995733517tmp surefire_418438427007490228829tmp"/>
    <property name="surefire.test.class.path" value="/home/runner/work/ratis/ratis/ratis-examples/target/test-classes:/home/runner/work/ratis/ratis/ratis-examples/target/classes:/home/runner/.m2/repository/org/apache/ratis/ratis-thirdparty-misc/1.0.6/ratis-thirdparty-misc-1.0.6.jar:/home/runner/work/ratis/ratis/ratis-proto/target/classes:/home/runner/work/ratis/ratis/ratis-tools/target/classes:/home/runner/work/ratis/ratis/ratis-common/target/classes:/home/runner/work/ratis/ratis/ratis-common/target/test-classes:/home/runner/work/ratis/ratis/ratis-client/target/classes:/home/runner/work/ratis/ratis/ratis-server/target/classes:/home/runner/work/ratis/ratis/ratis-server-api/target/classes:/home/runner/work/ratis/ratis/ratis-metrics-api/target/classes:/home/runner/work/ratis/ratis/ratis-server/target/test-classes:/home/runner/work/ratis/ratis/ratis-metrics-default/target/classes:/home/runner/work/ratis/ratis/ratis-grpc/target/classes:/home/runner/work/ratis/ratis/ratis-grpc/target/test-classes:/home/runner/work/ratis/ratis/ratis-netty/target/classes:/home/runner/work/ratis/ratis/ratis-netty/target/test-classes:/home/runner/work/ratis/ratis/ratis-test/target/test-classes:/home/runner/.m2/repository/com/beust/jcommander/1.82/jcommander-1.82.jar:/home/runner/.m2/repository/org/slf4j/slf4j-api/2.0.7/slf4j-api-2.0.7.jar:/home/runner/.m2/repository/org/slf4j/slf4j-reload4j/2.0.7/slf4j-reload4j-2.0.7.jar:/home/runner/.m2/repository/ch/qos/reload4j/reload4j/1.2.22/reload4j-1.2.22.jar:/home/runner/.m2/repository/junit/junit/4.13.2/junit-4.13.2.jar:/home/runner/.m2/repository/org/hamcrest/hamcrest-core/1.3/hamcrest-core-1.3.jar:/home/runner/.m2/repository/org/junit/jupiter/junit-jupiter-engine/5.10.1/junit-jupiter-engine-5.10.1.jar:/home/runner/.m2/repository/org/junit/platform/junit-platform-engine/1.10.1/junit-platform-engine-1.10.1.jar:/home/runner/.m2/repository/org/apiguardian/apiguardian-api/1.1.2/apiguardian-api-1.1.2.jar:/home/runner/.m2/repository/org/junit/jupiter/junit-jupiter-api/5.10.1/junit-jupiter-api-5.10.1.jar:/home/runner/.m2/repository/org/opentest4j/opentest4j/1.3.0/opentest4j-1.3.0.jar:/home/runner/.m2/repository/org/junit/platform/junit-platform-commons/1.10.1/junit-platform-commons-1.10.1.jar:/home/runner/.m2/repository/org/junit/jupiter/junit-jupiter-params/5.10.1/junit-jupiter-params-5.10.1.jar:"/>
    <property name="sun.cpu.endian" value="little"/>
    <property name="user.home" value="/home/runner"/>
    <property name="user.language" value="en"/>
    <property name="java.specification.vendor" value="Oracle Corporation"/>
    <property name="java.home" value="/usr/lib/jvm/temurin-8-jdk-amd64/jre"/>
    <property name="basedir" value="/home/runner/work/ratis/ratis/ratis-examples"/>
    <property name="file.separator" value="/"/>
    <property name="line.separator" value="&#10;"/>
    <property name="java.vm.specification.vendor" value="Oracle Corporation"/>
    <property name="java.specification.name" value="Java Platform API Specification"/>
    <property name="java.awt.graphicsenv" value="sun.awt.X11GraphicsEnvironment"/>
    <property name="surefire.real.class.path" value="/home/runner/work/ratis/ratis/ratis-examples/target/surefire/surefirebooter4279947715167281351.jar:/home/runner/.m2/repository/org/jacoco/org.jacoco.agent/0.8.11/org.jacoco.agent-0.8.11-runtime.jar"/>
    <property name="sun.boot.class.path" value="/usr/lib/jvm/temurin-8-jdk-amd64/jre/lib/resources.jar:/usr/lib/jvm/temurin-8-jdk-amd64/jre/lib/rt.jar:/usr/lib/jvm/temurin-8-jdk-amd64/jre/lib/sunrsasign.jar:/usr/lib/jvm/temurin-8-jdk-amd64/jre/lib/jsse.jar:/usr/lib/jvm/temurin-8-jdk-amd64/jre/lib/jce.jar:/usr/lib/jvm/temurin-8-jdk-amd64/jre/lib/charsets.jar:/usr/lib/jvm/temurin-8-jdk-amd64/jre/lib/jfr.jar:/usr/lib/jvm/temurin-8-jdk-amd64/jre/classes"/>
    <property name="sun.management.compiler" value="HotSpot 64-Bit Tiered Compilers"/>
    <property name="java.runtime.version" value="1.8.0_422-b05"/>
    <property name="java.net.preferIPv4Stack" value="true"/>
    <property name="user.name" value="runner"/>
    <property name="path.separator" value=":"/>
    <property name="os.version" value="5.15.0-1073-azure"/>
    <property name="java.endorsed.dirs" value="/usr/lib/jvm/temurin-8-jdk-amd64/jre/lib/endorsed"/>
    <property name="java.runtime.name" value="OpenJDK Runtime Environment"/>
    <property name="file.encoding" value="UTF-8"/>
    <property name="java.vm.name" value="OpenJDK 64-Bit Server VM"/>
    <property name="localRepository" value="/home/runner/.m2/repository"/>
    <property name="java.vendor.url.bug" value="https://github.com/adoptium/adoptium-support/issues"/>
    <property name="java.io.tmpdir" value="/tmp"/>
    <property name="java.version" value="1.8.0_422"/>
    <property name="user.dir" value="/home/runner/work/ratis/ratis/ratis-examples"/>
    <property name="os.arch" value="amd64"/>
    <property name="ratis.tmp.dir" value="/home/runner/work/ratis/ratis/ratis-examples/target/tmp"/>
    <property name="java.vm.specification.name" value="Java Virtual Machine Specification"/>
    <property name="java.awt.printerjob" value="sun.print.PSPrinterJob"/>
    <property name="ratis.log.dir" value="/home/runner/work/ratis/ratis/ratis-examples/target/log"/>
    <property name="sun.os.patch.level" value="unknown"/>
    <property name="org.apache.ratis.thirdparty.io.netty.allocator.useCacheForAllThreads" value="false"/>
    <property name="java.library.path" value="/usr/java/packages/lib/amd64:/usr/lib64:/lib64:/lib:/usr/lib"/>
    <property name="java.vm.info" value="mixed mode"/>
    <property name="java.vendor" value="Temurin"/>
    <property name="java.vm.version" value="25.422-b05"/>
    <property name="java.specification.maintenance.version" value="5"/>
    <property name="java.ext.dirs" value="/usr/lib/jvm/temurin-8-jdk-amd64/jre/lib/ext:/usr/java/packages/lib/ext"/>
    <property name="sun.io.unicode.encoding" value="UnicodeLittle"/>
    <property name="java.class.version" value="52.0"/>
  </properties>
  <testcase name="testPythagorean(MiniRaftCluster)[1]" classname="org.apache.ratis.examples.arithmetic.TestArithmetic" time="4.664"/>
  <testcase name="testPythagorean(MiniRaftCluster)[2]" classname="org.apache.ratis.examples.arithmetic.TestArithmetic" time="4.36"/>
  <testcase name="testPythagorean(MiniRaftCluster)[3]" classname="org.apache.ratis.examples.arithmetic.TestArithmetic" time="2.664"/>
  <testcase name="testGaussLegendre(MiniRaftCluster)[1]" classname="org.apache.ratis.examples.arithmetic.TestArithmetic" time="3.408">
    <error type="java.lang.IllegalStateException"><![CDATA[java.lang.IllegalStateException: allLeaks.size = 2
	at org.apache.ratis.util.Preconditions.assertTrue(Preconditions.java:77)
	at org.apache.ratis.util.LeakDetector.assertNoLeaks(LeakDetector.java:107)
	at org.apache.ratis.server.impl.MiniRaftCluster.shutdown(MiniRaftCluster.java:869)
	at org.apache.ratis.server.impl.MiniRaftCluster.close(MiniRaftCluster.java:833)
	at java.util.stream.ForEachOps$ForEachOp$OfRef.accept(ForEachOps.java:183)
	at java.util.ArrayList.forEach(ArrayList.java:1259)
	at java.util.stream.SortedOps$RefSortingSink.end(SortedOps.java:395)
	at java.util.stream.Sink$ChainedReference.end(Sink.java:258)
	at java.util.stream.Sink$ChainedReference.end(Sink.java:258)
	at java.util.stream.AbstractPipeline.copyInto(AbstractPipeline.java:483)
	at java.util.stream.AbstractPipeline.wrapAndCopyInto(AbstractPipeline.java:472)
	at java.util.stream.ForEachOps$ForEachOp.evaluateSequential(ForEachOps.java:150)
	at java.util.stream.ForEachOps$ForEachOp$OfRef.evaluateSequential(ForEachOps.java:173)
	at java.util.stream.AbstractPipeline.evaluate(AbstractPipeline.java:234)
	at java.util.stream.ReferencePipeline.forEach(ReferencePipeline.java:485)
	at java.util.stream.ForEachOps$ForEachOp$OfRef.accept(ForEachOps.java:183)
	at java.util.stream.ReferencePipeline$3$1.accept(ReferencePipeline.java:193)
	at java.util.stream.ReferencePipeline$2$1.accept(ReferencePipeline.java:175)
	at java.util.stream.ReferencePipeline$3$1.accept(ReferencePipeline.java:193)
	at java.util.stream.ForEachOps$ForEachOp$OfRef.accept(ForEachOps.java:183)
	at java.util.stream.ReferencePipeline$3$1.accept(ReferencePipeline.java:193)
	at java.util.stream.ReferencePipeline$3$1.accept(ReferencePipeline.java:193)
	at java.util.stream.ReferencePipeline$3$1.accept(ReferencePipeline.java:193)
	at java.util.stream.ForEachOps$ForEachOp$OfRef.accept(ForEachOps.java:183)
	at java.util.stream.ReferencePipeline$3$1.accept(ReferencePipeline.java:193)
	at java.util.ArrayList$ArrayListSpliterator.forEachRemaining(ArrayList.java:1384)
	at java.util.stream.ReferencePipeline$Head.forEach(ReferencePipeline.java:647)
	at java.util.stream.ReferencePipeline$7$1.accept(ReferencePipeline.java:272)
	at java.util.stream.ReferencePipeline$3$1.accept(ReferencePipeline.java:193)
	at java.util.stream.ReferencePipeline$3$1.accept(ReferencePipeline.java:193)
	at java.util.stream.ReferencePipeline$3$1.accept(ReferencePipeline.java:193)
	at java.util.Spliterators$ArraySpliterator.forEachRemaining(Spliterators.java:948)
	at java.util.stream.AbstractPipeline.copyInto(AbstractPipeline.java:482)
	at java.util.stream.AbstractPipeline.wrapAndCopyInto(AbstractPipeline.java:472)
	at java.util.stream.ForEachOps$ForEachOp.evaluateSequential(ForEachOps.java:150)
	at java.util.stream.ForEachOps$ForEachOp$OfRef.evaluateSequential(ForEachOps.java:173)
	at java.util.stream.AbstractPipeline.evaluate(AbstractPipeline.java:234)
	at java.util.stream.ReferencePipeline.forEach(ReferencePipeline.java:485)
	at java.util.stream.ReferencePipeline$7$1.accept(ReferencePipeline.java:272)
	at java.util.stream.ReferencePipeline$3$1.accept(ReferencePipeline.java:193)
	at java.util.stream.ReferencePipeline$3$1.accept(ReferencePipeline.java:193)
	at java.util.stream.ReferencePipeline$3$1.accept(ReferencePipeline.java:193)
	at java.util.ArrayList$ArrayListSpliterator.forEachRemaining(ArrayList.java:1384)
	at java.util.stream.AbstractPipeline.copyInto(AbstractPipeline.java:482)
	at java.util.stream.AbstractPipeline.wrapAndCopyInto(AbstractPipeline.java:472)
	at java.util.stream.ForEachOps$ForEachOp.evaluateSequential(ForEachOps.java:150)
	at java.util.stream.ForEachOps$ForEachOp$OfRef.evaluateSequential(ForEachOps.java:173)
	at java.util.stream.AbstractPipeline.evaluate(AbstractPipeline.java:234)
	at java.util.stream.ReferencePipeline.forEach(ReferencePipeline.java:485)
	at java.util.stream.ReferencePipeline$7$1.accept(ReferencePipeline.java:272)
	at java.util.ArrayList$ArrayListSpliterator.forEachRemaining(ArrayList.java:1384)
	at java.util.stream.AbstractPipeline.copyInto(AbstractPipeline.java:482)
	at java.util.stream.AbstractPipeline.wrapAndCopyInto(AbstractPipeline.java:472)
	at java.util.stream.ForEachOps$ForEachOp.evaluateSequential(ForEachOps.java:150)
	at java.util.stream.ForEachOps$ForEachOp$OfRef.evaluateSequential(ForEachOps.java:173)
	at java.util.stream.AbstractPipeline.evaluate(AbstractPipeline.java:234)
	at java.util.stream.ReferencePipeline.forEach(ReferencePipeline.java:485)
	at java.util.ArrayList.forEach(ArrayList.java:1259)
	at java.util.ArrayList.forEach(ArrayList.java:1259)
]]></error>
    <system-out><![CDATA[2024-09-29 22:54:22,267 INFO  simulation.MiniRaftClusterWithSimulatedRpc (ConfUtils.java:logGet(46)) - org.apache.ratis.server.simulation.SimulatedRequestReply.simulateLatencyMs = 0 (custom)
2024-09-29 22:54:22,268 INFO  impl.MiniRaftCluster (MiniRaftCluster.java:<init>(309)) - new MiniRaftClusterWithSimulatedRpc with group-D63AEB44B269:[s0|localhost:15036, s1|localhost:15040, s2|localhost:15044]
2024-09-29 22:54:22,269 INFO  impl.MiniRaftCluster (MiniRaftCluster.java:<init>(309)) - new MiniRaftClusterWithGrpc with group-AE7745285B5A:[s3|localhost:15048, s4|localhost:15052, s5|localhost:15056]
2024-09-29 22:54:22,269 INFO  impl.MiniRaftCluster (MiniRaftCluster.java:<init>(309)) - new MiniRaftClusterWithNetty with group-37584608791B:[s6|localhost:15060, s7|localhost:15064, s8|localhost:15068]
2024-09-29 22:54:22,269 INFO  examples.ParameterizedBaseTest (ParameterizedBaseTest.java:getMiniRaftClusters(109)) - 0: MiniRaftClusterWithSimulatedRpc
2024-09-29 22:54:22,269 INFO  examples.ParameterizedBaseTest (ParameterizedBaseTest.java:getMiniRaftClusters(109)) - 1: MiniRaftClusterWithGrpc
2024-09-29 22:54:22,270 INFO  examples.ParameterizedBaseTest (ParameterizedBaseTest.java:getMiniRaftClusters(109)) - 2: MiniRaftClusterWithNetty
2024-09-29 22:54:22,270 INFO  examples.ParameterizedBaseTest (ParameterizedBaseTest.java:getMiniRaftClusters(111)) - #clusters = 3
2024-09-29 22:54:22,270 INFO  util.LogUtils (Slf4jUtils.java:setLogLevel(38)) - Successfully set org.apache.ratis.conf.ConfUtils log level to WARN
2024-09-29 22:54:22,271 INFO  util.LogUtils (Slf4jUtils.java:setLogLevel(38)) - Successfully set org.apache.ratis.util.FileUtils log level to TRACE
2024-09-29 22:54:22,271 INFO  util.LogUtils (Slf4jUtils.java:setLogLevel(38)) - Successfully set org.apache.ratis.statemachine.StateMachine log level to DEBUG
2024-09-29 22:54:22,272 INFO  impl.MiniRaftCluster (MiniRaftCluster.java:shutdown(837)) - ************************************************************** 
2024-09-29 22:54:22,273 INFO  impl.MiniRaftCluster (MiniRaftCluster.java:shutdown(838)) - *** 
2024-09-29 22:54:22,273 INFO  impl.MiniRaftCluster (MiniRaftCluster.java:shutdown(839)) - ***     Stopping MiniRaftClusterWithNetty
2024-09-29 22:54:22,273 INFO  impl.MiniRaftCluster (MiniRaftCluster.java:shutdown(840)) - *** 
2024-09-29 22:54:22,273 INFO  impl.MiniRaftCluster (MiniRaftCluster.java:shutdown(841)) - ************************************************************** 
2024-09-29 22:54:22,273 INFO  impl.MiniRaftCluster (MiniRaftCluster.java:shutdown(842)) - printing ALL groups
  s6:   CLOSED  FOLLOWER s6@group-3998A2BA454C:t1, leader=s7, voted=s7, raftlog=Memoized:s6@group-3998A2BA454C-SegmentedRaftLog:CLOSED:c120, conf=conf: {index: 0, cur=peers:[s6|localhost:15024, s7|localhost:15028, s8|localhost:15032]|listeners:[], old=null} CLOSED
  s7:   CLOSED    LEADER s7@group-3998A2BA454C:t1, leader=s7, voted=s7, raftlog=Memoized:s7@group-3998A2BA454C-SegmentedRaftLog:CLOSED:c120, conf=conf: {index: 0, cur=peers:[s6|localhost:15024, s7|localhost:15028, s8|localhost:15032]|listeners:[], old=null} CLOSED
  s8:   CLOSED  FOLLOWER s8@group-3998A2BA454C:t1, leader=s7, voted=s7, raftlog=Memoized:s8@group-3998A2BA454C-SegmentedRaftLog:CLOSED:c119, conf=conf: {index: 0, cur=peers:[s6|localhost:15024, s7|localhost:15028, s8|localhost:15032]|listeners:[], old=null} CLOSED
2024-09-29 22:54:22,274 INFO  impl.MiniRaftCluster (MiniRaftCluster.java:shutdown(861)) - MiniRaftClusterWithNetty shutdown completed
2024-09-29 22:54:22,274 INFO  ratis.RaftTestUtil (RaftTestUtil.java:gc(593)) - gc 0
2024-09-29 22:54:22,428 INFO  impl.MiniRaftCluster (MiniRaftCluster.java:start(342)) - .............................................................. 
2024-09-29 22:54:22,428 INFO  impl.MiniRaftCluster (MiniRaftCluster.java:start(343)) - ... 
2024-09-29 22:54:22,428 INFO  impl.MiniRaftCluster (MiniRaftCluster.java:start(344)) - ...     Starting MiniRaftClusterWithSimulatedRpc
2024-09-29 22:54:22,429 INFO  impl.MiniRaftCluster (MiniRaftCluster.java:start(345)) - ... 
2024-09-29 22:54:22,429 INFO  impl.MiniRaftCluster (MiniRaftCluster.java:start(346)) - .............................................................. 
2024-09-29 22:54:22,429 INFO  impl.MiniRaftCluster (MiniRaftCluster.java:initServers(321)) - servers = {}
2024-09-29 22:54:22,429 INFO  impl.MiniRaftCluster (MiniRaftCluster.java:newRaftServer(386)) - newRaftServer: s0, group-D63AEB44B269:[s0|localhost:15036, s1|localhost:15040, s2|localhost:15044], format? true
2024-09-29 22:54:22,429 TRACE util.FileUtils (FileUtils.java:deleteFully(305)) - deleteFully target/test/data/5f617ff2/MiniRaftClusterWithSimulatedRpcee8ad438/s0
2024-09-29 22:54:22,429 TRACE util.FileUtils (FileUtils.java:deleteFully(318)) - deleteFully: target/test/data/5f617ff2/MiniRaftClusterWithSimulatedRpcee8ad438/s0 does not exist.
2024-09-29 22:54:22,430 INFO  impl.MiniRaftCluster (MiniRaftCluster.java:newRaftServer(391)) - Formatted directory target/test/data/5f617ff2/MiniRaftClusterWithSimulatedRpcee8ad438/s0
2024-09-29 22:54:22,430 INFO  server.RaftServer (ConfUtils.java:logGet(46)) - raft.rpc.type = org.apache.ratis.server.simulation.SimulatedRpc (custom)
2024-09-29 22:54:22,431 INFO  impl.DataStreamServerImpl (ConfUtils.java:logGet(46)) - raft.datastream.type = DISABLED (default)
2024-09-29 22:54:22,431 INFO  server.RaftServerConfigKeys (ConfUtils.java:logGet(46)) - raft.server.sleep.deviation.threshold = 300ms (default)
2024-09-29 22:54:22,431 INFO  server.RaftServerConfigKeys (ConfUtils.java:logGet(46)) - raft.server.close.threshold = 60s (default)
2024-09-29 22:54:22,431 INFO  server.RaftServerConfigKeys (ConfUtils.java:logGet(46)) - raft.server.leaderelection.leader.step-down.wait-time = 10s (default)
2024-09-29 22:54:22,432 INFO  server.RaftServerConfigKeys (ConfUtils.java:logGet(46)) - raft.server.storage.dir = [/home/runner/work/ratis/ratis/ratis-examples/target/test/data/5f617ff2/MiniRaftClusterWithSimulatedRpcee8ad438/s0] (custom)
2024-09-29 22:54:22,432 INFO  server.RaftServerConfigKeys (ConfUtils.java:logGet(46)) - raft.server.threadpool.proxy.cached = true (default)
2024-09-29 22:54:22,432 INFO  server.RaftServerConfigKeys (ConfUtils.java:logGet(46)) - raft.server.threadpool.proxy.size = 0 (default)
2024-09-29 22:54:22,433 INFO  server.RaftServer (RaftServerProxy.java:addNew(101)) - s0: addNew group-D63AEB44B269:[s0|localhost:15036, s1|localhost:15040, s2|localhost:15044] returns group-D63AEB44B269:java.util.concurrent.CompletableFuture@42c55978[Not completed]
2024-09-29 22:54:22,433 INFO  impl.MiniRaftCluster (MiniRaftCluster.java:newRaftServer(386)) - newRaftServer: s1, group-D63AEB44B269:[s0|localhost:15036, s1|localhost:15040, s2|localhost:15044], format? true
2024-09-29 22:54:22,433 TRACE util.FileUtils (FileUtils.java:deleteFully(305)) - deleteFully target/test/data/5f617ff2/MiniRaftClusterWithSimulatedRpcee8ad438/s1
2024-09-29 22:54:22,433 INFO  server.RaftServer$Division (RaftServerImpl.java:<init>(255)) - s0: new RaftServerImpl for group-D63AEB44B269:[s0|localhost:15036, s1|localhost:15040, s2|localhost:15044] with ArithmeticStateMachine:uninitialized
2024-09-29 22:54:22,434 TRACE util.FileUtils (FileUtils.java:deleteFully(318)) - deleteFully: target/test/data/5f617ff2/MiniRaftClusterWithSimulatedRpcee8ad438/s1 does not exist.
2024-09-29 22:54:22,435 INFO  impl.MiniRaftCluster (MiniRaftCluster.java:newRaftServer(391)) - Formatted directory target/test/data/5f617ff2/MiniRaftClusterWithSimulatedRpcee8ad438/s1
2024-09-29 22:54:22,435 INFO  server.RaftServer (ConfUtils.java:logGet(46)) - raft.rpc.type = org.apache.ratis.server.simulation.SimulatedRpc (custom)
2024-09-29 22:54:22,435 INFO  impl.DataStreamServerImpl (ConfUtils.java:logGet(46)) - raft.datastream.type = DISABLED (default)
2024-09-29 22:54:22,436 INFO  server.RaftServerConfigKeys (ConfUtils.java:logGet(46)) - raft.server.sleep.deviation.threshold = 300ms (default)
2024-09-29 22:54:22,436 INFO  server.RaftServerConfigKeys (ConfUtils.java:logGet(46)) - raft.server.close.threshold = 60s (default)
2024-09-29 22:54:22,436 INFO  server.RaftServerConfigKeys (ConfUtils.java:logGet(46)) - raft.server.leaderelection.leader.step-down.wait-time = 10s (default)
2024-09-29 22:54:22,436 INFO  server.RaftServerConfigKeys (ConfUtils.java:logGet(46)) - raft.server.storage.dir = [/home/runner/work/ratis/ratis/ratis-examples/target/test/data/5f617ff2/MiniRaftClusterWithSimulatedRpcee8ad438/s1] (custom)
2024-09-29 22:54:22,437 INFO  server.RaftServerConfigKeys (ConfUtils.java:logGet(46)) - raft.server.threadpool.proxy.cached = true (default)
2024-09-29 22:54:22,437 INFO  server.RaftServerConfigKeys (ConfUtils.java:logGet(46)) - raft.server.threadpool.proxy.size = 0 (default)
2024-09-29 22:54:22,437 INFO  server.RaftServerConfigKeys (ConfUtils.java:logGet(46)) - raft.server.rpc.timeout.min = 300ms (custom)
2024-09-29 22:54:22,437 INFO  server.RaftServerConfigKeys (ConfUtils.java:logGet(46)) - raft.server.rpc.timeout.max = 600ms (custom)
2024-09-29 22:54:22,438 INFO  server.RaftServerConfigKeys (ConfUtils.java:logGet(46)) - raft.server.rpc.sleep.time = 25ms (default)
2024-09-29 22:54:22,438 INFO  server.RaftServerConfigKeys (ConfUtils.java:logGet(46)) - raft.server.rpc.slowness.timeout = 60s (default)
2024-09-29 22:54:22,438 INFO  server.RaftServerConfigKeys (ConfUtils.java:logGet(46)) - raft.server.leaderelection.leader.step-down.wait-time = 10s (default)
2024-09-29 22:54:22,438 INFO  server.RaftServerConfigKeys (ConfUtils.java:logGet(46)) - raft.server.leaderelection.member.majority-add = false (default)
2024-09-29 22:54:22,438 INFO  server.RaftServerConfigKeys (ConfUtils.java:logGet(46)) - raft.server.sleep.deviation.threshold = 300ms (default)
2024-09-29 22:54:22,438 INFO  server.RaftServer$Division (ServerState.java:<init>(114)) - s0@group-D63AEB44B269: ConfigurationManager, init=conf: {index: -1, cur=peers:[s0|localhost:15036, s1|localhost:15040, s2|localhost:15044]|listeners:[], old=null}, confs=<EMPTY_MAP>
2024-09-29 22:54:22,438 INFO  server.RaftServerConfigKeys (ConfUtils.java:logGet(46)) - raft.server.notification.no-leader.timeout = 60s (default)
2024-09-29 22:54:22,438 INFO  server.RaftServerConfigKeys (ConfUtils.java:logGet(46)) - raft.server.read.timeout = 10s (default)
2024-09-29 22:54:22,438 INFO  server.RaftServerConfigKeys (ConfUtils.java:logGet(46)) - raft.server.retrycache.expirytime = 60s (default)
2024-09-29 22:54:22,438 INFO  server.RaftServerConfigKeys (ConfUtils.java:logGet(46)) - raft.server.retrycache.statistics.expirytime = 100ms (default)
2024-09-29 22:54:22,438 INFO  server.RaftServerConfigKeys (ConfUtils.java:logGet(46)) - raft.server.read.option = DEFAULT (default)
2024-09-29 22:54:22,438 INFO  server.RaftServerConfigKeys (ConfUtils.java:logGet(46)) - raft.server.read.read-after-write-consistent.write-index-cache.expiry-time = 60s (default)
2024-09-29 22:54:22,440 INFO  server.RaftServerConfigKeys (ConfUtils.java:logGet(46)) - raft.server.rpc.request.timeout = 3000ms (default)
2024-09-29 22:54:22,440 INFO  server.RaftServerConfigKeys (ConfUtils.java:logGet(46)) - raft.server.log.appender.install.snapshot.enabled = true (default)
2024-09-29 22:54:22,440 INFO  server.RaftServerConfigKeys (ConfUtils.java:logGet(46)) - raft.server.threadpool.server.cached = true (default)
2024-09-29 22:54:22,440 INFO  server.RaftServerConfigKeys (ConfUtils.java:logGet(46)) - raft.server.threadpool.server.size = 0 (default)
2024-09-29 22:54:22,441 INFO  server.RaftServerConfigKeys (ConfUtils.java:logGet(46)) - raft.server.threadpool.client.cached = true (default)
2024-09-29 22:54:22,441 INFO  server.RaftServerConfigKeys (ConfUtils.java:logGet(46)) - raft.server.threadpool.client.size = 0 (default)
2024-09-29 22:54:22,441 INFO  server.RaftServer (RaftServerProxy.java:addNew(101)) - s1: addNew group-D63AEB44B269:[s0|localhost:15036, s1|localhost:15040, s2|localhost:15044] returns group-D63AEB44B269:java.util.concurrent.CompletableFuture@2728add3[Not completed]
2024-09-29 22:54:22,441 INFO  server.RaftServer$Division (RaftServerImpl.java:<init>(255)) - s1: new RaftServerImpl for group-D63AEB44B269:[s0|localhost:15036, s1|localhost:15040, s2|localhost:15044] with ArithmeticStateMachine:uninitialized
2024-09-29 22:54:22,441 INFO  impl.MiniRaftCluster (MiniRaftCluster.java:newRaftServer(386)) - newRaftServer: s2, group-D63AEB44B269:[s0|localhost:15036, s1|localhost:15040, s2|localhost:15044], format? true
2024-09-29 22:54:22,441 TRACE util.FileUtils (FileUtils.java:deleteFully(305)) - deleteFully target/test/data/5f617ff2/MiniRaftClusterWithSimulatedRpcee8ad438/s2
2024-09-29 22:54:22,441 INFO  server.RaftServerConfigKeys (ConfUtils.java:logGet(46)) - raft.server.rpc.timeout.min = 300ms (custom)
2024-09-29 22:54:22,442 TRACE util.FileUtils (FileUtils.java:deleteFully(318)) - deleteFully: target/test/data/5f617ff2/MiniRaftClusterWithSimulatedRpcee8ad438/s2 does not exist.
2024-09-29 22:54:22,442 INFO  impl.MiniRaftCluster (MiniRaftCluster.java:newRaftServer(391)) - Formatted directory target/test/data/5f617ff2/MiniRaftClusterWithSimulatedRpcee8ad438/s2
2024-09-29 22:54:22,442 INFO  server.RaftServerConfigKeys (ConfUtils.java:logGet(46)) - raft.server.rpc.timeout.max = 600ms (custom)
2024-09-29 22:54:22,442 INFO  server.RaftServerConfigKeys (ConfUtils.java:logGet(46)) - raft.server.rpc.sleep.time = 25ms (default)
2024-09-29 22:54:22,442 INFO  server.RaftServer (ConfUtils.java:logGet(46)) - raft.rpc.type = org.apache.ratis.server.simulation.SimulatedRpc (custom)
2024-09-29 22:54:22,442 INFO  server.RaftServerConfigKeys (ConfUtils.java:logGet(46)) - raft.server.rpc.slowness.timeout = 60s (default)
2024-09-29 22:54:22,442 INFO  server.RaftServerConfigKeys (ConfUtils.java:logGet(46)) - raft.server.leaderelection.leader.step-down.wait-time = 10s (default)
2024-09-29 22:54:22,442 INFO  server.RaftServerConfigKeys (ConfUtils.java:logGet(46)) - raft.server.leaderelection.member.majority-add = false (default)
2024-09-29 22:54:22,442 INFO  server.RaftServerConfigKeys (ConfUtils.java:logGet(46)) - raft.server.sleep.deviation.threshold = 300ms (default)
2024-09-29 22:54:22,442 INFO  impl.DataStreamServerImpl (ConfUtils.java:logGet(46)) - raft.datastream.type = DISABLED (default)
2024-09-29 22:54:22,443 INFO  server.RaftServerConfigKeys (ConfUtils.java:logGet(46)) - raft.server.sleep.deviation.threshold = 300ms (default)
2024-09-29 22:54:22,443 INFO  server.RaftServer$Division (ServerState.java:<init>(114)) - s1@group-D63AEB44B269: ConfigurationManager, init=conf: {index: -1, cur=peers:[s0|localhost:15036, s1|localhost:15040, s2|localhost:15044]|listeners:[], old=null}, confs=<EMPTY_MAP>
2024-09-29 22:54:22,443 INFO  server.RaftServerConfigKeys (ConfUtils.java:logGet(46)) - raft.server.close.threshold = 60s (default)
2024-09-29 22:54:22,443 INFO  server.RaftServerConfigKeys (ConfUtils.java:logGet(46)) - raft.server.notification.no-leader.timeout = 60s (default)
2024-09-29 22:54:22,443 INFO  server.RaftServerConfigKeys (ConfUtils.java:logGet(46)) - raft.server.leaderelection.leader.step-down.wait-time = 10s (default)
2024-09-29 22:54:22,443 INFO  server.RaftServerConfigKeys (ConfUtils.java:logGet(46)) - raft.server.read.timeout = 10s (default)
2024-09-29 22:54:22,444 INFO  server.RaftServerConfigKeys (ConfUtils.java:logGet(46)) - raft.server.storage.dir = [/home/runner/work/ratis/ratis/ratis-examples/target/test/data/5f617ff2/MiniRaftClusterWithSimulatedRpcee8ad438/s2] (custom)
2024-09-29 22:54:22,444 INFO  server.RaftServerConfigKeys (ConfUtils.java:logGet(46)) - raft.server.retrycache.expirytime = 60s (default)
2024-09-29 22:54:22,444 INFO  server.RaftServerConfigKeys (ConfUtils.java:logGet(46)) - raft.server.threadpool.proxy.cached = true (default)
2024-09-29 22:54:22,444 INFO  server.RaftServerConfigKeys (ConfUtils.java:logGet(46)) - raft.server.retrycache.statistics.expirytime = 100ms (default)
2024-09-29 22:54:22,444 INFO  server.RaftServerConfigKeys (ConfUtils.java:logGet(46)) - raft.server.threadpool.proxy.size = 0 (default)
2024-09-29 22:54:22,444 INFO  server.RaftServerConfigKeys (ConfUtils.java:logGet(46)) - raft.server.read.option = DEFAULT (default)
2024-09-29 22:54:22,444 INFO  server.RaftServerConfigKeys (ConfUtils.java:logGet(46)) - raft.server.read.read-after-write-consistent.write-index-cache.expiry-time = 60s (default)
2024-09-29 22:54:22,445 INFO  server.RaftServer (RaftServerProxy.java:addNew(101)) - s2: addNew group-D63AEB44B269:[s0|localhost:15036, s1|localhost:15040, s2|localhost:15044] returns group-D63AEB44B269:java.util.concurrent.CompletableFuture@4fb99927[Not completed]
2024-09-29 22:54:22,445 INFO  server.RaftServer$Division (RaftServerImpl.java:<init>(255)) - s2: new RaftServerImpl for group-D63AEB44B269:[s0|localhost:15036, s1|localhost:15040, s2|localhost:15044] with ArithmeticStateMachine:uninitialized
2024-09-29 22:54:22,445 INFO  server.RaftServerConfigKeys (ConfUtils.java:logGet(46)) - raft.server.rpc.timeout.min = 300ms (custom)
2024-09-29 22:54:22,445 INFO  server.RaftServerConfigKeys (ConfUtils.java:logGet(46)) - raft.server.storage.free-space.min = 0MB (=0) (default)
2024-09-29 22:54:22,445 INFO  server.RaftServerConfigKeys (ConfUtils.java:logGet(46)) - raft.server.rpc.timeout.max = 600ms (custom)
2024-09-29 22:54:22,445 INFO  server.RaftServerConfigKeys (ConfUtils.java:logGet(46)) - raft.server.log.corruption.policy = EXCEPTION (default)
2024-09-29 22:54:22,445 INFO  server.RaftServerConfigKeys (ConfUtils.java:logGet(46)) - raft.server.rpc.sleep.time = 25ms (default)
2024-09-29 22:54:22,445 INFO  server.RaftServerConfigKeys (ConfUtils.java:logGet(46)) - raft.server.rpc.slowness.timeout = 60s (default)
2024-09-29 22:54:22,445 INFO  server.RaftServerConfigKeys (ConfUtils.java:logGet(46)) - raft.server.storage.dir = [/home/runner/work/ratis/ratis/ratis-examples/target/test/data/5f617ff2/MiniRaftClusterWithSimulatedRpcee8ad438/s0] (custom)
2024-09-29 22:54:22,446 INFO  server.RaftServerConfigKeys (ConfUtils.java:logGet(46)) - raft.server.leaderelection.leader.step-down.wait-time = 10s (default)
2024-09-29 22:54:22,446 INFO  server.RaftServerConfigKeys (ConfUtils.java:logGet(46)) - raft.server.leaderelection.member.majority-add = false (default)
2024-09-29 22:54:22,446 INFO  server.RaftServerConfigKeys (ConfUtils.java:logGet(46)) - raft.server.sleep.deviation.threshold = 300ms (default)
2024-09-29 22:54:22,446 INFO  storage.RaftStorageDirectory (RaftStorageDirectoryImpl.java:analyzeStorage(138)) - The storage directory /home/runner/work/ratis/ratis/ratis-examples/target/test/data/5f617ff2/MiniRaftClusterWithSimulatedRpcee8ad438/s0/99c8524a-4f20-4083-8544-d63aeb44b269 does not exist. Creating ...
2024-09-29 22:54:22,446 INFO  server.RaftServer$Division (ServerState.java:<init>(114)) - s2@group-D63AEB44B269: ConfigurationManager, init=conf: {index: -1, cur=peers:[s0|localhost:15036, s1|localhost:15040, s2|localhost:15044]|listeners:[], old=null}, confs=<EMPTY_MAP>
2024-09-29 22:54:22,446 INFO  server.RaftServerConfigKeys (ConfUtils.java:logGet(46)) - raft.server.notification.no-leader.timeout = 60s (default)
2024-09-29 22:54:22,446 INFO  server.RaftServerConfigKeys (ConfUtils.java:logGet(46)) - raft.server.read.timeout = 10s (default)
2024-09-29 22:54:22,446 INFO  server.RaftServerConfigKeys (ConfUtils.java:logGet(46)) - raft.server.retrycache.expirytime = 60s (default)
2024-09-29 22:54:22,446 INFO  server.RaftServerConfigKeys (ConfUtils.java:logGet(46)) - raft.server.retrycache.statistics.expirytime = 100ms (default)
2024-09-29 22:54:22,446 INFO  server.RaftServerConfigKeys (ConfUtils.java:logGet(46)) - raft.server.read.option = DEFAULT (default)
2024-09-29 22:54:22,446 INFO  server.RaftServerConfigKeys (ConfUtils.java:logGet(46)) - raft.server.read.read-after-write-consistent.write-index-cache.expiry-time = 60s (default)
2024-09-29 22:54:22,446 TRACE util.FileUtils (LogUtils.java:runAndLog(49)) - Successfully ran Files.createDirectories /home/runner/work/ratis/ratis/ratis-examples/target/test/data/5f617ff2/MiniRaftClusterWithSimulatedRpcee8ad438/s0/99c8524a-4f20-4083-8544-d63aeb44b269
2024-09-29 22:54:22,447 INFO  server.RaftServerConfigKeys (ConfUtils.java:logGet(46)) - raft.server.rpc.request.timeout = 3000ms (default)
2024-09-29 22:54:22,447 INFO  server.RaftServerConfigKeys (ConfUtils.java:logGet(46)) - raft.server.log.appender.install.snapshot.enabled = true (default)
2024-09-29 22:54:22,447 INFO  server.RaftServerConfigKeys (ConfUtils.java:logGet(46)) - raft.server.threadpool.server.cached = true (default)
2024-09-29 22:54:22,447 INFO  server.RaftServerConfigKeys (ConfUtils.java:logGet(46)) - raft.server.threadpool.server.size = 0 (default)
2024-09-29 22:54:22,447 INFO  server.RaftServerConfigKeys (ConfUtils.java:logGet(46)) - raft.server.threadpool.client.cached = true (default)
2024-09-29 22:54:22,447 INFO  server.RaftServerConfigKeys (ConfUtils.java:logGet(46)) - raft.server.threadpool.client.size = 0 (default)
2024-09-29 22:54:22,447 INFO  server.RaftServerConfigKeys (ConfUtils.java:logGet(46)) - raft.server.rpc.request.timeout = 3000ms (default)
2024-09-29 22:54:22,448 INFO  server.RaftServerConfigKeys (ConfUtils.java:logGet(46)) - raft.server.log.appender.install.snapshot.enabled = true (default)
2024-09-29 22:54:22,448 INFO  server.RaftServerConfigKeys (ConfUtils.java:logGet(46)) - raft.server.threadpool.server.cached = true (default)
2024-09-29 22:54:22,448 INFO  server.RaftServerConfigKeys (ConfUtils.java:logGet(46)) - raft.server.threadpool.server.size = 0 (default)
2024-09-29 22:54:22,448 INFO  server.RaftServerConfigKeys (ConfUtils.java:logGet(46)) - raft.server.threadpool.client.cached = true (default)
2024-09-29 22:54:22,448 INFO  server.RaftServerConfigKeys (ConfUtils.java:logGet(46)) - raft.server.threadpool.client.size = 0 (default)
2024-09-29 22:54:22,448 INFO  storage.RaftStorageDirectory (RaftStorageDirectoryImpl.java:tryLock(229)) - Lock on /home/runner/work/ratis/ratis/ratis-examples/target/test/data/5f617ff2/MiniRaftClusterWithSimulatedRpcee8ad438/s0/99c8524a-4f20-4083-8544-d63aeb44b269/in_use.lock acquired by nodename 13816@fv-az699-913
2024-09-29 22:54:22,448 TRACE util.FileUtils (LogUtils.java:runAndLog(49)) - Successfully ran Files.createDirectories /home/runner/work/ratis/ratis/ratis-examples/target/test/data/5f617ff2/MiniRaftClusterWithSimulatedRpcee8ad438/s0/99c8524a-4f20-4083-8544-d63aeb44b269/current
2024-09-29 22:54:22,448 TRACE util.FileUtils (LogUtils.java:runAndLog(49)) - Successfully ran Files.createDirectories /home/runner/work/ratis/ratis/ratis-examples/target/test/data/5f617ff2/MiniRaftClusterWithSimulatedRpcee8ad438/s0/99c8524a-4f20-4083-8544-d63aeb44b269/sm
2024-09-29 22:54:22,448 TRACE util.FileUtils (LogUtils.java:supplyAndLog(69)) - Successfully supplied FileChannel.open /home/runner/work/ratis/ratis/ratis-examples/target/test/data/5f617ff2/MiniRaftClusterWithSimulatedRpcee8ad438/s0/99c8524a-4f20-4083-8544-d63aeb44b269/current/raft-meta.tmp with options [CREATE, WRITE]: sun.nio.ch.FileChannelImpl@3682fa27
2024-09-29 22:54:22,450 TRACE util.FileUtils (LogUtils.java:runAndLog(49)) - Successfully ran Atomic Files.move /home/runner/work/ratis/ratis/ratis-examples/target/test/data/5f617ff2/MiniRaftClusterWithSimulatedRpcee8ad438/s0/99c8524a-4f20-4083-8544-d63aeb44b269/current/raft-meta.tmp to /home/runner/work/ratis/ratis/ratis-examples/target/test/data/5f617ff2/MiniRaftClusterWithSimulatedRpcee8ad438/s0/99c8524a-4f20-4083-8544-d63aeb44b269/current/raft-meta with options [REPLACE_EXISTING]
2024-09-29 22:54:22,450 INFO  storage.RaftStorage (RaftStorageImpl.java:format(98)) - Storage directory /home/runner/work/ratis/ratis/ratis-examples/target/test/data/5f617ff2/MiniRaftClusterWithSimulatedRpcee8ad438/s0/99c8524a-4f20-4083-8544-d63aeb44b269 has been successfully formatted.
2024-09-29 22:54:22,450 WARN  statemachine.StateMachine (ArithmeticStateMachine.java:loadSnapshot(115)) - The snapshot info is null.
2024-09-29 22:54:22,450 INFO  server.RaftServerConfigKeys (ConfUtils.java:logGet(46)) - raft.server.log.use.memory = false (default)
2024-09-29 22:54:22,450 INFO  server.RaftServerConfigKeys (ConfUtils.java:logGet(46)) - raft.server.log.purge.gap = 1024 (default)
2024-09-29 22:54:22,450 INFO  server.RaftServerConfigKeys (ConfUtils.java:logGet(46)) - raft.server.log.appender.buffer.byte-limit = 4MB (=4194304) (default)
2024-09-29 22:54:22,450 INFO  server.RaftServerConfigKeys (ConfUtils.java:logGet(46)) - raft.server.log.statemachine.data.read.timeout = 1000ms (default)
2024-09-29 22:54:22,450 INFO  server.RaftServerConfigKeys (ConfUtils.java:logGet(46)) - raft.server.log.purge.preservation.log.num = 0 (default)
2024-09-29 22:54:22,450 INFO  server.RaftServerConfigKeys (ConfUtils.java:logGet(46)) - raft.server.log.segment.size.max = 32MB (=33554432) (default)
2024-09-29 22:54:22,451 INFO  server.RaftServerConfigKeys (ConfUtils.java:logGet(46)) - raft.server.log.segment.cache.num.max = 6 (default)
2024-09-29 22:54:22,451 INFO  server.RaftServerConfigKeys (ConfUtils.java:logGet(46)) - raft.server.log.segment.cache.size.max = 200MB (=209715200) (default)
2024-09-29 22:54:22,451 INFO  server.RaftServerConfigKeys (ConfUtils.java:logGet(46)) - raft.server.log.appender.buffer.byte-limit = 4MB (=4194304) (default)
2024-09-29 22:54:22,451 INFO  util.AwaitToRun (AwaitToRun.java:start(81)) - Thread[s0@group-D63AEB44B269-cacheEviction-AwaitToRun,5,main] started
2024-09-29 22:54:22,451 INFO  segmented.SegmentedRaftLogWorker (SegmentedRaftLogWorker.java:<init>(187)) - new s0@group-D63AEB44B269-SegmentedRaftLogWorker for RaftStorageImpl:Storage Directory /home/runner/work/ratis/ratis/ratis-examples/target/test/data/5f617ff2/MiniRaftClusterWithSimulatedRpcee8ad438/s0/99c8524a-4f20-4083-8544-d63aeb44b269
2024-09-29 22:54:22,451 INFO  server.RaftServerConfigKeys (ConfUtils.java:logGet(46)) - raft.server.log.queue.byte-limit = 64MB (=67108864) (default)
2024-09-29 22:54:22,451 INFO  server.RaftServerConfigKeys (ConfUtils.java:logGet(46)) - raft.server.log.queue.element-limit = 4096 (default)
2024-09-29 22:54:22,451 INFO  server.RaftServerConfigKeys (ConfUtils.java:logGet(46)) - raft.server.log.segment.size.max = 32MB (=33554432) (default)
2024-09-29 22:54:22,451 INFO  server.RaftServerConfigKeys (ConfUtils.java:logGet(46)) - raft.server.log.preallocated.size = 4MB (=4194304) (default)
2024-09-29 22:54:22,451 INFO  server.RaftServerConfigKeys (ConfUtils.java:logGet(46)) - raft.server.log.force.sync.num = 128 (default)
2024-09-29 22:54:22,451 INFO  server.RaftServerConfigKeys (ConfUtils.java:logGet(46)) - raft.server.log.statemachine.data.sync = true (default)
2024-09-29 22:54:22,451 INFO  server.RaftServerConfigKeys (ConfUtils.java:logGet(46)) - raft.server.log.statemachine.data.sync.timeout = 10s (default)
2024-09-29 22:54:22,451 INFO  server.RaftServerConfigKeys (ConfUtils.java:logGet(46)) - raft.server.log.statemachine.data.sync.timeout.retry = -1 (default)
2024-09-29 22:54:22,452 INFO  server.RaftServerConfigKeys (ConfUtils.java:logGet(46)) - raft.server.log.write.buffer.size = 8MB (=8388608) (default)
2024-09-29 22:54:22,453 INFO  server.RaftServerConfigKeys (ConfUtils.java:logGet(46)) - raft.server.log.appender.buffer.byte-limit = 4MB (=4194304) (default)
2024-09-29 22:54:22,453 INFO  server.RaftServerConfigKeys (ConfUtils.java:logGet(46)) - raft.server.log.unsafe-flush.enabled = false (default)
2024-09-29 22:54:22,453 INFO  server.RaftServerConfigKeys (ConfUtils.java:logGet(46)) - raft.server.log.async-flush.enabled = false (default)
2024-09-29 22:54:22,453 INFO  server.RaftServerConfigKeys (ConfUtils.java:logGet(46)) - raft.server.log.statemachine.data.caching.enabled = false (default)
2024-09-29 22:54:22,453 INFO  segmented.SegmentedRaftLogWorker (SegmentedRaftLogWorker.java:lambda$new$0(138)) - s0@group-D63AEB44B269-SegmentedRaftLogWorker: flushIndex: setUnconditionally 0 -> -1
2024-09-29 22:54:22,453 INFO  segmented.SegmentedRaftLogWorker (SegmentedRaftLogWorker.java:lambda$new$0(138)) - s0@group-D63AEB44B269-SegmentedRaftLogWorker: safeCacheEvictIndex: setUnconditionally 0 -> -1
2024-09-29 22:54:22,453 INFO  server.RaftServer$Division (RaftServerImpl.java:start(391)) - s0@group-D63AEB44B269: start as a follower, conf=conf: {index: -1, cur=peers:[s0|localhost:15036, s1|localhost:15040, s2|localhost:15044]|listeners:[], old=null}
2024-09-29 22:54:22,454 INFO  server.RaftServer$Division (RaftServerImpl.java:setRole(378)) - s0@group-D63AEB44B269: changes role from      null to FOLLOWER at term 0 for startAsFollower
2024-09-29 22:54:22,454 INFO  impl.RoleInfo (RoleInfo.java:updateAndGet(148)) - s0: start s0@group-D63AEB44B269-FollowerState
2024-09-29 22:54:22,454 INFO  server.RaftServerConfigKeys (ConfUtils.java:logFallback(53)) - raft.server.rpc.first-election.timeout.min = 300ms (fallback to raft.server.rpc.timeout.min)
2024-09-29 22:54:22,454 INFO  server.RaftServerConfigKeys (ConfUtils.java:logFallback(53)) - raft.server.rpc.first-election.timeout.max = 600ms (fallback to raft.server.rpc.timeout.max)
2024-09-29 22:54:22,454 INFO  util.JmxRegister (JmxRegister.java:tryRegister(44)) - Successfully registered JMX Bean with object name Ratis:service=RaftServer,group=group-D63AEB44B269,id=s0
2024-09-29 22:54:22,454 INFO  util.JmxRegister (JmxRegister.java:register(58)) - register mxBean class org.apache.ratis.server.impl.RaftServerJmxAdapter as Ratis:service=RaftServer,group=group-D63AEB44B269,id=s0
2024-09-29 22:54:22,454 INFO  server.RaftServerConfigKeys (ConfUtils.java:logGet(46)) - raft.server.snapshot.trigger-when-stop.enabled = true (default)
2024-09-29 22:54:22,454 INFO  server.RaftServerConfigKeys (ConfUtils.java:logGet(46)) - raft.server.snapshot.trigger-when-remove.enabled = true (default)
2024-09-29 22:54:22,454 INFO  server.RaftServerConfigKeys (ConfUtils.java:logGet(46)) - raft.server.snapshot.auto.trigger.enabled = false (default)
2024-09-29 22:54:22,454 INFO  server.RaftServerConfigKeys (ConfUtils.java:logGet(46)) - raft.server.snapshot.retention.file.num = -1 (default)
2024-09-29 22:54:22,455 INFO  server.RaftServerConfigKeys (ConfUtils.java:logGet(46)) - raft.server.log.purge.upto.snapshot.index = false (default)
2024-09-29 22:54:22,455 INFO  server.RaftServer (RaftServerProxy.java:startImpl(408)) - s0: start RPC server
2024-09-29 22:54:22,455 INFO  util.JvmPauseMonitor (JvmPauseMonitor.java:run(146)) - JvmPauseMonitor-s0: Started
2024-09-29 22:54:22,455 INFO  server.RaftServerConfigKeys (ConfUtils.java:logGet(46)) - raft.server.storage.free-space.min = 0MB (=0) (default)
2024-09-29 22:54:22,456 INFO  server.RaftServerConfigKeys (ConfUtils.java:logGet(46)) - raft.server.log.corruption.policy = EXCEPTION (default)
2024-09-29 22:54:22,456 INFO  server.RaftServerConfigKeys (ConfUtils.java:logGet(46)) - raft.server.storage.dir = [/home/runner/work/ratis/ratis/ratis-examples/target/test/data/5f617ff2/MiniRaftClusterWithSimulatedRpcee8ad438/s1] (custom)
2024-09-29 22:54:22,456 INFO  storage.RaftStorageDirectory (RaftStorageDirectoryImpl.java:analyzeStorage(138)) - The storage directory /home/runner/work/ratis/ratis/ratis-examples/target/test/data/5f617ff2/MiniRaftClusterWithSimulatedRpcee8ad438/s1/99c8524a-4f20-4083-8544-d63aeb44b269 does not exist. Creating ...
2024-09-29 22:54:22,456 TRACE util.FileUtils (LogUtils.java:runAndLog(49)) - Successfully ran Files.createDirectories /home/runner/work/ratis/ratis/ratis-examples/target/test/data/5f617ff2/MiniRaftClusterWithSimulatedRpcee8ad438/s1/99c8524a-4f20-4083-8544-d63aeb44b269
2024-09-29 22:54:22,457 INFO  storage.RaftStorageDirectory (RaftStorageDirectoryImpl.java:tryLock(229)) - Lock on /home/runner/work/ratis/ratis/ratis-examples/target/test/data/5f617ff2/MiniRaftClusterWithSimulatedRpcee8ad438/s1/99c8524a-4f20-4083-8544-d63aeb44b269/in_use.lock acquired by nodename 13816@fv-az699-913
2024-09-29 22:54:22,457 TRACE util.FileUtils (LogUtils.java:runAndLog(49)) - Successfully ran Files.createDirectories /home/runner/work/ratis/ratis/ratis-examples/target/test/data/5f617ff2/MiniRaftClusterWithSimulatedRpcee8ad438/s1/99c8524a-4f20-4083-8544-d63aeb44b269/current
2024-09-29 22:54:22,457 TRACE util.FileUtils (LogUtils.java:runAndLog(49)) - Successfully ran Files.createDirectories /home/runner/work/ratis/ratis/ratis-examples/target/test/data/5f617ff2/MiniRaftClusterWithSimulatedRpcee8ad438/s1/99c8524a-4f20-4083-8544-d63aeb44b269/sm
2024-09-29 22:54:22,457 TRACE util.FileUtils (LogUtils.java:supplyAndLog(69)) - Successfully supplied FileChannel.open /home/runner/work/ratis/ratis/ratis-examples/target/test/data/5f617ff2/MiniRaftClusterWithSimulatedRpcee8ad438/s1/99c8524a-4f20-4083-8544-d63aeb44b269/current/raft-meta.tmp with options [CREATE, WRITE]: sun.nio.ch.FileChannelImpl@82f0d39
2024-09-29 22:54:22,458 TRACE util.FileUtils (LogUtils.java:runAndLog(49)) - Successfully ran Atomic Files.move /home/runner/work/ratis/ratis/ratis-examples/target/test/data/5f617ff2/MiniRaftClusterWithSimulatedRpcee8ad438/s1/99c8524a-4f20-4083-8544-d63aeb44b269/current/raft-meta.tmp to /home/runner/work/ratis/ratis/ratis-examples/target/test/data/5f617ff2/MiniRaftClusterWithSimulatedRpcee8ad438/s1/99c8524a-4f20-4083-8544-d63aeb44b269/current/raft-meta with options [REPLACE_EXISTING]
2024-09-29 22:54:22,458 INFO  storage.RaftStorage (RaftStorageImpl.java:format(98)) - Storage directory /home/runner/work/ratis/ratis/ratis-examples/target/test/data/5f617ff2/MiniRaftClusterWithSimulatedRpcee8ad438/s1/99c8524a-4f20-4083-8544-d63aeb44b269 has been successfully formatted.
2024-09-29 22:54:22,459 WARN  statemachine.StateMachine (ArithmeticStateMachine.java:loadSnapshot(115)) - The snapshot info is null.
2024-09-29 22:54:22,459 INFO  server.RaftServerConfigKeys (ConfUtils.java:logGet(46)) - raft.server.log.use.memory = false (default)
2024-09-29 22:54:22,459 INFO  server.RaftServerConfigKeys (ConfUtils.java:logGet(46)) - raft.server.log.purge.gap = 1024 (default)
2024-09-29 22:54:22,459 INFO  server.RaftServerConfigKeys (ConfUtils.java:logGet(46)) - raft.server.log.appender.buffer.byte-limit = 4MB (=4194304) (default)
2024-09-29 22:54:22,459 INFO  server.RaftServerConfigKeys (ConfUtils.java:logGet(46)) - raft.server.log.statemachine.data.read.timeout = 1000ms (default)
2024-09-29 22:54:22,459 INFO  server.RaftServerConfigKeys (ConfUtils.java:logGet(46)) - raft.server.log.purge.preservation.log.num = 0 (default)
2024-09-29 22:54:22,459 INFO  server.RaftServerConfigKeys (ConfUtils.java:logGet(46)) - raft.server.log.segment.size.max = 32MB (=33554432) (default)
2024-09-29 22:54:22,459 INFO  server.RaftServerConfigKeys (ConfUtils.java:logGet(46)) - raft.server.log.segment.cache.num.max = 6 (default)
2024-09-29 22:54:22,459 INFO  server.RaftServerConfigKeys (ConfUtils.java:logGet(46)) - raft.server.log.segment.cache.size.max = 200MB (=209715200) (default)
2024-09-29 22:54:22,460 INFO  server.RaftServerConfigKeys (ConfUtils.java:logGet(46)) - raft.server.log.appender.buffer.byte-limit = 4MB (=4194304) (default)
2024-09-29 22:54:22,460 INFO  util.AwaitToRun (AwaitToRun.java:start(81)) - Thread[s1@group-D63AEB44B269-cacheEviction-AwaitToRun,5,main] started
2024-09-29 22:54:22,460 INFO  segmented.SegmentedRaftLogWorker (SegmentedRaftLogWorker.java:<init>(187)) - new s1@group-D63AEB44B269-SegmentedRaftLogWorker for RaftStorageImpl:Storage Directory /home/runner/work/ratis/ratis/ratis-examples/target/test/data/5f617ff2/MiniRaftClusterWithSimulatedRpcee8ad438/s1/99c8524a-4f20-4083-8544-d63aeb44b269
2024-09-29 22:54:22,460 INFO  server.RaftServerConfigKeys (ConfUtils.java:logGet(46)) - raft.server.log.queue.byte-limit = 64MB (=67108864) (default)
2024-09-29 22:54:22,460 INFO  server.RaftServerConfigKeys (ConfUtils.java:logGet(46)) - raft.server.log.queue.element-limit = 4096 (default)
2024-09-29 22:54:22,460 INFO  server.RaftServerConfigKeys (ConfUtils.java:logGet(46)) - raft.server.log.segment.size.max = 32MB (=33554432) (default)
2024-09-29 22:54:22,460 INFO  server.RaftServerConfigKeys (ConfUtils.java:logGet(46)) - raft.server.log.preallocated.size = 4MB (=4194304) (default)
2024-09-29 22:54:22,460 INFO  server.RaftServerConfigKeys (ConfUtils.java:logGet(46)) - raft.server.log.force.sync.num = 128 (default)
2024-09-29 22:54:22,460 INFO  server.RaftServerConfigKeys (ConfUtils.java:logGet(46)) - raft.server.log.statemachine.data.sync = true (default)
2024-09-29 22:54:22,460 INFO  server.RaftServerConfigKeys (ConfUtils.java:logGet(46)) - raft.server.log.statemachine.data.sync.timeout = 10s (default)
2024-09-29 22:54:22,460 INFO  server.RaftServerConfigKeys (ConfUtils.java:logGet(46)) - raft.server.log.statemachine.data.sync.timeout.retry = -1 (default)
2024-09-29 22:54:22,460 INFO  server.RaftServerConfigKeys (ConfUtils.java:logGet(46)) - raft.server.log.write.buffer.size = 8MB (=8388608) (default)
2024-09-29 22:54:22,461 INFO  server.RaftServerConfigKeys (ConfUtils.java:logGet(46)) - raft.server.log.appender.buffer.byte-limit = 4MB (=4194304) (default)
2024-09-29 22:54:22,461 INFO  server.RaftServerConfigKeys (ConfUtils.java:logGet(46)) - raft.server.log.unsafe-flush.enabled = false (default)
2024-09-29 22:54:22,461 INFO  server.RaftServerConfigKeys (ConfUtils.java:logGet(46)) - raft.server.log.async-flush.enabled = false (default)
2024-09-29 22:54:22,461 INFO  server.RaftServerConfigKeys (ConfUtils.java:logGet(46)) - raft.server.log.statemachine.data.caching.enabled = false (default)
2024-09-29 22:54:22,461 INFO  segmented.SegmentedRaftLogWorker (SegmentedRaftLogWorker.java:lambda$new$0(138)) - s1@group-D63AEB44B269-SegmentedRaftLogWorker: flushIndex: setUnconditionally 0 -> -1
2024-09-29 22:54:22,461 INFO  segmented.SegmentedRaftLogWorker (SegmentedRaftLogWorker.java:lambda$new$0(138)) - s1@group-D63AEB44B269-SegmentedRaftLogWorker: safeCacheEvictIndex: setUnconditionally 0 -> -1
2024-09-29 22:54:22,461 INFO  server.RaftServer$Division (RaftServerImpl.java:start(391)) - s1@group-D63AEB44B269: start as a follower, conf=conf: {index: -1, cur=peers:[s0|localhost:15036, s1|localhost:15040, s2|localhost:15044]|listeners:[], old=null}
2024-09-29 22:54:22,461 INFO  server.RaftServer$Division (RaftServerImpl.java:setRole(378)) - s1@group-D63AEB44B269: changes role from      null to FOLLOWER at term 0 for startAsFollower
2024-09-29 22:54:22,461 INFO  impl.RoleInfo (RoleInfo.java:updateAndGet(148)) - s1: start s1@group-D63AEB44B269-FollowerState
2024-09-29 22:54:22,462 INFO  util.JmxRegister (JmxRegister.java:tryRegister(44)) - Successfully registered JMX Bean with object name Ratis:service=RaftServer,group=group-D63AEB44B269,id=s1
2024-09-29 22:54:22,462 INFO  util.JmxRegister (JmxRegister.java:register(58)) - register mxBean class org.apache.ratis.server.impl.RaftServerJmxAdapter as Ratis:service=RaftServer,group=group-D63AEB44B269,id=s1
2024-09-29 22:54:22,462 INFO  server.RaftServerConfigKeys (ConfUtils.java:logFallback(53)) - raft.server.rpc.first-election.timeout.min = 300ms (fallback to raft.server.rpc.timeout.min)
2024-09-29 22:54:22,462 INFO  server.RaftServerConfigKeys (ConfUtils.java:logGet(46)) - raft.server.snapshot.trigger-when-stop.enabled = true (default)
2024-09-29 22:54:22,462 INFO  server.RaftServerConfigKeys (ConfUtils.java:logFallback(53)) - raft.server.rpc.first-election.timeout.max = 600ms (fallback to raft.server.rpc.timeout.max)
2024-09-29 22:54:22,462 INFO  server.RaftServerConfigKeys (ConfUtils.java:logGet(46)) - raft.server.snapshot.trigger-when-remove.enabled = true (default)
2024-09-29 22:54:22,462 INFO  server.RaftServerConfigKeys (ConfUtils.java:logGet(46)) - raft.server.snapshot.auto.trigger.enabled = false (default)
2024-09-29 22:54:22,462 INFO  server.RaftServerConfigKeys (ConfUtils.java:logGet(46)) - raft.server.snapshot.retention.file.num = -1 (default)
2024-09-29 22:54:22,462 INFO  server.RaftServerConfigKeys (ConfUtils.java:logGet(46)) - raft.server.log.purge.upto.snapshot.index = false (default)
2024-09-29 22:54:22,463 INFO  server.RaftServer (RaftServerProxy.java:startImpl(408)) - s1: start RPC server
2024-09-29 22:54:22,463 INFO  util.JvmPauseMonitor (JvmPauseMonitor.java:run(146)) - JvmPauseMonitor-s1: Started
2024-09-29 22:54:22,463 INFO  server.RaftServerConfigKeys (ConfUtils.java:logGet(46)) - raft.server.storage.free-space.min = 0MB (=0) (default)
2024-09-29 22:54:22,463 INFO  server.RaftServerConfigKeys (ConfUtils.java:logGet(46)) - raft.server.log.corruption.policy = EXCEPTION (default)
2024-09-29 22:54:22,463 INFO  server.RaftServerConfigKeys (ConfUtils.java:logGet(46)) - raft.server.storage.dir = [/home/runner/work/ratis/ratis/ratis-examples/target/test/data/5f617ff2/MiniRaftClusterWithSimulatedRpcee8ad438/s2] (custom)
2024-09-29 22:54:22,464 INFO  storage.RaftStorageDirectory (RaftStorageDirectoryImpl.java:analyzeStorage(138)) - The storage directory /home/runner/work/ratis/ratis/ratis-examples/target/test/data/5f617ff2/MiniRaftClusterWithSimulatedRpcee8ad438/s2/99c8524a-4f20-4083-8544-d63aeb44b269 does not exist. Creating ...
2024-09-29 22:54:22,464 TRACE util.FileUtils (LogUtils.java:runAndLog(49)) - Successfully ran Files.createDirectories /home/runner/work/ratis/ratis/ratis-examples/target/test/data/5f617ff2/MiniRaftClusterWithSimulatedRpcee8ad438/s2/99c8524a-4f20-4083-8544-d63aeb44b269
2024-09-29 22:54:22,465 INFO  storage.RaftStorageDirectory (RaftStorageDirectoryImpl.java:tryLock(229)) - Lock on /home/runner/work/ratis/ratis/ratis-examples/target/test/data/5f617ff2/MiniRaftClusterWithSimulatedRpcee8ad438/s2/99c8524a-4f20-4083-8544-d63aeb44b269/in_use.lock acquired by nodename 13816@fv-az699-913
2024-09-29 22:54:22,465 TRACE util.FileUtils (LogUtils.java:runAndLog(49)) - Successfully ran Files.createDirectories /home/runner/work/ratis/ratis/ratis-examples/target/test/data/5f617ff2/MiniRaftClusterWithSimulatedRpcee8ad438/s2/99c8524a-4f20-4083-8544-d63aeb44b269/current
2024-09-29 22:54:22,465 TRACE util.FileUtils (LogUtils.java:runAndLog(49)) - Successfully ran Files.createDirectories /home/runner/work/ratis/ratis/ratis-examples/target/test/data/5f617ff2/MiniRaftClusterWithSimulatedRpcee8ad438/s2/99c8524a-4f20-4083-8544-d63aeb44b269/sm
2024-09-29 22:54:22,465 TRACE util.FileUtils (LogUtils.java:supplyAndLog(69)) - Successfully supplied FileChannel.open /home/runner/work/ratis/ratis/ratis-examples/target/test/data/5f617ff2/MiniRaftClusterWithSimulatedRpcee8ad438/s2/99c8524a-4f20-4083-8544-d63aeb44b269/current/raft-meta.tmp with options [CREATE, WRITE]: sun.nio.ch.FileChannelImpl@7639f1b5
2024-09-29 22:54:22,466 TRACE util.FileUtils (LogUtils.java:runAndLog(49)) - Successfully ran Atomic Files.move /home/runner/work/ratis/ratis/ratis-examples/target/test/data/5f617ff2/MiniRaftClusterWithSimulatedRpcee8ad438/s2/99c8524a-4f20-4083-8544-d63aeb44b269/current/raft-meta.tmp to /home/runner/work/ratis/ratis/ratis-examples/target/test/data/5f617ff2/MiniRaftClusterWithSimulatedRpcee8ad438/s2/99c8524a-4f20-4083-8544-d63aeb44b269/current/raft-meta with options [REPLACE_EXISTING]
2024-09-29 22:54:22,466 INFO  storage.RaftStorage (RaftStorageImpl.java:format(98)) - Storage directory /home/runner/work/ratis/ratis/ratis-examples/target/test/data/5f617ff2/MiniRaftClusterWithSimulatedRpcee8ad438/s2/99c8524a-4f20-4083-8544-d63aeb44b269 has been successfully formatted.
2024-09-29 22:54:22,466 WARN  statemachine.StateMachine (ArithmeticStateMachine.java:loadSnapshot(115)) - The snapshot info is null.
2024-09-29 22:54:22,466 INFO  server.RaftServerConfigKeys (ConfUtils.java:logGet(46)) - raft.server.log.use.memory = false (default)
2024-09-29 22:54:22,467 INFO  server.RaftServerConfigKeys (ConfUtils.java:logGet(46)) - raft.server.log.purge.gap = 1024 (default)
2024-09-29 22:54:22,467 INFO  server.RaftServerConfigKeys (ConfUtils.java:logGet(46)) - raft.server.log.appender.buffer.byte-limit = 4MB (=4194304) (default)
2024-09-29 22:54:22,467 INFO  server.RaftServerConfigKeys (ConfUtils.java:logGet(46)) - raft.server.log.statemachine.data.read.timeout = 1000ms (default)
2024-09-29 22:54:22,467 INFO  server.RaftServerConfigKeys (ConfUtils.java:logGet(46)) - raft.server.log.purge.preservation.log.num = 0 (default)
2024-09-29 22:54:22,467 INFO  server.RaftServerConfigKeys (ConfUtils.java:logGet(46)) - raft.server.log.segment.size.max = 32MB (=33554432) (default)
2024-09-29 22:54:22,467 INFO  server.RaftServerConfigKeys (ConfUtils.java:logGet(46)) - raft.server.log.segment.cache.num.max = 6 (default)
2024-09-29 22:54:22,467 INFO  server.RaftServerConfigKeys (ConfUtils.java:logGet(46)) - raft.server.log.segment.cache.size.max = 200MB (=209715200) (default)
2024-09-29 22:54:22,467 INFO  server.RaftServerConfigKeys (ConfUtils.java:logGet(46)) - raft.server.log.appender.buffer.byte-limit = 4MB (=4194304) (default)
2024-09-29 22:54:22,468 INFO  util.AwaitToRun (AwaitToRun.java:start(81)) - Thread[s2@group-D63AEB44B269-cacheEviction-AwaitToRun,5,main] started
2024-09-29 22:54:22,468 INFO  segmented.SegmentedRaftLogWorker (SegmentedRaftLogWorker.java:<init>(187)) - new s2@group-D63AEB44B269-SegmentedRaftLogWorker for RaftStorageImpl:Storage Directory /home/runner/work/ratis/ratis/ratis-examples/target/test/data/5f617ff2/MiniRaftClusterWithSimulatedRpcee8ad438/s2/99c8524a-4f20-4083-8544-d63aeb44b269
2024-09-29 22:54:22,468 INFO  server.RaftServerConfigKeys (ConfUtils.java:logGet(46)) - raft.server.log.queue.byte-limit = 64MB (=67108864) (default)
2024-09-29 22:54:22,468 INFO  server.RaftServerConfigKeys (ConfUtils.java:logGet(46)) - raft.server.log.queue.element-limit = 4096 (default)
2024-09-29 22:54:22,468 INFO  server.RaftServerConfigKeys (ConfUtils.java:logGet(46)) - raft.server.log.segment.size.max = 32MB (=33554432) (default)
2024-09-29 22:54:22,468 INFO  server.RaftServerConfigKeys (ConfUtils.java:logGet(46)) - raft.server.log.preallocated.size = 4MB (=4194304) (default)
2024-09-29 22:54:22,468 INFO  server.RaftServerConfigKeys (ConfUtils.java:logGet(46)) - raft.server.log.force.sync.num = 128 (default)
2024-09-29 22:54:22,468 INFO  server.RaftServerConfigKeys (ConfUtils.java:logGet(46)) - raft.server.log.statemachine.data.sync = true (default)
2024-09-29 22:54:22,468 INFO  server.RaftServerConfigKeys (ConfUtils.java:logGet(46)) - raft.server.log.statemachine.data.sync.timeout = 10s (default)
2024-09-29 22:54:22,468 INFO  server.RaftServerConfigKeys (ConfUtils.java:logGet(46)) - raft.server.log.statemachine.data.sync.timeout.retry = -1 (default)
2024-09-29 22:54:22,468 INFO  server.RaftServerConfigKeys (ConfUtils.java:logGet(46)) - raft.server.log.write.buffer.size = 8MB (=8388608) (default)
2024-09-29 22:54:22,469 INFO  server.RaftServerConfigKeys (ConfUtils.java:logGet(46)) - raft.server.log.appender.buffer.byte-limit = 4MB (=4194304) (default)
2024-09-29 22:54:22,469 INFO  server.RaftServerConfigKeys (ConfUtils.java:logGet(46)) - raft.server.log.unsafe-flush.enabled = false (default)
2024-09-29 22:54:22,469 INFO  server.RaftServerConfigKeys (ConfUtils.java:logGet(46)) - raft.server.log.async-flush.enabled = false (default)
2024-09-29 22:54:22,469 INFO  server.RaftServerConfigKeys (ConfUtils.java:logGet(46)) - raft.server.log.statemachine.data.caching.enabled = false (default)
2024-09-29 22:54:22,469 INFO  segmented.SegmentedRaftLogWorker (SegmentedRaftLogWorker.java:lambda$new$0(138)) - s2@group-D63AEB44B269-SegmentedRaftLogWorker: flushIndex: setUnconditionally 0 -> -1
2024-09-29 22:54:22,469 INFO  segmented.SegmentedRaftLogWorker (SegmentedRaftLogWorker.java:lambda$new$0(138)) - s2@group-D63AEB44B269-SegmentedRaftLogWorker: safeCacheEvictIndex: setUnconditionally 0 -> -1
2024-09-29 22:54:22,469 INFO  server.RaftServer$Division (RaftServerImpl.java:start(391)) - s2@group-D63AEB44B269: start as a follower, conf=conf: {index: -1, cur=peers:[s0|localhost:15036, s1|localhost:15040, s2|localhost:15044]|listeners:[], old=null}
2024-09-29 22:54:22,470 INFO  server.RaftServer$Division (RaftServerImpl.java:setRole(378)) - s2@group-D63AEB44B269: changes role from      null to FOLLOWER at term 0 for startAsFollower
2024-09-29 22:54:22,470 INFO  impl.RoleInfo (RoleInfo.java:updateAndGet(148)) - s2: start s2@group-D63AEB44B269-FollowerState
2024-09-29 22:54:22,470 INFO  server.RaftServerConfigKeys (ConfUtils.java:logFallback(53)) - raft.server.rpc.first-election.timeout.min = 300ms (fallback to raft.server.rpc.timeout.min)
2024-09-29 22:54:22,470 INFO  util.JmxRegister (JmxRegister.java:tryRegister(44)) - Successfully registered JMX Bean with object name Ratis:service=RaftServer,group=group-D63AEB44B269,id=s2
2024-09-29 22:54:22,470 INFO  util.JmxRegister (JmxRegister.java:register(58)) - register mxBean class org.apache.ratis.server.impl.RaftServerJmxAdapter as Ratis:service=RaftServer,group=group-D63AEB44B269,id=s2
2024-09-29 22:54:22,470 INFO  server.RaftServerConfigKeys (ConfUtils.java:logGet(46)) - raft.server.snapshot.trigger-when-stop.enabled = true (default)
2024-09-29 22:54:22,470 INFO  server.RaftServerConfigKeys (ConfUtils.java:logGet(46)) - raft.server.snapshot.trigger-when-remove.enabled = true (default)
2024-09-29 22:54:22,470 INFO  server.RaftServerConfigKeys (ConfUtils.java:logGet(46)) - raft.server.snapshot.auto.trigger.enabled = false (default)
2024-09-29 22:54:22,470 INFO  server.RaftServerConfigKeys (ConfUtils.java:logGet(46)) - raft.server.snapshot.retention.file.num = -1 (default)
2024-09-29 22:54:22,470 INFO  server.RaftServerConfigKeys (ConfUtils.java:logGet(46)) - raft.server.log.purge.upto.snapshot.index = false (default)
2024-09-29 22:54:22,470 INFO  server.RaftServerConfigKeys (ConfUtils.java:logFallback(53)) - raft.server.rpc.first-election.timeout.max = 600ms (fallback to raft.server.rpc.timeout.max)
2024-09-29 22:54:22,471 INFO  server.RaftServer (RaftServerProxy.java:startImpl(408)) - s2: start RPC server
2024-09-29 22:54:22,471 INFO  util.JvmPauseMonitor (JvmPauseMonitor.java:run(146)) - JvmPauseMonitor-s2: Started
2024-09-29 22:54:22,472 INFO  server.RaftServerConfigKeys (ConfUtils.java:logGet(46)) - raft.server.rpc.timeout.max = 600ms (custom)
2024-09-29 22:54:22,472 INFO  ratis.RaftTestUtil (RaftTestUtil.java:waitForLeader(107)) - printing ALL groups
  s0:  RUNNING  FOLLOWER s0@group-D63AEB44B269:t0, leader=null, voted=, raftlog=Memoized:s0@group-D63AEB44B269-SegmentedRaftLog:OPENED:c-1:lastnull, conf=conf: {index: -1, cur=peers:[s0|localhost:15036, s1|localhost:15040, s2|localhost:15044]|listeners:[], old=null} RUNNING
  s1:  RUNNING  FOLLOWER s1@group-D63AEB44B269:t0, leader=null, voted=, raftlog=Memoized:s1@group-D63AEB44B269-SegmentedRaftLog:OPENED:c-1:lastnull, conf=conf: {index: -1, cur=peers:[s0|localhost:15036, s1|localhost:15040, s2|localhost:15044]|listeners:[], old=null} RUNNING
  s2:  RUNNING  FOLLOWER s2@group-D63AEB44B269:t0, leader=null, voted=, raftlog=Memoized:s2@group-D63AEB44B269-SegmentedRaftLog:OPENED:c-1:lastnull, conf=conf: {index: -1, cur=peers:[s0|localhost:15036, s1|localhost:15040, s2|localhost:15044]|listeners:[], old=null} RUNNING
2024-09-29 22:54:22,472 WARN  ratis.RaftTestUtil (RaftTestUtil.java:lambda$waitForLeader$3(126)) - Attempt #1 failed: java.lang.IllegalStateException: No leader yet : printing ALL groups
  s0:  RUNNING  FOLLOWER s0@group-D63AEB44B269:t0, leader=null, voted=, raftlog=Memoized:s0@group-D63AEB44B269-SegmentedRaftLog:OPENED:c-1:lastnull, conf=conf: {index: -1, cur=peers:[s0|localhost:15036, s1|localhost:15040, s2|localhost:15044]|listeners:[], old=null} RUNNING
  s1:  RUNNING  FOLLOWER s1@group-D63AEB44B269:t0, leader=null, voted=, raftlog=Memoized:s1@group-D63AEB44B269-SegmentedRaftLog:OPENED:c-1:lastnull, conf=conf: {index: -1, cur=peers:[s0|localhost:15036, s1|localhost:15040, s2|localhost:15044]|listeners:[], old=null} RUNNING
  s2:  RUNNING  FOLLOWER s2@group-D63AEB44B269:t0, leader=null, voted=, raftlog=Memoized:s2@group-D63AEB44B269-SegmentedRaftLog:OPENED:c-1:lastnull, conf=conf: {index: -1, cur=peers:[s0|localhost:15036, s1|localhost:15040, s2|localhost:15044]|listeners:[], old=null} RUNNING
2024-09-29 22:54:22,810 INFO  impl.FollowerState (FollowerState.java:run(144)) - s1@group-D63AEB44B269-FollowerState: change to CANDIDATE, lastRpcElapsedTime:348638853ns, electionTimeout:348ms
2024-09-29 22:54:22,811 INFO  impl.RoleInfo (RoleInfo.java:shutdownFollowerState(119)) - s1: shutdown s1@group-D63AEB44B269-FollowerState
2024-09-29 22:54:22,811 INFO  server.RaftServer$Division (RaftServerImpl.java:setRole(378)) - s1@group-D63AEB44B269: changes role from  FOLLOWER to CANDIDATE at term 0 for changeToCandidate
2024-09-29 22:54:22,811 INFO  server.RaftServerConfigKeys (ConfUtils.java:logGet(46)) - raft.server.leaderelection.pre-vote = true (default)
2024-09-29 22:54:22,811 INFO  impl.RoleInfo (RoleInfo.java:updateAndGet(148)) - s1: start s1@group-D63AEB44B269-LeaderElection9
2024-09-29 22:54:22,812 INFO  impl.LeaderElection (LeaderElection.java:askForVotes(325)) - s1@group-D63AEB44B269-LeaderElection9 PRE_VOTE round 0: submit vote requests at term 0 for conf: {index: -1, cur=peers:[s0|localhost:15036, s1|localhost:15040, s2|localhost:15044]|listeners:[], old=null}
2024-09-29 22:54:22,812 INFO  server.RaftServerConfigKeys (ConfUtils.java:logFallback(53)) - raft.server.rpc.first-election.timeout.min = 300ms (fallback to raft.server.rpc.timeout.min)
2024-09-29 22:54:22,812 INFO  server.RaftServer$Division (RaftServerImpl.java:requestVote(1439)) - s2@group-D63AEB44B269: receive requestVote(PRE_VOTE, s1, group-D63AEB44B269, 0, (t:0, i:0))
2024-09-29 22:54:22,813 INFO  impl.VoteContext (VoteContext.java:log(49)) - s2@group-D63AEB44B269-FOLLOWER: accept PRE_VOTE from s1: our priority 0 <= candidate's priority 0
2024-09-29 22:54:22,813 INFO  server.RaftServer$Division (RaftServerImpl.java:requestVote(1472)) - s2@group-D63AEB44B269 replies to PRE_VOTE vote request: s1<-s2#0:OK-t0. Peer's state: s2@group-D63AEB44B269:t0, leader=null, voted=, raftlog=Memoized:s2@group-D63AEB44B269-SegmentedRaftLog:OPENED:c-1:lastnull, conf=conf: {index: -1, cur=peers:[s0|localhost:15036, s1|localhost:15040, s2|localhost:15044]|listeners:[], old=null}
2024-09-29 22:54:22,812 INFO  server.RaftServerConfigKeys (ConfUtils.java:logFallback(53)) - raft.server.rpc.first-election.timeout.max = 600ms (fallback to raft.server.rpc.timeout.max)
2024-09-29 22:54:22,812 INFO  server.RaftServer$Division (RaftServerImpl.java:requestVote(1439)) - s0@group-D63AEB44B269: receive requestVote(PRE_VOTE, s1, group-D63AEB44B269, 0, (t:0, i:0))
2024-09-29 22:54:22,813 INFO  impl.LeaderElection (LeaderElection.java:logAndReturn(89)) - s1@group-D63AEB44B269-LeaderElection9: PRE_VOTE PASSED received 1 response(s) and 0 exception(s):
2024-09-29 22:54:22,813 INFO  impl.LeaderElection (LeaderElection.java:logAndReturn(93)) -   Response 0: s1<-s2#0:OK-t0
2024-09-29 22:54:22,813 INFO  impl.VoteContext (VoteContext.java:log(49)) - s0@group-D63AEB44B269-FOLLOWER: accept PRE_VOTE from s1: our priority 0 <= candidate's priority 0
2024-09-29 22:54:22,813 INFO  impl.LeaderElection (LeaderElection.java:askForVotes(327)) - s1@group-D63AEB44B269-LeaderElection9 PRE_VOTE round 0: result PASSED
2024-09-29 22:54:22,813 INFO  server.RaftServer$Division (RaftServerImpl.java:requestVote(1472)) - s0@group-D63AEB44B269 replies to PRE_VOTE vote request: s1<-s0#0:OK-t0. Peer's state: s0@group-D63AEB44B269:t0, leader=null, voted=, raftlog=Memoized:s0@group-D63AEB44B269-SegmentedRaftLog:OPENED:c-1:lastnull, conf=conf: {index: -1, cur=peers:[s0|localhost:15036, s1|localhost:15040, s2|localhost:15044]|listeners:[], old=null}
2024-09-29 22:54:22,814 TRACE util.FileUtils (LogUtils.java:supplyAndLog(69)) - Successfully supplied FileChannel.open /home/runner/work/ratis/ratis/ratis-examples/target/test/data/5f617ff2/MiniRaftClusterWithSimulatedRpcee8ad438/s1/99c8524a-4f20-4083-8544-d63aeb44b269/current/raft-meta.tmp with options [CREATE, WRITE]: sun.nio.ch.FileChannelImpl@72696953
2024-09-29 22:54:22,815 TRACE util.FileUtils (LogUtils.java:runAndLog(49)) - Successfully ran Atomic Files.move /home/runner/work/ratis/ratis/ratis-examples/target/test/data/5f617ff2/MiniRaftClusterWithSimulatedRpcee8ad438/s1/99c8524a-4f20-4083-8544-d63aeb44b269/current/raft-meta.tmp to /home/runner/work/ratis/ratis/ratis-examples/target/test/data/5f617ff2/MiniRaftClusterWithSimulatedRpcee8ad438/s1/99c8524a-4f20-4083-8544-d63aeb44b269/current/raft-meta with options [REPLACE_EXISTING]
2024-09-29 22:54:22,815 INFO  impl.LeaderElection (LeaderElection.java:askForVotes(325)) - s1@group-D63AEB44B269-LeaderElection9 ELECTION round 0: submit vote requests at term 1 for conf: {index: -1, cur=peers:[s0|localhost:15036, s1|localhost:15040, s2|localhost:15044]|listeners:[], old=null}
2024-09-29 22:54:22,815 INFO  server.RaftServerConfigKeys (ConfUtils.java:logFallback(53)) - raft.server.rpc.first-election.timeout.min = 300ms (fallback to raft.server.rpc.timeout.min)
2024-09-29 22:54:22,816 INFO  server.RaftServer$Division (RaftServerImpl.java:requestVote(1439)) - s2@group-D63AEB44B269: receive requestVote(ELECTION, s1, group-D63AEB44B269, 1, (t:0, i:0))
2024-09-29 22:54:22,815 INFO  server.RaftServer$Division (RaftServerImpl.java:requestVote(1439)) - s0@group-D63AEB44B269: receive requestVote(ELECTION, s1, group-D63AEB44B269, 1, (t:0, i:0))
2024-09-29 22:54:22,816 INFO  impl.VoteContext (VoteContext.java:log(49)) - s2@group-D63AEB44B269-FOLLOWER: accept ELECTION from s1: our priority 0 <= candidate's priority 0
2024-09-29 22:54:22,816 INFO  impl.VoteContext (VoteContext.java:log(49)) - s0@group-D63AEB44B269-FOLLOWER: accept ELECTION from s1: our priority 0 <= candidate's priority 0
2024-09-29 22:54:22,816 INFO  server.RaftServer$Division (RaftServerImpl.java:setRole(378)) - s0@group-D63AEB44B269: changes role from  FOLLOWER to FOLLOWER at term 0 for candidate:s1
2024-09-29 22:54:22,816 INFO  impl.RoleInfo (RoleInfo.java:shutdownFollowerState(119)) - s0: shutdown s0@group-D63AEB44B269-FollowerState
2024-09-29 22:54:22,816 INFO  impl.FollowerState (FollowerState.java:run(153)) - s0@group-D63AEB44B269-FollowerState was interrupted
2024-09-29 22:54:22,816 INFO  server.RaftServerConfigKeys (ConfUtils.java:logFallback(53)) - raft.server.rpc.first-election.timeout.max = 600ms (fallback to raft.server.rpc.timeout.max)
2024-09-29 22:54:22,816 INFO  impl.RoleInfo (RoleInfo.java:updateAndGet(148)) - s0: start s0@group-D63AEB44B269-FollowerState
2024-09-29 22:54:22,816 INFO  server.RaftServer$Division (RaftServerImpl.java:setRole(378)) - s2@group-D63AEB44B269: changes role from  FOLLOWER to FOLLOWER at term 0 for candidate:s1
2024-09-29 22:54:22,817 INFO  impl.RoleInfo (RoleInfo.java:shutdownFollowerState(119)) - s2: shutdown s2@group-D63AEB44B269-FollowerState
2024-09-29 22:54:22,817 INFO  server.RaftServer$Division (RaftServerImpl.java:setFirstElection(559)) - s0@group-D63AEB44B269: set firstElectionSinceStartup to false for candidate:s1
2024-09-29 22:54:22,817 INFO  impl.FollowerState (FollowerState.java:run(153)) - s2@group-D63AEB44B269-FollowerState was interrupted
2024-09-29 22:54:22,817 INFO  impl.RoleInfo (RoleInfo.java:updateAndGet(148)) - s2: start s2@group-D63AEB44B269-FollowerState
2024-09-29 22:54:22,817 INFO  server.RaftServer$Division (RaftServerImpl.java:setFirstElection(559)) - s2@group-D63AEB44B269: set firstElectionSinceStartup to false for candidate:s1
2024-09-29 22:54:22,817 TRACE util.FileUtils (LogUtils.java:supplyAndLog(69)) - Successfully supplied FileChannel.open /home/runner/work/ratis/ratis/ratis-examples/target/test/data/5f617ff2/MiniRaftClusterWithSimulatedRpcee8ad438/s0/99c8524a-4f20-4083-8544-d63aeb44b269/current/raft-meta.tmp with options [CREATE, WRITE]: sun.nio.ch.FileChannelImpl@5f857247
2024-09-29 22:54:22,817 TRACE util.FileUtils (LogUtils.java:supplyAndLog(69)) - Successfully supplied FileChannel.open /home/runner/work/ratis/ratis/ratis-examples/target/test/data/5f617ff2/MiniRaftClusterWithSimulatedRpcee8ad438/s2/99c8524a-4f20-4083-8544-d63aeb44b269/current/raft-meta.tmp with options [CREATE, WRITE]: sun.nio.ch.FileChannelImpl@5785437e
2024-09-29 22:54:22,824 TRACE util.FileUtils (LogUtils.java:runAndLog(49)) - Successfully ran Atomic Files.move /home/runner/work/ratis/ratis/ratis-examples/target/test/data/5f617ff2/MiniRaftClusterWithSimulatedRpcee8ad438/s0/99c8524a-4f20-4083-8544-d63aeb44b269/current/raft-meta.tmp to /home/runner/work/ratis/ratis/ratis-examples/target/test/data/5f617ff2/MiniRaftClusterWithSimulatedRpcee8ad438/s0/99c8524a-4f20-4083-8544-d63aeb44b269/current/raft-meta with options [REPLACE_EXISTING]
2024-09-29 22:54:22,824 TRACE util.FileUtils (LogUtils.java:runAndLog(49)) - Successfully ran Atomic Files.move /home/runner/work/ratis/ratis/ratis-examples/target/test/data/5f617ff2/MiniRaftClusterWithSimulatedRpcee8ad438/s2/99c8524a-4f20-4083-8544-d63aeb44b269/current/raft-meta.tmp to /home/runner/work/ratis/ratis/ratis-examples/target/test/data/5f617ff2/MiniRaftClusterWithSimulatedRpcee8ad438/s2/99c8524a-4f20-4083-8544-d63aeb44b269/current/raft-meta with options [REPLACE_EXISTING]
2024-09-29 22:54:22,824 INFO  server.RaftServer$Division (RaftServerImpl.java:requestVote(1472)) - s0@group-D63AEB44B269 replies to ELECTION vote request: s1<-s0#0:OK-t1. Peer's state: s0@group-D63AEB44B269:t1, leader=null, voted=s1, raftlog=Memoized:s0@group-D63AEB44B269-SegmentedRaftLog:OPENED:c-1:lastnull, conf=conf: {index: -1, cur=peers:[s0|localhost:15036, s1|localhost:15040, s2|localhost:15044]|listeners:[], old=null}
2024-09-29 22:54:22,824 INFO  server.RaftServer$Division (RaftServerImpl.java:requestVote(1472)) - s2@group-D63AEB44B269 replies to ELECTION vote request: s1<-s2#0:OK-t1. Peer's state: s2@group-D63AEB44B269:t1, leader=null, voted=s1, raftlog=Memoized:s2@group-D63AEB44B269-SegmentedRaftLog:OPENED:c-1:lastnull, conf=conf: {index: -1, cur=peers:[s0|localhost:15036, s1|localhost:15040, s2|localhost:15044]|listeners:[], old=null}
2024-09-29 22:54:22,824 INFO  impl.LeaderElection (LeaderElection.java:logAndReturn(89)) - s1@group-D63AEB44B269-LeaderElection9: ELECTION PASSED received 1 response(s) and 0 exception(s):
2024-09-29 22:54:22,824 INFO  impl.LeaderElection (LeaderElection.java:logAndReturn(93)) -   Response 0: s1<-s0#0:OK-t1
2024-09-29 22:54:22,824 INFO  impl.LeaderElection (LeaderElection.java:askForVotes(327)) - s1@group-D63AEB44B269-LeaderElection9 ELECTION round 0: result PASSED
2024-09-29 22:54:22,824 INFO  impl.RoleInfo (RoleInfo.java:shutdownLeaderElection(139)) - s1: shutdown s1@group-D63AEB44B269-LeaderElection9
2024-09-29 22:54:22,824 INFO  server.RaftServer$Division (RaftServerImpl.java:setRole(378)) - s1@group-D63AEB44B269: changes role from CANDIDATE to LEADER at term 1 for changeToLeader
2024-09-29 22:54:22,824 INFO  server.RaftServerConfigKeys (ConfUtils.java:logGet(46)) - raft.server.staging.catchup.gap = 1000 (default)
2024-09-29 22:54:22,824 INFO  server.RaftServerConfigKeys (ConfUtils.java:logGet(46)) - raft.server.write.element-limit = 4096 (default)
2024-09-29 22:54:22,824 INFO  server.RaftServerConfigKeys (ConfUtils.java:logGet(46)) - raft.server.write.byte-limit = 64MB (=67108864) (default)
2024-09-29 22:54:22,825 INFO  server.RaftServerConfigKeys (ConfUtils.java:logGet(46)) - raft.server.watch.timeout = 10s (default)
2024-09-29 22:54:22,825 INFO  server.RaftServerConfigKeys (ConfUtils.java:logGet(46)) - raft.server.watch.timeout.denomination = 1s (default)
2024-09-29 22:54:22,825 INFO  server.RaftServerConfigKeys (ConfUtils.java:logGet(46)) - raft.server.watch.element-limit = 65536 (default)
2024-09-29 22:54:22,825 INFO  server.RaftServerConfigKeys (ConfUtils.java:logGet(46)) - raft.server.read.leader.lease.enabled = false (default)
2024-09-29 22:54:22,825 INFO  server.RaftServerConfigKeys (ConfUtils.java:logGet(46)) - raft.server.read.leader.lease.timeout.ratio = 0.9 (default)
2024-09-29 22:54:22,825 INFO  server.RaftServerConfigKeys (ConfUtils.java:logGet(46)) - raft.server.rpc.timeout.min = 300ms (custom)
2024-09-29 22:54:22,825 INFO  server.RaftServerConfigKeys (ConfUtils.java:logGet(46)) - raft.server.log.log-metadata.enabled = true (default)
2024-09-29 22:54:22,825 INFO  server.RaftServerConfigKeys (ConfUtils.java:logGet(46)) - raft.server.write.element-limit = 4096 (default)
2024-09-29 22:54:22,825 INFO  server.RaftServerConfigKeys (ConfUtils.java:logGet(46)) - raft.server.write.follower.gap.ratio.max = -1.0 (default)
2024-09-29 22:54:22,826 INFO  server.RaftServerConfigKeys (ConfUtils.java:logGet(46)) - raft.server.log.appender.snapshot.chunk.size.max = 16MB (=16777216) (default)
2024-09-29 22:54:22,826 INFO  server.RaftServerConfigKeys (ConfUtils.java:logGet(46)) - raft.server.log.appender.buffer.byte-limit = 4MB (=4194304) (default)
2024-09-29 22:54:22,826 INFO  server.RaftServerConfigKeys (ConfUtils.java:logGet(46)) - raft.server.log.appender.buffer.element-limit = 0 (default)
2024-09-29 22:54:22,826 INFO  server.RaftServerConfigKeys (ConfUtils.java:logGet(46)) - raft.server.log.appender.wait-time.min = 1ms (default)
2024-09-29 22:54:22,826 INFO  server.RaftServerConfigKeys (ConfUtils.java:logGet(46)) - raft.server.log.appender.snapshot.chunk.size.max = 16MB (=16777216) (default)
2024-09-29 22:54:22,826 INFO  server.RaftServerConfigKeys (ConfUtils.java:logGet(46)) - raft.server.log.appender.buffer.byte-limit = 4MB (=4194304) (default)
2024-09-29 22:54:22,826 INFO  server.RaftServerConfigKeys (ConfUtils.java:logGet(46)) - raft.server.log.appender.buffer.element-limit = 0 (default)
2024-09-29 22:54:22,826 INFO  server.RaftServerConfigKeys (ConfUtils.java:logGet(46)) - raft.server.log.appender.wait-time.min = 1ms (default)
2024-09-29 22:54:22,826 INFO  impl.RoleInfo (RoleInfo.java:updateAndGet(148)) - s1: start s1@group-D63AEB44B269-LeaderStateImpl
2024-09-29 22:54:22,826 INFO  server.RaftServer$Division (RaftServerImpl.java:setFirstElection(559)) - s1@group-D63AEB44B269: set firstElectionSinceStartup to false for becomeLeader
2024-09-29 22:54:22,827 INFO  server.RaftServer$Division (ServerState.java:setLeader(272)) - s1@group-D63AEB44B269: change Leader from null to s1 at term 1 for becomeLeader, leader elected after 383ms
2024-09-29 22:54:22,827 INFO  segmented.SegmentedRaftLogWorker (SegmentedRaftLogWorker.java:startLogSegment(438)) - s1@group-D63AEB44B269-SegmentedRaftLogWorker: Starting segment from index:0
2024-09-29 22:54:22,827 INFO  server.RaftServer$Division (ServerState.java:setRaftConf(386)) - s1@group-D63AEB44B269: set configuration conf: {index: 0, cur=peers:[s0|localhost:15036, s1|localhost:15040, s2|localhost:15044]|listeners:[], old=null}
2024-09-29 22:54:22,827 INFO  segmented.BufferedWriteChannel (BufferedWriteChannel.java:open(61)) - open log_inprogress_0 at position 0
2024-09-29 22:54:22,828 INFO  server.RaftServer$Division (ServerState.java:setLeader(272)) - s0@group-D63AEB44B269: change Leader from null to s1 at term 1 for appendEntries, leader elected after 389ms
2024-09-29 22:54:22,829 INFO  server.RaftServer$Division (ServerState.java:setRaftConf(386)) - s0@group-D63AEB44B269: set configuration conf: {index: 0, cur=peers:[s0|localhost:15036, s1|localhost:15040, s2|localhost:15044]|listeners:[], old=null}
2024-09-29 22:54:22,829 INFO  segmented.SegmentedRaftLogWorker (SegmentedRaftLogWorker.java:startLogSegment(438)) - s0@group-D63AEB44B269-SegmentedRaftLogWorker: Starting segment from index:0
2024-09-29 22:54:22,829 INFO  server.RaftServer$Division (ServerState.java:setLeader(272)) - s2@group-D63AEB44B269: change Leader from null to s1 at term 1 for appendEntries, leader elected after 382ms
2024-09-29 22:54:22,830 INFO  server.RaftServer$Division (ServerState.java:setRaftConf(386)) - s2@group-D63AEB44B269: set configuration conf: {index: 0, cur=peers:[s0|localhost:15036, s1|localhost:15040, s2|localhost:15044]|listeners:[], old=null}
2024-09-29 22:54:22,830 INFO  segmented.SegmentedRaftLogWorker (SegmentedRaftLogWorker.java:startLogSegment(438)) - s2@group-D63AEB44B269-SegmentedRaftLogWorker: Starting segment from index:0
2024-09-29 22:54:22,831 INFO  segmented.BufferedWriteChannel (BufferedWriteChannel.java:open(61)) - open log_inprogress_0 at position 0
2024-09-29 22:54:22,834 INFO  segmented.BufferedWriteChannel (BufferedWriteChannel.java:open(61)) - open log_inprogress_0 at position 0
2024-09-29 22:54:22,841 INFO  segmented.SegmentedRaftLogWorker (SegmentedRaftLogWorker.java:execute(660)) - s1@group-D63AEB44B269-SegmentedRaftLogWorker: created new log segment /home/runner/work/ratis/ratis/ratis-examples/target/test/data/5f617ff2/MiniRaftClusterWithSimulatedRpcee8ad438/s1/99c8524a-4f20-4083-8544-d63aeb44b269/current/log_inprogress_0
2024-09-29 22:54:22,845 INFO  segmented.SegmentedRaftLogWorker (SegmentedRaftLogWorker.java:execute(660)) - s2@group-D63AEB44B269-SegmentedRaftLogWorker: created new log segment /home/runner/work/ratis/ratis/ratis-examples/target/test/data/5f617ff2/MiniRaftClusterWithSimulatedRpcee8ad438/s2/99c8524a-4f20-4083-8544-d63aeb44b269/current/log_inprogress_0
2024-09-29 22:54:22,846 TRACE util.FileUtils (LogUtils.java:supplyAndLog(69)) - Successfully supplied FileChannel.open /home/runner/work/ratis/ratis/ratis-examples/target/test/data/5f617ff2/MiniRaftClusterWithSimulatedRpcee8ad438/s1/99c8524a-4f20-4083-8544-d63aeb44b269/current/raft-meta.conf.tmp with options [CREATE, WRITE]: sun.nio.ch.FileChannelImpl@4f96a51a
2024-09-29 22:54:22,846 INFO  segmented.SegmentedRaftLogWorker (SegmentedRaftLogWorker.java:execute(660)) - s0@group-D63AEB44B269-SegmentedRaftLogWorker: created new log segment /home/runner/work/ratis/ratis/ratis-examples/target/test/data/5f617ff2/MiniRaftClusterWithSimulatedRpcee8ad438/s0/99c8524a-4f20-4083-8544-d63aeb44b269/current/log_inprogress_0
2024-09-29 22:54:22,848 TRACE util.FileUtils (LogUtils.java:runAndLog(49)) - Successfully ran Atomic Files.move /home/runner/work/ratis/ratis/ratis-examples/target/test/data/5f617ff2/MiniRaftClusterWithSimulatedRpcee8ad438/s1/99c8524a-4f20-4083-8544-d63aeb44b269/current/raft-meta.conf.tmp to /home/runner/work/ratis/ratis/ratis-examples/target/test/data/5f617ff2/MiniRaftClusterWithSimulatedRpcee8ad438/s1/99c8524a-4f20-4083-8544-d63aeb44b269/current/raft-meta.conf with options [REPLACE_EXISTING]
2024-09-29 22:54:22,848 INFO  server.RaftServer$Division (LeaderStateImpl.java:checkStartIndex(317)) - Leader s1@group-D63AEB44B269-LeaderStateImpl is ready since appliedIndex == startIndex == 0
2024-09-29 22:54:22,996 TRACE util.FileUtils (LogUtils.java:supplyAndLog(69)) - Successfully supplied FileChannel.open /home/runner/work/ratis/ratis/ratis-examples/target/test/data/5f617ff2/MiniRaftClusterWithSimulatedRpcee8ad438/s2/99c8524a-4f20-4083-8544-d63aeb44b269/current/raft-meta.conf.tmp with options [CREATE, WRITE]: sun.nio.ch.FileChannelImpl@2a8e55d2
2024-09-29 22:54:22,998 TRACE util.FileUtils (LogUtils.java:supplyAndLog(69)) - Successfully supplied FileChannel.open /home/runner/work/ratis/ratis/ratis-examples/target/test/data/5f617ff2/MiniRaftClusterWithSimulatedRpcee8ad438/s0/99c8524a-4f20-4083-8544-d63aeb44b269/current/raft-meta.conf.tmp with options [CREATE, WRITE]: sun.nio.ch.FileChannelImpl@7e213f7f
2024-09-29 22:54:22,998 TRACE util.FileUtils (LogUtils.java:runAndLog(49)) - Successfully ran Atomic Files.move /home/runner/work/ratis/ratis/ratis-examples/target/test/data/5f617ff2/MiniRaftClusterWithSimulatedRpcee8ad438/s2/99c8524a-4f20-4083-8544-d63aeb44b269/current/raft-meta.conf.tmp to /home/runner/work/ratis/ratis/ratis-examples/target/test/data/5f617ff2/MiniRaftClusterWithSimulatedRpcee8ad438/s2/99c8524a-4f20-4083-8544-d63aeb44b269/current/raft-meta.conf with options [REPLACE_EXISTING]
2024-09-29 22:54:23,000 TRACE util.FileUtils (LogUtils.java:runAndLog(49)) - Successfully ran Atomic Files.move /home/runner/work/ratis/ratis/ratis-examples/target/test/data/5f617ff2/MiniRaftClusterWithSimulatedRpcee8ad438/s0/99c8524a-4f20-4083-8544-d63aeb44b269/current/raft-meta.conf.tmp to /home/runner/work/ratis/ratis/ratis-examples/target/test/data/5f617ff2/MiniRaftClusterWithSimulatedRpcee8ad438/s0/99c8524a-4f20-4083-8544-d63aeb44b269/current/raft-meta.conf with options [REPLACE_EXISTING]
2024-09-29 22:54:23,373 INFO  ratis.RaftTestUtil (RaftTestUtil.java:waitForLeader(131)) - printing ALL groups
  s0:  RUNNING  FOLLOWER s0@group-D63AEB44B269:t1, leader=s1, voted=s1, raftlog=Memoized:s0@group-D63AEB44B269-SegmentedRaftLog:OPENED:c0:last(t:1, i:0), conf=conf: {index: 0, cur=peers:[s0|localhost:15036, s1|localhost:15040, s2|localhost:15044]|listeners:[], old=null} RUNNING
  s1:  RUNNING    LEADER s1@group-D63AEB44B269:t1, leader=s1, voted=s1, raftlog=Memoized:s1@group-D63AEB44B269-SegmentedRaftLog:OPENED:c0:last(t:1, i:0), conf=conf: {index: 0, cur=peers:[s0|localhost:15036, s1|localhost:15040, s2|localhost:15044]|listeners:[], old=null} RUNNING
  s2:  RUNNING  FOLLOWER s2@group-D63AEB44B269:t1, leader=s1, voted=s1, raftlog=Memoized:s2@group-D63AEB44B269-SegmentedRaftLog:OPENED:c0:last(t:1, i:0), conf=conf: {index: 0, cur=peers:[s0|localhost:15036, s1|localhost:15040, s2|localhost:15044]|listeners:[], old=null} RUNNING
2024-09-29 22:54:23,476 INFO  statemachine.StateMachine (ArithmeticStateMachine.java:applyTransaction(181)) - LEADER:s1-1: a0 = 1 = 1
2024-09-29 22:54:23,477 DEBUG statemachine.StateMachine (ArithmeticStateMachine.java:applyTransaction(183)) - FOLLOWER:s2-1: a0 = 1 = 1
2024-09-29 22:54:23,477 DEBUG statemachine.StateMachine (ArithmeticStateMachine.java:applyTransaction(183)) - FOLLOWER:s0-1: a0 = 1 = 1
2024-09-29 22:54:23,479 INFO  statemachine.StateMachine (ArithmeticStateMachine.java:applyTransaction(181)) - LEADER:s1-3: b0 = (1 / 2) = 0.7071067811865475
2024-09-29 22:54:23,479 DEBUG statemachine.StateMachine (ArithmeticStateMachine.java:applyTransaction(183)) - FOLLOWER:s0-3: b0 = (1 / 2) = 0.7071067811865475
2024-09-29 22:54:23,480 DEBUG statemachine.StateMachine (ArithmeticStateMachine.java:applyTransaction(183)) - FOLLOWER:s2-3: b0 = (1 / 2) = 0.7071067811865475
2024-09-29 22:54:23,481 INFO  statemachine.StateMachine (ArithmeticStateMachine.java:applyTransaction(181)) - LEADER:s1-5: t0 = (1 / 4) = 0.25
2024-09-29 22:54:23,484 DEBUG statemachine.StateMachine (ArithmeticStateMachine.java:applyTransaction(183)) - FOLLOWER:s2-5: t0 = (1 / 4) = 0.25
2024-09-29 22:54:23,486 INFO  statemachine.StateMachine (ArithmeticStateMachine.java:applyTransaction(181)) - LEADER:s1-7: p0 = 1 = 1
2024-09-29 22:54:23,486 DEBUG statemachine.StateMachine (ArithmeticStateMachine.java:applyTransaction(183)) - FOLLOWER:s0-5: t0 = (1 / 4) = 0.25
2024-09-29 22:54:23,486 DEBUG statemachine.StateMachine (ArithmeticStateMachine.java:applyTransaction(183)) - FOLLOWER:s2-7: p0 = 1 = 1
2024-09-29 22:54:23,487 DEBUG statemachine.StateMachine (ArithmeticStateMachine.java:applyTransaction(183)) - FOLLOWER:s0-7: p0 = 1 = 1
2024-09-29 22:54:23,488 INFO  statemachine.StateMachine (ArithmeticStateMachine.java:applyTransaction(181)) - LEADER:s1-9: a1 = ((a0 + b0) / 2) = 0.8535533905932737
2024-09-29 22:54:23,489 DEBUG statemachine.StateMachine (ArithmeticStateMachine.java:applyTransaction(183)) - FOLLOWER:s0-9: a1 = ((a0 + b0) / 2) = 0.8535533905932737
2024-09-29 22:54:23,489 DEBUG statemachine.StateMachine (ArithmeticStateMachine.java:applyTransaction(183)) - FOLLOWER:s2-9: a1 = ((a0 + b0) / 2) = 0.8535533905932737
2024-09-29 22:54:23,490 INFO  statemachine.StateMachine (ArithmeticStateMachine.java:applyTransaction(181)) - LEADER:s1-11: b1 = (a0 * b0) = 0.8408964152537145
2024-09-29 22:54:23,493 DEBUG statemachine.StateMachine (ArithmeticStateMachine.java:applyTransaction(183)) - FOLLOWER:s0-11: b1 = (a0 * b0) = 0.8408964152537145
2024-09-29 22:54:23,493 DEBUG statemachine.StateMachine (ArithmeticStateMachine.java:applyTransaction(183)) - FOLLOWER:s2-11: b1 = (a0 * b0) = 0.8408964152537145
2024-09-29 22:54:23,494 INFO  statemachine.StateMachine (ArithmeticStateMachine.java:applyTransaction(181)) - LEADER:s1-13: t1 = (t0 - (p0 * (a0 - a1)^2)) = 0.22855339059327376
2024-09-29 22:54:23,494 DEBUG statemachine.StateMachine (ArithmeticStateMachine.java:applyTransaction(183)) - FOLLOWER:s2-13: t1 = (t0 - (p0 * (a0 - a1)^2)) = 0.22855339059327376
2024-09-29 22:54:23,495 DEBUG statemachine.StateMachine (ArithmeticStateMachine.java:applyTransaction(183)) - FOLLOWER:s0-13: t1 = (t0 - (p0 * (a0 - a1)^2)) = 0.22855339059327376
2024-09-29 22:54:23,495 INFO  statemachine.StateMachine (ArithmeticStateMachine.java:applyTransaction(181)) - LEADER:s1-15: p1 = (2 * p0) = 2
2024-09-29 22:54:23,496 DEBUG statemachine.StateMachine (ArithmeticStateMachine.java:applyTransaction(183)) - FOLLOWER:s2-15: p1 = (2 * p0) = 2
2024-09-29 22:54:23,496 DEBUG statemachine.StateMachine (ArithmeticStateMachine.java:applyTransaction(183)) - FOLLOWER:s0-15: p1 = (2 * p0) = 2
2024-09-29 22:54:23,497 INFO  statemachine.StateMachine (ArithmeticStateMachine.java:applyTransaction(181)) - LEADER:s1-17: pi_1 = (a1^2 / t0) = 2.914213562373095
2024-09-29 22:54:23,497 INFO  examples.ParameterizedBaseTest (TestArithmetic.java:runGaussLegendre(123)) - pi_1 = 2.914213562373095, converged? false
2024-09-29 22:54:23,497 DEBUG statemachine.StateMachine (ArithmeticStateMachine.java:applyTransaction(183)) - FOLLOWER:s2-17: pi_1 = (a1^2 / t0) = 2.914213562373095
2024-09-29 22:54:23,498 DEBUG statemachine.StateMachine (ArithmeticStateMachine.java:applyTransaction(183)) - FOLLOWER:s0-17: pi_1 = (a1^2 / t0) = 2.914213562373095
2024-09-29 22:54:23,499 INFO  statemachine.StateMachine (ArithmeticStateMachine.java:applyTransaction(181)) - LEADER:s1-19: a2 = ((a1 + b1) / 2) = 0.8472249029234942
2024-09-29 22:54:23,500 DEBUG statemachine.StateMachine (ArithmeticStateMachine.java:applyTransaction(183)) - FOLLOWER:s2-19: a2 = ((a1 + b1) / 2) = 0.8472249029234942
2024-09-29 22:54:23,500 DEBUG statemachine.StateMachine (ArithmeticStateMachine.java:applyTransaction(183)) - FOLLOWER:s0-19: a2 = ((a1 + b1) / 2) = 0.8472249029234942
2024-09-29 22:54:23,501 INFO  statemachine.StateMachine (ArithmeticStateMachine.java:applyTransaction(181)) - LEADER:s1-21: b2 = (a1 * b1) = 0.8472012667468914
2024-09-29 22:54:23,501 DEBUG statemachine.StateMachine (ArithmeticStateMachine.java:applyTransaction(183)) - FOLLOWER:s2-21: b2 = (a1 * b1) = 0.8472012667468914
2024-09-29 22:54:23,502 DEBUG statemachine.StateMachine (ArithmeticStateMachine.java:applyTransaction(183)) - FOLLOWER:s0-21: b2 = (a1 * b1) = 0.8472012667468914
2024-09-29 22:54:23,503 INFO  statemachine.StateMachine (ArithmeticStateMachine.java:applyTransaction(181)) - LEADER:s1-23: t2 = (t1 - (p1 * (a1 - a2)^2)) = 0.22847329108090064
2024-09-29 22:54:23,504 DEBUG statemachine.StateMachine (ArithmeticStateMachine.java:applyTransaction(183)) - FOLLOWER:s2-23: t2 = (t1 - (p1 * (a1 - a2)^2)) = 0.22847329108090064
2024-09-29 22:54:23,504 DEBUG statemachine.StateMachine (ArithmeticStateMachine.java:applyTransaction(183)) - FOLLOWER:s0-23: t2 = (t1 - (p1 * (a1 - a2)^2)) = 0.22847329108090064
2024-09-29 22:54:23,505 INFO  statemachine.StateMachine (ArithmeticStateMachine.java:applyTransaction(181)) - LEADER:s1-25: p2 = (2 * p1) = 4
2024-09-29 22:54:23,506 DEBUG statemachine.StateMachine (ArithmeticStateMachine.java:applyTransaction(183)) - FOLLOWER:s0-25: p2 = (2 * p1) = 4
2024-09-29 22:54:23,506 DEBUG statemachine.StateMachine (ArithmeticStateMachine.java:applyTransaction(183)) - FOLLOWER:s2-25: p2 = (2 * p1) = 4
2024-09-29 22:54:23,507 INFO  statemachine.StateMachine (ArithmeticStateMachine.java:applyTransaction(181)) - LEADER:s1-27: pi_2 = (a2^2 / t1) = 3.1405792505221686
2024-09-29 22:54:23,507 INFO  examples.ParameterizedBaseTest (TestArithmetic.java:runGaussLegendre(123)) - pi_2 = 3.1405792505221686, converged? false
2024-09-29 22:54:23,507 DEBUG statemachine.StateMachine (ArithmeticStateMachine.java:applyTransaction(183)) - FOLLOWER:s0-27: pi_2 = (a2^2 / t1) = 3.1405792505221686
2024-09-29 22:54:23,508 DEBUG statemachine.StateMachine (ArithmeticStateMachine.java:applyTransaction(183)) - FOLLOWER:s2-27: pi_2 = (a2^2 / t1) = 3.1405792505221686
2024-09-29 22:54:23,509 INFO  statemachine.StateMachine (ArithmeticStateMachine.java:applyTransaction(181)) - LEADER:s1-29: a3 = ((a2 + b2) / 2) = 0.8472130848351929
2024-09-29 22:54:23,509 DEBUG statemachine.StateMachine (ArithmeticStateMachine.java:applyTransaction(183)) - FOLLOWER:s2-29: a3 = ((a2 + b2) / 2) = 0.8472130848351929
2024-09-29 22:54:23,509 DEBUG statemachine.StateMachine (ArithmeticStateMachine.java:applyTransaction(183)) - FOLLOWER:s0-29: a3 = ((a2 + b2) / 2) = 0.8472130848351929
2024-09-29 22:54:23,510 INFO  statemachine.StateMachine (ArithmeticStateMachine.java:applyTransaction(181)) - LEADER:s1-31: b3 = (a2 * b2) = 0.8472130847527654
2024-09-29 22:54:23,511 DEBUG statemachine.StateMachine (ArithmeticStateMachine.java:applyTransaction(183)) - FOLLOWER:s0-31: b3 = (a2 * b2) = 0.8472130847527654
2024-09-29 22:54:23,511 DEBUG statemachine.StateMachine (ArithmeticStateMachine.java:applyTransaction(183)) - FOLLOWER:s2-31: b3 = (a2 * b2) = 0.8472130847527654
2024-09-29 22:54:23,512 INFO  statemachine.StateMachine (ArithmeticStateMachine.java:applyTransaction(181)) - LEADER:s1-33: t3 = (t2 - (p2 * (a2 - a3)^2)) = 0.2284732905222318
2024-09-29 22:54:23,513 DEBUG statemachine.StateMachine (ArithmeticStateMachine.java:applyTransaction(183)) - FOLLOWER:s0-33: t3 = (t2 - (p2 * (a2 - a3)^2)) = 0.2284732905222318
2024-09-29 22:54:23,513 DEBUG statemachine.StateMachine (ArithmeticStateMachine.java:applyTransaction(183)) - FOLLOWER:s2-33: t3 = (t2 - (p2 * (a2 - a3)^2)) = 0.2284732905222318
2024-09-29 22:54:23,514 INFO  statemachine.StateMachine (ArithmeticStateMachine.java:applyTransaction(181)) - LEADER:s1-35: p3 = (2 * p2) = 8
2024-09-29 22:54:23,514 DEBUG statemachine.StateMachine (ArithmeticStateMachine.java:applyTransaction(183)) - FOLLOWER:s2-35: p3 = (2 * p2) = 8
2024-09-29 22:54:23,515 DEBUG statemachine.StateMachine (ArithmeticStateMachine.java:applyTransaction(183)) - FOLLOWER:s0-35: p3 = (2 * p2) = 8
2024-09-29 22:54:23,515 INFO  statemachine.StateMachine (ArithmeticStateMachine.java:applyTransaction(181)) - LEADER:s1-37: pi_3 = (a3^2 / t2) = 3.141592646213543
2024-09-29 22:54:23,516 INFO  examples.ParameterizedBaseTest (TestArithmetic.java:runGaussLegendre(123)) - pi_3 = 3.141592646213543, converged? false
2024-09-29 22:54:23,516 DEBUG statemachine.StateMachine (ArithmeticStateMachine.java:applyTransaction(183)) - FOLLOWER:s0-37: pi_3 = (a3^2 / t2) = 3.141592646213543
2024-09-29 22:54:23,517 DEBUG statemachine.StateMachine (ArithmeticStateMachine.java:applyTransaction(183)) - FOLLOWER:s2-37: pi_3 = (a3^2 / t2) = 3.141592646213543
2024-09-29 22:54:23,517 INFO  statemachine.StateMachine (ArithmeticStateMachine.java:applyTransaction(181)) - LEADER:s1-39: a4 = ((a3 + b3) / 2) = 0.8472130847939792
2024-09-29 22:54:23,518 DEBUG statemachine.StateMachine (ArithmeticStateMachine.java:applyTransaction(183)) - FOLLOWER:s0-39: a4 = ((a3 + b3) / 2) = 0.8472130847939792
2024-09-29 22:54:23,519 DEBUG statemachine.StateMachine (ArithmeticStateMachine.java:applyTransaction(183)) - FOLLOWER:s2-39: a4 = ((a3 + b3) / 2) = 0.8472130847939792
2024-09-29 22:54:23,519 INFO  statemachine.StateMachine (ArithmeticStateMachine.java:applyTransaction(181)) - LEADER:s1-41: b4 = (a3 * b3) = 0.847213084793979
2024-09-29 22:54:23,520 DEBUG statemachine.StateMachine (ArithmeticStateMachine.java:applyTransaction(183)) - FOLLOWER:s0-41: b4 = (a3 * b3) = 0.847213084793979
2024-09-29 22:54:23,520 DEBUG statemachine.StateMachine (ArithmeticStateMachine.java:applyTransaction(183)) - FOLLOWER:s2-41: b4 = (a3 * b3) = 0.847213084793979
2024-09-29 22:54:23,521 INFO  statemachine.StateMachine (ArithmeticStateMachine.java:applyTransaction(181)) - LEADER:s1-43: t4 = (t3 - (p3 * (a3 - a4)^2)) = 0.2284732905222318
2024-09-29 22:54:23,521 DEBUG statemachine.StateMachine (ArithmeticStateMachine.java:applyTransaction(183)) - FOLLOWER:s2-43: t4 = (t3 - (p3 * (a3 - a4)^2)) = 0.2284732905222318
2024-09-29 22:54:23,521 DEBUG statemachine.StateMachine (ArithmeticStateMachine.java:applyTransaction(183)) - FOLLOWER:s0-43: t4 = (t3 - (p3 * (a3 - a4)^2)) = 0.2284732905222318
2024-09-29 22:54:23,523 INFO  statemachine.StateMachine (ArithmeticStateMachine.java:applyTransaction(181)) - LEADER:s1-45: p4 = (2 * p3) = 16
2024-09-29 22:54:23,523 DEBUG statemachine.StateMachine (ArithmeticStateMachine.java:applyTransaction(183)) - FOLLOWER:s2-45: p4 = (2 * p3) = 16
2024-09-29 22:54:23,523 DEBUG statemachine.StateMachine (ArithmeticStateMachine.java:applyTransaction(183)) - FOLLOWER:s0-45: p4 = (2 * p3) = 16
2024-09-29 22:54:23,524 INFO  statemachine.StateMachine (ArithmeticStateMachine.java:applyTransaction(181)) - LEADER:s1-47: pi_4 = (a4^2 / t3) = 3.141592653589794
2024-09-29 22:54:23,525 INFO  examples.ParameterizedBaseTest (TestArithmetic.java:runGaussLegendre(123)) - pi_4 = 3.141592653589794, converged? false
2024-09-29 22:54:23,525 DEBUG statemachine.StateMachine (ArithmeticStateMachine.java:applyTransaction(183)) - FOLLOWER:s0-47: pi_4 = (a4^2 / t3) = 3.141592653589794
2024-09-29 22:54:23,525 DEBUG statemachine.StateMachine (ArithmeticStateMachine.java:applyTransaction(183)) - FOLLOWER:s2-47: pi_4 = (a4^2 / t3) = 3.141592653589794
2024-09-29 22:54:23,530 TRACE util.FileUtils (LogUtils.java:supplyAndLog(69)) - Successfully supplied Files.newInputStream /home/runner/work/ratis/ratis/ratis-examples/target/test/data/5f617ff2/MiniRaftClusterWithSimulatedRpcee8ad438/s1/99c8524a-4f20-4083-8544-d63aeb44b269/current/log_inprogress_0 with options []: sun.nio.ch.ChannelInputStream@39ad796d
2024-09-29 22:54:23,564 ERROR impl.StateMachineUpdater (StateMachineUpdater.java:run(206)) - s1@group-D63AEB44B269-StateMachineUpdater caught a Throwable.
java.lang.IllegalStateException: Failed to retain: object has already been completely released.
	at org.apache.ratis.util.ReferenceCountedLeakDetector$Impl.retain(ReferenceCountedLeakDetector.java:116)
	at org.apache.ratis.server.raftlog.segmented.SegmentedRaftLog.retainLog(SegmentedRaftLog.java:310)
	at org.apache.ratis.server.impl.StateMachineUpdater.applyLog(StateMachineUpdater.java:244)
	at org.apache.ratis.server.impl.StateMachineUpdater.run(StateMachineUpdater.java:193)
	at java.lang.Thread.run(Thread.java:750)
2024-09-29 22:54:23,564 DEBUG statemachine.StateMachine (ArithmeticStateMachine.java:applyTransaction(183)) - FOLLOWER:s2-49: a5 = ((a4 + b4) / 2) = 0.8472130847939792
2024-09-29 22:54:23,564 DEBUG statemachine.StateMachine (ArithmeticStateMachine.java:applyTransaction(183)) - FOLLOWER:s0-49: a5 = ((a4 + b4) / 2) = 0.8472130847939792
2024-09-29 22:54:23,566 INFO  server.RaftServer$Division (RaftServerImpl.java:lambda$close$1(510)) - s1@group-D63AEB44B269: shutdown
2024-09-29 22:54:23,566 INFO  util.JmxRegister (JmxRegister.java:unregister(74)) - Successfully un-registered JMX Bean with object name Ratis:service=RaftServer,group=group-D63AEB44B269,id=s1
2024-09-29 22:54:23,566 INFO  impl.RoleInfo (RoleInfo.java:shutdownLeaderState(103)) - s1: shutdown s1@group-D63AEB44B269-LeaderStateImpl
2024-09-29 22:54:23,566 INFO  leader.LogAppenderDaemon (LogAppenderDaemon.java:run(85)) - s1@group-D63AEB44B269->s0-LogAppenderDefault-LogAppenderDaemon was interrupted: java.lang.InterruptedException
2024-09-29 22:54:23,566 INFO  impl.PendingRequests (PendingRequests.java:sendNotLeaderResponses(287)) - s1@group-D63AEB44B269-PendingRequests: sendNotLeaderResponses
2024-09-29 22:54:23,566 INFO  leader.LogAppenderDaemon (LogAppenderDaemon.java:run(85)) - s1@group-D63AEB44B269->s2-LogAppenderDefault-LogAppenderDaemon was interrupted: java.lang.InterruptedException
2024-09-29 22:54:23,568 INFO  impl.StateMachineUpdater (StateMachineUpdater.java:stop(141)) - s1@group-D63AEB44B269-StateMachineUpdater: closing ArithmeticStateMachine, lastApplied=(t:1, i:48)
2024-09-29 22:54:23,568 INFO  util.AwaitToRun (AwaitToRun.java:run(49)) - s1@group-D63AEB44B269-cacheEviction-AwaitToRun-AwaitForSignal is interrupted
2024-09-29 22:54:23,568 WARN  server.RaftServer$Division (ServerState.java:close(437)) - s1@group-D63AEB44B269: Failed to close raft log s1@group-D63AEB44B269-SegmentedRaftLog:CLOSED:c50
java.lang.IllegalStateException: Failed to release: object has already been completely released.
	at org.apache.ratis.util.ReferenceCountedLeakDetector$Impl.release(ReferenceCountedLeakDetector.java:130)
	at org.apache.ratis.util.ReferenceCountedLeakDetector$SimpleTracing.release(ReferenceCountedLeakDetector.java:152)
	at java.util.concurrent.ConcurrentHashMap$ValuesView.forEach(ConcurrentHashMap.java:4705)
	at org.apache.ratis.server.raftlog.segmented.LogSegment$EntryCache.clear(LogSegment.java:309)
	at org.apache.ratis.server.raftlog.segmented.LogSegment.evictCache(LogSegment.java:517)
	at org.apache.ratis.server.raftlog.segmented.LogSegment.clear(LogSegment.java:508)
	at org.apache.ratis.server.raftlog.segmented.SegmentedRaftLogCache.close(SegmentedRaftLogCache.java:742)
	at org.apache.ratis.server.raftlog.segmented.SegmentedRaftLog.close(SegmentedRaftLog.java:563)
	at org.apache.ratis.server.impl.ServerState.close(ServerState.java:434)
	at org.apache.ratis.server.impl.RaftServerImpl.lambda$close$1(RaftServerImpl.java:532)
	at org.apache.ratis.util.LifeCycle.lambda$checkStateAndClose$7(LifeCycle.java:306)
	at org.apache.ratis.util.LifeCycle.checkStateAndClose(LifeCycle.java:326)
	at org.apache.ratis.util.LifeCycle.checkStateAndClose(LifeCycle.java:304)
	at org.apache.ratis.server.impl.RaftServerImpl.close(RaftServerImpl.java:509)
	at org.apache.ratis.server.impl.StateMachineUpdater.run(StateMachineUpdater.java:207)
	at java.lang.Thread.run(Thread.java:750)
2024-09-29 22:54:24,338 INFO  impl.FollowerState (FollowerState.java:run(144)) - s0@group-D63AEB44B269-FollowerState: change to CANDIDATE, lastRpcElapsedTime:774041851ns, electionTimeout:553ms
2024-09-29 22:54:24,338 INFO  impl.RoleInfo (RoleInfo.java:shutdownFollowerState(119)) - s0: shutdown s0@group-D63AEB44B269-FollowerState
2024-09-29 22:54:24,339 INFO  server.RaftServer$Division (RaftServerImpl.java:setRole(378)) - s0@group-D63AEB44B269: changes role from  FOLLOWER to CANDIDATE at term 1 for changeToCandidate
2024-09-29 22:54:24,339 INFO  server.RaftServerConfigKeys (ConfUtils.java:logGet(46)) - raft.server.leaderelection.pre-vote = true (default)
2024-09-29 22:54:24,339 INFO  impl.RoleInfo (RoleInfo.java:updateAndGet(148)) - s0: start s0@group-D63AEB44B269-LeaderElection10
2024-09-29 22:54:24,339 INFO  server.RaftServer$Division (ServerState.java:setLeader(272)) - s0@group-D63AEB44B269: change Leader from s1 to null at term 1 for PRE_VOTE
2024-09-29 22:54:24,339 INFO  impl.LeaderElection (LeaderElection.java:askForVotes(325)) - s0@group-D63AEB44B269-LeaderElection10 PRE_VOTE round 0: submit vote requests at term 1 for conf: {index: 0, cur=peers:[s0|localhost:15036, s1|localhost:15040, s2|localhost:15044]|listeners:[], old=null}
2024-09-29 22:54:24,340 INFO  server.RaftServer$Division (RaftServerImpl.java:requestVote(1439)) - s1@group-D63AEB44B269: receive requestVote(PRE_VOTE, s0, group-D63AEB44B269, 1, (t:1, i:50))
2024-09-29 22:54:24,340 INFO  server.RaftServer$Division (RaftServerImpl.java:requestVote(1439)) - s2@group-D63AEB44B269: receive requestVote(PRE_VOTE, s0, group-D63AEB44B269, 1, (t:1, i:50))
2024-09-29 22:54:24,340 INFO  impl.VoteContext (VoteContext.java:log(49)) - s2@group-D63AEB44B269-FOLLOWER: accept PRE_VOTE from s0: our priority 0 <= candidate's priority 0
2024-09-29 22:54:24,340 INFO  impl.LeaderElection (LogUtils.java:infoOrTrace(136)) - s0@group-D63AEB44B269-LeaderElection10 got exception when requesting votes: java.util.concurrent.ExecutionException: org.apache.ratis.protocol.exceptions.ServerNotReadyException: s1@group-D63AEB44B269 is not in [RUNNING]: current state is CLOSED
2024-09-29 22:54:24,341 INFO  server.RaftServer$Division (RaftServerImpl.java:requestVote(1472)) - s2@group-D63AEB44B269 replies to PRE_VOTE vote request: s0<-s2#0:OK-t1. Peer's state: s2@group-D63AEB44B269:t1, leader=s1, voted=s1, raftlog=Memoized:s2@group-D63AEB44B269-SegmentedRaftLog:OPENED:c49:last(t:1, i:50), conf=conf: {index: 0, cur=peers:[s0|localhost:15036, s1|localhost:15040, s2|localhost:15044]|listeners:[], old=null}
2024-09-29 22:54:24,341 INFO  impl.LeaderElection (LeaderElection.java:logAndReturn(89)) - s0@group-D63AEB44B269-LeaderElection10: PRE_VOTE PASSED received 1 response(s) and 1 exception(s):
2024-09-29 22:54:24,341 INFO  impl.LeaderElection (LeaderElection.java:logAndReturn(93)) -   Response 0: s0<-s2#0:OK-t1
2024-09-29 22:54:24,341 INFO  impl.LeaderElection (LogUtils.java:infoOrTrace(136)) -   Exception 1: java.util.concurrent.ExecutionException: org.apache.ratis.protocol.exceptions.ServerNotReadyException: s1@group-D63AEB44B269 is not in [RUNNING]: current state is CLOSED
2024-09-29 22:54:24,341 INFO  impl.LeaderElection (LeaderElection.java:askForVotes(327)) - s0@group-D63AEB44B269-LeaderElection10 PRE_VOTE round 0: result PASSED
2024-09-29 22:54:24,341 TRACE util.FileUtils (LogUtils.java:supplyAndLog(69)) - Successfully supplied FileChannel.open /home/runner/work/ratis/ratis/ratis-examples/target/test/data/5f617ff2/MiniRaftClusterWithSimulatedRpcee8ad438/s0/99c8524a-4f20-4083-8544-d63aeb44b269/current/raft-meta.tmp with options [CREATE, WRITE]: sun.nio.ch.FileChannelImpl@59348c11
2024-09-29 22:54:24,342 TRACE util.FileUtils (LogUtils.java:runAndLog(49)) - Successfully ran Atomic Files.move /home/runner/work/ratis/ratis/ratis-examples/target/test/data/5f617ff2/MiniRaftClusterWithSimulatedRpcee8ad438/s0/99c8524a-4f20-4083-8544-d63aeb44b269/current/raft-meta.tmp to /home/runner/work/ratis/ratis/ratis-examples/target/test/data/5f617ff2/MiniRaftClusterWithSimulatedRpcee8ad438/s0/99c8524a-4f20-4083-8544-d63aeb44b269/current/raft-meta with options [REPLACE_EXISTING]
2024-09-29 22:54:24,342 INFO  impl.LeaderElection (LeaderElection.java:askForVotes(325)) - s0@group-D63AEB44B269-LeaderElection10 ELECTION round 0: submit vote requests at term 2 for conf: {index: 0, cur=peers:[s0|localhost:15036, s1|localhost:15040, s2|localhost:15044]|listeners:[], old=null}
2024-09-29 22:54:24,343 INFO  server.RaftServer$Division (RaftServerImpl.java:requestVote(1439)) - s1@group-D63AEB44B269: receive requestVote(ELECTION, s0, group-D63AEB44B269, 2, (t:1, i:50))
2024-09-29 22:54:24,343 INFO  server.RaftServer$Division (RaftServerImpl.java:requestVote(1439)) - s2@group-D63AEB44B269: receive requestVote(ELECTION, s0, group-D63AEB44B269, 2, (t:1, i:50))
2024-09-29 22:54:24,343 INFO  impl.LeaderElection (LogUtils.java:infoOrTrace(136)) - s0@group-D63AEB44B269-LeaderElection10 got exception when requesting votes: java.util.concurrent.ExecutionException: org.apache.ratis.protocol.exceptions.ServerNotReadyException: s1@group-D63AEB44B269 is not in [RUNNING]: current state is CLOSED
2024-09-29 22:54:24,343 INFO  impl.VoteContext (VoteContext.java:log(49)) - s2@group-D63AEB44B269-FOLLOWER: accept ELECTION from s0: our priority 0 <= candidate's priority 0
2024-09-29 22:54:24,343 INFO  server.RaftServer$Division (RaftServerImpl.java:setRole(378)) - s2@group-D63AEB44B269: changes role from  FOLLOWER to FOLLOWER at term 1 for candidate:s0
2024-09-29 22:54:24,343 INFO  impl.RoleInfo (RoleInfo.java:shutdownFollowerState(119)) - s2: shutdown s2@group-D63AEB44B269-FollowerState
2024-09-29 22:54:24,343 INFO  server.RaftServer$Division (ServerState.java:setLeader(272)) - s2@group-D63AEB44B269: change Leader from s1 to null at term 2 for updateCurrentTerm
2024-09-29 22:54:24,343 INFO  impl.FollowerState (FollowerState.java:run(153)) - s2@group-D63AEB44B269-FollowerState was interrupted
2024-09-29 22:54:24,343 INFO  impl.RoleInfo (RoleInfo.java:updateAndGet(148)) - s2: start s2@group-D63AEB44B269-FollowerState
2024-09-29 22:54:24,344 TRACE util.FileUtils (LogUtils.java:supplyAndLog(69)) - Successfully supplied FileChannel.open /home/runner/work/ratis/ratis/ratis-examples/target/test/data/5f617ff2/MiniRaftClusterWithSimulatedRpcee8ad438/s2/99c8524a-4f20-4083-8544-d63aeb44b269/current/raft-meta.tmp with options [CREATE, WRITE]: sun.nio.ch.FileChannelImpl@6a475b3
2024-09-29 22:54:24,345 TRACE util.FileUtils (LogUtils.java:runAndLog(49)) - Successfully ran Atomic Files.move /home/runner/work/ratis/ratis/ratis-examples/target/test/data/5f617ff2/MiniRaftClusterWithSimulatedRpcee8ad438/s2/99c8524a-4f20-4083-8544-d63aeb44b269/current/raft-meta.tmp to /home/runner/work/ratis/ratis/ratis-examples/target/test/data/5f617ff2/MiniRaftClusterWithSimulatedRpcee8ad438/s2/99c8524a-4f20-4083-8544-d63aeb44b269/current/raft-meta with options [REPLACE_EXISTING]
2024-09-29 22:54:24,345 INFO  server.RaftServer$Division (RaftServerImpl.java:requestVote(1472)) - s2@group-D63AEB44B269 replies to ELECTION vote request: s0<-s2#0:OK-t2. Peer's state: s2@group-D63AEB44B269:t2, leader=null, voted=s0, raftlog=Memoized:s2@group-D63AEB44B269-SegmentedRaftLog:OPENED:c49:last(t:1, i:50), conf=conf: {index: 0, cur=peers:[s0|localhost:15036, s1|localhost:15040, s2|localhost:15044]|listeners:[], old=null}
2024-09-29 22:54:24,345 INFO  impl.LeaderElection (LeaderElection.java:logAndReturn(89)) - s0@group-D63AEB44B269-LeaderElection10: ELECTION PASSED received 1 response(s) and 1 exception(s):
2024-09-29 22:54:24,345 INFO  impl.LeaderElection (LeaderElection.java:logAndReturn(93)) -   Response 0: s0<-s2#0:OK-t2
2024-09-29 22:54:24,345 INFO  impl.LeaderElection (LogUtils.java:infoOrTrace(136)) -   Exception 1: java.util.concurrent.ExecutionException: org.apache.ratis.protocol.exceptions.ServerNotReadyException: s1@group-D63AEB44B269 is not in [RUNNING]: current state is CLOSED
2024-09-29 22:54:24,345 INFO  impl.LeaderElection (LeaderElection.java:askForVotes(327)) - s0@group-D63AEB44B269-LeaderElection10 ELECTION round 0: result PASSED
2024-09-29 22:54:24,345 INFO  impl.RoleInfo (RoleInfo.java:shutdownLeaderElection(139)) - s0: shutdown s0@group-D63AEB44B269-LeaderElection10
2024-09-29 22:54:24,345 INFO  server.RaftServer$Division (RaftServerImpl.java:setRole(378)) - s0@group-D63AEB44B269: changes role from CANDIDATE to LEADER at term 2 for changeToLeader
2024-09-29 22:54:24,345 INFO  server.RaftServerConfigKeys (ConfUtils.java:logGet(46)) - raft.server.staging.catchup.gap = 1000 (default)
2024-09-29 22:54:24,346 INFO  server.RaftServerConfigKeys (ConfUtils.java:logGet(46)) - raft.server.write.element-limit = 4096 (default)
2024-09-29 22:54:24,346 INFO  server.RaftServerConfigKeys (ConfUtils.java:logGet(46)) - raft.server.write.byte-limit = 64MB (=67108864) (default)
2024-09-29 22:54:24,346 INFO  server.RaftServerConfigKeys (ConfUtils.java:logGet(46)) - raft.server.watch.timeout = 10s (default)
2024-09-29 22:54:24,346 INFO  server.RaftServerConfigKeys (ConfUtils.java:logGet(46)) - raft.server.watch.timeout.denomination = 1s (default)
2024-09-29 22:54:24,346 INFO  server.RaftServerConfigKeys (ConfUtils.java:logGet(46)) - raft.server.watch.element-limit = 65536 (default)
2024-09-29 22:54:24,346 INFO  server.RaftServerConfigKeys (ConfUtils.java:logGet(46)) - raft.server.read.leader.lease.enabled = false (default)
2024-09-29 22:54:24,346 INFO  server.RaftServerConfigKeys (ConfUtils.java:logGet(46)) - raft.server.read.leader.lease.timeout.ratio = 0.9 (default)
2024-09-29 22:54:24,346 INFO  server.RaftServerConfigKeys (ConfUtils.java:logGet(46)) - raft.server.rpc.timeout.min = 300ms (custom)
2024-09-29 22:54:24,346 INFO  server.RaftServerConfigKeys (ConfUtils.java:logGet(46)) - raft.server.log.log-metadata.enabled = true (default)
2024-09-29 22:54:24,346 INFO  server.RaftServerConfigKeys (ConfUtils.java:logGet(46)) - raft.server.write.element-limit = 4096 (default)
2024-09-29 22:54:24,347 INFO  server.RaftServerConfigKeys (ConfUtils.java:logGet(46)) - raft.server.write.follower.gap.ratio.max = -1.0 (default)
2024-09-29 22:54:24,347 INFO  server.RaftServerConfigKeys (ConfUtils.java:logGet(46)) - raft.server.log.appender.snapshot.chunk.size.max = 16MB (=16777216) (default)
2024-09-29 22:54:24,347 INFO  server.RaftServerConfigKeys (ConfUtils.java:logGet(46)) - raft.server.log.appender.buffer.byte-limit = 4MB (=4194304) (default)
2024-09-29 22:54:24,347 INFO  server.RaftServerConfigKeys (ConfUtils.java:logGet(46)) - raft.server.log.appender.buffer.element-limit = 0 (default)
2024-09-29 22:54:24,347 INFO  server.RaftServerConfigKeys (ConfUtils.java:logGet(46)) - raft.server.log.appender.wait-time.min = 1ms (default)
2024-09-29 22:54:24,347 INFO  server.RaftServerConfigKeys (ConfUtils.java:logGet(46)) - raft.server.log.appender.snapshot.chunk.size.max = 16MB (=16777216) (default)
2024-09-29 22:54:24,347 INFO  server.RaftServerConfigKeys (ConfUtils.java:logGet(46)) - raft.server.log.appender.buffer.byte-limit = 4MB (=4194304) (default)
2024-09-29 22:54:24,347 INFO  server.RaftServerConfigKeys (ConfUtils.java:logGet(46)) - raft.server.log.appender.buffer.element-limit = 0 (default)
2024-09-29 22:54:24,348 INFO  server.RaftServerConfigKeys (ConfUtils.java:logGet(46)) - raft.server.log.appender.wait-time.min = 1ms (default)
2024-09-29 22:54:24,348 INFO  impl.RoleInfo (RoleInfo.java:updateAndGet(148)) - s0: start s0@group-D63AEB44B269-LeaderStateImpl
2024-09-29 22:54:24,348 INFO  server.RaftServer$Division (ServerState.java:setLeader(272)) - s0@group-D63AEB44B269: change Leader from null to s0 at term 2 for becomeLeader, leader elected after 8ms
2024-09-29 22:54:24,348 INFO  segmented.SegmentedRaftLogWorker (SegmentedRaftLogWorker.java:rollLogSegment(443)) - s0@group-D63AEB44B269-SegmentedRaftLogWorker: Rolling segment log-0_50 to index:50
2024-09-29 22:54:24,349 INFO  server.RaftServer$Division (ServerState.java:setRaftConf(386)) - s0@group-D63AEB44B269: set configuration conf: {index: 51, cur=peers:[s0|localhost:15036, s1|localhost:15040, s2|localhost:15044]|listeners:[], old=null}
2024-09-29 22:54:24,349 INFO  server.RaftServer$Division (ServerState.java:setLeader(272)) - s2@group-D63AEB44B269: change Leader from null to s0 at term 2 for appendEntries, leader elected after 6ms
2024-09-29 22:54:24,350 TRACE util.FileUtils (LogUtils.java:runAndLog(49)) - Successfully ran Atomic Files.move /home/runner/work/ratis/ratis/ratis-examples/target/test/data/5f617ff2/MiniRaftClusterWithSimulatedRpcee8ad438/s0/99c8524a-4f20-4083-8544-d63aeb44b269/current/log_inprogress_0 to /home/runner/work/ratis/ratis/ratis-examples/target/test/data/5f617ff2/MiniRaftClusterWithSimulatedRpcee8ad438/s0/99c8524a-4f20-4083-8544-d63aeb44b269/current/log_0-50
2024-09-29 22:54:24,350 INFO  segmented.SegmentedRaftLogWorker (SegmentedRaftLogWorker.java:execute(617)) - s0@group-D63AEB44B269-SegmentedRaftLogWorker: Rolled log segment from /home/runner/work/ratis/ratis/ratis-examples/target/test/data/5f617ff2/MiniRaftClusterWithSimulatedRpcee8ad438/s0/99c8524a-4f20-4083-8544-d63aeb44b269/current/log_inprogress_0 to /home/runner/work/ratis/ratis/ratis-examples/target/test/data/5f617ff2/MiniRaftClusterWithSimulatedRpcee8ad438/s0/99c8524a-4f20-4083-8544-d63aeb44b269/current/log_0-50
2024-09-29 22:54:24,350 INFO  server.RaftServer$Division (ServerState.java:setRaftConf(386)) - s2@group-D63AEB44B269: set configuration conf: {index: 51, cur=peers:[s0|localhost:15036, s1|localhost:15040, s2|localhost:15044]|listeners:[], old=null}
2024-09-29 22:54:24,350 INFO  segmented.BufferedWriteChannel (BufferedWriteChannel.java:open(61)) - open log_inprogress_51 at position 0
2024-09-29 22:54:24,350 INFO  segmented.SegmentedRaftLogWorker (SegmentedRaftLogWorker.java:rollLogSegment(443)) - s2@group-D63AEB44B269-SegmentedRaftLogWorker: Rolling segment log-0_50 to index:50
2024-09-29 22:54:24,352 ERROR server.RaftServer$Division (RaftServerImpl.java:appendEntriesAsync(1510)) - s1@group-D63AEB44B269: Failed appendEntries* s0->s1#796-t2,previous=(t:1, i:50),leaderCommit=49,initializing? false,HEARTBEAT
org.apache.ratis.protocol.exceptions.ServerNotReadyException: s1@group-D63AEB44B269 is not in [STARTING, RUNNING]: current state is CLOSED
	at org.apache.ratis.server.impl.RaftServerImpl.lambda$assertLifeCycleState$7(RaftServerImpl.java:783)
	at org.apache.ratis.util.LifeCycle.assertCurrentState(LifeCycle.java:260)
	at org.apache.ratis.server.impl.RaftServerImpl.assertLifeCycleState(RaftServerImpl.java:782)
	at org.apache.ratis.server.impl.RaftServerImpl.appendEntriesAsync(RaftServerImpl.java:1501)
	at org.apache.ratis.server.impl.RaftServerImpl.appendEntries(RaftServerImpl.java:1483)
	at org.apache.ratis.server.impl.RaftServerProxy.appendEntries(RaftServerProxy.java:670)
	at org.apache.ratis.server.simulation.SimulatedServerRpc$1.handleRequest(SimulatedServerRpc.java:163)
	at org.apache.ratis.server.simulation.SimulatedServerRpc$1.handleRequest(SimulatedServerRpc.java:153)
	at org.apache.ratis.server.simulation.RequestHandler.handleRequest(RequestHandler.java:91)
	at org.apache.ratis.server.simulation.RequestHandler$HandlerDaemon.run(RequestHandler.java:125)
2024-09-29 22:54:24,352 TRACE util.FileUtils (LogUtils.java:runAndLog(49)) - Successfully ran Atomic Files.move /home/runner/work/ratis/ratis/ratis-examples/target/test/data/5f617ff2/MiniRaftClusterWithSimulatedRpcee8ad438/s2/99c8524a-4f20-4083-8544-d63aeb44b269/current/log_inprogress_0 to /home/runner/work/ratis/ratis/ratis-examples/target/test/data/5f617ff2/MiniRaftClusterWithSimulatedRpcee8ad438/s2/99c8524a-4f20-4083-8544-d63aeb44b269/current/log_0-50
2024-09-29 22:54:24,352 INFO  segmented.SegmentedRaftLogWorker (SegmentedRaftLogWorker.java:execute(617)) - s2@group-D63AEB44B269-SegmentedRaftLogWorker: Rolled log segment from /home/runner/work/ratis/ratis/ratis-examples/target/test/data/5f617ff2/MiniRaftClusterWithSimulatedRpcee8ad438/s2/99c8524a-4f20-4083-8544-d63aeb44b269/current/log_inprogress_0 to /home/runner/work/ratis/ratis/ratis-examples/target/test/data/5f617ff2/MiniRaftClusterWithSimulatedRpcee8ad438/s2/99c8524a-4f20-4083-8544-d63aeb44b269/current/log_0-50
2024-09-29 22:54:24,352 WARN  leader.LogAppender (LogAppenderDefault.java:sendAppendEntriesWithRetries(94)) - s0@group-D63AEB44B269->s1-LogAppenderDefault: Failed to appendEntries (retry=1)
org.apache.ratis.protocol.exceptions.ServerNotReadyException: s1@group-D63AEB44B269 is not in [STARTING, RUNNING]: current state is CLOSED
	at org.apache.ratis.server.impl.RaftServerImpl.lambda$assertLifeCycleState$7(RaftServerImpl.java:783)
	at org.apache.ratis.util.LifeCycle.assertCurrentState(LifeCycle.java:260)
	at org.apache.ratis.server.impl.RaftServerImpl.assertLifeCycleState(RaftServerImpl.java:782)
	at org.apache.ratis.server.impl.RaftServerImpl.appendEntriesAsync(RaftServerImpl.java:1501)
	at org.apache.ratis.server.impl.RaftServerImpl.appendEntries(RaftServerImpl.java:1483)
	at org.apache.ratis.server.impl.RaftServerProxy.appendEntries(RaftServerProxy.java:670)
	at org.apache.ratis.server.simulation.SimulatedServerRpc$1.handleRequest(SimulatedServerRpc.java:163)
	at org.apache.ratis.server.simulation.SimulatedServerRpc$1.handleRequest(SimulatedServerRpc.java:153)
	at org.apache.ratis.server.simulation.RequestHandler.handleRequest(RequestHandler.java:91)
	at org.apache.ratis.server.simulation.RequestHandler$HandlerDaemon.run(RequestHandler.java:125)
2024-09-29 22:54:24,352 INFO  segmented.BufferedWriteChannel (BufferedWriteChannel.java:open(61)) - open log_inprogress_51 at position 0
2024-09-29 22:54:24,363 INFO  segmented.SegmentedRaftLogWorker (SegmentedRaftLogWorker.java:execute(660)) - s0@group-D63AEB44B269-SegmentedRaftLogWorker: created new log segment /home/runner/work/ratis/ratis/ratis-examples/target/test/data/5f617ff2/MiniRaftClusterWithSimulatedRpcee8ad438/s0/99c8524a-4f20-4083-8544-d63aeb44b269/current/log_inprogress_51
2024-09-29 22:54:24,364 INFO  segmented.SegmentedRaftLogWorker (SegmentedRaftLogWorker.java:execute(660)) - s2@group-D63AEB44B269-SegmentedRaftLogWorker: created new log segment /home/runner/work/ratis/ratis/ratis-examples/target/test/data/5f617ff2/MiniRaftClusterWithSimulatedRpcee8ad438/s2/99c8524a-4f20-4083-8544-d63aeb44b269/current/log_inprogress_51
2024-09-29 22:54:24,365 TRACE util.FileUtils (LogUtils.java:supplyAndLog(69)) - Successfully supplied FileChannel.open /home/runner/work/ratis/ratis/ratis-examples/target/test/data/5f617ff2/MiniRaftClusterWithSimulatedRpcee8ad438/s0/99c8524a-4f20-4083-8544-d63aeb44b269/current/raft-meta.conf.tmp with options [CREATE, WRITE]: sun.nio.ch.FileChannelImpl@70e6cecb
2024-09-29 22:54:24,366 TRACE util.FileUtils (LogUtils.java:supplyAndLog(69)) - Successfully supplied FileChannel.open /home/runner/work/ratis/ratis/ratis-examples/target/test/data/5f617ff2/MiniRaftClusterWithSimulatedRpcee8ad438/s2/99c8524a-4f20-4083-8544-d63aeb44b269/current/raft-meta.conf.tmp with options [CREATE, WRITE]: sun.nio.ch.FileChannelImpl@2449bef3
2024-09-29 22:54:24,366 TRACE util.FileUtils (LogUtils.java:runAndLog(49)) - Successfully ran Atomic Files.move /home/runner/work/ratis/ratis/ratis-examples/target/test/data/5f617ff2/MiniRaftClusterWithSimulatedRpcee8ad438/s0/99c8524a-4f20-4083-8544-d63aeb44b269/current/raft-meta.conf.tmp to /home/runner/work/ratis/ratis/ratis-examples/target/test/data/5f617ff2/MiniRaftClusterWithSimulatedRpcee8ad438/s0/99c8524a-4f20-4083-8544-d63aeb44b269/current/raft-meta.conf with options [REPLACE_EXISTING]
2024-09-29 22:54:24,367 INFO  server.RaftServer$Division (LeaderStateImpl.java:checkStartIndex(317)) - Leader s0@group-D63AEB44B269-LeaderStateImpl is ready since appliedIndex == startIndex == 51
2024-09-29 22:54:24,368 TRACE util.FileUtils (LogUtils.java:runAndLog(49)) - Successfully ran Atomic Files.move /home/runner/work/ratis/ratis/ratis-examples/target/test/data/5f617ff2/MiniRaftClusterWithSimulatedRpcee8ad438/s2/99c8524a-4f20-4083-8544-d63aeb44b269/current/raft-meta.conf.tmp to /home/runner/work/ratis/ratis/ratis-examples/target/test/data/5f617ff2/MiniRaftClusterWithSimulatedRpcee8ad438/s2/99c8524a-4f20-4083-8544-d63aeb44b269/current/raft-meta.conf with options [REPLACE_EXISTING]
2024-09-29 22:54:24,381 ERROR server.RaftServer$Division (RaftServerImpl.java:appendEntriesAsync(1510)) - s1@group-D63AEB44B269: Failed appendEntries* s0->s1#801-t2,previous=(t:1, i:50),leaderCommit=52,initializing? false,entries: size=2, first=(t:2, i:51), CONFIGURATIONENTRY(current:id:"s0"address:"localhost:15036"dataStreamAddress:"localhost:15039"clientAddress:"localhost:15038"adminAddress:"localhost:15037"startupRole:FOLLOWER, id:"s1"address:"localhost:15040"dataStreamAddress:"localhost:15043"clientAddress:"localhost:15042"adminAddress:"localhost:15041"startupRole:FOLLOWER, id:"s2"address:"localhost:15044"dataStreamAddress:"localhost:15047"clientAddress:"localhost:15046"adminAddress:"localhost:15045"startupRole:FOLLOWER, old:)
org.apache.ratis.protocol.exceptions.ServerNotReadyException: s1@group-D63AEB44B269 is not in [STARTING, RUNNING]: current state is CLOSED
	at org.apache.ratis.server.impl.RaftServerImpl.lambda$assertLifeCycleState$7(RaftServerImpl.java:783)
	at org.apache.ratis.util.LifeCycle.assertCurrentState(LifeCycle.java:260)
	at org.apache.ratis.server.impl.RaftServerImpl.assertLifeCycleState(RaftServerImpl.java:782)
	at org.apache.ratis.server.impl.RaftServerImpl.appendEntriesAsync(RaftServerImpl.java:1501)
	at org.apache.ratis.server.impl.RaftServerImpl.appendEntries(RaftServerImpl.java:1483)
	at org.apache.ratis.server.impl.RaftServerProxy.appendEntries(RaftServerProxy.java:670)
	at org.apache.ratis.server.simulation.SimulatedServerRpc$1.handleRequest(SimulatedServerRpc.java:163)
	at org.apache.ratis.server.simulation.SimulatedServerRpc$1.handleRequest(SimulatedServerRpc.java:153)
	at org.apache.ratis.server.simulation.RequestHandler.handleRequest(RequestHandler.java:91)
	at org.apache.ratis.server.simulation.RequestHandler$HandlerDaemon.run(RequestHandler.java:125)
2024-09-29 22:54:24,407 ERROR server.RaftServer$Division (RaftServerImpl.java:appendEntriesAsync(1510)) - s1@group-D63AEB44B269: Failed appendEntries* s0->s1#801-t2,previous=(t:1, i:50),leaderCommit=52,initializing? false,entries: size=2, first=(t:2, i:51), CONFIGURATIONENTRY(current:id:"s0"address:"localhost:15036"dataStreamAddress:"localhost:15039"clientAddress:"localhost:15038"adminAddress:"localhost:15037"startupRole:FOLLOWER, id:"s1"address:"localhost:15040"dataStreamAddress:"localhost:15043"clientAddress:"localhost:15042"adminAddress:"localhost:15041"startupRole:FOLLOWER, id:"s2"address:"localhost:15044"dataStreamAddress:"localhost:15047"clientAddress:"localhost:15046"adminAddress:"localhost:15045"startupRole:FOLLOWER, old:)
org.apache.ratis.protocol.exceptions.ServerNotReadyException: s1@group-D63AEB44B269 is not in [STARTING, RUNNING]: current state is CLOSED
	at org.apache.ratis.server.impl.RaftServerImpl.lambda$assertLifeCycleState$7(RaftServerImpl.java:783)
	at org.apache.ratis.util.LifeCycle.assertCurrentState(LifeCycle.java:260)
	at org.apache.ratis.server.impl.RaftServerImpl.assertLifeCycleState(RaftServerImpl.java:782)
	at org.apache.ratis.server.impl.RaftServerImpl.appendEntriesAsync(RaftServerImpl.java:1501)
	at org.apache.ratis.server.impl.RaftServerImpl.appendEntries(RaftServerImpl.java:1483)
	at org.apache.ratis.server.impl.RaftServerProxy.appendEntries(RaftServerProxy.java:670)
	at org.apache.ratis.server.simulation.SimulatedServerRpc$1.handleRequest(SimulatedServerRpc.java:163)
	at org.apache.ratis.server.simulation.SimulatedServerRpc$1.handleRequest(SimulatedServerRpc.java:153)
	at org.apache.ratis.server.simulation.RequestHandler.handleRequest(RequestHandler.java:91)
	at org.apache.ratis.server.simulation.RequestHandler$HandlerDaemon.run(RequestHandler.java:125)
2024-09-29 22:54:24,434 ERROR server.RaftServer$Division (RaftServerImpl.java:appendEntriesAsync(1510)) - s1@group-D63AEB44B269: Failed appendEntries* s0->s1#801-t2,previous=(t:1, i:50),leaderCommit=52,initializing? false,entries: size=2, first=(t:2, i:51), CONFIGURATIONENTRY(current:id:"s0"address:"localhost:15036"dataStreamAddress:"localhost:15039"clientAddress:"localhost:15038"adminAddress:"localhost:15037"startupRole:FOLLOWER, id:"s1"address:"localhost:15040"dataStreamAddress:"localhost:15043"clientAddress:"localhost:15042"adminAddress:"localhost:15041"startupRole:FOLLOWER, id:"s2"address:"localhost:15044"dataStreamAddress:"localhost:15047"clientAddress:"localhost:15046"adminAddress:"localhost:15045"startupRole:FOLLOWER, old:)
org.apache.ratis.protocol.exceptions.ServerNotReadyException: s1@group-D63AEB44B269 is not in [STARTING, RUNNING]: current state is CLOSED
	at org.apache.ratis.server.impl.RaftServerImpl.lambda$assertLifeCycleState$7(RaftServerImpl.java:783)
	at org.apache.ratis.util.LifeCycle.assertCurrentState(LifeCycle.java:260)
	at org.apache.ratis.server.impl.RaftServerImpl.assertLifeCycleState(RaftServerImpl.java:782)
	at org.apache.ratis.server.impl.RaftServerImpl.appendEntriesAsync(RaftServerImpl.java:1501)
	at org.apache.ratis.server.impl.RaftServerImpl.appendEntries(RaftServerImpl.java:1483)
	at org.apache.ratis.server.impl.RaftServerProxy.appendEntries(RaftServerProxy.java:670)
	at org.apache.ratis.server.simulation.SimulatedServerRpc$1.handleRequest(SimulatedServerRpc.java:163)
	at org.apache.ratis.server.simulation.SimulatedServerRpc$1.handleRequest(SimulatedServerRpc.java:153)
	at org.apache.ratis.server.simulation.RequestHandler.handleRequest(RequestHandler.java:91)
	at org.apache.ratis.server.simulation.RequestHandler$HandlerDaemon.run(RequestHandler.java:125)
2024-09-29 22:54:24,461 ERROR server.RaftServer$Division (RaftServerImpl.java:appendEntriesAsync(1510)) - s1@group-D63AEB44B269: Failed appendEntries* s0->s1#801-t2,previous=(t:1, i:50),leaderCommit=52,initializing? false,entries: size=2, first=(t:2, i:51), CONFIGURATIONENTRY(current:id:"s0"address:"localhost:15036"dataStreamAddress:"localhost:15039"clientAddress:"localhost:15038"adminAddress:"localhost:15037"startupRole:FOLLOWER, id:"s1"address:"localhost:15040"dataStreamAddress:"localhost:15043"clientAddress:"localhost:15042"adminAddress:"localhost:15041"startupRole:FOLLOWER, id:"s2"address:"localhost:15044"dataStreamAddress:"localhost:15047"clientAddress:"localhost:15046"adminAddress:"localhost:15045"startupRole:FOLLOWER, old:)
org.apache.ratis.protocol.exceptions.ServerNotReadyException: s1@group-D63AEB44B269 is not in [STARTING, RUNNING]: current state is CLOSED
	at org.apache.ratis.server.impl.RaftServerImpl.lambda$assertLifeCycleState$7(RaftServerImpl.java:783)
	at org.apache.ratis.util.LifeCycle.assertCurrentState(LifeCycle.java:260)
	at org.apache.ratis.server.impl.RaftServerImpl.assertLifeCycleState(RaftServerImpl.java:782)
	at org.apache.ratis.server.impl.RaftServerImpl.appendEntriesAsync(RaftServerImpl.java:1501)
	at org.apache.ratis.server.impl.RaftServerImpl.appendEntries(RaftServerImpl.java:1483)
	at org.apache.ratis.server.impl.RaftServerProxy.appendEntries(RaftServerProxy.java:670)
	at org.apache.ratis.server.simulation.SimulatedServerRpc$1.handleRequest(SimulatedServerRpc.java:163)
	at org.apache.ratis.server.simulation.SimulatedServerRpc$1.handleRequest(SimulatedServerRpc.java:153)
	at org.apache.ratis.server.simulation.RequestHandler.handleRequest(RequestHandler.java:91)
	at org.apache.ratis.server.simulation.RequestHandler$HandlerDaemon.run(RequestHandler.java:125)
2024-09-29 22:54:24,477 INFO  statemachine.StateMachine (ArithmeticStateMachine.java:applyTransaction(181)) - LEADER:s0-53: b5 = (a4 * b4) = 0.847213084793979
2024-09-29 22:54:24,478 DEBUG statemachine.StateMachine (ArithmeticStateMachine.java:applyTransaction(183)) - FOLLOWER:s2-53: b5 = (a4 * b4) = 0.847213084793979
2024-09-29 22:54:24,479 INFO  statemachine.StateMachine (ArithmeticStateMachine.java:applyTransaction(181)) - LEADER:s0-55: t5 = (t4 - (p4 * (a4 - a5)^2)) = 0.2284732905222318
2024-09-29 22:54:24,479 DEBUG statemachine.StateMachine (ArithmeticStateMachine.java:applyTransaction(183)) - FOLLOWER:s2-55: t5 = (t4 - (p4 * (a4 - a5)^2)) = 0.2284732905222318
2024-09-29 22:54:24,480 INFO  statemachine.StateMachine (ArithmeticStateMachine.java:applyTransaction(181)) - LEADER:s0-57: p5 = (2 * p4) = 32
2024-09-29 22:54:24,481 DEBUG statemachine.StateMachine (ArithmeticStateMachine.java:applyTransaction(183)) - FOLLOWER:s2-57: p5 = (2 * p4) = 32
2024-09-29 22:54:24,482 INFO  statemachine.StateMachine (ArithmeticStateMachine.java:applyTransaction(181)) - LEADER:s0-59: pi_5 = (a5^2 / t4) = 3.141592653589794
2024-09-29 22:54:24,482 INFO  examples.ParameterizedBaseTest (TestArithmetic.java:runGaussLegendre(123)) - pi_5 = 3.141592653589794, converged? true
2024-09-29 22:54:24,483 DEBUG statemachine.StateMachine (ArithmeticStateMachine.java:applyTransaction(183)) - FOLLOWER:s2-59: pi_5 = (a5^2 / t4) = 3.141592653589794
2024-09-29 22:54:24,484 INFO  statemachine.StateMachine (ArithmeticStateMachine.java:applyTransaction(181)) - LEADER:s0-61: a6 = ((a5 + b5) / 2) = 0.8472130847939792
2024-09-29 22:54:24,485 DEBUG statemachine.StateMachine (ArithmeticStateMachine.java:applyTransaction(183)) - FOLLOWER:s2-61: a6 = ((a5 + b5) / 2) = 0.8472130847939792
2024-09-29 22:54:24,485 INFO  statemachine.StateMachine (ArithmeticStateMachine.java:applyTransaction(181)) - LEADER:s0-63: b6 = (a5 * b5) = 0.847213084793979
2024-09-29 22:54:24,486 DEBUG statemachine.StateMachine (ArithmeticStateMachine.java:applyTransaction(183)) - FOLLOWER:s2-63: b6 = (a5 * b5) = 0.847213084793979
2024-09-29 22:54:24,487 ERROR server.RaftServer$Division (RaftServerImpl.java:appendEntriesAsync(1510)) - s1@group-D63AEB44B269: Failed appendEntries* s0->s1#801-t2,previous=(t:1, i:50),leaderCommit=52,initializing? false,entries: size=2, first=(t:2, i:51), CONFIGURATIONENTRY(current:id:"s0"address:"localhost:15036"dataStreamAddress:"localhost:15039"clientAddress:"localhost:15038"adminAddress:"localhost:15037"startupRole:FOLLOWER, id:"s1"address:"localhost:15040"dataStreamAddress:"localhost:15043"clientAddress:"localhost:15042"adminAddress:"localhost:15041"startupRole:FOLLOWER, id:"s2"address:"localhost:15044"dataStreamAddress:"localhost:15047"clientAddress:"localhost:15046"adminAddress:"localhost:15045"startupRole:FOLLOWER, old:)
org.apache.ratis.protocol.exceptions.ServerNotReadyException: s1@group-D63AEB44B269 is not in [STARTING, RUNNING]: current state is CLOSED
	at org.apache.ratis.server.impl.RaftServerImpl.lambda$assertLifeCycleState$7(RaftServerImpl.java:783)
	at org.apache.ratis.util.LifeCycle.assertCurrentState(LifeCycle.java:260)
	at org.apache.ratis.server.impl.RaftServerImpl.assertLifeCycleState(RaftServerImpl.java:782)
	at org.apache.ratis.server.impl.RaftServerImpl.appendEntriesAsync(RaftServerImpl.java:1501)
	at org.apache.ratis.server.impl.RaftServerImpl.appendEntries(RaftServerImpl.java:1483)
	at org.apache.ratis.server.impl.RaftServerProxy.appendEntries(RaftServerProxy.java:670)
	at org.apache.ratis.server.simulation.SimulatedServerRpc$1.handleRequest(SimulatedServerRpc.java:163)
	at org.apache.ratis.server.simulation.SimulatedServerRpc$1.handleRequest(SimulatedServerRpc.java:153)
	at org.apache.ratis.server.simulation.RequestHandler.handleRequest(RequestHandler.java:91)
	at org.apache.ratis.server.simulation.RequestHandler$HandlerDaemon.run(RequestHandler.java:125)
2024-09-29 22:54:24,488 INFO  statemachine.StateMachine (ArithmeticStateMachine.java:applyTransaction(181)) - LEADER:s0-65: t6 = (t5 - (p5 * (a5 - a6)^2)) = 0.2284732905222318
2024-09-29 22:54:24,489 DEBUG statemachine.StateMachine (ArithmeticStateMachine.java:applyTransaction(183)) - FOLLOWER:s2-65: t6 = (t5 - (p5 * (a5 - a6)^2)) = 0.2284732905222318
2024-09-29 22:54:24,490 INFO  statemachine.StateMachine (ArithmeticStateMachine.java:applyTransaction(181)) - LEADER:s0-67: p6 = (2 * p5) = 64
2024-09-29 22:54:24,491 DEBUG statemachine.StateMachine (ArithmeticStateMachine.java:applyTransaction(183)) - FOLLOWER:s2-67: p6 = (2 * p5) = 64
2024-09-29 22:54:24,491 INFO  statemachine.StateMachine (ArithmeticStateMachine.java:applyTransaction(181)) - LEADER:s0-69: pi_6 = (a6^2 / t5) = 3.141592653589794
2024-09-29 22:54:24,492 INFO  examples.ParameterizedBaseTest (TestArithmetic.java:runGaussLegendre(123)) - pi_6 = 3.141592653589794, converged? true
2024-09-29 22:54:24,492 DEBUG statemachine.StateMachine (ArithmeticStateMachine.java:applyTransaction(183)) - FOLLOWER:s2-69: pi_6 = (a6^2 / t5) = 3.141592653589794
2024-09-29 22:54:24,494 INFO  statemachine.StateMachine (ArithmeticStateMachine.java:applyTransaction(181)) - LEADER:s0-71: a7 = ((a6 + b6) / 2) = 0.8472130847939792
2024-09-29 22:54:24,495 DEBUG statemachine.StateMachine (ArithmeticStateMachine.java:applyTransaction(183)) - FOLLOWER:s2-71: a7 = ((a6 + b6) / 2) = 0.8472130847939792
2024-09-29 22:54:24,496 INFO  statemachine.StateMachine (ArithmeticStateMachine.java:applyTransaction(181)) - LEADER:s0-73: b7 = (a6 * b6) = 0.847213084793979
2024-09-29 22:54:24,497 DEBUG statemachine.StateMachine (ArithmeticStateMachine.java:applyTransaction(183)) - FOLLOWER:s2-73: b7 = (a6 * b6) = 0.847213084793979
2024-09-29 22:54:24,498 INFO  statemachine.StateMachine (ArithmeticStateMachine.java:applyTransaction(181)) - LEADER:s0-75: t7 = (t6 - (p6 * (a6 - a7)^2)) = 0.2284732905222318
2024-09-29 22:54:24,499 DEBUG statemachine.StateMachine (ArithmeticStateMachine.java:applyTransaction(183)) - FOLLOWER:s2-75: t7 = (t6 - (p6 * (a6 - a7)^2)) = 0.2284732905222318
2024-09-29 22:54:24,500 INFO  statemachine.StateMachine (ArithmeticStateMachine.java:applyTransaction(181)) - LEADER:s0-77: p7 = (2 * p6) = 128
2024-09-29 22:54:24,503 DEBUG statemachine.StateMachine (ArithmeticStateMachine.java:applyTransaction(183)) - FOLLOWER:s2-77: p7 = (2 * p6) = 128
2024-09-29 22:54:24,505 INFO  statemachine.StateMachine (ArithmeticStateMachine.java:applyTransaction(181)) - LEADER:s0-79: pi_7 = (a7^2 / t6) = 3.141592653589794
2024-09-29 22:54:24,505 INFO  examples.ParameterizedBaseTest (TestArithmetic.java:runGaussLegendre(123)) - pi_7 = 3.141592653589794, converged? true
2024-09-29 22:54:24,505 DEBUG statemachine.StateMachine (ArithmeticStateMachine.java:applyTransaction(183)) - FOLLOWER:s2-79: pi_7 = (a7^2 / t6) = 3.141592653589794
2024-09-29 22:54:24,505 INFO  impl.MiniRaftCluster (MiniRaftCluster.java:shutdown(837)) - ************************************************************** 
2024-09-29 22:54:24,506 INFO  impl.MiniRaftCluster (MiniRaftCluster.java:shutdown(838)) - *** 
2024-09-29 22:54:24,506 INFO  impl.MiniRaftCluster (MiniRaftCluster.java:shutdown(839)) - ***     Stopping MiniRaftClusterWithSimulatedRpc
2024-09-29 22:54:24,506 INFO  impl.MiniRaftCluster (MiniRaftCluster.java:shutdown(840)) - *** 
2024-09-29 22:54:24,506 INFO  impl.MiniRaftCluster (MiniRaftCluster.java:shutdown(841)) - ************************************************************** 
2024-09-29 22:54:24,506 INFO  impl.MiniRaftCluster (MiniRaftCluster.java:shutdown(842)) - printing ALL groups
  s0:  RUNNING    LEADER s0@group-D63AEB44B269:t2, leader=s0, voted=s0, raftlog=Memoized:s0@group-D63AEB44B269-SegmentedRaftLog:OPENED:c80:last(t:2, i:80), conf=conf: {index: 51, cur=peers:[s0|localhost:15036, s1|localhost:15040, s2|localhost:15044]|listeners:[], old=null} RUNNING
  s1:  RUNNING    LEADER s1@group-D63AEB44B269:t1, leader=s1, voted=s1, raftlog=Memoized:s1@group-D63AEB44B269-SegmentedRaftLog:CLOSED:c50, conf=conf: {index: 0, cur=peers:[s0|localhost:15036, s1|localhost:15040, s2|localhost:15044]|listeners:[], old=null} CLOSED
  s2:  RUNNING  FOLLOWER s2@group-D63AEB44B269:t2, leader=s0, voted=s0, raftlog=Memoized:s2@group-D63AEB44B269-SegmentedRaftLog:OPENED:c79:last(t:2, i:80), conf=conf: {index: 51, cur=peers:[s0|localhost:15036, s1|localhost:15040, s2|localhost:15044]|listeners:[], old=null} RUNNING
2024-09-29 22:54:24,507 INFO  server.RaftServer (RaftServerProxy.java:lambda$close$9(418)) - s0: close
2024-09-29 22:54:24,512 INFO  server.RaftServer$Division (RaftServerImpl.java:lambda$close$1(510)) - s0@group-D63AEB44B269: shutdown
2024-09-29 22:54:24,512 INFO  server.RaftServer (RaftServerProxy.java:lambda$close$9(418)) - s2: close
2024-09-29 22:54:24,512 INFO  server.RaftServer (RaftServerProxy.java:lambda$close$9(418)) - s1: close
2024-09-29 22:54:24,512 INFO  simulation.RequestHandler (RequestHandler.java:run(127)) - s2.clientHandler0 is interrupted by java.io.InterruptedIOException: 
2024-09-29 22:54:24,512 INFO  util.JmxRegister (JmxRegister.java:unregister(74)) - Successfully un-registered JMX Bean with object name Ratis:service=RaftServer,group=group-D63AEB44B269,id=s0
2024-09-29 22:54:24,512 INFO  simulation.RequestHandler (RequestHandler.java:run(127)) - s2.clientHandler1 is interrupted by java.io.InterruptedIOException: 
2024-09-29 22:54:24,512 INFO  simulation.RequestHandler (RequestHandler.java:run(127)) - s0.clientHandler2 is interrupted by java.io.InterruptedIOException: 
2024-09-29 22:54:24,513 INFO  simulation.RequestHandler (RequestHandler.java:run(127)) - s2.clientHandler2 is interrupted by java.io.InterruptedIOException: 
2024-09-29 22:54:24,512 INFO  simulation.RequestHandler (RequestHandler.java:run(127)) - s0.clientHandler0 is interrupted by java.io.InterruptedIOException: 
2024-09-29 22:54:24,512 INFO  simulation.RequestHandler (RequestHandler.java:run(127)) - s0.clientHandler1 is interrupted by java.io.InterruptedIOException: 
2024-09-29 22:54:24,512 INFO  impl.RoleInfo (RoleInfo.java:shutdownLeaderState(103)) - s0: shutdown s0@group-D63AEB44B269-LeaderStateImpl
2024-09-29 22:54:24,512 INFO  server.RaftServer$Division (RaftServerImpl.java:lambda$close$1(510)) - s2@group-D63AEB44B269: shutdown
2024-09-29 22:54:24,513 INFO  impl.PendingRequests (PendingRequests.java:sendNotLeaderResponses(287)) - s0@group-D63AEB44B269-PendingRequests: sendNotLeaderResponses
2024-09-29 22:54:24,513 INFO  util.JmxRegister (JmxRegister.java:unregister(74)) - Successfully un-registered JMX Bean with object name Ratis:service=RaftServer,group=group-D63AEB44B269,id=s2
2024-09-29 22:54:24,513 INFO  impl.RoleInfo (RoleInfo.java:shutdownFollowerState(119)) - s2: shutdown s2@group-D63AEB44B269-FollowerState
2024-09-29 22:54:24,513 INFO  impl.StateMachineUpdater (StateMachineUpdater.java:stopAndJoin(164)) - s2@group-D63AEB44B269-StateMachineUpdater: set stopIndex = 79
2024-09-29 22:54:24,513 INFO  impl.FollowerState (FollowerState.java:run(153)) - s2@group-D63AEB44B269-FollowerState was interrupted
2024-09-29 22:54:24,513 INFO  impl.StateMachineUpdater (StateMachineUpdater.java:stop(141)) - s2@group-D63AEB44B269-StateMachineUpdater: closing ArithmeticStateMachine, lastApplied=(t:2, i:79)
2024-09-29 22:54:24,514 INFO  util.AwaitToRun (AwaitToRun.java:run(49)) - s2@group-D63AEB44B269-cacheEviction-AwaitToRun-AwaitForSignal is interrupted
2024-09-29 22:54:24,516 INFO  simulation.RequestHandler (RequestHandler.java:run(127)) - s1.clientHandler0 is interrupted by java.io.InterruptedIOException: 
2024-09-29 22:54:24,516 INFO  simulation.RequestHandler (RequestHandler.java:run(127)) - s2.serverHandler0 is interrupted by java.io.InterruptedIOException: 
2024-09-29 22:54:24,516 INFO  simulation.RequestHandler (RequestHandler.java:run(127)) - s2.serverHandler1 is interrupted by java.io.InterruptedIOException: 
2024-09-29 22:54:24,517 INFO  leader.LogAppenderDaemon (LogAppenderDaemon.java:run(85)) - s0@group-D63AEB44B269->s1-LogAppenderDefault-LogAppenderDaemon was interrupted: java.lang.InterruptedException: sleep interrupted
2024-09-29 22:54:24,517 INFO  simulation.RequestHandler (RequestHandler.java:run(127)) - s1.clientHandler1 is interrupted by java.io.InterruptedIOException: 
2024-09-29 22:54:24,517 INFO  simulation.RequestHandler (RequestHandler.java:run(127)) - s0.serverHandler2 is interrupted by java.io.InterruptedIOException: 
2024-09-29 22:54:24,517 INFO  simulation.RequestHandler (RequestHandler.java:run(127)) - s0.serverHandler1 is interrupted by java.io.InterruptedIOException: 
2024-09-29 22:54:24,517 INFO  leader.LogAppenderDaemon (LogAppenderDaemon.java:run(85)) - s0@group-D63AEB44B269->s2-LogAppenderDefault-LogAppenderDaemon was interrupted: java.lang.InterruptedException
2024-09-29 22:54:24,517 INFO  simulation.RequestHandler (RequestHandler.java:run(127)) - s1.clientHandler2 is interrupted by java.io.InterruptedIOException: 
2024-09-29 22:54:24,517 INFO  simulation.RequestHandler (RequestHandler.java:run(127)) - s0.serverHandler0 is interrupted by java.io.InterruptedIOException: 
2024-09-29 22:54:24,517 INFO  simulation.RequestHandler (RequestHandler.java:run(127)) - s2.serverHandler2 is interrupted by java.io.InterruptedIOException: 
2024-09-29 22:54:24,518 INFO  impl.StateMachineUpdater (StateMachineUpdater.java:stopAndJoin(164)) - s0@group-D63AEB44B269-StateMachineUpdater: set stopIndex = 80
2024-09-29 22:54:24,518 INFO  impl.StateMachineUpdater (StateMachineUpdater.java:stop(141)) - s0@group-D63AEB44B269-StateMachineUpdater: closing ArithmeticStateMachine, lastApplied=(t:2, i:80)
2024-09-29 22:54:24,519 INFO  util.AwaitToRun (AwaitToRun.java:run(49)) - s0@group-D63AEB44B269-cacheEviction-AwaitToRun-AwaitForSignal is interrupted
2024-09-29 22:54:24,519 INFO  simulation.RequestHandler (RequestHandler.java:run(127)) - s1.serverHandler0 is interrupted by java.io.InterruptedIOException: 
2024-09-29 22:54:24,519 INFO  simulation.RequestHandler (RequestHandler.java:run(127)) - s1.serverHandler1 is interrupted by java.io.InterruptedIOException: 
2024-09-29 22:54:24,519 INFO  simulation.RequestHandler (RequestHandler.java:run(127)) - s1.serverHandler2 is interrupted by java.io.InterruptedIOException: 
2024-09-29 22:54:24,520 INFO  util.JvmPauseMonitor (JvmPauseMonitor.java:run(152)) - JvmPauseMonitor-s1: Stopped
2024-09-29 22:54:25,506 INFO  segmented.SegmentedRaftLogWorker (SegmentedRaftLogWorker.java:close(251)) - s0@group-D63AEB44B269-SegmentedRaftLogWorker close()
2024-09-29 22:54:25,507 INFO  segmented.SegmentedRaftLogWorker (SegmentedRaftLogWorker.java:close(251)) - s2@group-D63AEB44B269-SegmentedRaftLogWorker close()
2024-09-29 22:54:25,508 INFO  util.JvmPauseMonitor (JvmPauseMonitor.java:run(152)) - JvmPauseMonitor-s2: Stopped
2024-09-29 22:54:25,509 INFO  util.JvmPauseMonitor (JvmPauseMonitor.java:run(152)) - JvmPauseMonitor-s0: Stopped
2024-09-29 22:54:25,509 INFO  impl.MiniRaftCluster (MiniRaftCluster.java:shutdown(861)) - MiniRaftClusterWithSimulatedRpc shutdown completed
2024-09-29 22:54:25,509 INFO  ratis.RaftTestUtil (RaftTestUtil.java:gc(593)) - gc 0
2024-09-29 22:54:25,572 WARN  util.ReferenceCountedLeakDetector (ReferenceCountedLeakDetector.java:lambda$new$0(147)) - LEAK: A org.apache.ratis.proto.RaftProtos$LogEntryProto is not released properly
2024-09-29 22:54:25,572 WARN  util.ReferenceCountedLeakDetector (ReferenceCountedLeakDetector.java:lambda$new$0(147)) - LEAK: A org.apache.ratis.proto.RaftProtos$LogEntryProto is not released properly
2024-09-29 22:54:25,673 WARN  util.ReferenceCountedLeakDetector (ReferenceCountedLeakDetector.java:lambda$new$0(147)) - LEAK: A org.apache.ratis.proto.RaftProtos$LogEntryProto is not released properly
2024-09-29 22:54:25,673 WARN  util.ReferenceCountedLeakDetector (ReferenceCountedLeakDetector.java:lambda$new$0(147)) - LEAK: A org.apache.ratis.proto.RaftProtos$LogEntryProto is not released properly
]]></system-out>
    <system-err><![CDATA[Sep 29, 2024 10:54:25 PM org.junit.jupiter.engine.execution.JupiterEngineExecutionContext close
SEVERE: Caught exception while closing extension context: org.junit.jupiter.engine.descriptor.MethodExtensionContext@12a9e864
java.lang.IllegalStateException: allLeaks.size = 2
	at org.apache.ratis.util.Preconditions.assertTrue(Preconditions.java:77)
	at org.apache.ratis.util.LeakDetector.assertNoLeaks(LeakDetector.java:107)
	at org.apache.ratis.server.impl.MiniRaftCluster.shutdown(MiniRaftCluster.java:869)
	at org.apache.ratis.server.impl.MiniRaftCluster.close(MiniRaftCluster.java:833)
	at org.junit.jupiter.params.ParameterizedTestParameterResolver$CloseableArgument.close(ParameterizedTestParameterResolver.java:109)
	at org.junit.jupiter.engine.descriptor.AbstractExtensionContext.lambda$static$0(AbstractExtensionContext.java:45)
	at org.junit.platform.engine.support.store.NamespacedHierarchicalStore$EvaluatedValue.close(NamespacedHierarchicalStore.java:333)
	at org.junit.platform.engine.support.store.NamespacedHierarchicalStore$EvaluatedValue.access$800(NamespacedHierarchicalStore.java:317)
	at org.junit.platform.engine.support.store.NamespacedHierarchicalStore.lambda$close$3(NamespacedHierarchicalStore.java:98)
	at org.junit.platform.engine.support.hierarchical.ThrowableCollector.execute(ThrowableCollector.java:73)
	at org.junit.platform.engine.support.store.NamespacedHierarchicalStore.lambda$close$4(NamespacedHierarchicalStore.java:98)
	at java.util.stream.ForEachOps$ForEachOp$OfRef.accept(ForEachOps.java:183)
	at java.util.ArrayList.forEach(ArrayList.java:1259)
	at java.util.stream.SortedOps$RefSortingSink.end(SortedOps.java:395)
	at java.util.stream.Sink$ChainedReference.end(Sink.java:258)
	at java.util.stream.Sink$ChainedReference.end(Sink.java:258)
	at java.util.stream.AbstractPipeline.copyInto(AbstractPipeline.java:483)
	at java.util.stream.AbstractPipeline.wrapAndCopyInto(AbstractPipeline.java:472)
	at java.util.stream.ForEachOps$ForEachOp.evaluateSequential(ForEachOps.java:150)
	at java.util.stream.ForEachOps$ForEachOp$OfRef.evaluateSequential(ForEachOps.java:173)
	at java.util.stream.AbstractPipeline.evaluate(AbstractPipeline.java:234)
	at java.util.stream.ReferencePipeline.forEach(ReferencePipeline.java:485)
	at org.junit.platform.engine.support.store.NamespacedHierarchicalStore.close(NamespacedHierarchicalStore.java:98)
	at org.junit.jupiter.engine.descriptor.AbstractExtensionContext.close(AbstractExtensionContext.java:87)
	at org.junit.jupiter.engine.execution.JupiterEngineExecutionContext.close(JupiterEngineExecutionContext.java:53)
	at org.junit.jupiter.engine.descriptor.JupiterTestDescriptor.cleanUp(JupiterTestDescriptor.java:224)
	at org.junit.jupiter.engine.descriptor.TestMethodTestDescriptor.lambda$cleanUp$1(TestMethodTestDescriptor.java:156)
	at org.junit.platform.engine.support.hierarchical.ThrowableCollector.execute(ThrowableCollector.java:73)
	at org.junit.jupiter.engine.descriptor.TestMethodTestDescriptor.cleanUp(TestMethodTestDescriptor.java:156)
	at org.junit.jupiter.engine.descriptor.TestMethodTestDescriptor.cleanUp(TestMethodTestDescriptor.java:69)
	at org.junit.platform.engine.support.hierarchical.NodeTestTask.lambda$cleanUp$10(NodeTestTask.java:167)
	at org.junit.platform.engine.support.hierarchical.ThrowableCollector.execute(ThrowableCollector.java:73)
	at org.junit.platform.engine.support.hierarchical.NodeTestTask.cleanUp(NodeTestTask.java:167)
	at org.junit.platform.engine.support.hierarchical.NodeTestTask.execute(NodeTestTask.java:98)
	at org.junit.platform.engine.support.hierarchical.SameThreadHierarchicalTestExecutorService.submit(SameThreadHierarchicalTestExecutorService.java:35)
	at org.junit.platform.engine.support.hierarchical.NodeTestTask$DefaultDynamicTestExecutor.execute(NodeTestTask.java:226)
	at org.junit.platform.engine.support.hierarchical.NodeTestTask$DefaultDynamicTestExecutor.execute(NodeTestTask.java:204)
	at org.junit.jupiter.engine.descriptor.TestTemplateTestDescriptor.execute(TestTemplateTestDescriptor.java:142)
	at org.junit.jupiter.engine.descriptor.TestTemplateTestDescriptor.lambda$execute$2(TestTemplateTestDescriptor.java:110)
	at java.util.stream.ForEachOps$ForEachOp$OfRef.accept(ForEachOps.java:183)
	at java.util.stream.ReferencePipeline$3$1.accept(ReferencePipeline.java:193)
	at java.util.stream.ReferencePipeline$2$1.accept(ReferencePipeline.java:175)
	at java.util.stream.ReferencePipeline$3$1.accept(ReferencePipeline.java:193)
	at java.util.stream.ForEachOps$ForEachOp$OfRef.accept(ForEachOps.java:183)
	at java.util.stream.ReferencePipeline$3$1.accept(ReferencePipeline.java:193)
	at java.util.stream.ReferencePipeline$3$1.accept(ReferencePipeline.java:193)
	at java.util.stream.ReferencePipeline$3$1.accept(ReferencePipeline.java:193)
	at java.util.stream.ForEachOps$ForEachOp$OfRef.accept(ForEachOps.java:183)
	at java.util.stream.ReferencePipeline$3$1.accept(ReferencePipeline.java:193)
	at java.util.ArrayList$ArrayListSpliterator.forEachRemaining(ArrayList.java:1384)
	at java.util.stream.ReferencePipeline$Head.forEach(ReferencePipeline.java:647)
	at java.util.stream.ReferencePipeline$7$1.accept(ReferencePipeline.java:272)
	at java.util.stream.ReferencePipeline$3$1.accept(ReferencePipeline.java:193)
	at java.util.stream.ReferencePipeline$3$1.accept(ReferencePipeline.java:193)
	at java.util.stream.ReferencePipeline$3$1.accept(ReferencePipeline.java:193)
	at java.util.Spliterators$ArraySpliterator.forEachRemaining(Spliterators.java:948)
	at java.util.stream.AbstractPipeline.copyInto(AbstractPipeline.java:482)
	at java.util.stream.AbstractPipeline.wrapAndCopyInto(AbstractPipeline.java:472)
	at java.util.stream.ForEachOps$ForEachOp.evaluateSequential(ForEachOps.java:150)
	at java.util.stream.ForEachOps$ForEachOp$OfRef.evaluateSequential(ForEachOps.java:173)
	at java.util.stream.AbstractPipeline.evaluate(AbstractPipeline.java:234)
	at java.util.stream.ReferencePipeline.forEach(ReferencePipeline.java:485)
	at java.util.stream.ReferencePipeline$7$1.accept(ReferencePipeline.java:272)
	at java.util.stream.ReferencePipeline$3$1.accept(ReferencePipeline.java:193)
	at java.util.stream.ReferencePipeline$3$1.accept(ReferencePipeline.java:193)
	at java.util.stream.ReferencePipeline$3$1.accept(ReferencePipeline.java:193)
	at java.util.ArrayList$ArrayListSpliterator.forEachRemaining(ArrayList.java:1384)
	at java.util.stream.AbstractPipeline.copyInto(AbstractPipeline.java:482)
	at java.util.stream.AbstractPipeline.wrapAndCopyInto(AbstractPipeline.java:472)
	at java.util.stream.ForEachOps$ForEachOp.evaluateSequential(ForEachOps.java:150)
	at java.util.stream.ForEachOps$ForEachOp$OfRef.evaluateSequential(ForEachOps.java:173)
	at java.util.stream.AbstractPipeline.evaluate(AbstractPipeline.java:234)
	at java.util.stream.ReferencePipeline.forEach(ReferencePipeline.java:485)
	at java.util.stream.ReferencePipeline$7$1.accept(ReferencePipeline.java:272)
	at java.util.ArrayList$ArrayListSpliterator.forEachRemaining(ArrayList.java:1384)
	at java.util.stream.AbstractPipeline.copyInto(AbstractPipeline.java:482)
	at java.util.stream.AbstractPipeline.wrapAndCopyInto(AbstractPipeline.java:472)
	at java.util.stream.ForEachOps$ForEachOp.evaluateSequential(ForEachOps.java:150)
	at java.util.stream.ForEachOps$ForEachOp$OfRef.evaluateSequential(ForEachOps.java:173)
	at java.util.stream.AbstractPipeline.evaluate(AbstractPipeline.java:234)
	at java.util.stream.ReferencePipeline.forEach(ReferencePipeline.java:485)
	at org.junit.jupiter.engine.descriptor.TestTemplateTestDescriptor.execute(TestTemplateTestDescriptor.java:110)
	at org.junit.jupiter.engine.descriptor.TestTemplateTestDescriptor.execute(TestTemplateTestDescriptor.java:44)
	at org.junit.platform.engine.support.hierarchical.NodeTestTask.lambda$executeRecursively$6(NodeTestTask.java:151)
	at org.junit.platform.engine.support.hierarchical.ThrowableCollector.execute(ThrowableCollector.java:73)
	at org.junit.platform.engine.support.hierarchical.NodeTestTask.lambda$executeRecursively$8(NodeTestTask.java:141)
	at org.junit.platform.engine.support.hierarchical.Node.around(Node.java:137)
	at org.junit.platform.engine.support.hierarchical.NodeTestTask.lambda$executeRecursively$9(NodeTestTask.java:139)
	at org.junit.platform.engine.support.hierarchical.ThrowableCollector.execute(ThrowableCollector.java:73)
	at org.junit.platform.engine.support.hierarchical.NodeTestTask.executeRecursively(NodeTestTask.java:138)
	at org.junit.platform.engine.support.hierarchical.NodeTestTask.execute(NodeTestTask.java:95)
	at java.util.ArrayList.forEach(ArrayList.java:1259)
	at org.junit.platform.engine.support.hierarchical.SameThreadHierarchicalTestExecutorService.invokeAll(SameThreadHierarchicalTestExecutorService.java:41)
	at org.junit.platform.engine.support.hierarchical.NodeTestTask.lambda$executeRecursively$6(NodeTestTask.java:155)
	at org.junit.platform.engine.support.hierarchical.ThrowableCollector.execute(ThrowableCollector.java:73)
	at org.junit.platform.engine.support.hierarchical.NodeTestTask.lambda$executeRecursively$8(NodeTestTask.java:141)
	at org.junit.platform.engine.support.hierarchical.Node.around(Node.java:137)
	at org.junit.platform.engine.support.hierarchical.NodeTestTask.lambda$executeRecursively$9(NodeTestTask.java:139)
	at org.junit.platform.engine.support.hierarchical.ThrowableCollector.execute(ThrowableCollector.java:73)
	at org.junit.platform.engine.support.hierarchical.NodeTestTask.executeRecursively(NodeTestTask.java:138)
	at org.junit.platform.engine.support.hierarchical.NodeTestTask.execute(NodeTestTask.java:95)
	at java.util.ArrayList.forEach(ArrayList.java:1259)
	at org.junit.platform.engine.support.hierarchical.SameThreadHierarchicalTestExecutorService.invokeAll(SameThreadHierarchicalTestExecutorService.java:41)
	at org.junit.platform.engine.support.hierarchical.NodeTestTask.lambda$executeRecursively$6(NodeTestTask.java:155)
	at org.junit.platform.engine.support.hierarchical.ThrowableCollector.execute(ThrowableCollector.java:73)
	at org.junit.platform.engine.support.hierarchical.NodeTestTask.lambda$executeRecursively$8(NodeTestTask.java:141)
	at org.junit.platform.engine.support.hierarchical.Node.around(Node.java:137)
	at org.junit.platform.engine.support.hierarchical.NodeTestTask.lambda$executeRecursively$9(NodeTestTask.java:139)
	at org.junit.platform.engine.support.hierarchical.ThrowableCollector.execute(ThrowableCollector.java:73)
	at org.junit.platform.engine.support.hierarchical.NodeTestTask.executeRecursively(NodeTestTask.java:138)
	at org.junit.platform.engine.support.hierarchical.NodeTestTask.execute(NodeTestTask.java:95)
	at org.junit.platform.engine.support.hierarchical.SameThreadHierarchicalTestExecutorService.submit(SameThreadHierarchicalTestExecutorService.java:35)
	at org.junit.platform.engine.support.hierarchical.HierarchicalTestExecutor.execute(HierarchicalTestExecutor.java:57)
	at org.junit.platform.engine.support.hierarchical.HierarchicalTestEngine.execute(HierarchicalTestEngine.java:54)
	at org.junit.platform.launcher.core.EngineExecutionOrchestrator.execute(EngineExecutionOrchestrator.java:198)
	at org.junit.platform.launcher.core.EngineExecutionOrchestrator.execute(EngineExecutionOrchestrator.java:169)
	at org.junit.platform.launcher.core.EngineExecutionOrchestrator.execute(EngineExecutionOrchestrator.java:93)
	at org.junit.platform.launcher.core.EngineExecutionOrchestrator.lambda$execute$0(EngineExecutionOrchestrator.java:58)
	at org.junit.platform.launcher.core.EngineExecutionOrchestrator.withInterceptedStreams(EngineExecutionOrchestrator.java:141)
	at org.junit.platform.launcher.core.EngineExecutionOrchestrator.execute(EngineExecutionOrchestrator.java:57)
	at org.junit.platform.launcher.core.DefaultLauncher.execute(DefaultLauncher.java:103)
	at org.junit.platform.launcher.core.DefaultLauncher.execute(DefaultLauncher.java:85)
	at org.junit.platform.launcher.core.DelegatingLauncher.execute(DelegatingLauncher.java:47)
	at org.junit.platform.launcher.core.SessionPerRequestLauncher.execute(SessionPerRequestLauncher.java:63)
	at org.apache.maven.surefire.junitplatform.JUnitPlatformProvider.invokeAllTests(JUnitPlatformProvider.java:154)
	at org.apache.maven.surefire.junitplatform.JUnitPlatformProvider.invoke(JUnitPlatformProvider.java:123)
	at org.apache.maven.surefire.booter.ForkedBooter.runSuitesInProcess(ForkedBooter.java:377)
	at org.apache.maven.surefire.booter.ForkedBooter.execute(ForkedBooter.java:138)
	at org.apache.maven.surefire.booter.ForkedBooter.run(ForkedBooter.java:465)
	at org.apache.maven.surefire.booter.ForkedBooter.main(ForkedBooter.java:451)

]]></system-err>
  </testcase>
  <testcase name="testGaussLegendre(MiniRaftCluster)[2]" classname="org.apache.ratis.examples.arithmetic.TestArithmetic" time="0.155">
    <error type="java.lang.IllegalStateException"><![CDATA[java.lang.IllegalStateException: allLeaks.size = 2
	at org.apache.ratis.util.Preconditions.assertTrue(Preconditions.java:77)
	at org.apache.ratis.util.LeakDetector.assertNoLeaks(LeakDetector.java:107)
	at org.apache.ratis.server.impl.MiniRaftCluster.shutdown(MiniRaftCluster.java:869)
	at org.apache.ratis.examples.ParameterizedBaseTest.setAndStart(ParameterizedBaseTest.java:58)
	at org.apache.ratis.examples.arithmetic.TestArithmetic.testGaussLegendre(TestArithmetic.java:88)
	at java.lang.reflect.Method.invoke(Method.java:498)
	at java.util.stream.ForEachOps$ForEachOp$OfRef.accept(ForEachOps.java:183)
	at java.util.stream.ReferencePipeline$3$1.accept(ReferencePipeline.java:193)
	at java.util.stream.ReferencePipeline$2$1.accept(ReferencePipeline.java:175)
	at java.util.stream.ReferencePipeline$3$1.accept(ReferencePipeline.java:193)
	at java.util.stream.ForEachOps$ForEachOp$OfRef.accept(ForEachOps.java:183)
	at java.util.stream.ReferencePipeline$3$1.accept(ReferencePipeline.java:193)
	at java.util.stream.ReferencePipeline$3$1.accept(ReferencePipeline.java:193)
	at java.util.stream.ReferencePipeline$3$1.accept(ReferencePipeline.java:193)
	at java.util.stream.ForEachOps$ForEachOp$OfRef.accept(ForEachOps.java:183)
	at java.util.stream.ReferencePipeline$3$1.accept(ReferencePipeline.java:193)
	at java.util.ArrayList$ArrayListSpliterator.forEachRemaining(ArrayList.java:1384)
	at java.util.stream.ReferencePipeline$Head.forEach(ReferencePipeline.java:647)
	at java.util.stream.ReferencePipeline$7$1.accept(ReferencePipeline.java:272)
	at java.util.stream.ReferencePipeline$3$1.accept(ReferencePipeline.java:193)
	at java.util.stream.ReferencePipeline$3$1.accept(ReferencePipeline.java:193)
	at java.util.stream.ReferencePipeline$3$1.accept(ReferencePipeline.java:193)
	at java.util.Spliterators$ArraySpliterator.forEachRemaining(Spliterators.java:948)
	at java.util.stream.AbstractPipeline.copyInto(AbstractPipeline.java:482)
	at java.util.stream.AbstractPipeline.wrapAndCopyInto(AbstractPipeline.java:472)
	at java.util.stream.ForEachOps$ForEachOp.evaluateSequential(ForEachOps.java:150)
	at java.util.stream.ForEachOps$ForEachOp$OfRef.evaluateSequential(ForEachOps.java:173)
	at java.util.stream.AbstractPipeline.evaluate(AbstractPipeline.java:234)
	at java.util.stream.ReferencePipeline.forEach(ReferencePipeline.java:485)
	at java.util.stream.ReferencePipeline$7$1.accept(ReferencePipeline.java:272)
	at java.util.stream.ReferencePipeline$3$1.accept(ReferencePipeline.java:193)
	at java.util.stream.ReferencePipeline$3$1.accept(ReferencePipeline.java:193)
	at java.util.stream.ReferencePipeline$3$1.accept(ReferencePipeline.java:193)
	at java.util.ArrayList$ArrayListSpliterator.forEachRemaining(ArrayList.java:1384)
	at java.util.stream.AbstractPipeline.copyInto(AbstractPipeline.java:482)
	at java.util.stream.AbstractPipeline.wrapAndCopyInto(AbstractPipeline.java:472)
	at java.util.stream.ForEachOps$ForEachOp.evaluateSequential(ForEachOps.java:150)
	at java.util.stream.ForEachOps$ForEachOp$OfRef.evaluateSequential(ForEachOps.java:173)
	at java.util.stream.AbstractPipeline.evaluate(AbstractPipeline.java:234)
	at java.util.stream.ReferencePipeline.forEach(ReferencePipeline.java:485)
	at java.util.stream.ReferencePipeline$7$1.accept(ReferencePipeline.java:272)
	at java.util.ArrayList$ArrayListSpliterator.forEachRemaining(ArrayList.java:1384)
	at java.util.stream.AbstractPipeline.copyInto(AbstractPipeline.java:482)
	at java.util.stream.AbstractPipeline.wrapAndCopyInto(AbstractPipeline.java:472)
	at java.util.stream.ForEachOps$ForEachOp.evaluateSequential(ForEachOps.java:150)
	at java.util.stream.ForEachOps$ForEachOp$OfRef.evaluateSequential(ForEachOps.java:173)
	at java.util.stream.AbstractPipeline.evaluate(AbstractPipeline.java:234)
	at java.util.stream.ReferencePipeline.forEach(ReferencePipeline.java:485)
	at java.util.ArrayList.forEach(ArrayList.java:1259)
	at java.util.ArrayList.forEach(ArrayList.java:1259)
	Suppressed: java.lang.IllegalArgumentException
		at java.util.concurrent.ThreadPoolExecutor.<init>(ThreadPoolExecutor.java:1314)
		at java.util.concurrent.ThreadPoolExecutor.<init>(ThreadPoolExecutor.java:1237)
		at java.util.concurrent.Executors.newFixedThreadPool(Executors.java:151)
		at org.apache.ratis.server.impl.MiniRaftCluster.shutdown(MiniRaftCluster.java:847)
		at org.apache.ratis.grpc.MiniRaftClusterWithGrpc.shutdown(MiniRaftClusterWithGrpc.java:96)
		at org.apache.ratis.server.impl.MiniRaftCluster.close(MiniRaftCluster.java:833)
		at java.util.stream.ForEachOps$ForEachOp$OfRef.accept(ForEachOps.java:183)
		at java.util.ArrayList.forEach(ArrayList.java:1259)
		at java.util.stream.SortedOps$RefSortingSink.end(SortedOps.java:395)
		at java.util.stream.Sink$ChainedReference.end(Sink.java:258)
		at java.util.stream.Sink$ChainedReference.end(Sink.java:258)
		at java.util.stream.AbstractPipeline.copyInto(AbstractPipeline.java:483)
		at java.util.stream.AbstractPipeline.wrapAndCopyInto(AbstractPipeline.java:472)
		at java.util.stream.ForEachOps$ForEachOp.evaluateSequential(ForEachOps.java:150)
		at java.util.stream.ForEachOps$ForEachOp$OfRef.evaluateSequential(ForEachOps.java:173)
		at java.util.stream.AbstractPipeline.evaluate(AbstractPipeline.java:234)
		at java.util.stream.ReferencePipeline.forEach(ReferencePipeline.java:485)
		... 44 more
]]></error>
    <system-out><![CDATA[2024-09-29 22:54:25,683 INFO  util.LogUtils (Slf4jUtils.java:setLogLevel(38)) - Successfully set org.apache.ratis.conf.ConfUtils log level to WARN
2024-09-29 22:54:25,683 INFO  util.LogUtils (Slf4jUtils.java:setLogLevel(38)) - Successfully set org.apache.ratis.util.FileUtils log level to TRACE
2024-09-29 22:54:25,683 INFO  util.LogUtils (Slf4jUtils.java:setLogLevel(38)) - Successfully set org.apache.ratis.statemachine.StateMachine log level to DEBUG
2024-09-29 22:54:25,685 INFO  impl.MiniRaftCluster (MiniRaftCluster.java:shutdown(837)) - ************************************************************** 
2024-09-29 22:54:25,685 INFO  impl.MiniRaftCluster (MiniRaftCluster.java:shutdown(838)) - *** 
2024-09-29 22:54:25,685 INFO  impl.MiniRaftCluster (MiniRaftCluster.java:shutdown(839)) - ***     Stopping MiniRaftClusterWithSimulatedRpc
2024-09-29 22:54:25,685 INFO  impl.MiniRaftCluster (MiniRaftCluster.java:shutdown(840)) - *** 
2024-09-29 22:54:25,685 INFO  impl.MiniRaftCluster (MiniRaftCluster.java:shutdown(841)) - ************************************************************** 
2024-09-29 22:54:25,685 INFO  impl.MiniRaftCluster (MiniRaftCluster.java:shutdown(842)) - printing ALL groups
  s0:   CLOSED    LEADER s0@group-D63AEB44B269:t2, leader=s0, voted=s0, raftlog=Memoized:s0@group-D63AEB44B269-SegmentedRaftLog:CLOSED:c80, conf=conf: {index: 51, cur=peers:[s0|localhost:15036, s1|localhost:15040, s2|localhost:15044]|listeners:[], old=null} CLOSED
  s1:   CLOSED    LEADER s1@group-D63AEB44B269:t1, leader=s1, voted=s1, raftlog=Memoized:s1@group-D63AEB44B269-SegmentedRaftLog:CLOSED:c50, conf=conf: {index: 0, cur=peers:[s0|localhost:15036, s1|localhost:15040, s2|localhost:15044]|listeners:[], old=null} CLOSED
  s2:   CLOSED  FOLLOWER s2@group-D63AEB44B269:t2, leader=s0, voted=s0, raftlog=Memoized:s2@group-D63AEB44B269-SegmentedRaftLog:CLOSED:c79, conf=conf: {index: 51, cur=peers:[s0|localhost:15036, s1|localhost:15040, s2|localhost:15044]|listeners:[], old=null} CLOSED
2024-09-29 22:54:25,686 INFO  impl.MiniRaftCluster (MiniRaftCluster.java:shutdown(861)) - MiniRaftClusterWithSimulatedRpc shutdown completed
2024-09-29 22:54:25,686 INFO  ratis.RaftTestUtil (RaftTestUtil.java:gc(593)) - gc 0
2024-09-29 22:54:25,833 WARN  util.ReferenceCountedLeakDetector (ReferenceCountedLeakDetector.java:lambda$new$0(147)) - LEAK: A org.apache.ratis.proto.RaftProtos$LogEntryProto is not released properly
2024-09-29 22:54:25,834 WARN  util.ReferenceCountedLeakDetector (ReferenceCountedLeakDetector.java:lambda$new$0(147)) - LEAK: A org.apache.ratis.proto.RaftProtos$LogEntryProto is not released properly
2024-09-29 22:54:25,835 INFO  impl.MiniRaftCluster (MiniRaftCluster.java:shutdown(837)) - ************************************************************** 
2024-09-29 22:54:25,835 INFO  impl.MiniRaftCluster (MiniRaftCluster.java:shutdown(838)) - *** 
2024-09-29 22:54:25,835 INFO  impl.MiniRaftCluster (MiniRaftCluster.java:shutdown(839)) - ***     Stopping MiniRaftClusterWithGrpc
2024-09-29 22:54:25,836 INFO  impl.MiniRaftCluster (MiniRaftCluster.java:shutdown(840)) - *** 
2024-09-29 22:54:25,836 INFO  impl.MiniRaftCluster (MiniRaftCluster.java:shutdown(841)) - ************************************************************** 
2024-09-29 22:54:25,836 INFO  impl.MiniRaftCluster (MiniRaftCluster.java:shutdown(842)) - printing ALL groups
]]></system-out>
    <system-err><![CDATA[Sep 29, 2024 10:54:25 PM org.junit.jupiter.engine.execution.JupiterEngineExecutionContext close
SEVERE: Caught exception while closing extension context: org.junit.jupiter.engine.descriptor.MethodExtensionContext@36762234
java.lang.IllegalArgumentException
	at java.util.concurrent.ThreadPoolExecutor.<init>(ThreadPoolExecutor.java:1314)
	at java.util.concurrent.ThreadPoolExecutor.<init>(ThreadPoolExecutor.java:1237)
	at java.util.concurrent.Executors.newFixedThreadPool(Executors.java:151)
	at org.apache.ratis.server.impl.MiniRaftCluster.shutdown(MiniRaftCluster.java:847)
	at org.apache.ratis.grpc.MiniRaftClusterWithGrpc.shutdown(MiniRaftClusterWithGrpc.java:96)
	at org.apache.ratis.server.impl.MiniRaftCluster.close(MiniRaftCluster.java:833)
	at org.junit.jupiter.params.ParameterizedTestParameterResolver$CloseableArgument.close(ParameterizedTestParameterResolver.java:109)
	at org.junit.jupiter.engine.descriptor.AbstractExtensionContext.lambda$static$0(AbstractExtensionContext.java:45)
	at org.junit.platform.engine.support.store.NamespacedHierarchicalStore$EvaluatedValue.close(NamespacedHierarchicalStore.java:333)
	at org.junit.platform.engine.support.store.NamespacedHierarchicalStore$EvaluatedValue.access$800(NamespacedHierarchicalStore.java:317)
	at org.junit.platform.engine.support.store.NamespacedHierarchicalStore.lambda$close$3(NamespacedHierarchicalStore.java:98)
	at org.junit.platform.engine.support.hierarchical.ThrowableCollector.execute(ThrowableCollector.java:73)
	at org.junit.platform.engine.support.store.NamespacedHierarchicalStore.lambda$close$4(NamespacedHierarchicalStore.java:98)
	at java.util.stream.ForEachOps$ForEachOp$OfRef.accept(ForEachOps.java:183)
	at java.util.ArrayList.forEach(ArrayList.java:1259)
	at java.util.stream.SortedOps$RefSortingSink.end(SortedOps.java:395)
	at java.util.stream.Sink$ChainedReference.end(Sink.java:258)
	at java.util.stream.Sink$ChainedReference.end(Sink.java:258)
	at java.util.stream.AbstractPipeline.copyInto(AbstractPipeline.java:483)
	at java.util.stream.AbstractPipeline.wrapAndCopyInto(AbstractPipeline.java:472)
	at java.util.stream.ForEachOps$ForEachOp.evaluateSequential(ForEachOps.java:150)
	at java.util.stream.ForEachOps$ForEachOp$OfRef.evaluateSequential(ForEachOps.java:173)
	at java.util.stream.AbstractPipeline.evaluate(AbstractPipeline.java:234)
	at java.util.stream.ReferencePipeline.forEach(ReferencePipeline.java:485)
	at org.junit.platform.engine.support.store.NamespacedHierarchicalStore.close(NamespacedHierarchicalStore.java:98)
	at org.junit.jupiter.engine.descriptor.AbstractExtensionContext.close(AbstractExtensionContext.java:87)
	at org.junit.jupiter.engine.execution.JupiterEngineExecutionContext.close(JupiterEngineExecutionContext.java:53)
	at org.junit.jupiter.engine.descriptor.JupiterTestDescriptor.cleanUp(JupiterTestDescriptor.java:224)
	at org.junit.jupiter.engine.descriptor.TestMethodTestDescriptor.lambda$cleanUp$1(TestMethodTestDescriptor.java:156)
	at org.junit.platform.engine.support.hierarchical.ThrowableCollector.execute(ThrowableCollector.java:73)
	at org.junit.jupiter.engine.descriptor.TestMethodTestDescriptor.cleanUp(TestMethodTestDescriptor.java:156)
	at org.junit.jupiter.engine.descriptor.TestMethodTestDescriptor.cleanUp(TestMethodTestDescriptor.java:69)
	at org.junit.platform.engine.support.hierarchical.NodeTestTask.lambda$cleanUp$10(NodeTestTask.java:167)
	at org.junit.platform.engine.support.hierarchical.ThrowableCollector.execute(ThrowableCollector.java:73)
	at org.junit.platform.engine.support.hierarchical.NodeTestTask.cleanUp(NodeTestTask.java:167)
	at org.junit.platform.engine.support.hierarchical.NodeTestTask.execute(NodeTestTask.java:98)
	at org.junit.platform.engine.support.hierarchical.SameThreadHierarchicalTestExecutorService.submit(SameThreadHierarchicalTestExecutorService.java:35)
	at org.junit.platform.engine.support.hierarchical.NodeTestTask$DefaultDynamicTestExecutor.execute(NodeTestTask.java:226)
	at org.junit.platform.engine.support.hierarchical.NodeTestTask$DefaultDynamicTestExecutor.execute(NodeTestTask.java:204)
	at org.junit.jupiter.engine.descriptor.TestTemplateTestDescriptor.execute(TestTemplateTestDescriptor.java:142)
	at org.junit.jupiter.engine.descriptor.TestTemplateTestDescriptor.lambda$execute$2(TestTemplateTestDescriptor.java:110)
	at java.util.stream.ForEachOps$ForEachOp$OfRef.accept(ForEachOps.java:183)
	at java.util.stream.ReferencePipeline$3$1.accept(ReferencePipeline.java:193)
	at java.util.stream.ReferencePipeline$2$1.accept(ReferencePipeline.java:175)
	at java.util.stream.ReferencePipeline$3$1.accept(ReferencePipeline.java:193)
	at java.util.stream.ForEachOps$ForEachOp$OfRef.accept(ForEachOps.java:183)
	at java.util.stream.ReferencePipeline$3$1.accept(ReferencePipeline.java:193)
	at java.util.stream.ReferencePipeline$3$1.accept(ReferencePipeline.java:193)
	at java.util.stream.ReferencePipeline$3$1.accept(ReferencePipeline.java:193)
	at java.util.stream.ForEachOps$ForEachOp$OfRef.accept(ForEachOps.java:183)
	at java.util.stream.ReferencePipeline$3$1.accept(ReferencePipeline.java:193)
	at java.util.ArrayList$ArrayListSpliterator.forEachRemaining(ArrayList.java:1384)
	at java.util.stream.ReferencePipeline$Head.forEach(ReferencePipeline.java:647)
	at java.util.stream.ReferencePipeline$7$1.accept(ReferencePipeline.java:272)
	at java.util.stream.ReferencePipeline$3$1.accept(ReferencePipeline.java:193)
	at java.util.stream.ReferencePipeline$3$1.accept(ReferencePipeline.java:193)
	at java.util.stream.ReferencePipeline$3$1.accept(ReferencePipeline.java:193)
	at java.util.Spliterators$ArraySpliterator.forEachRemaining(Spliterators.java:948)
	at java.util.stream.AbstractPipeline.copyInto(AbstractPipeline.java:482)
	at java.util.stream.AbstractPipeline.wrapAndCopyInto(AbstractPipeline.java:472)
	at java.util.stream.ForEachOps$ForEachOp.evaluateSequential(ForEachOps.java:150)
	at java.util.stream.ForEachOps$ForEachOp$OfRef.evaluateSequential(ForEachOps.java:173)
	at java.util.stream.AbstractPipeline.evaluate(AbstractPipeline.java:234)
	at java.util.stream.ReferencePipeline.forEach(ReferencePipeline.java:485)
	at java.util.stream.ReferencePipeline$7$1.accept(ReferencePipeline.java:272)
	at java.util.stream.ReferencePipeline$3$1.accept(ReferencePipeline.java:193)
	at java.util.stream.ReferencePipeline$3$1.accept(ReferencePipeline.java:193)
	at java.util.stream.ReferencePipeline$3$1.accept(ReferencePipeline.java:193)
	at java.util.ArrayList$ArrayListSpliterator.forEachRemaining(ArrayList.java:1384)
	at java.util.stream.AbstractPipeline.copyInto(AbstractPipeline.java:482)
	at java.util.stream.AbstractPipeline.wrapAndCopyInto(AbstractPipeline.java:472)
	at java.util.stream.ForEachOps$ForEachOp.evaluateSequential(ForEachOps.java:150)
	at java.util.stream.ForEachOps$ForEachOp$OfRef.evaluateSequential(ForEachOps.java:173)
	at java.util.stream.AbstractPipeline.evaluate(AbstractPipeline.java:234)
	at java.util.stream.ReferencePipeline.forEach(ReferencePipeline.java:485)
	at java.util.stream.ReferencePipeline$7$1.accept(ReferencePipeline.java:272)
	at java.util.ArrayList$ArrayListSpliterator.forEachRemaining(ArrayList.java:1384)
	at java.util.stream.AbstractPipeline.copyInto(AbstractPipeline.java:482)
	at java.util.stream.AbstractPipeline.wrapAndCopyInto(AbstractPipeline.java:472)
	at java.util.stream.ForEachOps$ForEachOp.evaluateSequential(ForEachOps.java:150)
	at java.util.stream.ForEachOps$ForEachOp$OfRef.evaluateSequential(ForEachOps.java:173)
	at java.util.stream.AbstractPipeline.evaluate(AbstractPipeline.java:234)
	at java.util.stream.ReferencePipeline.forEach(ReferencePipeline.java:485)
	at org.junit.jupiter.engine.descriptor.TestTemplateTestDescriptor.execute(TestTemplateTestDescriptor.java:110)
	at org.junit.jupiter.engine.descriptor.TestTemplateTestDescriptor.execute(TestTemplateTestDescriptor.java:44)
	at org.junit.platform.engine.support.hierarchical.NodeTestTask.lambda$executeRecursively$6(NodeTestTask.java:151)
	at org.junit.platform.engine.support.hierarchical.ThrowableCollector.execute(ThrowableCollector.java:73)
	at org.junit.platform.engine.support.hierarchical.NodeTestTask.lambda$executeRecursively$8(NodeTestTask.java:141)
	at org.junit.platform.engine.support.hierarchical.Node.around(Node.java:137)
	at org.junit.platform.engine.support.hierarchical.NodeTestTask.lambda$executeRecursively$9(NodeTestTask.java:139)
	at org.junit.platform.engine.support.hierarchical.ThrowableCollector.execute(ThrowableCollector.java:73)
	at org.junit.platform.engine.support.hierarchical.NodeTestTask.executeRecursively(NodeTestTask.java:138)
	at org.junit.platform.engine.support.hierarchical.NodeTestTask.execute(NodeTestTask.java:95)
	at java.util.ArrayList.forEach(ArrayList.java:1259)
	at org.junit.platform.engine.support.hierarchical.SameThreadHierarchicalTestExecutorService.invokeAll(SameThreadHierarchicalTestExecutorService.java:41)
	at org.junit.platform.engine.support.hierarchical.NodeTestTask.lambda$executeRecursively$6(NodeTestTask.java:155)
	at org.junit.platform.engine.support.hierarchical.ThrowableCollector.execute(ThrowableCollector.java:73)
	at org.junit.platform.engine.support.hierarchical.NodeTestTask.lambda$executeRecursively$8(NodeTestTask.java:141)
	at org.junit.platform.engine.support.hierarchical.Node.around(Node.java:137)
	at org.junit.platform.engine.support.hierarchical.NodeTestTask.lambda$executeRecursively$9(NodeTestTask.java:139)
	at org.junit.platform.engine.support.hierarchical.ThrowableCollector.execute(ThrowableCollector.java:73)
	at org.junit.platform.engine.support.hierarchical.NodeTestTask.executeRecursively(NodeTestTask.java:138)
	at org.junit.platform.engine.support.hierarchical.NodeTestTask.execute(NodeTestTask.java:95)
	at java.util.ArrayList.forEach(ArrayList.java:1259)
	at org.junit.platform.engine.support.hierarchical.SameThreadHierarchicalTestExecutorService.invokeAll(SameThreadHierarchicalTestExecutorService.java:41)
	at org.junit.platform.engine.support.hierarchical.NodeTestTask.lambda$executeRecursively$6(NodeTestTask.java:155)
	at org.junit.platform.engine.support.hierarchical.ThrowableCollector.execute(ThrowableCollector.java:73)
	at org.junit.platform.engine.support.hierarchical.NodeTestTask.lambda$executeRecursively$8(NodeTestTask.java:141)
	at org.junit.platform.engine.support.hierarchical.Node.around(Node.java:137)
	at org.junit.platform.engine.support.hierarchical.NodeTestTask.lambda$executeRecursively$9(NodeTestTask.java:139)
	at org.junit.platform.engine.support.hierarchical.ThrowableCollector.execute(ThrowableCollector.java:73)
	at org.junit.platform.engine.support.hierarchical.NodeTestTask.executeRecursively(NodeTestTask.java:138)
	at org.junit.platform.engine.support.hierarchical.NodeTestTask.execute(NodeTestTask.java:95)
	at org.junit.platform.engine.support.hierarchical.SameThreadHierarchicalTestExecutorService.submit(SameThreadHierarchicalTestExecutorService.java:35)
	at org.junit.platform.engine.support.hierarchical.HierarchicalTestExecutor.execute(HierarchicalTestExecutor.java:57)
	at org.junit.platform.engine.support.hierarchical.HierarchicalTestEngine.execute(HierarchicalTestEngine.java:54)
	at org.junit.platform.launcher.core.EngineExecutionOrchestrator.execute(EngineExecutionOrchestrator.java:198)
	at org.junit.platform.launcher.core.EngineExecutionOrchestrator.execute(EngineExecutionOrchestrator.java:169)
	at org.junit.platform.launcher.core.EngineExecutionOrchestrator.execute(EngineExecutionOrchestrator.java:93)
	at org.junit.platform.launcher.core.EngineExecutionOrchestrator.lambda$execute$0(EngineExecutionOrchestrator.java:58)
	at org.junit.platform.launcher.core.EngineExecutionOrchestrator.withInterceptedStreams(EngineExecutionOrchestrator.java:141)
	at org.junit.platform.launcher.core.EngineExecutionOrchestrator.execute(EngineExecutionOrchestrator.java:57)
	at org.junit.platform.launcher.core.DefaultLauncher.execute(DefaultLauncher.java:103)
	at org.junit.platform.launcher.core.DefaultLauncher.execute(DefaultLauncher.java:85)
	at org.junit.platform.launcher.core.DelegatingLauncher.execute(DelegatingLauncher.java:47)
	at org.junit.platform.launcher.core.SessionPerRequestLauncher.execute(SessionPerRequestLauncher.java:63)
	at org.apache.maven.surefire.junitplatform.JUnitPlatformProvider.invokeAllTests(JUnitPlatformProvider.java:154)
	at org.apache.maven.surefire.junitplatform.JUnitPlatformProvider.invoke(JUnitPlatformProvider.java:123)
	at org.apache.maven.surefire.booter.ForkedBooter.runSuitesInProcess(ForkedBooter.java:377)
	at org.apache.maven.surefire.booter.ForkedBooter.execute(ForkedBooter.java:138)
	at org.apache.maven.surefire.booter.ForkedBooter.run(ForkedBooter.java:465)
	at org.apache.maven.surefire.booter.ForkedBooter.main(ForkedBooter.java:451)

]]></system-err>
  </testcase>
  <testcase name="testGaussLegendre(MiniRaftCluster)[3]" classname="org.apache.ratis.examples.arithmetic.TestArithmetic" time="0.007">
    <error type="java.lang.IllegalArgumentException"><![CDATA[java.lang.IllegalArgumentException
	at java.util.concurrent.ThreadPoolExecutor.<init>(ThreadPoolExecutor.java:1314)
	at java.util.concurrent.ThreadPoolExecutor.<init>(ThreadPoolExecutor.java:1237)
	at java.util.concurrent.Executors.newFixedThreadPool(Executors.java:151)
	at org.apache.ratis.server.impl.MiniRaftCluster.shutdown(MiniRaftCluster.java:847)
	at org.apache.ratis.grpc.MiniRaftClusterWithGrpc.shutdown(MiniRaftClusterWithGrpc.java:96)
	at org.apache.ratis.examples.ParameterizedBaseTest.setAndStart(ParameterizedBaseTest.java:58)
	at org.apache.ratis.examples.arithmetic.TestArithmetic.testGaussLegendre(TestArithmetic.java:88)
	at java.lang.reflect.Method.invoke(Method.java:498)
	at java.util.stream.ForEachOps$ForEachOp$OfRef.accept(ForEachOps.java:183)
	at java.util.stream.ReferencePipeline$3$1.accept(ReferencePipeline.java:193)
	at java.util.stream.ReferencePipeline$2$1.accept(ReferencePipeline.java:175)
	at java.util.stream.ReferencePipeline$3$1.accept(ReferencePipeline.java:193)
	at java.util.stream.ForEachOps$ForEachOp$OfRef.accept(ForEachOps.java:183)
	at java.util.stream.ReferencePipeline$3$1.accept(ReferencePipeline.java:193)
	at java.util.stream.ReferencePipeline$3$1.accept(ReferencePipeline.java:193)
	at java.util.stream.ReferencePipeline$3$1.accept(ReferencePipeline.java:193)
	at java.util.stream.ForEachOps$ForEachOp$OfRef.accept(ForEachOps.java:183)
	at java.util.stream.ReferencePipeline$3$1.accept(ReferencePipeline.java:193)
	at java.util.ArrayList$ArrayListSpliterator.forEachRemaining(ArrayList.java:1384)
	at java.util.stream.ReferencePipeline$Head.forEach(ReferencePipeline.java:647)
	at java.util.stream.ReferencePipeline$7$1.accept(ReferencePipeline.java:272)
	at java.util.stream.ReferencePipeline$3$1.accept(ReferencePipeline.java:193)
	at java.util.stream.ReferencePipeline$3$1.accept(ReferencePipeline.java:193)
	at java.util.stream.ReferencePipeline$3$1.accept(ReferencePipeline.java:193)
	at java.util.Spliterators$ArraySpliterator.forEachRemaining(Spliterators.java:948)
	at java.util.stream.AbstractPipeline.copyInto(AbstractPipeline.java:482)
	at java.util.stream.AbstractPipeline.wrapAndCopyInto(AbstractPipeline.java:472)
	at java.util.stream.ForEachOps$ForEachOp.evaluateSequential(ForEachOps.java:150)
	at java.util.stream.ForEachOps$ForEachOp$OfRef.evaluateSequential(ForEachOps.java:173)
	at java.util.stream.AbstractPipeline.evaluate(AbstractPipeline.java:234)
	at java.util.stream.ReferencePipeline.forEach(ReferencePipeline.java:485)
	at java.util.stream.ReferencePipeline$7$1.accept(ReferencePipeline.java:272)
	at java.util.stream.ReferencePipeline$3$1.accept(ReferencePipeline.java:193)
	at java.util.stream.ReferencePipeline$3$1.accept(ReferencePipeline.java:193)
	at java.util.stream.ReferencePipeline$3$1.accept(ReferencePipeline.java:193)
	at java.util.ArrayList$ArrayListSpliterator.forEachRemaining(ArrayList.java:1384)
	at java.util.stream.AbstractPipeline.copyInto(AbstractPipeline.java:482)
	at java.util.stream.AbstractPipeline.wrapAndCopyInto(AbstractPipeline.java:472)
	at java.util.stream.ForEachOps$ForEachOp.evaluateSequential(ForEachOps.java:150)
	at java.util.stream.ForEachOps$ForEachOp$OfRef.evaluateSequential(ForEachOps.java:173)
	at java.util.stream.AbstractPipeline.evaluate(AbstractPipeline.java:234)
	at java.util.stream.ReferencePipeline.forEach(ReferencePipeline.java:485)
	at java.util.stream.ReferencePipeline$7$1.accept(ReferencePipeline.java:272)
	at java.util.ArrayList$ArrayListSpliterator.forEachRemaining(ArrayList.java:1384)
	at java.util.stream.AbstractPipeline.copyInto(AbstractPipeline.java:482)
	at java.util.stream.AbstractPipeline.wrapAndCopyInto(AbstractPipeline.java:472)
	at java.util.stream.ForEachOps$ForEachOp.evaluateSequential(ForEachOps.java:150)
	at java.util.stream.ForEachOps$ForEachOp$OfRef.evaluateSequential(ForEachOps.java:173)
	at java.util.stream.AbstractPipeline.evaluate(AbstractPipeline.java:234)
	at java.util.stream.ReferencePipeline.forEach(ReferencePipeline.java:485)
	at java.util.ArrayList.forEach(ArrayList.java:1259)
	at java.util.ArrayList.forEach(ArrayList.java:1259)
	Suppressed: java.lang.IllegalArgumentException
		at java.util.concurrent.ThreadPoolExecutor.<init>(ThreadPoolExecutor.java:1314)
		at java.util.concurrent.ThreadPoolExecutor.<init>(ThreadPoolExecutor.java:1237)
		at java.util.concurrent.Executors.newFixedThreadPool(Executors.java:151)
		at org.apache.ratis.server.impl.MiniRaftCluster.shutdown(MiniRaftCluster.java:847)
		at org.apache.ratis.server.impl.MiniRaftCluster.close(MiniRaftCluster.java:833)
		at java.util.stream.ForEachOps$ForEachOp$OfRef.accept(ForEachOps.java:183)
		at java.util.ArrayList.forEach(ArrayList.java:1259)
		at java.util.stream.SortedOps$RefSortingSink.end(SortedOps.java:395)
		at java.util.stream.Sink$ChainedReference.end(Sink.java:258)
		at java.util.stream.Sink$ChainedReference.end(Sink.java:258)
		at java.util.stream.AbstractPipeline.copyInto(AbstractPipeline.java:483)
		at java.util.stream.AbstractPipeline.wrapAndCopyInto(AbstractPipeline.java:472)
		at java.util.stream.ForEachOps$ForEachOp.evaluateSequential(ForEachOps.java:150)
		at java.util.stream.ForEachOps$ForEachOp$OfRef.evaluateSequential(ForEachOps.java:173)
		at java.util.stream.AbstractPipeline.evaluate(AbstractPipeline.java:234)
		at java.util.stream.ReferencePipeline.forEach(ReferencePipeline.java:485)
		... 44 more
]]></error>
    <system-out><![CDATA[2024-09-29 22:54:25,841 INFO  util.LogUtils (Slf4jUtils.java:setLogLevel(38)) - Successfully set org.apache.ratis.conf.ConfUtils log level to WARN
2024-09-29 22:54:25,842 INFO  util.LogUtils (Slf4jUtils.java:setLogLevel(38)) - Successfully set org.apache.ratis.util.FileUtils log level to TRACE
2024-09-29 22:54:25,842 INFO  util.LogUtils (Slf4jUtils.java:setLogLevel(38)) - Successfully set org.apache.ratis.statemachine.StateMachine log level to DEBUG
2024-09-29 22:54:25,843 INFO  impl.MiniRaftCluster (MiniRaftCluster.java:shutdown(837)) - ************************************************************** 
2024-09-29 22:54:25,843 INFO  impl.MiniRaftCluster (MiniRaftCluster.java:shutdown(838)) - *** 
2024-09-29 22:54:25,844 INFO  impl.MiniRaftCluster (MiniRaftCluster.java:shutdown(839)) - ***     Stopping MiniRaftClusterWithGrpc
2024-09-29 22:54:25,844 INFO  impl.MiniRaftCluster (MiniRaftCluster.java:shutdown(840)) - *** 
2024-09-29 22:54:25,844 INFO  impl.MiniRaftCluster (MiniRaftCluster.java:shutdown(841)) - ************************************************************** 
2024-09-29 22:54:25,844 INFO  impl.MiniRaftCluster (MiniRaftCluster.java:shutdown(842)) - printing ALL groups
2024-09-29 22:54:25,845 INFO  impl.MiniRaftCluster (MiniRaftCluster.java:shutdown(837)) - ************************************************************** 
2024-09-29 22:54:25,845 INFO  impl.MiniRaftCluster (MiniRaftCluster.java:shutdown(838)) - *** 
2024-09-29 22:54:25,845 INFO  impl.MiniRaftCluster (MiniRaftCluster.java:shutdown(839)) - ***     Stopping MiniRaftClusterWithNetty
2024-09-29 22:54:25,845 INFO  impl.MiniRaftCluster (MiniRaftCluster.java:shutdown(840)) - *** 
2024-09-29 22:54:25,845 INFO  impl.MiniRaftCluster (MiniRaftCluster.java:shutdown(841)) - ************************************************************** 
2024-09-29 22:54:25,845 INFO  impl.MiniRaftCluster (MiniRaftCluster.java:shutdown(842)) - printing ALL groups
]]></system-out>
    <system-err><![CDATA[Sep 29, 2024 10:54:25 PM org.junit.jupiter.engine.execution.JupiterEngineExecutionContext close
SEVERE: Caught exception while closing extension context: org.junit.jupiter.engine.descriptor.MethodExtensionContext@3fad8636
java.lang.IllegalArgumentException
	at java.util.concurrent.ThreadPoolExecutor.<init>(ThreadPoolExecutor.java:1314)
	at java.util.concurrent.ThreadPoolExecutor.<init>(ThreadPoolExecutor.java:1237)
	at java.util.concurrent.Executors.newFixedThreadPool(Executors.java:151)
	at org.apache.ratis.server.impl.MiniRaftCluster.shutdown(MiniRaftCluster.java:847)
	at org.apache.ratis.server.impl.MiniRaftCluster.close(MiniRaftCluster.java:833)
	at org.junit.jupiter.params.ParameterizedTestParameterResolver$CloseableArgument.close(ParameterizedTestParameterResolver.java:109)
	at org.junit.jupiter.engine.descriptor.AbstractExtensionContext.lambda$static$0(AbstractExtensionContext.java:45)
	at org.junit.platform.engine.support.store.NamespacedHierarchicalStore$EvaluatedValue.close(NamespacedHierarchicalStore.java:333)
	at org.junit.platform.engine.support.store.NamespacedHierarchicalStore$EvaluatedValue.access$800(NamespacedHierarchicalStore.java:317)
	at org.junit.platform.engine.support.store.NamespacedHierarchicalStore.lambda$close$3(NamespacedHierarchicalStore.java:98)
	at org.junit.platform.engine.support.hierarchical.ThrowableCollector.execute(ThrowableCollector.java:73)
	at org.junit.platform.engine.support.store.NamespacedHierarchicalStore.lambda$close$4(NamespacedHierarchicalStore.java:98)
	at java.util.stream.ForEachOps$ForEachOp$OfRef.accept(ForEachOps.java:183)
	at java.util.ArrayList.forEach(ArrayList.java:1259)
	at java.util.stream.SortedOps$RefSortingSink.end(SortedOps.java:395)
	at java.util.stream.Sink$ChainedReference.end(Sink.java:258)
	at java.util.stream.Sink$ChainedReference.end(Sink.java:258)
	at java.util.stream.AbstractPipeline.copyInto(AbstractPipeline.java:483)
	at java.util.stream.AbstractPipeline.wrapAndCopyInto(AbstractPipeline.java:472)
	at java.util.stream.ForEachOps$ForEachOp.evaluateSequential(ForEachOps.java:150)
	at java.util.stream.ForEachOps$ForEachOp$OfRef.evaluateSequential(ForEachOps.java:173)
	at java.util.stream.AbstractPipeline.evaluate(AbstractPipeline.java:234)
	at java.util.stream.ReferencePipeline.forEach(ReferencePipeline.java:485)
	at org.junit.platform.engine.support.store.NamespacedHierarchicalStore.close(NamespacedHierarchicalStore.java:98)
	at org.junit.jupiter.engine.descriptor.AbstractExtensionContext.close(AbstractExtensionContext.java:87)
	at org.junit.jupiter.engine.execution.JupiterEngineExecutionContext.close(JupiterEngineExecutionContext.java:53)
	at org.junit.jupiter.engine.descriptor.JupiterTestDescriptor.cleanUp(JupiterTestDescriptor.java:224)
	at org.junit.jupiter.engine.descriptor.TestMethodTestDescriptor.lambda$cleanUp$1(TestMethodTestDescriptor.java:156)
	at org.junit.platform.engine.support.hierarchical.ThrowableCollector.execute(ThrowableCollector.java:73)
	at org.junit.jupiter.engine.descriptor.TestMethodTestDescriptor.cleanUp(TestMethodTestDescriptor.java:156)
	at org.junit.jupiter.engine.descriptor.TestMethodTestDescriptor.cleanUp(TestMethodTestDescriptor.java:69)
	at org.junit.platform.engine.support.hierarchical.NodeTestTask.lambda$cleanUp$10(NodeTestTask.java:167)
	at org.junit.platform.engine.support.hierarchical.ThrowableCollector.execute(ThrowableCollector.java:73)
	at org.junit.platform.engine.support.hierarchical.NodeTestTask.cleanUp(NodeTestTask.java:167)
	at org.junit.platform.engine.support.hierarchical.NodeTestTask.execute(NodeTestTask.java:98)
	at org.junit.platform.engine.support.hierarchical.SameThreadHierarchicalTestExecutorService.submit(SameThreadHierarchicalTestExecutorService.java:35)
	at org.junit.platform.engine.support.hierarchical.NodeTestTask$DefaultDynamicTestExecutor.execute(NodeTestTask.java:226)
	at org.junit.platform.engine.support.hierarchical.NodeTestTask$DefaultDynamicTestExecutor.execute(NodeTestTask.java:204)
	at org.junit.jupiter.engine.descriptor.TestTemplateTestDescriptor.execute(TestTemplateTestDescriptor.java:142)
	at org.junit.jupiter.engine.descriptor.TestTemplateTestDescriptor.lambda$execute$2(TestTemplateTestDescriptor.java:110)
	at java.util.stream.ForEachOps$ForEachOp$OfRef.accept(ForEachOps.java:183)
	at java.util.stream.ReferencePipeline$3$1.accept(ReferencePipeline.java:193)
	at java.util.stream.ReferencePipeline$2$1.accept(ReferencePipeline.java:175)
	at java.util.stream.ReferencePipeline$3$1.accept(ReferencePipeline.java:193)
	at java.util.stream.ForEachOps$ForEachOp$OfRef.accept(ForEachOps.java:183)
	at java.util.stream.ReferencePipeline$3$1.accept(ReferencePipeline.java:193)
	at java.util.stream.ReferencePipeline$3$1.accept(ReferencePipeline.java:193)
	at java.util.stream.ReferencePipeline$3$1.accept(ReferencePipeline.java:193)
	at java.util.stream.ForEachOps$ForEachOp$OfRef.accept(ForEachOps.java:183)
	at java.util.stream.ReferencePipeline$3$1.accept(ReferencePipeline.java:193)
	at java.util.ArrayList$ArrayListSpliterator.forEachRemaining(ArrayList.java:1384)
	at java.util.stream.ReferencePipeline$Head.forEach(ReferencePipeline.java:647)
	at java.util.stream.ReferencePipeline$7$1.accept(ReferencePipeline.java:272)
	at java.util.stream.ReferencePipeline$3$1.accept(ReferencePipeline.java:193)
	at java.util.stream.ReferencePipeline$3$1.accept(ReferencePipeline.java:193)
	at java.util.stream.ReferencePipeline$3$1.accept(ReferencePipeline.java:193)
	at java.util.Spliterators$ArraySpliterator.forEachRemaining(Spliterators.java:948)
	at java.util.stream.AbstractPipeline.copyInto(AbstractPipeline.java:482)
	at java.util.stream.AbstractPipeline.wrapAndCopyInto(AbstractPipeline.java:472)
	at java.util.stream.ForEachOps$ForEachOp.evaluateSequential(ForEachOps.java:150)
	at java.util.stream.ForEachOps$ForEachOp$OfRef.evaluateSequential(ForEachOps.java:173)
	at java.util.stream.AbstractPipeline.evaluate(AbstractPipeline.java:234)
	at java.util.stream.ReferencePipeline.forEach(ReferencePipeline.java:485)
	at java.util.stream.ReferencePipeline$7$1.accept(ReferencePipeline.java:272)
	at java.util.stream.ReferencePipeline$3$1.accept(ReferencePipeline.java:193)
	at java.util.stream.ReferencePipeline$3$1.accept(ReferencePipeline.java:193)
	at java.util.stream.ReferencePipeline$3$1.accept(ReferencePipeline.java:193)
	at java.util.ArrayList$ArrayListSpliterator.forEachRemaining(ArrayList.java:1384)
	at java.util.stream.AbstractPipeline.copyInto(AbstractPipeline.java:482)
	at java.util.stream.AbstractPipeline.wrapAndCopyInto(AbstractPipeline.java:472)
	at java.util.stream.ForEachOps$ForEachOp.evaluateSequential(ForEachOps.java:150)
	at java.util.stream.ForEachOps$ForEachOp$OfRef.evaluateSequential(ForEachOps.java:173)
	at java.util.stream.AbstractPipeline.evaluate(AbstractPipeline.java:234)
	at java.util.stream.ReferencePipeline.forEach(ReferencePipeline.java:485)
	at java.util.stream.ReferencePipeline$7$1.accept(ReferencePipeline.java:272)
	at java.util.ArrayList$ArrayListSpliterator.forEachRemaining(ArrayList.java:1384)
	at java.util.stream.AbstractPipeline.copyInto(AbstractPipeline.java:482)
	at java.util.stream.AbstractPipeline.wrapAndCopyInto(AbstractPipeline.java:472)
	at java.util.stream.ForEachOps$ForEachOp.evaluateSequential(ForEachOps.java:150)
	at java.util.stream.ForEachOps$ForEachOp$OfRef.evaluateSequential(ForEachOps.java:173)
	at java.util.stream.AbstractPipeline.evaluate(AbstractPipeline.java:234)
	at java.util.stream.ReferencePipeline.forEach(ReferencePipeline.java:485)
	at org.junit.jupiter.engine.descriptor.TestTemplateTestDescriptor.execute(TestTemplateTestDescriptor.java:110)
	at org.junit.jupiter.engine.descriptor.TestTemplateTestDescriptor.execute(TestTemplateTestDescriptor.java:44)
	at org.junit.platform.engine.support.hierarchical.NodeTestTask.lambda$executeRecursively$6(NodeTestTask.java:151)
	at org.junit.platform.engine.support.hierarchical.ThrowableCollector.execute(ThrowableCollector.java:73)
	at org.junit.platform.engine.support.hierarchical.NodeTestTask.lambda$executeRecursively$8(NodeTestTask.java:141)
	at org.junit.platform.engine.support.hierarchical.Node.around(Node.java:137)
	at org.junit.platform.engine.support.hierarchical.NodeTestTask.lambda$executeRecursively$9(NodeTestTask.java:139)
	at org.junit.platform.engine.support.hierarchical.ThrowableCollector.execute(ThrowableCollector.java:73)
	at org.junit.platform.engine.support.hierarchical.NodeTestTask.executeRecursively(NodeTestTask.java:138)
	at org.junit.platform.engine.support.hierarchical.NodeTestTask.execute(NodeTestTask.java:95)
	at java.util.ArrayList.forEach(ArrayList.java:1259)
	at org.junit.platform.engine.support.hierarchical.SameThreadHierarchicalTestExecutorService.invokeAll(SameThreadHierarchicalTestExecutorService.java:41)
	at org.junit.platform.engine.support.hierarchical.NodeTestTask.lambda$executeRecursively$6(NodeTestTask.java:155)
	at org.junit.platform.engine.support.hierarchical.ThrowableCollector.execute(ThrowableCollector.java:73)
	at org.junit.platform.engine.support.hierarchical.NodeTestTask.lambda$executeRecursively$8(NodeTestTask.java:141)
	at org.junit.platform.engine.support.hierarchical.Node.around(Node.java:137)
	at org.junit.platform.engine.support.hierarchical.NodeTestTask.lambda$executeRecursively$9(NodeTestTask.java:139)
	at org.junit.platform.engine.support.hierarchical.ThrowableCollector.execute(ThrowableCollector.java:73)
	at org.junit.platform.engine.support.hierarchical.NodeTestTask.executeRecursively(NodeTestTask.java:138)
	at org.junit.platform.engine.support.hierarchical.NodeTestTask.execute(NodeTestTask.java:95)
	at java.util.ArrayList.forEach(ArrayList.java:1259)
	at org.junit.platform.engine.support.hierarchical.SameThreadHierarchicalTestExecutorService.invokeAll(SameThreadHierarchicalTestExecutorService.java:41)
	at org.junit.platform.engine.support.hierarchical.NodeTestTask.lambda$executeRecursively$6(NodeTestTask.java:155)
	at org.junit.platform.engine.support.hierarchical.ThrowableCollector.execute(ThrowableCollector.java:73)
	at org.junit.platform.engine.support.hierarchical.NodeTestTask.lambda$executeRecursively$8(NodeTestTask.java:141)
	at org.junit.platform.engine.support.hierarchical.Node.around(Node.java:137)
	at org.junit.platform.engine.support.hierarchical.NodeTestTask.lambda$executeRecursively$9(NodeTestTask.java:139)
	at org.junit.platform.engine.support.hierarchical.ThrowableCollector.execute(ThrowableCollector.java:73)
	at org.junit.platform.engine.support.hierarchical.NodeTestTask.executeRecursively(NodeTestTask.java:138)
	at org.junit.platform.engine.support.hierarchical.NodeTestTask.execute(NodeTestTask.java:95)
	at org.junit.platform.engine.support.hierarchical.SameThreadHierarchicalTestExecutorService.submit(SameThreadHierarchicalTestExecutorService.java:35)
	at org.junit.platform.engine.support.hierarchical.HierarchicalTestExecutor.execute(HierarchicalTestExecutor.java:57)
	at org.junit.platform.engine.support.hierarchical.HierarchicalTestEngine.execute(HierarchicalTestEngine.java:54)
	at org.junit.platform.launcher.core.EngineExecutionOrchestrator.execute(EngineExecutionOrchestrator.java:198)
	at org.junit.platform.launcher.core.EngineExecutionOrchestrator.execute(EngineExecutionOrchestrator.java:169)
	at org.junit.platform.launcher.core.EngineExecutionOrchestrator.execute(EngineExecutionOrchestrator.java:93)
	at org.junit.platform.launcher.core.EngineExecutionOrchestrator.lambda$execute$0(EngineExecutionOrchestrator.java:58)
	at org.junit.platform.launcher.core.EngineExecutionOrchestrator.withInterceptedStreams(EngineExecutionOrchestrator.java:141)
	at org.junit.platform.launcher.core.EngineExecutionOrchestrator.execute(EngineExecutionOrchestrator.java:57)
	at org.junit.platform.launcher.core.DefaultLauncher.execute(DefaultLauncher.java:103)
	at org.junit.platform.launcher.core.DefaultLauncher.execute(DefaultLauncher.java:85)
	at org.junit.platform.launcher.core.DelegatingLauncher.execute(DelegatingLauncher.java:47)
	at org.junit.platform.launcher.core.SessionPerRequestLauncher.execute(SessionPerRequestLauncher.java:63)
	at org.apache.maven.surefire.junitplatform.JUnitPlatformProvider.invokeAllTests(JUnitPlatformProvider.java:154)
	at org.apache.maven.surefire.junitplatform.JUnitPlatformProvider.invoke(JUnitPlatformProvider.java:123)
	at org.apache.maven.surefire.booter.ForkedBooter.runSuitesInProcess(ForkedBooter.java:377)
	at org.apache.maven.surefire.booter.ForkedBooter.execute(ForkedBooter.java:138)
	at org.apache.maven.surefire.booter.ForkedBooter.run(ForkedBooter.java:465)
	at org.apache.maven.surefire.booter.ForkedBooter.main(ForkedBooter.java:451)

]]></system-err>
  </testcase>
</testsuite>