<?xml version="1.0" encoding="UTF-8"?>
<testsuite xmlns:xsi="http://www.w3.org/2001/XMLSchema-instance" xsi:noNamespaceSchemaLocation="https://maven.apache.org/surefire/maven-surefire-plugin/xsd/surefire-test-report-3.0.xsd" version="3.0" name="org.apache.ratis.examples.arithmetic.TestArithmetic" time="15.567" tests="6" errors="3" skipped="0" failures="0">
  <properties>
[...]
</properties>
  <testcase name="testPythagorean(MiniRaftCluster)[1]" classname="org.apache.ratis.examples.arithmetic.TestArithmetic" time="4.664"/>
  <testcase name="testPythagorean(MiniRaftCluster)[2]" classname="org.apache.ratis.examples.arithmetic.TestArithmetic" time="4.36"/>
  <testcase name="testPythagorean(MiniRaftCluster)[3]" classname="org.apache.ratis.examples.arithmetic.TestArithmetic" time="2.664"/>
  <testcase name="testGaussLegendre(MiniRaftCluster)[1]" classname="org.apache.ratis.examples.arithmetic.TestArithmetic" time="3.408">
    <error type="java.lang.IllegalStateException"><![CDATA[java.lang.IllegalStateException: allLeaks.size = 2
	at org.apache.ratis.util.Preconditions.assertTrue(Preconditions.java:77)
	at org.apache.ratis.util.LeakDetector.assertNoLeaks(LeakDetector.java:107)
	at org.apache.ratis.server.impl.MiniRaftCluster.shutdown(MiniRaftCluster.java:869)
	at org.apache.ratis.server.impl.MiniRaftCluster.close(MiniRaftCluster.java:833)
	at java.util.stream.ForEachOps$ForEachOp$OfRef.accept(ForEachOps.java:183)
	at java.util.ArrayList.forEach(ArrayList.java:1259)
	at java.util.stream.SortedOps$RefSortingSink.end(SortedOps.java:395)
	at java.util.stream.Sink$ChainedReference.end(Sink.java:258)
	at java.util.stream.Sink$ChainedReference.end(Sink.java:258)
	at java.util.stream.AbstractPipeline.copyInto(AbstractPipeline.java:483)
	at java.util.stream.AbstractPipeline.wrapAndCopyInto(AbstractPipeline.java:472)
	at java.util.stream.ForEachOps$ForEachOp.evaluateSequential(ForEachOps.java:150)
	at java.util.stream.ForEachOps$ForEachOp$OfRef.evaluateSequential(ForEachOps.java:173)
	at java.util.stream.AbstractPipeline.evaluate(AbstractPipeline.java:234)
	at java.util.stream.ReferencePipeline.forEach(ReferencePipeline.java:485)
	at java.util.stream.ForEachOps$ForEachOp$OfRef.accept(ForEachOps.java:183)
	at java.util.stream.ReferencePipeline$3$1.accept(ReferencePipeline.java:193)
	at java.util.stream.ReferencePipeline$2$1.accept(ReferencePipeline.java:175)
	at java.util.stream.ReferencePipeline$3$1.accept(ReferencePipeline.java:193)
	at java.util.stream.ForEachOps$ForEachOp$OfRef.accept(ForEachOps.java:183)
	at java.util.stream.ReferencePipeline$3$1.accept(ReferencePipeline.java:193)
	at java.util.stream.ReferencePipeline$3$1.accept(ReferencePipeline.java:193)
	at java.util.stream.ReferencePipeline$3$1.accept(ReferencePipeline.java:193)
	at java.util.stream.ForEachOps$ForEachOp$OfRef.accept(ForEachOps.java:183)
	at java.util.stream.ReferencePipeline$3$1.accept(ReferencePipeline.java:193)
	at java.util.ArrayList$ArrayListSpliterator.forEachRemaining(ArrayList.java:1384)
	at java.util.stream.ReferencePipeline$Head.forEach(ReferencePipeline.java:647)
	at java.util.stream.ReferencePipeline$7$1.accept(ReferencePipeline.java:272)
	at java.util.stream.ReferencePipeline$3$1.accept(ReferencePipeline.java:193)
	at java.util.stream.ReferencePipeline$3$1.accept(ReferencePipeline.java:193)
	at java.util.stream.ReferencePipeline$3$1.accept(ReferencePipeline.java:193)
	at java.util.Spliterators$ArraySpliterator.forEachRemaining(Spliterators.java:948)
	at java.util.stream.AbstractPipeline.copyInto(AbstractPipeline.java:482)
	at java.util.stream.AbstractPipeline.wrapAndCopyInto(AbstractPipeline.java:472)
	at java.util.stream.ForEachOps$ForEachOp.evaluateSequential(ForEachOps.java:150)
	at java.util.stream.ForEachOps$ForEachOp$OfRef.evaluateSequential(ForEachOps.java:173)
	at java.util.stream.AbstractPipeline.evaluate(AbstractPipeline.java:234)
	at java.util.stream.ReferencePipeline.forEach(ReferencePipeline.java:485)
	at java.util.stream.ReferencePipeline$7$1.accept(ReferencePipeline.java:272)
	at java.util.stream.ReferencePipeline$3$1.accept(ReferencePipeline.java:193)
	at java.util.stream.ReferencePipeline$3$1.accept(ReferencePipeline.java:193)
	at java.util.stream.ReferencePipeline$3$1.accept(ReferencePipeline.java:193)
	at java.util.ArrayList$ArrayListSpliterator.forEachRemaining(ArrayList.java:1384)
	at java.util.stream.AbstractPipeline.copyInto(AbstractPipeline.java:482)
	at java.util.stream.AbstractPipeline.wrapAndCopyInto(AbstractPipeline.java:472)
	at java.util.stream.ForEachOps$ForEachOp.evaluateSequential(ForEachOps.java:150)
	at java.util.stream.ForEachOps$ForEachOp$OfRef.evaluateSequential(ForEachOps.java:173)
	at java.util.stream.AbstractPipeline.evaluate(AbstractPipeline.java:234)
	at java.util.stream.ReferencePipeline.forEach(ReferencePipeline.java:485)
	at java.util.stream.ReferencePipeline$7$1.accept(ReferencePipeline.java:272)
	at java.util.ArrayList$ArrayListSpliterator.forEachRemaining(ArrayList.java:1384)
	at java.util.stream.AbstractPipeline.copyInto(AbstractPipeline.java:482)
	at java.util.stream.AbstractPipeline.wrapAndCopyInto(AbstractPipeline.java:472)
	at java.util.stream.ForEachOps$ForEachOp.evaluateSequential(ForEachOps.java:150)
	at java.util.stream.ForEachOps$ForEachOp$OfRef.evaluateSequential(ForEachOps.java:173)
	at java.util.stream.AbstractPipeline.evaluate(AbstractPipeline.java:234)
	at java.util.stream.ReferencePipeline.forEach(ReferencePipeline.java:485)
	at java.util.ArrayList.forEach(ArrayList.java:1259)
	at java.util.ArrayList.forEach(ArrayList.java:1259)
]]></error>
    <system-out><![CDATA[2024-09-29 22:54:22,267 INFO  simulation.MiniRaftClusterWithSimulatedRpc (ConfUtils.java:logGet(46)) - org.apache.ratis.server.simulation.SimulatedRequestReply.simulateLatencyMs = 0 (custom)
2024-09-29 22:54:22,268 INFO  impl.MiniRaftCluster (MiniRaftCluster.java:<init>(309)) - new MiniRaftClusterWithSimulatedRpc with group-D63AEB44B269:[s0|localhost:15036, s1|localhost:15040, s2|localhost:15044]
2024-09-29 22:54:22,269 INFO  impl.MiniRaftCluster (MiniRaftCluster.java:<init>(309)) - new MiniRaftClusterWithGrpc with group-AE7745285B5A:[s3|localhost:15048, s4|localhost:15052, s5|localhost:15056]
2024-09-29 22:54:22,269 INFO  impl.MiniRaftCluster (MiniRaftCluster.java:<init>(309)) - new MiniRaftClusterWithNetty with group-37584608791B:[s6|localhost:15060, s7|localhost:15064, s8|localhost:15068]
2024-09-29 22:54:22,269 INFO  examples.ParameterizedBaseTest (ParameterizedBaseTest.java:getMiniRaftClusters(109)) - 0: MiniRaftClusterWithSimulatedRpc
2024-09-29 22:54:22,269 INFO  examples.ParameterizedBaseTest (ParameterizedBaseTest.java:getMiniRaftClusters(109)) - 1: MiniRaftClusterWithGrpc
2024-09-29 22:54:22,270 INFO  examples.ParameterizedBaseTest (ParameterizedBaseTest.java:getMiniRaftClusters(109)) - 2: MiniRaftClusterWithNetty
2024-09-29 22:54:22,270 INFO  examples.ParameterizedBaseTest (ParameterizedBaseTest.java:getMiniRaftClusters(111)) - #clusters = 3
2024-09-29 22:54:22,270 INFO  util.LogUtils (Slf4jUtils.java:setLogLevel(38)) - Successfully set org.apache.ratis.conf.ConfUtils log level to WARN
2024-09-29 22:54:22,271 INFO  util.LogUtils (Slf4jUtils.java:setLogLevel(38)) - Successfully set org.apache.ratis.util.FileUtils log level to TRACE
2024-09-29 22:54:22,271 INFO  util.LogUtils (Slf4jUtils.java:setLogLevel(38)) - Successfully set org.apache.ratis.statemachine.StateMachine log level to DEBUG
2024-09-29 22:54:22,272 INFO  impl.MiniRaftCluster (MiniRaftCluster.java:shutdown(837)) - ************************************************************** 
2024-09-29 22:54:22,273 INFO  impl.MiniRaftCluster (MiniRaftCluster.java:shutdown(838)) - *** 
2024-09-29 22:54:22,273 INFO  impl.MiniRaftCluster (MiniRaftCluster.java:shutdown(839)) - ***     Stopping MiniRaftClusterWithNetty
2024-09-29 22:54:22,273 INFO  impl.MiniRaftCluster (MiniRaftCluster.java:shutdown(840)) - *** 
2024-09-29 22:54:22,273 INFO  impl.MiniRaftCluster (MiniRaftCluster.java:shutdown(841)) - ************************************************************** 
2024-09-29 22:54:22,273 INFO  impl.MiniRaftCluster (MiniRaftCluster.java:shutdown(842)) - printing ALL groups
  s6:   CLOSED  FOLLOWER s6@group-3998A2BA454C:t1, leader=s7, voted=s7, raftlog=Memoized:s6@group-3998A2BA454C-SegmentedRaftLog:CLOSED:c120, conf=conf: {index: 0, cur=peers:[s6|localhost:15024, s7|localhost:15028, s8|localhost:15032]|listeners:[], old=null} CLOSED
  s7:   CLOSED    LEADER s7@group-3998A2BA454C:t1, leader=s7, voted=s7, raftlog=Memoized:s7@group-3998A2BA454C-SegmentedRaftLog:CLOSED:c120, conf=conf: {index: 0, cur=peers:[s6|localhost:15024, s7|localhost:15028, s8|localhost:15032]|listeners:[], old=null} CLOSED
  s8:   CLOSED  FOLLOWER s8@group-3998A2BA454C:t1, leader=s7, voted=s7, raftlog=Memoized:s8@group-3998A2BA454C-SegmentedRaftLog:CLOSED:c119, conf=conf: {index: 0, cur=peers:[s6|localhost:15024, s7|localhost:15028, s8|localhost:15032]|listeners:[], old=null} CLOSED
2024-09-29 22:54:22,274 INFO  impl.MiniRaftCluster (MiniRaftCluster.java:shutdown(861)) - MiniRaftClusterWithNetty shutdown completed
2024-09-29 22:54:22,274 INFO  ratis.RaftTestUtil (RaftTestUtil.java:gc(593)) - gc 0
2024-09-29 22:54:22,428 INFO  impl.MiniRaftCluster (MiniRaftCluster.java:start(342)) - .............................................................. 
2024-09-29 22:54:22,428 INFO  impl.MiniRaftCluster (MiniRaftCluster.java:start(343)) - ... 
2024-09-29 22:54:22,428 INFO  impl.MiniRaftCluster (MiniRaftCluster.java:start(344)) - ...     Starting MiniRaftClusterWithSimulatedRpc
2024-09-29 22:54:22,429 INFO  impl.MiniRaftCluster (MiniRaftCluster.java:start(345)) - ... 
2024-09-29 22:54:22,429 INFO  impl.MiniRaftCluster (MiniRaftCluster.java:start(346)) - .............................................................. 
2024-09-29 22:54:22,429 INFO  impl.MiniRaftCluster (MiniRaftCluster.java:initServers(321)) - servers = {}
2024-09-29 22:54:22,429 INFO  impl.MiniRaftCluster (MiniRaftCluster.java:newRaftServer(386)) - newRaftServer: s0, group-D63AEB44B269:[s0|localhost:15036, s1|localhost:15040, s2|localhost:15044], format? true
2024-09-29 22:54:22,429 TRACE util.FileUtils (FileUtils.java:deleteFully(305)) - deleteFully target/test/data/5f617ff2/MiniRaftClusterWithSimulatedRpcee8ad438/s0
2024-09-29 22:54:22,429 TRACE util.FileUtils (FileUtils.java:deleteFully(318)) - deleteFully: target/test/data/5f617ff2/MiniRaftClusterWithSimulatedRpcee8ad438/s0 does not exist.
2024-09-29 22:54:22,430 INFO  impl.MiniRaftCluster (MiniRaftCluster.java:newRaftServer(391)) - Formatted directory target/test/data/5f617ff2/MiniRaftClusterWithSimulatedRpcee8ad438/s0
2024-09-29 22:54:22,430 INFO  server.RaftServer (ConfUtils.java:logGet(46)) - raft.rpc.type = org.apache.ratis.server.simulation.SimulatedRpc (custom)
2024-09-29 22:54:22,431 INFO  impl.DataStreamServerImpl (ConfUtils.java:logGet(46)) - raft.datastream.type = DISABLED (default)
2024-09-29 22:54:22,431 INFO  server.RaftServerConfigKeys (ConfUtils.java:logGet(46)) - raft.server.sleep.deviation.threshold = 300ms (default)
2024-09-29 22:54:22,431 INFO  server.RaftServerConfigKeys (ConfUtils.java:logGet(46)) - raft.server.close.threshold = 60s (default)
2024-09-29 22:54:22,431 INFO  server.RaftServerConfigKeys (ConfUtils.java:logGet(46)) - raft.server.leaderelection.leader.step-down.wait-time = 10s (default)
2024-09-29 22:54:22,432 INFO  server.RaftServerConfigKeys (ConfUtils.java:logGet(46)) - raft.server.storage.dir = [/home/runner/work/ratis/ratis/ratis-examples/target/test/data/5f617ff2/MiniRaftClusterWithSimulatedRpcee8ad438/s0] (custom)
2024-09-29 22:54:22,432 INFO  server.RaftServerConfigKeys (ConfUtils.java:logGet(46)) - raft.server.threadpool.proxy.cached = true (default)
2024-09-29 22:54:22,432 INFO  server.RaftServerConfigKeys (ConfUtils.java:logGet(46)) - raft.server.threadpool.proxy.size = 0 (default)
2024-09-29 22:54:22,433 INFO  server.RaftServer (RaftServerProxy.java:addNew(101)) - s0: addNew group-D63AEB44B269:[s0|localhost:15036, s1|localhost:15040, s2|localhost:15044] returns group-D63AEB44B269:java.util.concurrent.CompletableFuture@42c55978[Not completed]
2024-09-29 22:54:22,433 INFO  impl.MiniRaftCluster (MiniRaftCluster.java:newRaftServer(386)) - newRaftServer: s1, group-D63AEB44B269:[s0|localhost:15036, s1|localhost:15040, s2|localhost:15044], format? true
2024-09-29 22:54:22,433 TRACE util.FileUtils (FileUtils.java:deleteFully(305)) - deleteFully target/test/data/5f617ff2/MiniRaftClusterWithSimulatedRpcee8ad438/s1
2024-09-29 22:54:22,433 INFO  server.RaftServer$Division (RaftServerImpl.java:<init>(255)) - s0: new RaftServerImpl for group-D63AEB44B269:[s0|localhost:15036, s1|localhost:15040, s2|localhost:15044] with ArithmeticStateMachine:uninitialized
2024-09-29 22:54:22,434 TRACE util.FileUtils (FileUtils.java:deleteFully(318)) - deleteFully: target/test/data/5f617ff2/MiniRaftClusterWithSimulatedRpcee8ad438/s1 does not exist.
2024-09-29 22:54:22,435 INFO  impl.MiniRaftCluster (MiniRaftCluster.java:newRaftServer(391)) - Formatted directory target/test/data/5f617ff2/MiniRaftClusterWithSimulatedRpcee8ad438/s1
2024-09-29 22:54:22,435 INFO  server.RaftServer (ConfUtils.java:logGet(46)) - raft.rpc.type = org.apache.ratis.server.simulation.SimulatedRpc (custom)
2024-09-29 22:54:22,435 INFO  impl.DataStreamServerImpl (ConfUtils.java:logGet(46)) - raft.datastream.type = DISABLED (default)
2024-09-29 22:54:22,436 INFO  server.RaftServerConfigKeys (ConfUtils.java:logGet(46)) - raft.server.sleep.deviation.threshold = 300ms (default)
2024-09-29 22:54:22,436 INFO  server.RaftServerConfigKeys (ConfUtils.java:logGet(46)) - raft.server.close.threshold = 60s (default)
2024-09-29 22:54:22,436 INFO  server.RaftServerConfigKeys (ConfUtils.java:logGet(46)) - raft.server.leaderelection.leader.step-down.wait-time = 10s (default)
2024-09-29 22:54:22,436 INFO  server.RaftServerConfigKeys (ConfUtils.java:logGet(46)) - raft.server.storage.dir = [/home/runner/work/ratis/ratis/ratis-examples/target/test/data/5f617ff2/MiniRaftClusterWithSimulatedRpcee8ad438/s1] (custom)
2024-09-29 22:54:22,437 INFO  server.RaftServerConfigKeys (ConfUtils.java:logGet(46)) - raft.server.threadpool.proxy.cached = true (default)
2024-09-29 22:54:22,437 INFO  server.RaftServerConfigKeys (ConfUtils.java:logGet(46)) - raft.server.threadpool.proxy.size = 0 (default)
2024-09-29 22:54:22,437 INFO  server.RaftServerConfigKeys (ConfUtils.java:logGet(46)) - raft.server.rpc.timeout.min = 300ms (custom)
2024-09-29 22:54:22,437 INFO  server.RaftServerConfigKeys (ConfUtils.java:logGet(46)) - raft.server.rpc.timeout.max = 600ms (custom)
2024-09-29 22:54:22,438 INFO  server.RaftServerConfigKeys (ConfUtils.java:logGet(46)) - raft.server.rpc.sleep.time = 25ms (default)
2024-09-29 22:54:22,438 INFO  server.RaftServerConfigKeys (ConfUtils.java:logGet(46)) - raft.server.rpc.slowness.timeout = 60s (default)
2024-09-29 22:54:22,438 INFO  server.RaftServerConfigKeys (ConfUtils.java:logGet(46)) - raft.server.leaderelection.leader.step-down.wait-time = 10s (default)
2024-09-29 22:54:22,438 INFO  server.RaftServerConfigKeys (ConfUtils.java:logGet(46)) - raft.server.leaderelection.member.majority-add = false (default)
2024-09-29 22:54:22,438 INFO  server.RaftServerConfigKeys (ConfUtils.java:logGet(46)) - raft.server.sleep.deviation.threshold = 300ms (default)
2024-09-29 22:54:22,438 INFO  server.RaftServer$Division (ServerState.java:<init>(114)) - s0@group-D63AEB44B269: ConfigurationManager, init=conf: {index: -1, cur=peers:[s0|localhost:15036, s1|localhost:15040, s2|localhost:15044]|listeners:[], old=null}, confs=<EMPTY_MAP>
2024-09-29 22:54:22,438 INFO  server.RaftServerConfigKeys (ConfUtils.java:logGet(46)) - raft.server.notification.no-leader.timeout = 60s (default)
2024-09-29 22:54:22,438 INFO  server.RaftServerConfigKeys (ConfUtils.java:logGet(46)) - raft.server.read.timeout = 10s (default)
2024-09-29 22:54:22,438 INFO  server.RaftServerConfigKeys (ConfUtils.java:logGet(46)) - raft.server.retrycache.expirytime = 60s (default)
2024-09-29 22:54:22,438 INFO  server.RaftServerConfigKeys (ConfUtils.java:logGet(46)) - raft.server.retrycache.statistics.expirytime = 100ms (default)
2024-09-29 22:54:22,438 INFO  server.RaftServerConfigKeys (ConfUtils.java:logGet(46)) - raft.server.read.option = DEFAULT (default)
2024-09-29 22:54:22,438 INFO  server.RaftServerConfigKeys (ConfUtils.java:logGet(46)) - raft.server.read.read-after-write-consistent.write-index-cache.expiry-time = 60s (default)
2024-09-29 22:54:22,440 INFO  server.RaftServerConfigKeys (ConfUtils.java:logGet(46)) - raft.server.rpc.request.timeout = 3000ms (default)
2024-09-29 22:54:22,440 INFO  server.RaftServerConfigKeys (ConfUtils.java:logGet(46)) - raft.server.log.appender.install.snapshot.enabled = true (default)
2024-09-29 22:54:22,440 INFO  server.RaftServerConfigKeys (ConfUtils.java:logGet(46)) - raft.server.threadpool.server.cached = true (default)
2024-09-29 22:54:22,440 INFO  server.RaftServerConfigKeys (ConfUtils.java:logGet(46)) - raft.server.threadpool.server.size = 0 (default)
2024-09-29 22:54:22,441 INFO  server.RaftServerConfigKeys (ConfUtils.java:logGet(46)) - raft.server.threadpool.client.cached = true (default)
2024-09-29 22:54:22,441 INFO  server.RaftServerConfigKeys (ConfUtils.java:logGet(46)) - raft.server.threadpool.client.size = 0 (default)
2024-09-29 22:54:22,441 INFO  server.RaftServer (RaftServerProxy.java:addNew(101)) - s1: addNew group-D63AEB44B269:[s0|localhost:15036, s1|localhost:15040, s2|localhost:15044] returns group-D63AEB44B269:java.util.concurrent.CompletableFuture@2728add3[Not completed]
2024-09-29 22:54:22,441 INFO  server.RaftServer$Division (RaftServerImpl.java:<init>(255)) - s1: new RaftServerImpl for group-D63AEB44B269:[s0|localhost:15036, s1|localhost:15040, s2|localhost:15044] with ArithmeticStateMachine:uninitialized
2024-09-29 22:54:22,441 INFO  impl.MiniRaftCluster (MiniRaftCluster.java:newRaftServer(386)) - newRaftServer: s2, group-D63AEB44B269:[s0|localhost:15036, s1|localhost:15040, s2|localhost:15044], format? true
2024-09-29 22:54:22,441 TRACE util.FileUtils (FileUtils.java:deleteFully(305)) - deleteFully target/test/data/5f617ff2/MiniRaftClusterWithSimulatedRpcee8ad438/s2
2024-09-29 22:54:22,441 INFO  server.RaftServerConfigKeys (ConfUtils.java:logGet(46)) - raft.server.rpc.timeout.min = 300ms (custom)
2024-09-29 22:54:22,442 TRACE util.FileUtils (FileUtils.java:deleteFully(318)) - deleteFully: target/test/data/5f617ff2/MiniRaftClusterWithSimulatedRpcee8ad438/s2 does not exist.
2024-09-29 22:54:22,442 INFO  impl.MiniRaftCluster (MiniRaftCluster.java:newRaftServer(391)) - Formatted directory target/test/data/5f617ff2/MiniRaftClusterWithSimulatedRpcee8ad438/s2
2024-09-29 22:54:22,442 INFO  server.RaftServerConfigKeys (ConfUtils.java:logGet(46)) - raft.server.rpc.timeout.max = 600ms (custom)
2024-09-29 22:54:22,442 INFO  server.RaftServerConfigKeys (ConfUtils.java:logGet(46)) - raft.server.rpc.sleep.time = 25ms (default)
2024-09-29 22:54:22,442 INFO  server.RaftServer (ConfUtils.java:logGet(46)) - raft.rpc.type = org.apache.ratis.server.simulation.SimulatedRpc (custom)
2024-09-29 22:54:22,442 INFO  server.RaftServerConfigKeys (ConfUtils.java:logGet(46)) - raft.server.rpc.slowness.timeout = 60s (default)
2024-09-29 22:54:22,442 INFO  server.RaftServerConfigKeys (ConfUtils.java:logGet(46)) - raft.server.leaderelection.leader.step-down.wait-time = 10s (default)
2024-09-29 22:54:22,442 INFO  server.RaftServerConfigKeys (ConfUtils.java:logGet(46)) - raft.server.leaderelection.member.majority-add = false (default)
2024-09-29 22:54:22,442 INFO  server.RaftServerConfigKeys (ConfUtils.java:logGet(46)) - raft.server.sleep.deviation.threshold = 300ms (default)
2024-09-29 22:54:22,442 INFO  impl.DataStreamServerImpl (ConfUtils.java:logGet(46)) - raft.datastream.type = DISABLED (default)
2024-09-29 22:54:22,443 INFO  server.RaftServerConfigKeys (ConfUtils.java:logGet(46)) - raft.server.sleep.deviation.threshold = 300ms (default)
2024-09-29 22:54:22,443 INFO  server.RaftServer$Division (ServerState.java:<init>(114)) - s1@group-D63AEB44B269: ConfigurationManager, init=conf: {index: -1, cur=peers:[s0|localhost:15036, s1|localhost:15040, s2|localhost:15044]|listeners:[], old=null}, confs=<EMPTY_MAP>
2024-09-29 22:54:22,443 INFO  server.RaftServerConfigKeys (ConfUtils.java:logGet(46)) - raft.server.close.threshold = 60s (default)
2024-09-29 22:54:22,443 INFO  server.RaftServerConfigKeys (ConfUtils.java:logGet(46)) - raft.server.notification.no-leader.timeout = 60s (default)
2024-09-29 22:54:22,443 INFO  server.RaftServerConfigKeys (ConfUtils.java:logGet(46)) - raft.server.leaderelection.leader.step-down.wait-time = 10s (default)
2024-09-29 22:54:22,443 INFO  server.RaftServerConfigKeys (ConfUtils.java:logGet(46)) - raft.server.read.timeout = 10s (default)
2024-09-29 22:54:22,444 INFO  server.RaftServerConfigKeys (ConfUtils.java:logGet(46)) - raft.server.storage.dir = [/home/runner/work/ratis/ratis/ratis-examples/target/test/data/5f617ff2/MiniRaftClusterWithSimulatedRpcee8ad438/s2] (custom)
2024-09-29 22:54:22,444 INFO  server.RaftServerConfigKeys (ConfUtils.java:logGet(46)) - raft.server.retrycache.expirytime = 60s (default)
2024-09-29 22:54:22,444 INFO  server.RaftServerConfigKeys (ConfUtils.java:logGet(46)) - raft.server.threadpool.proxy.cached = true (default)
2024-09-29 22:54:22,444 INFO  server.RaftServerConfigKeys (ConfUtils.java:logGet(46)) - raft.server.retrycache.statistics.expirytime = 100ms (default)
2024-09-29 22:54:22,444 INFO  server.RaftServerConfigKeys (ConfUtils.java:logGet(46)) - raft.server.threadpool.proxy.size = 0 (default)
2024-09-29 22:54:22,444 INFO  server.RaftServerConfigKeys (ConfUtils.java:logGet(46)) - raft.server.read.option = DEFAULT (default)
2024-09-29 22:54:22,444 INFO  server.RaftServerConfigKeys (ConfUtils.java:logGet(46)) - raft.server.read.read-after-write-consistent.write-index-cache.expiry-time = 60s (default)
2024-09-29 22:54:22,445 INFO  server.RaftServer (RaftServerProxy.java:addNew(101)) - s2: addNew group-D63AEB44B269:[s0|localhost:15036, s1|localhost:15040, s2|localhost:15044] returns group-D63AEB44B269:java.util.concurrent.CompletableFuture@4fb99927[Not completed]
2024-09-29 22:54:22,445 INFO  server.RaftServer$Division (RaftServerImpl.java:<init>(255)) - s2: new RaftServerImpl for group-D63AEB44B269:[s0|localhost:15036, s1|localhost:15040, s2|localhost:15044] with ArithmeticStateMachine:uninitialized
2024-09-29 22:54:22,445 INFO  server.RaftServerConfigKeys (ConfUtils.java:logGet(46)) - raft.server.rpc.timeout.min = 300ms (custom)
2024-09-29 22:54:22,445 INFO  server.RaftServerConfigKeys (ConfUtils.java:logGet(46)) - raft.server.storage.free-space.min = 0MB (=0) (default)
2024-09-29 22:54:22,445 INFO  server.RaftServerConfigKeys (ConfUtils.java:logGet(46)) - raft.server.rpc.timeout.max = 600ms (custom)
2024-09-29 22:54:22,445 INFO  server.RaftServerConfigKeys (ConfUtils.java:logGet(46)) - raft.server.log.corruption.policy = EXCEPTION (default)
2024-09-29 22:54:22,445 INFO  server.RaftServerConfigKeys (ConfUtils.java:logGet(46)) - raft.server.rpc.sleep.time = 25ms (default)
2024-09-29 22:54:22,445 INFO  server.RaftServerConfigKeys (ConfUtils.java:logGet(46)) - raft.server.rpc.slowness.timeout = 60s (default)
2024-09-29 22:54:22,445 INFO  server.RaftServerConfigKeys (ConfUtils.java:logGet(46)) - raft.server.storage.dir = [/home/runner/work/ratis/ratis/ratis-examples/target/test/data/5f617ff2/MiniRaftClusterWithSimulatedRpcee8ad438/s0] (custom)
2024-09-29 22:54:22,446 INFO  server.RaftServerConfigKeys (ConfUtils.java:logGet(46)) - raft.server.leaderelection.leader.step-down.wait-time = 10s (default)
2024-09-29 22:54:22,446 INFO  server.RaftServerConfigKeys (ConfUtils.java:logGet(46)) - raft.server.leaderelection.member.majority-add = false (default)
2024-09-29 22:54:22,446 INFO  server.RaftServerConfigKeys (ConfUtils.java:logGet(46)) - raft.server.sleep.deviation.threshold = 300ms (default)
2024-09-29 22:54:22,446 INFO  storage.RaftStorageDirectory (RaftStorageDirectoryImpl.java:analyzeStorage(138)) - The storage directory /home/runner/work/ratis/ratis/ratis-examples/target/test/data/5f617ff2/MiniRaftClusterWithSimulatedRpcee8ad438/s0/99c8524a-4f20-4083-8544-d63aeb44b269 does not exist. Creating ...
2024-09-29 22:54:22,446 INFO  server.RaftServer$Division (ServerState.java:<init>(114)) - s2@group-D63AEB44B269: ConfigurationManager, init=conf: {index: -1, cur=peers:[s0|localhost:15036, s1|localhost:15040, s2|localhost:15044]|listeners:[], old=null}, confs=<EMPTY_MAP>
2024-09-29 22:54:22,446 INFO  server.RaftServerConfigKeys (ConfUtils.java:logGet(46)) - raft.server.notification.no-leader.timeout = 60s (default)
2024-09-29 22:54:22,446 INFO  server.RaftServerConfigKeys (ConfUtils.java:logGet(46)) - raft.server.read.timeout = 10s (default)
2024-09-29 22:54:22,446 INFO  server.RaftServerConfigKeys (ConfUtils.java:logGet(46)) - raft.server.retrycache.expirytime = 60s (default)
2024-09-29 22:54:22,446 INFO  server.RaftServerConfigKeys (ConfUtils.java:logGet(46)) - raft.server.retrycache.statistics.expirytime = 100ms (default)
2024-09-29 22:54:22,446 INFO  server.RaftServerConfigKeys (ConfUtils.java:logGet(46)) - raft.server.read.option = DEFAULT (default)
2024-09-29 22:54:22,446 INFO  server.RaftServerConfigKeys (ConfUtils.java:logGet(46)) - raft.server.read.read-after-write-consistent.write-index-cache.expiry-time = 60s (default)
2024-09-29 22:54:22,446 TRACE util.FileUtils (LogUtils.java:runAndLog(49)) - Successfully ran Files.createDirectories /home/runner/work/ratis/ratis/ratis-examples/target/test/data/5f617ff2/MiniRaftClusterWithSimulatedRpcee8ad438/s0/99c8524a-4f20-4083-8544-d63aeb44b269
2024-09-29 22:54:22,447 INFO  server.RaftServerConfigKeys (ConfUtils.java:logGet(46)) - raft.server.rpc.request.timeout = 3000ms (default)
2024-09-29 22:54:22,447 INFO  server.RaftServerConfigKeys (ConfUtils.java:logGet(46)) - raft.server.log.appender.install.snapshot.enabled = true (default)
2024-09-29 22:54:22,447 INFO  server.RaftServerConfigKeys (ConfUtils.java:logGet(46)) - raft.server.threadpool.server.cached = true (default)
2024-09-29 22:54:22,447 INFO  server.RaftServerConfigKeys (ConfUtils.java:logGet(46)) - raft.server.threadpool.server.size = 0 (default)
2024-09-29 22:54:22,447 INFO  server.RaftServerConfigKeys (ConfUtils.java:logGet(46)) - raft.server.threadpool.client.cached = true (default)
2024-09-29 22:54:22,447 INFO  server.RaftServerConfigKeys (ConfUtils.java:logGet(46)) - raft.server.threadpool.client.size = 0 (default)
2024-09-29 22:54:22,447 INFO  server.RaftServerConfigKeys (ConfUtils.java:logGet(46)) - raft.server.rpc.request.timeout = 3000ms (default)
2024-09-29 22:54:22,448 INFO  server.RaftServerConfigKeys (ConfUtils.java:logGet(46)) - raft.server.log.appender.install.snapshot.enabled = true (default)
2024-09-29 22:54:22,448 INFO  server.RaftServerConfigKeys (ConfUtils.java:logGet(46)) - raft.server.threadpool.server.cached = true (default)
2024-09-29 22:54:22,448 INFO  server.RaftServerConfigKeys (ConfUtils.java:logGet(46)) - raft.server.threadpool.server.size = 0 (default)
2024-09-29 22:54:22,448 INFO  server.RaftServerConfigKeys (ConfUtils.java:logGet(46)) - raft.server.threadpool.client.cached = true (default)
2024-09-29 22:54:22,448 INFO  server.RaftServerConfigKeys (ConfUtils.java:logGet(46)) - raft.server.threadpool.client.size = 0 (default)
2024-09-29 22:54:22,448 INFO  storage.RaftStorageDirectory (RaftStorageDirectoryImpl.java:tryLock(229)) - Lock on /home/runner/work/ratis/ratis/ratis-examples/target/test/data/5f617ff2/MiniRaftClusterWithSimulatedRpcee8ad438/s0/99c8524a-4f20-4083-8544-d63aeb44b269/in_use.lock acquired by nodename 13816@fv-az699-913
2024-09-29 22:54:22,448 TRACE util.FileUtils (LogUtils.java:runAndLog(49)) - Successfully ran Files.createDirectories /home/runner/work/ratis/ratis/ratis-examples/target/test/data/5f617ff2/MiniRaftClusterWithSimulatedRpcee8ad438/s0/99c8524a-4f20-4083-8544-d63aeb44b269/current
2024-09-29 22:54:22,448 TRACE util.FileUtils (LogUtils.java:runAndLog(49)) - Successfully ran Files.createDirectories /home/runner/work/ratis/ratis/ratis-examples/target/test/data/5f617ff2/MiniRaftClusterWithSimulatedRpcee8ad438/s0/99c8524a-4f20-4083-8544-d63aeb44b269/sm
2024-09-29 22:54:22,448 TRACE util.FileUtils (LogUtils.java:supplyAndLog(69)) - Successfully supplied FileChannel.open /home/runner/work/ratis/ratis/ratis-examples/target/test/data/5f617ff2/MiniRaftClusterWithSimulatedRpcee8ad438/s0/99c8524a-4f20-4083-8544-d63aeb44b269/current/raft-meta.tmp with options [CREATE, WRITE]: sun.nio.ch.FileChannelImpl@3682fa27
2024-09-29 22:54:22,450 TRACE util.FileUtils (LogUtils.java:runAndLog(49)) - Successfully ran Atomic Files.move /home/runner/work/ratis/ratis/ratis-examples/target/test/data/5f617ff2/MiniRaftClusterWithSimulatedRpcee8ad438/s0/99c8524a-4f20-4083-8544-d63aeb44b269/current/raft-meta.tmp to /home/runner/work/ratis/ratis/ratis-examples/target/test/data/5f617ff2/MiniRaftClusterWithSimulatedRpcee8ad438/s0/99c8524a-4f20-4083-8544-d63aeb44b269/current/raft-meta with options [REPLACE_EXISTING]
2024-09-29 22:54:22,450 INFO  storage.RaftStorage (RaftStorageImpl.java:format(98)) - Storage directory /home/runner/work/ratis/ratis/ratis-examples/target/test/data/5f617ff2/MiniRaftClusterWithSimulatedRpcee8ad438/s0/99c8524a-4f20-4083-8544-d63aeb44b269 has been successfully formatted.
2024-09-29 22:54:22,450 WARN  statemachine.StateMachine (ArithmeticStateMachine.java:loadSnapshot(115)) - The snapshot info is null.
2024-09-29 22:54:22,450 INFO  server.RaftServerConfigKeys (ConfUtils.java:logGet(46)) - raft.server.log.use.memory = false (default)
2024-09-29 22:54:22,450 INFO  server.RaftServerConfigKeys (ConfUtils.java:logGet(46)) - raft.server.log.purge.gap = 1024 (default)
2024-09-29 22:54:22,450 INFO  server.RaftServerConfigKeys (ConfUtils.java:logGet(46)) - raft.server.log.appender.buffer.byte-limit = 4MB (=4194304) (default)
2024-09-29 22:54:22,450 INFO  server.RaftServerConfigKeys (ConfUtils.java:logGet(46)) - raft.server.log.statemachine.data.read.timeout = 1000ms (default)
2024-09-29 22:54:22,450 INFO  server.RaftServerConfigKeys (ConfUtils.java:logGet(46)) - raft.server.log.purge.preservation.log.num = 0 (default)
2024-09-29 22:54:22,450 INFO  server.RaftServerConfigKeys (ConfUtils.java:logGet(46)) - raft.server.log.segment.size.max = 32MB (=33554432) (default)
2024-09-29 22:54:22,451 INFO  server.RaftServerConfigKeys (ConfUtils.java:logGet(46)) - raft.server.log.segment.cache.num.max = 6 (default)
2024-09-29 22:54:22,451 INFO  server.RaftServerConfigKeys (ConfUtils.java:logGet(46)) - raft.server.log.segment.cache.size.max = 200MB (=209715200) (default)
2024-09-29 22:54:22,451 INFO  server.RaftServerConfigKeys (ConfUtils.java:logGet(46)) - raft.server.log.appender.buffer.byte-limit = 4MB (=4194304) (default)
2024-09-29 22:54:22,451 INFO  util.AwaitToRun (AwaitToRun.java:start(81)) - Thread[s0@group-D63AEB44B269-cacheEviction-AwaitToRun,5,main] started
2024-09-29 22:54:22,451 INFO  segmented.SegmentedRaftLogWorker (SegmentedRaftLogWorker.java:<init>(187)) - new s0@group-D63AEB44B269-SegmentedRaftLogWorker for RaftStorageImpl:Storage Directory /home/runner/work/ratis/ratis/ratis-examples/target/test/data/5f617ff2/MiniRaftClusterWithSimulatedRpcee8ad438/s0/99c8524a-4f20-4083-8544-d63aeb44b269
2024-09-29 22:54:22,451 INFO  server.RaftServerConfigKeys (ConfUtils.java:logGet(46)) - raft.server.log.queue.byte-limit = 64MB (=67108864) (default)
2024-09-29 22:54:22,451 INFO  server.RaftServerConfigKeys (ConfUtils.java:logGet(46)) - raft.server.log.queue.element-limit = 4096 (default)
2024-09-29 22:54:22,451 INFO  server.RaftServerConfigKeys (ConfUtils.java:logGet(46)) - raft.server.log.segment.size.max = 32MB (=33554432) (default)
2024-09-29 22:54:22,451 INFO  server.RaftServerConfigKeys (ConfUtils.java:logGet(46)) - raft.server.log.preallocated.size = 4MB (=4194304) (default)
2024-09-29 22:54:22,451 INFO  server.RaftServerConfigKeys (ConfUtils.java:logGet(46)) - raft.server.log.force.sync.num = 128 (default)
2024-09-29 22:54:22,451 INFO  server.RaftServerConfigKeys (ConfUtils.java:logGet(46)) - raft.server.log.statemachine.data.sync = true (default)
2024-09-29 22:54:22,451 INFO  server.RaftServerConfigKeys (ConfUtils.java:logGet(46)) - raft.server.log.statemachine.data.sync.timeout = 10s (default)
2024-09-29 22:54:22,451 INFO  server.RaftServerConfigKeys (ConfUtils.java:logGet(46)) - raft.server.log.statemachine.data.sync.timeout.retry = -1 (default)
2024-09-29 22:54:22,452 INFO  server.RaftServerConfigKeys (ConfUtils.java:logGet(46)) - raft.server.log.write.buffer.size = 8MB (=8388608) (default)
2024-09-29 22:54:22,453 INFO  server.RaftServerConfigKeys (ConfUtils.java:logGet(46)) - raft.server.log.appender.buffer.byte-limit = 4MB (=4194304) (default)
2024-09-29 22:54:22,453 INFO  server.RaftServerConfigKeys (ConfUtils.java:logGet(46)) - raft.server.log.unsafe-flush.enabled = false (default)
2024-09-29 22:54:22,453 INFO  server.RaftServerConfigKeys (ConfUtils.java:logGet(46)) - raft.server.log.async-flush.enabled = false (default)
2024-09-29 22:54:22,453 INFO  server.RaftServerConfigKeys (ConfUtils.java:logGet(46)) - raft.server.log.statemachine.data.caching.enabled = false (default)
2024-09-29 22:54:22,453 INFO  segmented.SegmentedRaftLogWorker (SegmentedRaftLogWorker.java:lambda$new$0(138)) - s0@group-D63AEB44B269-SegmentedRaftLogWorker: flushIndex: setUnconditionally 0 -> -1
2024-09-29 22:54:22,453 INFO  segmented.SegmentedRaftLogWorker (SegmentedRaftLogWorker.java:lambda$new$0(138)) - s0@group-D63AEB44B269-SegmentedRaftLogWorker: safeCacheEvictIndex: setUnconditionally 0 -> -1
2024-09-29 22:54:22,453 INFO  server.RaftServer$Division (RaftServerImpl.java:start(391)) - s0@group-D63AEB44B269: start as a follower, conf=conf: {index: -1, cur=peers:[s0|localhost:15036, s1|localhost:15040, s2|localhost:15044]|listeners:[], old=null}
2024-09-29 22:54:22,454 INFO  server.RaftServer$Division (RaftServerImpl.java:setRole(378)) - s0@group-D63AEB44B269: changes role from      null to FOLLOWER at term 0 for startAsFollower
2024-09-29 22:54:22,454 INFO  impl.RoleInfo (RoleInfo.java:updateAndGet(148)) - s0: start s0@group-D63AEB44B269-FollowerState
2024-09-29 22:54:22,454 INFO  server.RaftServerConfigKeys (ConfUtils.java:logFallback(53)) - raft.server.rpc.first-election.timeout.min = 300ms (fallback to raft.server.rpc.timeout.min)
2024-09-29 22:54:22,454 INFO  server.RaftServerConfigKeys (ConfUtils.java:logFallback(53)) - raft.server.rpc.first-election.timeout.max = 600ms (fallback to raft.server.rpc.timeout.max)
2024-09-29 22:54:22,454 INFO  util.JmxRegister (JmxRegister.java:tryRegister(44)) - Successfully registered JMX Bean with object name Ratis:service=RaftServer,group=group-D63AEB44B269,id=s0
2024-09-29 22:54:22,454 INFO  util.JmxRegister (JmxRegister.java:register(58)) - register mxBean class org.apache.ratis.server.impl.RaftServerJmxAdapter as Ratis:service=RaftServer,group=group-D63AEB44B269,id=s0
2024-09-29 22:54:22,454 INFO  server.RaftServerConfigKeys (ConfUtils.java:logGet(46)) - raft.server.snapshot.trigger-when-stop.enabled = true (default)
2024-09-29 22:54:22,454 INFO  server.RaftServerConfigKeys (ConfUtils.java:logGet(46)) - raft.server.snapshot.trigger-when-remove.enabled = true (default)
2024-09-29 22:54:22,454 INFO  server.RaftServerConfigKeys (ConfUtils.java:logGet(46)) - raft.server.snapshot.auto.trigger.enabled = false (default)
2024-09-29 22:54:22,454 INFO  server.RaftServerConfigKeys (ConfUtils.java:logGet(46)) - raft.server.snapshot.retention.file.num = -1 (default)
2024-09-29 22:54:22,455 INFO  server.RaftServerConfigKeys (ConfUtils.java:logGet(46)) - raft.server.log.purge.upto.snapshot.index = false (default)
2024-09-29 22:54:22,455 INFO  server.RaftServer (RaftServerProxy.java:startImpl(408)) - s0: start RPC server
2024-09-29 22:54:22,455 INFO  util.JvmPauseMonitor (JvmPauseMonitor.java:run(146)) - JvmPauseMonitor-s0: Started
2024-09-29 22:54:22,455 INFO  server.RaftServerConfigKeys (ConfUtils.java:logGet(46)) - raft.server.storage.free-space.min = 0MB (=0) (default)
2024-09-29 22:54:22,456 INFO  server.RaftServerConfigKeys (ConfUtils.java:logGet(46)) - raft.server.log.corruption.policy = EXCEPTION (default)
2024-09-29 22:54:22,456 INFO  server.RaftServerConfigKeys (ConfUtils.java:logGet(46)) - raft.server.storage.dir = [/home/runner/work/ratis/ratis/ratis-examples/target/test/data/5f617ff2/MiniRaftClusterWithSimulatedRpcee8ad438/s1] (custom)
2024-09-29 22:54:22,456 INFO  storage.RaftStorageDirectory (RaftStorageDirectoryImpl.java:analyzeStorage(138)) - The storage directory /home/runner/work/ratis/ratis/ratis-examples/target/test/data/5f617ff2/MiniRaftClusterWithSimulatedRpcee8ad438/s1/99c8524a-4f20-4083-8544-d63aeb44b269 does not exist. Creating ...
2024-09-29 22:54:22,456 TRACE util.FileUtils (LogUtils.java:runAndLog(49)) - Successfully ran Files.createDirectories /home/runner/work/ratis/ratis/ratis-examples/target/test/data/5f617ff2/MiniRaftClusterWithSimulatedRpcee8ad438/s1/99c8524a-4f20-4083-8544-d63aeb44b269
2024-09-29 22:54:22,457 INFO  storage.RaftStorageDirectory (RaftStorageDirectoryImpl.java:tryLock(229)) - Lock on /home/runner/work/ratis/ratis/ratis-examples/target/test/data/5f617ff2/MiniRaftClusterWithSimulatedRpcee8ad438/s1/99c8524a-4f20-4083-8544-d63aeb44b269/in_use.lock acquired by nodename 13816@fv-az699-913
2024-09-29 22:54:22,457 TRACE util.FileUtils (LogUtils.java:runAndLog(49)) - Successfully ran Files.createDirectories /home/runner/work/ratis/ratis/ratis-examples/target/test/data/5f617ff2/MiniRaftClusterWithSimulatedRpcee8ad438/s1/99c8524a-4f20-4083-8544-d63aeb44b269/current
2024-09-29 22:54:22,457 TRACE util.FileUtils (LogUtils.java:runAndLog(49)) - Successfully ran Files.createDirectories /home/runner/work/ratis/ratis/ratis-examples/target/test/data/5f617ff2/MiniRaftClusterWithSimulatedRpcee8ad438/s1/99c8524a-4f20-4083-8544-d63aeb44b269/sm
2024-09-29 22:54:22,457 TRACE util.FileUtils (LogUtils.java:supplyAndLog(69)) - Successfully supplied FileChannel.open /home/runner/work/ratis/ratis/ratis-examples/target/test/data/5f617ff2/MiniRaftClusterWithSimulatedRpcee8ad438/s1/99c8524a-4f20-4083-8544-d63aeb44b269/current/raft-meta.tmp with options [CREATE, WRITE]: sun.nio.ch.FileChannelImpl@82f0d39
2024-09-29 22:54:22,458 TRACE util.FileUtils (LogUtils.java:runAndLog(49)) - Successfully ran Atomic Files.move /home/runner/work/ratis/ratis/ratis-examples/target/test/data/5f617ff2/MiniRaftClusterWithSimulatedRpcee8ad438/s1/99c8524a-4f20-4083-8544-d63aeb44b269/current/raft-meta.tmp to /home/runner/work/ratis/ratis/ratis-examples/target/test/data/5f617ff2/MiniRaftClusterWithSimulatedRpcee8ad438/s1/99c8524a-4f20-4083-8544-d63aeb44b269/current/raft-meta with options [REPLACE_EXISTING]
2024-09-29 22:54:22,458 INFO  storage.RaftStorage (RaftStorageImpl.java:format(98)) - Storage directory /home/runner/work/ratis/ratis/ratis-examples/target/test/data/5f617ff2/MiniRaftClusterWithSimulatedRpcee8ad438/s1/99c8524a-4f20-4083-8544-d63aeb44b269 has been successfully formatted.
2024-09-29 22:54:22,459 WARN  statemachine.StateMachine (ArithmeticStateMachine.java:loadSnapshot(115)) - The snapshot info is null.
2024-09-29 22:54:22,459 INFO  server.RaftServerConfigKeys (ConfUtils.java:logGet(46)) - raft.server.log.use.memory = false (default)
2024-09-29 22:54:22,459 INFO  server.RaftServerConfigKeys (ConfUtils.java:logGet(46)) - raft.server.log.purge.gap = 1024 (default)
2024-09-29 22:54:22,459 INFO  server.RaftServerConfigKeys (ConfUtils.java:logGet(46)) - raft.server.log.appender.buffer.byte-limit = 4MB (=4194304) (default)
2024-09-29 22:54:22,459 INFO  server.RaftServerConfigKeys (ConfUtils.java:logGet(46)) - raft.server.log.statemachine.data.read.timeout = 1000ms (default)
2024-09-29 22:54:22,459 INFO  server.RaftServerConfigKeys (ConfUtils.java:logGet(46)) - raft.server.log.purge.preservation.log.num = 0 (default)
2024-09-29 22:54:22,459 INFO  server.RaftServerConfigKeys (ConfUtils.java:logGet(46)) - raft.server.log.segment.size.max = 32MB (=33554432) (default)
2024-09-29 22:54:22,459 INFO  server.RaftServerConfigKeys (ConfUtils.java:logGet(46)) - raft.server.log.segment.cache.num.max = 6 (default)
2024-09-29 22:54:22,459 INFO  server.RaftServerConfigKeys (ConfUtils.java:logGet(46)) - raft.server.log.segment.cache.size.max = 200MB (=209715200) (default)
2024-09-29 22:54:22,460 INFO  server.RaftServerConfigKeys (ConfUtils.java:logGet(46)) - raft.server.log.appender.buffer.byte-limit = 4MB (=4194304) (default)
2024-09-29 22:54:22,460 INFO  util.AwaitToRun (AwaitToRun.java:start(81)) - Thread[s1@group-D63AEB44B269-cacheEviction-AwaitToRun,5,main] started
2024-09-29 22:54:22,460 INFO  segmented.SegmentedRaftLogWorker (SegmentedRaftLogWorker.java:<init>(187)) - new s1@group-D63AEB44B269-SegmentedRaftLogWorker for RaftStorageImpl:Storage Directory /home/runner/work/ratis/ratis/ratis-examples/target/test/data/5f617ff2/MiniRaftClusterWithSimulatedRpcee8ad438/s1/99c8524a-4f20-4083-8544-d63aeb44b269
2024-09-29 22:54:22,460 INFO  server.RaftServerConfigKeys (ConfUtils.java:logGet(46)) - raft.server.log.queue.byte-limit = 64MB (=67108864) (default)
2024-09-29 22:54:22,460 INFO  server.RaftServerConfigKeys (ConfUtils.java:logGet(46)) - raft.server.log.queue.element-limit = 4096 (default)
2024-09-29 22:54:22,460 INFO  server.RaftServerConfigKeys (ConfUtils.java:logGet(46)) - raft.server.log.segment.size.max = 32MB (=33554432) (default)
2024-09-29 22:54:22,460 INFO  server.RaftServerConfigKeys (ConfUtils.java:logGet(46)) - raft.server.log.preallocated.size = 4MB (=4194304) (default)
2024-09-29 22:54:22,460 INFO  server.RaftServerConfigKeys (ConfUtils.java:logGet(46)) - raft.server.log.force.sync.num = 128 (default)
2024-09-29 22:54:22,460 INFO  server.RaftServerConfigKeys (ConfUtils.java:logGet(46)) - raft.server.log.statemachine.data.sync = true (default)
2024-09-29 22:54:22,460 INFO  server.RaftServerConfigKeys (ConfUtils.java:logGet(46)) - raft.server.log.statemachine.data.sync.timeout = 10s (default)
2024-09-29 22:54:22,460 INFO  server.RaftServerConfigKeys (ConfUtils.java:logGet(46)) - raft.server.log.statemachine.data.sync.timeout.retry = -1 (default)
2024-09-29 22:54:22,460 INFO  server.RaftServerConfigKeys (ConfUtils.java:logGet(46)) - raft.server.log.write.buffer.size = 8MB (=8388608) (default)
2024-09-29 22:54:22,461 INFO  server.RaftServerConfigKeys (ConfUtils.java:logGet(46)) - raft.server.log.appender.buffer.byte-limit = 4MB (=4194304) (default)
2024-09-29 22:54:22,461 INFO  server.RaftServerConfigKeys (ConfUtils.java:logGet(46)) - raft.server.log.unsafe-flush.enabled = false (default)
2024-09-29 22:54:22,461 INFO  server.RaftServerConfigKeys (ConfUtils.java:logGet(46)) - raft.server.log.async-flush.enabled = false (default)
2024-09-29 22:54:22,461 INFO  server.RaftServerConfigKeys (ConfUtils.java:logGet(46)) - raft.server.log.statemachine.data.caching.enabled = false (default)
2024-09-29 22:54:22,461 INFO  segmented.SegmentedRaftLogWorker (SegmentedRaftLogWorker.java:lambda$new$0(138)) - s1@group-D63AEB44B269-SegmentedRaftLogWorker: flushIndex: setUnconditionally 0 -> -1
2024-09-29 22:54:22,461 INFO  segmented.SegmentedRaftLogWorker (SegmentedRaftLogWorker.java:lambda$new$0(138)) - s1@group-D63AEB44B269-SegmentedRaftLogWorker: safeCacheEvictIndex: setUnconditionally 0 -> -1
2024-09-29 22:54:22,461 INFO  server.RaftServer$Division (RaftServerImpl.java:start(391)) - s1@group-D63AEB44B269: start as a follower, conf=conf: {index: -1, cur=peers:[s0|localhost:15036, s1|localhost:15040, s2|localhost:15044]|listeners:[], old=null}
2024-09-29 22:54:22,461 INFO  server.RaftServer$Division (RaftServerImpl.java:setRole(378)) - s1@group-D63AEB44B269: changes role from      null to FOLLOWER at term 0 for startAsFollower
2024-09-29 22:54:22,461 INFO  impl.RoleInfo (RoleInfo.java:updateAndGet(148)) - s1: start s1@group-D63AEB44B269-FollowerState
2024-09-29 22:54:22,462 INFO  util.JmxRegister (JmxRegister.java:tryRegister(44)) - Successfully registered JMX Bean with object name Ratis:service=RaftServer,group=group-D63AEB44B269,id=s1
2024-09-29 22:54:22,462 INFO  util.JmxRegister (JmxRegister.java:register(58)) - register mxBean class org.apache.ratis.server.impl.RaftServerJmxAdapter as Ratis:service=RaftServer,group=group-D63AEB44B269,id=s1
2024-09-29 22:54:22,462 INFO  server.RaftServerConfigKeys (ConfUtils.java:logFallback(53)) - raft.server.rpc.first-election.timeout.min = 300ms (fallback to raft.server.rpc.timeout.min)
2024-09-29 22:54:22,462 INFO  server.RaftServerConfigKeys (ConfUtils.java:logGet(46)) - raft.server.snapshot.trigger-when-stop.enabled = true (default)
2024-09-29 22:54:22,462 INFO  server.RaftServerConfigKeys (ConfUtils.java:logFallback(53)) - raft.server.rpc.first-election.timeout.max = 600ms (fallback to raft.server.rpc.timeout.max)
2024-09-29 22:54:22,462 INFO  server.RaftServerConfigKeys (ConfUtils.java:logGet(46)) - raft.server.snapshot.trigger-when-remove.enabled = true (default)
2024-09-29 22:54:22,462 INFO  server.RaftServerConfigKeys (ConfUtils.java:logGet(46)) - raft.server.snapshot.auto.trigger.enabled = false (default)
2024-09-29 22:54:22,462 INFO  server.RaftServerConfigKeys (ConfUtils.java:logGet(46)) - raft.server.snapshot.retention.file.num = -1 (default)
2024-09-29 22:54:22,462 INFO  server.RaftServerConfigKeys (ConfUtils.java:logGet(46)) - raft.server.log.purge.upto.snapshot.index = false (default)
2024-09-29 22:54:22,463 INFO  server.RaftServer (RaftServerProxy.java:startImpl(408)) - s1: start RPC server
2024-09-29 22:54:22,463 INFO  util.JvmPauseMonitor (JvmPauseMonitor.java:run(146)) - JvmPauseMonitor-s1: Started
2024-09-29 22:54:22,463 INFO  server.RaftServerConfigKeys (ConfUtils.java:logGet(46)) - raft.server.storage.free-space.min = 0MB (=0) (default)
2024-09-29 22:54:22,463 INFO  server.RaftServerConfigKeys (ConfUtils.java:logGet(46)) - raft.server.log.corruption.policy = EXCEPTION (default)
2024-09-29 22:54:22,463 INFO  server.RaftServerConfigKeys (ConfUtils.java:logGet(46)) - raft.server.storage.dir = [/home/runner/work/ratis/ratis/ratis-examples/target/test/data/5f617ff2/MiniRaftClusterWithSimulatedRpcee8ad438/s2] (custom)
2024-09-29 22:54:22,464 INFO  storage.RaftStorageDirectory (RaftStorageDirectoryImpl.java:analyzeStorage(138)) - The storage directory /home/runner/work/ratis/ratis/ratis-examples/target/test/data/5f617ff2/MiniRaftClusterWithSimulatedRpcee8ad438/s2/99c8524a-4f20-4083-8544-d63aeb44b269 does not exist. Creating ...
2024-09-29 22:54:22,464 TRACE util.FileUtils (LogUtils.java:runAndLog(49)) - Successfully ran Files.createDirectories /home/runner/work/ratis/ratis/ratis-examples/target/test/data/5f617ff2/MiniRaftClusterWithSimulatedRpcee8ad438/s2/99c8524a-4f20-4083-8544-d63aeb44b269
2024-09-29 22:54:22,465 INFO  storage.RaftStorageDirectory (RaftStorageDirectoryImpl.java:tryLock(229)) - Lock on /home/runner/work/ratis/ratis/ratis-examples/target/test/data/5f617ff2/MiniRaftClusterWithSimulatedRpcee8ad438/s2/99c8524a-4f20-4083-8544-d63aeb44b269/in_use.lock acquired by nodename 13816@fv-az699-913
2024-09-29 22:54:22,465 TRACE util.FileUtils (LogUtils.java:runAndLog(49)) - Successfully ran Files.createDirectories /home/runner/work/ratis/ratis/ratis-examples/target/test/data/5f617ff2/MiniRaftClusterWithSimulatedRpcee8ad438/s2/99c8524a-4f20-4083-8544-d63aeb44b269/current
2024-09-29 22:54:22,465 TRACE util.FileUtils (LogUtils.java:runAndLog(49)) - Successfully ran Files.createDirectories /home/runner/work/ratis/ratis/ratis-examples/target/test/data/5f617ff2/MiniRaftClusterWithSimulatedRpcee8ad438/s2/99c8524a-4f20-4083-8544-d63aeb44b269/sm
2024-09-29 22:54:22,465 TRACE util.FileUtils (LogUtils.java:supplyAndLog(69)) - Successfully supplied FileChannel.open /home/runner/work/ratis/ratis/ratis-examples/target/test/data/5f617ff2/MiniRaftClusterWithSimulatedRpcee8ad438/s2/99c8524a-4f20-4083-8544-d63aeb44b269/current/raft-meta.tmp with options [CREATE, WRITE]: sun.nio.ch.FileChannelImpl@7639f1b5
2024-09-29 22:54:22,466 TRACE util.FileUtils (LogUtils.java:runAndLog(49)) - Successfully ran Atomic Files.move /home/runner/work/ratis/ratis/ratis-examples/target/test/data/5f617ff2/MiniRaftClusterWithSimulatedRpcee8ad438/s2/99c8524a-4f20-4083-8544-d63aeb44b269/current/raft-meta.tmp to /home/runner/work/ratis/ratis/ratis-examples/target/test/data/5f617ff2/MiniRaftClusterWithSimulatedRpcee8ad438/s2/99c8524a-4f20-4083-8544-d63aeb44b269/current/raft-meta with options [REPLACE_EXISTING]
2024-09-29 22:54:22,466 INFO  storage.RaftStorage (RaftStorageImpl.java:format(98)) - Storage directory /home/runner/work/ratis/ratis/ratis-examples/target/test/data/5f617ff2/MiniRaftClusterWithSimulatedRpcee8ad438/s2/99c8524a-4f20-4083-8544-d63aeb44b269 has been successfully formatted.
2024-09-29 22:54:22,466 WARN  statemachine.StateMachine (ArithmeticStateMachine.java:loadSnapshot(115)) - The snapshot info is null.
2024-09-29 22:54:22,466 INFO  server.RaftServerConfigKeys (ConfUtils.java:logGet(46)) - raft.server.log.use.memory = false (default)
2024-09-29 22:54:22,467 INFO  server.RaftServerConfigKeys (ConfUtils.java:logGet(46)) - raft.server.log.purge.gap = 1024 (default)
2024-09-29 22:54:22,467 INFO  server.RaftServerConfigKeys (ConfUtils.java:logGet(46)) - raft.server.log.appender.buffer.byte-limit = 4MB (=4194304) (default)
2024-09-29 22:54:22,467 INFO  server.RaftServerConfigKeys (ConfUtils.java:logGet(46)) - raft.server.log.statemachine.data.read.timeout = 1000ms (default)
2024-09-29 22:54:22,467 INFO  server.RaftServerConfigKeys (ConfUtils.java:logGet(46)) - raft.server.log.purge.preservation.log.num = 0 (default)
2024-09-29 22:54:22,467 INFO  server.RaftServerConfigKeys (ConfUtils.java:logGet(46)) - raft.server.log.segment.size.max = 32MB (=33554432) (default)
2024-09-29 22:54:22,467 INFO  server.RaftServerConfigKeys (ConfUtils.java:logGet(46)) - raft.server.log.segment.cache.num.max = 6 (default)
2024-09-29 22:54:22,467 INFO  server.RaftServerConfigKeys (ConfUtils.java:logGet(46)) - raft.server.log.segment.cache.size.max = 200MB (=209715200) (default)
2024-09-29 22:54:22,467 INFO  server.RaftServerConfigKeys (ConfUtils.java:logGet(46)) - raft.server.log.appender.buffer.byte-limit = 4MB (=4194304) (default)
2024-09-29 22:54:22,468 INFO  util.AwaitToRun (AwaitToRun.java:start(81)) - Thread[s2@group-D63AEB44B269-cacheEviction-AwaitToRun,5,main] started
2024-09-29 22:54:22,468 INFO  segmented.SegmentedRaftLogWorker (SegmentedRaftLogWorker.java:<init>(187)) - new s2@group-D63AEB44B269-SegmentedRaftLogWorker for RaftStorageImpl:Storage Directory /home/runner/work/ratis/ratis/ratis-examples/target/test/data/5f617ff2/MiniRaftClusterWithSimulatedRpcee8ad438/s2/99c8524a-4f20-4083-8544-d63aeb44b269
2024-09-29 22:54:22,468 INFO  server.RaftServerConfigKeys (ConfUtils.java:logGet(46)) - raft.server.log.queue.byte-limit = 64MB (=67108864) (default)
2024-09-29 22:54:22,468 INFO  server.RaftServerConfigKeys (ConfUtils.java:logGet(46)) - raft.server.log.queue.element-limit = 4096 (default)
2024-09-29 22:54:22,468 INFO  server.RaftServerConfigKeys (ConfUtils.java:logGet(46)) - raft.server.log.segment.size.max = 32MB (=33554432) (default)
2024-09-29 22:54:22,468 INFO  server.RaftServerConfigKeys (ConfUtils.java:logGet(46)) - raft.server.log.preallocated.size = 4MB (=4194304) (default)
2024-09-29 22:54:22,468 INFO  server.RaftServerConfigKeys (ConfUtils.java:logGet(46)) - raft.server.log.force.sync.num = 128 (default)
2024-09-29 22:54:22,468 INFO  server.RaftServerConfigKeys (ConfUtils.java:logGet(46)) - raft.server.log.statemachine.data.sync = true (default)
2024-09-29 22:54:22,468 INFO  server.RaftServerConfigKeys (ConfUtils.java:logGet(46)) - raft.server.log.statemachine.data.sync.timeout = 10s (default)
2024-09-29 22:54:22,468 INFO  server.RaftServerConfigKeys (ConfUtils.java:logGet(46)) - raft.server.log.statemachine.data.sync.timeout.retry = -1 (default)
2024-09-29 22:54:22,468 INFO  server.RaftServerConfigKeys (ConfUtils.java:logGet(46)) - raft.server.log.write.buffer.size = 8MB (=8388608) (default)
2024-09-29 22:54:22,469 INFO  server.RaftServerConfigKeys (ConfUtils.java:logGet(46)) - raft.server.log.appender.buffer.byte-limit = 4MB (=4194304) (default)
2024-09-29 22:54:22,469 INFO  server.RaftServerConfigKeys (ConfUtils.java:logGet(46)) - raft.server.log.unsafe-flush.enabled = false (default)
2024-09-29 22:54:22,469 INFO  server.RaftServerConfigKeys (ConfUtils.java:logGet(46)) - raft.server.log.async-flush.enabled = false (default)
2024-09-29 22:54:22,469 INFO  server.RaftServerConfigKeys (ConfUtils.java:logGet(46)) - raft.server.log.statemachine.data.caching.enabled = false (default)
2024-09-29 22:54:22,469 INFO  segmented.SegmentedRaftLogWorker (SegmentedRaftLogWorker.java:lambda$new$0(138)) - s2@group-D63AEB44B269-SegmentedRaftLogWorker: flushIndex: setUnconditionally 0 -> -1
2024-09-29 22:54:22,469 INFO  segmented.SegmentedRaftLogWorker (SegmentedRaftLogWorker.java:lambda$new$0(138)) - s2@group-D63AEB44B269-SegmentedRaftLogWorker: safeCacheEvictIndex: setUnconditionally 0 -> -1
2024-09-29 22:54:22,469 INFO  server.RaftServer$Division (RaftServerImpl.java:start(391)) - s2@group-D63AEB44B269: start as a follower, conf=conf: {index: -1, cur=peers:[s0|localhost:15036, s1|localhost:15040, s2|localhost:15044]|listeners:[], old=null}
2024-09-29 22:54:22,470 INFO  server.RaftServer$Division (RaftServerImpl.java:setRole(378)) - s2@group-D63AEB44B269: changes role from      null to FOLLOWER at term 0 for startAsFollower
2024-09-29 22:54:22,470 INFO  impl.RoleInfo (RoleInfo.java:updateAndGet(148)) - s2: start s2@group-D63AEB44B269-FollowerState
2024-09-29 22:54:22,470 INFO  server.RaftServerConfigKeys (ConfUtils.java:logFallback(53)) - raft.server.rpc.first-election.timeout.min = 300ms (fallback to raft.server.rpc.timeout.min)
2024-09-29 22:54:22,470 INFO  util.JmxRegister (JmxRegister.java:tryRegister(44)) - Successfully registered JMX Bean with object name Ratis:service=RaftServer,group=group-D63AEB44B269,id=s2
2024-09-29 22:54:22,470 INFO  util.JmxRegister (JmxRegister.java:register(58)) - register mxBean class org.apache.ratis.server.impl.RaftServerJmxAdapter as Ratis:service=RaftServer,group=group-D63AEB44B269,id=s2
2024-09-29 22:54:22,470 INFO  server.RaftServerConfigKeys (ConfUtils.java:logGet(46)) - raft.server.snapshot.trigger-when-stop.enabled = true (default)
2024-09-29 22:54:22,470 INFO  server.RaftServerConfigKeys (ConfUtils.java:logGet(46)) - raft.server.snapshot.trigger-when-remove.enabled = true (default)
2024-09-29 22:54:22,470 INFO  server.RaftServerConfigKeys (ConfUtils.java:logGet(46)) - raft.server.snapshot.auto.trigger.enabled = false (default)
2024-09-29 22:54:22,470 INFO  server.RaftServerConfigKeys (ConfUtils.java:logGet(46)) - raft.server.snapshot.retention.file.num = -1 (default)
2024-09-29 22:54:22,470 INFO  server.RaftServerConfigKeys (ConfUtils.java:logGet(46)) - raft.server.log.purge.upto.snapshot.index = false (default)
2024-09-29 22:54:22,470 INFO  server.RaftServerConfigKeys (ConfUtils.java:logFallback(53)) - raft.server.rpc.first-election.timeout.max = 600ms (fallback to raft.server.rpc.timeout.max)
2024-09-29 22:54:22,471 INFO  server.RaftServer (RaftServerProxy.java:startImpl(408)) - s2: start RPC server
2024-09-29 22:54:22,471 INFO  util.JvmPauseMonitor (JvmPauseMonitor.java:run(146)) - JvmPauseMonitor-s2: Started
2024-09-29 22:54:22,472 INFO  server.RaftServerConfigKeys (ConfUtils.java:logGet(46)) - raft.server.rpc.timeout.max = 600ms (custom)
2024-09-29 22:54:22,472 INFO  ratis.RaftTestUtil (RaftTestUtil.java:waitForLeader(107)) - printing ALL groups
  s0:  RUNNING  FOLLOWER s0@group-D63AEB44B269:t0, leader=null, voted=, raftlog=Memoized:s0@group-D63AEB44B269-SegmentedRaftLog:OPENED:c-1:lastnull, conf=conf: {index: -1, cur=peers:[s0|localhost:15036, s1|localhost:15040, s2|localhost:15044]|listeners:[], old=null} RUNNING
  s1:  RUNNING  FOLLOWER s1@group-D63AEB44B269:t0, leader=null, voted=, raftlog=Memoized:s1@group-D63AEB44B269-SegmentedRaftLog:OPENED:c-1:lastnull, conf=conf: {index: -1, cur=peers:[s0|localhost:15036, s1|localhost:15040, s2|localhost:15044]|listeners:[], old=null} RUNNING
  s2:  RUNNING  FOLLOWER s2@group-D63AEB44B269:t0, leader=null, voted=, raftlog=Memoized:s2@group-D63AEB44B269-SegmentedRaftLog:OPENED:c-1:lastnull, conf=conf: {index: -1, cur=peers:[s0|localhost:15036, s1|localhost:15040, s2|localhost:15044]|listeners:[], old=null} RUNNING
2024-09-29 22:54:22,472 WARN  ratis.RaftTestUtil (RaftTestUtil.java:lambda$waitForLeader$3(126)) - Attempt #1 failed: java.lang.IllegalStateException: No leader yet : printing ALL groups
  s0:  RUNNING  FOLLOWER s0@group-D63AEB44B269:t0, leader=null, voted=, raftlog=Memoized:s0@group-D63AEB44B269-SegmentedRaftLog:OPENED:c-1:lastnull, conf=conf: {index: -1, cur=peers:[s0|localhost:15036, s1|localhost:15040, s2|localhost:15044]|listeners:[], old=null} RUNNING
  s1:  RUNNING  FOLLOWER s1@group-D63AEB44B269:t0, leader=null, voted=, raftlog=Memoized:s1@group-D63AEB44B269-SegmentedRaftLog:OPENED:c-1:lastnull, conf=conf: {index: -1, cur=peers:[s0|localhost:15036, s1|localhost:15040, s2|localhost:15044]|listeners:[], old=null} RUNNING
  s2:  RUNNING  FOLLOWER s2@group-D63AEB44B269:t0, leader=null, voted=, raftlog=Memoized:s2@group-D63AEB44B269-SegmentedRaftLog:OPENED:c-1:lastnull, conf=conf: {index: -1, cur=peers:[s0|localhost:15036, s1|localhost:15040, s2|localhost:15044]|listeners:[], old=null} RUNNING
2024-09-29 22:54:22,810 INFO  impl.FollowerState (FollowerState.java:run(144)) - s1@group-D63AEB44B269-FollowerState: change to CANDIDATE, lastRpcElapsedTime:348638853ns, electionTimeout:348ms
2024-09-29 22:54:22,811 INFO  impl.RoleInfo (RoleInfo.java:shutdownFollowerState(119)) - s1: shutdown s1@group-D63AEB44B269-FollowerState
2024-09-29 22:54:22,811 INFO  server.RaftServer$Division (RaftServerImpl.java:setRole(378)) - s1@group-D63AEB44B269: changes role from  FOLLOWER to CANDIDATE at term 0 for changeToCandidate
2024-09-29 22:54:22,811 INFO  server.RaftServerConfigKeys (ConfUtils.java:logGet(46)) - raft.server.leaderelection.pre-vote = true (default)
2024-09-29 22:54:22,811 INFO  impl.RoleInfo (RoleInfo.java:updateAndGet(148)) - s1: start s1@group-D63AEB44B269-LeaderElection9
2024-09-29 22:54:22,812 INFO  impl.LeaderElection (LeaderElection.java:askForVotes(325)) - s1@group-D63AEB44B269-LeaderElection9 PRE_VOTE round 0: submit vote requests at term 0 for conf: {index: -1, cur=peers:[s0|localhost:15036, s1|localhost:15040, s2|localhost:15044]|listeners:[], old=null}
2024-09-29 22:54:22,812 INFO  server.RaftServerConfigKeys (ConfUtils.java:logFallback(53)) - raft.server.rpc.first-election.timeout.min = 300ms (fallback to raft.server.rpc.timeout.min)
2024-09-29 22:54:22,812 INFO  server.RaftServer$Division (RaftServerImpl.java:requestVote(1439)) - s2@group-D63AEB44B269: receive requestVote(PRE_VOTE, s1, group-D63AEB44B269, 0, (t:0, i:0))
2024-09-29 22:54:22,813 INFO  impl.VoteContext (VoteContext.java:log(49)) - s2@group-D63AEB44B269-FOLLOWER: accept PRE_VOTE from s1: our priority 0 <= candidate's priority 0
2024-09-29 22:54:22,813 INFO  server.RaftServer$Division (RaftServerImpl.java:requestVote(1472)) - s2@group-D63AEB44B269 replies to PRE_VOTE vote request: s1<-s2#0:OK-t0. Peer's state: s2@group-D63AEB44B269:t0, leader=null, voted=, raftlog=Memoized:s2@group-D63AEB44B269-SegmentedRaftLog:OPENED:c-1:lastnull, conf=conf: {index: -1, cur=peers:[s0|localhost:15036, s1|localhost:15040, s2|localhost:15044]|listeners:[], old=null}
2024-09-29 22:54:22,812 INFO  server.RaftServerConfigKeys (ConfUtils.java:logFallback(53)) - raft.server.rpc.first-election.timeout.max = 600ms (fallback to raft.server.rpc.timeout.max)
2024-09-29 22:54:22,812 INFO  server.RaftServer$Division (RaftServerImpl.java:requestVote(1439)) - s0@group-D63AEB44B269: receive requestVote(PRE_VOTE, s1, group-D63AEB44B269, 0, (t:0, i:0))
2024-09-29 22:54:22,813 INFO  impl.LeaderElection (LeaderElection.java:logAndReturn(89)) - s1@group-D63AEB44B269-LeaderElection9: PRE_VOTE PASSED received 1 response(s) and 0 exception(s):
2024-09-29 22:54:22,813 INFO  impl.LeaderElection (LeaderElection.java:logAndReturn(93)) -   Response 0: s1<-s2#0:OK-t0
2024-09-29 22:54:22,813 INFO  impl.VoteContext (VoteContext.java:log(49)) - s0@group-D63AEB44B269-FOLLOWER: accept PRE_VOTE from s1: our priority 0 <= candidate's priority 0
2024-09-29 22:54:22,813 INFO  impl.LeaderElection (LeaderElection.java:askForVotes(327)) - s1@group-D63AEB44B269-LeaderElection9 PRE_VOTE round 0: result PASSED
2024-09-29 22:54:22,813 INFO  server.RaftServer$Division (RaftServerImpl.java:requestVote(1472)) - s0@group-D63AEB44B269 replies to PRE_VOTE vote request: s1<-s0#0:OK-t0. Peer's state: s0@group-D63AEB44B269:t0, leader=null, voted=, raftlog=Memoized:s0@group-D63AEB44B269-SegmentedRaftLog:OPENED:c-1:lastnull, conf=conf: {index: -1, cur=peers:[s0|localhost:15036, s1|localhost:15040, s2|localhost:15044]|listeners:[], old=null}
2024-09-29 22:54:22,814 TRACE util.FileUtils (LogUtils.java:supplyAndLog(69)) - Successfully supplied FileChannel.open /home/runner/work/ratis/ratis/ratis-examples/target/test/data/5f617ff2/MiniRaftClusterWithSimulatedRpcee8ad438/s1/99c8524a-4f20-4083-8544-d63aeb44b269/current/raft-meta.tmp with options [CREATE, WRITE]: sun.nio.ch.FileChannelImpl@72696953
2024-09-29 22:54:22,815 TRACE util.FileUtils (LogUtils.java:runAndLog(49)) - Successfully ran Atomic Files.move /home/runner/work/ratis/ratis/ratis-examples/target/test/data/5f617ff2/MiniRaftClusterWithSimulatedRpcee8ad438/s1/99c8524a-4f20-4083-8544-d63aeb44b269/current/raft-meta.tmp to /home/runner/work/ratis/ratis/ratis-examples/target/test/data/5f617ff2/MiniRaftClusterWithSimulatedRpcee8ad438/s1/99c8524a-4f20-4083-8544-d63aeb44b269/current/raft-meta with options [REPLACE_EXISTING]
2024-09-29 22:54:22,815 INFO  impl.LeaderElection (LeaderElection.java:askForVotes(325)) - s1@group-D63AEB44B269-LeaderElection9 ELECTION round 0: submit vote requests at term 1 for conf: {index: -1, cur=peers:[s0|localhost:15036, s1|localhost:15040, s2|localhost:15044]|listeners:[], old=null}
2024-09-29 22:54:22,815 INFO  server.RaftServerConfigKeys (ConfUtils.java:logFallback(53)) - raft.server.rpc.first-election.timeout.min = 300ms (fallback to raft.server.rpc.timeout.min)
2024-09-29 22:54:22,816 INFO  server.RaftServer$Division (RaftServerImpl.java:requestVote(1439)) - s2@group-D63AEB44B269: receive requestVote(ELECTION, s1, group-D63AEB44B269, 1, (t:0, i:0))
2024-09-29 22:54:22,815 INFO  server.RaftServer$Division (RaftServerImpl.java:requestVote(1439)) - s0@group-D63AEB44B269: receive requestVote(ELECTION, s1, group-D63AEB44B269, 1, (t:0, i:0))
2024-09-29 22:54:22,816 INFO  impl.VoteContext (VoteContext.java:log(49)) - s2@group-D63AEB44B269-FOLLOWER: accept ELECTION from s1: our priority 0 <= candidate's priority 0
2024-09-29 22:54:22,816 INFO  impl.VoteContext (VoteContext.java:log(49)) - s0@group-D63AEB44B269-FOLLOWER: accept ELECTION from s1: our priority 0 <= candidate's priority 0
2024-09-29 22:54:22,816 INFO  server.RaftServer$Division (RaftServerImpl.java:setRole(378)) - s0@group-D63AEB44B269: changes role from  FOLLOWER to FOLLOWER at term 0 for candidate:s1
2024-09-29 22:54:22,816 INFO  impl.RoleInfo (RoleInfo.java:shutdownFollowerState(119)) - s0: shutdown s0@group-D63AEB44B269-FollowerState
2024-09-29 22:54:22,816 INFO  impl.FollowerState (FollowerState.java:run(153)) - s0@group-D63AEB44B269-FollowerState was interrupted
2024-09-29 22:54:22,816 INFO  server.RaftServerConfigKeys (ConfUtils.java:logFallback(53)) - raft.server.rpc.first-election.timeout.max = 600ms (fallback to raft.server.rpc.timeout.max)
2024-09-29 22:54:22,816 INFO  impl.RoleInfo (RoleInfo.java:updateAndGet(148)) - s0: start s0@group-D63AEB44B269-FollowerState
2024-09-29 22:54:22,816 INFO  server.RaftServer$Division (RaftServerImpl.java:setRole(378)) - s2@group-D63AEB44B269: changes role from  FOLLOWER to FOLLOWER at term 0 for candidate:s1
2024-09-29 22:54:22,817 INFO  impl.RoleInfo (RoleInfo.java:shutdownFollowerState(119)) - s2: shutdown s2@group-D63AEB44B269-FollowerState
2024-09-29 22:54:22,817 INFO  server.RaftServer$Division (RaftServerImpl.java:setFirstElection(559)) - s0@group-D63AEB44B269: set firstElectionSinceStartup to false for candidate:s1
2024-09-29 22:54:22,817 INFO  impl.FollowerState (FollowerState.java:run(153)) - s2@group-D63AEB44B269-FollowerState was interrupted
2024-09-29 22:54:22,817 INFO  impl.RoleInfo (RoleInfo.java:updateAndGet(148)) - s2: start s2@group-D63AEB44B269-FollowerState
2024-09-29 22:54:22,817 INFO  server.RaftServer$Division (RaftServerImpl.java:setFirstElection(559)) - s2@group-D63AEB44B269: set firstElectionSinceStartup to false for candidate:s1
2024-09-29 22:54:22,817 TRACE util.FileUtils (LogUtils.java:supplyAndLog(69)) - Successfully supplied FileChannel.open /home/runner/work/ratis/ratis/ratis-examples/target/test/data/5f617ff2/MiniRaftClusterWithSimulatedRpcee8ad438/s0/99c8524a-4f20-4083-8544-d63aeb44b269/current/raft-meta.tmp with options [CREATE, WRITE]: sun.nio.ch.FileChannelImpl@5f857247
2024-09-29 22:54:22,817 TRACE util.FileUtils (LogUtils.java:supplyAndLog(69)) - Successfully supplied FileChannel.open /home/runner/work/ratis/ratis/ratis-examples/target/test/data/5f617ff2/MiniRaftClusterWithSimulatedRpcee8ad438/s2/99c8524a-4f20-4083-8544-d63aeb44b269/current/raft-meta.tmp with options [CREATE, WRITE]: sun.nio.ch.FileChannelImpl@5785437e
2024-09-29 22:54:22,824 TRACE util.FileUtils (LogUtils.java:runAndLog(49)) - Successfully ran Atomic Files.move /home/runner/work/ratis/ratis/ratis-examples/target/test/data/5f617ff2/MiniRaftClusterWithSimulatedRpcee8ad438/s0/99c8524a-4f20-4083-8544-d63aeb44b269/current/raft-meta.tmp to /home/runner/work/ratis/ratis/ratis-examples/target/test/data/5f617ff2/MiniRaftClusterWithSimulatedRpcee8ad438/s0/99c8524a-4f20-4083-8544-d63aeb44b269/current/raft-meta with options [REPLACE_EXISTING]
2024-09-29 22:54:22,824 TRACE util.FileUtils (LogUtils.java:runAndLog(49)) - Successfully ran Atomic Files.move /home/runner/work/ratis/ratis/ratis-examples/target/test/data/5f617ff2/MiniRaftClusterWithSimulatedRpcee8ad438/s2/99c8524a-4f20-4083-8544-d63aeb44b269/current/raft-meta.tmp to /home/runner/work/ratis/ratis/ratis-examples/target/test/data/5f617ff2/MiniRaftClusterWithSimulatedRpcee8ad438/s2/99c8524a-4f20-4083-8544-d63aeb44b269/current/raft-meta with options [REPLACE_EXISTING]
2024-09-29 22:54:22,824 INFO  server.RaftServer$Division (RaftServerImpl.java:requestVote(1472)) - s0@group-D63AEB44B269 replies to ELECTION vote request: s1<-s0#0:OK-t1. Peer's state: s0@group-D63AEB44B269:t1, leader=null, voted=s1, raftlog=Memoized:s0@group-D63AEB44B269-SegmentedRaftLog:OPENED:c-1:lastnull, conf=conf: {index: -1, cur=peers:[s0|localhost:15036, s1|localhost:15040, s2|localhost:15044]|listeners:[], old=null}
2024-09-29 22:54:22,824 INFO  server.RaftServer$Division (RaftServerImpl.java:requestVote(1472)) - s2@group-D63AEB44B269 replies to ELECTION vote request: s1<-s2#0:OK-t1. Peer's state: s2@group-D63AEB44B269:t1, leader=null, voted=s1, raftlog=Memoized:s2@group-D63AEB44B269-SegmentedRaftLog:OPENED:c-1:lastnull, conf=conf: {index: -1, cur=peers:[s0|localhost:15036, s1|localhost:15040, s2|localhost:15044]|listeners:[], old=null}
2024-09-29 22:54:22,824 INFO  impl.LeaderElection (LeaderElection.java:logAndReturn(89)) - s1@group-D63AEB44B269-LeaderElection9: ELECTION PASSED received 1 response(s) and 0 exception(s):
2024-09-29 22:54:22,824 INFO  impl.LeaderElection (LeaderElection.java:logAndReturn(93)) -   Response 0: s1<-s0#0:OK-t1
2024-09-29 22:54:22,824 INFO  impl.LeaderElection (LeaderElection.java:askForVotes(327)) - s1@group-D63AEB44B269-LeaderElection9 ELECTION round 0: result PASSED
2024-09-29 22:54:22,824 INFO  impl.RoleInfo (RoleInfo.java:shutdownLeaderElection(139)) - s1: shutdown s1@group-D63AEB44B269-LeaderElection9
2024-09-29 22:54:22,824 INFO  server.RaftServer$Division (RaftServerImpl.java:setRole(378)) - s1@group-D63AEB44B269: changes role from CANDIDATE to LEADER at term 1 for changeToLeader
2024-09-29 22:54:22,824 INFO  server.RaftServerConfigKeys (ConfUtils.java:logGet(46)) - raft.server.staging.catchup.gap = 1000 (default)
2024-09-29 22:54:22,824 INFO  server.RaftServerConfigKeys (ConfUtils.java:logGet(46)) - raft.server.write.element-limit = 4096 (default)
2024-09-29 22:54:22,824 INFO  server.RaftServerConfigKeys (ConfUtils.java:logGet(46)) - raft.server.write.byte-limit = 64MB (=67108864) (default)
2024-09-29 22:54:22,825 INFO  server.RaftServerConfigKeys (ConfUtils.java:logGet(46)) - raft.server.watch.timeout = 10s (default)
2024-09-29 22:54:22,825 INFO  server.RaftServerConfigKeys (ConfUtils.java:logGet(46)) - raft.server.watch.timeout.denomination = 1s (default)
2024-09-29 22:54:22,825 INFO  server.RaftServerConfigKeys (ConfUtils.java:logGet(46)) - raft.server.watch.element-limit = 65536 (default)
2024-09-29 22:54:22,825 INFO  server.RaftServerConfigKeys (ConfUtils.java:logGet(46)) - raft.server.read.leader.lease.enabled = false (default)
2024-09-29 22:54:22,825 INFO  server.RaftServerConfigKeys (ConfUtils.java:logGet(46)) - raft.server.read.leader.lease.timeout.ratio = 0.9 (default)
2024-09-29 22:54:22,825 INFO  server.RaftServerConfigKeys (ConfUtils.java:logGet(46)) - raft.server.rpc.timeout.min = 300ms (custom)
2024-09-29 22:54:22,825 INFO  server.RaftServerConfigKeys (ConfUtils.java:logGet(46)) - raft.server.log.log-metadata.enabled = true (default)
2024-09-29 22:54:22,825 INFO  server.RaftServerConfigKeys (ConfUtils.java:logGet(46)) - raft.server.write.element-limit = 4096 (default)
2024-09-29 22:54:22,825 INFO  server.RaftServerConfigKeys (ConfUtils.java:logGet(46)) - raft.server.write.follower.gap.ratio.max = -1.0 (default)
2024-09-29 22:54:22,826 INFO  server.RaftServerConfigKeys (ConfUtils.java:logGet(46)) - raft.server.log.appender.snapshot.chunk.size.max = 16MB (=16777216) (default)
2024-09-29 22:54:22,826 INFO  server.RaftServerConfigKeys (ConfUtils.java:logGet(46)) - raft.server.log.appender.buffer.byte-limit = 4MB (=4194304) (default)
2024-09-29 22:54:22,826 INFO  server.RaftServerConfigKeys (ConfUtils.java:logGet(46)) - raft.server.log.appender.buffer.element-limit = 0 (default)
2024-09-29 22:54:22,826 INFO  server.RaftServerConfigKeys (ConfUtils.java:logGet(46)) - raft.server.log.appender.wait-time.min = 1ms (default)
2024-09-29 22:54:22,826 INFO  server.RaftServerConfigKeys (ConfUtils.java:logGet(46)) - raft.server.log.appender.snapshot.chunk.size.max = 16MB (=16777216) (default)
2024-09-29 22:54:22,826 INFO  server.RaftServerConfigKeys (ConfUtils.java:logGet(46)) - raft.server.log.appender.buffer.byte-limit = 4MB (=4194304) (default)
2024-09-29 22:54:22,826 INFO  server.RaftServerConfigKeys (ConfUtils.java:logGet(46)) - raft.server.log.appender.buffer.element-limit = 0 (default)
2024-09-29 22:54:22,826 INFO  server.RaftServerConfigKeys (ConfUtils.java:logGet(46)) - raft.server.log.appender.wait-time.min = 1ms (default)
2024-09-29 22:54:22,826 INFO  impl.RoleInfo (RoleInfo.java:updateAndGet(148)) - s1: start s1@group-D63AEB44B269-LeaderStateImpl
2024-09-29 22:54:22,826 INFO  server.RaftServer$Division (RaftServerImpl.java:setFirstElection(559)) - s1@group-D63AEB44B269: set firstElectionSinceStartup to false for becomeLeader
2024-09-29 22:54:22,827 INFO  server.RaftServer$Division (ServerState.java:setLeader(272)) - s1@group-D63AEB44B269: change Leader from null to s1 at term 1 for becomeLeader, leader elected after 383ms
2024-09-29 22:54:22,827 INFO  segmented.SegmentedRaftLogWorker (SegmentedRaftLogWorker.java:startLogSegment(438)) - s1@group-D63AEB44B269-SegmentedRaftLogWorker: Starting segment from index:0
2024-09-29 22:54:22,827 INFO  server.RaftServer$Division (ServerState.java:setRaftConf(386)) - s1@group-D63AEB44B269: set configuration conf: {index: 0, cur=peers:[s0|localhost:15036, s1|localhost:15040, s2|localhost:15044]|listeners:[], old=null}
2024-09-29 22:54:22,827 INFO  segmented.BufferedWriteChannel (BufferedWriteChannel.java:open(61)) - open log_inprogress_0 at position 0
2024-09-29 22:54:22,828 INFO  server.RaftServer$Division (ServerState.java:setLeader(272)) - s0@group-D63AEB44B269: change Leader from null to s1 at term 1 for appendEntries, leader elected after 389ms
2024-09-29 22:54:22,829 INFO  server.RaftServer$Division (ServerState.java:setRaftConf(386)) - s0@group-D63AEB44B269: set configuration conf: {index: 0, cur=peers:[s0|localhost:15036, s1|localhost:15040, s2|localhost:15044]|listeners:[], old=null}
2024-09-29 22:54:22,829 INFO  segmented.SegmentedRaftLogWorker (SegmentedRaftLogWorker.java:startLogSegment(438)) - s0@group-D63AEB44B269-SegmentedRaftLogWorker: Starting segment from index:0
2024-09-29 22:54:22,829 INFO  server.RaftServer$Division (ServerState.java:setLeader(272)) - s2@group-D63AEB44B269: change Leader from null to s1 at term 1 for appendEntries, leader elected after 382ms
2024-09-29 22:54:22,830 INFO  server.RaftServer$Division (ServerState.java:setRaftConf(386)) - s2@group-D63AEB44B269: set configuration conf: {index: 0, cur=peers:[s0|localhost:15036, s1|localhost:15040, s2|localhost:15044]|listeners:[], old=null}
2024-09-29 22:54:22,830 INFO  segmented.SegmentedRaftLogWorker (SegmentedRaftLogWorker.java:startLogSegment(438)) - s2@group-D63AEB44B269-SegmentedRaftLogWorker: Starting segment from index:0
2024-09-29 22:54:22,831 INFO  segmented.BufferedWriteChannel (BufferedWriteChannel.java:open(61)) - open log_inprogress_0 at position 0
2024-09-29 22:54:22,834 INFO  segmented.BufferedWriteChannel (BufferedWriteChannel.java:open(61)) - open log_inprogress_0 at position 0
2024-09-29 22:54:22,841 INFO  segmented.SegmentedRaftLogWorker (SegmentedRaftLogWorker.java:execute(660)) - s1@group-D63AEB44B269-SegmentedRaftLogWorker: created new log segment /home/runner/work/ratis/ratis/ratis-examples/target/test/data/5f617ff2/MiniRaftClusterWithSimulatedRpcee8ad438/s1/99c8524a-4f20-4083-8544-d63aeb44b269/current/log_inprogress_0
2024-09-29 22:54:22,845 INFO  segmented.SegmentedRaftLogWorker (SegmentedRaftLogWorker.java:execute(660)) - s2@group-D63AEB44B269-SegmentedRaftLogWorker: created new log segment /home/runner/work/ratis/ratis/ratis-examples/target/test/data/5f617ff2/MiniRaftClusterWithSimulatedRpcee8ad438/s2/99c8524a-4f20-4083-8544-d63aeb44b269/current/log_inprogress_0
2024-09-29 22:54:22,846 TRACE util.FileUtils (LogUtils.java:supplyAndLog(69)) - Successfully supplied FileChannel.open /home/runner/work/ratis/ratis/ratis-examples/target/test/data/5f617ff2/MiniRaftClusterWithSimulatedRpcee8ad438/s1/99c8524a-4f20-4083-8544-d63aeb44b269/current/raft-meta.conf.tmp with options [CREATE, WRITE]: sun.nio.ch.FileChannelImpl@4f96a51a
2024-09-29 22:54:22,846 INFO  segmented.SegmentedRaftLogWorker (SegmentedRaftLogWorker.java:execute(660)) - s0@group-D63AEB44B269-SegmentedRaftLogWorker: created new log segment /home/runner/work/ratis/ratis/ratis-examples/target/test/data/5f617ff2/MiniRaftClusterWithSimulatedRpcee8ad438/s0/99c8524a-4f20-4083-8544-d63aeb44b269/current/log_inprogress_0
2024-09-29 22:54:22,848 TRACE util.FileUtils (LogUtils.java:runAndLog(49)) - Successfully ran Atomic Files.move /home/runner/work/ratis/ratis/ratis-examples/target/test/data/5f617ff2/MiniRaftClusterWithSimulatedRpcee8ad438/s1/99c8524a-4f20-4083-8544-d63aeb44b269/current/raft-meta.conf.tmp to /home/runner/work/ratis/ratis/ratis-examples/target/test/data/5f617ff2/MiniRaftClusterWithSimulatedRpcee8ad438/s1/99c8524a-4f20-4083-8544-d63aeb44b269/current/raft-meta.conf with options [REPLACE_EXISTING]
2024-09-29 22:54:22,848 INFO  server.RaftServer$Division (LeaderStateImpl.java:checkStartIndex(317)) - Leader s1@group-D63AEB44B269-LeaderStateImpl is ready since appliedIndex == startIndex == 0
2024-09-29 22:54:22,996 TRACE util.FileUtils (LogUtils.java:supplyAndLog(69)) - Successfully supplied FileChannel.open /home/runner/work/ratis/ratis/ratis-examples/target/test/data/5f617ff2/MiniRaftClusterWithSimulatedRpcee8ad438/s2/99c8524a-4f20-4083-8544-d63aeb44b269/current/raft-meta.conf.tmp with options [CREATE, WRITE]: sun.nio.ch.FileChannelImpl@2a8e55d2
2024-09-29 22:54:22,998 TRACE util.FileUtils (LogUtils.java:supplyAndLog(69)) - Successfully supplied FileChannel.open /home/runner/work/ratis/ratis/ratis-examples/target/test/data/5f617ff2/MiniRaftClusterWithSimulatedRpcee8ad438/s0/99c8524a-4f20-4083-8544-d63aeb44b269/current/raft-meta.conf.tmp with options [CREATE, WRITE]: sun.nio.ch.FileChannelImpl@7e213f7f
2024-09-29 22:54:22,998 TRACE util.FileUtils (LogUtils.java:runAndLog(49)) - Successfully ran Atomic Files.move /home/runner/work/ratis/ratis/ratis-examples/target/test/data/5f617ff2/MiniRaftClusterWithSimulatedRpcee8ad438/s2/99c8524a-4f20-4083-8544-d63aeb44b269/current/raft-meta.conf.tmp to /home/runner/work/ratis/ratis/ratis-examples/target/test/data/5f617ff2/MiniRaftClusterWithSimulatedRpcee8ad438/s2/99c8524a-4f20-4083-8544-d63aeb44b269/current/raft-meta.conf with options [REPLACE_EXISTING]
2024-09-29 22:54:23,000 TRACE util.FileUtils (LogUtils.java:runAndLog(49)) - Successfully ran Atomic Files.move /home/runner/work/ratis/ratis/ratis-examples/target/test/data/5f617ff2/MiniRaftClusterWithSimulatedRpcee8ad438/s0/99c8524a-4f20-4083-8544-d63aeb44b269/current/raft-meta.conf.tmp to /home/runner/work/ratis/ratis/ratis-examples/target/test/data/5f617ff2/MiniRaftClusterWithSimulatedRpcee8ad438/s0/99c8524a-4f20-4083-8544-d63aeb44b269/current/raft-meta.conf with options [REPLACE_EXISTING]
2024-09-29 22:54:23,373 INFO  ratis.RaftTestUtil (RaftTestUtil.java:waitForLeader(131)) - printing ALL groups
  s0:  RUNNING  FOLLOWER s0@group-D63AEB44B269:t1, leader=s1, voted=s1, raftlog=Memoized:s0@group-D63AEB44B269-SegmentedRaftLog:OPENED:c0:last(t:1, i:0), conf=conf: {index: 0, cur=peers:[s0|localhost:15036, s1|localhost:15040, s2|localhost:15044]|listeners:[], old=null} RUNNING
  s1:  RUNNING    LEADER s1@group-D63AEB44B269:t1, leader=s1, voted=s1, raftlog=Memoized:s1@group-D63AEB44B269-SegmentedRaftLog:OPENED:c0:last(t:1, i:0), conf=conf: {index: 0, cur=peers:[s0|localhost:15036, s1|localhost:15040, s2|localhost:15044]|listeners:[], old=null} RUNNING
  s2:  RUNNING  FOLLOWER s2@group-D63AEB44B269:t1, leader=s1, voted=s1, raftlog=Memoized:s2@group-D63AEB44B269-SegmentedRaftLog:OPENED:c0:last(t:1, i:0), conf=conf: {index: 0, cur=peers:[s0|localhost:15036, s1|localhost:15040, s2|localhost:15044]|listeners:[], old=null} RUNNING
2024-09-29 22:54:23,476 INFO  statemachine.StateMachine (ArithmeticStateMachine.java:applyTransaction(181)) - LEADER:s1-1: a0 = 1 = 1
2024-09-29 22:54:23,477 DEBUG statemachine.StateMachine (ArithmeticStateMachine.java:applyTransaction(183)) - FOLLOWER:s2-1: a0 = 1 = 1
2024-09-29 22:54:23,477 DEBUG statemachine.StateMachine (ArithmeticStateMachine.java:applyTransaction(183)) - FOLLOWER:s0-1: a0 = 1 = 1
2024-09-29 22:54:23,479 INFO  statemachine.StateMachine (ArithmeticStateMachine.java:applyTransaction(181)) - LEADER:s1-3: b0 = (1 / √2) = 0.7071067811865475
2024-09-29 22:54:23,479 DEBUG statemachine.StateMachine (ArithmeticStateMachine.java:applyTransaction(183)) - FOLLOWER:s0-3: b0 = (1 / √2) = 0.7071067811865475
2024-09-29 22:54:23,480 DEBUG statemachine.StateMachine (ArithmeticStateMachine.java:applyTransaction(183)) - FOLLOWER:s2-3: b0 = (1 / √2) = 0.7071067811865475
2024-09-29 22:54:23,481 INFO  statemachine.StateMachine (ArithmeticStateMachine.java:applyTransaction(181)) - LEADER:s1-5: t0 = (1 / 4) = 0.25
2024-09-29 22:54:23,484 DEBUG statemachine.StateMachine (ArithmeticStateMachine.java:applyTransaction(183)) - FOLLOWER:s2-5: t0 = (1 / 4) = 0.25
2024-09-29 22:54:23,486 INFO  statemachine.StateMachine (ArithmeticStateMachine.java:applyTransaction(181)) - LEADER:s1-7: p0 = 1 = 1
2024-09-29 22:54:23,486 DEBUG statemachine.StateMachine (ArithmeticStateMachine.java:applyTransaction(183)) - FOLLOWER:s0-5: t0 = (1 / 4) = 0.25
[...]
	at java.util.concurrent.ThreadPoolExecutor.<init>(ThreadPoolExecutor.java:1237)
	at java.util.concurrent.Executors.newFixedThreadPool(Executors.java:151)
	at org.apache.ratis.server.impl.MiniRaftCluster.shutdown(MiniRaftCluster.java:847)
	at org.apache.ratis.grpc.MiniRaftClusterWithGrpc.shutdown(MiniRaftClusterWithGrpc.java:96)
	at org.apache.ratis.examples.ParameterizedBaseTest.setAndStart(ParameterizedBaseTest.java:58)
	at org.apache.ratis.examples.arithmetic.TestArithmetic.testGaussLegendre(TestArithmetic.java:88)
	at java.lang.reflect.Method.invoke(Method.java:498)
	at java.util.stream.ForEachOps$ForEachOp$OfRef.accept(ForEachOps.java:183)
	at java.util.stream.ReferencePipeline$3$1.accept(ReferencePipeline.java:193)
	at java.util.stream.ReferencePipeline$2$1.accept(ReferencePipeline.java:175)
	at java.util.stream.ReferencePipeline$3$1.accept(ReferencePipeline.java:193)
	at java.util.stream.ForEachOps$ForEachOp$OfRef.accept(ForEachOps.java:183)
	at java.util.stream.ReferencePipeline$3$1.accept(ReferencePipeline.java:193)
	at java.util.stream.ReferencePipeline$3$1.accept(ReferencePipeline.java:193)
	at java.util.stream.ReferencePipeline$3$1.accept(ReferencePipeline.java:193)
	at java.util.stream.ForEachOps$ForEachOp$OfRef.accept(ForEachOps.java:183)
	at java.util.stream.ReferencePipeline$3$1.accept(ReferencePipeline.java:193)
	at java.util.ArrayList$ArrayListSpliterator.forEachRemaining(ArrayList.java:1384)
	at java.util.stream.ReferencePipeline$Head.forEach(ReferencePipeline.java:647)
	at java.util.stream.ReferencePipeline$7$1.accept(ReferencePipeline.java:272)
	at java.util.stream.ReferencePipeline$3$1.accept(ReferencePipeline.java:193)
	at java.util.stream.ReferencePipeline$3$1.accept(ReferencePipeline.java:193)
	at java.util.stream.ReferencePipeline$3$1.accept(ReferencePipeline.java:193)
	at java.util.Spliterators$ArraySpliterator.forEachRemaining(Spliterators.java:948)
	at java.util.stream.AbstractPipeline.copyInto(AbstractPipeline.java:482)
	at java.util.stream.AbstractPipeline.wrapAndCopyInto(AbstractPipeline.java:472)
	at java.util.stream.ForEachOps$ForEachOp.evaluateSequential(ForEachOps.java:150)
	at java.util.stream.ForEachOps$ForEachOp$OfRef.evaluateSequential(ForEachOps.java:173)
	at java.util.stream.AbstractPipeline.evaluate(AbstractPipeline.java:234)
	at java.util.stream.ReferencePipeline.forEach(ReferencePipeline.java:485)
	at java.util.stream.ReferencePipeline$7$1.accept(ReferencePipeline.java:272)
	at java.util.stream.ReferencePipeline$3$1.accept(ReferencePipeline.java:193)
	at java.util.stream.ReferencePipeline$3$1.accept(ReferencePipeline.java:193)
	at java.util.stream.ReferencePipeline$3$1.accept(ReferencePipeline.java:193)
	at java.util.ArrayList$ArrayListSpliterator.forEachRemaining(ArrayList.java:1384)
	at java.util.stream.AbstractPipeline.copyInto(AbstractPipeline.java:482)
	at java.util.stream.AbstractPipeline.wrapAndCopyInto(AbstractPipeline.java:472)
	at java.util.stream.ForEachOps$ForEachOp.evaluateSequential(ForEachOps.java:150)
	at java.util.stream.ForEachOps$ForEachOp$OfRef.evaluateSequential(ForEachOps.java:173)
	at java.util.stream.AbstractPipeline.evaluate(AbstractPipeline.java:234)
	at java.util.stream.ReferencePipeline.forEach(ReferencePipeline.java:485)
	at java.util.stream.ReferencePipeline$7$1.accept(ReferencePipeline.java:272)
	at java.util.ArrayList$ArrayListSpliterator.forEachRemaining(ArrayList.java:1384)
	at java.util.stream.AbstractPipeline.copyInto(AbstractPipeline.java:482)
	at java.util.stream.AbstractPipeline.wrapAndCopyInto(AbstractPipeline.java:472)
	at java.util.stream.ForEachOps$ForEachOp.evaluateSequential(ForEachOps.java:150)
	at java.util.stream.ForEachOps$ForEachOp$OfRef.evaluateSequential(ForEachOps.java:173)
	at java.util.stream.AbstractPipeline.evaluate(AbstractPipeline.java:234)
	at java.util.stream.ReferencePipeline.forEach(ReferencePipeline.java:485)
	at java.util.ArrayList.forEach(ArrayList.java:1259)
	at java.util.ArrayList.forEach(ArrayList.java:1259)
	Suppressed: java.lang.IllegalArgumentException
		at java.util.concurrent.ThreadPoolExecutor.<init>(ThreadPoolExecutor.java:1314)
		at java.util.concurrent.ThreadPoolExecutor.<init>(ThreadPoolExecutor.java:1237)
		at java.util.concurrent.Executors.newFixedThreadPool(Executors.java:151)
		at org.apache.ratis.server.impl.MiniRaftCluster.shutdown(MiniRaftCluster.java:847)
		at org.apache.ratis.server.impl.MiniRaftCluster.close(MiniRaftCluster.java:833)
		at java.util.stream.ForEachOps$ForEachOp$OfRef.accept(ForEachOps.java:183)
		at java.util.ArrayList.forEach(ArrayList.java:1259)
		at java.util.stream.SortedOps$RefSortingSink.end(SortedOps.java:395)
		at java.util.stream.Sink$ChainedReference.end(Sink.java:258)
		at java.util.stream.Sink$ChainedReference.end(Sink.java:258)
		at java.util.stream.AbstractPipeline.copyInto(AbstractPipeline.java:483)
		at java.util.stream.AbstractPipeline.wrapAndCopyInto(AbstractPipeline.java:472)
		at java.util.stream.ForEachOps$ForEachOp.evaluateSequential(ForEachOps.java:150)
		at java.util.stream.ForEachOps$ForEachOp$OfRef.evaluateSequential(ForEachOps.java:173)
		at java.util.stream.AbstractPipeline.evaluate(AbstractPipeline.java:234)
		at java.util.stream.ReferencePipeline.forEach(ReferencePipeline.java:485)
		... 44 more
]]></error>
    <system-out><![CDATA[2024-09-29 22:54:25,841 INFO  util.LogUtils (Slf4jUtils.java:setLogLevel(38)) - Successfully set org.apache.ratis.conf.ConfUtils log level to WARN
2024-09-29 22:54:25,842 INFO  util.LogUtils (Slf4jUtils.java:setLogLevel(38)) - Successfully set org.apache.ratis.util.FileUtils log level to TRACE
2024-09-29 22:54:25,842 INFO  util.LogUtils (Slf4jUtils.java:setLogLevel(38)) - Successfully set org.apache.ratis.statemachine.StateMachine log level to DEBUG
2024-09-29 22:54:25,843 INFO  impl.MiniRaftCluster (MiniRaftCluster.java:shutdown(837)) - ************************************************************** 
2024-09-29 22:54:25,843 INFO  impl.MiniRaftCluster (MiniRaftCluster.java:shutdown(838)) - *** 
2024-09-29 22:54:25,844 INFO  impl.MiniRaftCluster (MiniRaftCluster.java:shutdown(839)) - ***     Stopping MiniRaftClusterWithGrpc
2024-09-29 22:54:25,844 INFO  impl.MiniRaftCluster (MiniRaftCluster.java:shutdown(840)) - *** 
2024-09-29 22:54:25,844 INFO  impl.MiniRaftCluster (MiniRaftCluster.java:shutdown(841)) - ************************************************************** 
2024-09-29 22:54:25,844 INFO  impl.MiniRaftCluster (MiniRaftCluster.java:shutdown(842)) - printing ALL groups
2024-09-29 22:54:25,845 INFO  impl.MiniRaftCluster (MiniRaftCluster.java:shutdown(837)) - ************************************************************** 
2024-09-29 22:54:25,845 INFO  impl.MiniRaftCluster (MiniRaftCluster.java:shutdown(838)) - *** 
2024-09-29 22:54:25,845 INFO  impl.MiniRaftCluster (MiniRaftCluster.java:shutdown(839)) - ***     Stopping MiniRaftClusterWithNetty
2024-09-29 22:54:25,845 INFO  impl.MiniRaftCluster (MiniRaftCluster.java:shutdown(840)) - *** 
2024-09-29 22:54:25,845 INFO  impl.MiniRaftCluster (MiniRaftCluster.java:shutdown(841)) - ************************************************************** 
2024-09-29 22:54:25,845 INFO  impl.MiniRaftCluster (MiniRaftCluster.java:shutdown(842)) - printing ALL groups
]]></system-out>
    <system-err><![CDATA[Sep 29, 2024 10:54:25 PM org.junit.jupiter.engine.execution.JupiterEngineExecutionContext close
SEVERE: Caught exception while closing extension context: org.junit.jupiter.engine.descriptor.MethodExtensionContext@3fad8636
java.lang.IllegalArgumentException
	at java.util.concurrent.ThreadPoolExecutor.<init>(ThreadPoolExecutor.java:1314)
	at java.util.concurrent.ThreadPoolExecutor.<init>(ThreadPoolExecutor.java:1237)
	at java.util.concurrent.Executors.newFixedThreadPool(Executors.java:151)
	at org.apache.ratis.server.impl.MiniRaftCluster.shutdown(MiniRaftCluster.java:847)
	at org.apache.ratis.server.impl.MiniRaftCluster.close(MiniRaftCluster.java:833)
	at org.junit.jupiter.params.ParameterizedTestParameterResolver$CloseableArgument.close(ParameterizedTestParameterResolver.java:109)
	at org.junit.jupiter.engine.descriptor.AbstractExtensionContext.lambda$static$0(AbstractExtensionContext.java:45)
	at org.junit.platform.engine.support.store.NamespacedHierarchicalStore$EvaluatedValue.close(NamespacedHierarchicalStore.java:333)
	at org.junit.platform.engine.support.store.NamespacedHierarchicalStore$EvaluatedValue.access$800(NamespacedHierarchicalStore.java:317)
	at org.junit.platform.engine.support.store.NamespacedHierarchicalStore.lambda$close$3(NamespacedHierarchicalStore.java:98)
	at org.junit.platform.engine.support.hierarchical.ThrowableCollector.execute(ThrowableCollector.java:73)
	at org.junit.platform.engine.support.store.NamespacedHierarchicalStore.lambda$close$4(NamespacedHierarchicalStore.java:98)
	at java.util.stream.ForEachOps$ForEachOp$OfRef.accept(ForEachOps.java:183)
	at java.util.ArrayList.forEach(ArrayList.java:1259)
	at java.util.stream.SortedOps$RefSortingSink.end(SortedOps.java:395)
	at java.util.stream.Sink$ChainedReference.end(Sink.java:258)
	at java.util.stream.Sink$ChainedReference.end(Sink.java:258)
	at java.util.stream.AbstractPipeline.copyInto(AbstractPipeline.java:483)
	at java.util.stream.AbstractPipeline.wrapAndCopyInto(AbstractPipeline.java:472)
	at java.util.stream.ForEachOps$ForEachOp.evaluateSequential(ForEachOps.java:150)
	at java.util.stream.ForEachOps$ForEachOp$OfRef.evaluateSequential(ForEachOps.java:173)
	at java.util.stream.AbstractPipeline.evaluate(AbstractPipeline.java:234)
	at java.util.stream.ReferencePipeline.forEach(ReferencePipeline.java:485)
	at org.junit.platform.engine.support.store.NamespacedHierarchicalStore.close(NamespacedHierarchicalStore.java:98)
	at org.junit.jupiter.engine.descriptor.AbstractExtensionContext.close(AbstractExtensionContext.java:87)
	at org.junit.jupiter.engine.execution.JupiterEngineExecutionContext.close(JupiterEngineExecutionContext.java:53)
	at org.junit.jupiter.engine.descriptor.JupiterTestDescriptor.cleanUp(JupiterTestDescriptor.java:224)
	at org.junit.jupiter.engine.descriptor.TestMethodTestDescriptor.lambda$cleanUp$1(TestMethodTestDescriptor.java:156)
	at org.junit.platform.engine.support.hierarchical.ThrowableCollector.execute(ThrowableCollector.java:73)
	at org.junit.jupiter.engine.descriptor.TestMethodTestDescriptor.cleanUp(TestMethodTestDescriptor.java:156)
	at org.junit.jupiter.engine.descriptor.TestMethodTestDescriptor.cleanUp(TestMethodTestDescriptor.java:69)
	at org.junit.platform.engine.support.hierarchical.NodeTestTask.lambda$cleanUp$10(NodeTestTask.java:167)
	at org.junit.platform.engine.support.hierarchical.ThrowableCollector.execute(ThrowableCollector.java:73)
	at org.junit.platform.engine.support.hierarchical.NodeTestTask.cleanUp(NodeTestTask.java:167)
	at org.junit.platform.engine.support.hierarchical.NodeTestTask.execute(NodeTestTask.java:98)
	at org.junit.platform.engine.support.hierarchical.SameThreadHierarchicalTestExecutorService.submit(SameThreadHierarchicalTestExecutorService.java:35)
	at org.junit.platform.engine.support.hierarchical.NodeTestTask$DefaultDynamicTestExecutor.execute(NodeTestTask.java:226)
	at org.junit.platform.engine.support.hierarchical.NodeTestTask$DefaultDynamicTestExecutor.execute(NodeTestTask.java:204)
	at org.junit.jupiter.engine.descriptor.TestTemplateTestDescriptor.execute(TestTemplateTestDescriptor.java:142)
	at org.junit.jupiter.engine.descriptor.TestTemplateTestDescriptor.lambda$execute$2(TestTemplateTestDescriptor.java:110)
	at java.util.stream.ForEachOps$ForEachOp$OfRef.accept(ForEachOps.java:183)
	at java.util.stream.ReferencePipeline$3$1.accept(ReferencePipeline.java:193)
	at java.util.stream.ReferencePipeline$2$1.accept(ReferencePipeline.java:175)
	at java.util.stream.ReferencePipeline$3$1.accept(ReferencePipeline.java:193)
	at java.util.stream.ForEachOps$ForEachOp$OfRef.accept(ForEachOps.java:183)
	at java.util.stream.ReferencePipeline$3$1.accept(ReferencePipeline.java:193)
	at java.util.stream.ReferencePipeline$3$1.accept(ReferencePipeline.java:193)
	at java.util.stream.ReferencePipeline$3$1.accept(ReferencePipeline.java:193)
	at java.util.stream.ForEachOps$ForEachOp$OfRef.accept(ForEachOps.java:183)
	at java.util.stream.ReferencePipeline$3$1.accept(ReferencePipeline.java:193)
	at java.util.ArrayList$ArrayListSpliterator.forEachRemaining(ArrayList.java:1384)
	at java.util.stream.ReferencePipeline$Head.forEach(ReferencePipeline.java:647)
	at java.util.stream.ReferencePipeline$7$1.accept(ReferencePipeline.java:272)
	at java.util.stream.ReferencePipeline$3$1.accept(ReferencePipeline.java:193)
	at java.util.stream.ReferencePipeline$3$1.accept(ReferencePipeline.java:193)
	at java.util.stream.ReferencePipeline$3$1.accept(ReferencePipeline.java:193)
	at java.util.Spliterators$ArraySpliterator.forEachRemaining(Spliterators.java:948)
	at java.util.stream.AbstractPipeline.copyInto(AbstractPipeline.java:482)
	at java.util.stream.AbstractPipeline.wrapAndCopyInto(AbstractPipeline.java:472)
	at java.util.stream.ForEachOps$ForEachOp.evaluateSequential(ForEachOps.java:150)
	at java.util.stream.ForEachOps$ForEachOp$OfRef.evaluateSequential(ForEachOps.java:173)
	at java.util.stream.AbstractPipeline.evaluate(AbstractPipeline.java:234)
	at java.util.stream.ReferencePipeline.forEach(ReferencePipeline.java:485)
	at java.util.stream.ReferencePipeline$7$1.accept(ReferencePipeline.java:272)
	at java.util.stream.ReferencePipeline$3$1.accept(ReferencePipeline.java:193)
	at java.util.stream.ReferencePipeline$3$1.accept(ReferencePipeline.java:193)
	at java.util.stream.ReferencePipeline$3$1.accept(ReferencePipeline.java:193)
	at java.util.ArrayList$ArrayListSpliterator.forEachRemaining(ArrayList.java:1384)
	at java.util.stream.AbstractPipeline.copyInto(AbstractPipeline.java:482)
	at java.util.stream.AbstractPipeline.wrapAndCopyInto(AbstractPipeline.java:472)
	at java.util.stream.ForEachOps$ForEachOp.evaluateSequential(ForEachOps.java:150)
	at java.util.stream.ForEachOps$ForEachOp$OfRef.evaluateSequential(ForEachOps.java:173)
	at java.util.stream.AbstractPipeline.evaluate(AbstractPipeline.java:234)
	at java.util.stream.ReferencePipeline.forEach(ReferencePipeline.java:485)
	at java.util.stream.ReferencePipeline$7$1.accept(ReferencePipeline.java:272)
	at java.util.ArrayList$ArrayListSpliterator.forEachRemaining(ArrayList.java:1384)
	at java.util.stream.AbstractPipeline.copyInto(AbstractPipeline.java:482)
	at java.util.stream.AbstractPipeline.wrapAndCopyInto(AbstractPipeline.java:472)
	at java.util.stream.ForEachOps$ForEachOp.evaluateSequential(ForEachOps.java:150)
	at java.util.stream.ForEachOps$ForEachOp$OfRef.evaluateSequential(ForEachOps.java:173)
	at java.util.stream.AbstractPipeline.evaluate(AbstractPipeline.java:234)
	at java.util.stream.ReferencePipeline.forEach(ReferencePipeline.java:485)
	at org.junit.jupiter.engine.descriptor.TestTemplateTestDescriptor.execute(TestTemplateTestDescriptor.java:110)
	at org.junit.jupiter.engine.descriptor.TestTemplateTestDescriptor.execute(TestTemplateTestDescriptor.java:44)
	at org.junit.platform.engine.support.hierarchical.NodeTestTask.lambda$executeRecursively$6(NodeTestTask.java:151)
	at org.junit.platform.engine.support.hierarchical.ThrowableCollector.execute(ThrowableCollector.java:73)
	at org.junit.platform.engine.support.hierarchical.NodeTestTask.lambda$executeRecursively$8(NodeTestTask.java:141)
	at org.junit.platform.engine.support.hierarchical.Node.around(Node.java:137)
	at org.junit.platform.engine.support.hierarchical.NodeTestTask.lambda$executeRecursively$9(NodeTestTask.java:139)
	at org.junit.platform.engine.support.hierarchical.ThrowableCollector.execute(ThrowableCollector.java:73)
	at org.junit.platform.engine.support.hierarchical.NodeTestTask.executeRecursively(NodeTestTask.java:138)
	at org.junit.platform.engine.support.hierarchical.NodeTestTask.execute(NodeTestTask.java:95)
	at java.util.ArrayList.forEach(ArrayList.java:1259)
	at org.junit.platform.engine.support.hierarchical.SameThreadHierarchicalTestExecutorService.invokeAll(SameThreadHierarchicalTestExecutorService.java:41)
	at org.junit.platform.engine.support.hierarchical.NodeTestTask.lambda$executeRecursively$6(NodeTestTask.java:155)
	at org.junit.platform.engine.support.hierarchical.ThrowableCollector.execute(ThrowableCollector.java:73)
	at org.junit.platform.engine.support.hierarchical.NodeTestTask.lambda$executeRecursively$8(NodeTestTask.java:141)
	at org.junit.platform.engine.support.hierarchical.Node.around(Node.java:137)
	at org.junit.platform.engine.support.hierarchical.NodeTestTask.lambda$executeRecursively$9(NodeTestTask.java:139)
	at org.junit.platform.engine.support.hierarchical.ThrowableCollector.execute(ThrowableCollector.java:73)
	at org.junit.platform.engine.support.hierarchical.NodeTestTask.executeRecursively(NodeTestTask.java:138)
	at org.junit.platform.engine.support.hierarchical.NodeTestTask.execute(NodeTestTask.java:95)
	at java.util.ArrayList.forEach(ArrayList.java:1259)
	at org.junit.platform.engine.support.hierarchical.SameThreadHierarchicalTestExecutorService.invokeAll(SameThreadHierarchicalTestExecutorService.java:41)
	at org.junit.platform.engine.support.hierarchical.NodeTestTask.lambda$executeRecursively$6(NodeTestTask.java:155)
	at org.junit.platform.engine.support.hierarchical.ThrowableCollector.execute(ThrowableCollector.java:73)
	at org.junit.platform.engine.support.hierarchical.NodeTestTask.lambda$executeRecursively$8(NodeTestTask.java:141)
	at org.junit.platform.engine.support.hierarchical.Node.around(Node.java:137)
	at org.junit.platform.engine.support.hierarchical.NodeTestTask.lambda$executeRecursively$9(NodeTestTask.java:139)
	at org.junit.platform.engine.support.hierarchical.ThrowableCollector.execute(ThrowableCollector.java:73)
	at org.junit.platform.engine.support.hierarchical.NodeTestTask.executeRecursively(NodeTestTask.java:138)
	at org.junit.platform.engine.support.hierarchical.NodeTestTask.execute(NodeTestTask.java:95)
	at org.junit.platform.engine.support.hierarchical.SameThreadHierarchicalTestExecutorService.submit(SameThreadHierarchicalTestExecutorService.java:35)
	at org.junit.platform.engine.support.hierarchical.HierarchicalTestExecutor.execute(HierarchicalTestExecutor.java:57)
	at org.junit.platform.engine.support.hierarchical.HierarchicalTestEngine.execute(HierarchicalTestEngine.java:54)
	at org.junit.platform.launcher.core.EngineExecutionOrchestrator.execute(EngineExecutionOrchestrator.java:198)
	at org.junit.platform.launcher.core.EngineExecutionOrchestrator.execute(EngineExecutionOrchestrator.java:169)
	at org.junit.platform.launcher.core.EngineExecutionOrchestrator.execute(EngineExecutionOrchestrator.java:93)
	at org.junit.platform.launcher.core.EngineExecutionOrchestrator.lambda$execute$0(EngineExecutionOrchestrator.java:58)
	at org.junit.platform.launcher.core.EngineExecutionOrchestrator.withInterceptedStreams(EngineExecutionOrchestrator.java:141)
	at org.junit.platform.launcher.core.EngineExecutionOrchestrator.execute(EngineExecutionOrchestrator.java:57)
	at org.junit.platform.launcher.core.DefaultLauncher.execute(DefaultLauncher.java:103)
	at org.junit.platform.launcher.core.DefaultLauncher.execute(DefaultLauncher.java:85)
	at org.junit.platform.launcher.core.DelegatingLauncher.execute(DelegatingLauncher.java:47)
	at org.junit.platform.launcher.core.SessionPerRequestLauncher.execute(SessionPerRequestLauncher.java:63)
	at org.apache.maven.surefire.junitplatform.JUnitPlatformProvider.invokeAllTests(JUnitPlatformProvider.java:154)
	at org.apache.maven.surefire.junitplatform.JUnitPlatformProvider.invoke(JUnitPlatformProvider.java:123)
	at org.apache.maven.surefire.booter.ForkedBooter.runSuitesInProcess(ForkedBooter.java:377)
	at org.apache.maven.surefire.booter.ForkedBooter.execute(ForkedBooter.java:138)
	at org.apache.maven.surefire.booter.ForkedBooter.run(ForkedBooter.java:465)
	at org.apache.maven.surefire.booter.ForkedBooter.main(ForkedBooter.java:451)

]]></system-err>
  </testcase>
</testsuite>