-------------------------------------------------------------------------------
Test set: org.apache.ratis.netty.TestRaftAsyncWithNetty
-------------------------------------------------------------------------------
Tests run: 14, Failures: 0, Errors: 1, Skipped: 0, Time elapsed: 95.11 s <<< FAILURE! -- in org.apache.ratis.netty.TestRaftAsyncWithNetty
org.apache.ratis.netty.TestRaftAsyncWithNetty.testAsyncRequestSemaphore -- Time elapsed: 1.540 s <<< ERROR!
java.lang.IllegalStateException: queueLength: expected == 1 but computed == 0
	at org.apache.ratis.util.Preconditions.assertTrue(Preconditions.java:77)
	at org.apache.ratis.util.Preconditions.assertSame(Preconditions.java:82)
	at org.apache.ratis.client.impl.OrderedAsync.assertRequestSemaphore(OrderedAsync.java:276)
	at org.apache.ratis.client.impl.RaftClientTestUtil.assertAsyncRequestSemaphore(RaftClientTestUtil.java:32)
	at org.apache.ratis.RaftAsyncTests.runTestAsyncRequestSemaphore(RaftAsyncTests.java:251)
	at org.apache.ratis.server.impl.MiniRaftCluster$Factory$Get.runWithNewCluster(MiniRaftCluster.java:143)
	at org.apache.ratis.server.impl.MiniRaftCluster$Factory$Get.runWithNewCluster(MiniRaftCluster.java:121)
	at org.apache.ratis.RaftAsyncTests.testAsyncRequestSemaphore(RaftAsyncTests.java:213)
	at java.base/java.lang.reflect.Method.invoke(Method.java:569)
	at java.base/java.util.ArrayList.forEach(ArrayList.java:1511)
	at java.base/java.util.ArrayList.forEach(ArrayList.java:1511)

