-------------------------------------------------------------------------------
Test set: org.apache.ratis.grpc.TestReadOnlyRequestWithGrpc
-------------------------------------------------------------------------------
Tests run: 13, Failures: 1, Errors: 0, Skipped: 0, Time elapsed: 24.37 s <<< FAILURE! -- in org.apache.ratis.grpc.TestReadOnlyRequestWithGrpc
org.apache.ratis.grpc.TestReadOnlyRequestWithGrpc.testReadAfterWrite -- Time elapsed: 1.584 s <<< FAILURE!
org.opentest4j.AssertionFailedError: expected: <true> but was: <false>
	at org.apache.ratis.ReadOnlyRequestTests.testReadAfterWriteImpl(ReadOnlyRequestTests.java:314)
	at org.apache.ratis.server.impl.MiniRaftCluster$Factory$Get.runWithNewCluster(MiniRaftCluster.java:143)
	at org.apache.ratis.server.impl.MiniRaftCluster$Factory$Get.runWithNewCluster(MiniRaftCluster.java:121)
	at org.apache.ratis.ReadOnlyRequestTests.testReadAfterWrite(ReadOnlyRequestTests.java:289)
	at java.lang.reflect.Method.invoke(Method.java:498)
	at java.util.ArrayList.forEach(ArrayList.java:1259)
	at java.util.ArrayList.forEach(ArrayList.java:1259)

