-------------------------------------------------------------------------------
Test set: org.apache.ratis.server.simulation.TestLeaderElectionWithSimulatedRpc
-------------------------------------------------------------------------------
Tests run: 23, Failures: 1, Errors: 0, Skipped: 0, Time elapsed: 59.376 s <<< FAILURE! - in org.apache.ratis.server.simulation.TestLeaderElectionWithSimulatedRpc
org.apache.ratis.server.simulation.TestLeaderElectionWithSimulatedRpc.testLeaderLease  Time elapsed: 1.589 s  <<< FAILURE!
java.lang.AssertionError: expected:<false> but was:<true>
	at org.junit.Assert.fail(Assert.java:89)
	at org.junit.Assert.failNotEquals(Assert.java:835)
	at org.junit.Assert.assertEquals(Assert.java:120)
	at org.junit.Assert.assertEquals(Assert.java:146)
	at org.apache.ratis.server.impl.RaftServerTestUtil.assertLeaderLease(RaftServerTestUtil.java:164)
	at org.apache.ratis.server.impl.LeaderElectionTests.runTestLeaderLease(LeaderElectionTests.java:667)
	at org.apache.ratis.server.impl.LeaderElectionTests.runLeaseTest(LeaderElectionTests.java:649)
	at org.apache.ratis.server.impl.LeaderElectionTests.lambda$testLeaderLease$8(LeaderElectionTests.java:657)
	at org.apache.ratis.server.impl.MiniRaftCluster$Factory$Get.runWithNewCluster(MiniRaftCluster.java:140)
	at org.apache.ratis.server.impl.MiniRaftCluster$Factory$Get.runWithNewCluster(MiniRaftCluster.java:120)
	at org.apache.ratis.server.impl.LeaderElectionTests.testLeaderLease(LeaderElectionTests.java:657)
	at sun.reflect.NativeMethodAccessorImpl.invoke0(Native Method)
	at sun.reflect.NativeMethodAccessorImpl.invoke(NativeMethodAccessorImpl.java:62)
	at sun.reflect.DelegatingMethodAccessorImpl.invoke(DelegatingMethodAccessorImpl.java:43)
	at java.lang.reflect.Method.invoke(Method.java:498)
	at org.junit.runners.model.FrameworkMethod$1.runReflectiveCall(FrameworkMethod.java:59)
	at org.junit.internal.runners.model.ReflectiveCallable.run(ReflectiveCallable.java:12)
	at org.junit.runners.model.FrameworkMethod.invokeExplosively(FrameworkMethod.java:56)
	at org.junit.internal.runners.statements.InvokeMethod.evaluate(InvokeMethod.java:17)
	at org.junit.internal.runners.statements.RunAfters.evaluate(RunAfters.java:27)
	at org.junit.internal.runners.statements.FailOnTimeout$CallableStatement.call(FailOnTimeout.java:299)
	at org.junit.internal.runners.statements.FailOnTimeout$CallableStatement.call(FailOnTimeout.java:293)
	at java.util.concurrent.FutureTask.run(FutureTask.java:266)
	at java.lang.Thread.run(Thread.java:750)

