-------------------------------------------------------------------------------
Test set: org.apache.ratis.netty.TestRaftWithNetty
-------------------------------------------------------------------------------
Tests run: 5, Failures: 0, Errors: 1, Skipped: 0, Time elapsed: 129.543 s <<< FAILURE! - in org.apache.ratis.netty.TestRaftWithNetty
org.apache.ratis.netty.TestRaftWithNetty.testWithLoad  Time elapsed: 100.181 s  <<< ERROR!
org.junit.runners.model.TestTimedOutException: test timed out after 100 seconds
	at java.base@11.0.21/java.lang.Thread.sleep(Native Method)
	at java.base@11.0.21/java.lang.Thread.sleep(Thread.java:334)
	at java.base@11.0.21/java.util.concurrent.TimeUnit.sleep(TimeUnit.java:446)
	at app//org.apache.ratis.util.TimeDuration.sleep(TimeDuration.java:353)
	at app//org.apache.ratis.util.TimeDuration.sleep(TimeDuration.java:338)
	at app//org.apache.ratis.util.JavaUtils.attempt(JavaUtils.java:228)
	at app//org.apache.ratis.util.JavaUtils.attemptRepeatedly(JavaUtils.java:203)
	at app//org.apache.ratis.RaftTestUtil.waitForLeader(RaftTestUtil.java:111)
	at app//org.apache.ratis.RaftTestUtil.waitForLeader(RaftTestUtil.java:92)
	at app//org.apache.ratis.RaftTestUtil.waitForLeader(RaftTestUtil.java:87)
	at app//org.apache.ratis.RaftTestUtil.lambda$changeLeader$6(RaftTestUtil.java:431)
	at app//org.apache.ratis.RaftTestUtil$$Lambda$802/0x00000001003f0c40.get(Unknown Source)
	at app//org.apache.ratis.util.JavaUtils.attempt(JavaUtils.java:217)
	at app//org.apache.ratis.util.JavaUtils.attemptRepeatedly(JavaUtils.java:203)
	at app//org.apache.ratis.RaftTestUtil.changeLeader(RaftTestUtil.java:430)
	at app//org.apache.ratis.RaftTestUtil.changeLeader(RaftTestUtil.java:422)
	at app//org.apache.ratis.RaftBasicTests.testWithLoad(RaftBasicTests.java:410)
	at app//org.apache.ratis.RaftBasicTests.lambda$testWithLoad$9(RaftBasicTests.java:343)
	at app//org.apache.ratis.RaftBasicTests$$Lambda$75/0x000000010015c440.accept(Unknown Source)
	at app//org.apache.ratis.server.impl.MiniRaftCluster$Factory$Get.runWithNewCluster(MiniRaftCluster.java:141)
	at app//org.apache.ratis.server.impl.MiniRaftCluster$Factory$Get.runWithNewCluster(MiniRaftCluster.java:121)
	at app//org.apache.ratis.RaftBasicTests.testWithLoad(RaftBasicTests.java:343)
	at app//org.apache.ratis.netty.TestRaftWithNetty.testWithLoad(TestRaftWithNetty.java:31)
	at java.base@11.0.21/jdk.internal.reflect.NativeMethodAccessorImpl.invoke0(Native Method)
	at java.base@11.0.21/jdk.internal.reflect.NativeMethodAccessorImpl.invoke(NativeMethodAccessorImpl.java:62)
	at java.base@11.0.21/jdk.internal.reflect.DelegatingMethodAccessorImpl.invoke(DelegatingMethodAccessorImpl.java:43)
	at java.base@11.0.21/java.lang.reflect.Method.invoke(Method.java:566)
	at app//org.junit.runners.model.FrameworkMethod$1.runReflectiveCall(FrameworkMethod.java:59)
	at app//org.junit.internal.runners.model.ReflectiveCallable.run(ReflectiveCallable.java:12)
	at app//org.junit.runners.model.FrameworkMethod.invokeExplosively(FrameworkMethod.java:56)
	at app//org.junit.internal.runners.statements.InvokeMethod.evaluate(InvokeMethod.java:17)
	at app//org.junit.internal.runners.statements.RunAfters.evaluate(RunAfters.java:27)
	at app//org.junit.internal.runners.statements.FailOnTimeout$CallableStatement.call(FailOnTimeout.java:299)
	at app//org.junit.internal.runners.statements.FailOnTimeout$CallableStatement.call(FailOnTimeout.java:293)
	at java.base@11.0.21/java.util.concurrent.FutureTask.run(FutureTask.java:264)
	at java.base@11.0.21/java.lang.Thread.run(Thread.java:829)

