<?xml version="1.0" encoding="UTF-8"?>
<testsuite xmlns:xsi="http://www.w3.org/2001/XMLSchema-instance" xsi:noNamespaceSchemaLocation="https://maven.apache.org/surefire/maven-surefire-plugin/xsd/surefire-test-report-3.0.xsd" version="3.0" name="org.apache.ratis.server.raftlog.segmented.TestSegmentedRaftLog" time="290.346" tests="49" errors="1" skipped="0" failures="0">
  <properties>
[...]
</properties>
  <testcase name="testAppendEntriesWithInconsistency(Boolean,Boolean)" classname="org.apache.ratis.server.raftlog.segmented.TestSegmentedRaftLog" time="4.918"/>
  <testcase name="testAppendEntriesWithInconsistency(Boolean,Boolean)" classname="org.apache.ratis.server.raftlog.segmented.TestSegmentedRaftLog" time="3.466"/>
  <testcase name="testAppendEntriesWithInconsistency(Boolean,Boolean)" classname="org.apache.ratis.server.raftlog.segmented.TestSegmentedRaftLog" time="3.453"/>
  <testcase name="testAppendEntriesWithInconsistency(Boolean,Boolean)" classname="org.apache.ratis.server.raftlog.segmented.TestSegmentedRaftLog" time="3.358"/>
  <testcase name="testTruncate(Boolean,Boolean)" classname="org.apache.ratis.server.raftlog.segmented.TestSegmentedRaftLog" time="15.382"/>
  <testcase name="testTruncate(Boolean,Boolean)" classname="org.apache.ratis.server.raftlog.segmented.TestSegmentedRaftLog" time="15.364"/>
  <testcase name="testTruncate(Boolean,Boolean)" classname="org.apache.ratis.server.raftlog.segmented.TestSegmentedRaftLog" time="15.362"/>
  <testcase name="testTruncate(Boolean,Boolean)" classname="org.apache.ratis.server.raftlog.segmented.TestSegmentedRaftLog" time="15.341"/>
  <testcase name="testPurgeOnClosedSegments" classname="org.apache.ratis.server.raftlog.segmented.TestSegmentedRaftLog" time="1.239"/>
  <testcase name="testPurgeOnClosedSegmentsWithPurgeGap" classname="org.apache.ratis.server.raftlog.segmented.TestSegmentedRaftLog" time="1.223"/>
  <testcase name="testServerShutdownOnTimeoutIOException(Boolean,Boolean)" classname="org.apache.ratis.server.raftlog.segmented.TestSegmentedRaftLog" time="1.341"/>
  <testcase name="testServerShutdownOnTimeoutIOException(Boolean,Boolean)" classname="org.apache.ratis.server.raftlog.segmented.TestSegmentedRaftLog" time="1.33"/>
  <testcase name="testServerShutdownOnTimeoutIOException(Boolean,Boolean)" classname="org.apache.ratis.server.raftlog.segmented.TestSegmentedRaftLog" time="1.331"/>
  <testcase name="testServerShutdownOnTimeoutIOException(Boolean,Boolean)" classname="org.apache.ratis.server.raftlog.segmented.TestSegmentedRaftLog" time="1.325"/>
  <testcase name="testPurgeAfterAppendEntry(Boolean,Boolean)" classname="org.apache.ratis.server.raftlog.segmented.TestSegmentedRaftLog" time="2.066"/>
  <testcase name="testPurgeAfterAppendEntry(Boolean,Boolean)" classname="org.apache.ratis.server.raftlog.segmented.TestSegmentedRaftLog" time="2.064"/>
  <testcase name="testPurgeAfterAppendEntry(Boolean,Boolean)" classname="org.apache.ratis.server.raftlog.segmented.TestSegmentedRaftLog" time="2.053"/>
  <testcase name="testPurgeAfterAppendEntry(Boolean,Boolean)" classname="org.apache.ratis.server.raftlog.segmented.TestSegmentedRaftLog" time="2.05"/>
  <testcase name="testPurgeOnOpenSegment" classname="org.apache.ratis.server.raftlog.segmented.TestSegmentedRaftLog" time="1.242"/>
  <testcase name="testPurgeWithLargePurgePreservationAndSmallPurgeGap" classname="org.apache.ratis.server.raftlog.segmented.TestSegmentedRaftLog" time="1.226"/>
  <testcase name="testPurgeLogMetric" classname="org.apache.ratis.server.raftlog.segmented.TestSegmentedRaftLog" time="1.213"/>
  <testcase name="testAppendAndRoll(Boolean,Boolean)" classname="org.apache.ratis.server.raftlog.segmented.TestSegmentedRaftLog" time="2.243"/>
  <testcase name="testAppendAndRoll(Boolean,Boolean)" classname="org.apache.ratis.server.raftlog.segmented.TestSegmentedRaftLog" time="100.017">
    <error type="java.util.concurrent.TimeoutException"><![CDATA[java.util.concurrent.TimeoutException: testAppendAndRoll(java.lang.Boolean, java.lang.Boolean) timed out after 100 seconds
	at java.util.stream.ForEachOps$ForEachOp$OfRef.accept(ForEachOps.java:183)
	at java.util.stream.ReferencePipeline$3$1.accept(ReferencePipeline.java:193)
	at java.util.stream.ReferencePipeline$2$1.accept(ReferencePipeline.java:175)
	at java.util.stream.ReferencePipeline$3$1.accept(ReferencePipeline.java:193)
	at java.util.stream.ForEachOps$ForEachOp$OfRef.accept(ForEachOps.java:183)
	at java.util.stream.ReferencePipeline$3$1.accept(ReferencePipeline.java:193)
	at java.util.stream.ForEachOps$ForEachOp$OfRef.accept(ForEachOps.java:183)
	at java.util.stream.ForEachOps$ForEachOp$OfRef.accept(ForEachOps.java:183)
	at java.util.stream.ReferencePipeline$3$1.accept(ReferencePipeline.java:193)
	at java.util.Spliterators$ArraySpliterator.forEachRemaining(Spliterators.java:948)
	at java.util.stream.ReferencePipeline$Head.forEach(ReferencePipeline.java:647)
	at java.util.stream.ReferencePipeline$7$1.accept(ReferencePipeline.java:272)
	at java.util.stream.ReferencePipeline$3$1.accept(ReferencePipeline.java:193)
	at java.util.stream.ReferencePipeline$3$1.accept(ReferencePipeline.java:193)
	at java.util.stream.ReferencePipeline$3$1.accept(ReferencePipeline.java:193)
	at java.util.Spliterators$ArraySpliterator.forEachRemaining(Spliterators.java:948)
	at java.util.stream.AbstractPipeline.copyInto(AbstractPipeline.java:482)
	at java.util.stream.AbstractPipeline.wrapAndCopyInto(AbstractPipeline.java:472)
	at java.util.stream.ForEachOps$ForEachOp.evaluateSequential(ForEachOps.java:150)
	at java.util.stream.ForEachOps$ForEachOp$OfRef.evaluateSequential(ForEachOps.java:173)
	at java.util.stream.AbstractPipeline.evaluate(AbstractPipeline.java:234)
	at java.util.stream.ReferencePipeline.forEach(ReferencePipeline.java:485)
	at java.util.stream.ReferencePipeline$7$1.accept(ReferencePipeline.java:272)
	at java.util.ArrayList$ArrayListSpliterator.forEachRemaining(ArrayList.java:1384)
	at java.util.stream.AbstractPipeline.copyInto(AbstractPipeline.java:482)
	at java.util.stream.AbstractPipeline.wrapAndCopyInto(AbstractPipeline.java:472)
	at java.util.stream.ForEachOps$ForEachOp.evaluateSequential(ForEachOps.java:150)
	at java.util.stream.ForEachOps$ForEachOp$OfRef.evaluateSequential(ForEachOps.java:173)
	at java.util.stream.AbstractPipeline.evaluate(AbstractPipeline.java:234)
	at java.util.stream.ReferencePipeline.forEach(ReferencePipeline.java:485)
	at java.util.stream.ReferencePipeline$7$1.accept(ReferencePipeline.java:272)
	at java.util.stream.ReferencePipeline$3$1.accept(ReferencePipeline.java:193)
	at java.util.stream.ReferencePipeline$3$1.accept(ReferencePipeline.java:193)
	at java.util.stream.ReferencePipeline$3$1.accept(ReferencePipeline.java:193)
	at java.util.ArrayList$ArrayListSpliterator.forEachRemaining(ArrayList.java:1384)
	at java.util.stream.AbstractPipeline.copyInto(AbstractPipeline.java:482)
	at java.util.stream.AbstractPipeline.wrapAndCopyInto(AbstractPipeline.java:472)
	at java.util.stream.ForEachOps$ForEachOp.evaluateSequential(ForEachOps.java:150)
	at java.util.stream.ForEachOps$ForEachOp$OfRef.evaluateSequential(ForEachOps.java:173)
	at java.util.stream.AbstractPipeline.evaluate(AbstractPipeline.java:234)
	at java.util.stream.ReferencePipeline.forEach(ReferencePipeline.java:485)
	at java.util.stream.ReferencePipeline$7$1.accept(ReferencePipeline.java:272)
	at java.util.ArrayList$ArrayListSpliterator.forEachRemaining(ArrayList.java:1384)
	at java.util.stream.AbstractPipeline.copyInto(AbstractPipeline.java:482)
	at java.util.stream.AbstractPipeline.wrapAndCopyInto(AbstractPipeline.java:472)
	at java.util.stream.ForEachOps$ForEachOp.evaluateSequential(ForEachOps.java:150)
	at java.util.stream.ForEachOps$ForEachOp$OfRef.evaluateSequential(ForEachOps.java:173)
	at java.util.stream.AbstractPipeline.evaluate(AbstractPipeline.java:234)
	at java.util.stream.ReferencePipeline.forEach(ReferencePipeline.java:485)
	at java.util.ArrayList.forEach(ArrayList.java:1259)
	at java.util.ArrayList.forEach(ArrayList.java:1259)
]]></error>
    <system-out><![CDATA[2024-12-27 13:13:38,685 [main] INFO  util.LogUtils (Slf4jUtils.java:setLogLevel(38)) - Successfully set org.apache.ratis.conf.ConfUtils log level to WARN
2024-12-27 13:13:38,685 [main] INFO  util.LogUtils (Slf4jUtils.java:setLogLevel(38)) - Successfully set org.apache.ratis.util.FileUtils log level to TRACE
2024-12-27 13:13:38,686 [main] INFO  storage.RaftStorageDirectory (RaftStorageDirectoryImpl.java:analyzeStorage(138)) - The storage directory /home/runner/work/ratis/ratis/ratis-test/target/test/data/c3ed31e6/TestSegmentedRaftLog/testAppendAndRoll does not exist. Creating ...
2024-12-27 13:13:38,687 [main] TRACE util.FileUtils (LogUtils.java:runAndLog(49)) - Successfully ran Files.createDirectories target/test/data/c3ed31e6/TestSegmentedRaftLog/testAppendAndRoll
2024-12-27 13:13:38,688 [main] INFO  storage.RaftStorageDirectory (RaftStorageDirectoryImpl.java:tryLock(229)) - Lock on target/test/data/c3ed31e6/TestSegmentedRaftLog/testAppendAndRoll/in_use.lock acquired by nodename 8938@fv-az1113-268
2024-12-27 13:13:38,688 [main] TRACE util.FileUtils (LogUtils.java:runAndLog(49)) - Successfully ran Files.deleteIfExists target/test/data/c3ed31e6/TestSegmentedRaftLog/testAppendAndRoll/current/raft-meta.tmp
2024-12-27 13:13:38,688 [main] TRACE util.FileUtils (LogUtils.java:runAndLog(49)) - Successfully ran Files.createDirectories target/test/data/c3ed31e6/TestSegmentedRaftLog/testAppendAndRoll/current
2024-12-27 13:13:38,689 [main] TRACE util.FileUtils (LogUtils.java:runAndLog(49)) - Successfully ran Files.createDirectories target/test/data/c3ed31e6/TestSegmentedRaftLog/testAppendAndRoll/sm
2024-12-27 13:13:38,689 [main] TRACE util.FileUtils (LogUtils.java:supplyAndLog(69)) - Successfully supplied FileChannel.open target/test/data/c3ed31e6/TestSegmentedRaftLog/testAppendAndRoll/current/raft-meta.tmp with options [CREATE, WRITE]: sun.nio.ch.FileChannelImpl@6b474074
2024-12-27 13:13:38,690 [main] TRACE util.FileUtils (LogUtils.java:runAndLog(49)) - Successfully ran Atomic Files.move /home/runner/work/ratis/ratis/ratis-test/target/test/data/c3ed31e6/TestSegmentedRaftLog/testAppendAndRoll/current/raft-meta.tmp to /home/runner/work/ratis/ratis/ratis-test/target/test/data/c3ed31e6/TestSegmentedRaftLog/testAppendAndRoll/current/raft-meta with options [REPLACE_EXISTING]
2024-12-27 13:13:38,690 [main] INFO  storage.RaftStorage (RaftStorageImpl.java:format(98)) - Storage directory target/test/data/c3ed31e6/TestSegmentedRaftLog/testAppendAndRoll has been successfully formatted.
2024-12-27 13:13:38,691 [main] INFO  server.RaftServerConfigKeys (ConfUtils.java:logGet(46)) - raft.server.log.segment.size.max = 32MB (=33554432) (default)
2024-12-27 13:13:38,691 [main] INFO  server.RaftServerConfigKeys (ConfUtils.java:logGet(46)) - raft.server.log.preallocated.size = 4MB (=4194304) (default)
2024-12-27 13:13:38,691 [main] INFO  server.RaftServerConfigKeys (ConfUtils.java:logGet(46)) - raft.server.log.write.buffer.size = 8MB (=8388608) (default)
2024-12-27 13:13:38,694 [main] INFO  server.RaftServerConfigKeys (ConfUtils.java:logGet(46)) - raft.server.log.purge.gap = 1024 (default)
2024-12-27 13:13:38,694 [main] INFO  server.RaftServerConfigKeys (ConfUtils.java:logGet(46)) - raft.server.log.appender.buffer.byte-limit = 4MB (=4194304) (default)
2024-12-27 13:13:38,695 [main] INFO  server.RaftServerConfigKeys (ConfUtils.java:logGet(46)) - raft.server.log.statemachine.data.read.timeout = 1000ms (default)
2024-12-27 13:13:38,695 [main] INFO  server.RaftServerConfigKeys (ConfUtils.java:logGet(46)) - raft.server.log.purge.preservation.log.num = 0 (default)
2024-12-27 13:13:38,695 [main] INFO  server.RaftServerConfigKeys (ConfUtils.java:logGet(46)) - raft.server.log.segment.size.max = 128KB (=131072) (custom)
2024-12-27 13:13:38,696 [main] INFO  server.RaftServerConfigKeys (ConfUtils.java:logGet(46)) - raft.server.log.segment.cache.num.max = 6 (default)
2024-12-27 13:13:38,696 [main] INFO  server.RaftServerConfigKeys (ConfUtils.java:logGet(46)) - raft.server.log.segment.cache.size.max = 200MB (=209715200) (default)
2024-12-27 13:13:38,696 [main] INFO  server.RaftServerConfigKeys (ConfUtils.java:logGet(46)) - raft.server.log.appender.buffer.byte-limit = 4MB (=4194304) (default)
2024-12-27 13:13:38,697 [main] INFO  util.AwaitToRun (AwaitToRun.java:start(81)) - Thread[s0@group-6C938CC82FE8-cacheEviction-AwaitToRun,5,main] started
2024-12-27 13:13:38,697 [main] INFO  segmented.SegmentedRaftLogWorker (SegmentedRaftLogWorker.java:<init>(189)) - new s0@group-6C938CC82FE8-SegmentedRaftLogWorker for RaftStorageImpl:Storage Directory target/test/data/c3ed31e6/TestSegmentedRaftLog/testAppendAndRoll
2024-12-27 13:13:38,697 [main] INFO  server.RaftServerConfigKeys (ConfUtils.java:logGet(46)) - raft.server.log.queue.byte-limit = 64MB (=67108864) (default)
2024-12-27 13:13:38,697 [main] INFO  server.RaftServerConfigKeys (ConfUtils.java:logGet(46)) - raft.server.log.queue.element-limit = 4096 (default)
2024-12-27 13:13:38,697 [main] INFO  server.RaftServerConfigKeys (ConfUtils.java:logGet(46)) - raft.server.log.segment.size.max = 128KB (=131072) (custom)
2024-12-27 13:13:38,698 [main] INFO  server.RaftServerConfigKeys (ConfUtils.java:logGet(46)) - raft.server.log.preallocated.size = 16KB (=16384) (custom)
2024-12-27 13:13:38,698 [main] INFO  server.RaftServerConfigKeys (ConfUtils.java:logGet(46)) - raft.server.log.force.sync.num = 128 (default)
2024-12-27 13:13:38,698 [main] INFO  server.RaftServerConfigKeys (ConfUtils.java:logGet(46)) - raft.server.log.statemachine.data.sync = true (default)
2024-12-27 13:13:38,698 [main] INFO  server.RaftServerConfigKeys (ConfUtils.java:logGet(46)) - raft.server.log.statemachine.data.sync.timeout = 10s (default)
2024-12-27 13:13:38,699 [main] INFO  server.RaftServerConfigKeys (ConfUtils.java:logGet(46)) - raft.server.log.statemachine.data.sync.timeout.retry = -1 (default)
2024-12-27 13:13:38,699 [main] INFO  server.RaftServerConfigKeys (ConfUtils.java:logGet(46)) - raft.server.log.write.buffer.size = 8MB (=8388608) (default)
2024-12-27 13:13:38,699 [main] INFO  server.RaftServerConfigKeys (ConfUtils.java:logGet(46)) - raft.server.log.appender.buffer.byte-limit = 4MB (=4194304) (default)
2024-12-27 13:13:38,700 [main] INFO  server.RaftServerConfigKeys (ConfUtils.java:logGet(46)) - raft.server.log.unsafe-flush.enabled = false (default)
2024-12-27 13:13:38,700 [main] INFO  server.RaftServerConfigKeys (ConfUtils.java:logGet(46)) - raft.server.log.async-flush.enabled = false (default)
2024-12-27 13:13:38,700 [main] INFO  server.RaftServerConfigKeys (ConfUtils.java:logGet(46)) - raft.server.log.statemachine.data.caching.enabled = false (default)
2024-12-27 13:13:38,700 [main] INFO  segmented.SegmentedRaftLogWorker (SegmentedRaftLogWorker.java:lambda$new$0(140)) - s0@group-6C938CC82FE8-SegmentedRaftLogWorker: flushIndex: setUnconditionally 0 -> -1
2024-12-27 13:13:38,701 [main] INFO  segmented.SegmentedRaftLogWorker (SegmentedRaftLogWorker.java:lambda$new$0(140)) - s0@group-6C938CC82FE8-SegmentedRaftLogWorker: safeCacheEvictIndex: setUnconditionally 0 -> -1
2024-12-27 13:13:38,701 [main] INFO  segmented.SegmentedRaftLogWorker (SegmentedRaftLogWorker.java:startLogSegment(443)) - s0@group-6C938CC82FE8-SegmentedRaftLogWorker: Starting segment from index:0
2024-12-27 13:13:38,701 [s0@group-6C938CC82FE8-SegmentedRaftLogWorker] INFO  segmented.BufferedWriteChannel (BufferedWriteChannel.java:open(61)) - open log_inprogress_0 at position 0
2024-12-27 13:13:38,702 [s0@group-6C938CC82FE8-SegmentedRaftLogWorker] INFO  segmented.SegmentedRaftLogWorker (SegmentedRaftLogWorker.java:execute(667)) - s0@group-6C938CC82FE8-SegmentedRaftLogWorker: created new log segment target/test/data/c3ed31e6/TestSegmentedRaftLog/testAppendAndRoll/current/log_inprogress_0
2024-12-27 13:13:38,725 [main] INFO  segmented.SegmentedRaftLogWorker (SegmentedRaftLogWorker.java:rollLogSegment(448)) - s0@group-6C938CC82FE8-SegmentedRaftLogWorker: Rolling segment log-0_122 to index:122
2024-12-27 13:13:38,725 [s0@group-6C938CC82FE8-SegmentedRaftLogWorker] TRACE util.FileUtils (LogUtils.java:runAndLog(49)) - Successfully ran Atomic Files.move target/test/data/c3ed31e6/TestSegmentedRaftLog/testAppendAndRoll/current/log_inprogress_0 to target/test/data/c3ed31e6/TestSegmentedRaftLog/testAppendAndRoll/current/log_0-122
2024-12-27 13:13:38,725 [s0@group-6C938CC82FE8-SegmentedRaftLogWorker] INFO  segmented.SegmentedRaftLogWorker (SegmentedRaftLogWorker.java:execute(624)) - s0@group-6C938CC82FE8-SegmentedRaftLogWorker: Rolled log segment from target/test/data/c3ed31e6/TestSegmentedRaftLog/testAppendAndRoll/current/log_inprogress_0 to target/test/data/c3ed31e6/TestSegmentedRaftLog/testAppendAndRoll/current/log_0-122
2024-12-27 13:13:38,726 [s0@group-6C938CC82FE8-SegmentedRaftLogWorker] INFO  segmented.BufferedWriteChannel (BufferedWriteChannel.java:open(61)) - open log_inprogress_123 at position 0
2024-12-27 13:13:38,726 [s0@group-6C938CC82FE8-SegmentedRaftLogWorker] INFO  segmented.SegmentedRaftLogWorker (SegmentedRaftLogWorker.java:execute(667)) - s0@group-6C938CC82FE8-SegmentedRaftLogWorker: created new log segment target/test/data/c3ed31e6/TestSegmentedRaftLog/testAppendAndRoll/current/log_inprogress_123
2024-12-27 13:13:38,750 [main] INFO  segmented.SegmentedRaftLogWorker (SegmentedRaftLogWorker.java:rollLogSegment(448)) - s0@group-6C938CC82FE8-SegmentedRaftLogWorker: Rolling segment log-123_245 to index:245
2024-12-27 13:13:38,750 [s0@group-6C938CC82FE8-SegmentedRaftLogWorker] TRACE util.FileUtils (LogUtils.java:runAndLog(49)) - Successfully ran Atomic Files.move target/test/data/c3ed31e6/TestSegmentedRaftLog/testAppendAndRoll/current/log_inprogress_123 to target/test/data/c3ed31e6/TestSegmentedRaftLog/testAppendAndRoll/current/log_123-245
2024-12-27 13:13:38,751 [s0@group-6C938CC82FE8-SegmentedRaftLogWorker] INFO  segmented.SegmentedRaftLogWorker (SegmentedRaftLogWorker.java:execute(624)) - s0@group-6C938CC82FE8-SegmentedRaftLogWorker: Rolled log segment from target/test/data/c3ed31e6/TestSegmentedRaftLog/testAppendAndRoll/current/log_inprogress_123 to target/test/data/c3ed31e6/TestSegmentedRaftLog/testAppendAndRoll/current/log_123-245
2024-12-27 13:13:38,751 [s0@group-6C938CC82FE8-SegmentedRaftLogWorker] INFO  segmented.BufferedWriteChannel (BufferedWriteChannel.java:open(61)) - open log_inprogress_246 at position 0
2024-12-27 13:13:38,751 [s0@group-6C938CC82FE8-SegmentedRaftLogWorker] INFO  segmented.SegmentedRaftLogWorker (SegmentedRaftLogWorker.java:execute(667)) - s0@group-6C938CC82FE8-SegmentedRaftLogWorker: created new log segment target/test/data/c3ed31e6/TestSegmentedRaftLog/testAppendAndRoll/current/log_inprogress_246
2024-12-27 13:13:38,774 [main] INFO  segmented.SegmentedRaftLogWorker (SegmentedRaftLogWorker.java:rollLogSegment(448)) - s0@group-6C938CC82FE8-SegmentedRaftLogWorker: Rolling segment log-246_368 to index:368
2024-12-27 13:13:38,775 [s0@group-6C938CC82FE8-SegmentedRaftLogWorker] TRACE util.FileUtils (LogUtils.java:runAndLog(49)) - Successfully ran Atomic Files.move target/test/data/c3ed31e6/TestSegmentedRaftLog/testAppendAndRoll/current/log_inprogress_246 to target/test/data/c3ed31e6/TestSegmentedRaftLog/testAppendAndRoll/current/log_246-368
2024-12-27 13:13:38,775 [s0@group-6C938CC82FE8-SegmentedRaftLogWorker] INFO  segmented.SegmentedRaftLogWorker (SegmentedRaftLogWorker.java:execute(624)) - s0@group-6C938CC82FE8-SegmentedRaftLogWorker: Rolled log segment from target/test/data/c3ed31e6/TestSegmentedRaftLog/testAppendAndRoll/current/log_inprogress_246 to target/test/data/c3ed31e6/TestSegmentedRaftLog/testAppendAndRoll/current/log_246-368
2024-12-27 13:13:38,775 [s0@group-6C938CC82FE8-SegmentedRaftLogWorker] INFO  segmented.BufferedWriteChannel (BufferedWriteChannel.java:open(61)) - open log_inprogress_369 at position 0
2024-12-27 13:13:38,775 [s0@group-6C938CC82FE8-SegmentedRaftLogWorker] INFO  segmented.SegmentedRaftLogWorker (SegmentedRaftLogWorker.java:execute(667)) - s0@group-6C938CC82FE8-SegmentedRaftLogWorker: created new log segment target/test/data/c3ed31e6/TestSegmentedRaftLog/testAppendAndRoll/current/log_inprogress_369
2024-12-27 13:13:38,797 [main] INFO  segmented.SegmentedRaftLogWorker (SegmentedRaftLogWorker.java:rollLogSegment(448)) - s0@group-6C938CC82FE8-SegmentedRaftLogWorker: Rolling segment log-369_491 to index:491
2024-12-27 13:13:38,798 [s0@group-6C938CC82FE8-SegmentedRaftLogWorker] TRACE util.FileUtils (LogUtils.java:runAndLog(49)) - Successfully ran Atomic Files.move target/test/data/c3ed31e6/TestSegmentedRaftLog/testAppendAndRoll/current/log_inprogress_369 to target/test/data/c3ed31e6/TestSegmentedRaftLog/testAppendAndRoll/current/log_369-491
2024-12-27 13:13:38,798 [s0@group-6C938CC82FE8-SegmentedRaftLogWorker] INFO  segmented.SegmentedRaftLogWorker (SegmentedRaftLogWorker.java:execute(624)) - s0@group-6C938CC82FE8-SegmentedRaftLogWorker: Rolled log segment from target/test/data/c3ed31e6/TestSegmentedRaftLog/testAppendAndRoll/current/log_inprogress_369 to target/test/data/c3ed31e6/TestSegmentedRaftLog/testAppendAndRoll/current/log_369-491
2024-12-27 13:13:38,798 [s0@group-6C938CC82FE8-SegmentedRaftLogWorker] INFO  segmented.BufferedWriteChannel (BufferedWriteChannel.java:open(61)) - open log_inprogress_492 at position 0
2024-12-27 13:13:38,799 [s0@group-6C938CC82FE8-SegmentedRaftLogWorker] INFO  segmented.SegmentedRaftLogWorker (SegmentedRaftLogWorker.java:execute(667)) - s0@group-6C938CC82FE8-SegmentedRaftLogWorker: created new log segment target/test/data/c3ed31e6/TestSegmentedRaftLog/testAppendAndRoll/current/log_inprogress_492
2024-12-27 13:13:38,820 [main] INFO  segmented.SegmentedRaftLogWorker (SegmentedRaftLogWorker.java:rollLogSegment(448)) - s0@group-6C938CC82FE8-SegmentedRaftLogWorker: Rolling segment log-492_614 to index:614
2024-12-27 13:13:38,821 [s0@group-6C938CC82FE8-SegmentedRaftLogWorker] TRACE util.FileUtils (LogUtils.java:runAndLog(49)) - Successfully ran Atomic Files.move target/test/data/c3ed31e6/TestSegmentedRaftLog/testAppendAndRoll/current/log_inprogress_492 to target/test/data/c3ed31e6/TestSegmentedRaftLog/testAppendAndRoll/current/log_492-614
2024-12-27 13:13:38,821 [s0@group-6C938CC82FE8-SegmentedRaftLogWorker] INFO  segmented.SegmentedRaftLogWorker (SegmentedRaftLogWorker.java:execute(624)) - s0@group-6C938CC82FE8-SegmentedRaftLogWorker: Rolled log segment from target/test/data/c3ed31e6/TestSegmentedRaftLog/testAppendAndRoll/current/log_inprogress_492 to target/test/data/c3ed31e6/TestSegmentedRaftLog/testAppendAndRoll/current/log_492-614
2024-12-27 13:13:38,821 [s0@group-6C938CC82FE8-SegmentedRaftLogWorker] INFO  segmented.BufferedWriteChannel (BufferedWriteChannel.java:open(61)) - open log_inprogress_615 at position 0
2024-12-27 13:13:38,821 [s0@group-6C938CC82FE8-SegmentedRaftLogWorker] INFO  segmented.SegmentedRaftLogWorker (SegmentedRaftLogWorker.java:execute(667)) - s0@group-6C938CC82FE8-SegmentedRaftLogWorker: created new log segment target/test/data/c3ed31e6/TestSegmentedRaftLog/testAppendAndRoll/current/log_inprogress_615
2024-12-27 13:13:38,845 [main] INFO  segmented.SegmentedRaftLogWorker (SegmentedRaftLogWorker.java:rollLogSegment(448)) - s0@group-6C938CC82FE8-SegmentedRaftLogWorker: Rolling segment log-615_737 to index:737
2024-12-27 13:13:38,846 [s0@group-6C938CC82FE8-SegmentedRaftLogWorker] TRACE util.FileUtils (LogUtils.java:runAndLog(49)) - Successfully ran Atomic Files.move target/test/data/c3ed31e6/TestSegmentedRaftLog/testAppendAndRoll/current/log_inprogress_615 to target/test/data/c3ed31e6/TestSegmentedRaftLog/testAppendAndRoll/current/log_615-737
2024-12-27 13:13:38,846 [s0@group-6C938CC82FE8-SegmentedRaftLogWorker] INFO  segmented.SegmentedRaftLogWorker (SegmentedRaftLogWorker.java:execute(624)) - s0@group-6C938CC82FE8-SegmentedRaftLogWorker: Rolled log segment from target/test/data/c3ed31e6/TestSegmentedRaftLog/testAppendAndRoll/current/log_inprogress_615 to target/test/data/c3ed31e6/TestSegmentedRaftLog/testAppendAndRoll/current/log_615-737
2024-12-27 13:13:38,846 [s0@group-6C938CC82FE8-SegmentedRaftLogWorker] INFO  segmented.BufferedWriteChannel (BufferedWriteChannel.java:open(61)) - open log_inprogress_738 at position 0
2024-12-27 13:13:38,846 [s0@group-6C938CC82FE8-SegmentedRaftLogWorker] INFO  segmented.SegmentedRaftLogWorker (SegmentedRaftLogWorker.java:execute(667)) - s0@group-6C938CC82FE8-SegmentedRaftLogWorker: created new log segment target/test/data/c3ed31e6/TestSegmentedRaftLog/testAppendAndRoll/current/log_inprogress_738
2024-12-27 13:13:38,871 [main] INFO  segmented.SegmentedRaftLogWorker (SegmentedRaftLogWorker.java:rollLogSegment(448)) - s0@group-6C938CC82FE8-SegmentedRaftLogWorker: Rolling segment log-738_860 to index:860
2024-12-27 13:13:38,872 [s0@group-6C938CC82FE8-SegmentedRaftLogWorker] TRACE util.FileUtils (LogUtils.java:runAndLog(49)) - Successfully ran Atomic Files.move target/test/data/c3ed31e6/TestSegmentedRaftLog/testAppendAndRoll/current/log_inprogress_738 to target/test/data/c3ed31e6/TestSegmentedRaftLog/testAppendAndRoll/current/log_738-860
2024-12-27 13:13:38,872 [s0@group-6C938CC82FE8-SegmentedRaftLogWorker] INFO  segmented.SegmentedRaftLogWorker (SegmentedRaftLogWorker.java:execute(624)) - s0@group-6C938CC82FE8-SegmentedRaftLogWorker: Rolled log segment from target/test/data/c3ed31e6/TestSegmentedRaftLog/testAppendAndRoll/current/log_inprogress_738 to target/test/data/c3ed31e6/TestSegmentedRaftLog/testAppendAndRoll/current/log_738-860
2024-12-27 13:13:38,872 [s0@group-6C938CC82FE8-SegmentedRaftLogWorker] INFO  segmented.BufferedWriteChannel (BufferedWriteChannel.java:open(61)) - open log_inprogress_861 at position 0
2024-12-27 13:13:38,873 [s0@group-6C938CC82FE8-SegmentedRaftLogWorker] INFO  segmented.SegmentedRaftLogWorker (SegmentedRaftLogWorker.java:execute(667)) - s0@group-6C938CC82FE8-SegmentedRaftLogWorker: created new log segment target/test/data/c3ed31e6/TestSegmentedRaftLog/testAppendAndRoll/current/log_inprogress_861
2024-12-27 13:13:38,896 [main] INFO  segmented.SegmentedRaftLogWorker (SegmentedRaftLogWorker.java:rollLogSegment(448)) - s0@group-6C938CC82FE8-SegmentedRaftLogWorker: Rolling segment log-861_983 to index:983
2024-12-27 13:13:38,896 [s0@group-6C938CC82FE8-SegmentedRaftLogWorker] TRACE util.FileUtils (LogUtils.java:runAndLog(49)) - Successfully ran Atomic Files.move target/test/data/c3ed31e6/TestSegmentedRaftLog/testAppendAndRoll/current/log_inprogress_861 to target/test/data/c3ed31e6/TestSegmentedRaftLog/testAppendAndRoll/current/log_861-983
2024-12-27 13:13:38,896 [s0@group-6C938CC82FE8-SegmentedRaftLogWorker] INFO  segmented.SegmentedRaftLogWorker (SegmentedRaftLogWorker.java:execute(624)) - s0@group-6C938CC82FE8-SegmentedRaftLogWorker: Rolled log segment from target/test/data/c3ed31e6/TestSegmentedRaftLog/testAppendAndRoll/current/log_inprogress_861 to target/test/data/c3ed31e6/TestSegmentedRaftLog/testAppendAndRoll/current/log_861-983
2024-12-27 13:13:38,897 [s0@group-6C938CC82FE8-SegmentedRaftLogWorker] INFO  segmented.BufferedWriteChannel (BufferedWriteChannel.java:open(61)) - open log_inprogress_984 at position 0
2024-12-27 13:13:38,897 [s0@group-6C938CC82FE8-SegmentedRaftLogWorker] INFO  segmented.SegmentedRaftLogWorker (SegmentedRaftLogWorker.java:execute(667)) - s0@group-6C938CC82FE8-SegmentedRaftLogWorker: created new log segment target/test/data/c3ed31e6/TestSegmentedRaftLog/testAppendAndRoll/current/log_inprogress_984
2024-12-27 13:13:38,905 [main] INFO  raftlog.RaftLog (SegmentedRaftLog.java:close(568)) - Start closing s0@group-6C938CC82FE8-SegmentedRaftLog:OPENED:c-1:last(t:0, i:1023)
2024-12-27 13:13:38,905 [s0@group-6C938CC82FE8-cacheEviction-AwaitToRun] INFO  util.AwaitToRun (AwaitToRun.java:run(49)) - s0@group-6C938CC82FE8-cacheEviction-AwaitToRun-AwaitForSignal is interrupted
2024-12-27 13:13:38,905 [main] INFO  segmented.LogSegment (LogSegment.java:close(353)) - Successfully closed EntryCache-log_inprogress_984
2024-12-27 13:13:38,905 [main] INFO  segmented.LogSegment (LogSegment.java:close(353)) - Successfully closed EntryCache-log-0_122
2024-12-27 13:13:38,906 [main] INFO  segmented.LogSegment (LogSegment.java:close(353)) - Successfully closed EntryCache-log-123_245
2024-12-27 13:13:38,906 [main] INFO  segmented.LogSegment (LogSegment.java:close(353)) - Successfully closed EntryCache-log-246_368
2024-12-27 13:13:38,906 [main] INFO  segmented.LogSegment (LogSegment.java:close(353)) - Successfully closed EntryCache-log-369_491
2024-12-27 13:13:38,906 [main] INFO  segmented.LogSegment (LogSegment.java:close(353)) - Successfully closed EntryCache-log-492_614
2024-12-27 13:13:38,906 [main] INFO  segmented.LogSegment (LogSegment.java:close(353)) - Successfully closed EntryCache-log-615_737
2024-12-27 13:13:38,906 [main] INFO  segmented.LogSegment (LogSegment.java:close(353)) - Successfully closed EntryCache-log-738_860
2024-12-27 13:13:38,907 [main] INFO  segmented.LogSegment (LogSegment.java:close(353)) - Successfully closed EntryCache-log-861_983
2024-12-27 13:13:39,905 [main] INFO  segmented.SegmentedRaftLogWorker (SegmentedRaftLogWorker.java:close(254)) - s0@group-6C938CC82FE8-SegmentedRaftLogWorker close()
2024-12-27 13:13:39,906 [main] INFO  raftlog.RaftLog (SegmentedRaftLog.java:close(576)) - Successfully closed s0@group-6C938CC82FE8-SegmentedRaftLog:CLOSED:c-1
2024-12-27 13:13:39,906 [main] INFO  server.RaftServerConfigKeys (ConfUtils.java:logGet(46)) - raft.server.log.purge.gap = 1024 (default)
2024-12-27 13:13:39,906 [main] INFO  server.RaftServerConfigKeys (ConfUtils.java:logGet(46)) - raft.server.log.appender.buffer.byte-limit = 4MB (=4194304) (default)
2024-12-27 13:13:39,907 [main] INFO  server.RaftServerConfigKeys (ConfUtils.java:logGet(46)) - raft.server.log.statemachine.data.read.timeout = 1000ms (default)
2024-12-27 13:13:39,907 [main] INFO  server.RaftServerConfigKeys (ConfUtils.java:logGet(46)) - raft.server.log.purge.preservation.log.num = 0 (default)
2024-12-27 13:13:39,907 [main] INFO  server.RaftServerConfigKeys (ConfUtils.java:logGet(46)) - raft.server.log.segment.size.max = 128KB (=131072) (custom)
2024-12-27 13:13:39,907 [main] INFO  server.RaftServerConfigKeys (ConfUtils.java:logGet(46)) - raft.server.log.segment.cache.num.max = 6 (default)
2024-12-27 13:13:39,907 [main] INFO  server.RaftServerConfigKeys (ConfUtils.java:logGet(46)) - raft.server.log.segment.cache.size.max = 200MB (=209715200) (default)
2024-12-27 13:13:39,908 [main] INFO  server.RaftServerConfigKeys (ConfUtils.java:logGet(46)) - raft.server.log.appender.buffer.byte-limit = 4MB (=4194304) (default)
2024-12-27 13:13:39,908 [main] INFO  util.AwaitToRun (AwaitToRun.java:start(81)) - Thread[s0@group-6C938CC82FE8-cacheEviction-AwaitToRun,5,main] started
2024-12-27 13:13:39,908 [main] INFO  segmented.SegmentedRaftLogWorker (SegmentedRaftLogWorker.java:<init>(189)) - new s0@group-6C938CC82FE8-SegmentedRaftLogWorker for RaftStorageImpl:Storage Directory target/test/data/c3ed31e6/TestSegmentedRaftLog/testAppendAndRoll
2024-12-27 13:13:39,908 [main] INFO  server.RaftServerConfigKeys (ConfUtils.java:logGet(46)) - raft.server.log.queue.byte-limit = 64MB (=67108864) (default)
2024-12-27 13:13:39,908 [main] INFO  server.RaftServerConfigKeys (ConfUtils.java:logGet(46)) - raft.server.log.queue.element-limit = 4096 (default)
2024-12-27 13:13:39,908 [main] INFO  server.RaftServerConfigKeys (ConfUtils.java:logGet(46)) - raft.server.log.segment.size.max = 128KB (=131072) (custom)
2024-12-27 13:13:39,909 [main] INFO  server.RaftServerConfigKeys (ConfUtils.java:logGet(46)) - raft.server.log.preallocated.size = 16KB (=16384) (custom)
2024-12-27 13:13:39,909 [main] INFO  server.RaftServerConfigKeys (ConfUtils.java:logGet(46)) - raft.server.log.force.sync.num = 128 (default)
2024-12-27 13:13:39,909 [main] INFO  server.RaftServerConfigKeys (ConfUtils.java:logGet(46)) - raft.server.log.statemachine.data.sync = true (default)
2024-12-27 13:13:39,909 [main] INFO  server.RaftServerConfigKeys (ConfUtils.java:logGet(46)) - raft.server.log.statemachine.data.sync.timeout = 10s (default)
2024-12-27 13:13:39,909 [main] INFO  server.RaftServerConfigKeys (ConfUtils.java:logGet(46)) - raft.server.log.statemachine.data.sync.timeout.retry = -1 (default)
2024-12-27 13:13:39,909 [main] INFO  server.RaftServerConfigKeys (ConfUtils.java:logGet(46)) - raft.server.log.write.buffer.size = 8MB (=8388608) (default)
2024-12-27 13:13:39,910 [main] INFO  server.RaftServerConfigKeys (ConfUtils.java:logGet(46)) - raft.server.log.appender.buffer.byte-limit = 4MB (=4194304) (default)
2024-12-27 13:13:39,910 [main] INFO  server.RaftServerConfigKeys (ConfUtils.java:logGet(46)) - raft.server.log.unsafe-flush.enabled = false (default)
2024-12-27 13:13:39,910 [main] INFO  server.RaftServerConfigKeys (ConfUtils.java:logGet(46)) - raft.server.log.async-flush.enabled = false (default)
2024-12-27 13:13:39,910 [main] INFO  server.RaftServerConfigKeys (ConfUtils.java:logGet(46)) - raft.server.log.statemachine.data.caching.enabled = false (default)
2024-12-27 13:13:39,911 [main] TRACE util.FileUtils (LogUtils.java:supplyAndLog(69)) - Successfully supplied Files.newInputStream target/test/data/c3ed31e6/TestSegmentedRaftLog/testAppendAndRoll/current/log_0-122 with options []: sun.nio.ch.ChannelInputStream@73ab3aac
2024-12-27 13:13:39,911 [main] INFO  segmented.LogSegment (LogSegment.java:loadSegment(214)) - Successfully read 123 entries from segment file target/test/data/c3ed31e6/TestSegmentedRaftLog/testAppendAndRoll/current/log_0-122
2024-12-27 13:13:39,912 [main] TRACE util.FileUtils (LogUtils.java:supplyAndLog(69)) - Successfully supplied Files.newInputStream target/test/data/c3ed31e6/TestSegmentedRaftLog/testAppendAndRoll/current/log_123-245 with options []: sun.nio.ch.ChannelInputStream@54f66455
2024-12-27 13:13:39,912 [main] INFO  segmented.LogSegment (LogSegment.java:loadSegment(214)) - Successfully read 123 entries from segment file target/test/data/c3ed31e6/TestSegmentedRaftLog/testAppendAndRoll/current/log_123-245
2024-12-27 13:13:39,912 [main] TRACE util.FileUtils (LogUtils.java:supplyAndLog(69)) - Successfully supplied Files.newInputStream target/test/data/c3ed31e6/TestSegmentedRaftLog/testAppendAndRoll/current/log_246-368 with options []: sun.nio.ch.ChannelInputStream@65ae095c
2024-12-27 13:13:39,913 [main] INFO  segmented.LogSegment (LogSegment.java:loadSegment(214)) - Successfully read 123 entries from segment file target/test/data/c3ed31e6/TestSegmentedRaftLog/testAppendAndRoll/current/log_246-368
2024-12-27 13:13:39,913 [main] TRACE util.FileUtils (LogUtils.java:supplyAndLog(69)) - Successfully supplied Files.newInputStream target/test/data/c3ed31e6/TestSegmentedRaftLog/testAppendAndRoll/current/log_369-491 with options []: sun.nio.ch.ChannelInputStream@4c03a37
2024-12-27 13:13:39,914 [main] INFO  segmented.LogSegment (LogSegment.java:loadSegment(214)) - Successfully read 123 entries from segment file target/test/data/c3ed31e6/TestSegmentedRaftLog/testAppendAndRoll/current/log_369-491
2024-12-27 13:13:39,914 [main] TRACE util.FileUtils (LogUtils.java:supplyAndLog(69)) - Successfully supplied Files.newInputStream target/test/data/c3ed31e6/TestSegmentedRaftLog/testAppendAndRoll/current/log_492-614 with options []: sun.nio.ch.ChannelInputStream@2e140e59
2024-12-27 13:13:39,915 [main] INFO  segmented.LogSegment (LogSegment.java:loadSegment(214)) - Successfully read 123 entries from segment file target/test/data/c3ed31e6/TestSegmentedRaftLog/testAppendAndRoll/current/log_492-614
2024-12-27 13:13:39,915 [main] TRACE util.FileUtils (LogUtils.java:supplyAndLog(69)) - Successfully supplied Files.newInputStream target/test/data/c3ed31e6/TestSegmentedRaftLog/testAppendAndRoll/current/log_615-737 with options []: sun.nio.ch.ChannelInputStream@49a71302
2024-12-27 13:13:39,916 [main] INFO  segmented.LogSegment (LogSegment.java:loadSegment(214)) - Successfully read 123 entries from segment file target/test/data/c3ed31e6/TestSegmentedRaftLog/testAppendAndRoll/current/log_615-737
2024-12-27 13:13:39,916 [main] TRACE util.FileUtils (LogUtils.java:supplyAndLog(69)) - Successfully supplied Files.newInputStream target/test/data/c3ed31e6/TestSegmentedRaftLog/testAppendAndRoll/current/log_738-860 with options []: sun.nio.ch.ChannelInputStream@5cd61783
2024-12-27 13:13:39,917 [main] INFO  segmented.LogSegment (LogSegment.java:loadSegment(214)) - Successfully read 123 entries from segment file target/test/data/c3ed31e6/TestSegmentedRaftLog/testAppendAndRoll/current/log_738-860
2024-12-27 13:13:39,917 [main] TRACE util.FileUtils (LogUtils.java:supplyAndLog(69)) - Successfully supplied Files.newInputStream target/test/data/c3ed31e6/TestSegmentedRaftLog/testAppendAndRoll/current/log_861-983 with options []: sun.nio.ch.ChannelInputStream@59429fac
2024-12-27 13:13:39,918 [main] INFO  segmented.LogSegment (LogSegment.java:loadSegment(214)) - Successfully read 123 entries from segment file target/test/data/c3ed31e6/TestSegmentedRaftLog/testAppendAndRoll/current/log_861-983
2024-12-27 13:13:39,918 [main] TRACE util.FileUtils (LogUtils.java:supplyAndLog(69)) - Successfully supplied Files.newInputStream target/test/data/c3ed31e6/TestSegmentedRaftLog/testAppendAndRoll/current/log_inprogress_984 with options []: sun.nio.ch.ChannelInputStream@57aa341b
2024-12-27 13:13:39,919 [main] INFO  segmented.LogSegment (LogSegment.java:loadSegment(214)) - Successfully read 40 entries from segment file target/test/data/c3ed31e6/TestSegmentedRaftLog/testAppendAndRoll/current/log_inprogress_984
2024-12-27 13:13:39,919 [main] INFO  segmented.SegmentedRaftLogWorker (SegmentedRaftLogWorker.java:lambda$new$0(140)) - s0@group-6C938CC82FE8-SegmentedRaftLogWorker: flushIndex: setUnconditionally 0 -> 1023
2024-12-27 13:13:39,919 [main] INFO  segmented.SegmentedRaftLogWorker (SegmentedRaftLogWorker.java:lambda$new$0(140)) - s0@group-6C938CC82FE8-SegmentedRaftLogWorker: safeCacheEvictIndex: setUnconditionally 0 -> -1
2024-12-27 13:13:39,919 [main] INFO  segmented.BufferedWriteChannel (BufferedWriteChannel.java:open(61)) - open log_inprogress_984 (append) at position 42408
2024-12-27 13:13:39,920 [main] TRACE util.FileUtils (LogUtils.java:supplyAndLog(69)) - Successfully supplied Files.newInputStream target/test/data/c3ed31e6/TestSegmentedRaftLog/testAppendAndRoll/current/log_0-122 with options []: sun.nio.ch.ChannelInputStream@4ae263bf
2024-12-27 13:13:39,921 [main] TRACE util.FileUtils (LogUtils.java:supplyAndLog(69)) - Successfully supplied Files.newInputStream target/test/data/c3ed31e6/TestSegmentedRaftLog/testAppendAndRoll/current/log_123-245 with options []: sun.nio.ch.ChannelInputStream@7103ab0
2024-12-27 13:13:39,926 [main] TRACE util.FileUtils (LogUtils.java:supplyAndLog(69)) - Successfully supplied Files.newInputStream target/test/data/c3ed31e6/TestSegmentedRaftLog/testAppendAndRoll/current/log_246-368 with options []: sun.nio.ch.ChannelInputStream@19ccca5
2024-12-27 13:13:39,930 [main] INFO  raftlog.RaftLog (SegmentedRaftLog.java:close(568)) - Start closing s0@group-6C938CC82FE8-SegmentedRaftLog:OPENED:c-1:last(t:0, i:1023)
2024-12-27 13:15:18,692 [main] WARN  util.AwaitToRun (AwaitToRun.java:close(104)) - Thread[s0@group-6C938CC82FE8-cacheEviction-AwaitToRun,5,main]: join is interrupted
java.lang.InterruptedException
	at java.lang.Object.wait(Native Method)
	at java.lang.Thread.join(Thread.java:1257)
	at java.lang.Thread.join(Thread.java:1331)
	at org.apache.ratis.util.AwaitToRun.close(AwaitToRun.java:102)
	at org.apache.ratis.server.raftlog.segmented.SegmentedRaftLog.close(SegmentedRaftLog.java:570)
	at org.apache.ratis.server.raftlog.segmented.TestSegmentedRaftLog.testAppendAndRoll(TestSegmentedRaftLog.java:404)
	at sun.reflect.NativeMethodAccessorImpl.invoke0(Native Method)
	at sun.reflect.NativeMethodAccessorImpl.invoke(NativeMethodAccessorImpl.java:62)
	at sun.reflect.DelegatingMethodAccessorImpl.invoke(DelegatingMethodAccessorImpl.java:43)
	at java.lang.reflect.Method.invoke(Method.java:498)
	at org.junit.platform.commons.util.ReflectionUtils.invokeMethod(ReflectionUtils.java:766)
	at org.junit.jupiter.engine.execution.MethodInvocation.proceed(MethodInvocation.java:60)
	at org.junit.jupiter.engine.execution.InvocationInterceptorChain$ValidatingInvocation.proceed(InvocationInterceptorChain.java:131)
	at org.junit.jupiter.engine.extension.SameThreadTimeoutInvocation.proceed(SameThreadTimeoutInvocation.java:45)
	at org.junit.jupiter.engine.extension.TimeoutExtension.intercept(TimeoutExtension.java:156)
	at org.junit.jupiter.engine.extension.TimeoutExtension.interceptTestableMethod(TimeoutExtension.java:147)
	at org.junit.jupiter.engine.extension.TimeoutExtension.interceptTestTemplateMethod(TimeoutExtension.java:94)
	at org.junit.jupiter.engine.execution.InterceptingExecutableInvoker$ReflectiveInterceptorCall.lambda$ofVoidMethod$0(InterceptingExecutableInvoker.java:103)
	at org.junit.jupiter.engine.execution.InterceptingExecutableInvoker.lambda$invoke$0(InterceptingExecutableInvoker.java:93)
	at org.junit.jupiter.engine.execution.InvocationInterceptorChain$InterceptedInvocation.proceed(InvocationInterceptorChain.java:106)
	at org.junit.jupiter.engine.execution.InvocationInterceptorChain.proceed(InvocationInterceptorChain.java:64)
	at org.junit.jupiter.engine.execution.InvocationInterceptorChain.chainAndInvoke(InvocationInterceptorChain.java:45)
	at org.junit.jupiter.engine.execution.InvocationInterceptorChain.invoke(InvocationInterceptorChain.java:37)
	at org.junit.jupiter.engine.execution.InterceptingExecutableInvoker.invoke(InterceptingExecutableInvoker.java:92)
	at org.junit.jupiter.engine.execution.InterceptingExecutableInvoker.invoke(InterceptingExecutableInvoker.java:86)
	at org.junit.jupiter.engine.descriptor.TestMethodTestDescriptor.lambda$invokeTestMethod$8(TestMethodTestDescriptor.java:217)
	at org.junit.platform.engine.support.hierarchical.ThrowableCollector.execute(ThrowableCollector.java:73)
	at org.junit.jupiter.engine.descriptor.TestMethodTestDescriptor.invokeTestMethod(TestMethodTestDescriptor.java:213)
	at org.junit.jupiter.engine.descriptor.TestMethodTestDescriptor.execute(TestMethodTestDescriptor.java:138)
	at org.junit.jupiter.engine.descriptor.TestMethodTestDescriptor.execute(TestMethodTestDescriptor.java:68)
	at org.junit.platform.engine.support.hierarchical.NodeTestTask.lambda$executeRecursively$6(NodeTestTask.java:156)
	at org.junit.platform.engine.support.hierarchical.ThrowableCollector.execute(ThrowableCollector.java:73)
	at org.junit.platform.engine.support.hierarchical.NodeTestTask.lambda$executeRecursively$8(NodeTestTask.java:146)
	at org.junit.platform.engine.support.hierarchical.Node.around(Node.java:137)
	at org.junit.platform.engine.support.hierarchical.NodeTestTask.lambda$executeRecursively$9(NodeTestTask.java:144)
	at org.junit.platform.engine.support.hierarchical.ThrowableCollector.execute(ThrowableCollector.java:73)
	at org.junit.platform.engine.support.hierarchical.NodeTestTask.executeRecursively(NodeTestTask.java:143)
	at org.junit.platform.engine.support.hierarchical.NodeTestTask.execute(NodeTestTask.java:100)
	at org.junit.platform.engine.support.hierarchical.SameThreadHierarchicalTestExecutorService.submit(SameThreadHierarchicalTestExecutorService.java:35)
	at org.junit.platform.engine.support.hierarchical.NodeTestTask$DefaultDynamicTestExecutor.execute(NodeTestTask.java:231)
	at org.junit.platform.engine.support.hierarchical.NodeTestTask$DefaultDynamicTestExecutor.execute(NodeTestTask.java:209)
	at org.junit.jupiter.engine.descriptor.TestTemplateTestDescriptor.execute(TestTemplateTestDescriptor.java:141)
	at org.junit.jupiter.engine.descriptor.TestTemplateTestDescriptor.lambda$execute$3(TestTemplateTestDescriptor.java:109)
	at java.util.stream.ForEachOps$ForEachOp$OfRef.accept(ForEachOps.java:183)
	at java.util.stream.ReferencePipeline$3$1.accept(ReferencePipeline.java:193)
	at java.util.stream.ReferencePipeline$2$1.accept(ReferencePipeline.java:175)
	at java.util.stream.ReferencePipeline$3$1.accept(ReferencePipeline.java:193)
	at java.util.stream.ForEachOps$ForEachOp$OfRef.accept(ForEachOps.java:183)
	at java.util.stream.ReferencePipeline$3$1.accept(ReferencePipeline.java:193)
	at java.util.stream.ForEachOps$ForEachOp$OfRef.accept(ForEachOps.java:183)
	at java.util.stream.ForEachOps$ForEachOp$OfRef.accept(ForEachOps.java:183)
	at java.util.stream.ReferencePipeline$3$1.accept(ReferencePipeline.java:193)
	at java.util.Spliterators$ArraySpliterator.forEachRemaining(Spliterators.java:948)
	at java.util.stream.ReferencePipeline$Head.forEach(ReferencePipeline.java:647)
	at java.util.stream.ReferencePipeline$7$1.accept(ReferencePipeline.java:272)
	at java.util.stream.ReferencePipeline$3$1.accept(ReferencePipeline.java:193)
	at java.util.stream.ReferencePipeline$3$1.accept(ReferencePipeline.java:193)
	at java.util.stream.ReferencePipeline$3$1.accept(ReferencePipeline.java:193)
	at java.util.Spliterators$ArraySpliterator.forEachRemaining(Spliterators.java:948)
	at java.util.stream.AbstractPipeline.copyInto(AbstractPipeline.java:482)
	at java.util.stream.AbstractPipeline.wrapAndCopyInto(AbstractPipeline.java:472)
	at java.util.stream.ForEachOps$ForEachOp.evaluateSequential(ForEachOps.java:150)
	at java.util.stream.ForEachOps$ForEachOp$OfRef.evaluateSequential(ForEachOps.java:173)
	at java.util.stream.AbstractPipeline.evaluate(AbstractPipeline.java:234)
	at java.util.stream.ReferencePipeline.forEach(ReferencePipeline.java:485)
	at java.util.stream.ReferencePipeline$7$1.accept(ReferencePipeline.java:272)
	at java.util.ArrayList$ArrayListSpliterator.forEachRemaining(ArrayList.java:1384)
	at java.util.stream.AbstractPipeline.copyInto(AbstractPipeline.java:482)
	at java.util.stream.AbstractPipeline.wrapAndCopyInto(AbstractPipeline.java:472)
	at java.util.stream.ForEachOps$ForEachOp.evaluateSequential(ForEachOps.java:150)
	at java.util.stream.ForEachOps$ForEachOp$OfRef.evaluateSequential(ForEachOps.java:173)
	at java.util.stream.AbstractPipeline.evaluate(AbstractPipeline.java:234)
	at java.util.stream.ReferencePipeline.forEach(ReferencePipeline.java:485)
	at java.util.stream.ReferencePipeline$7$1.accept(ReferencePipeline.java:272)
	at java.util.stream.ReferencePipeline$3$1.accept(ReferencePipeline.java:193)
	at java.util.stream.ReferencePipeline$3$1.accept(ReferencePipeline.java:193)
	at java.util.stream.ReferencePipeline$3$1.accept(ReferencePipeline.java:193)
	at java.util.ArrayList$ArrayListSpliterator.forEachRemaining(ArrayList.java:1384)
	at java.util.stream.AbstractPipeline.copyInto(AbstractPipeline.java:482)
	at java.util.stream.AbstractPipeline.wrapAndCopyInto(AbstractPipeline.java:472)
	at java.util.stream.ForEachOps$ForEachOp.evaluateSequential(ForEachOps.java:150)
	at java.util.stream.ForEachOps$ForEachOp$OfRef.evaluateSequential(ForEachOps.java:173)
	at java.util.stream.AbstractPipeline.evaluate(AbstractPipeline.java:234)
	at java.util.stream.ReferencePipeline.forEach(ReferencePipeline.java:485)
	at java.util.stream.ReferencePipeline$7$1.accept(ReferencePipeline.java:272)
	at java.util.ArrayList$ArrayListSpliterator.forEachRemaining(ArrayList.java:1384)
	at java.util.stream.AbstractPipeline.copyInto(AbstractPipeline.java:482)
	at java.util.stream.AbstractPipeline.wrapAndCopyInto(AbstractPipeline.java:472)
	at java.util.stream.ForEachOps$ForEachOp.evaluateSequential(ForEachOps.java:150)
	at java.util.stream.ForEachOps$ForEachOp$OfRef.evaluateSequential(ForEachOps.java:173)
	at java.util.stream.AbstractPipeline.evaluate(AbstractPipeline.java:234)
	at java.util.stream.ReferencePipeline.forEach(ReferencePipeline.java:485)
	at org.junit.jupiter.engine.descriptor.TestTemplateTestDescriptor.execute(TestTemplateTestDescriptor.java:109)
	at org.junit.jupiter.engine.descriptor.TestTemplateTestDescriptor.execute(TestTemplateTestDescriptor.java:43)
	at org.junit.platform.engine.support.hierarchical.NodeTestTask.lambda$executeRecursively$6(NodeTestTask.java:156)
	at org.junit.platform.engine.support.hierarchical.ThrowableCollector.execute(ThrowableCollector.java:73)
	at org.junit.platform.engine.support.hierarchical.NodeTestTask.lambda$executeRecursively$8(NodeTestTask.java:146)
	at org.junit.platform.engine.support.hierarchical.Node.around(Node.java:137)
	at org.junit.platform.engine.support.hierarchical.NodeTestTask.lambda$executeRecursively$9(NodeTestTask.java:144)
	at org.junit.platform.engine.support.hierarchical.ThrowableCollector.execute(ThrowableCollector.java:73)
	at org.junit.platform.engine.support.hierarchical.NodeTestTask.executeRecursively(NodeTestTask.java:143)
	at org.junit.platform.engine.support.hierarchical.NodeTestTask.execute(NodeTestTask.java:100)
	at java.util.ArrayList.forEach(ArrayList.java:1259)
	at org.junit.platform.engine.support.hierarchical.SameThreadHierarchicalTestExecutorService.invokeAll(SameThreadHierarchicalTestExecutorService.java:41)
	at org.junit.platform.engine.support.hierarchical.NodeTestTask.lambda$executeRecursively$6(NodeTestTask.java:160)
	at org.junit.platform.engine.support.hierarchical.ThrowableCollector.execute(ThrowableCollector.java:73)
	at org.junit.platform.engine.support.hierarchical.NodeTestTask.lambda$executeRecursively$8(NodeTestTask.java:146)
	at org.junit.platform.engine.support.hierarchical.Node.around(Node.java:137)
	at org.junit.platform.engine.support.hierarchical.NodeTestTask.lambda$executeRecursively$9(NodeTestTask.java:144)
	at org.junit.platform.engine.support.hierarchical.ThrowableCollector.execute(ThrowableCollector.java:73)
	at org.junit.platform.engine.support.hierarchical.NodeTestTask.executeRecursively(NodeTestTask.java:143)
	at org.junit.platform.engine.support.hierarchical.NodeTestTask.execute(NodeTestTask.java:100)
	at java.util.ArrayList.forEach(ArrayList.java:1259)
	at org.junit.platform.engine.support.hierarchical.SameThreadHierarchicalTestExecutorService.invokeAll(SameThreadHierarchicalTestExecutorService.java:41)
	at org.junit.platform.engine.support.hierarchical.NodeTestTask.lambda$executeRecursively$6(NodeTestTask.java:160)
	at org.junit.platform.engine.support.hierarchical.ThrowableCollector.execute(ThrowableCollector.java:73)
	at org.junit.platform.engine.support.hierarchical.NodeTestTask.lambda$executeRecursively$8(NodeTestTask.java:146)
	at org.junit.platform.engine.support.hierarchical.Node.around(Node.java:137)
	at org.junit.platform.engine.support.hierarchical.NodeTestTask.lambda$executeRecursively$9(NodeTestTask.java:144)
	at org.junit.platform.engine.support.hierarchical.ThrowableCollector.execute(ThrowableCollector.java:73)
	at org.junit.platform.engine.support.hierarchical.NodeTestTask.executeRecursively(NodeTestTask.java:143)
	at org.junit.platform.engine.support.hierarchical.NodeTestTask.execute(NodeTestTask.java:100)
	at org.junit.platform.engine.support.hierarchical.SameThreadHierarchicalTestExecutorService.submit(SameThreadHierarchicalTestExecutorService.java:35)
	at org.junit.platform.engine.support.hierarchical.HierarchicalTestExecutor.execute(HierarchicalTestExecutor.java:57)
	at org.junit.platform.engine.support.hierarchical.HierarchicalTestEngine.execute(HierarchicalTestEngine.java:54)
	at org.junit.platform.launcher.core.EngineExecutionOrchestrator.execute(EngineExecutionOrchestrator.java:198)
	at org.junit.platform.launcher.core.EngineExecutionOrchestrator.execute(EngineExecutionOrchestrator.java:169)
	at org.junit.platform.launcher.core.EngineExecutionOrchestrator.execute(EngineExecutionOrchestrator.java:93)
	at org.junit.platform.launcher.core.EngineExecutionOrchestrator.lambda$execute$0(EngineExecutionOrchestrator.java:58)
	at org.junit.platform.launcher.core.EngineExecutionOrchestrator.withInterceptedStreams(EngineExecutionOrchestrator.java:141)
	at org.junit.platform.launcher.core.EngineExecutionOrchestrator.execute(EngineExecutionOrchestrator.java:57)
	at org.junit.platform.launcher.core.DefaultLauncher.execute(DefaultLauncher.java:103)
	at org.junit.platform.launcher.core.DefaultLauncher.execute(DefaultLauncher.java:85)
	at org.junit.platform.launcher.core.DelegatingLauncher.execute(DelegatingLauncher.java:47)
	at org.junit.platform.launcher.core.SessionPerRequestLauncher.execute(SessionPerRequestLauncher.java:63)
	at org.apache.maven.surefire.junitplatform.JUnitPlatformProvider.invokeAllTests(JUnitPlatformProvider.java:154)
	at org.apache.maven.surefire.junitplatform.JUnitPlatformProvider.invoke(JUnitPlatformProvider.java:123)
	at org.apache.maven.surefire.booter.ForkedBooter.runSuitesInProcess(ForkedBooter.java:377)
	at org.apache.maven.surefire.booter.ForkedBooter.execute(ForkedBooter.java:138)
	at org.apache.maven.surefire.booter.ForkedBooter.run(ForkedBooter.java:465)
	at org.apache.maven.surefire.booter.ForkedBooter.main(ForkedBooter.java:451)
2024-12-27 13:15:18,693 [main] INFO  segmented.LogSegment (LogSegment.java:close(353)) - Successfully closed EntryCache-log_inprogress_984
2024-12-27 13:15:18,694 [main] INFO  segmented.LogSegment (LogSegment.java:close(353)) - Successfully closed EntryCache-log-0_122
2024-12-27 13:15:18,694 [main] INFO  segmented.LogSegment (LogSegment.java:close(353)) - Successfully closed EntryCache-log-123_245
2024-12-27 13:15:18,694 [main] INFO  segmented.LogSegment (LogSegment.java:close(353)) - Successfully closed EntryCache-log-246_368
2024-12-27 13:15:18,694 [main] INFO  segmented.LogSegment (LogSegment.java:close(353)) - Successfully closed EntryCache-log-369_491
2024-12-27 13:15:18,694 [main] INFO  segmented.LogSegment (LogSegment.java:close(353)) - Successfully closed EntryCache-log-492_614
2024-12-27 13:15:18,694 [main] INFO  segmented.LogSegment (LogSegment.java:close(353)) - Successfully closed EntryCache-log-615_737
2024-12-27 13:15:18,695 [main] INFO  segmented.LogSegment (LogSegment.java:close(353)) - Successfully closed EntryCache-log-738_860
2024-12-27 13:15:18,695 [main] INFO  segmented.LogSegment (LogSegment.java:close(353)) - Successfully closed EntryCache-log-861_983
2024-12-27 13:15:18,695 [main] INFO  segmented.SegmentedRaftLogWorker (SegmentedRaftLogWorker.java:close(254)) - s0@group-6C938CC82FE8-SegmentedRaftLogWorker close()
2024-12-27 13:15:18,695 [main] INFO  raftlog.RaftLog (SegmentedRaftLog.java:close(576)) - Successfully closed s0@group-6C938CC82FE8-SegmentedRaftLog:CLOSED:c-1
2024-12-27 13:15:18,698 [main] TRACE util.FileUtils (FileUtils.java:deleteFully(307)) - deleteFully target/test/data/c3ed31e6/TestSegmentedRaftLog
2024-12-27 13:15:18,699 [main] TRACE util.FileUtils (LogUtils.java:runAndLog(49)) - Successfully ran Files.delete target/test/data/c3ed31e6/TestSegmentedRaftLog/testAppendAndRoll/current/log_492-614
2024-12-27 13:15:18,699 [main] TRACE util.FileUtils (LogUtils.java:runAndLog(49)) - Successfully ran Files.delete target/test/data/c3ed31e6/TestSegmentedRaftLog/testAppendAndRoll/current/log_inprogress_984
2024-12-27 13:15:18,699 [main] TRACE util.FileUtils (LogUtils.java:runAndLog(49)) - Successfully ran Files.delete target/test/data/c3ed31e6/TestSegmentedRaftLog/testAppendAndRoll/current/log_246-368
2024-12-27 13:15:18,699 [main] TRACE util.FileUtils (LogUtils.java:runAndLog(49)) - Successfully ran Files.delete target/test/data/c3ed31e6/TestSegmentedRaftLog/testAppendAndRoll/current/log_123-245
2024-12-27 13:15:18,700 [main] TRACE util.FileUtils (LogUtils.java:runAndLog(49)) - Successfully ran Files.delete target/test/data/c3ed31e6/TestSegmentedRaftLog/testAppendAndRoll/current/log_861-983
2024-12-27 13:15:18,700 [main] TRACE util.FileUtils (LogUtils.java:runAndLog(49)) - Successfully ran Files.delete target/test/data/c3ed31e6/TestSegmentedRaftLog/testAppendAndRoll/current/log_738-860
2024-12-27 13:15:18,700 [main] TRACE util.FileUtils (LogUtils.java:runAndLog(49)) - Successfully ran Files.delete target/test/data/c3ed31e6/TestSegmentedRaftLog/testAppendAndRoll/current/log_369-491
2024-12-27 13:15:18,700 [main] TRACE util.FileUtils (LogUtils.java:runAndLog(49)) - Successfully ran Files.delete target/test/data/c3ed31e6/TestSegmentedRaftLog/testAppendAndRoll/current/raft-meta
2024-12-27 13:15:18,700 [main] TRACE util.FileUtils (LogUtils.java:runAndLog(49)) - Successfully ran Files.delete target/test/data/c3ed31e6/TestSegmentedRaftLog/testAppendAndRoll/current/log_615-737
2024-12-27 13:15:18,701 [main] TRACE util.FileUtils (LogUtils.java:runAndLog(49)) - Successfully ran Files.delete target/test/data/c3ed31e6/TestSegmentedRaftLog/testAppendAndRoll/current/log_0-122
2024-12-27 13:15:18,701 [main] TRACE util.FileUtils (LogUtils.java:runAndLog(49)) - Successfully ran Files.delete target/test/data/c3ed31e6/TestSegmentedRaftLog/testAppendAndRoll/current
2024-12-27 13:15:18,701 [main] TRACE util.FileUtils (LogUtils.java:runAndLog(49)) - Successfully ran Files.delete target/test/data/c3ed31e6/TestSegmentedRaftLog/testAppendAndRoll/in_use.lock
2024-12-27 13:15:18,701 [main] TRACE util.FileUtils (LogUtils.java:runAndLog(49)) - Successfully ran Files.delete target/test/data/c3ed31e6/TestSegmentedRaftLog/testAppendAndRoll/sm
2024-12-27 13:15:18,701 [main] TRACE util.FileUtils (LogUtils.java:runAndLog(49)) - Successfully ran Files.delete target/test/data/c3ed31e6/TestSegmentedRaftLog/testAppendAndRoll
2024-12-27 13:15:18,702 [main] TRACE util.FileUtils (LogUtils.java:runAndLog(49)) - Successfully ran Files.delete target/test/data/c3ed31e6/TestSegmentedRaftLog
]]></system-out>
  </testcase>
  <testcase name="testAppendAndRoll(Boolean,Boolean)" classname="org.apache.ratis.server.raftlog.segmented.TestSegmentedRaftLog" time="2.265"/>
  <testcase name="testAppendAndRoll(Boolean,Boolean)" classname="org.apache.ratis.server.raftlog.segmented.TestSegmentedRaftLog" time="2.231"/>
  <testcase name="testLoadLogSegments(Boolean,Boolean)" classname="org.apache.ratis.server.raftlog.segmented.TestSegmentedRaftLog" time="1.074"/>
  <testcase name="testLoadLogSegments(Boolean,Boolean)" classname="org.apache.ratis.server.raftlog.segmented.TestSegmentedRaftLog" time="1.071"/>
  <testcase name="testLoadLogSegments(Boolean,Boolean)" classname="org.apache.ratis.server.raftlog.segmented.TestSegmentedRaftLog" time="1.075"/>
  <testcase name="testLoadLogSegments(Boolean,Boolean)" classname="org.apache.ratis.server.raftlog.segmented.TestSegmentedRaftLog" time="1.073"/>
  <testcase name="testAsyncFlushPerf1(Boolean,Boolean)" classname="org.apache.ratis.server.raftlog.segmented.TestSegmentedRaftLog" time="8.204"/>
  <testcase name="testAsyncFlushPerf1(Boolean,Boolean)" classname="org.apache.ratis.server.raftlog.segmented.TestSegmentedRaftLog" time="7.816"/>
  <testcase name="testAsyncFlushPerf1(Boolean,Boolean)" classname="org.apache.ratis.server.raftlog.segmented.TestSegmentedRaftLog" time="6.49"/>
  <testcase name="testAsyncFlushPerf1(Boolean,Boolean)" classname="org.apache.ratis.server.raftlog.segmented.TestSegmentedRaftLog" time="6.661"/>
  <testcase name="testAsyncFlushPerf2(Boolean,Boolean)" classname="org.apache.ratis.server.raftlog.segmented.TestSegmentedRaftLog" time="7.47"/>
  <testcase name="testAsyncFlushPerf2(Boolean,Boolean)" classname="org.apache.ratis.server.raftlog.segmented.TestSegmentedRaftLog" time="7.023"/>
  <testcase name="testAsyncFlushPerf2(Boolean,Boolean)" classname="org.apache.ratis.server.raftlog.segmented.TestSegmentedRaftLog" time="6.31"/>
  <testcase name="testAsyncFlushPerf2(Boolean,Boolean)" classname="org.apache.ratis.server.raftlog.segmented.TestSegmentedRaftLog" time="6.303"/>
  <testcase name="testAppendEntry(Boolean,Boolean)" classname="org.apache.ratis.server.raftlog.segmented.TestSegmentedRaftLog" time="2.243"/>
  <testcase name="testAppendEntry(Boolean,Boolean)" classname="org.apache.ratis.server.raftlog.segmented.TestSegmentedRaftLog" time="2.24"/>
  <testcase name="testAppendEntry(Boolean,Boolean)" classname="org.apache.ratis.server.raftlog.segmented.TestSegmentedRaftLog" time="2.261"/>
  <testcase name="testAppendEntry(Boolean,Boolean)" classname="org.apache.ratis.server.raftlog.segmented.TestSegmentedRaftLog" time="2.243"/>
  <testcase name="testSegmentedRaftLogStateMachineData(Boolean,Boolean)" classname="org.apache.ratis.server.raftlog.segmented.TestSegmentedRaftLog" time="3.126"/>
  <testcase name="testSegmentedRaftLogStateMachineData(Boolean,Boolean)" classname="org.apache.ratis.server.raftlog.segmented.TestSegmentedRaftLog" time="3.118"/>
  <testcase name="testSegmentedRaftLogStateMachineData(Boolean,Boolean)" classname="org.apache.ratis.server.raftlog.segmented.TestSegmentedRaftLog" time="3.115"/>
  <testcase name="testSegmentedRaftLogStateMachineData(Boolean,Boolean)" classname="org.apache.ratis.server.raftlog.segmented.TestSegmentedRaftLog" time="3.119"/>
  <testcase name="testAppendEntryAfterPurge(Boolean,Boolean)" classname="org.apache.ratis.server.raftlog.segmented.TestSegmentedRaftLog" time="1.241"/>
  <testcase name="testAppendEntryAfterPurge(Boolean,Boolean)" classname="org.apache.ratis.server.raftlog.segmented.TestSegmentedRaftLog" time="1.238"/>
  <testcase name="testAppendEntryAfterPurge(Boolean,Boolean)" classname="org.apache.ratis.server.raftlog.segmented.TestSegmentedRaftLog" time="1.259"/>
  <testcase name="testAppendEntryAfterPurge(Boolean,Boolean)" classname="org.apache.ratis.server.raftlog.segmented.TestSegmentedRaftLog" time="1.246"/>
</testsuite>