-------------------------------------------------------------------------------
Test set: org.apache.ratis.datastream.TestNettyDataStreamWithMock
-------------------------------------------------------------------------------
Tests run: 5, Failures: 0, Errors: 4, Skipped: 0, Time elapsed: 400.653 s <<< FAILURE! - in org.apache.ratis.datastream.TestNettyDataStreamWithMock
testStateMachineExceptionInReply(org.apache.ratis.datastream.TestNettyDataStreamWithMock)  Time elapsed: 100.077 s  <<< ERROR!
org.junit.runners.model.TestTimedOutException: test timed out after 100 seconds
	at sun.misc.Unsafe.park(Native Method)
	at java.util.concurrent.locks.LockSupport.park(LockSupport.java:175)
	at java.util.concurrent.CompletableFuture$Signaller.block(CompletableFuture.java:1707)
	at java.util.concurrent.ForkJoinPool.managedBlock(ForkJoinPool.java:3323)
	at java.util.concurrent.CompletableFuture.waitingGet(CompletableFuture.java:1742)
	at java.util.concurrent.CompletableFuture.join(CompletableFuture.java:1947)
	at org.apache.ratis.datastream.DataStreamBaseTest.runTestMockCluster(DataStreamBaseTest.java:148)
	at org.apache.ratis.datastream.TestNettyDataStreamWithMock.runTestMockCluster(TestNettyDataStreamWithMock.java:147)
	at org.apache.ratis.datastream.TestNettyDataStreamWithMock.testMockCluster(TestNettyDataStreamWithMock.java:136)
	at org.apache.ratis.datastream.TestNettyDataStreamWithMock.testMockCluster(TestNettyDataStreamWithMock.java:88)
	at org.apache.ratis.datastream.TestNettyDataStreamWithMock.testStateMachineExceptionInReply(TestNettyDataStreamWithMock.java:166)
	at sun.reflect.NativeMethodAccessorImpl.invoke0(Native Method)
	at sun.reflect.NativeMethodAccessorImpl.invoke(NativeMethodAccessorImpl.java:62)
	at sun.reflect.DelegatingMethodAccessorImpl.invoke(DelegatingMethodAccessorImpl.java:43)
	at java.lang.reflect.Method.invoke(Method.java:498)
	at org.junit.runners.model.FrameworkMethod$1.runReflectiveCall(FrameworkMethod.java:59)
	at org.junit.internal.runners.model.ReflectiveCallable.run(ReflectiveCallable.java:12)
	at org.junit.runners.model.FrameworkMethod.invokeExplosively(FrameworkMethod.java:56)
	at org.junit.internal.runners.statements.InvokeMethod.evaluate(InvokeMethod.java:17)
	at org.junit.internal.runners.statements.RunBefores.evaluate(RunBefores.java:26)
	at org.junit.internal.runners.statements.RunAfters.evaluate(RunAfters.java:27)
	at org.junit.internal.runners.statements.FailOnTimeout$CallableStatement.call(FailOnTimeout.java:299)
	at org.junit.internal.runners.statements.FailOnTimeout$CallableStatement.call(FailOnTimeout.java:293)
	at java.util.concurrent.FutureTask.run(FutureTask.java:266)
	at java.lang.Thread.run(Thread.java:750)

testCloseStreamPrimary(org.apache.ratis.datastream.TestNettyDataStreamWithMock)  Time elapsed: 100.01 s  <<< ERROR!
org.junit.runners.model.TestTimedOutException: test timed out after 100 seconds
	at sun.misc.Unsafe.park(Native Method)
	at java.util.concurrent.locks.LockSupport.park(LockSupport.java:175)
	at java.util.concurrent.CompletableFuture$Signaller.block(CompletableFuture.java:1707)
	at java.util.concurrent.ForkJoinPool.managedBlock(ForkJoinPool.java:3323)
	at java.util.concurrent.CompletableFuture.waitingGet(CompletableFuture.java:1742)
	at java.util.concurrent.CompletableFuture.join(CompletableFuture.java:1947)
	at org.apache.ratis.datastream.DataStreamBaseTest.runTestMockCluster(DataStreamBaseTest.java:148)
	at org.apache.ratis.datastream.TestNettyDataStreamWithMock.runTestMockCluster(TestNettyDataStreamWithMock.java:147)
	at org.apache.ratis.datastream.TestNettyDataStreamWithMock.testMockCluster(TestNettyDataStreamWithMock.java:136)
	at org.apache.ratis.datastream.TestNettyDataStreamWithMock.testMockCluster(TestNettyDataStreamWithMock.java:88)
	at org.apache.ratis.datastream.TestNettyDataStreamWithMock.testCloseStreamPrimary(TestNettyDataStreamWithMock.java:155)
	at sun.reflect.NativeMethodAccessorImpl.invoke0(Native Method)
	at sun.reflect.NativeMethodAccessorImpl.invoke(NativeMethodAccessorImpl.java:62)
	at sun.reflect.DelegatingMethodAccessorImpl.invoke(DelegatingMethodAccessorImpl.java:43)
	at java.lang.reflect.Method.invoke(Method.java:498)
	at org.junit.runners.model.FrameworkMethod$1.runReflectiveCall(FrameworkMethod.java:59)
	at org.junit.internal.runners.model.ReflectiveCallable.run(ReflectiveCallable.java:12)
	at org.junit.runners.model.FrameworkMethod.invokeExplosively(FrameworkMethod.java:56)
	at org.junit.internal.runners.statements.InvokeMethod.evaluate(InvokeMethod.java:17)
	at org.junit.internal.runners.statements.RunBefores.evaluate(RunBefores.java:26)
	at org.junit.internal.runners.statements.RunAfters.evaluate(RunAfters.java:27)
	at org.junit.internal.runners.statements.FailOnTimeout$CallableStatement.call(FailOnTimeout.java:299)
	at org.junit.internal.runners.statements.FailOnTimeout$CallableStatement.call(FailOnTimeout.java:293)
	at java.util.concurrent.FutureTask.run(FutureTask.java:266)
	at java.lang.Thread.run(Thread.java:750)

testDataStreamExceptionInReply(org.apache.ratis.datastream.TestNettyDataStreamWithMock)  Time elapsed: 100.003 s  <<< ERROR!
org.junit.runners.model.TestTimedOutException: test timed out after 100 seconds
	at sun.misc.Unsafe.park(Native Method)
	at java.util.concurrent.locks.LockSupport.park(LockSupport.java:175)
	at java.util.concurrent.CompletableFuture$Signaller.block(CompletableFuture.java:1707)
	at java.util.concurrent.ForkJoinPool.managedBlock(ForkJoinPool.java:3323)
	at java.util.concurrent.CompletableFuture.waitingGet(CompletableFuture.java:1742)
	at java.util.concurrent.CompletableFuture.join(CompletableFuture.java:1947)
	at org.apache.ratis.datastream.DataStreamBaseTest.runTestMockCluster(DataStreamBaseTest.java:148)
	at org.apache.ratis.datastream.TestNettyDataStreamWithMock.runTestMockCluster(TestNettyDataStreamWithMock.java:147)
	at org.apache.ratis.datastream.TestNettyDataStreamWithMock.testMockCluster(TestNettyDataStreamWithMock.java:136)
	at org.apache.ratis.datastream.TestNettyDataStreamWithMock.testMockCluster(TestNettyDataStreamWithMock.java:88)
	at org.apache.ratis.datastream.TestNettyDataStreamWithMock.testDataStreamExceptionInReply(TestNettyDataStreamWithMock.java:172)
	at sun.reflect.NativeMethodAccessorImpl.invoke0(Native Method)
	at sun.reflect.NativeMethodAccessorImpl.invoke(NativeMethodAccessorImpl.java:62)
	at sun.reflect.DelegatingMethodAccessorImpl.invoke(DelegatingMethodAccessorImpl.java:43)
	at java.lang.reflect.Method.invoke(Method.java:498)
	at org.junit.runners.model.FrameworkMethod$1.runReflectiveCall(FrameworkMethod.java:59)
	at org.junit.internal.runners.model.ReflectiveCallable.run(ReflectiveCallable.java:12)
	at org.junit.runners.model.FrameworkMethod.invokeExplosively(FrameworkMethod.java:56)
	at org.junit.internal.runners.statements.InvokeMethod.evaluate(InvokeMethod.java:17)
	at org.junit.internal.runners.statements.RunBefores.evaluate(RunBefores.java:26)
	at org.junit.internal.runners.statements.RunAfters.evaluate(RunAfters.java:27)
	at org.junit.internal.runners.statements.FailOnTimeout$CallableStatement.call(FailOnTimeout.java:299)
	at org.junit.internal.runners.statements.FailOnTimeout$CallableStatement.call(FailOnTimeout.java:293)
	at java.util.concurrent.FutureTask.run(FutureTask.java:266)
	at java.lang.Thread.run(Thread.java:750)

testCloseStreamOneServer(org.apache.ratis.datastream.TestNettyDataStreamWithMock)  Time elapsed: 100.003 s  <<< ERROR!
org.junit.runners.model.TestTimedOutException: test timed out after 100 seconds
	at sun.misc.Unsafe.park(Native Method)
	at java.util.concurrent.locks.LockSupport.park(LockSupport.java:175)
	at java.util.concurrent.CompletableFuture$Signaller.block(CompletableFuture.java:1707)
	at java.util.concurrent.ForkJoinPool.managedBlock(ForkJoinPool.java:3323)
	at java.util.concurrent.CompletableFuture.waitingGet(CompletableFuture.java:1742)
	at java.util.concurrent.CompletableFuture.join(CompletableFuture.java:1947)
	at org.apache.ratis.datastream.DataStreamBaseTest.runTestMockCluster(DataStreamBaseTest.java:148)
	at org.apache.ratis.datastream.TestNettyDataStreamWithMock.runTestMockCluster(TestNettyDataStreamWithMock.java:147)
	at org.apache.ratis.datastream.TestNettyDataStreamWithMock.testMockCluster(TestNettyDataStreamWithMock.java:136)
	at org.apache.ratis.datastream.TestNettyDataStreamWithMock.testMockCluster(TestNettyDataStreamWithMock.java:88)
	at org.apache.ratis.datastream.TestNettyDataStreamWithMock.testCloseStreamOneServer(TestNettyDataStreamWithMock.java:160)
	at sun.reflect.NativeMethodAccessorImpl.invoke0(Native Method)
	at sun.reflect.NativeMethodAccessorImpl.invoke(NativeMethodAccessorImpl.java:62)
	at sun.reflect.DelegatingMethodAccessorImpl.invoke(DelegatingMethodAccessorImpl.java:43)
	at java.lang.reflect.Method.invoke(Method.java:498)
	at org.junit.runners.model.FrameworkMethod$1.runReflectiveCall(FrameworkMethod.java:59)
	at org.junit.internal.runners.model.ReflectiveCallable.run(ReflectiveCallable.java:12)
	at org.junit.runners.model.FrameworkMethod.invokeExplosively(FrameworkMethod.java:56)
	at org.junit.internal.runners.statements.InvokeMethod.evaluate(InvokeMethod.java:17)
	at org.junit.internal.runners.statements.RunBefores.evaluate(RunBefores.java:26)
	at org.junit.internal.runners.statements.RunAfters.evaluate(RunAfters.java:27)
	at org.junit.internal.runners.statements.FailOnTimeout$CallableStatement.call(FailOnTimeout.java:299)
	at org.junit.internal.runners.statements.FailOnTimeout$CallableStatement.call(FailOnTimeout.java:293)
	at java.util.concurrent.FutureTask.run(FutureTask.java:266)
	at java.lang.Thread.run(Thread.java:750)

