-------------------------------------------------------------------------------
Test set: org.apache.ratis.grpc.TestRaftAsyncWithGrpc
-------------------------------------------------------------------------------
Tests run: 17, Failures: 8, Errors: 0, Skipped: 0, Time elapsed: 49.074 s <<< FAILURE! - in org.apache.ratis.grpc.TestRaftAsyncWithGrpc
testBasicAppendEntriesAsync(org.apache.ratis.grpc.TestRaftAsyncWithGrpc)  Time elapsed: 1.663 s  <<< FAILURE!
java.lang.AssertionError: Unexpected exit.
	at org.apache.ratis.util.ExitUtils.assertNotTerminated(ExitUtils.java:109)
	at org.apache.ratis.server.impl.MiniRaftCluster.shutdown(MiniRaftCluster.java:800)
	at org.apache.ratis.server.impl.MiniRaftCluster$Factory$Get.runWithNewCluster(MiniRaftCluster.java:131)
	at org.apache.ratis.server.impl.MiniRaftCluster$Factory$Get.runWithNewCluster(MiniRaftCluster.java:113)
	at org.apache.ratis.RaftAsyncTests.runTestBasicAppendEntriesAsync(RaftAsyncTests.java:257)
	at org.apache.ratis.RaftAsyncTests.testBasicAppendEntriesAsync(RaftAsyncTests.java:263)
	at sun.reflect.NativeMethodAccessorImpl.invoke0(Native Method)
	at sun.reflect.NativeMethodAccessorImpl.invoke(NativeMethodAccessorImpl.java:62)
	at sun.reflect.DelegatingMethodAccessorImpl.invoke(DelegatingMethodAccessorImpl.java:43)
	at java.lang.reflect.Method.invoke(Method.java:498)
	at org.junit.runners.model.FrameworkMethod$1.runReflectiveCall(FrameworkMethod.java:59)
	at org.junit.internal.runners.model.ReflectiveCallable.run(ReflectiveCallable.java:12)
	at org.junit.runners.model.FrameworkMethod.invokeExplosively(FrameworkMethod.java:56)
	at org.junit.internal.runners.statements.InvokeMethod.evaluate(InvokeMethod.java:17)
	at org.junit.internal.runners.statements.RunAfters.evaluate(RunAfters.java:27)
	at org.junit.internal.runners.statements.FailOnTimeout$CallableStatement.call(FailOnTimeout.java:299)
	at org.junit.internal.runners.statements.FailOnTimeout$CallableStatement.call(FailOnTimeout.java:293)
	at java.util.concurrent.FutureTask.run(FutureTask.java:266)
	at java.lang.Thread.run(Thread.java:750)
Caused by: org.apache.ratis.util.ExitUtils$ExitException: Failed to kill/restart server: s0
	at org.apache.ratis.util.ExitUtils.terminate(ExitUtils.java:141)
	at org.apache.ratis.util.ExitUtils.terminate(ExitUtils.java:151)
	at org.apache.ratis.RaftBasicTests.lambda$killAndRestartServer$2(RaftBasicTests.java:109)
	... 1 more
Caused by: java.lang.IllegalStateException: ILLEGAL TRANSITION: In s0-RaftServerProxy, CLOSED -> EXCEPTION
	at org.apache.ratis.util.Preconditions.assertTrue(Preconditions.java:60)
	at org.apache.ratis.util.LifeCycle$State.validate(LifeCycle.java:121)
	at org.apache.ratis.util.LifeCycle.transition(LifeCycle.java:164)
	at org.apache.ratis.util.LifeCycle.startAndTransition(LifeCycle.java:273)
	at org.apache.ratis.server.impl.RaftServerProxy.start(RaftServerProxy.java:379)
	at org.apache.ratis.server.impl.MiniRaftCluster.restartServer(MiniRaftCluster.java:330)
	at org.apache.ratis.server.impl.MiniRaftCluster.restartServer(MiniRaftCluster.java:322)
	at org.apache.ratis.RaftBasicTests.lambda$killAndRestartServer$2(RaftBasicTests.java:106)
	... 1 more

testBasicAppendEntriesAsync(org.apache.ratis.grpc.TestRaftAsyncWithGrpc)  Time elapsed: 1.663 s  <<< FAILURE!
java.lang.AssertionError: Unexpected exit.
	at org.apache.ratis.util.ExitUtils.assertNotTerminated(ExitUtils.java:109)
	at org.apache.ratis.BaseTest.assertNoFailures(BaseTest.java:89)
	at sun.reflect.NativeMethodAccessorImpl.invoke0(Native Method)
	at sun.reflect.NativeMethodAccessorImpl.invoke(NativeMethodAccessorImpl.java:62)
	at sun.reflect.DelegatingMethodAccessorImpl.invoke(DelegatingMethodAccessorImpl.java:43)
	at java.lang.reflect.Method.invoke(Method.java:498)
	at org.junit.runners.model.FrameworkMethod$1.runReflectiveCall(FrameworkMethod.java:59)
	at org.junit.internal.runners.model.ReflectiveCallable.run(ReflectiveCallable.java:12)
	at org.junit.runners.model.FrameworkMethod.invokeExplosively(FrameworkMethod.java:56)
	at org.junit.internal.runners.statements.RunAfters.invokeMethod(RunAfters.java:46)
	at org.junit.internal.runners.statements.RunAfters.evaluate(RunAfters.java:33)
	at org.junit.internal.runners.statements.FailOnTimeout$CallableStatement.call(FailOnTimeout.java:299)
	at org.junit.internal.runners.statements.FailOnTimeout$CallableStatement.call(FailOnTimeout.java:293)
	at java.util.concurrent.FutureTask.run(FutureTask.java:266)
	at java.lang.Thread.run(Thread.java:750)
Caused by: org.apache.ratis.util.ExitUtils$ExitException: Failed to kill/restart server: s0
	at org.apache.ratis.util.ExitUtils.terminate(ExitUtils.java:141)
	at org.apache.ratis.util.ExitUtils.terminate(ExitUtils.java:151)
	at org.apache.ratis.RaftBasicTests.lambda$killAndRestartServer$2(RaftBasicTests.java:109)
	... 1 more
Caused by: java.lang.IllegalStateException: ILLEGAL TRANSITION: In s0-RaftServerProxy, CLOSED -> EXCEPTION
	at org.apache.ratis.util.Preconditions.assertTrue(Preconditions.java:60)
	at org.apache.ratis.util.LifeCycle$State.validate(LifeCycle.java:121)
	at org.apache.ratis.util.LifeCycle.transition(LifeCycle.java:164)
	at org.apache.ratis.util.LifeCycle.startAndTransition(LifeCycle.java:273)
	at org.apache.ratis.server.impl.RaftServerProxy.start(RaftServerProxy.java:379)
	at org.apache.ratis.server.impl.MiniRaftCluster.restartServer(MiniRaftCluster.java:330)
	at org.apache.ratis.server.impl.MiniRaftCluster.restartServer(MiniRaftCluster.java:322)
	at org.apache.ratis.RaftBasicTests.lambda$killAndRestartServer$2(RaftBasicTests.java:106)
	... 1 more

testNoRetryWaitOnNotLeaderException(org.apache.ratis.grpc.TestRaftAsyncWithGrpc)  Time elapsed: 0.61 s  <<< FAILURE!
java.lang.AssertionError: Unexpected exit.
	at org.apache.ratis.util.ExitUtils.assertNotTerminated(ExitUtils.java:109)
	at org.apache.ratis.server.impl.MiniRaftCluster.shutdown(MiniRaftCluster.java:800)
	at org.apache.ratis.server.impl.MiniRaftCluster$Factory$Get.runWithNewCluster(MiniRaftCluster.java:131)
	at org.apache.ratis.server.impl.MiniRaftCluster$Factory$Get.runWithNewCluster(MiniRaftCluster.java:113)
	at org.apache.ratis.RaftAsyncTests.testNoRetryWaitOnNotLeaderException(RaftAsyncTests.java:464)
	at sun.reflect.NativeMethodAccessorImpl.invoke0(Native Method)
	at sun.reflect.NativeMethodAccessorImpl.invoke(NativeMethodAccessorImpl.java:62)
	at sun.reflect.DelegatingMethodAccessorImpl.invoke(DelegatingMethodAccessorImpl.java:43)
	at java.lang.reflect.Method.invoke(Method.java:498)
	at org.junit.runners.model.FrameworkMethod$1.runReflectiveCall(FrameworkMethod.java:59)
	at org.junit.internal.runners.model.ReflectiveCallable.run(ReflectiveCallable.java:12)
	at org.junit.runners.model.FrameworkMethod.invokeExplosively(FrameworkMethod.java:56)
	at org.junit.internal.runners.statements.InvokeMethod.evaluate(InvokeMethod.java:17)
	at org.junit.internal.runners.statements.RunAfters.evaluate(RunAfters.java:27)
	at org.junit.internal.runners.statements.FailOnTimeout$CallableStatement.call(FailOnTimeout.java:299)
	at org.junit.internal.runners.statements.FailOnTimeout$CallableStatement.call(FailOnTimeout.java:293)
	at java.util.concurrent.FutureTask.run(FutureTask.java:266)
	at java.lang.Thread.run(Thread.java:750)
Caused by: org.apache.ratis.util.ExitUtils$ExitException: Failed to kill/restart server: s0
	at org.apache.ratis.util.ExitUtils.terminate(ExitUtils.java:141)
	at org.apache.ratis.util.ExitUtils.terminate(ExitUtils.java:151)
	at org.apache.ratis.RaftBasicTests.lambda$killAndRestartServer$2(RaftBasicTests.java:109)
	... 1 more
Caused by: java.lang.IllegalStateException: ILLEGAL TRANSITION: In s0-RaftServerProxy, CLOSED -> EXCEPTION
	at org.apache.ratis.util.Preconditions.assertTrue(Preconditions.java:60)
	at org.apache.ratis.util.LifeCycle$State.validate(LifeCycle.java:121)
	at org.apache.ratis.util.LifeCycle.transition(LifeCycle.java:164)
	at org.apache.ratis.util.LifeCycle.startAndTransition(LifeCycle.java:273)
	at org.apache.ratis.server.impl.RaftServerProxy.start(RaftServerProxy.java:379)
	at org.apache.ratis.server.impl.MiniRaftCluster.restartServer(MiniRaftCluster.java:330)
	at org.apache.ratis.server.impl.MiniRaftCluster.restartServer(MiniRaftCluster.java:322)
	at org.apache.ratis.RaftBasicTests.lambda$killAndRestartServer$2(RaftBasicTests.java:106)
	... 1 more

testNoRetryWaitOnNotLeaderException(org.apache.ratis.grpc.TestRaftAsyncWithGrpc)  Time elapsed: 0.61 s  <<< FAILURE!
java.lang.AssertionError: Unexpected exit.
	at org.apache.ratis.util.ExitUtils.assertNotTerminated(ExitUtils.java:109)
	at org.apache.ratis.BaseTest.assertNoFailures(BaseTest.java:89)
	at sun.reflect.NativeMethodAccessorImpl.invoke0(Native Method)
	at sun.reflect.NativeMethodAccessorImpl.invoke(NativeMethodAccessorImpl.java:62)
	at sun.reflect.DelegatingMethodAccessorImpl.invoke(DelegatingMethodAccessorImpl.java:43)
	at java.lang.reflect.Method.invoke(Method.java:498)
	at org.junit.runners.model.FrameworkMethod$1.runReflectiveCall(FrameworkMethod.java:59)
	at org.junit.internal.runners.model.ReflectiveCallable.run(ReflectiveCallable.java:12)
	at org.junit.runners.model.FrameworkMethod.invokeExplosively(FrameworkMethod.java:56)
	at org.junit.internal.runners.statements.RunAfters.invokeMethod(RunAfters.java:46)
	at org.junit.internal.runners.statements.RunAfters.evaluate(RunAfters.java:33)
	at org.junit.internal.runners.statements.FailOnTimeout$CallableStatement.call(FailOnTimeout.java:299)
	at org.junit.internal.runners.statements.FailOnTimeout$CallableStatement.call(FailOnTimeout.java:293)
	at java.util.concurrent.FutureTask.run(FutureTask.java:266)
	at java.lang.Thread.run(Thread.java:750)
Caused by: org.apache.ratis.util.ExitUtils$ExitException: Failed to kill/restart server: s0
	at org.apache.ratis.util.ExitUtils.terminate(ExitUtils.java:141)
	at org.apache.ratis.util.ExitUtils.terminate(ExitUtils.java:151)
	at org.apache.ratis.RaftBasicTests.lambda$killAndRestartServer$2(RaftBasicTests.java:109)
	... 1 more
Caused by: java.lang.IllegalStateException: ILLEGAL TRANSITION: In s0-RaftServerProxy, CLOSED -> EXCEPTION
	at org.apache.ratis.util.Preconditions.assertTrue(Preconditions.java:60)
	at org.apache.ratis.util.LifeCycle$State.validate(LifeCycle.java:121)
	at org.apache.ratis.util.LifeCycle.transition(LifeCycle.java:164)
	at org.apache.ratis.util.LifeCycle.startAndTransition(LifeCycle.java:273)
	at org.apache.ratis.server.impl.RaftServerProxy.start(RaftServerProxy.java:379)
	at org.apache.ratis.server.impl.MiniRaftCluster.restartServer(MiniRaftCluster.java:330)
	at org.apache.ratis.server.impl.MiniRaftCluster.restartServer(MiniRaftCluster.java:322)
	at org.apache.ratis.RaftBasicTests.lambda$killAndRestartServer$2(RaftBasicTests.java:106)
	... 1 more

testRequestAsyncWithRetryFailureAfterInitialMessages(org.apache.ratis.grpc.TestRaftAsyncWithGrpc)  Time elapsed: 1.643 s  <<< FAILURE!
java.lang.AssertionError: Unexpected exit.
	at org.apache.ratis.util.ExitUtils.assertNotTerminated(ExitUtils.java:109)
	at org.apache.ratis.server.impl.MiniRaftCluster.shutdown(MiniRaftCluster.java:800)
	at org.apache.ratis.server.impl.MiniRaftCluster$Factory$Get.runWithNewCluster(MiniRaftCluster.java:131)
	at org.apache.ratis.RaftAsyncTests.runTestRequestAsyncWithRetryFailure(RaftAsyncTests.java:126)
	at org.apache.ratis.RaftAsyncTests.testRequestAsyncWithRetryFailureAfterInitialMessages(RaftAsyncTests.java:121)
	at sun.reflect.NativeMethodAccessorImpl.invoke0(Native Method)
	at sun.reflect.NativeMethodAccessorImpl.invoke(NativeMethodAccessorImpl.java:62)
	at sun.reflect.DelegatingMethodAccessorImpl.invoke(DelegatingMethodAccessorImpl.java:43)
	at java.lang.reflect.Method.invoke(Method.java:498)
	at org.junit.runners.model.FrameworkMethod$1.runReflectiveCall(FrameworkMethod.java:59)
	at org.junit.internal.runners.model.ReflectiveCallable.run(ReflectiveCallable.java:12)
	at org.junit.runners.model.FrameworkMethod.invokeExplosively(FrameworkMethod.java:56)
	at org.junit.internal.runners.statements.InvokeMethod.evaluate(InvokeMethod.java:17)
	at org.junit.internal.runners.statements.RunAfters.evaluate(RunAfters.java:27)
	at org.junit.internal.runners.statements.FailOnTimeout$CallableStatement.call(FailOnTimeout.java:299)
	at org.junit.internal.runners.statements.FailOnTimeout$CallableStatement.call(FailOnTimeout.java:293)
	at java.util.concurrent.FutureTask.run(FutureTask.java:266)
	at java.lang.Thread.run(Thread.java:750)
Caused by: org.apache.ratis.util.ExitUtils$ExitException: Failed to kill/restart server: s0
	at org.apache.ratis.util.ExitUtils.terminate(ExitUtils.java:141)
	at org.apache.ratis.util.ExitUtils.terminate(ExitUtils.java:151)
	at org.apache.ratis.RaftBasicTests.lambda$killAndRestartServer$2(RaftBasicTests.java:109)
	... 1 more
Caused by: java.lang.IllegalStateException: ILLEGAL TRANSITION: In s0-RaftServerProxy, CLOSED -> EXCEPTION
	at org.apache.ratis.util.Preconditions.assertTrue(Preconditions.java:60)
	at org.apache.ratis.util.LifeCycle$State.validate(LifeCycle.java:121)
	at org.apache.ratis.util.LifeCycle.transition(LifeCycle.java:164)
	at org.apache.ratis.util.LifeCycle.startAndTransition(LifeCycle.java:273)
	at org.apache.ratis.server.impl.RaftServerProxy.start(RaftServerProxy.java:379)
	at org.apache.ratis.server.impl.MiniRaftCluster.restartServer(MiniRaftCluster.java:330)
	at org.apache.ratis.server.impl.MiniRaftCluster.restartServer(MiniRaftCluster.java:322)
	at org.apache.ratis.RaftBasicTests.lambda$killAndRestartServer$2(RaftBasicTests.java:106)
	... 1 more

testRequestAsyncWithRetryFailureAfterInitialMessages(org.apache.ratis.grpc.TestRaftAsyncWithGrpc)  Time elapsed: 1.644 s  <<< FAILURE!
java.lang.AssertionError: Unexpected exit.
	at org.apache.ratis.util.ExitUtils.assertNotTerminated(ExitUtils.java:109)
	at org.apache.ratis.BaseTest.assertNoFailures(BaseTest.java:89)
	at sun.reflect.NativeMethodAccessorImpl.invoke0(Native Method)
	at sun.reflect.NativeMethodAccessorImpl.invoke(NativeMethodAccessorImpl.java:62)
	at sun.reflect.DelegatingMethodAccessorImpl.invoke(DelegatingMethodAccessorImpl.java:43)
	at java.lang.reflect.Method.invoke(Method.java:498)
	at org.junit.runners.model.FrameworkMethod$1.runReflectiveCall(FrameworkMethod.java:59)
	at org.junit.internal.runners.model.ReflectiveCallable.run(ReflectiveCallable.java:12)
	at org.junit.runners.model.FrameworkMethod.invokeExplosively(FrameworkMethod.java:56)
	at org.junit.internal.runners.statements.RunAfters.invokeMethod(RunAfters.java:46)
	at org.junit.internal.runners.statements.RunAfters.evaluate(RunAfters.java:33)
	at org.junit.internal.runners.statements.FailOnTimeout$CallableStatement.call(FailOnTimeout.java:299)
	at org.junit.internal.runners.statements.FailOnTimeout$CallableStatement.call(FailOnTimeout.java:293)
	at java.util.concurrent.FutureTask.run(FutureTask.java:266)
	at java.lang.Thread.run(Thread.java:750)
Caused by: org.apache.ratis.util.ExitUtils$ExitException: Failed to kill/restart server: s0
	at org.apache.ratis.util.ExitUtils.terminate(ExitUtils.java:141)
	at org.apache.ratis.util.ExitUtils.terminate(ExitUtils.java:151)
	at org.apache.ratis.RaftBasicTests.lambda$killAndRestartServer$2(RaftBasicTests.java:109)
	... 1 more
Caused by: java.lang.IllegalStateException: ILLEGAL TRANSITION: In s0-RaftServerProxy, CLOSED -> EXCEPTION
	at org.apache.ratis.util.Preconditions.assertTrue(Preconditions.java:60)
	at org.apache.ratis.util.LifeCycle$State.validate(LifeCycle.java:121)
	at org.apache.ratis.util.LifeCycle.transition(LifeCycle.java:164)
	at org.apache.ratis.util.LifeCycle.startAndTransition(LifeCycle.java:273)
	at org.apache.ratis.server.impl.RaftServerProxy.start(RaftServerProxy.java:379)
	at org.apache.ratis.server.impl.MiniRaftCluster.restartServer(MiniRaftCluster.java:330)
	at org.apache.ratis.server.impl.MiniRaftCluster.restartServer(MiniRaftCluster.java:322)
	at org.apache.ratis.RaftBasicTests.lambda$killAndRestartServer$2(RaftBasicTests.java:106)
	... 1 more

testCheckLeadershipFailure(org.apache.ratis.grpc.TestRaftAsyncWithGrpc)  Time elapsed: 1.982 s  <<< FAILURE!
java.lang.AssertionError: Unexpected exit.
	at org.apache.ratis.util.ExitUtils.assertNotTerminated(ExitUtils.java:109)
	at org.apache.ratis.server.impl.MiniRaftCluster.shutdown(MiniRaftCluster.java:800)
	at org.apache.ratis.server.impl.MiniRaftCluster$Factory$Get.runWithNewCluster(MiniRaftCluster.java:131)
	at org.apache.ratis.server.impl.MiniRaftCluster$Factory$Get.runWithNewCluster(MiniRaftCluster.java:113)
	at org.apache.ratis.RaftAsyncTests.testCheckLeadershipFailure(RaftAsyncTests.java:417)
	at sun.reflect.NativeMethodAccessorImpl.invoke0(Native Method)
	at sun.reflect.NativeMethodAccessorImpl.invoke(NativeMethodAccessorImpl.java:62)
	at sun.reflect.DelegatingMethodAccessorImpl.invoke(DelegatingMethodAccessorImpl.java:43)
	at java.lang.reflect.Method.invoke(Method.java:498)
	at org.junit.runners.model.FrameworkMethod$1.runReflectiveCall(FrameworkMethod.java:59)
	at org.junit.internal.runners.model.ReflectiveCallable.run(ReflectiveCallable.java:12)
	at org.junit.runners.model.FrameworkMethod.invokeExplosively(FrameworkMethod.java:56)
	at org.junit.internal.runners.statements.InvokeMethod.evaluate(InvokeMethod.java:17)
	at org.junit.internal.runners.statements.RunAfters.evaluate(RunAfters.java:27)
	at org.junit.internal.runners.statements.FailOnTimeout$CallableStatement.call(FailOnTimeout.java:299)
	at org.junit.internal.runners.statements.FailOnTimeout$CallableStatement.call(FailOnTimeout.java:293)
	at java.util.concurrent.FutureTask.run(FutureTask.java:266)
	at java.lang.Thread.run(Thread.java:750)
Caused by: org.apache.ratis.util.ExitUtils$ExitException: Failed to kill/restart server: s0
	at org.apache.ratis.util.ExitUtils.terminate(ExitUtils.java:141)
	at org.apache.ratis.util.ExitUtils.terminate(ExitUtils.java:151)
	at org.apache.ratis.RaftBasicTests.lambda$killAndRestartServer$2(RaftBasicTests.java:109)
	... 1 more
Caused by: java.lang.IllegalStateException: ILLEGAL TRANSITION: In s0-RaftServerProxy, CLOSED -> EXCEPTION
	at org.apache.ratis.util.Preconditions.assertTrue(Preconditions.java:60)
	at org.apache.ratis.util.LifeCycle$State.validate(LifeCycle.java:121)
	at org.apache.ratis.util.LifeCycle.transition(LifeCycle.java:164)
	at org.apache.ratis.util.LifeCycle.startAndTransition(LifeCycle.java:273)
	at org.apache.ratis.server.impl.RaftServerProxy.start(RaftServerProxy.java:379)
	at org.apache.ratis.server.impl.MiniRaftCluster.restartServer(MiniRaftCluster.java:330)
	at org.apache.ratis.server.impl.MiniRaftCluster.restartServer(MiniRaftCluster.java:322)
	at org.apache.ratis.RaftBasicTests.lambda$killAndRestartServer$2(RaftBasicTests.java:106)
	... 1 more

testCheckLeadershipFailure(org.apache.ratis.grpc.TestRaftAsyncWithGrpc)  Time elapsed: 1.983 s  <<< FAILURE!
java.lang.AssertionError: Unexpected exit.
	at org.apache.ratis.util.ExitUtils.assertNotTerminated(ExitUtils.java:109)
	at org.apache.ratis.BaseTest.assertNoFailures(BaseTest.java:89)
	at sun.reflect.NativeMethodAccessorImpl.invoke0(Native Method)
	at sun.reflect.NativeMethodAccessorImpl.invoke(NativeMethodAccessorImpl.java:62)
	at sun.reflect.DelegatingMethodAccessorImpl.invoke(DelegatingMethodAccessorImpl.java:43)
	at java.lang.reflect.Method.invoke(Method.java:498)
	at org.junit.runners.model.FrameworkMethod$1.runReflectiveCall(FrameworkMethod.java:59)
	at org.junit.internal.runners.model.ReflectiveCallable.run(ReflectiveCallable.java:12)
	at org.junit.runners.model.FrameworkMethod.invokeExplosively(FrameworkMethod.java:56)
	at org.junit.internal.runners.statements.RunAfters.invokeMethod(RunAfters.java:46)
	at org.junit.internal.runners.statements.RunAfters.evaluate(RunAfters.java:33)
	at org.junit.internal.runners.statements.FailOnTimeout$CallableStatement.call(FailOnTimeout.java:299)
	at org.junit.internal.runners.statements.FailOnTimeout$CallableStatement.call(FailOnTimeout.java:293)
	at java.util.concurrent.FutureTask.run(FutureTask.java:266)
	at java.lang.Thread.run(Thread.java:750)
Caused by: org.apache.ratis.util.ExitUtils$ExitException: Failed to kill/restart server: s0
	at org.apache.ratis.util.ExitUtils.terminate(ExitUtils.java:141)
	at org.apache.ratis.util.ExitUtils.terminate(ExitUtils.java:151)
	at org.apache.ratis.RaftBasicTests.lambda$killAndRestartServer$2(RaftBasicTests.java:109)
	... 1 more
Caused by: java.lang.IllegalStateException: ILLEGAL TRANSITION: In s0-RaftServerProxy, CLOSED -> EXCEPTION
	at org.apache.ratis.util.Preconditions.assertTrue(Preconditions.java:60)
	at org.apache.ratis.util.LifeCycle$State.validate(LifeCycle.java:121)
	at org.apache.ratis.util.LifeCycle.transition(LifeCycle.java:164)
	at org.apache.ratis.util.LifeCycle.startAndTransition(LifeCycle.java:273)
	at org.apache.ratis.server.impl.RaftServerProxy.start(RaftServerProxy.java:379)
	at org.apache.ratis.server.impl.MiniRaftCluster.restartServer(MiniRaftCluster.java:330)
	at org.apache.ratis.server.impl.MiniRaftCluster.restartServer(MiniRaftCluster.java:322)
	at org.apache.ratis.RaftBasicTests.lambda$killAndRestartServer$2(RaftBasicTests.java:106)
	... 1 more

