-------------------------------------------------------------------------------
Test set: org.apache.ratis.server.raftlog.segmented.TestSegmentedRaftLog
-------------------------------------------------------------------------------
Tests run: 56, Failures: 0, Errors: 1, Skipped: 0, Time elapsed: 292.271 s <<< FAILURE! - in org.apache.ratis.server.raftlog.segmented.TestSegmentedRaftLog
org.apache.ratis.server.raftlog.segmented.TestSegmentedRaftLog.testAppendAndRoll[1]  Time elapsed: 100.005 s  <<< ERROR!
org.junit.runners.model.TestTimedOutException: test timed out after 100 seconds
	at java.lang.Object.wait(Native Method)
	at java.lang.Thread.join(Thread.java:1257)
	at java.lang.Thread.join(Thread.java:1331)
	at org.apache.ratis.util.AwaitToRun.close(AwaitToRun.java:102)
	at org.apache.ratis.server.raftlog.segmented.SegmentedRaftLog.close(SegmentedRaftLog.java:539)
	at org.apache.ratis.server.raftlog.segmented.TestSegmentedRaftLog.testAppendAndRoll(TestSegmentedRaftLog.java:387)
	at java.lang.reflect.Method.invoke(Method.java:498)
	at java.util.concurrent.FutureTask.run(FutureTask.java:266)
	at java.lang.Thread.run(Thread.java:750)

