<?xml version="1.0" encoding="UTF-8"?>
<testsuite xmlns:xsi="http://www.w3.org/2001/XMLSchema-instance" xsi:noNamespaceSchemaLocation="https://maven.apache.org/surefire/maven-surefire-plugin/xsd/surefire-test-report.xsd" name="org.apache.ratis.datastream.TestNettyDataStreamStarTopologyWithGrpcCluster" time="380.605" tests="4" errors="1" skipped="0" failures="0">
  <properties>
[...]
</properties>
  <testcase name="testMultipleStreamsSingleServer" classname="org.apache.ratis.datastream.TestNettyDataStreamStarTopologyWithGrpcCluster" time="14.299"/>
  <testcase name="testMultipleStreamsMultipleServers" classname="org.apache.ratis.datastream.TestNettyDataStreamStarTopologyWithGrpcCluster" time="61.432"/>
  <testcase name="testMultipleStreamsMultipleServersStepDownLeader" classname="org.apache.ratis.datastream.TestNettyDataStreamStarTopologyWithGrpcCluster" time="300.012">
    <error message="test timed out after 300 seconds" type="org.junit.runners.model.TestTimedOutException">org.junit.runners.model.TestTimedOutException: test timed out after 300 seconds
	at java.base@11.0.17/jdk.internal.misc.Unsafe.park(Native Method)
	at java.base@11.0.17/java.util.concurrent.locks.LockSupport.park(LockSupport.java:194)
	at java.base@11.0.17/java.util.concurrent.CompletableFuture$Signaller.block(CompletableFuture.java:1796)
	at java.base@11.0.17/java.util.concurrent.ForkJoinPool.managedBlock(ForkJoinPool.java:3128)
	at java.base@11.0.17/java.util.concurrent.CompletableFuture.waitingGet(CompletableFuture.java:1823)
	at java.base@11.0.17/java.util.concurrent.CompletableFuture.join(CompletableFuture.java:2043)
	at app//org.apache.ratis.datastream.DataStreamAsyncClusterTests$$Lambda$516/0x0000000100341040.apply(Unknown Source)
	at java.base@11.0.17/java.util.stream.ReferencePipeline$3$1.accept(ReferencePipeline.java:195)
	at java.base@11.0.17/java.util.ArrayList$ArrayListSpliterator.forEachRemaining(ArrayList.java:1655)
	at java.base@11.0.17/java.util.stream.AbstractPipeline.copyInto(AbstractPipeline.java:484)
	at java.base@11.0.17/java.util.stream.AbstractPipeline.wrapAndCopyInto(AbstractPipeline.java:474)
	at java.base@11.0.17/java.util.stream.ReduceOps$ReduceOp.evaluateSequential(ReduceOps.java:913)
	at java.base@11.0.17/java.util.stream.AbstractPipeline.evaluate(AbstractPipeline.java:234)
	at java.base@11.0.17/java.util.stream.ReferencePipeline.reduce(ReferencePipeline.java:558)
	at java.base@11.0.17/java.util.stream.ReferencePipeline.max(ReferencePipeline.java:594)
	at app//org.apache.ratis.datastream.DataStreamAsyncClusterTests.runTestDataStream(DataStreamAsyncClusterTests.java:97)
	at app//org.apache.ratis.datastream.DataStreamAsyncClusterTests.runTestDataStreamStepDownLeader(DataStreamAsyncClusterTests.java:82)
	at app//org.apache.ratis.datastream.DataStreamAsyncClusterTests$$Lambda$963/0x00000001004a5440.accept(Unknown Source)
	at app//org.apache.ratis.server.impl.MiniRaftCluster$Factory$Get.runWithNewCluster(MiniRaftCluster.java:141)
	at app//org.apache.ratis.server.impl.MiniRaftCluster$Factory$Get.runWithNewCluster(MiniRaftCluster.java:121)
	at app//org.apache.ratis.datastream.DataStreamAsyncClusterTests.testMultipleStreamsMultipleServersStepDownLeader(DataStreamAsyncClusterTests.java:78)
	at java.base@11.0.17/jdk.internal.reflect.NativeMethodAccessorImpl.invoke0(Native Method)
	at java.base@11.0.17/jdk.internal.reflect.NativeMethodAccessorImpl.invoke(NativeMethodAccessorImpl.java:62)
	at java.base@11.0.17/jdk.internal.reflect.DelegatingMethodAccessorImpl.invoke(DelegatingMethodAccessorImpl.java:43)
	at java.base@11.0.17/java.lang.reflect.Method.invoke(Method.java:566)
	at app//org.junit.runners.model.FrameworkMethod$1.runReflectiveCall(FrameworkMethod.java:59)
	at app//org.junit.internal.runners.model.ReflectiveCallable.run(ReflectiveCallable.java:12)
	at app//org.junit.runners.model.FrameworkMethod.invokeExplosively(FrameworkMethod.java:56)
	at app//org.junit.internal.runners.statements.InvokeMethod.evaluate(InvokeMethod.java:17)
	at app//org.junit.internal.runners.statements.RunBefores.evaluate(RunBefores.java:26)
	at app//org.junit.internal.runners.statements.RunAfters.evaluate(RunAfters.java:27)
	at app//org.junit.internal.runners.statements.FailOnTimeout$CallableStatement.call(FailOnTimeout.java:299)
	at app//org.junit.internal.runners.statements.FailOnTimeout$CallableStatement.call(FailOnTimeout.java:293)
	at java.base@11.0.17/java.util.concurrent.FutureTask.run(FutureTask.java:264)
	at java.base@11.0.17/java.lang.Thread.run(Thread.java:829)
</error>
    <system-out><![CDATA[2023-01-22 10:25:53,851 [main] INFO  util.LogUtils (Slf4jUtils.java:setLogLevel(38)) - Successfully set org.apache.ratis.conf.ConfUtils log level to WARN
2023-01-22 10:25:53,851 [main] INFO  util.LogUtils (Slf4jUtils.java:setLogLevel(38)) - Successfully set org.apache.ratis.util.FileUtils log level to TRACE
2023-01-22 10:25:53,856 [Time-limited test] INFO  impl.MiniRaftCluster (MiniRaftCluster.java:runWithNewCluster(135)) - Running runWithNewCluster
2023-01-22 10:25:53,857 [Time-limited test] INFO  impl.MiniRaftCluster (MiniRaftCluster.java:<init>(306)) - new MiniRaftClusterWithRpcTypeGrpcAndDataStreamTypeNetty with group-4446C9F0D259:[s0|rpc:localhost:42029|admin:localhost:38755|client:localhost:42097|dataStream:localhost:46279|priority:0|startupRole:FOLLOWER, s1|rpc:localhost:35183|admin:localhost:46179|client:localhost:36677|dataStream:localhost:46499|priority:0|startupRole:FOLLOWER, s2|rpc:localhost:36837|admin:localhost:37461|client:localhost:38577|dataStream:localhost:32781|priority:0|startupRole:FOLLOWER]
2023-01-22 10:25:53,857 [Time-limited test] INFO  impl.MiniRaftCluster (MiniRaftCluster.java:start(339)) - .............................................................. 
2023-01-22 10:25:53,857 [Time-limited test] INFO  impl.MiniRaftCluster (MiniRaftCluster.java:start(340)) - ... 
2023-01-22 10:25:53,857 [Time-limited test] INFO  impl.MiniRaftCluster (MiniRaftCluster.java:start(341)) - ...     Starting MiniRaftClusterWithRpcTypeGrpcAndDataStreamTypeNetty
2023-01-22 10:25:53,857 [Time-limited test] INFO  impl.MiniRaftCluster (MiniRaftCluster.java:start(342)) - ... 
2023-01-22 10:25:53,857 [Time-limited test] INFO  impl.MiniRaftCluster (MiniRaftCluster.java:start(343)) - .............................................................. 
2023-01-22 10:25:53,857 [Time-limited test] INFO  impl.MiniRaftCluster (MiniRaftCluster.java:initServers(318)) - servers = {}
2023-01-22 10:25:53,857 [Time-limited test] INFO  impl.MiniRaftCluster (MiniRaftCluster.java:newRaftServer(382)) - newRaftServer: s0, group-4446C9F0D259:[s0|rpc:localhost:42029|admin:localhost:38755|client:localhost:42097|dataStream:localhost:46279|priority:0|startupRole:FOLLOWER, s1|rpc:localhost:35183|admin:localhost:46179|client:localhost:36677|dataStream:localhost:46499|priority:0|startupRole:FOLLOWER, s2|rpc:localhost:36837|admin:localhost:37461|client:localhost:38577|dataStream:localhost:32781|priority:0|startupRole:FOLLOWER], format? true
2023-01-22 10:25:53,857 [Time-limited test] TRACE util.FileUtils (FileUtils.java:deleteFully(201)) - deleteFully target/test/data/b0cd0f94/MiniRaftClusterWithRpcTypeGrpcAndDataStreamTypeNetty18eef55e/s0
2023-01-22 10:25:53,857 [Time-limited test] TRACE util.FileUtils (FileUtils.java:deleteFully(217)) - deleteFully: target/test/data/b0cd0f94/MiniRaftClusterWithRpcTypeGrpcAndDataStreamTypeNetty18eef55e/s0 does not exist.
2023-01-22 10:25:53,857 [Time-limited test] INFO  impl.MiniRaftCluster (MiniRaftCluster.java:newRaftServer(387)) - Formatted directory target/test/data/b0cd0f94/MiniRaftClusterWithRpcTypeGrpcAndDataStreamTypeNetty18eef55e/s0
2023-01-22 10:25:53,859 [Time-limited test] INFO  server.RaftServer (ConfUtils.java:logGet(46)) - raft.rpc.type = GRPC (default)
2023-01-22 10:25:53,860 [Time-limited test] INFO  grpc.GrpcConfigKeys (ConfUtils.java:logFallback(53)) - raft.grpc.admin.host = null (fallback to raft.grpc.server.host)
2023-01-22 10:25:53,860 [Time-limited test] INFO  grpc.GrpcConfigKeys (ConfUtils.java:logGet(46)) - raft.grpc.admin.port = 38755 (custom)
2023-01-22 10:25:53,860 [Time-limited test] INFO  grpc.GrpcConfigKeys (ConfUtils.java:logFallback(53)) - raft.grpc.client.host = null (fallback to raft.grpc.server.host)
2023-01-22 10:25:53,860 [Time-limited test] INFO  grpc.GrpcConfigKeys (ConfUtils.java:logGet(46)) - raft.grpc.client.port = 42097 (custom)
2023-01-22 10:25:53,860 [Time-limited test] INFO  grpc.GrpcConfigKeys (ConfUtils.java:logGet(46)) - raft.grpc.server.host = null (default)
2023-01-22 10:25:53,860 [Time-limited test] INFO  grpc.GrpcConfigKeys (ConfUtils.java:logGet(46)) - raft.grpc.server.port = 42029 (custom)
2023-01-22 10:25:53,860 [Time-limited test] INFO  server.GrpcService (ConfUtils.java:logGet(46)) - raft.grpc.message.size.max = 64MB (=67108864) (default)
2023-01-22 10:25:53,860 [Time-limited test] INFO  server.RaftServerConfigKeys (ConfUtils.java:logGet(46)) - raft.server.log.appender.buffer.byte-limit = 4MB (=4194304) (default)
2023-01-22 10:25:53,860 [Time-limited test] INFO  server.GrpcService (ConfUtils.java:logGet(46)) - raft.grpc.flow.control.window = 1MB (=1048576) (default)
2023-01-22 10:25:53,860 [Time-limited test] INFO  server.RaftServerConfigKeys (ConfUtils.java:logGet(46)) - raft.server.rpc.request.timeout = 3000ms (default)
2023-01-22 10:25:53,860 [Time-limited test] INFO  grpc.GrpcConfigKeys (ConfUtils.java:logGet(46)) - raft.grpc.server.heartbeat.channel = true (default)
2023-01-22 10:25:53,860 [Time-limited test] INFO  grpc.GrpcConfigKeys (ConfUtils.java:logGet(46)) - raft.grpc.server.async.request.thread.pool.cached = true (default)
2023-01-22 10:25:53,860 [Time-limited test] INFO  grpc.GrpcConfigKeys (ConfUtils.java:logGet(46)) - raft.grpc.server.async.request.thread.pool.size = 32 (default)
2023-01-22 10:25:53,863 [Time-limited test] INFO  impl.DataStreamServerImpl (ConfUtils.java:logGet(46)) - raft.datastream.type = NETTY (custom)
2023-01-22 10:25:53,863 [Time-limited test] INFO  server.RaftServerConfigKeys (ConfUtils.java:logGet(46)) - raft.server.data-stream.async.request.thread.pool.cached = false (default)
2023-01-22 10:25:53,863 [Time-limited test] INFO  server.RaftServerConfigKeys (ConfUtils.java:logGet(46)) - raft.server.data-stream.async.request.thread.pool.size = 32 (default)
2023-01-22 10:25:53,863 [Time-limited test] INFO  server.RaftServerConfigKeys (ConfUtils.java:logGet(46)) - raft.server.data-stream.async.write.thread.pool.size = 16 (default)
2023-01-22 10:25:53,863 [Time-limited test] INFO  server.RaftServerConfigKeys (ConfUtils.java:logGet(46)) - raft.server.data-stream.client.pool.size = 10 (default)
2023-01-22 10:25:53,863 [Time-limited test] INFO  netty.NettyConfigKeys$DataStream (ConfUtils.java:logGet(46)) - raft.netty.dataStream.server.use-epoll = false (default)
2023-01-22 10:25:53,863 [Time-limited test] INFO  netty.NettyConfigKeys$DataStream (ConfUtils.java:logGet(46)) - raft.netty.dataStream.server.boss-group.size = 0 (default)
2023-01-22 10:25:53,864 [Time-limited test] INFO  netty.NettyConfigKeys$DataStream (ConfUtils.java:logGet(46)) - raft.netty.dataStream.server.worker-group.size = 0 (default)
2023-01-22 10:25:53,864 [Time-limited test] INFO  netty.NettyConfigKeys$DataStream (ConfUtils.java:logGet(46)) - raft.netty.dataStream.server.tls.conf = null (default)
2023-01-22 10:25:53,864 [Time-limited test] INFO  netty.NettyConfigKeys$DataStream (ConfUtils.java:logGet(46)) - raft.netty.dataStream.host = null (default)
2023-01-22 10:25:53,864 [Time-limited test] INFO  netty.NettyConfigKeys$DataStream (ConfUtils.java:logGet(46)) - raft.netty.dataStream.port = 46279 (custom)
2023-01-22 10:25:53,865 [Time-limited test] INFO  server.RaftServerConfigKeys (ConfUtils.java:logGet(46)) - raft.server.threadpool.proxy.cached = true (default)
2023-01-22 10:25:53,865 [Time-limited test] INFO  server.RaftServerConfigKeys (ConfUtils.java:logGet(46)) - raft.server.threadpool.proxy.size = 0 (default)
2023-01-22 10:25:53,865 [Time-limited test] INFO  server.RaftServerConfigKeys (ConfUtils.java:logGet(46)) - raft.server.rpc.slowness.timeout = 60s (default)
2023-01-22 10:25:53,865 [Time-limited test] INFO  server.RaftServerConfigKeys (ConfUtils.java:logGet(46)) - raft.server.leaderelection.leader.step-down.wait-time = 10s (default)
2023-01-22 10:25:53,865 [Time-limited test] INFO  server.RaftServerConfigKeys (ConfUtils.java:logGet(46)) - raft.server.storage.dir = [/home/runner/work/ratis/ratis/ratis-test/target/test/data/b0cd0f94/MiniRaftClusterWithRpcTypeGrpcAndDataStreamTypeNetty18eef55e/s0] (custom)
2023-01-22 10:25:53,865 [s0-NettyServerStreamRpc-bossGroup--thread1] INFO  logging.LoggingHandler (AbstractInternalLogger.java:log(148)) - [id: 0xd3172420] REGISTERED
2023-01-22 10:25:53,869 [s0-NettyServerStreamRpc-bossGroup--thread1] INFO  logging.LoggingHandler (AbstractInternalLogger.java:log(148)) - [id: 0xd3172420] BIND: 0.0.0.0/0.0.0.0:46279
2023-01-22 10:25:53,869 [s0-NettyServerStreamRpc-bossGroup--thread1] INFO  logging.LoggingHandler (AbstractInternalLogger.java:log(148)) - [id: 0xd3172420, L:/0.0.0.0:46279] ACTIVE
2023-01-22 10:25:53,869 [Time-limited test] INFO  server.RaftServer (RaftServerProxy.java:addNew(99)) - s0: addNew group-4446C9F0D259:[s0|rpc:localhost:42029|admin:localhost:38755|client:localhost:42097|dataStream:localhost:46279|priority:0|startupRole:FOLLOWER, s1|rpc:localhost:35183|admin:localhost:46179|client:localhost:36677|dataStream:localhost:46499|priority:0|startupRole:FOLLOWER, s2|rpc:localhost:36837|admin:localhost:37461|client:localhost:38577|dataStream:localhost:32781|priority:0|startupRole:FOLLOWER] returns group-4446C9F0D259:java.util.concurrent.CompletableFuture@6caf4cc7[Not completed]
2023-01-22 10:25:53,869 [pool-10-thread-1] INFO  server.RaftServer$Division (RaftServerImpl.java:<init>(198)) - s0: new RaftServerImpl for group-4446C9F0D259:[s0|rpc:localhost:42029|admin:localhost:38755|client:localhost:42097|dataStream:localhost:46279|priority:0|startupRole:FOLLOWER, s1|rpc:localhost:35183|admin:localhost:46179|client:localhost:36677|dataStream:localhost:46499|priority:0|startupRole:FOLLOWER, s2|rpc:localhost:36837|admin:localhost:37461|client:localhost:38577|dataStream:localhost:32781|priority:0|startupRole:FOLLOWER] with MultiDataStreamStateMachine:uninitialized
2023-01-22 10:25:53,869 [pool-10-thread-1] INFO  server.RaftServerConfigKeys (ConfUtils.java:logGet(46)) - raft.server.rpc.timeout.min = 150ms (default)
2023-01-22 10:25:53,870 [pool-10-thread-1] INFO  server.RaftServerConfigKeys (ConfUtils.java:logGet(46)) - raft.server.rpc.timeout.max = 300ms (default)
2023-01-22 10:25:53,870 [pool-10-thread-1] INFO  server.RaftServerConfigKeys (ConfUtils.java:logGet(46)) - raft.server.rpc.sleep.time = 25ms (default)
2023-01-22 10:25:53,870 [pool-10-thread-1] INFO  server.RaftServerConfigKeys (ConfUtils.java:logGet(46)) - raft.server.rpc.slowness.timeout = 60s (default)
2023-01-22 10:25:53,870 [pool-10-thread-1] INFO  server.RaftServerConfigKeys (ConfUtils.java:logGet(46)) - raft.server.leaderelection.leader.step-down.wait-time = 10s (default)
2023-01-22 10:25:53,870 [Time-limited test] INFO  impl.MiniRaftCluster (MiniRaftCluster.java:newRaftServer(382)) - newRaftServer: s1, group-4446C9F0D259:[s0|rpc:localhost:42029|admin:localhost:38755|client:localhost:42097|dataStream:localhost:46279|priority:0|startupRole:FOLLOWER, s1|rpc:localhost:35183|admin:localhost:46179|client:localhost:36677|dataStream:localhost:46499|priority:0|startupRole:FOLLOWER, s2|rpc:localhost:36837|admin:localhost:37461|client:localhost:38577|dataStream:localhost:32781|priority:0|startupRole:FOLLOWER], format? true
2023-01-22 10:25:53,875 [Time-limited test] TRACE util.FileUtils (FileUtils.java:deleteFully(201)) - deleteFully target/test/data/b0cd0f94/MiniRaftClusterWithRpcTypeGrpcAndDataStreamTypeNetty18eef55e/s1
2023-01-22 10:25:53,875 [Time-limited test] TRACE util.FileUtils (FileUtils.java:deleteFully(217)) - deleteFully: target/test/data/b0cd0f94/MiniRaftClusterWithRpcTypeGrpcAndDataStreamTypeNetty18eef55e/s1 does not exist.
2023-01-22 10:25:53,875 [Time-limited test] INFO  impl.MiniRaftCluster (MiniRaftCluster.java:newRaftServer(387)) - Formatted directory target/test/data/b0cd0f94/MiniRaftClusterWithRpcTypeGrpcAndDataStreamTypeNetty18eef55e/s1
2023-01-22 10:25:53,875 [Time-limited test] INFO  server.RaftServer (ConfUtils.java:logGet(46)) - raft.rpc.type = GRPC (default)
2023-01-22 10:25:53,875 [Time-limited test] INFO  grpc.GrpcConfigKeys (ConfUtils.java:logFallback(53)) - raft.grpc.admin.host = null (fallback to raft.grpc.server.host)
2023-01-22 10:25:53,875 [Time-limited test] INFO  grpc.GrpcConfigKeys (ConfUtils.java:logGet(46)) - raft.grpc.admin.port = 46179 (custom)
2023-01-22 10:25:53,875 [Time-limited test] INFO  grpc.GrpcConfigKeys (ConfUtils.java:logFallback(53)) - raft.grpc.client.host = null (fallback to raft.grpc.server.host)
2023-01-22 10:25:53,876 [Time-limited test] INFO  grpc.GrpcConfigKeys (ConfUtils.java:logGet(46)) - raft.grpc.client.port = 36677 (custom)
2023-01-22 10:25:53,876 [Time-limited test] INFO  grpc.GrpcConfigKeys (ConfUtils.java:logGet(46)) - raft.grpc.server.host = null (default)
2023-01-22 10:25:53,876 [Time-limited test] INFO  grpc.GrpcConfigKeys (ConfUtils.java:logGet(46)) - raft.grpc.server.port = 35183 (custom)
2023-01-22 10:25:53,876 [Time-limited test] INFO  server.GrpcService (ConfUtils.java:logGet(46)) - raft.grpc.message.size.max = 64MB (=67108864) (default)
2023-01-22 10:25:53,876 [Time-limited test] INFO  server.RaftServerConfigKeys (ConfUtils.java:logGet(46)) - raft.server.log.appender.buffer.byte-limit = 4MB (=4194304) (default)
2023-01-22 10:25:53,876 [Time-limited test] INFO  server.GrpcService (ConfUtils.java:logGet(46)) - raft.grpc.flow.control.window = 1MB (=1048576) (default)
2023-01-22 10:25:53,876 [Time-limited test] INFO  server.RaftServerConfigKeys (ConfUtils.java:logGet(46)) - raft.server.rpc.request.timeout = 3000ms (default)
2023-01-22 10:25:53,876 [Time-limited test] INFO  grpc.GrpcConfigKeys (ConfUtils.java:logGet(46)) - raft.grpc.server.heartbeat.channel = true (default)
2023-01-22 10:25:53,876 [Time-limited test] INFO  grpc.GrpcConfigKeys (ConfUtils.java:logGet(46)) - raft.grpc.server.async.request.thread.pool.cached = true (default)
2023-01-22 10:25:53,876 [Time-limited test] INFO  grpc.GrpcConfigKeys (ConfUtils.java:logGet(46)) - raft.grpc.server.async.request.thread.pool.size = 32 (default)
2023-01-22 10:25:53,877 [Time-limited test] INFO  impl.DataStreamServerImpl (ConfUtils.java:logGet(46)) - raft.datastream.type = NETTY (custom)
2023-01-22 10:25:53,877 [Time-limited test] INFO  server.RaftServerConfigKeys (ConfUtils.java:logGet(46)) - raft.server.data-stream.async.request.thread.pool.cached = false (default)
2023-01-22 10:25:53,877 [Time-limited test] INFO  server.RaftServerConfigKeys (ConfUtils.java:logGet(46)) - raft.server.data-stream.async.request.thread.pool.size = 32 (default)
2023-01-22 10:25:53,877 [Time-limited test] INFO  server.RaftServerConfigKeys (ConfUtils.java:logGet(46)) - raft.server.data-stream.async.write.thread.pool.size = 16 (default)
2023-01-22 10:25:53,877 [Time-limited test] INFO  server.RaftServerConfigKeys (ConfUtils.java:logGet(46)) - raft.server.data-stream.client.pool.size = 10 (default)
2023-01-22 10:25:53,877 [Time-limited test] INFO  netty.NettyConfigKeys$DataStream (ConfUtils.java:logGet(46)) - raft.netty.dataStream.server.use-epoll = false (default)
2023-01-22 10:25:53,877 [Time-limited test] INFO  netty.NettyConfigKeys$DataStream (ConfUtils.java:logGet(46)) - raft.netty.dataStream.server.boss-group.size = 0 (default)
2023-01-22 10:25:53,877 [Time-limited test] INFO  netty.NettyConfigKeys$DataStream (ConfUtils.java:logGet(46)) - raft.netty.dataStream.server.worker-group.size = 0 (default)
2023-01-22 10:25:53,878 [Time-limited test] INFO  netty.NettyConfigKeys$DataStream (ConfUtils.java:logGet(46)) - raft.netty.dataStream.server.tls.conf = null (default)
2023-01-22 10:25:53,878 [Time-limited test] INFO  netty.NettyConfigKeys$DataStream (ConfUtils.java:logGet(46)) - raft.netty.dataStream.host = null (default)
2023-01-22 10:25:53,878 [Time-limited test] INFO  netty.NettyConfigKeys$DataStream (ConfUtils.java:logGet(46)) - raft.netty.dataStream.port = 46499 (custom)
2023-01-22 10:25:53,879 [Time-limited test] INFO  server.RaftServerConfigKeys (ConfUtils.java:logGet(46)) - raft.server.threadpool.proxy.cached = true (default)
2023-01-22 10:25:53,879 [Time-limited test] INFO  server.RaftServerConfigKeys (ConfUtils.java:logGet(46)) - raft.server.threadpool.proxy.size = 0 (default)
2023-01-22 10:25:53,879 [Time-limited test] INFO  server.RaftServerConfigKeys (ConfUtils.java:logGet(46)) - raft.server.rpc.slowness.timeout = 60s (default)
2023-01-22 10:25:53,879 [Time-limited test] INFO  server.RaftServerConfigKeys (ConfUtils.java:logGet(46)) - raft.server.leaderelection.leader.step-down.wait-time = 10s (default)
2023-01-22 10:25:53,879 [Time-limited test] INFO  server.RaftServerConfigKeys (ConfUtils.java:logGet(46)) - raft.server.storage.dir = [/home/runner/work/ratis/ratis/ratis-test/target/test/data/b0cd0f94/MiniRaftClusterWithRpcTypeGrpcAndDataStreamTypeNetty18eef55e/s1] (custom)
2023-01-22 10:25:53,879 [s1-NettyServerStreamRpc-bossGroup--thread1] INFO  logging.LoggingHandler (AbstractInternalLogger.java:log(148)) - [id: 0xdc9b03da] REGISTERED
2023-01-22 10:25:53,880 [Time-limited test] INFO  server.RaftServer (RaftServerProxy.java:addNew(99)) - s1: addNew group-4446C9F0D259:[s0|rpc:localhost:42029|admin:localhost:38755|client:localhost:42097|dataStream:localhost:46279|priority:0|startupRole:FOLLOWER, s1|rpc:localhost:35183|admin:localhost:46179|client:localhost:36677|dataStream:localhost:46499|priority:0|startupRole:FOLLOWER, s2|rpc:localhost:36837|admin:localhost:37461|client:localhost:38577|dataStream:localhost:32781|priority:0|startupRole:FOLLOWER] returns group-4446C9F0D259:java.util.concurrent.CompletableFuture@10d35915[Not completed]
2023-01-22 10:25:53,879 [pool-10-thread-1] INFO  server.RaftServerConfigKeys (ConfUtils.java:logGet(46)) - raft.server.sleep.deviation.threshold = 300ms (default)
2023-01-22 10:25:53,880 [s1-NettyServerStreamRpc-bossGroup--thread1] INFO  logging.LoggingHandler (AbstractInternalLogger.java:log(148)) - [id: 0xdc9b03da] BIND: 0.0.0.0/0.0.0.0:46499
2023-01-22 10:25:53,882 [s1-NettyServerStreamRpc-bossGroup--thread1] INFO  logging.LoggingHandler (AbstractInternalLogger.java:log(148)) - [id: 0xdc9b03da, L:/0.0.0.0:46499] ACTIVE
2023-01-22 10:25:53,882 [Time-limited test] INFO  impl.MiniRaftCluster (MiniRaftCluster.java:newRaftServer(382)) - newRaftServer: s2, group-4446C9F0D259:[s0|rpc:localhost:42029|admin:localhost:38755|client:localhost:42097|dataStream:localhost:46279|priority:0|startupRole:FOLLOWER, s1|rpc:localhost:35183|admin:localhost:46179|client:localhost:36677|dataStream:localhost:46499|priority:0|startupRole:FOLLOWER, s2|rpc:localhost:36837|admin:localhost:37461|client:localhost:38577|dataStream:localhost:32781|priority:0|startupRole:FOLLOWER], format? true
2023-01-22 10:25:53,882 [Time-limited test] TRACE util.FileUtils (FileUtils.java:deleteFully(201)) - deleteFully target/test/data/b0cd0f94/MiniRaftClusterWithRpcTypeGrpcAndDataStreamTypeNetty18eef55e/s2
2023-01-22 10:25:53,882 [Time-limited test] TRACE util.FileUtils (FileUtils.java:deleteFully(217)) - deleteFully: target/test/data/b0cd0f94/MiniRaftClusterWithRpcTypeGrpcAndDataStreamTypeNetty18eef55e/s2 does not exist.
2023-01-22 10:25:53,883 [Time-limited test] INFO  impl.MiniRaftCluster (MiniRaftCluster.java:newRaftServer(387)) - Formatted directory target/test/data/b0cd0f94/MiniRaftClusterWithRpcTypeGrpcAndDataStreamTypeNetty18eef55e/s2
2023-01-22 10:25:53,883 [Time-limited test] INFO  server.RaftServer (ConfUtils.java:logGet(46)) - raft.rpc.type = GRPC (default)
2023-01-22 10:25:53,883 [Time-limited test] INFO  grpc.GrpcConfigKeys (ConfUtils.java:logFallback(53)) - raft.grpc.admin.host = null (fallback to raft.grpc.server.host)
2023-01-22 10:25:53,883 [Time-limited test] INFO  grpc.GrpcConfigKeys (ConfUtils.java:logGet(46)) - raft.grpc.admin.port = 37461 (custom)
2023-01-22 10:25:53,883 [Time-limited test] INFO  grpc.GrpcConfigKeys (ConfUtils.java:logFallback(53)) - raft.grpc.client.host = null (fallback to raft.grpc.server.host)
2023-01-22 10:25:53,883 [Time-limited test] INFO  grpc.GrpcConfigKeys (ConfUtils.java:logGet(46)) - raft.grpc.client.port = 38577 (custom)
2023-01-22 10:25:53,883 [Time-limited test] INFO  grpc.GrpcConfigKeys (ConfUtils.java:logGet(46)) - raft.grpc.server.host = null (default)
2023-01-22 10:25:53,883 [Time-limited test] INFO  grpc.GrpcConfigKeys (ConfUtils.java:logGet(46)) - raft.grpc.server.port = 36837 (custom)
2023-01-22 10:25:53,883 [Time-limited test] INFO  server.GrpcService (ConfUtils.java:logGet(46)) - raft.grpc.message.size.max = 64MB (=67108864) (default)
2023-01-22 10:25:53,883 [Time-limited test] INFO  server.RaftServerConfigKeys (ConfUtils.java:logGet(46)) - raft.server.log.appender.buffer.byte-limit = 4MB (=4194304) (default)
2023-01-22 10:25:53,883 [Time-limited test] INFO  server.GrpcService (ConfUtils.java:logGet(46)) - raft.grpc.flow.control.window = 1MB (=1048576) (default)
2023-01-22 10:25:53,883 [Time-limited test] INFO  server.RaftServerConfigKeys (ConfUtils.java:logGet(46)) - raft.server.rpc.request.timeout = 3000ms (default)
2023-01-22 10:25:53,883 [Time-limited test] INFO  grpc.GrpcConfigKeys (ConfUtils.java:logGet(46)) - raft.grpc.server.heartbeat.channel = true (default)
2023-01-22 10:25:53,883 [Time-limited test] INFO  grpc.GrpcConfigKeys (ConfUtils.java:logGet(46)) - raft.grpc.server.async.request.thread.pool.cached = true (default)
2023-01-22 10:25:53,883 [Time-limited test] INFO  grpc.GrpcConfigKeys (ConfUtils.java:logGet(46)) - raft.grpc.server.async.request.thread.pool.size = 32 (default)
2023-01-22 10:25:53,884 [Time-limited test] INFO  impl.DataStreamServerImpl (ConfUtils.java:logGet(46)) - raft.datastream.type = NETTY (custom)
2023-01-22 10:25:53,885 [Time-limited test] INFO  server.RaftServerConfigKeys (ConfUtils.java:logGet(46)) - raft.server.data-stream.async.request.thread.pool.cached = false (default)
2023-01-22 10:25:53,885 [Time-limited test] INFO  server.RaftServerConfigKeys (ConfUtils.java:logGet(46)) - raft.server.data-stream.async.request.thread.pool.size = 32 (default)
2023-01-22 10:25:53,885 [Time-limited test] INFO  server.RaftServerConfigKeys (ConfUtils.java:logGet(46)) - raft.server.data-stream.async.write.thread.pool.size = 16 (default)
2023-01-22 10:25:53,885 [Time-limited test] INFO  server.RaftServerConfigKeys (ConfUtils.java:logGet(46)) - raft.server.data-stream.client.pool.size = 10 (default)
2023-01-22 10:25:53,885 [Time-limited test] INFO  netty.NettyConfigKeys$DataStream (ConfUtils.java:logGet(46)) - raft.netty.dataStream.server.use-epoll = false (default)
2023-01-22 10:25:53,885 [Time-limited test] INFO  netty.NettyConfigKeys$DataStream (ConfUtils.java:logGet(46)) - raft.netty.dataStream.server.boss-group.size = 0 (default)
2023-01-22 10:25:53,881 [pool-11-thread-1] INFO  server.RaftServer$Division (RaftServerImpl.java:<init>(198)) - s1: new RaftServerImpl for group-4446C9F0D259:[s0|rpc:localhost:42029|admin:localhost:38755|client:localhost:42097|dataStream:localhost:46279|priority:0|startupRole:FOLLOWER, s1|rpc:localhost:35183|admin:localhost:46179|client:localhost:36677|dataStream:localhost:46499|priority:0|startupRole:FOLLOWER, s2|rpc:localhost:36837|admin:localhost:37461|client:localhost:38577|dataStream:localhost:32781|priority:0|startupRole:FOLLOWER] with MultiDataStreamStateMachine:uninitialized
2023-01-22 10:25:53,886 [pool-11-thread-1] INFO  server.RaftServerConfigKeys (ConfUtils.java:logGet(46)) - raft.server.rpc.timeout.min = 150ms (default)
2023-01-22 10:25:53,886 [pool-11-thread-1] INFO  server.RaftServerConfigKeys (ConfUtils.java:logGet(46)) - raft.server.rpc.timeout.max = 300ms (default)
2023-01-22 10:25:53,886 [pool-11-thread-1] INFO  server.RaftServerConfigKeys (ConfUtils.java:logGet(46)) - raft.server.rpc.sleep.time = 25ms (default)
2023-01-22 10:25:53,886 [pool-11-thread-1] INFO  server.RaftServerConfigKeys (ConfUtils.java:logGet(46)) - raft.server.rpc.slowness.timeout = 60s (default)
2023-01-22 10:25:53,886 [pool-11-thread-1] INFO  server.RaftServerConfigKeys (ConfUtils.java:logGet(46)) - raft.server.leaderelection.leader.step-down.wait-time = 10s (default)
2023-01-22 10:25:53,886 [pool-11-thread-1] INFO  server.RaftServerConfigKeys (ConfUtils.java:logGet(46)) - raft.server.sleep.deviation.threshold = 300ms (default)
2023-01-22 10:25:53,886 [pool-11-thread-1] INFO  server.RaftServer$Division (ServerState.java:<init>(113)) - s1@group-4446C9F0D259: ConfigurationManager, init=-1: peers:[s0|rpc:localhost:42029|admin:localhost:38755|client:localhost:42097|dataStream:localhost:46279|priority:0|startupRole:FOLLOWER, s1|rpc:localhost:35183|admin:localhost:46179|client:localhost:36677|dataStream:localhost:46499|priority:0|startupRole:FOLLOWER, s2|rpc:localhost:36837|admin:localhost:37461|client:localhost:38577|dataStream:localhost:32781|priority:0|startupRole:FOLLOWER]|listeners:[], old=null, confs=<EMPTY_MAP>
2023-01-22 10:25:53,882 [pool-10-thread-1] INFO  server.RaftServer$Division (ServerState.java:<init>(113)) - s0@group-4446C9F0D259: ConfigurationManager, init=-1: peers:[s0|rpc:localhost:42029|admin:localhost:38755|client:localhost:42097|dataStream:localhost:46279|priority:0|startupRole:FOLLOWER, s1|rpc:localhost:35183|admin:localhost:46179|client:localhost:36677|dataStream:localhost:46499|priority:0|startupRole:FOLLOWER, s2|rpc:localhost:36837|admin:localhost:37461|client:localhost:38577|dataStream:localhost:32781|priority:0|startupRole:FOLLOWER]|listeners:[], old=null, confs=<EMPTY_MAP>
2023-01-22 10:25:53,886 [pool-10-thread-1] INFO  server.RaftServerConfigKeys (ConfUtils.java:logGet(46)) - raft.server.notification.no-leader.timeout = 60s (default)
2023-01-22 10:25:53,887 [pool-10-thread-1] INFO  server.RaftServerConfigKeys (ConfUtils.java:logGet(46)) - raft.server.read.timeout = 10s (default)
2023-01-22 10:25:53,887 [pool-10-thread-1] INFO  server.RaftServerConfigKeys (ConfUtils.java:logGet(46)) - raft.server.retrycache.expirytime = 60s (default)
2023-01-22 10:25:53,887 [pool-10-thread-1] INFO  server.RaftServerConfigKeys (ConfUtils.java:logGet(46)) - raft.server.retrycache.statistics.expirytime = 100μs (default)
2023-01-22 10:25:53,887 [pool-10-thread-1] INFO  server.RaftServerConfigKeys (ConfUtils.java:logGet(46)) - raft.server.read.option = DEFAULT (default)
2023-01-22 10:25:53,886 [pool-11-thread-1] INFO  server.RaftServerConfigKeys (ConfUtils.java:logGet(46)) - raft.server.notification.no-leader.timeout = 60s (default)
2023-01-22 10:25:53,889 [pool-11-thread-1] INFO  server.RaftServerConfigKeys (ConfUtils.java:logGet(46)) - raft.server.read.timeout = 10s (default)
2023-01-22 10:25:53,889 [pool-11-thread-1] INFO  server.RaftServerConfigKeys (ConfUtils.java:logGet(46)) - raft.server.retrycache.expirytime = 60s (default)
2023-01-22 10:25:53,889 [pool-11-thread-1] INFO  server.RaftServerConfigKeys (ConfUtils.java:logGet(46)) - raft.server.retrycache.statistics.expirytime = 100μs (default)
2023-01-22 10:25:53,889 [pool-11-thread-1] INFO  server.RaftServerConfigKeys (ConfUtils.java:logGet(46)) - raft.server.read.option = DEFAULT (default)
2023-01-22 10:25:53,888 [Time-limited test] INFO  netty.NettyConfigKeys$DataStream (ConfUtils.java:logGet(46)) - raft.netty.dataStream.server.worker-group.size = 0 (default)
2023-01-22 10:25:53,890 [Time-limited test] INFO  netty.NettyConfigKeys$DataStream (ConfUtils.java:logGet(46)) - raft.netty.dataStream.server.tls.conf = null (default)
2023-01-22 10:25:53,891 [Time-limited test] INFO  netty.NettyConfigKeys$DataStream (ConfUtils.java:logGet(46)) - raft.netty.dataStream.host = null (default)
2023-01-22 10:25:53,891 [Time-limited test] INFO  netty.NettyConfigKeys$DataStream (ConfUtils.java:logGet(46)) - raft.netty.dataStream.port = 32781 (custom)
2023-01-22 10:25:53,893 [pool-10-thread-1] INFO  server.RaftServerConfigKeys (ConfUtils.java:logGet(46)) - raft.server.log.appender.install.snapshot.enabled = true (default)
2023-01-22 10:25:53,893 [pool-10-thread-1] INFO  server.RaftServerConfigKeys (ConfUtils.java:logGet(46)) - raft.server.threadpool.server.cached = true (default)
2023-01-22 10:25:53,893 [pool-10-thread-1] INFO  server.RaftServerConfigKeys (ConfUtils.java:logGet(46)) - raft.server.threadpool.server.size = 0 (default)
2023-01-22 10:25:53,893 [pool-10-thread-1] INFO  server.RaftServerConfigKeys (ConfUtils.java:logGet(46)) - raft.server.threadpool.client.cached = true (default)
2023-01-22 10:25:53,893 [pool-10-thread-1] INFO  server.RaftServerConfigKeys (ConfUtils.java:logGet(46)) - raft.server.threadpool.client.size = 0 (default)
2023-01-22 10:25:53,893 [pool-11-thread-1] INFO  server.RaftServerConfigKeys (ConfUtils.java:logGet(46)) - raft.server.log.appender.install.snapshot.enabled = true (default)
2023-01-22 10:25:53,893 [pool-11-thread-1] INFO  server.RaftServerConfigKeys (ConfUtils.java:logGet(46)) - raft.server.threadpool.server.cached = true (default)
2023-01-22 10:25:53,893 [pool-11-thread-1] INFO  server.RaftServerConfigKeys (ConfUtils.java:logGet(46)) - raft.server.threadpool.server.size = 0 (default)
2023-01-22 10:25:53,893 [pool-11-thread-1] INFO  server.RaftServerConfigKeys (ConfUtils.java:logGet(46)) - raft.server.threadpool.client.cached = true (default)
2023-01-22 10:25:53,893 [pool-11-thread-1] INFO  server.RaftServerConfigKeys (ConfUtils.java:logGet(46)) - raft.server.threadpool.client.size = 0 (default)
2023-01-22 10:25:53,896 [Time-limited test] INFO  server.RaftServerConfigKeys (ConfUtils.java:logGet(46)) - raft.server.threadpool.proxy.cached = true (default)
2023-01-22 10:25:53,896 [Time-limited test] INFO  server.RaftServerConfigKeys (ConfUtils.java:logGet(46)) - raft.server.threadpool.proxy.size = 0 (default)
2023-01-22 10:25:53,896 [Time-limited test] INFO  server.RaftServerConfigKeys (ConfUtils.java:logGet(46)) - raft.server.rpc.slowness.timeout = 60s (default)
2023-01-22 10:25:53,896 [Time-limited test] INFO  server.RaftServerConfigKeys (ConfUtils.java:logGet(46)) - raft.server.leaderelection.leader.step-down.wait-time = 10s (default)
2023-01-22 10:25:53,897 [Time-limited test] INFO  server.RaftServerConfigKeys (ConfUtils.java:logGet(46)) - raft.server.storage.dir = [/home/runner/work/ratis/ratis/ratis-test/target/test/data/b0cd0f94/MiniRaftClusterWithRpcTypeGrpcAndDataStreamTypeNetty18eef55e/s2] (custom)
2023-01-22 10:25:53,897 [s2-NettyServerStreamRpc-bossGroup--thread1] INFO  logging.LoggingHandler (AbstractInternalLogger.java:log(148)) - [id: 0xd6bb0a2e] REGISTERED
2023-01-22 10:25:53,897 [s2-NettyServerStreamRpc-bossGroup--thread1] INFO  logging.LoggingHandler (AbstractInternalLogger.java:log(148)) - [id: 0xd6bb0a2e] BIND: 0.0.0.0/0.0.0.0:32781
2023-01-22 10:25:53,897 [s2-NettyServerStreamRpc-bossGroup--thread1] INFO  logging.LoggingHandler (AbstractInternalLogger.java:log(148)) - [id: 0xd6bb0a2e, L:/0.0.0.0:32781] ACTIVE
2023-01-22 10:25:53,905 [Time-limited test] INFO  server.RaftServer (RaftServerProxy.java:addNew(99)) - s2: addNew group-4446C9F0D259:[s0|rpc:localhost:42029|admin:localhost:38755|client:localhost:42097|dataStream:localhost:46279|priority:0|startupRole:FOLLOWER, s1|rpc:localhost:35183|admin:localhost:46179|client:localhost:36677|dataStream:localhost:46499|priority:0|startupRole:FOLLOWER, s2|rpc:localhost:36837|admin:localhost:37461|client:localhost:38577|dataStream:localhost:32781|priority:0|startupRole:FOLLOWER] returns group-4446C9F0D259:java.util.concurrent.CompletableFuture@30eee2b2[Not completed]
2023-01-22 10:25:53,906 [pool-12-thread-1] INFO  server.RaftServer$Division (RaftServerImpl.java:<init>(198)) - s2: new RaftServerImpl for group-4446C9F0D259:[s0|rpc:localhost:42029|admin:localhost:38755|client:localhost:42097|dataStream:localhost:46279|priority:0|startupRole:FOLLOWER, s1|rpc:localhost:35183|admin:localhost:46179|client:localhost:36677|dataStream:localhost:46499|priority:0|startupRole:FOLLOWER, s2|rpc:localhost:36837|admin:localhost:37461|client:localhost:38577|dataStream:localhost:32781|priority:0|startupRole:FOLLOWER] with MultiDataStreamStateMachine:uninitialized
2023-01-22 10:25:53,906 [s0-impl-thread1] INFO  server.RaftServerConfigKeys (ConfUtils.java:logGet(46)) - raft.server.storage.free-space.min = 0MB (=0) (default)
2023-01-22 10:25:53,912 [s0-impl-thread1] INFO  server.RaftServerConfigKeys (ConfUtils.java:logGet(46)) - raft.server.log.corruption.policy = EXCEPTION (default)
2023-01-22 10:25:53,912 [s0-impl-thread1] INFO  server.RaftServerConfigKeys (ConfUtils.java:logGet(46)) - raft.server.storage.dir = [/home/runner/work/ratis/ratis/ratis-test/target/test/data/b0cd0f94/MiniRaftClusterWithRpcTypeGrpcAndDataStreamTypeNetty18eef55e/s0] (custom)
2023-01-22 10:25:53,913 [s0-impl-thread1] INFO  storage.RaftStorageDirectory (RaftStorageDirectoryImpl.java:analyzeStorage(138)) - The storage directory /home/runner/work/ratis/ratis/ratis-test/target/test/data/b0cd0f94/MiniRaftClusterWithRpcTypeGrpcAndDataStreamTypeNetty18eef55e/s0/413bbc71-f185-43d2-9989-4446c9f0d259 does not exist. Creating ...
2023-01-22 10:25:53,913 [s0-impl-thread1] TRACE util.FileUtils (LogUtils.java:runAndLog(49)) - Successfully ran Files.createDirectories /home/runner/work/ratis/ratis/ratis-test/target/test/data/b0cd0f94/MiniRaftClusterWithRpcTypeGrpcAndDataStreamTypeNetty18eef55e/s0/413bbc71-f185-43d2-9989-4446c9f0d259
2023-01-22 10:25:53,913 [pool-12-thread-1] INFO  server.RaftServerConfigKeys (ConfUtils.java:logGet(46)) - raft.server.rpc.timeout.min = 150ms (default)
2023-01-22 10:25:53,914 [pool-12-thread-1] INFO  server.RaftServerConfigKeys (ConfUtils.java:logGet(46)) - raft.server.rpc.timeout.max = 300ms (default)
2023-01-22 10:25:53,914 [pool-12-thread-1] INFO  server.RaftServerConfigKeys (ConfUtils.java:logGet(46)) - raft.server.rpc.sleep.time = 25ms (default)
2023-01-22 10:25:53,914 [pool-12-thread-1] INFO  server.RaftServerConfigKeys (ConfUtils.java:logGet(46)) - raft.server.rpc.slowness.timeout = 60s (default)
2023-01-22 10:25:53,914 [pool-12-thread-1] INFO  server.RaftServerConfigKeys (ConfUtils.java:logGet(46)) - raft.server.leaderelection.leader.step-down.wait-time = 10s (default)
2023-01-22 10:25:53,914 [pool-12-thread-1] INFO  server.RaftServerConfigKeys (ConfUtils.java:logGet(46)) - raft.server.sleep.deviation.threshold = 300ms (default)
2023-01-22 10:25:53,914 [pool-12-thread-1] INFO  server.RaftServer$Division (ServerState.java:<init>(113)) - s2@group-4446C9F0D259: ConfigurationManager, init=-1: peers:[s0|rpc:localhost:42029|admin:localhost:38755|client:localhost:42097|dataStream:localhost:46279|priority:0|startupRole:FOLLOWER, s1|rpc:localhost:35183|admin:localhost:46179|client:localhost:36677|dataStream:localhost:46499|priority:0|startupRole:FOLLOWER, s2|rpc:localhost:36837|admin:localhost:37461|client:localhost:38577|dataStream:localhost:32781|priority:0|startupRole:FOLLOWER]|listeners:[], old=null, confs=<EMPTY_MAP>
2023-01-22 10:25:53,914 [pool-12-thread-1] INFO  server.RaftServerConfigKeys (ConfUtils.java:logGet(46)) - raft.server.notification.no-leader.timeout = 60s (default)
2023-01-22 10:25:53,914 [s0-impl-thread1] INFO  storage.RaftStorageDirectory (RaftStorageDirectoryImpl.java:tryLock(232)) - Lock on /home/runner/work/ratis/ratis/ratis-test/target/test/data/b0cd0f94/MiniRaftClusterWithRpcTypeGrpcAndDataStreamTypeNetty18eef55e/s0/413bbc71-f185-43d2-9989-4446c9f0d259/in_use.lock acquired by nodename 2337@fv-az937-841
2023-01-22 10:25:53,915 [s0-impl-thread1] TRACE util.FileUtils (LogUtils.java:runAndLog(49)) - Successfully ran Files.createDirectories /home/runner/work/ratis/ratis/ratis-test/target/test/data/b0cd0f94/MiniRaftClusterWithRpcTypeGrpcAndDataStreamTypeNetty18eef55e/s0/413bbc71-f185-43d2-9989-4446c9f0d259/current
2023-01-22 10:25:53,915 [s0-impl-thread1] TRACE util.FileUtils (LogUtils.java:runAndLog(49)) - Successfully ran Files.createDirectories /home/runner/work/ratis/ratis/ratis-test/target/test/data/b0cd0f94/MiniRaftClusterWithRpcTypeGrpcAndDataStreamTypeNetty18eef55e/s0/413bbc71-f185-43d2-9989-4446c9f0d259/sm
2023-01-22 10:25:53,914 [pool-12-thread-1] INFO  server.RaftServerConfigKeys (ConfUtils.java:logGet(46)) - raft.server.read.timeout = 10s (default)
2023-01-22 10:25:53,916 [pool-12-thread-1] INFO  server.RaftServerConfigKeys (ConfUtils.java:logGet(46)) - raft.server.retrycache.expirytime = 60s (default)
2023-01-22 10:25:53,916 [pool-12-thread-1] INFO  server.RaftServerConfigKeys (ConfUtils.java:logGet(46)) - raft.server.retrycache.statistics.expirytime = 100μs (default)
2023-01-22 10:25:53,916 [pool-12-thread-1] INFO  server.RaftServerConfigKeys (ConfUtils.java:logGet(46)) - raft.server.read.option = DEFAULT (default)
2023-01-22 10:25:53,917 [s0-impl-thread1] INFO  storage.RaftStorage (RaftStorageImpl.java:format(96)) - Storage directory /home/runner/work/ratis/ratis/ratis-test/target/test/data/b0cd0f94/MiniRaftClusterWithRpcTypeGrpcAndDataStreamTypeNetty18eef55e/s0/413bbc71-f185-43d2-9989-4446c9f0d259 has been successfully formatted.
2023-01-22 10:25:53,917 [s0-impl-thread1] INFO  server.RaftServerConfigKeys (ConfUtils.java:logGet(46)) - raft.server.log.use.memory = false (default)
2023-01-22 10:25:53,917 [s0-impl-thread1] INFO  server.RaftServerConfigKeys (ConfUtils.java:logGet(46)) - raft.server.log.purge.gap = 1024 (default)
2023-01-22 10:25:53,917 [s0-impl-thread1] INFO  server.RaftServerConfigKeys (ConfUtils.java:logGet(46)) - raft.server.log.appender.buffer.byte-limit = 4MB (=4194304) (default)
2023-01-22 10:25:53,917 [s0-impl-thread1] INFO  server.RaftServerConfigKeys (ConfUtils.java:logGet(46)) - raft.server.log.statemachine.data.read.timeout = 1000ms (default)
2023-01-22 10:25:53,917 [s0-impl-thread1] INFO  server.RaftServerConfigKeys (ConfUtils.java:logGet(46)) - raft.server.log.purge.preservation.log.num = 0 (default)
2023-01-22 10:25:53,920 [s0-impl-thread1] INFO  server.RaftServerConfigKeys (ConfUtils.java:logGet(46)) - raft.server.log.segment.size.max = 8MB (=8388608) (default)
2023-01-22 10:25:53,920 [s0-impl-thread1] INFO  server.RaftServerConfigKeys (ConfUtils.java:logGet(46)) - raft.server.log.segment.cache.num.max = 6 (default)
2023-01-22 10:25:53,920 [s0-impl-thread1] INFO  server.RaftServerConfigKeys (ConfUtils.java:logGet(46)) - raft.server.log.segment.cache.size.max = 200MB (=209715200) (default)
2023-01-22 10:25:53,921 [s0-impl-thread1] INFO  segmented.SegmentedRaftLogWorker (SegmentedRaftLogWorker.java:<init>(184)) - new s0@group-4446C9F0D259-SegmentedRaftLogWorker for RaftStorageImpl:Storage Directory /home/runner/work/ratis/ratis/ratis-test/target/test/data/b0cd0f94/MiniRaftClusterWithRpcTypeGrpcAndDataStreamTypeNetty18eef55e/s0/413bbc71-f185-43d2-9989-4446c9f0d259
2023-01-22 10:25:53,921 [s0-impl-thread1] INFO  server.RaftServerConfigKeys (ConfUtils.java:logGet(46)) - raft.server.log.queue.byte-limit = 64MB (=67108864) (default)
2023-01-22 10:25:53,921 [s0-impl-thread1] INFO  server.RaftServerConfigKeys (ConfUtils.java:logGet(46)) - raft.server.log.queue.element-limit = 4096 (default)
2023-01-22 10:25:53,921 [s0-impl-thread1] INFO  server.RaftServerConfigKeys (ConfUtils.java:logGet(46)) - raft.server.log.segment.size.max = 8MB (=8388608) (default)
2023-01-22 10:25:53,921 [s0-impl-thread1] INFO  server.RaftServerConfigKeys (ConfUtils.java:logGet(46)) - raft.server.log.preallocated.size = 4MB (=4194304) (default)
2023-01-22 10:25:53,921 [s0-impl-thread1] INFO  server.RaftServerConfigKeys (ConfUtils.java:logGet(46)) - raft.server.log.force.sync.num = 128 (default)
2023-01-22 10:25:53,921 [s0-impl-thread1] INFO  server.RaftServerConfigKeys (ConfUtils.java:logGet(46)) - raft.server.log.statemachine.data.sync = true (default)
2023-01-22 10:25:53,921 [s0-impl-thread1] INFO  server.RaftServerConfigKeys (ConfUtils.java:logGet(46)) - raft.server.log.statemachine.data.sync.timeout = 10s (default)
2023-01-22 10:25:53,921 [s0-impl-thread1] INFO  server.RaftServerConfigKeys (ConfUtils.java:logGet(46)) - raft.server.log.statemachine.data.sync.timeout.retry = -1 (default)
2023-01-22 10:25:53,921 [s0-impl-thread1] INFO  server.RaftServerConfigKeys (ConfUtils.java:logGet(46)) - raft.server.log.write.buffer.size = 64KB (=65536) (default)
2023-01-22 10:25:53,921 [s0-impl-thread1] INFO  server.RaftServerConfigKeys (ConfUtils.java:logGet(46)) - raft.server.log.appender.buffer.byte-limit = 4MB (=4194304) (default)
2023-01-22 10:25:53,922 [s0-impl-thread1] INFO  server.RaftServerConfigKeys (ConfUtils.java:logGet(46)) - raft.server.log.unsafe-flush.enabled = false (default)
2023-01-22 10:25:53,922 [s0-impl-thread1] INFO  server.RaftServerConfigKeys (ConfUtils.java:logGet(46)) - raft.server.log.async-flush.enabled = false (default)
2023-01-22 10:25:53,922 [s0-impl-thread1] INFO  server.RaftServerConfigKeys (ConfUtils.java:logGet(46)) - raft.server.log.statemachine.data.caching.enabled = false (default)
2023-01-22 10:25:53,922 [s0-impl-thread1] INFO  segmented.SegmentedRaftLogWorker (SegmentedRaftLogWorker.java:lambda$new$0(134)) - s0@group-4446C9F0D259-SegmentedRaftLogWorker: flushIndex: setUnconditionally 0 -> -1
2023-01-22 10:25:53,922 [s0-impl-thread1] INFO  segmented.SegmentedRaftLogWorker (SegmentedRaftLogWorker.java:lambda$new$0(134)) - s0@group-4446C9F0D259-SegmentedRaftLogWorker: safeCacheEvictIndex: setUnconditionally 0 -> -1
2023-01-22 10:25:53,923 [pool-12-thread-1] INFO  server.RaftServerConfigKeys (ConfUtils.java:logGet(46)) - raft.server.log.appender.install.snapshot.enabled = true (default)
2023-01-22 10:25:53,923 [pool-12-thread-1] INFO  server.RaftServerConfigKeys (ConfUtils.java:logGet(46)) - raft.server.threadpool.server.cached = true (default)
2023-01-22 10:25:53,923 [pool-12-thread-1] INFO  server.RaftServerConfigKeys (ConfUtils.java:logGet(46)) - raft.server.threadpool.server.size = 0 (default)
2023-01-22 10:25:53,923 [pool-12-thread-1] INFO  server.RaftServerConfigKeys (ConfUtils.java:logGet(46)) - raft.server.threadpool.client.cached = true (default)
2023-01-22 10:25:53,923 [pool-12-thread-1] INFO  server.RaftServerConfigKeys (ConfUtils.java:logGet(46)) - raft.server.threadpool.client.size = 0 (default)
2023-01-22 10:25:53,926 [s0-impl-thread1] INFO  server.RaftServer$Division (RaftServerImpl.java:start(338)) - s0@group-4446C9F0D259: start as a follower, conf=-1: peers:[s0|rpc:localhost:42029|admin:localhost:38755|client:localhost:42097|dataStream:localhost:46279|priority:0|startupRole:FOLLOWER, s1|rpc:localhost:35183|admin:localhost:46179|client:localhost:36677|dataStream:localhost:46499|priority:0|startupRole:FOLLOWER, s2|rpc:localhost:36837|admin:localhost:37461|client:localhost:38577|dataStream:localhost:32781|priority:0|startupRole:FOLLOWER]|listeners:[], old=null
2023-01-22 10:25:53,926 [s0-impl-thread1] INFO  server.RaftServer$Division (RaftServerImpl.java:setRole(325)) - s0@group-4446C9F0D259: changes role from      null to FOLLOWER at term 0 for startAsFollower
2023-01-22 10:25:53,926 [s0-impl-thread1] INFO  impl.RoleInfo (RoleInfo.java:updateAndGet(139)) - s0: start s0@group-4446C9F0D259-FollowerState
2023-01-22 10:25:53,930 [s0-impl-thread1] INFO  util.JmxRegister (JmxRegister.java:tryRegister(44)) - Successfully registered JMX Bean with object name Ratis:service=RaftServer,group=group-4446C9F0D259,id=s0
2023-01-22 10:25:53,930 [s0-impl-thread1] INFO  server.RaftServerConfigKeys (ConfUtils.java:logGet(46)) - raft.server.snapshot.auto.trigger.enabled = false (default)
2023-01-22 10:25:53,930 [s0-impl-thread1] INFO  server.RaftServerConfigKeys (ConfUtils.java:logGet(46)) - raft.server.snapshot.retention.file.num = -1 (default)
2023-01-22 10:25:53,930 [s0-impl-thread1] INFO  server.RaftServerConfigKeys (ConfUtils.java:logGet(46)) - raft.server.log.purge.upto.snapshot.index = false (default)
2023-01-22 10:25:53,930 [s0@group-4446C9F0D259-FollowerState] INFO  server.RaftServerConfigKeys (ConfUtils.java:logFallback(53)) - raft.server.rpc.first-election.timeout.min = 150ms (fallback to raft.server.rpc.timeout.min)
2023-01-22 10:25:53,931 [s0@group-4446C9F0D259-FollowerState] INFO  server.RaftServerConfigKeys (ConfUtils.java:logFallback(53)) - raft.server.rpc.first-election.timeout.max = 300ms (fallback to raft.server.rpc.timeout.max)
2023-01-22 10:25:53,931 [Time-limited test] INFO  server.RaftServer (RaftServerProxy.java:startImpl(396)) - s0: start RPC server
2023-01-22 10:25:53,933 [Time-limited test] INFO  server.GrpcService (GrpcService.java:startImpl(302)) - s0: GrpcService started, listening on 42097
2023-01-22 10:25:53,935 [Time-limited test] INFO  server.GrpcService (GrpcService.java:startImpl(302)) - s0: GrpcService started, listening on 42029
2023-01-22 10:25:53,936 [Time-limited test] INFO  server.GrpcService (GrpcService.java:startImpl(302)) - s0: GrpcService started, listening on 38755
2023-01-22 10:25:53,937 [s1-impl-thread1] INFO  server.RaftServerConfigKeys (ConfUtils.java:logGet(46)) - raft.server.storage.free-space.min = 0MB (=0) (default)
2023-01-22 10:25:53,937 [s1-impl-thread1] INFO  server.RaftServerConfigKeys (ConfUtils.java:logGet(46)) - raft.server.log.corruption.policy = EXCEPTION (default)
2023-01-22 10:25:53,937 [s1-impl-thread1] INFO  server.RaftServerConfigKeys (ConfUtils.java:logGet(46)) - raft.server.storage.dir = [/home/runner/work/ratis/ratis/ratis-test/target/test/data/b0cd0f94/MiniRaftClusterWithRpcTypeGrpcAndDataStreamTypeNetty18eef55e/s1] (custom)
2023-01-22 10:25:53,938 [s1-impl-thread1] INFO  storage.RaftStorageDirectory (RaftStorageDirectoryImpl.java:analyzeStorage(138)) - The storage directory /home/runner/work/ratis/ratis/ratis-test/target/test/data/b0cd0f94/MiniRaftClusterWithRpcTypeGrpcAndDataStreamTypeNetty18eef55e/s1/413bbc71-f185-43d2-9989-4446c9f0d259 does not exist. Creating ...
2023-01-22 10:25:53,938 [s1-impl-thread1] TRACE util.FileUtils (LogUtils.java:runAndLog(49)) - Successfully ran Files.createDirectories /home/runner/work/ratis/ratis/ratis-test/target/test/data/b0cd0f94/MiniRaftClusterWithRpcTypeGrpcAndDataStreamTypeNetty18eef55e/s1/413bbc71-f185-43d2-9989-4446c9f0d259
2023-01-22 10:25:53,938 [JvmPauseMonitor4] INFO  util.JvmPauseMonitor (JvmPauseMonitor.java:run(105)) - JvmPauseMonitor-s0: Started
2023-01-22 10:25:53,939 [s1-impl-thread1] INFO  storage.RaftStorageDirectory (RaftStorageDirectoryImpl.java:tryLock(232)) - Lock on /home/runner/work/ratis/ratis/ratis-test/target/test/data/b0cd0f94/MiniRaftClusterWithRpcTypeGrpcAndDataStreamTypeNetty18eef55e/s1/413bbc71-f185-43d2-9989-4446c9f0d259/in_use.lock acquired by nodename 2337@fv-az937-841
2023-01-22 10:25:53,939 [s1-impl-thread1] TRACE util.FileUtils (LogUtils.java:runAndLog(49)) - Successfully ran Files.createDirectories /home/runner/work/ratis/ratis/ratis-test/target/test/data/b0cd0f94/MiniRaftClusterWithRpcTypeGrpcAndDataStreamTypeNetty18eef55e/s1/413bbc71-f185-43d2-9989-4446c9f0d259/current
2023-01-22 10:25:53,939 [s1-impl-thread1] TRACE util.FileUtils (LogUtils.java:runAndLog(49)) - Successfully ran Files.createDirectories /home/runner/work/ratis/ratis/ratis-test/target/test/data/b0cd0f94/MiniRaftClusterWithRpcTypeGrpcAndDataStreamTypeNetty18eef55e/s1/413bbc71-f185-43d2-9989-4446c9f0d259/sm
2023-01-22 10:25:53,941 [s1-impl-thread1] INFO  storage.RaftStorage (RaftStorageImpl.java:format(96)) - Storage directory /home/runner/work/ratis/ratis/ratis-test/target/test/data/b0cd0f94/MiniRaftClusterWithRpcTypeGrpcAndDataStreamTypeNetty18eef55e/s1/413bbc71-f185-43d2-9989-4446c9f0d259 has been successfully formatted.
2023-01-22 10:25:53,941 [s1-impl-thread1] INFO  server.RaftServerConfigKeys (ConfUtils.java:logGet(46)) - raft.server.log.use.memory = false (default)
2023-01-22 10:25:53,941 [s1-impl-thread1] INFO  server.RaftServerConfigKeys (ConfUtils.java:logGet(46)) - raft.server.log.purge.gap = 1024 (default)
2023-01-22 10:25:53,941 [s1-impl-thread1] INFO  server.RaftServerConfigKeys (ConfUtils.java:logGet(46)) - raft.server.log.appender.buffer.byte-limit = 4MB (=4194304) (default)
2023-01-22 10:25:53,941 [s1-impl-thread1] INFO  server.RaftServerConfigKeys (ConfUtils.java:logGet(46)) - raft.server.log.statemachine.data.read.timeout = 1000ms (default)
2023-01-22 10:25:53,941 [s1-impl-thread1] INFO  server.RaftServerConfigKeys (ConfUtils.java:logGet(46)) - raft.server.log.purge.preservation.log.num = 0 (default)
2023-01-22 10:25:53,942 [s1-impl-thread1] INFO  server.RaftServerConfigKeys (ConfUtils.java:logGet(46)) - raft.server.log.segment.size.max = 8MB (=8388608) (default)
2023-01-22 10:25:53,942 [s1-impl-thread1] INFO  server.RaftServerConfigKeys (ConfUtils.java:logGet(46)) - raft.server.log.segment.cache.num.max = 6 (default)
2023-01-22 10:25:53,942 [s1-impl-thread1] INFO  server.RaftServerConfigKeys (ConfUtils.java:logGet(46)) - raft.server.log.segment.cache.size.max = 200MB (=209715200) (default)
2023-01-22 10:25:53,942 [s1-impl-thread1] INFO  segmented.SegmentedRaftLogWorker (SegmentedRaftLogWorker.java:<init>(184)) - new s1@group-4446C9F0D259-SegmentedRaftLogWorker for RaftStorageImpl:Storage Directory /home/runner/work/ratis/ratis/ratis-test/target/test/data/b0cd0f94/MiniRaftClusterWithRpcTypeGrpcAndDataStreamTypeNetty18eef55e/s1/413bbc71-f185-43d2-9989-4446c9f0d259
2023-01-22 10:25:53,942 [s1-impl-thread1] INFO  server.RaftServerConfigKeys (ConfUtils.java:logGet(46)) - raft.server.log.queue.byte-limit = 64MB (=67108864) (default)
2023-01-22 10:25:53,942 [s1-impl-thread1] INFO  server.RaftServerConfigKeys (ConfUtils.java:logGet(46)) - raft.server.log.queue.element-limit = 4096 (default)
2023-01-22 10:25:53,942 [s1-impl-thread1] INFO  server.RaftServerConfigKeys (ConfUtils.java:logGet(46)) - raft.server.log.segment.size.max = 8MB (=8388608) (default)
2023-01-22 10:25:53,942 [s1-impl-thread1] INFO  server.RaftServerConfigKeys (ConfUtils.java:logGet(46)) - raft.server.log.preallocated.size = 4MB (=4194304) (default)
2023-01-22 10:25:53,942 [s1-impl-thread1] INFO  server.RaftServerConfigKeys (ConfUtils.java:logGet(46)) - raft.server.log.force.sync.num = 128 (default)
2023-01-22 10:25:53,942 [s1-impl-thread1] INFO  server.RaftServerConfigKeys (ConfUtils.java:logGet(46)) - raft.server.log.statemachine.data.sync = true (default)
2023-01-22 10:25:53,943 [s1-impl-thread1] INFO  server.RaftServerConfigKeys (ConfUtils.java:logGet(46)) - raft.server.log.statemachine.data.sync.timeout = 10s (default)
2023-01-22 10:25:53,943 [s1-impl-thread1] INFO  server.RaftServerConfigKeys (ConfUtils.java:logGet(46)) - raft.server.log.statemachine.data.sync.timeout.retry = -1 (default)
2023-01-22 10:25:53,943 [s1-impl-thread1] INFO  server.RaftServerConfigKeys (ConfUtils.java:logGet(46)) - raft.server.log.write.buffer.size = 64KB (=65536) (default)
2023-01-22 10:25:53,943 [s1-impl-thread1] INFO  server.RaftServerConfigKeys (ConfUtils.java:logGet(46)) - raft.server.log.appender.buffer.byte-limit = 4MB (=4194304) (default)
2023-01-22 10:25:53,944 [s1-impl-thread1] INFO  server.RaftServerConfigKeys (ConfUtils.java:logGet(46)) - raft.server.log.unsafe-flush.enabled = false (default)
2023-01-22 10:25:53,944 [s1-impl-thread1] INFO  server.RaftServerConfigKeys (ConfUtils.java:logGet(46)) - raft.server.log.async-flush.enabled = false (default)
2023-01-22 10:25:53,944 [s1-impl-thread1] INFO  server.RaftServerConfigKeys (ConfUtils.java:logGet(46)) - raft.server.log.statemachine.data.caching.enabled = false (default)
2023-01-22 10:25:53,944 [s1-impl-thread1] INFO  segmented.SegmentedRaftLogWorker (SegmentedRaftLogWorker.java:lambda$new$0(134)) - s1@group-4446C9F0D259-SegmentedRaftLogWorker: flushIndex: setUnconditionally 0 -> -1
2023-01-22 10:25:53,944 [s1-impl-thread1] INFO  segmented.SegmentedRaftLogWorker (SegmentedRaftLogWorker.java:lambda$new$0(134)) - s1@group-4446C9F0D259-SegmentedRaftLogWorker: safeCacheEvictIndex: setUnconditionally 0 -> -1
2023-01-22 10:25:53,944 [s1-impl-thread1] INFO  server.RaftServer$Division (RaftServerImpl.java:start(338)) - s1@group-4446C9F0D259: start as a follower, conf=-1: peers:[s0|rpc:localhost:42029|admin:localhost:38755|client:localhost:42097|dataStream:localhost:46279|priority:0|startupRole:FOLLOWER, s1|rpc:localhost:35183|admin:localhost:46179|client:localhost:36677|dataStream:localhost:46499|priority:0|startupRole:FOLLOWER, s2|rpc:localhost:36837|admin:localhost:37461|client:localhost:38577|dataStream:localhost:32781|priority:0|startupRole:FOLLOWER]|listeners:[], old=null
2023-01-22 10:25:53,945 [s1-impl-thread1] INFO  server.RaftServer$Division (RaftServerImpl.java:setRole(325)) - s1@group-4446C9F0D259: changes role from      null to FOLLOWER at term 0 for startAsFollower
2023-01-22 10:25:53,945 [s1-impl-thread1] INFO  impl.RoleInfo (RoleInfo.java:updateAndGet(139)) - s1: start s1@group-4446C9F0D259-FollowerState
2023-01-22 10:25:53,945 [s1-impl-thread1] INFO  util.JmxRegister (JmxRegister.java:tryRegister(44)) - Successfully registered JMX Bean with object name Ratis:service=RaftServer,group=group-4446C9F0D259,id=s1
2023-01-22 10:25:53,945 [s1-impl-thread1] INFO  server.RaftServerConfigKeys (ConfUtils.java:logGet(46)) - raft.server.snapshot.auto.trigger.enabled = false (default)
2023-01-22 10:25:53,945 [s1-impl-thread1] INFO  server.RaftServerConfigKeys (ConfUtils.java:logGet(46)) - raft.server.snapshot.retention.file.num = -1 (default)
2023-01-22 10:25:53,945 [s1-impl-thread1] INFO  server.RaftServerConfigKeys (ConfUtils.java:logGet(46)) - raft.server.log.purge.upto.snapshot.index = false (default)
2023-01-22 10:25:53,946 [s1@group-4446C9F0D259-FollowerState] INFO  server.RaftServerConfigKeys (ConfUtils.java:logFallback(53)) - raft.server.rpc.first-election.timeout.min = 150ms (fallback to raft.server.rpc.timeout.min)
2023-01-22 10:25:53,946 [s1@group-4446C9F0D259-FollowerState] INFO  server.RaftServerConfigKeys (ConfUtils.java:logFallback(53)) - raft.server.rpc.first-election.timeout.max = 300ms (fallback to raft.server.rpc.timeout.max)
2023-01-22 10:25:53,947 [Time-limited test] INFO  server.RaftServer (RaftServerProxy.java:startImpl(396)) - s1: start RPC server
2023-01-22 10:25:53,949 [Time-limited test] INFO  server.GrpcService (GrpcService.java:startImpl(302)) - s1: GrpcService started, listening on 36677
2023-01-22 10:25:53,951 [Time-limited test] INFO  server.GrpcService (GrpcService.java:startImpl(302)) - s1: GrpcService started, listening on 35183
2023-01-22 10:25:53,953 [Time-limited test] INFO  server.GrpcService (GrpcService.java:startImpl(302)) - s1: GrpcService started, listening on 46179
2023-01-22 10:25:53,958 [s2-impl-thread1] INFO  server.RaftServerConfigKeys (ConfUtils.java:logGet(46)) - raft.server.storage.free-space.min = 0MB (=0) (default)
2023-01-22 10:25:53,958 [s2-impl-thread1] INFO  server.RaftServerConfigKeys (ConfUtils.java:logGet(46)) - raft.server.log.corruption.policy = EXCEPTION (default)
2023-01-22 10:25:53,958 [s2-impl-thread1] INFO  server.RaftServerConfigKeys (ConfUtils.java:logGet(46)) - raft.server.storage.dir = [/home/runner/work/ratis/ratis/ratis-test/target/test/data/b0cd0f94/MiniRaftClusterWithRpcTypeGrpcAndDataStreamTypeNetty18eef55e/s2] (custom)
2023-01-22 10:25:53,958 [s2-impl-thread1] INFO  storage.RaftStorageDirectory (RaftStorageDirectoryImpl.java:analyzeStorage(138)) - The storage directory /home/runner/work/ratis/ratis/ratis-test/target/test/data/b0cd0f94/MiniRaftClusterWithRpcTypeGrpcAndDataStreamTypeNetty18eef55e/s2/413bbc71-f185-43d2-9989-4446c9f0d259 does not exist. Creating ...
2023-01-22 10:25:53,958 [s2-impl-thread1] TRACE util.FileUtils (LogUtils.java:runAndLog(49)) - Successfully ran Files.createDirectories /home/runner/work/ratis/ratis/ratis-test/target/test/data/b0cd0f94/MiniRaftClusterWithRpcTypeGrpcAndDataStreamTypeNetty18eef55e/s2/413bbc71-f185-43d2-9989-4446c9f0d259
2023-01-22 10:25:53,959 [JvmPauseMonitor5] INFO  util.JvmPauseMonitor (JvmPauseMonitor.java:run(105)) - JvmPauseMonitor-s1: Started
2023-01-22 10:25:53,960 [s2-impl-thread1] INFO  storage.RaftStorageDirectory (RaftStorageDirectoryImpl.java:tryLock(232)) - Lock on /home/runner/work/ratis/ratis/ratis-test/target/test/data/b0cd0f94/MiniRaftClusterWithRpcTypeGrpcAndDataStreamTypeNetty18eef55e/s2/413bbc71-f185-43d2-9989-4446c9f0d259/in_use.lock acquired by nodename 2337@fv-az937-841
2023-01-22 10:25:53,960 [s2-impl-thread1] TRACE util.FileUtils (LogUtils.java:runAndLog(49)) - Successfully ran Files.createDirectories /home/runner/work/ratis/ratis/ratis-test/target/test/data/b0cd0f94/MiniRaftClusterWithRpcTypeGrpcAndDataStreamTypeNetty18eef55e/s2/413bbc71-f185-43d2-9989-4446c9f0d259/current
2023-01-22 10:25:53,960 [s2-impl-thread1] TRACE util.FileUtils (LogUtils.java:runAndLog(49)) - Successfully ran Files.createDirectories /home/runner/work/ratis/ratis/ratis-test/target/test/data/b0cd0f94/MiniRaftClusterWithRpcTypeGrpcAndDataStreamTypeNetty18eef55e/s2/413bbc71-f185-43d2-9989-4446c9f0d259/sm
2023-01-22 10:25:53,963 [s2-impl-thread1] INFO  storage.RaftStorage (RaftStorageImpl.java:format(96)) - Storage directory /home/runner/work/ratis/ratis/ratis-test/target/test/data/b0cd0f94/MiniRaftClusterWithRpcTypeGrpcAndDataStreamTypeNetty18eef55e/s2/413bbc71-f185-43d2-9989-4446c9f0d259 has been successfully formatted.
2023-01-22 10:25:53,963 [s2-impl-thread1] INFO  server.RaftServerConfigKeys (ConfUtils.java:logGet(46)) - raft.server.log.use.memory = false (default)
2023-01-22 10:25:53,963 [s2-impl-thread1] INFO  server.RaftServerConfigKeys (ConfUtils.java:logGet(46)) - raft.server.log.purge.gap = 1024 (default)
2023-01-22 10:25:53,963 [s2-impl-thread1] INFO  server.RaftServerConfigKeys (ConfUtils.java:logGet(46)) - raft.server.log.appender.buffer.byte-limit = 4MB (=4194304) (default)
2023-01-22 10:25:53,963 [s2-impl-thread1] INFO  server.RaftServerConfigKeys (ConfUtils.java:logGet(46)) - raft.server.log.statemachine.data.read.timeout = 1000ms (default)
2023-01-22 10:25:53,963 [s2-impl-thread1] INFO  server.RaftServerConfigKeys (ConfUtils.java:logGet(46)) - raft.server.log.purge.preservation.log.num = 0 (default)
2023-01-22 10:25:53,964 [s2-impl-thread1] INFO  server.RaftServerConfigKeys (ConfUtils.java:logGet(46)) - raft.server.log.segment.size.max = 8MB (=8388608) (default)
2023-01-22 10:25:53,964 [s2-impl-thread1] INFO  server.RaftServerConfigKeys (ConfUtils.java:logGet(46)) - raft.server.log.segment.cache.num.max = 6 (default)
2023-01-22 10:25:53,964 [s2-impl-thread1] INFO  server.RaftServerConfigKeys (ConfUtils.java:logGet(46)) - raft.server.log.segment.cache.size.max = 200MB (=209715200) (default)
2023-01-22 10:25:53,964 [s2-impl-thread1] INFO  segmented.SegmentedRaftLogWorker (SegmentedRaftLogWorker.java:<init>(184)) - new s2@group-4446C9F0D259-SegmentedRaftLogWorker for RaftStorageImpl:Storage Directory /home/runner/work/ratis/ratis/ratis-test/target/test/data/b0cd0f94/MiniRaftClusterWithRpcTypeGrpcAndDataStreamTypeNetty18eef55e/s2/413bbc71-f185-43d2-9989-4446c9f0d259
2023-01-22 10:25:53,964 [s2-impl-thread1] INFO  server.RaftServerConfigKeys (ConfUtils.java:logGet(46)) - raft.server.log.queue.byte-limit = 64MB (=67108864) (default)
2023-01-22 10:25:53,964 [s2-impl-thread1] INFO  server.RaftServerConfigKeys (ConfUtils.java:logGet(46)) - raft.server.log.queue.element-limit = 4096 (default)
2023-01-22 10:25:53,964 [s2-impl-thread1] INFO  server.RaftServerConfigKeys (ConfUtils.java:logGet(46)) - raft.server.log.segment.size.max = 8MB (=8388608) (default)
2023-01-22 10:25:53,964 [s2-impl-thread1] INFO  server.RaftServerConfigKeys (ConfUtils.java:logGet(46)) - raft.server.log.preallocated.size = 4MB (=4194304) (default)
2023-01-22 10:25:53,964 [s2-impl-thread1] INFO  server.RaftServerConfigKeys (ConfUtils.java:logGet(46)) - raft.server.log.force.sync.num = 128 (default)
2023-01-22 10:25:53,964 [s2-impl-thread1] INFO  server.RaftServerConfigKeys (ConfUtils.java:logGet(46)) - raft.server.log.statemachine.data.sync = true (default)
2023-01-22 10:25:53,964 [s2-impl-thread1] INFO  server.RaftServerConfigKeys (ConfUtils.java:logGet(46)) - raft.server.log.statemachine.data.sync.timeout = 10s (default)
2023-01-22 10:25:53,964 [s2-impl-thread1] INFO  server.RaftServerConfigKeys (ConfUtils.java:logGet(46)) - raft.server.log.statemachine.data.sync.timeout.retry = -1 (default)
2023-01-22 10:25:53,964 [s2-impl-thread1] INFO  server.RaftServerConfigKeys (ConfUtils.java:logGet(46)) - raft.server.log.write.buffer.size = 64KB (=65536) (default)
2023-01-22 10:25:53,964 [s2-impl-thread1] INFO  server.RaftServerConfigKeys (ConfUtils.java:logGet(46)) - raft.server.log.appender.buffer.byte-limit = 4MB (=4194304) (default)
2023-01-22 10:25:53,965 [s2-impl-thread1] INFO  server.RaftServerConfigKeys (ConfUtils.java:logGet(46)) - raft.server.log.unsafe-flush.enabled = false (default)
2023-01-22 10:25:53,965 [s2-impl-thread1] INFO  server.RaftServerConfigKeys (ConfUtils.java:logGet(46)) - raft.server.log.async-flush.enabled = false (default)
2023-01-22 10:25:53,965 [s2-impl-thread1] INFO  server.RaftServerConfigKeys (ConfUtils.java:logGet(46)) - raft.server.log.statemachine.data.caching.enabled = false (default)
2023-01-22 10:25:53,966 [s2-impl-thread1] INFO  segmented.SegmentedRaftLogWorker (SegmentedRaftLogWorker.java:lambda$new$0(134)) - s2@group-4446C9F0D259-SegmentedRaftLogWorker: flushIndex: setUnconditionally 0 -> -1
2023-01-22 10:25:53,966 [s2-impl-thread1] INFO  segmented.SegmentedRaftLogWorker (SegmentedRaftLogWorker.java:lambda$new$0(134)) - s2@group-4446C9F0D259-SegmentedRaftLogWorker: safeCacheEvictIndex: setUnconditionally 0 -> -1
2023-01-22 10:25:53,966 [s2-impl-thread1] INFO  server.RaftServer$Division (RaftServerImpl.java:start(338)) - s2@group-4446C9F0D259: start as a follower, conf=-1: peers:[s0|rpc:localhost:42029|admin:localhost:38755|client:localhost:42097|dataStream:localhost:46279|priority:0|startupRole:FOLLOWER, s1|rpc:localhost:35183|admin:localhost:46179|client:localhost:36677|dataStream:localhost:46499|priority:0|startupRole:FOLLOWER, s2|rpc:localhost:36837|admin:localhost:37461|client:localhost:38577|dataStream:localhost:32781|priority:0|startupRole:FOLLOWER]|listeners:[], old=null
2023-01-22 10:25:53,966 [s2-impl-thread1] INFO  server.RaftServer$Division (RaftServerImpl.java:setRole(325)) - s2@group-4446C9F0D259: changes role from      null to FOLLOWER at term 0 for startAsFollower
2023-01-22 10:25:53,966 [s2-impl-thread1] INFO  impl.RoleInfo (RoleInfo.java:updateAndGet(139)) - s2: start s2@group-4446C9F0D259-FollowerState
2023-01-22 10:25:53,966 [s2-impl-thread1] INFO  util.JmxRegister (JmxRegister.java:tryRegister(44)) - Successfully registered JMX Bean with object name Ratis:service=RaftServer,group=group-4446C9F0D259,id=s2
2023-01-22 10:25:53,967 [s2-impl-thread1] INFO  server.RaftServerConfigKeys (ConfUtils.java:logGet(46)) - raft.server.snapshot.auto.trigger.enabled = false (default)
2023-01-22 10:25:53,967 [s2-impl-thread1] INFO  server.RaftServerConfigKeys (ConfUtils.java:logGet(46)) - raft.server.snapshot.retention.file.num = -1 (default)
2023-01-22 10:25:53,967 [s2-impl-thread1] INFO  server.RaftServerConfigKeys (ConfUtils.java:logGet(46)) - raft.server.log.purge.upto.snapshot.index = false (default)
2023-01-22 10:25:53,967 [s2@group-4446C9F0D259-FollowerState] INFO  server.RaftServerConfigKeys (ConfUtils.java:logFallback(53)) - raft.server.rpc.first-election.timeout.min = 150ms (fallback to raft.server.rpc.timeout.min)
2023-01-22 10:25:53,970 [s2@group-4446C9F0D259-FollowerState] INFO  server.RaftServerConfigKeys (ConfUtils.java:logFallback(53)) - raft.server.rpc.first-election.timeout.max = 300ms (fallback to raft.server.rpc.timeout.max)
2023-01-22 10:25:53,970 [Time-limited test] INFO  server.RaftServer (RaftServerProxy.java:startImpl(396)) - s2: start RPC server
2023-01-22 10:25:53,972 [Time-limited test] INFO  server.GrpcService (GrpcService.java:startImpl(302)) - s2: GrpcService started, listening on 38577
2023-01-22 10:25:53,981 [Time-limited test] INFO  server.GrpcService (GrpcService.java:startImpl(302)) - s2: GrpcService started, listening on 36837
2023-01-22 10:25:53,983 [Time-limited test] INFO  server.GrpcService (GrpcService.java:startImpl(302)) - s2: GrpcService started, listening on 37461
2023-01-22 10:25:53,983 [JvmPauseMonitor6] INFO  util.JvmPauseMonitor (JvmPauseMonitor.java:run(105)) - JvmPauseMonitor-s2: Started
2023-01-22 10:25:53,992 [Time-limited test] INFO  server.RaftServerConfigKeys (ConfUtils.java:logGet(46)) - raft.server.rpc.timeout.max = 300ms (default)
2023-01-22 10:25:53,992 [Time-limited test] INFO  ratis.RaftTestUtil (RaftTestUtil.java:waitForLeader(100)) - printing ALL groups
  s0:  RUNNING  FOLLOWER s0@group-4446C9F0D259:t0, leader=null, voted=, raftlog=Memoized:s0@group-4446C9F0D259-SegmentedRaftLog:OPENED:c-1, conf=-1: peers:[s0|rpc:localhost:42029|admin:localhost:38755|client:localhost:42097|dataStream:localhost:46279|priority:0|startupRole:FOLLOWER, s1|rpc:localhost:35183|admin:localhost:46179|client:localhost:36677|dataStream:localhost:46499|priority:0|startupRole:FOLLOWER, s2|rpc:localhost:36837|admin:localhost:37461|client:localhost:38577|dataStream:localhost:32781|priority:0|startupRole:FOLLOWER]|listeners:[], old=null RUNNING
  s1:  RUNNING  FOLLOWER s1@group-4446C9F0D259:t0, leader=null, voted=, raftlog=Memoized:s1@group-4446C9F0D259-SegmentedRaftLog:OPENED:c-1, conf=-1: peers:[s0|rpc:localhost:42029|admin:localhost:38755|client:localhost:42097|dataStream:localhost:46279|priority:0|startupRole:FOLLOWER, s1|rpc:localhost:35183|admin:localhost:46179|client:localhost:36677|dataStream:localhost:46499|priority:0|startupRole:FOLLOWER, s2|rpc:localhost:36837|admin:localhost:37461|client:localhost:38577|dataStream:localhost:32781|priority:0|startupRole:FOLLOWER]|listeners:[], old=null RUNNING
  s2:  RUNNING  FOLLOWER s2@group-4446C9F0D259:t0, leader=null, voted=, raftlog=Memoized:s2@group-4446C9F0D259-SegmentedRaftLog:OPENED:c-1, conf=-1: peers:[s0|rpc:localhost:42029|admin:localhost:38755|client:localhost:42097|dataStream:localhost:46279|priority:0|startupRole:FOLLOWER, s1|rpc:localhost:35183|admin:localhost:46179|client:localhost:36677|dataStream:localhost:46499|priority:0|startupRole:FOLLOWER, s2|rpc:localhost:36837|admin:localhost:37461|client:localhost:38577|dataStream:localhost:32781|priority:0|startupRole:FOLLOWER]|listeners:[], old=null RUNNING
2023-01-22 10:25:53,992 [Time-limited test] WARN  ratis.RaftTestUtil (JavaUtils.java:attempt(217)) - FAILED "waitForLeader-null-(expectLeader? true)", attempt #1/100: java.lang.IllegalStateException: No leader yet : printing ALL groups
  s0:  RUNNING  FOLLOWER s0@group-4446C9F0D259:t0, leader=null, voted=, raftlog=Memoized:s0@group-4446C9F0D259-SegmentedRaftLog:OPENED:c-1, conf=-1: peers:[s0|rpc:localhost:42029|admin:localhost:38755|client:localhost:42097|dataStream:localhost:46279|priority:0|startupRole:FOLLOWER, s1|rpc:localhost:35183|admin:localhost:46179|client:localhost:36677|dataStream:localhost:46499|priority:0|startupRole:FOLLOWER, s2|rpc:localhost:36837|admin:localhost:37461|client:localhost:38577|dataStream:localhost:32781|priority:0|startupRole:FOLLOWER]|listeners:[], old=null RUNNING
  s1:  RUNNING  FOLLOWER s1@group-4446C9F0D259:t0, leader=null, voted=, raftlog=Memoized:s1@group-4446C9F0D259-SegmentedRaftLog:OPENED:c-1, conf=-1: peers:[s0|rpc:localhost:42029|admin:localhost:38755|client:localhost:42097|dataStream:localhost:46279|priority:0|startupRole:FOLLOWER, s1|rpc:localhost:35183|admin:localhost:46179|client:localhost:36677|dataStream:localhost:46499|priority:0|startupRole:FOLLOWER, s2|rpc:localhost:36837|admin:localhost:37461|client:localhost:38577|dataStream:localhost:32781|priority:0|startupRole:FOLLOWER]|listeners:[], old=null RUNNING
  s2:  RUNNING  FOLLOWER s2@group-4446C9F0D259:t0, leader=null, voted=, raftlog=Memoized:s2@group-4446C9F0D259-SegmentedRaftLog:OPENED:c-1, conf=-1: peers:[s0|rpc:localhost:42029|admin:localhost:38755|client:localhost:42097|dataStream:localhost:46279|priority:0|startupRole:FOLLOWER, s1|rpc:localhost:35183|admin:localhost:46179|client:localhost:36677|dataStream:localhost:46499|priority:0|startupRole:FOLLOWER, s2|rpc:localhost:36837|admin:localhost:37461|client:localhost:38577|dataStream:localhost:32781|priority:0|startupRole:FOLLOWER]|listeners:[], old=null RUNNING, sleep 450ms and then retry.
java.lang.IllegalStateException: No leader yet : printing ALL groups
  s0:  RUNNING  FOLLOWER s0@group-4446C9F0D259:t0, leader=null, voted=, raftlog=Memoized:s0@group-4446C9F0D259-SegmentedRaftLog:OPENED:c-1, conf=-1: peers:[s0|rpc:localhost:42029|admin:localhost:38755|client:localhost:42097|dataStream:localhost:46279|priority:0|startupRole:FOLLOWER, s1|rpc:localhost:35183|admin:localhost:46179|client:localhost:36677|dataStream:localhost:46499|priority:0|startupRole:FOLLOWER, s2|rpc:localhost:36837|admin:localhost:37461|client:localhost:38577|dataStream:localhost:32781|priority:0|startupRole:FOLLOWER]|listeners:[], old=null RUNNING
  s1:  RUNNING  FOLLOWER s1@group-4446C9F0D259:t0, leader=null, voted=, raftlog=Memoized:s1@group-4446C9F0D259-SegmentedRaftLog:OPENED:c-1, conf=-1: peers:[s0|rpc:localhost:42029|admin:localhost:38755|client:localhost:42097|dataStream:localhost:46279|priority:0|startupRole:FOLLOWER, s1|rpc:localhost:35183|admin:localhost:46179|client:localhost:36677|dataStream:localhost:46499|priority:0|startupRole:FOLLOWER, s2|rpc:localhost:36837|admin:localhost:37461|client:localhost:38577|dataStream:localhost:32781|priority:0|startupRole:FOLLOWER]|listeners:[], old=null RUNNING
  s2:  RUNNING  FOLLOWER s2@group-4446C9F0D259:t0, leader=null, voted=, raftlog=Memoized:s2@group-4446C9F0D259-SegmentedRaftLog:OPENED:c-1, conf=-1: peers:[s0|rpc:localhost:42029|admin:localhost:38755|client:localhost:42097|dataStream:localhost:46279|priority:0|startupRole:FOLLOWER, s1|rpc:localhost:35183|admin:localhost:46179|client:localhost:36677|dataStream:localhost:46499|priority:0|startupRole:FOLLOWER, s2|rpc:localhost:36837|admin:localhost:37461|client:localhost:38577|dataStream:localhost:32781|priority:0|startupRole:FOLLOWER]|listeners:[], old=null RUNNING
	at org.apache.ratis.server.impl.MiniRaftCluster.newIllegalStateExceptionForNoLeaders(MiniRaftCluster.java:581)
	at org.apache.ratis.RaftTestUtil.lambda$waitForLeader$1(RaftTestUtil.java:104)
	at org.apache.ratis.server.impl.MiniRaftCluster.getLeader(MiniRaftCluster.java:615)
	at org.apache.ratis.server.impl.MiniRaftCluster.getLeader(MiniRaftCluster.java:608)
	at org.apache.ratis.RaftTestUtil.lambda$waitForLeader$3(RaftTestUtil.java:112)
	at org.apache.ratis.util.JavaUtils.attempt(JavaUtils.java:211)
	at org.apache.ratis.util.JavaUtils.attemptRepeatedly(JavaUtils.java:197)
	at org.apache.ratis.RaftTestUtil.waitForLeader(RaftTestUtil.java:111)
	at org.apache.ratis.RaftTestUtil.waitForLeader(RaftTestUtil.java:92)
	at org.apache.ratis.RaftTestUtil.waitForLeader(RaftTestUtil.java:87)
	at org.apache.ratis.datastream.DataStreamAsyncClusterTests.runTestDataStream(DataStreamAsyncClusterTests.java:90)
	at org.apache.ratis.datastream.DataStreamAsyncClusterTests.runTestDataStreamStepDownLeader(DataStreamAsyncClusterTests.java:82)
	at org.apache.ratis.server.impl.MiniRaftCluster$Factory$Get.runWithNewCluster(MiniRaftCluster.java:141)
	at org.apache.ratis.server.impl.MiniRaftCluster$Factory$Get.runWithNewCluster(MiniRaftCluster.java:121)
	at org.apache.ratis.datastream.DataStreamAsyncClusterTests.testMultipleStreamsMultipleServersStepDownLeader(DataStreamAsyncClusterTests.java:78)
	at java.base/jdk.internal.reflect.NativeMethodAccessorImpl.invoke0(Native Method)
	at java.base/jdk.internal.reflect.NativeMethodAccessorImpl.invoke(NativeMethodAccessorImpl.java:62)
	at java.base/jdk.internal.reflect.DelegatingMethodAccessorImpl.invoke(DelegatingMethodAccessorImpl.java:43)
	at java.base/java.lang.reflect.Method.invoke(Method.java:566)
	at org.junit.runners.model.FrameworkMethod$1.runReflectiveCall(FrameworkMethod.java:59)
	at org.junit.internal.runners.model.ReflectiveCallable.run(ReflectiveCallable.java:12)
	at org.junit.runners.model.FrameworkMethod.invokeExplosively(FrameworkMethod.java:56)
	at org.junit.internal.runners.statements.InvokeMethod.evaluate(InvokeMethod.java:17)
	at org.junit.internal.runners.statements.RunBefores.evaluate(RunBefores.java:26)
	at org.junit.internal.runners.statements.RunAfters.evaluate(RunAfters.java:27)
	at org.junit.internal.runners.statements.FailOnTimeout$CallableStatement.call(FailOnTimeout.java:299)
	at org.junit.internal.runners.statements.FailOnTimeout$CallableStatement.call(FailOnTimeout.java:293)
	at java.base/java.util.concurrent.FutureTask.run(FutureTask.java:264)
	at java.base/java.lang.Thread.run(Thread.java:829)
2023-01-22 10:25:54,120 [s2@group-4446C9F0D259-FollowerState] INFO  impl.FollowerState (FollowerState.java:run(143)) - s2@group-4446C9F0D259-FollowerState: change to CANDIDATE, lastRpcElapsedTime:154135316ns, electionTimeout:150ms
2023-01-22 10:25:54,125 [s2@group-4446C9F0D259-FollowerState] INFO  impl.RoleInfo (RoleInfo.java:shutdownFollowerState(110)) - s2: shutdown s2@group-4446C9F0D259-FollowerState
2023-01-22 10:25:54,125 [s2@group-4446C9F0D259-FollowerState] INFO  server.RaftServer$Division (RaftServerImpl.java:setRole(325)) - s2@group-4446C9F0D259: changes role from  FOLLOWER to CANDIDATE at term 0 for changeToCandidate
2023-01-22 10:25:54,126 [s2@group-4446C9F0D259-FollowerState] INFO  server.RaftServerConfigKeys (ConfUtils.java:logGet(46)) - raft.server.leaderelection.pre-vote = true (default)
2023-01-22 10:25:54,126 [s2@group-4446C9F0D259-FollowerState] INFO  impl.RoleInfo (RoleInfo.java:updateAndGet(139)) - s2: start s2@group-4446C9F0D259-LeaderElection3
2023-01-22 10:25:54,130 [s1@group-4446C9F0D259-FollowerState] INFO  impl.FollowerState (FollowerState.java:run(143)) - s1@group-4446C9F0D259-FollowerState: change to CANDIDATE, lastRpcElapsedTime:184999780ns, electionTimeout:175ms
2023-01-22 10:25:54,130 [s1@group-4446C9F0D259-FollowerState] INFO  impl.RoleInfo (RoleInfo.java:shutdownFollowerState(110)) - s1: shutdown s1@group-4446C9F0D259-FollowerState
2023-01-22 10:25:54,130 [s1@group-4446C9F0D259-FollowerState] INFO  server.RaftServer$Division (RaftServerImpl.java:setRole(325)) - s1@group-4446C9F0D259: changes role from  FOLLOWER to CANDIDATE at term 0 for changeToCandidate
2023-01-22 10:25:54,131 [s2@group-4446C9F0D259-LeaderElection3] INFO  impl.LeaderElection (LeaderElection.java:askForVotes(309)) - s2@group-4446C9F0D259-LeaderElection3 PRE_VOTE round 0: submit vote requests at term 0 for -1: peers:[s0|rpc:localhost:42029|admin:localhost:38755|client:localhost:42097|dataStream:localhost:46279|priority:0|startupRole:FOLLOWER, s1|rpc:localhost:35183|admin:localhost:46179|client:localhost:36677|dataStream:localhost:46499|priority:0|startupRole:FOLLOWER, s2|rpc:localhost:36837|admin:localhost:37461|client:localhost:38577|dataStream:localhost:32781|priority:0|startupRole:FOLLOWER]|listeners:[], old=null
2023-01-22 10:25:54,131 [s2@group-4446C9F0D259-LeaderElection3-1] INFO  server.GrpcServerProtocolClient (GrpcServerProtocolClient.java:<init>(63)) - Build channel for s0
2023-01-22 10:25:54,131 [s1@group-4446C9F0D259-FollowerState] INFO  server.RaftServerConfigKeys (ConfUtils.java:logGet(46)) - raft.server.leaderelection.pre-vote = true (default)
2023-01-22 10:25:54,135 [s1@group-4446C9F0D259-FollowerState] INFO  impl.RoleInfo (RoleInfo.java:updateAndGet(139)) - s1: start s1@group-4446C9F0D259-LeaderElection4
2023-01-22 10:25:54,134 [s2@group-4446C9F0D259-LeaderElection3-2] INFO  server.GrpcServerProtocolClient (GrpcServerProtocolClient.java:<init>(63)) - Build channel for s1
2023-01-22 10:25:54,134 [s2@group-4446C9F0D259-LeaderElection3] INFO  server.RaftServerConfigKeys (ConfUtils.java:logFallback(53)) - raft.server.rpc.first-election.timeout.min = 150ms (fallback to raft.server.rpc.timeout.min)
[...]
Caused by: org.apache.ratis.server.raftlog.RaftLogIOException: Log already failed at index 7 for task WriteLog:7: (t:2, i:7), STATEMACHINELOGENTRY, StateMachineLogEntryProto:380@client-57A28927E51B
	at org.apache.ratis.server.raftlog.segmented.SegmentedRaftLogWorker.run(SegmentedRaftLogWorker.java:320)
	... 1 more
Caused by: java.io.IOException: java.lang.IllegalStateException: Null stream: entry=term: 2
index: 7
stateMachineLogEntry {
  type: DATASTREAM
  clientId: "\035t7\270\021\260J\314\243\240W\242\211\'\345\033"
  callId: 380
}

	at org.apache.ratis.util.IOUtils.asIOException(IOUtils.java:56)
	at org.apache.ratis.util.IOUtils.toIOException(IOUtils.java:61)
	at org.apache.ratis.util.IOUtils.getFromFuture(IOUtils.java:85)
	at org.apache.ratis.server.raftlog.segmented.SegmentedRaftLogWorker$StateMachineDataPolicy.getFromFuture(SegmentedRaftLogWorker.java:88)
	at org.apache.ratis.server.raftlog.segmented.SegmentedRaftLogWorker$WriteLog.execute(SegmentedRaftLogWorker.java:540)
	at org.apache.ratis.server.raftlog.segmented.SegmentedRaftLogWorker.run(SegmentedRaftLogWorker.java:308)
	... 1 more
Caused by: java.lang.IllegalStateException: Null stream: entry=term: 2
index: 7
stateMachineLogEntry {
  type: DATASTREAM
  clientId: "\035t7\270\021\260J\314\243\240W\242\211\'\345\033"
  callId: 380
}

	at org.apache.ratis.datastream.DataStreamTestUtils$MultiDataStreamStateMachine.link(DataStreamTestUtils.java:159)
	at org.apache.ratis.server.raftlog.segmented.SegmentedRaftLogWorker$WriteLog.<init>(SegmentedRaftLogWorker.java:497)
	at org.apache.ratis.server.raftlog.segmented.SegmentedRaftLogWorker.writeLogEntry(SegmentedRaftLogWorker.java:443)
	at org.apache.ratis.server.raftlog.segmented.SegmentedRaftLog.appendEntryImpl(SegmentedRaftLog.java:409)
	at org.apache.ratis.server.raftlog.RaftLogBase.lambda$appendEntry$10(RaftLogBase.java:330)
	at org.apache.ratis.server.raftlog.RaftLogSequentialOps$Runner.runSequentially(RaftLogSequentialOps.java:78)
	at org.apache.ratis.server.raftlog.RaftLogBase.appendEntry(RaftLogBase.java:330)
	at org.apache.ratis.server.raftlog.segmented.SegmentedRaftLog.appendImpl(SegmentedRaftLog.java:456)
	at org.apache.ratis.server.raftlog.RaftLogBase.lambda$append$11(RaftLogBase.java:337)
	at org.apache.ratis.server.raftlog.RaftLogSequentialOps$Runner.runSequentially(RaftLogSequentialOps.java:69)
	at org.apache.ratis.server.raftlog.RaftLogBase.append(RaftLogBase.java:337)
	at org.apache.ratis.server.impl.RaftServerImpl.appendEntriesAsync(RaftServerImpl.java:1524)
	at org.apache.ratis.server.impl.RaftServerImpl.appendEntriesAsync(RaftServerImpl.java:1392)
	at org.apache.ratis.server.impl.RaftServerProxy.lambda$appendEntriesAsync$26(RaftServerProxy.java:634)
	at org.apache.ratis.util.JavaUtils.callAsUnchecked(JavaUtils.java:117)
	at org.apache.ratis.server.impl.RaftServerImpl.lambda$executeSubmitServerRequestAsync$11(RaftServerImpl.java:814)
	at java.base/java.util.concurrent.CompletableFuture$AsyncSupply.run(CompletableFuture.java:1700)
	at java.base/java.util.concurrent.ThreadPoolExecutor.runWorker(ThreadPoolExecutor.java:1128)
	at java.base/java.util.concurrent.ThreadPoolExecutor$Worker.run(ThreadPoolExecutor.java:628)
	... 1 more
2023-01-22 10:30:16,244 [grpc-default-executor-6] WARN  server.GrpcLogAppender (LogUtils.java:warn(124)) - s0@group-4446C9F0D259->s2-AppendLogResponseHandler: Failed appendEntries
org.apache.ratis.server.raftlog.RaftLogIOException: Log already failed at index 7 for task WriteLog:7: (t:2, i:7), STATEMACHINELOGENTRY, StateMachineLogEntryProto:380@client-57A28927E51B
	at org.apache.ratis.server.raftlog.segmented.SegmentedRaftLogWorker.run(SegmentedRaftLogWorker.java:320)
	at java.base/java.lang.Thread.run(Thread.java:829)
Caused by: java.io.IOException: java.lang.IllegalStateException: Null stream: entry=term: 2
index: 7
stateMachineLogEntry {
  type: DATASTREAM
  clientId: "\035t7\270\021\260J\314\243\240W\242\211\'\345\033"
  callId: 380
}

	at org.apache.ratis.util.IOUtils.asIOException(IOUtils.java:56)
	at org.apache.ratis.util.IOUtils.toIOException(IOUtils.java:61)
	at org.apache.ratis.util.IOUtils.getFromFuture(IOUtils.java:85)
	at org.apache.ratis.server.raftlog.segmented.SegmentedRaftLogWorker$StateMachineDataPolicy.getFromFuture(SegmentedRaftLogWorker.java:88)
	at org.apache.ratis.server.raftlog.segmented.SegmentedRaftLogWorker$WriteLog.execute(SegmentedRaftLogWorker.java:540)
	at org.apache.ratis.server.raftlog.segmented.SegmentedRaftLogWorker.run(SegmentedRaftLogWorker.java:308)
	... 1 more
Caused by: java.lang.IllegalStateException: Null stream: entry=term: 2
index: 7
stateMachineLogEntry {
  type: DATASTREAM
  clientId: "\035t7\270\021\260J\314\243\240W\242\211\'\345\033"
  callId: 380
}

	at org.apache.ratis.datastream.DataStreamTestUtils$MultiDataStreamStateMachine.link(DataStreamTestUtils.java:159)
	at org.apache.ratis.server.raftlog.segmented.SegmentedRaftLogWorker$WriteLog.<init>(SegmentedRaftLogWorker.java:497)
	at org.apache.ratis.server.raftlog.segmented.SegmentedRaftLogWorker.writeLogEntry(SegmentedRaftLogWorker.java:443)
	at org.apache.ratis.server.raftlog.segmented.SegmentedRaftLog.appendEntryImpl(SegmentedRaftLog.java:409)
	at org.apache.ratis.server.raftlog.RaftLogBase.lambda$appendEntry$10(RaftLogBase.java:330)
	at org.apache.ratis.server.raftlog.RaftLogSequentialOps$Runner.runSequentially(RaftLogSequentialOps.java:78)
	at org.apache.ratis.server.raftlog.RaftLogBase.appendEntry(RaftLogBase.java:330)
	at org.apache.ratis.server.raftlog.segmented.SegmentedRaftLog.appendImpl(SegmentedRaftLog.java:456)
	at org.apache.ratis.server.raftlog.RaftLogBase.lambda$append$11(RaftLogBase.java:337)
	at org.apache.ratis.server.raftlog.RaftLogSequentialOps$Runner.runSequentially(RaftLogSequentialOps.java:69)
	at org.apache.ratis.server.raftlog.RaftLogBase.append(RaftLogBase.java:337)
	at org.apache.ratis.server.impl.RaftServerImpl.appendEntriesAsync(RaftServerImpl.java:1524)
	at org.apache.ratis.server.impl.RaftServerImpl.appendEntriesAsync(RaftServerImpl.java:1392)
	at org.apache.ratis.server.impl.RaftServerProxy.lambda$appendEntriesAsync$26(RaftServerProxy.java:634)
	at org.apache.ratis.util.JavaUtils.callAsUnchecked(JavaUtils.java:117)
	at org.apache.ratis.server.impl.RaftServerImpl.lambda$executeSubmitServerRequestAsync$11(RaftServerImpl.java:814)
	at java.base/java.util.concurrent.CompletableFuture$AsyncSupply.run(CompletableFuture.java:1700)
	at java.base/java.util.concurrent.ThreadPoolExecutor.runWorker(ThreadPoolExecutor.java:1128)
	at java.base/java.util.concurrent.ThreadPoolExecutor$Worker.run(ThreadPoolExecutor.java:628)
	... 1 more
2023-01-22 10:30:16,245 [grpc-default-executor-6] INFO  leader.FollowerInfo (FollowerInfoImpl.java:lambda$new$0(52)) - s0@group-4446C9F0D259->s2: nextIndex: updateUnconditionally 22 -> 21
2023-01-22 10:30:16,246 [grpc-default-executor-6] WARN  server.GrpcLogAppender (LogUtils.java:warn(124)) - s0@group-4446C9F0D259->s1-AppendLogResponseHandler: Failed appendEntries
org.apache.ratis.server.raftlog.RaftLogIOException: Log already failed at index 7 for task WriteLog:7: (t:2, i:7), STATEMACHINELOGENTRY, StateMachineLogEntryProto:380@client-57A28927E51B
	at org.apache.ratis.server.raftlog.segmented.SegmentedRaftLogWorker.run(SegmentedRaftLogWorker.java:320)
	at java.base/java.lang.Thread.run(Thread.java:829)
Caused by: java.io.IOException: java.lang.IllegalStateException: Null stream: entry=term: 2
index: 7
stateMachineLogEntry {
  type: DATASTREAM
  clientId: "\035t7\270\021\260J\314\243\240W\242\211\'\345\033"
  callId: 380
}

	at org.apache.ratis.util.IOUtils.asIOException(IOUtils.java:56)
	at org.apache.ratis.util.IOUtils.toIOException(IOUtils.java:61)
	at org.apache.ratis.util.IOUtils.getFromFuture(IOUtils.java:85)
	at org.apache.ratis.server.raftlog.segmented.SegmentedRaftLogWorker$StateMachineDataPolicy.getFromFuture(SegmentedRaftLogWorker.java:88)
	at org.apache.ratis.server.raftlog.segmented.SegmentedRaftLogWorker$WriteLog.execute(SegmentedRaftLogWorker.java:540)
	at org.apache.ratis.server.raftlog.segmented.SegmentedRaftLogWorker.run(SegmentedRaftLogWorker.java:308)
	... 1 more
Caused by: java.lang.IllegalStateException: Null stream: entry=term: 2
index: 7
stateMachineLogEntry {
  type: DATASTREAM
  clientId: "\035t7\270\021\260J\314\243\240W\242\211\'\345\033"
  callId: 380
}

	at org.apache.ratis.datastream.DataStreamTestUtils$MultiDataStreamStateMachine.link(DataStreamTestUtils.java:159)
	at org.apache.ratis.server.raftlog.segmented.SegmentedRaftLogWorker$WriteLog.<init>(SegmentedRaftLogWorker.java:497)
	at org.apache.ratis.server.raftlog.segmented.SegmentedRaftLogWorker.writeLogEntry(SegmentedRaftLogWorker.java:443)
	at org.apache.ratis.server.raftlog.segmented.SegmentedRaftLog.appendEntryImpl(SegmentedRaftLog.java:409)
	at org.apache.ratis.server.raftlog.RaftLogBase.lambda$appendEntry$10(RaftLogBase.java:330)
	at org.apache.ratis.server.raftlog.RaftLogSequentialOps$Runner.runSequentially(RaftLogSequentialOps.java:78)
	at org.apache.ratis.server.raftlog.RaftLogBase.appendEntry(RaftLogBase.java:330)
	at org.apache.ratis.server.raftlog.segmented.SegmentedRaftLog.appendImpl(SegmentedRaftLog.java:456)
	at org.apache.ratis.server.raftlog.RaftLogBase.lambda$append$11(RaftLogBase.java:337)
	at org.apache.ratis.server.raftlog.RaftLogSequentialOps$Runner.runSequentially(RaftLogSequentialOps.java:69)
	at org.apache.ratis.server.raftlog.RaftLogBase.append(RaftLogBase.java:337)
	at org.apache.ratis.server.impl.RaftServerImpl.appendEntriesAsync(RaftServerImpl.java:1524)
	at org.apache.ratis.server.impl.RaftServerImpl.appendEntriesAsync(RaftServerImpl.java:1392)
	at org.apache.ratis.server.impl.RaftServerProxy.lambda$appendEntriesAsync$26(RaftServerProxy.java:634)
	at org.apache.ratis.util.JavaUtils.callAsUnchecked(JavaUtils.java:117)
	at org.apache.ratis.server.impl.RaftServerImpl.lambda$executeSubmitServerRequestAsync$11(RaftServerImpl.java:814)
	at java.base/java.util.concurrent.CompletableFuture$AsyncSupply.run(CompletableFuture.java:1700)
	at java.base/java.util.concurrent.ThreadPoolExecutor.runWorker(ThreadPoolExecutor.java:1128)
	at java.base/java.util.concurrent.ThreadPoolExecutor$Worker.run(ThreadPoolExecutor.java:628)
	... 1 more
2023-01-22 10:30:16,246 [grpc-default-executor-6] INFO  leader.FollowerInfo (FollowerInfoImpl.java:lambda$new$0(52)) - s0@group-4446C9F0D259->s1: nextIndex: updateUnconditionally 22 -> 21
2023-01-22 10:30:22,233 [timer5] WARN  grpc.GrpcUtil (GrpcUtil.java:shutdownManagedChannel(223)) - Timed out gracefully shutting down connection: ManagedChannelOrphanWrapper{delegate=ManagedChannelImpl{logId=1989, target=localhost:42097}}. 
2023-01-22 10:30:22,338 [timer0] WARN  grpc.GrpcUtil (GrpcUtil.java:shutdownManagedChannel(223)) - Timed out gracefully shutting down connection: ManagedChannelOrphanWrapper{delegate=ManagedChannelImpl{logId=2017, target=localhost:42097}}. 
2023-01-22 10:30:23,997 [Timer-2] INFO  impl.MiniRaftCluster (MiniRaftCluster.java:lambda$start$6(349)) - TIMED-PRINT: printing ALL groups
  s0:  RUNNING    LEADER s0@group-4446C9F0D259:t2, leader=s0, voted=s0, raftlog=Memoized:s0@group-4446C9F0D259-SegmentedRaftLog:OPENED:c6, conf=5: peers:[s0|rpc:localhost:42029|admin:localhost:38755|client:localhost:42097|dataStream:localhost:46279|priority:0|startupRole:FOLLOWER, s1|rpc:localhost:35183|admin:localhost:46179|client:localhost:36677|dataStream:localhost:46499|priority:0|startupRole:FOLLOWER, s2|rpc:localhost:36837|admin:localhost:37461|client:localhost:38577|dataStream:localhost:32781|priority:0|startupRole:FOLLOWER]|listeners:[], old=null RUNNING
  s1:  RUNNING  FOLLOWER s1@group-4446C9F0D259:t2, leader=s0, voted=s1, raftlog=Memoized:s1@group-4446C9F0D259-SegmentedRaftLog:OPENED:c6, conf=5: peers:[s0|rpc:localhost:42029|admin:localhost:38755|client:localhost:42097|dataStream:localhost:46279|priority:0|startupRole:FOLLOWER, s1|rpc:localhost:35183|admin:localhost:46179|client:localhost:36677|dataStream:localhost:46499|priority:0|startupRole:FOLLOWER, s2|rpc:localhost:36837|admin:localhost:37461|client:localhost:38577|dataStream:localhost:32781|priority:0|startupRole:FOLLOWER]|listeners:[], old=null RUNNING
  s2:  RUNNING  FOLLOWER s2@group-4446C9F0D259:t2, leader=s0, voted=s0, raftlog=Memoized:s2@group-4446C9F0D259-SegmentedRaftLog:OPENED:c6, conf=5: peers:[s0|rpc:localhost:42029|admin:localhost:38755|client:localhost:42097|dataStream:localhost:46279|priority:0|startupRole:FOLLOWER, s1|rpc:localhost:35183|admin:localhost:46179|client:localhost:36677|dataStream:localhost:46499|priority:0|startupRole:FOLLOWER, s2|rpc:localhost:36837|admin:localhost:37461|client:localhost:38577|dataStream:localhost:32781|priority:0|startupRole:FOLLOWER]|listeners:[], old=null RUNNING
2023-01-22 10:30:25,236 [timer5] WARN  grpc.GrpcUtil (GrpcUtil.java:shutdownManagedChannel(223)) - Timed out gracefully shutting down connection: ManagedChannelOrphanWrapper{delegate=ManagedChannelImpl{logId=2003, target=localhost:42097}}. 
2023-01-22 10:30:28,350 [timer5] WARN  grpc.GrpcUtil (GrpcUtil.java:shutdownManagedChannel(223)) - Timed out gracefully shutting down connection: ManagedChannelOrphanWrapper{delegate=ManagedChannelImpl{logId=2031, target=localhost:42097}}. 
2023-01-22 10:30:28,449 [timer1] WARN  grpc.GrpcUtil (GrpcUtil.java:shutdownManagedChannel(223)) - Timed out gracefully shutting down connection: ManagedChannelOrphanWrapper{delegate=ManagedChannelImpl{logId=2045, target=localhost:42097}}. 
2023-01-22 10:30:31,344 [timer6] WARN  grpc.GrpcUtil (GrpcUtil.java:shutdownManagedChannel(223)) - Timed out gracefully shutting down connection: ManagedChannelOrphanWrapper{delegate=ManagedChannelImpl{logId=2059, target=localhost:42097}}. 
2023-01-22 10:30:33,998 [Timer-2] INFO  impl.MiniRaftCluster (MiniRaftCluster.java:lambda$start$6(349)) - TIMED-PRINT: printing ALL groups
  s0:  RUNNING    LEADER s0@group-4446C9F0D259:t2, leader=s0, voted=s0, raftlog=Memoized:s0@group-4446C9F0D259-SegmentedRaftLog:OPENED:c6, conf=5: peers:[s0|rpc:localhost:42029|admin:localhost:38755|client:localhost:42097|dataStream:localhost:46279|priority:0|startupRole:FOLLOWER, s1|rpc:localhost:35183|admin:localhost:46179|client:localhost:36677|dataStream:localhost:46499|priority:0|startupRole:FOLLOWER, s2|rpc:localhost:36837|admin:localhost:37461|client:localhost:38577|dataStream:localhost:32781|priority:0|startupRole:FOLLOWER]|listeners:[], old=null RUNNING
  s1:  RUNNING  FOLLOWER s1@group-4446C9F0D259:t2, leader=s0, voted=s1, raftlog=Memoized:s1@group-4446C9F0D259-SegmentedRaftLog:OPENED:c6, conf=5: peers:[s0|rpc:localhost:42029|admin:localhost:38755|client:localhost:42097|dataStream:localhost:46279|priority:0|startupRole:FOLLOWER, s1|rpc:localhost:35183|admin:localhost:46179|client:localhost:36677|dataStream:localhost:46499|priority:0|startupRole:FOLLOWER, s2|rpc:localhost:36837|admin:localhost:37461|client:localhost:38577|dataStream:localhost:32781|priority:0|startupRole:FOLLOWER]|listeners:[], old=null RUNNING
  s2:  RUNNING  FOLLOWER s2@group-4446C9F0D259:t2, leader=s0, voted=s0, raftlog=Memoized:s2@group-4446C9F0D259-SegmentedRaftLog:OPENED:c6, conf=5: peers:[s0|rpc:localhost:42029|admin:localhost:38755|client:localhost:42097|dataStream:localhost:46279|priority:0|startupRole:FOLLOWER, s1|rpc:localhost:35183|admin:localhost:46179|client:localhost:36677|dataStream:localhost:46499|priority:0|startupRole:FOLLOWER, s2|rpc:localhost:36837|admin:localhost:37461|client:localhost:38577|dataStream:localhost:32781|priority:0|startupRole:FOLLOWER]|listeners:[], old=null RUNNING
2023-01-22 10:30:34,461 [timer6] WARN  grpc.GrpcUtil (GrpcUtil.java:shutdownManagedChannel(223)) - Timed out gracefully shutting down connection: ManagedChannelOrphanWrapper{delegate=ManagedChannelImpl{logId=2073, target=localhost:42097}}. 
2023-01-22 10:30:37,453 [timer5] WARN  grpc.GrpcUtil (GrpcUtil.java:shutdownManagedChannel(223)) - Timed out gracefully shutting down connection: ManagedChannelOrphanWrapper{delegate=ManagedChannelImpl{logId=2101, target=localhost:42097}}. 
2023-01-22 10:30:37,462 [timer6] WARN  grpc.GrpcUtil (GrpcUtil.java:shutdownManagedChannel(223)) - Timed out gracefully shutting down connection: ManagedChannelOrphanWrapper{delegate=ManagedChannelImpl{logId=2087, target=localhost:42097}}. 
2023-01-22 10:30:40,571 [timer5] WARN  grpc.GrpcUtil (GrpcUtil.java:shutdownManagedChannel(223)) - Timed out gracefully shutting down connection: ManagedChannelOrphanWrapper{delegate=ManagedChannelImpl{logId=2115, target=localhost:42097}}. 
2023-01-22 10:30:43,564 [timer4] WARN  grpc.GrpcUtil (GrpcUtil.java:shutdownManagedChannel(223)) - Timed out gracefully shutting down connection: ManagedChannelOrphanWrapper{delegate=ManagedChannelImpl{logId=2129, target=localhost:42097}}. 
2023-01-22 10:30:43,998 [Timer-2] INFO  impl.MiniRaftCluster (MiniRaftCluster.java:lambda$start$6(349)) - TIMED-PRINT: printing ALL groups
  s0:  RUNNING    LEADER s0@group-4446C9F0D259:t2, leader=s0, voted=s0, raftlog=Memoized:s0@group-4446C9F0D259-SegmentedRaftLog:OPENED:c6, conf=5: peers:[s0|rpc:localhost:42029|admin:localhost:38755|client:localhost:42097|dataStream:localhost:46279|priority:0|startupRole:FOLLOWER, s1|rpc:localhost:35183|admin:localhost:46179|client:localhost:36677|dataStream:localhost:46499|priority:0|startupRole:FOLLOWER, s2|rpc:localhost:36837|admin:localhost:37461|client:localhost:38577|dataStream:localhost:32781|priority:0|startupRole:FOLLOWER]|listeners:[], old=null RUNNING
  s1:  RUNNING  FOLLOWER s1@group-4446C9F0D259:t2, leader=s0, voted=s1, raftlog=Memoized:s1@group-4446C9F0D259-SegmentedRaftLog:OPENED:c6, conf=5: peers:[s0|rpc:localhost:42029|admin:localhost:38755|client:localhost:42097|dataStream:localhost:46279|priority:0|startupRole:FOLLOWER, s1|rpc:localhost:35183|admin:localhost:46179|client:localhost:36677|dataStream:localhost:46499|priority:0|startupRole:FOLLOWER, s2|rpc:localhost:36837|admin:localhost:37461|client:localhost:38577|dataStream:localhost:32781|priority:0|startupRole:FOLLOWER]|listeners:[], old=null RUNNING
  s2:  RUNNING  FOLLOWER s2@group-4446C9F0D259:t2, leader=s0, voted=s0, raftlog=Memoized:s2@group-4446C9F0D259-SegmentedRaftLog:OPENED:c6, conf=5: peers:[s0|rpc:localhost:42029|admin:localhost:38755|client:localhost:42097|dataStream:localhost:46279|priority:0|startupRole:FOLLOWER, s1|rpc:localhost:35183|admin:localhost:46179|client:localhost:36677|dataStream:localhost:46499|priority:0|startupRole:FOLLOWER, s2|rpc:localhost:36837|admin:localhost:37461|client:localhost:38577|dataStream:localhost:32781|priority:0|startupRole:FOLLOWER]|listeners:[], old=null RUNNING
2023-01-22 10:30:46,565 [timer4] WARN  grpc.GrpcUtil (GrpcUtil.java:shutdownManagedChannel(223)) - Timed out gracefully shutting down connection: ManagedChannelOrphanWrapper{delegate=ManagedChannelImpl{logId=2143, target=localhost:42097}}. 
2023-01-22 10:30:46,678 [timer6] WARN  grpc.GrpcUtil (GrpcUtil.java:shutdownManagedChannel(223)) - Timed out gracefully shutting down connection: ManagedChannelOrphanWrapper{delegate=ManagedChannelImpl{logId=2157, target=localhost:42097}}. 
2023-01-22 10:30:49,672 [timer4] WARN  grpc.GrpcUtil (GrpcUtil.java:shutdownManagedChannel(223)) - Timed out gracefully shutting down connection: ManagedChannelOrphanWrapper{delegate=ManagedChannelImpl{logId=2171, target=localhost:42097}}. 
2023-01-22 10:30:52,675 [timer1] WARN  grpc.GrpcUtil (GrpcUtil.java:shutdownManagedChannel(223)) - Timed out gracefully shutting down connection: ManagedChannelOrphanWrapper{delegate=ManagedChannelImpl{logId=2185, target=localhost:42097}}. 
2023-01-22 10:30:52,787 [timer6] WARN  grpc.GrpcUtil (GrpcUtil.java:shutdownManagedChannel(223)) - Timed out gracefully shutting down connection: ManagedChannelOrphanWrapper{delegate=ManagedChannelImpl{logId=2199, target=localhost:42097}}. 
]]></system-out>
  </testcase>
  <testcase name="testStreamWrites" classname="org.apache.ratis.datastream.TestNettyDataStreamStarTopologyWithGrpcCluster" time="3.936"/>
</testsuite>