<?xml version="1.0" encoding="UTF-8"?>
<testsuite xmlns:xsi="http://www.w3.org/2001/XMLSchema-instance" xsi:noNamespaceSchemaLocation="https://maven.apache.org/surefire/maven-surefire-plugin/xsd/surefire-test-report-3.0.xsd" version="3.0" name="org.apache.ratis.server.simulation.TestRaftStateMachineExceptionWithSimulatedRpc" time="12.07" tests="3" errors="0" skipped="0" failures="1">
  <properties>
[...]
</properties>
  <testcase name="testRetryOnStateMachineException" classname="org.apache.ratis.server.simulation.TestRaftStateMachineExceptionWithSimulatedRpc" time="8.717">
    <failure type="java.lang.AssertionError"><![CDATA[java.lang.AssertionError
	at org.junit.Assert.fail(Assert.java:87)
	at org.junit.Assert.assertTrue(Assert.java:42)
	at org.junit.Assert.assertNotNull(Assert.java:713)
	at org.junit.Assert.assertNotNull(Assert.java:723)
	at org.apache.ratis.server.impl.RaftStateMachineExceptionTests.lambda$runTestRetryOnStateMachineException$0(RaftStateMachineExceptionTests.java:133)
	at org.apache.ratis.util.JavaUtils.lambda$attempt$7(JavaUtils.java:212)
	at org.apache.ratis.util.JavaUtils.attempt(JavaUtils.java:225)
	at org.apache.ratis.util.JavaUtils.attempt(JavaUtils.java:212)
	at org.apache.ratis.util.JavaUtils.attemptRepeatedly(JavaUtils.java:204)
	at org.apache.ratis.server.impl.RaftStateMachineExceptionTests.runTestRetryOnStateMachineException(RaftStateMachineExceptionTests.java:132)
	at org.apache.ratis.server.impl.MiniRaftCluster$Factory$Get.runWithNewCluster(MiniRaftCluster.java:140)
	at org.apache.ratis.server.impl.MiniRaftCluster$Factory$Get.runWithNewCluster(MiniRaftCluster.java:120)
	at org.apache.ratis.server.impl.RaftStateMachineExceptionTests.testRetryOnStateMachineException(RaftStateMachineExceptionTests.java:102)
	at sun.reflect.NativeMethodAccessorImpl.invoke0(Native Method)
	at sun.reflect.NativeMethodAccessorImpl.invoke(NativeMethodAccessorImpl.java:62)
	at sun.reflect.DelegatingMethodAccessorImpl.invoke(DelegatingMethodAccessorImpl.java:43)
	at java.lang.reflect.Method.invoke(Method.java:498)
	at org.junit.runners.model.FrameworkMethod$1.runReflectiveCall(FrameworkMethod.java:59)
	at org.junit.internal.runners.model.ReflectiveCallable.run(ReflectiveCallable.java:12)
	at org.junit.runners.model.FrameworkMethod.invokeExplosively(FrameworkMethod.java:56)
	at org.junit.internal.runners.statements.InvokeMethod.evaluate(InvokeMethod.java:17)
	at org.junit.internal.runners.statements.RunAfters.evaluate(RunAfters.java:27)
	at org.junit.internal.runners.statements.FailOnTimeout$CallableStatement.call(FailOnTimeout.java:299)
	at org.junit.internal.runners.statements.FailOnTimeout$CallableStatement.call(FailOnTimeout.java:293)
	at java.util.concurrent.FutureTask.run(FutureTask.java:266)
	at java.lang.Thread.run(Thread.java:750)
]]></failure>
    <system-out><![CDATA[2024-01-18 08:28:16,495 [main] INFO  util.LogUtils (Slf4jUtils.java:setLogLevel(38)) - Successfully set org.apache.ratis.conf.ConfUtils log level to WARN
2024-01-18 08:28:16,500 [main] INFO  util.LogUtils (Slf4jUtils.java:setLogLevel(38)) - Successfully set org.apache.ratis.util.FileUtils log level to TRACE
2024-01-18 08:28:16,504 [main] INFO  util.LogUtils (Slf4jUtils.java:setLogLevel(38)) - Successfully set org.apache.ratis.server.RaftServer$Division log level to DEBUG
2024-01-18 08:28:16,506 [main] INFO  util.LogUtils (Slf4jUtils.java:setLogLevel(38)) - Successfully set org.apache.ratis.server.raftlog.RaftLog log level to DEBUG
2024-01-18 08:28:16,506 [main] INFO  util.LogUtils (Slf4jUtils.java:setLogLevel(38)) - Successfully set org.apache.ratis.client.RaftClient log level to DEBUG
2024-01-18 08:28:16,530 [Time-limited test] INFO  impl.MiniRaftCluster (MiniRaftCluster.java:runWithNewCluster(134)) - Running runWithNewCluster
2024-01-18 08:28:16,545 [Time-limited test] INFO  simulation.MiniRaftClusterWithSimulatedRpc (ConfUtils.java:logGet(46)) - org.apache.ratis.server.simulation.SimulatedRequestReply.simulateLatencyMs = 0 (custom)
2024-01-18 08:28:16,680 [Time-limited test] INFO  impl.MiniRaftCluster (MiniRaftCluster.java:<init>(305)) - new MiniRaftClusterWithSimulatedRpc with group-8B7AE04D6EFA:[s0|localhost:15000, s1|localhost:15004, s2|localhost:15008]
2024-01-18 08:28:16,680 [Time-limited test] INFO  impl.MiniRaftCluster (MiniRaftCluster.java:start(338)) - .............................................................. 
2024-01-18 08:28:16,680 [Time-limited test] INFO  impl.MiniRaftCluster (MiniRaftCluster.java:start(339)) - ... 
2024-01-18 08:28:16,680 [Time-limited test] INFO  impl.MiniRaftCluster (MiniRaftCluster.java:start(340)) - ...     Starting MiniRaftClusterWithSimulatedRpc
2024-01-18 08:28:16,680 [Time-limited test] INFO  impl.MiniRaftCluster (MiniRaftCluster.java:start(341)) - ... 
2024-01-18 08:28:16,681 [Time-limited test] INFO  impl.MiniRaftCluster (MiniRaftCluster.java:start(342)) - .............................................................. 
2024-01-18 08:28:16,681 [Time-limited test] INFO  impl.MiniRaftCluster (MiniRaftCluster.java:initServers(317)) - servers = {}
2024-01-18 08:28:16,692 [Time-limited test] INFO  impl.MiniRaftCluster (MiniRaftCluster.java:newRaftServer(381)) - newRaftServer: s0, group-8B7AE04D6EFA:[s0|localhost:15000, s1|localhost:15004, s2|localhost:15008], format? true
2024-01-18 08:28:16,693 [Time-limited test] TRACE util.FileUtils (FileUtils.java:deleteFully(305)) - deleteFully target/test/data/55ba147b/MiniRaftClusterWithSimulatedRpc9f02a5b1/s0
2024-01-18 08:28:16,695 [Time-limited test] TRACE util.FileUtils (FileUtils.java:deleteFully(318)) - deleteFully: target/test/data/55ba147b/MiniRaftClusterWithSimulatedRpc9f02a5b1/s0 does not exist.
2024-01-18 08:28:16,695 [Time-limited test] INFO  impl.MiniRaftCluster (MiniRaftCluster.java:newRaftServer(386)) - Formatted directory target/test/data/55ba147b/MiniRaftClusterWithSimulatedRpc9f02a5b1/s0
2024-01-18 08:28:16,715 [Time-limited test] INFO  server.RaftServer (ConfUtils.java:logGet(46)) - raft.rpc.type = org.apache.ratis.server.simulation.SimulatedRpc (custom)
2024-01-18 08:28:16,726 [Time-limited test] INFO  impl.DataStreamServerImpl (ConfUtils.java:logGet(46)) - raft.datastream.type = DISABLED (default)
2024-01-18 08:28:16,732 [Time-limited test] INFO  server.RaftServerConfigKeys (ConfUtils.java:logGet(46)) - raft.server.sleep.deviation.threshold = 300ms (default)
2024-01-18 08:28:16,733 [Time-limited test] INFO  server.RaftServerConfigKeys (ConfUtils.java:logGet(46)) - raft.server.close.threshold = 60s (default)
2024-01-18 08:28:16,734 [Time-limited test] INFO  server.RaftServerConfigKeys (ConfUtils.java:logGet(46)) - raft.server.leaderelection.leader.step-down.wait-time = 10s (default)
2024-01-18 08:28:16,767 [Time-limited test] INFO  server.RaftServerConfigKeys (ConfUtils.java:logGet(46)) - raft.server.storage.dir = [/home/runner/work/ratis/ratis/ratis-test/target/test/data/55ba147b/MiniRaftClusterWithSimulatedRpc9f02a5b1/s0] (custom)
2024-01-18 08:28:16,769 [Time-limited test] INFO  server.RaftServerConfigKeys (ConfUtils.java:logGet(46)) - raft.server.threadpool.proxy.cached = true (default)
2024-01-18 08:28:16,770 [Time-limited test] INFO  server.RaftServerConfigKeys (ConfUtils.java:logGet(46)) - raft.server.threadpool.proxy.size = 0 (default)
2024-01-18 08:28:16,791 [Time-limited test] INFO  server.RaftServer (RaftServerProxy.java:addNew(101)) - s0: addNew group-8B7AE04D6EFA:[s0|localhost:15000, s1|localhost:15004, s2|localhost:15008] returns group-8B7AE04D6EFA:java.util.concurrent.CompletableFuture@1a8ce455[Not completed]
2024-01-18 08:28:16,791 [Time-limited test] INFO  impl.MiniRaftCluster (MiniRaftCluster.java:newRaftServer(381)) - newRaftServer: s1, group-8B7AE04D6EFA:[s0|localhost:15000, s1|localhost:15004, s2|localhost:15008], format? true
2024-01-18 08:28:16,791 [Time-limited test] TRACE util.FileUtils (FileUtils.java:deleteFully(305)) - deleteFully target/test/data/55ba147b/MiniRaftClusterWithSimulatedRpc9f02a5b1/s1
2024-01-18 08:28:16,792 [Time-limited test] TRACE util.FileUtils (FileUtils.java:deleteFully(318)) - deleteFully: target/test/data/55ba147b/MiniRaftClusterWithSimulatedRpc9f02a5b1/s1 does not exist.
2024-01-18 08:28:16,792 [Time-limited test] INFO  impl.MiniRaftCluster (MiniRaftCluster.java:newRaftServer(386)) - Formatted directory target/test/data/55ba147b/MiniRaftClusterWithSimulatedRpc9f02a5b1/s1
2024-01-18 08:28:16,792 [Time-limited test] INFO  server.RaftServer (ConfUtils.java:logGet(46)) - raft.rpc.type = org.apache.ratis.server.simulation.SimulatedRpc (custom)
2024-01-18 08:28:16,794 [Time-limited test] INFO  impl.DataStreamServerImpl (ConfUtils.java:logGet(46)) - raft.datastream.type = DISABLED (default)
2024-01-18 08:28:16,795 [Time-limited test] INFO  server.RaftServerConfigKeys (ConfUtils.java:logGet(46)) - raft.server.sleep.deviation.threshold = 300ms (default)
2024-01-18 08:28:16,795 [Time-limited test] INFO  server.RaftServerConfigKeys (ConfUtils.java:logGet(46)) - raft.server.close.threshold = 60s (default)
2024-01-18 08:28:16,796 [Time-limited test] INFO  server.RaftServerConfigKeys (ConfUtils.java:logGet(46)) - raft.server.leaderelection.leader.step-down.wait-time = 10s (default)
2024-01-18 08:28:16,797 [Time-limited test] INFO  server.RaftServerConfigKeys (ConfUtils.java:logGet(46)) - raft.server.storage.dir = [/home/runner/work/ratis/ratis/ratis-test/target/test/data/55ba147b/MiniRaftClusterWithSimulatedRpc9f02a5b1/s1] (custom)
2024-01-18 08:28:16,797 [Time-limited test] INFO  server.RaftServerConfigKeys (ConfUtils.java:logGet(46)) - raft.server.threadpool.proxy.cached = true (default)
2024-01-18 08:28:16,797 [Time-limited test] INFO  server.RaftServerConfigKeys (ConfUtils.java:logGet(46)) - raft.server.threadpool.proxy.size = 0 (default)
2024-01-18 08:28:16,800 [Time-limited test] INFO  server.RaftServer (RaftServerProxy.java:addNew(101)) - s1: addNew group-8B7AE04D6EFA:[s0|localhost:15000, s1|localhost:15004, s2|localhost:15008] returns group-8B7AE04D6EFA:java.util.concurrent.CompletableFuture@722f3f7d[Not completed]
2024-01-18 08:28:16,800 [Time-limited test] INFO  impl.MiniRaftCluster (MiniRaftCluster.java:newRaftServer(381)) - newRaftServer: s2, group-8B7AE04D6EFA:[s0|localhost:15000, s1|localhost:15004, s2|localhost:15008], format? true
2024-01-18 08:28:16,801 [Time-limited test] TRACE util.FileUtils (FileUtils.java:deleteFully(305)) - deleteFully target/test/data/55ba147b/MiniRaftClusterWithSimulatedRpc9f02a5b1/s2
2024-01-18 08:28:16,801 [Time-limited test] TRACE util.FileUtils (FileUtils.java:deleteFully(318)) - deleteFully: target/test/data/55ba147b/MiniRaftClusterWithSimulatedRpc9f02a5b1/s2 does not exist.
2024-01-18 08:28:16,801 [Time-limited test] INFO  impl.MiniRaftCluster (MiniRaftCluster.java:newRaftServer(386)) - Formatted directory target/test/data/55ba147b/MiniRaftClusterWithSimulatedRpc9f02a5b1/s2
2024-01-18 08:28:16,801 [Time-limited test] INFO  server.RaftServer (ConfUtils.java:logGet(46)) - raft.rpc.type = org.apache.ratis.server.simulation.SimulatedRpc (custom)
2024-01-18 08:28:16,802 [Time-limited test] INFO  impl.DataStreamServerImpl (ConfUtils.java:logGet(46)) - raft.datastream.type = DISABLED (default)
2024-01-18 08:28:16,802 [Time-limited test] INFO  server.RaftServerConfigKeys (ConfUtils.java:logGet(46)) - raft.server.sleep.deviation.threshold = 300ms (default)
2024-01-18 08:28:16,802 [Time-limited test] INFO  server.RaftServerConfigKeys (ConfUtils.java:logGet(46)) - raft.server.close.threshold = 60s (default)
2024-01-18 08:28:16,802 [Time-limited test] INFO  server.RaftServerConfigKeys (ConfUtils.java:logGet(46)) - raft.server.leaderelection.leader.step-down.wait-time = 10s (default)
2024-01-18 08:28:16,803 [Time-limited test] INFO  server.RaftServerConfigKeys (ConfUtils.java:logGet(46)) - raft.server.storage.dir = [/home/runner/work/ratis/ratis/ratis-test/target/test/data/55ba147b/MiniRaftClusterWithSimulatedRpc9f02a5b1/s2] (custom)
2024-01-18 08:28:16,803 [Time-limited test] INFO  server.RaftServerConfigKeys (ConfUtils.java:logGet(46)) - raft.server.threadpool.proxy.cached = true (default)
2024-01-18 08:28:16,803 [Time-limited test] INFO  server.RaftServerConfigKeys (ConfUtils.java:logGet(46)) - raft.server.threadpool.proxy.size = 0 (default)
2024-01-18 08:28:16,808 [s0-groupManagement] INFO  server.RaftServerConfigKeys (ConfUtils.java:logGet(46)) - raft.server.log.segment.size.max = 32MB (=33554432) (default)
2024-01-18 08:28:16,808 [Time-limited test] INFO  server.RaftServer (RaftServerProxy.java:addNew(101)) - s2: addNew group-8B7AE04D6EFA:[s0|localhost:15000, s1|localhost:15004, s2|localhost:15008] returns group-8B7AE04D6EFA:java.util.concurrent.CompletableFuture@7cd142a[Not completed]
2024-01-18 08:28:16,809 [s0-groupManagement] INFO  server.RaftServerConfigKeys (ConfUtils.java:logGet(46)) - raft.server.log.preallocated.size = 4MB (=4194304) (default)
2024-01-18 08:28:16,810 [s0-groupManagement] INFO  server.RaftServerConfigKeys (ConfUtils.java:logGet(46)) - raft.server.log.write.buffer.size = 8MB (=8388608) (default)
2024-01-18 08:28:16,812 [s2-groupManagement] INFO  server.RaftServerConfigKeys (ConfUtils.java:logGet(46)) - raft.server.log.segment.size.max = 32MB (=33554432) (default)
2024-01-18 08:28:16,812 [s2-groupManagement] INFO  server.RaftServerConfigKeys (ConfUtils.java:logGet(46)) - raft.server.log.preallocated.size = 4MB (=4194304) (default)
2024-01-18 08:28:16,812 [s2-groupManagement] INFO  server.RaftServerConfigKeys (ConfUtils.java:logGet(46)) - raft.server.log.write.buffer.size = 8MB (=8388608) (default)
2024-01-18 08:28:16,814 [s1-groupManagement] INFO  server.RaftServerConfigKeys (ConfUtils.java:logGet(46)) - raft.server.log.segment.size.max = 32MB (=33554432) (default)
2024-01-18 08:28:16,815 [s1-groupManagement] INFO  server.RaftServerConfigKeys (ConfUtils.java:logGet(46)) - raft.server.log.preallocated.size = 4MB (=4194304) (default)
2024-01-18 08:28:16,815 [s1-groupManagement] INFO  server.RaftServerConfigKeys (ConfUtils.java:logGet(46)) - raft.server.log.write.buffer.size = 8MB (=8388608) (default)
2024-01-18 08:28:16,816 [s2-groupManagement] INFO  server.RaftServer$Division (RaftServerImpl.java:<init>(211)) - s2: new RaftServerImpl for group-8B7AE04D6EFA:[s0|localhost:15000, s1|localhost:15004, s2|localhost:15008] with StateMachineWithException:uninitialized
2024-01-18 08:28:16,817 [s0-groupManagement] INFO  server.RaftServer$Division (RaftServerImpl.java:<init>(211)) - s0: new RaftServerImpl for group-8B7AE04D6EFA:[s0|localhost:15000, s1|localhost:15004, s2|localhost:15008] with StateMachineWithException:uninitialized
2024-01-18 08:28:16,818 [s0-groupManagement] INFO  server.RaftServerConfigKeys (ConfUtils.java:logGet(46)) - raft.server.rpc.timeout.min = 150ms (default)
2024-01-18 08:28:16,819 [s0-groupManagement] INFO  server.RaftServerConfigKeys (ConfUtils.java:logGet(46)) - raft.server.rpc.timeout.max = 300ms (default)
2024-01-18 08:28:16,819 [s0-groupManagement] INFO  server.RaftServerConfigKeys (ConfUtils.java:logGet(46)) - raft.server.rpc.sleep.time = 25ms (default)
2024-01-18 08:28:16,819 [s0-groupManagement] INFO  server.RaftServerConfigKeys (ConfUtils.java:logGet(46)) - raft.server.rpc.slowness.timeout = 60s (default)
2024-01-18 08:28:16,819 [s0-groupManagement] INFO  server.RaftServerConfigKeys (ConfUtils.java:logGet(46)) - raft.server.leaderelection.leader.step-down.wait-time = 10s (default)
2024-01-18 08:28:16,820 [s0-groupManagement] INFO  server.RaftServerConfigKeys (ConfUtils.java:logGet(46)) - raft.server.leaderelection.member.majority-add = false (default)
2024-01-18 08:28:16,820 [s0-groupManagement] INFO  server.RaftServerConfigKeys (ConfUtils.java:logGet(46)) - raft.server.sleep.deviation.threshold = 300ms (default)
2024-01-18 08:28:16,818 [s1-groupManagement] INFO  server.RaftServer$Division (RaftServerImpl.java:<init>(211)) - s1: new RaftServerImpl for group-8B7AE04D6EFA:[s0|localhost:15000, s1|localhost:15004, s2|localhost:15008] with StateMachineWithException:uninitialized
2024-01-18 08:28:16,822 [s1-groupManagement] INFO  server.RaftServerConfigKeys (ConfUtils.java:logGet(46)) - raft.server.rpc.timeout.min = 150ms (default)
2024-01-18 08:28:16,823 [s1-groupManagement] INFO  server.RaftServerConfigKeys (ConfUtils.java:logGet(46)) - raft.server.rpc.timeout.max = 300ms (default)
2024-01-18 08:28:16,823 [s1-groupManagement] INFO  server.RaftServerConfigKeys (ConfUtils.java:logGet(46)) - raft.server.rpc.sleep.time = 25ms (default)
2024-01-18 08:28:16,823 [s1-groupManagement] INFO  server.RaftServerConfigKeys (ConfUtils.java:logGet(46)) - raft.server.rpc.slowness.timeout = 60s (default)
2024-01-18 08:28:16,823 [s1-groupManagement] INFO  server.RaftServerConfigKeys (ConfUtils.java:logGet(46)) - raft.server.leaderelection.leader.step-down.wait-time = 10s (default)
2024-01-18 08:28:16,823 [s1-groupManagement] INFO  server.RaftServerConfigKeys (ConfUtils.java:logGet(46)) - raft.server.leaderelection.member.majority-add = false (default)
2024-01-18 08:28:16,823 [s1-groupManagement] INFO  server.RaftServerConfigKeys (ConfUtils.java:logGet(46)) - raft.server.sleep.deviation.threshold = 300ms (default)
2024-01-18 08:28:16,818 [s2-groupManagement] INFO  server.RaftServerConfigKeys (ConfUtils.java:logGet(46)) - raft.server.rpc.timeout.min = 150ms (default)
2024-01-18 08:28:16,827 [s2-groupManagement] INFO  server.RaftServerConfigKeys (ConfUtils.java:logGet(46)) - raft.server.rpc.timeout.max = 300ms (default)
2024-01-18 08:28:16,827 [s2-groupManagement] INFO  server.RaftServerConfigKeys (ConfUtils.java:logGet(46)) - raft.server.rpc.sleep.time = 25ms (default)
2024-01-18 08:28:16,828 [s2-groupManagement] INFO  server.RaftServerConfigKeys (ConfUtils.java:logGet(46)) - raft.server.rpc.slowness.timeout = 60s (default)
2024-01-18 08:28:16,828 [s2-groupManagement] INFO  server.RaftServerConfigKeys (ConfUtils.java:logGet(46)) - raft.server.leaderelection.leader.step-down.wait-time = 10s (default)
2024-01-18 08:28:16,828 [s2-groupManagement] INFO  server.RaftServerConfigKeys (ConfUtils.java:logGet(46)) - raft.server.leaderelection.member.majority-add = false (default)
2024-01-18 08:28:16,828 [s2-groupManagement] INFO  server.RaftServerConfigKeys (ConfUtils.java:logGet(46)) - raft.server.sleep.deviation.threshold = 300ms (default)
2024-01-18 08:28:16,830 [s0-groupManagement] INFO  server.RaftServer$Division (ServerState.java:<init>(113)) - s0@group-8B7AE04D6EFA: ConfigurationManager, init=-1: peers:[s0|localhost:15000, s1|localhost:15004, s2|localhost:15008]|listeners:[], old=null, confs=<EMPTY_MAP>
2024-01-18 08:28:16,830 [s2-groupManagement] INFO  server.RaftServer$Division (ServerState.java:<init>(113)) - s2@group-8B7AE04D6EFA: ConfigurationManager, init=-1: peers:[s0|localhost:15000, s1|localhost:15004, s2|localhost:15008]|listeners:[], old=null, confs=<EMPTY_MAP>
2024-01-18 08:28:16,831 [s1-groupManagement] INFO  server.RaftServer$Division (ServerState.java:<init>(113)) - s1@group-8B7AE04D6EFA: ConfigurationManager, init=-1: peers:[s0|localhost:15000, s1|localhost:15004, s2|localhost:15008]|listeners:[], old=null, confs=<EMPTY_MAP>
2024-01-18 08:28:16,840 [s2-groupManagement] INFO  server.RaftServerConfigKeys (ConfUtils.java:logGet(46)) - raft.server.notification.no-leader.timeout = 60s (default)
2024-01-18 08:28:16,842 [s1-groupManagement] INFO  server.RaftServerConfigKeys (ConfUtils.java:logGet(46)) - raft.server.notification.no-leader.timeout = 60s (default)
2024-01-18 08:28:16,844 [s0-groupManagement] INFO  server.RaftServerConfigKeys (ConfUtils.java:logGet(46)) - raft.server.notification.no-leader.timeout = 60s (default)
2024-01-18 08:28:16,845 [s0-groupManagement] INFO  server.RaftServerConfigKeys (ConfUtils.java:logGet(46)) - raft.server.read.timeout = 10s (default)
2024-01-18 08:28:16,845 [s1-groupManagement] INFO  server.RaftServerConfigKeys (ConfUtils.java:logGet(46)) - raft.server.read.timeout = 10s (default)
2024-01-18 08:28:16,846 [s2-groupManagement] INFO  server.RaftServerConfigKeys (ConfUtils.java:logGet(46)) - raft.server.read.timeout = 10s (default)
2024-01-18 08:28:16,851 [s1-groupManagement] INFO  server.RaftServerConfigKeys (ConfUtils.java:logGet(46)) - raft.server.retrycache.expirytime = 60s (default)
2024-01-18 08:28:16,851 [s1-groupManagement] INFO  server.RaftServerConfigKeys (ConfUtils.java:logGet(46)) - raft.server.retrycache.statistics.expirytime = 100ms (default)
2024-01-18 08:28:16,852 [s0-groupManagement] INFO  server.RaftServerConfigKeys (ConfUtils.java:logGet(46)) - raft.server.retrycache.expirytime = 60s (default)
2024-01-18 08:28:16,852 [s0-groupManagement] INFO  server.RaftServerConfigKeys (ConfUtils.java:logGet(46)) - raft.server.retrycache.statistics.expirytime = 100ms (default)
2024-01-18 08:28:16,852 [s2-groupManagement] INFO  server.RaftServerConfigKeys (ConfUtils.java:logGet(46)) - raft.server.retrycache.expirytime = 60s (default)
2024-01-18 08:28:16,852 [s2-groupManagement] INFO  server.RaftServerConfigKeys (ConfUtils.java:logGet(46)) - raft.server.retrycache.statistics.expirytime = 100ms (default)
2024-01-18 08:28:16,858 [s0-groupManagement] INFO  server.RaftServerConfigKeys (ConfUtils.java:logGet(46)) - raft.server.read.option = DEFAULT (default)
2024-01-18 08:28:16,858 [s1-groupManagement] INFO  server.RaftServerConfigKeys (ConfUtils.java:logGet(46)) - raft.server.read.option = DEFAULT (default)
2024-01-18 08:28:16,858 [s2-groupManagement] INFO  server.RaftServerConfigKeys (ConfUtils.java:logGet(46)) - raft.server.read.option = DEFAULT (default)
2024-01-18 08:28:16,859 [s0-groupManagement] INFO  server.RaftServerConfigKeys (ConfUtils.java:logGet(46)) - raft.server.read.read-after-write-consistent.write-index-cache.expiry-time = 60s (default)
2024-01-18 08:28:16,859 [s1-groupManagement] INFO  server.RaftServerConfigKeys (ConfUtils.java:logGet(46)) - raft.server.read.read-after-write-consistent.write-index-cache.expiry-time = 60s (default)
2024-01-18 08:28:16,859 [s2-groupManagement] INFO  server.RaftServerConfigKeys (ConfUtils.java:logGet(46)) - raft.server.read.read-after-write-consistent.write-index-cache.expiry-time = 60s (default)
2024-01-18 08:28:16,867 [s0-groupManagement] INFO  metrics.MetricRegistries (MetricRegistriesLoader.java:load(64)) - Loaded MetricRegistries class org.apache.ratis.metrics.impl.MetricRegistriesImpl
2024-01-18 08:28:16,971 [s1-groupManagement] INFO  server.RaftServerConfigKeys (ConfUtils.java:logGet(46)) - raft.server.rpc.request.timeout = 3000ms (default)
2024-01-18 08:28:16,971 [s0-groupManagement] INFO  server.RaftServerConfigKeys (ConfUtils.java:logGet(46)) - raft.server.rpc.request.timeout = 3000ms (default)
2024-01-18 08:28:16,971 [s2-groupManagement] INFO  server.RaftServerConfigKeys (ConfUtils.java:logGet(46)) - raft.server.rpc.request.timeout = 3000ms (default)
2024-01-18 08:28:16,976 [s2-groupManagement] INFO  server.RaftServerConfigKeys (ConfUtils.java:logGet(46)) - raft.server.log.appender.install.snapshot.enabled = true (default)
2024-01-18 08:28:16,976 [s1-groupManagement] INFO  server.RaftServerConfigKeys (ConfUtils.java:logGet(46)) - raft.server.log.appender.install.snapshot.enabled = true (default)
2024-01-18 08:28:16,976 [s2-groupManagement] INFO  server.RaftServerConfigKeys (ConfUtils.java:logGet(46)) - raft.server.threadpool.server.cached = true (default)
2024-01-18 08:28:16,976 [s1-groupManagement] INFO  server.RaftServerConfigKeys (ConfUtils.java:logGet(46)) - raft.server.threadpool.server.cached = true (default)
2024-01-18 08:28:16,976 [s0-groupManagement] INFO  server.RaftServerConfigKeys (ConfUtils.java:logGet(46)) - raft.server.log.appender.install.snapshot.enabled = true (default)
2024-01-18 08:28:16,977 [s0-groupManagement] INFO  server.RaftServerConfigKeys (ConfUtils.java:logGet(46)) - raft.server.threadpool.server.cached = true (default)
2024-01-18 08:28:16,977 [s0-groupManagement] INFO  server.RaftServerConfigKeys (ConfUtils.java:logGet(46)) - raft.server.threadpool.server.size = 0 (default)
2024-01-18 08:28:16,977 [s0-groupManagement] INFO  server.RaftServerConfigKeys (ConfUtils.java:logGet(46)) - raft.server.threadpool.client.cached = true (default)
2024-01-18 08:28:16,978 [s0-groupManagement] INFO  server.RaftServerConfigKeys (ConfUtils.java:logGet(46)) - raft.server.threadpool.client.size = 0 (default)
2024-01-18 08:28:16,976 [s2-groupManagement] INFO  server.RaftServerConfigKeys (ConfUtils.java:logGet(46)) - raft.server.threadpool.server.size = 0 (default)
2024-01-18 08:28:16,976 [s1-groupManagement] INFO  server.RaftServerConfigKeys (ConfUtils.java:logGet(46)) - raft.server.threadpool.server.size = 0 (default)
2024-01-18 08:28:16,978 [s1-groupManagement] INFO  server.RaftServerConfigKeys (ConfUtils.java:logGet(46)) - raft.server.threadpool.client.cached = true (default)
2024-01-18 08:28:16,978 [s1-groupManagement] INFO  server.RaftServerConfigKeys (ConfUtils.java:logGet(46)) - raft.server.threadpool.client.size = 0 (default)
2024-01-18 08:28:16,978 [s2-groupManagement] INFO  server.RaftServerConfigKeys (ConfUtils.java:logGet(46)) - raft.server.threadpool.client.cached = true (default)
2024-01-18 08:28:16,979 [s0-impl-thread1] INFO  server.RaftServerConfigKeys (ConfUtils.java:logGet(46)) - raft.server.storage.free-space.min = 0MB (=0) (default)
2024-01-18 08:28:16,980 [s2-groupManagement] INFO  server.RaftServerConfigKeys (ConfUtils.java:logGet(46)) - raft.server.threadpool.client.size = 0 (default)
2024-01-18 08:28:16,980 [s0-impl-thread1] INFO  server.RaftServerConfigKeys (ConfUtils.java:logGet(46)) - raft.server.log.corruption.policy = EXCEPTION (default)
2024-01-18 08:28:16,980 [s0-impl-thread1] INFO  server.RaftServerConfigKeys (ConfUtils.java:logGet(46)) - raft.server.storage.dir = [/home/runner/work/ratis/ratis/ratis-test/target/test/data/55ba147b/MiniRaftClusterWithSimulatedRpc9f02a5b1/s0] (custom)
2024-01-18 08:28:16,985 [s0-impl-thread1] INFO  storage.RaftStorageDirectory (RaftStorageDirectoryImpl.java:analyzeStorage(138)) - The storage directory /home/runner/work/ratis/ratis/ratis-test/target/test/data/55ba147b/MiniRaftClusterWithSimulatedRpc9f02a5b1/s0/9ec4484b-c9f0-40d4-abd8-8b7ae04d6efa does not exist. Creating ...
2024-01-18 08:28:16,986 [s0-impl-thread1] TRACE util.FileUtils (LogUtils.java:runAndLog(49)) - Successfully ran Files.createDirectories /home/runner/work/ratis/ratis/ratis-test/target/test/data/55ba147b/MiniRaftClusterWithSimulatedRpc9f02a5b1/s0/9ec4484b-c9f0-40d4-abd8-8b7ae04d6efa
2024-01-18 08:28:16,989 [s0-impl-thread1] INFO  storage.RaftStorageDirectory (RaftStorageDirectoryImpl.java:tryLock(228)) - Lock on /home/runner/work/ratis/ratis/ratis-test/target/test/data/55ba147b/MiniRaftClusterWithSimulatedRpc9f02a5b1/s0/9ec4484b-c9f0-40d4-abd8-8b7ae04d6efa/in_use.lock acquired by nodename 3928@fv-az1539-744
2024-01-18 08:28:16,989 [s0-impl-thread1] TRACE util.FileUtils (LogUtils.java:runAndLog(49)) - Successfully ran Files.createDirectories /home/runner/work/ratis/ratis/ratis-test/target/test/data/55ba147b/MiniRaftClusterWithSimulatedRpc9f02a5b1/s0/9ec4484b-c9f0-40d4-abd8-8b7ae04d6efa/current
2024-01-18 08:28:16,989 [s0-impl-thread1] TRACE util.FileUtils (LogUtils.java:runAndLog(49)) - Successfully ran Files.createDirectories /home/runner/work/ratis/ratis/ratis-test/target/test/data/55ba147b/MiniRaftClusterWithSimulatedRpc9f02a5b1/s0/9ec4484b-c9f0-40d4-abd8-8b7ae04d6efa/sm
2024-01-18 08:28:17,007 [s0-impl-thread1] TRACE util.FileUtils (LogUtils.java:supplyAndLog(69)) - Successfully supplied FileChannel.open /home/runner/work/ratis/ratis/ratis-test/target/test/data/55ba147b/MiniRaftClusterWithSimulatedRpc9f02a5b1/s0/9ec4484b-c9f0-40d4-abd8-8b7ae04d6efa/current/raft-meta.tmp with options [CREATE, WRITE]: sun.nio.ch.FileChannelImpl@337138b8
2024-01-18 08:28:17,011 [s0-impl-thread1] TRACE util.FileUtils (LogUtils.java:runAndLog(49)) - Successfully ran Atomic Files.move /home/runner/work/ratis/ratis/ratis-test/target/test/data/55ba147b/MiniRaftClusterWithSimulatedRpc9f02a5b1/s0/9ec4484b-c9f0-40d4-abd8-8b7ae04d6efa/current/raft-meta.tmp to /home/runner/work/ratis/ratis/ratis-test/target/test/data/55ba147b/MiniRaftClusterWithSimulatedRpc9f02a5b1/s0/9ec4484b-c9f0-40d4-abd8-8b7ae04d6efa/current/raft-meta with options [REPLACE_EXISTING]
2024-01-18 08:28:17,012 [s0-impl-thread1] INFO  storage.RaftStorage (RaftStorageImpl.java:format(99)) - Storage directory /home/runner/work/ratis/ratis/ratis-test/target/test/data/55ba147b/MiniRaftClusterWithSimulatedRpc9f02a5b1/s0/9ec4484b-c9f0-40d4-abd8-8b7ae04d6efa has been successfully formatted.
2024-01-18 08:28:17,013 [s0-impl-thread1] TRACE util.FileUtils (LogUtils.java:supplyAndLog(61)) - Failed to Files.newInputStream /home/runner/work/ratis/ratis/ratis-test/target/test/data/55ba147b/MiniRaftClusterWithSimulatedRpc9f02a5b1/s0/9ec4484b-c9f0-40d4-abd8-8b7ae04d6efa/current/raft-meta.conf with options []
java.nio.file.NoSuchFileException: /home/runner/work/ratis/ratis/ratis-test/target/test/data/55ba147b/MiniRaftClusterWithSimulatedRpc9f02a5b1/s0/9ec4484b-c9f0-40d4-abd8-8b7ae04d6efa/current/raft-meta.conf
	at sun.nio.fs.UnixException.translateToIOException(UnixException.java:86)
	at sun.nio.fs.UnixException.rethrowAsIOException(UnixException.java:102)
	at sun.nio.fs.UnixException.rethrowAsIOException(UnixException.java:107)
	at sun.nio.fs.UnixFileSystemProvider.newByteChannel(UnixFileSystemProvider.java:214)
	at java.nio.file.Files.newByteChannel(Files.java:361)
	at java.nio.file.Files.newByteChannel(Files.java:407)
	at java.nio.file.spi.FileSystemProvider.newInputStream(FileSystemProvider.java:384)
	at java.nio.file.Files.newInputStream(Files.java:152)
	at org.apache.ratis.util.FileUtils.lambda$newInputStream$2(FileUtils.java:73)
	at org.apache.ratis.util.LogUtils.supplyAndLog(LogUtils.java:58)
	at org.apache.ratis.util.FileUtils.newInputStream(FileUtils.java:72)
	at org.apache.ratis.util.FileUtils.newInputStream(FileUtils.java:68)
	at org.apache.ratis.server.storage.RaftStorageImpl.readRaftConfiguration(RaftStorageImpl.java:156)
	at org.apache.ratis.server.impl.ServerState.initialize(ServerState.java:141)
	at org.apache.ratis.server.impl.RaftServerImpl.start(RaftServerImpl.java:342)
	at org.apache.ratis.util.ConcurrentUtils.accept(ConcurrentUtils.java:203)
	at org.apache.ratis.util.ConcurrentUtils.lambda$null$4(ConcurrentUtils.java:182)
	at java.util.concurrent.ThreadPoolExecutor.runWorker(ThreadPoolExecutor.java:1149)
	at java.util.concurrent.ThreadPoolExecutor$Worker.run(ThreadPoolExecutor.java:624)
	at java.lang.Thread.run(Thread.java:750)
2024-01-18 08:28:17,015 [s0-impl-thread1] INFO  impl.SimpleStateMachine4Testing (SimpleStateMachine4Testing.java:initialize(213)) - Initializing StateMachineWithException:uninitialized
2024-01-18 08:28:17,017 [s0-impl-thread1] INFO  impl.SimpleStateMachine4Testing (SimpleStateMachine4Testing.java:loadSnapshot(296)) - Loading snapshot null
2024-01-18 08:28:17,018 [s0-impl-thread1] INFO  server.RaftServerConfigKeys (ConfUtils.java:logGet(46)) - raft.server.log.use.memory = false (default)
2024-01-18 08:28:17,029 [s0-impl-thread1] INFO  server.RaftServerConfigKeys (ConfUtils.java:logGet(46)) - raft.server.log.purge.gap = 1024 (default)
2024-01-18 08:28:17,029 [s0-impl-thread1] INFO  server.RaftServerConfigKeys (ConfUtils.java:logGet(46)) - raft.server.log.appender.buffer.byte-limit = 4MB (=4194304) (default)
2024-01-18 08:28:17,031 [s0-impl-thread1] INFO  server.RaftServerConfigKeys (ConfUtils.java:logGet(46)) - raft.server.log.statemachine.data.read.timeout = 1000ms (default)
2024-01-18 08:28:17,032 [s0-impl-thread1] INFO  server.RaftServerConfigKeys (ConfUtils.java:logGet(46)) - raft.server.log.purge.preservation.log.num = 0 (default)
2024-01-18 08:28:17,036 [s0-impl-thread1] INFO  server.RaftServerConfigKeys (ConfUtils.java:logGet(46)) - raft.server.log.segment.size.max = 32MB (=33554432) (default)
2024-01-18 08:28:17,043 [s0-impl-thread1] INFO  server.RaftServerConfigKeys (ConfUtils.java:logGet(46)) - raft.server.log.segment.cache.num.max = 6 (default)
2024-01-18 08:28:17,043 [s0-impl-thread1] INFO  server.RaftServerConfigKeys (ConfUtils.java:logGet(46)) - raft.server.log.segment.cache.size.max = 200MB (=209715200) (default)
2024-01-18 08:28:17,043 [s0-impl-thread1] INFO  server.RaftServerConfigKeys (ConfUtils.java:logGet(46)) - raft.server.log.appender.buffer.byte-limit = 4MB (=4194304) (default)
2024-01-18 08:28:17,045 [s0-impl-thread1] INFO  util.AwaitToRun (AwaitToRun.java:start(81)) - Thread[s0@group-8B7AE04D6EFA-cacheEviction-AwaitToRun,5,main] started
2024-01-18 08:28:17,053 [s0-impl-thread1] INFO  segmented.SegmentedRaftLogWorker (SegmentedRaftLogWorker.java:<init>(182)) - new s0@group-8B7AE04D6EFA-SegmentedRaftLogWorker for RaftStorageImpl:Storage Directory /home/runner/work/ratis/ratis/ratis-test/target/test/data/55ba147b/MiniRaftClusterWithSimulatedRpc9f02a5b1/s0/9ec4484b-c9f0-40d4-abd8-8b7ae04d6efa
2024-01-18 08:28:17,053 [s0-impl-thread1] INFO  server.RaftServerConfigKeys (ConfUtils.java:logGet(46)) - raft.server.log.queue.byte-limit = 64MB (=67108864) (default)
2024-01-18 08:28:17,053 [s0-impl-thread1] INFO  server.RaftServerConfigKeys (ConfUtils.java:logGet(46)) - raft.server.log.queue.element-limit = 4096 (default)
2024-01-18 08:28:17,055 [s0-impl-thread1] INFO  server.RaftServerConfigKeys (ConfUtils.java:logGet(46)) - raft.server.log.segment.size.max = 32MB (=33554432) (default)
2024-01-18 08:28:17,056 [s0-impl-thread1] INFO  server.RaftServerConfigKeys (ConfUtils.java:logGet(46)) - raft.server.log.preallocated.size = 4MB (=4194304) (default)
2024-01-18 08:28:17,056 [s0-impl-thread1] INFO  server.RaftServerConfigKeys (ConfUtils.java:logGet(46)) - raft.server.log.force.sync.num = 128 (default)
2024-01-18 08:28:17,057 [s0-impl-thread1] INFO  server.RaftServerConfigKeys (ConfUtils.java:logGet(46)) - raft.server.log.statemachine.data.sync = true (default)
2024-01-18 08:28:17,057 [s0-impl-thread1] INFO  server.RaftServerConfigKeys (ConfUtils.java:logGet(46)) - raft.server.log.statemachine.data.sync.timeout = 10s (default)
2024-01-18 08:28:17,058 [s0-impl-thread1] INFO  server.RaftServerConfigKeys (ConfUtils.java:logGet(46)) - raft.server.log.statemachine.data.sync.timeout.retry = -1 (default)
2024-01-18 08:28:17,060 [s0-impl-thread1] INFO  server.RaftServerConfigKeys (ConfUtils.java:logGet(46)) - raft.server.log.write.buffer.size = 8MB (=8388608) (default)
2024-01-18 08:28:17,062 [s0-impl-thread1] INFO  server.RaftServerConfigKeys (ConfUtils.java:logGet(46)) - raft.server.log.appender.buffer.byte-limit = 4MB (=4194304) (default)
2024-01-18 08:28:17,062 [s0-impl-thread1] INFO  server.RaftServerConfigKeys (ConfUtils.java:logGet(46)) - raft.server.log.unsafe-flush.enabled = false (default)
2024-01-18 08:28:17,062 [s0-impl-thread1] INFO  server.RaftServerConfigKeys (ConfUtils.java:logGet(46)) - raft.server.log.async-flush.enabled = false (default)
2024-01-18 08:28:17,063 [s0-impl-thread1] INFO  server.RaftServerConfigKeys (ConfUtils.java:logGet(46)) - raft.server.log.statemachine.data.caching.enabled = false (default)
2024-01-18 08:28:17,069 [s0-impl-thread1] INFO  segmented.SegmentedRaftLogWorker (SegmentedRaftLogWorker.java:lambda$new$0(134)) - s0@group-8B7AE04D6EFA-SegmentedRaftLogWorker: flushIndex: setUnconditionally 0 -> -1
2024-01-18 08:28:17,070 [s0-impl-thread1] INFO  segmented.SegmentedRaftLogWorker (SegmentedRaftLogWorker.java:lambda$new$0(134)) - s0@group-8B7AE04D6EFA-SegmentedRaftLogWorker: safeCacheEvictIndex: setUnconditionally 0 -> -1
2024-01-18 08:28:17,072 [s0-impl-thread1] INFO  server.RaftServer$Division (RaftServerImpl.java:start(346)) - s0@group-8B7AE04D6EFA: start as a follower, conf=-1: peers:[s0|localhost:15000, s1|localhost:15004, s2|localhost:15008]|listeners:[], old=null
2024-01-18 08:28:17,072 [s0-impl-thread1] INFO  server.RaftServer$Division (RaftServerImpl.java:setRole(333)) - s0@group-8B7AE04D6EFA: changes role from      null to FOLLOWER at term 0 for startAsFollower
2024-01-18 08:28:17,073 [s0-impl-thread1] INFO  impl.RoleInfo (RoleInfo.java:updateAndGet(140)) - s0: start s0@group-8B7AE04D6EFA-FollowerState
2024-01-18 08:28:17,074 [s0@group-8B7AE04D6EFA-FollowerState] INFO  server.RaftServerConfigKeys (ConfUtils.java:logFallback(53)) - raft.server.rpc.first-election.timeout.min = 150ms (fallback to raft.server.rpc.timeout.min)
2024-01-18 08:28:17,074 [s0@group-8B7AE04D6EFA-FollowerState] INFO  server.RaftServerConfigKeys (ConfUtils.java:logFallback(53)) - raft.server.rpc.first-election.timeout.max = 300ms (fallback to raft.server.rpc.timeout.max)
2024-01-18 08:28:17,075 [s0-impl-thread1] INFO  util.JmxRegister (JmxRegister.java:tryRegister(44)) - Successfully registered JMX Bean with object name Ratis:service=RaftServer,group=group-8B7AE04D6EFA,id=s0
2024-01-18 08:28:17,075 [s0-impl-thread1] INFO  util.JmxRegister (JmxRegister.java:register(58)) - register mxBean class org.apache.ratis.server.impl.RaftServerJmxAdapter as Ratis:service=RaftServer,group=group-8B7AE04D6EFA,id=s0
2024-01-18 08:28:17,077 [s0-impl-thread1] INFO  server.RaftServerConfigKeys (ConfUtils.java:logGet(46)) - raft.server.snapshot.trigger-when-stop.enabled = true (default)
2024-01-18 08:28:17,077 [s0-impl-thread1] INFO  server.RaftServerConfigKeys (ConfUtils.java:logGet(46)) - raft.server.snapshot.auto.trigger.enabled = false (default)
2024-01-18 08:28:17,078 [s0-impl-thread1] INFO  server.RaftServerConfigKeys (ConfUtils.java:logGet(46)) - raft.server.snapshot.retention.file.num = -1 (default)
2024-01-18 08:28:17,078 [s0-impl-thread1] INFO  server.RaftServerConfigKeys (ConfUtils.java:logGet(46)) - raft.server.log.purge.upto.snapshot.index = false (default)
2024-01-18 08:28:17,081 [Time-limited test] INFO  server.RaftServer (RaftServerProxy.java:startImpl(407)) - s0: start RPC server
2024-01-18 08:28:17,084 [s1-impl-thread1] INFO  server.RaftServerConfigKeys (ConfUtils.java:logGet(46)) - raft.server.storage.free-space.min = 0MB (=0) (default)
2024-01-18 08:28:17,084 [JvmPauseMonitor0] INFO  util.JvmPauseMonitor (JvmPauseMonitor.java:run(146)) - JvmPauseMonitor-s0: Started
2024-01-18 08:28:17,084 [s1-impl-thread1] INFO  server.RaftServerConfigKeys (ConfUtils.java:logGet(46)) - raft.server.log.corruption.policy = EXCEPTION (default)
2024-01-18 08:28:17,084 [s1-impl-thread1] INFO  server.RaftServerConfigKeys (ConfUtils.java:logGet(46)) - raft.server.storage.dir = [/home/runner/work/ratis/ratis/ratis-test/target/test/data/55ba147b/MiniRaftClusterWithSimulatedRpc9f02a5b1/s1] (custom)
2024-01-18 08:28:17,084 [s1-impl-thread1] INFO  storage.RaftStorageDirectory (RaftStorageDirectoryImpl.java:analyzeStorage(138)) - The storage directory /home/runner/work/ratis/ratis/ratis-test/target/test/data/55ba147b/MiniRaftClusterWithSimulatedRpc9f02a5b1/s1/9ec4484b-c9f0-40d4-abd8-8b7ae04d6efa does not exist. Creating ...
2024-01-18 08:28:17,085 [s1-impl-thread1] TRACE util.FileUtils (LogUtils.java:runAndLog(49)) - Successfully ran Files.createDirectories /home/runner/work/ratis/ratis/ratis-test/target/test/data/55ba147b/MiniRaftClusterWithSimulatedRpc9f02a5b1/s1/9ec4484b-c9f0-40d4-abd8-8b7ae04d6efa
2024-01-18 08:28:17,086 [s1-impl-thread1] INFO  storage.RaftStorageDirectory (RaftStorageDirectoryImpl.java:tryLock(228)) - Lock on /home/runner/work/ratis/ratis/ratis-test/target/test/data/55ba147b/MiniRaftClusterWithSimulatedRpc9f02a5b1/s1/9ec4484b-c9f0-40d4-abd8-8b7ae04d6efa/in_use.lock acquired by nodename 3928@fv-az1539-744
2024-01-18 08:28:17,086 [s1-impl-thread1] TRACE util.FileUtils (LogUtils.java:runAndLog(49)) - Successfully ran Files.createDirectories /home/runner/work/ratis/ratis/ratis-test/target/test/data/55ba147b/MiniRaftClusterWithSimulatedRpc9f02a5b1/s1/9ec4484b-c9f0-40d4-abd8-8b7ae04d6efa/current
2024-01-18 08:28:17,086 [s1-impl-thread1] TRACE util.FileUtils (LogUtils.java:runAndLog(49)) - Successfully ran Files.createDirectories /home/runner/work/ratis/ratis/ratis-test/target/test/data/55ba147b/MiniRaftClusterWithSimulatedRpc9f02a5b1/s1/9ec4484b-c9f0-40d4-abd8-8b7ae04d6efa/sm
2024-01-18 08:28:17,086 [s1-impl-thread1] TRACE util.FileUtils (LogUtils.java:supplyAndLog(69)) - Successfully supplied FileChannel.open /home/runner/work/ratis/ratis/ratis-test/target/test/data/55ba147b/MiniRaftClusterWithSimulatedRpc9f02a5b1/s1/9ec4484b-c9f0-40d4-abd8-8b7ae04d6efa/current/raft-meta.tmp with options [CREATE, WRITE]: sun.nio.ch.FileChannelImpl@4743258
2024-01-18 08:28:17,088 [s1-impl-thread1] TRACE util.FileUtils (LogUtils.java:runAndLog(49)) - Successfully ran Atomic Files.move /home/runner/work/ratis/ratis/ratis-test/target/test/data/55ba147b/MiniRaftClusterWithSimulatedRpc9f02a5b1/s1/9ec4484b-c9f0-40d4-abd8-8b7ae04d6efa/current/raft-meta.tmp to /home/runner/work/ratis/ratis/ratis-test/target/test/data/55ba147b/MiniRaftClusterWithSimulatedRpc9f02a5b1/s1/9ec4484b-c9f0-40d4-abd8-8b7ae04d6efa/current/raft-meta with options [REPLACE_EXISTING]
2024-01-18 08:28:17,088 [s1-impl-thread1] INFO  storage.RaftStorage (RaftStorageImpl.java:format(99)) - Storage directory /home/runner/work/ratis/ratis/ratis-test/target/test/data/55ba147b/MiniRaftClusterWithSimulatedRpc9f02a5b1/s1/9ec4484b-c9f0-40d4-abd8-8b7ae04d6efa has been successfully formatted.
2024-01-18 08:28:17,088 [s1-impl-thread1] TRACE util.FileUtils (LogUtils.java:supplyAndLog(61)) - Failed to Files.newInputStream /home/runner/work/ratis/ratis/ratis-test/target/test/data/55ba147b/MiniRaftClusterWithSimulatedRpc9f02a5b1/s1/9ec4484b-c9f0-40d4-abd8-8b7ae04d6efa/current/raft-meta.conf with options []
java.nio.file.NoSuchFileException: /home/runner/work/ratis/ratis/ratis-test/target/test/data/55ba147b/MiniRaftClusterWithSimulatedRpc9f02a5b1/s1/9ec4484b-c9f0-40d4-abd8-8b7ae04d6efa/current/raft-meta.conf
	at sun.nio.fs.UnixException.translateToIOException(UnixException.java:86)
	at sun.nio.fs.UnixException.rethrowAsIOException(UnixException.java:102)
	at sun.nio.fs.UnixException.rethrowAsIOException(UnixException.java:107)
	at sun.nio.fs.UnixFileSystemProvider.newByteChannel(UnixFileSystemProvider.java:214)
	at java.nio.file.Files.newByteChannel(Files.java:361)
	at java.nio.file.Files.newByteChannel(Files.java:407)
	at java.nio.file.spi.FileSystemProvider.newInputStream(FileSystemProvider.java:384)
	at java.nio.file.Files.newInputStream(Files.java:152)
	at org.apache.ratis.util.FileUtils.lambda$newInputStream$2(FileUtils.java:73)
	at org.apache.ratis.util.LogUtils.supplyAndLog(LogUtils.java:58)
	at org.apache.ratis.util.FileUtils.newInputStream(FileUtils.java:72)
	at org.apache.ratis.util.FileUtils.newInputStream(FileUtils.java:68)
	at org.apache.ratis.server.storage.RaftStorageImpl.readRaftConfiguration(RaftStorageImpl.java:156)
	at org.apache.ratis.server.impl.ServerState.initialize(ServerState.java:141)
	at org.apache.ratis.server.impl.RaftServerImpl.start(RaftServerImpl.java:342)
	at org.apache.ratis.util.ConcurrentUtils.accept(ConcurrentUtils.java:203)
	at org.apache.ratis.util.ConcurrentUtils.lambda$null$4(ConcurrentUtils.java:182)
	at java.util.concurrent.ThreadPoolExecutor.runWorker(ThreadPoolExecutor.java:1149)
	at java.util.concurrent.ThreadPoolExecutor$Worker.run(ThreadPoolExecutor.java:624)
	at java.lang.Thread.run(Thread.java:750)
2024-01-18 08:28:17,089 [s1-impl-thread1] INFO  impl.SimpleStateMachine4Testing (SimpleStateMachine4Testing.java:initialize(213)) - Initializing StateMachineWithException:uninitialized
2024-01-18 08:28:17,089 [s1-impl-thread1] INFO  impl.SimpleStateMachine4Testing (SimpleStateMachine4Testing.java:loadSnapshot(296)) - Loading snapshot null
2024-01-18 08:28:17,089 [s1-impl-thread1] INFO  server.RaftServerConfigKeys (ConfUtils.java:logGet(46)) - raft.server.log.use.memory = false (default)
2024-01-18 08:28:17,089 [s1-impl-thread1] INFO  server.RaftServerConfigKeys (ConfUtils.java:logGet(46)) - raft.server.log.purge.gap = 1024 (default)
2024-01-18 08:28:17,090 [s1-impl-thread1] INFO  server.RaftServerConfigKeys (ConfUtils.java:logGet(46)) - raft.server.log.appender.buffer.byte-limit = 4MB (=4194304) (default)
2024-01-18 08:28:17,090 [s1-impl-thread1] INFO  server.RaftServerConfigKeys (ConfUtils.java:logGet(46)) - raft.server.log.statemachine.data.read.timeout = 1000ms (default)
2024-01-18 08:28:17,090 [s1-impl-thread1] INFO  server.RaftServerConfigKeys (ConfUtils.java:logGet(46)) - raft.server.log.purge.preservation.log.num = 0 (default)
2024-01-18 08:28:17,091 [s1-impl-thread1] INFO  server.RaftServerConfigKeys (ConfUtils.java:logGet(46)) - raft.server.log.segment.size.max = 32MB (=33554432) (default)
2024-01-18 08:28:17,092 [s1-impl-thread1] INFO  server.RaftServerConfigKeys (ConfUtils.java:logGet(46)) - raft.server.log.segment.cache.num.max = 6 (default)
2024-01-18 08:28:17,092 [s1-impl-thread1] INFO  server.RaftServerConfigKeys (ConfUtils.java:logGet(46)) - raft.server.log.segment.cache.size.max = 200MB (=209715200) (default)
2024-01-18 08:28:17,092 [s1-impl-thread1] INFO  server.RaftServerConfigKeys (ConfUtils.java:logGet(46)) - raft.server.log.appender.buffer.byte-limit = 4MB (=4194304) (default)
2024-01-18 08:28:17,092 [s1-impl-thread1] INFO  util.AwaitToRun (AwaitToRun.java:start(81)) - Thread[s1@group-8B7AE04D6EFA-cacheEviction-AwaitToRun,5,main] started
2024-01-18 08:28:17,092 [s1-impl-thread1] INFO  segmented.SegmentedRaftLogWorker (SegmentedRaftLogWorker.java:<init>(182)) - new s1@group-8B7AE04D6EFA-SegmentedRaftLogWorker for RaftStorageImpl:Storage Directory /home/runner/work/ratis/ratis/ratis-test/target/test/data/55ba147b/MiniRaftClusterWithSimulatedRpc9f02a5b1/s1/9ec4484b-c9f0-40d4-abd8-8b7ae04d6efa
2024-01-18 08:28:17,092 [s1-impl-thread1] INFO  server.RaftServerConfigKeys (ConfUtils.java:logGet(46)) - raft.server.log.queue.byte-limit = 64MB (=67108864) (default)
2024-01-18 08:28:17,092 [s1-impl-thread1] INFO  server.RaftServerConfigKeys (ConfUtils.java:logGet(46)) - raft.server.log.queue.element-limit = 4096 (default)
2024-01-18 08:28:17,093 [s1-impl-thread1] INFO  server.RaftServerConfigKeys (ConfUtils.java:logGet(46)) - raft.server.log.segment.size.max = 32MB (=33554432) (default)
2024-01-18 08:28:17,093 [s1-impl-thread1] INFO  server.RaftServerConfigKeys (ConfUtils.java:logGet(46)) - raft.server.log.preallocated.size = 4MB (=4194304) (default)
2024-01-18 08:28:17,093 [s1-impl-thread1] INFO  server.RaftServerConfigKeys (ConfUtils.java:logGet(46)) - raft.server.log.force.sync.num = 128 (default)
2024-01-18 08:28:17,093 [s1-impl-thread1] INFO  server.RaftServerConfigKeys (ConfUtils.java:logGet(46)) - raft.server.log.statemachine.data.sync = true (default)
2024-01-18 08:28:17,093 [s1-impl-thread1] INFO  server.RaftServerConfigKeys (ConfUtils.java:logGet(46)) - raft.server.log.statemachine.data.sync.timeout = 10s (default)
2024-01-18 08:28:17,093 [s1-impl-thread1] INFO  server.RaftServerConfigKeys (ConfUtils.java:logGet(46)) - raft.server.log.statemachine.data.sync.timeout.retry = -1 (default)
2024-01-18 08:28:17,093 [s1-impl-thread1] INFO  server.RaftServerConfigKeys (ConfUtils.java:logGet(46)) - raft.server.log.write.buffer.size = 8MB (=8388608) (default)
2024-01-18 08:28:17,096 [s1-impl-thread1] INFO  server.RaftServerConfigKeys (ConfUtils.java:logGet(46)) - raft.server.log.appender.buffer.byte-limit = 4MB (=4194304) (default)
2024-01-18 08:28:17,096 [s1-impl-thread1] INFO  server.RaftServerConfigKeys (ConfUtils.java:logGet(46)) - raft.server.log.unsafe-flush.enabled = false (default)
2024-01-18 08:28:17,096 [s1-impl-thread1] INFO  server.RaftServerConfigKeys (ConfUtils.java:logGet(46)) - raft.server.log.async-flush.enabled = false (default)
2024-01-18 08:28:17,096 [s1-impl-thread1] INFO  server.RaftServerConfigKeys (ConfUtils.java:logGet(46)) - raft.server.log.statemachine.data.caching.enabled = false (default)
2024-01-18 08:28:17,096 [s1-impl-thread1] INFO  segmented.SegmentedRaftLogWorker (SegmentedRaftLogWorker.java:lambda$new$0(134)) - s1@group-8B7AE04D6EFA-SegmentedRaftLogWorker: flushIndex: setUnconditionally 0 -> -1
2024-01-18 08:28:17,096 [s1-impl-thread1] INFO  segmented.SegmentedRaftLogWorker (SegmentedRaftLogWorker.java:lambda$new$0(134)) - s1@group-8B7AE04D6EFA-SegmentedRaftLogWorker: safeCacheEvictIndex: setUnconditionally 0 -> -1
2024-01-18 08:28:17,097 [s1-impl-thread1] INFO  server.RaftServer$Division (RaftServerImpl.java:start(346)) - s1@group-8B7AE04D6EFA: start as a follower, conf=-1: peers:[s0|localhost:15000, s1|localhost:15004, s2|localhost:15008]|listeners:[], old=null
2024-01-18 08:28:17,097 [s1-impl-thread1] INFO  server.RaftServer$Division (RaftServerImpl.java:setRole(333)) - s1@group-8B7AE04D6EFA: changes role from      null to FOLLOWER at term 0 for startAsFollower
2024-01-18 08:28:17,097 [s1-impl-thread1] INFO  impl.RoleInfo (RoleInfo.java:updateAndGet(140)) - s1: start s1@group-8B7AE04D6EFA-FollowerState
2024-01-18 08:28:17,097 [s1-impl-thread1] INFO  util.JmxRegister (JmxRegister.java:tryRegister(44)) - Successfully registered JMX Bean with object name Ratis:service=RaftServer,group=group-8B7AE04D6EFA,id=s1
2024-01-18 08:28:17,097 [s1-impl-thread1] INFO  util.JmxRegister (JmxRegister.java:register(58)) - register mxBean class org.apache.ratis.server.impl.RaftServerJmxAdapter as Ratis:service=RaftServer,group=group-8B7AE04D6EFA,id=s1
2024-01-18 08:28:17,097 [s1-impl-thread1] INFO  server.RaftServerConfigKeys (ConfUtils.java:logGet(46)) - raft.server.snapshot.trigger-when-stop.enabled = true (default)
2024-01-18 08:28:17,098 [s1-impl-thread1] INFO  server.RaftServerConfigKeys (ConfUtils.java:logGet(46)) - raft.server.snapshot.auto.trigger.enabled = false (default)
2024-01-18 08:28:17,098 [s1-impl-thread1] INFO  server.RaftServerConfigKeys (ConfUtils.java:logGet(46)) - raft.server.snapshot.retention.file.num = -1 (default)
2024-01-18 08:28:17,098 [s1-impl-thread1] INFO  server.RaftServerConfigKeys (ConfUtils.java:logGet(46)) - raft.server.log.purge.upto.snapshot.index = false (default)
2024-01-18 08:28:17,098 [s1@group-8B7AE04D6EFA-FollowerState] INFO  server.RaftServerConfigKeys (ConfUtils.java:logFallback(53)) - raft.server.rpc.first-election.timeout.min = 150ms (fallback to raft.server.rpc.timeout.min)
2024-01-18 08:28:17,098 [s1@group-8B7AE04D6EFA-FollowerState] INFO  server.RaftServerConfigKeys (ConfUtils.java:logFallback(53)) - raft.server.rpc.first-election.timeout.max = 300ms (fallback to raft.server.rpc.timeout.max)
2024-01-18 08:28:17,100 [Time-limited test] INFO  server.RaftServer (RaftServerProxy.java:startImpl(407)) - s1: start RPC server
2024-01-18 08:28:17,112 [s2-impl-thread1] INFO  server.RaftServerConfigKeys (ConfUtils.java:logGet(46)) - raft.server.storage.free-space.min = 0MB (=0) (default)
2024-01-18 08:28:17,112 [s2-impl-thread1] INFO  server.RaftServerConfigKeys (ConfUtils.java:logGet(46)) - raft.server.log.corruption.policy = EXCEPTION (default)
2024-01-18 08:28:17,112 [JvmPauseMonitor1] INFO  util.JvmPauseMonitor (JvmPauseMonitor.java:run(146)) - JvmPauseMonitor-s1: Started
2024-01-18 08:28:17,112 [s2-impl-thread1] INFO  server.RaftServerConfigKeys (ConfUtils.java:logGet(46)) - raft.server.storage.dir = [/home/runner/work/ratis/ratis/ratis-test/target/test/data/55ba147b/MiniRaftClusterWithSimulatedRpc9f02a5b1/s2] (custom)
2024-01-18 08:28:17,112 [s2-impl-thread1] INFO  storage.RaftStorageDirectory (RaftStorageDirectoryImpl.java:analyzeStorage(138)) - The storage directory /home/runner/work/ratis/ratis/ratis-test/target/test/data/55ba147b/MiniRaftClusterWithSimulatedRpc9f02a5b1/s2/9ec4484b-c9f0-40d4-abd8-8b7ae04d6efa does not exist. Creating ...
2024-01-18 08:28:17,113 [s2-impl-thread1] TRACE util.FileUtils (LogUtils.java:runAndLog(49)) - Successfully ran Files.createDirectories /home/runner/work/ratis/ratis/ratis-test/target/test/data/55ba147b/MiniRaftClusterWithSimulatedRpc9f02a5b1/s2/9ec4484b-c9f0-40d4-abd8-8b7ae04d6efa
2024-01-18 08:28:17,114 [s2-impl-thread1] INFO  storage.RaftStorageDirectory (RaftStorageDirectoryImpl.java:tryLock(228)) - Lock on /home/runner/work/ratis/ratis/ratis-test/target/test/data/55ba147b/MiniRaftClusterWithSimulatedRpc9f02a5b1/s2/9ec4484b-c9f0-40d4-abd8-8b7ae04d6efa/in_use.lock acquired by nodename 3928@fv-az1539-744
2024-01-18 08:28:17,115 [s2-impl-thread1] TRACE util.FileUtils (LogUtils.java:runAndLog(49)) - Successfully ran Files.createDirectories /home/runner/work/ratis/ratis/ratis-test/target/test/data/55ba147b/MiniRaftClusterWithSimulatedRpc9f02a5b1/s2/9ec4484b-c9f0-40d4-abd8-8b7ae04d6efa/current
2024-01-18 08:28:17,115 [s2-impl-thread1] TRACE util.FileUtils (LogUtils.java:runAndLog(49)) - Successfully ran Files.createDirectories /home/runner/work/ratis/ratis/ratis-test/target/test/data/55ba147b/MiniRaftClusterWithSimulatedRpc9f02a5b1/s2/9ec4484b-c9f0-40d4-abd8-8b7ae04d6efa/sm
2024-01-18 08:28:17,115 [s2-impl-thread1] TRACE util.FileUtils (LogUtils.java:supplyAndLog(69)) - Successfully supplied FileChannel.open /home/runner/work/ratis/ratis/ratis-test/target/test/data/55ba147b/MiniRaftClusterWithSimulatedRpc9f02a5b1/s2/9ec4484b-c9f0-40d4-abd8-8b7ae04d6efa/current/raft-meta.tmp with options [CREATE, WRITE]: sun.nio.ch.FileChannelImpl@7f646c01
2024-01-18 08:28:17,116 [s2-impl-thread1] TRACE util.FileUtils (LogUtils.java:runAndLog(49)) - Successfully ran Atomic Files.move /home/runner/work/ratis/ratis/ratis-test/target/test/data/55ba147b/MiniRaftClusterWithSimulatedRpc9f02a5b1/s2/9ec4484b-c9f0-40d4-abd8-8b7ae04d6efa/current/raft-meta.tmp to /home/runner/work/ratis/ratis/ratis-test/target/test/data/55ba147b/MiniRaftClusterWithSimulatedRpc9f02a5b1/s2/9ec4484b-c9f0-40d4-abd8-8b7ae04d6efa/current/raft-meta with options [REPLACE_EXISTING]
2024-01-18 08:28:17,117 [s2-impl-thread1] INFO  storage.RaftStorage (RaftStorageImpl.java:format(99)) - Storage directory /home/runner/work/ratis/ratis/ratis-test/target/test/data/55ba147b/MiniRaftClusterWithSimulatedRpc9f02a5b1/s2/9ec4484b-c9f0-40d4-abd8-8b7ae04d6efa has been successfully formatted.
2024-01-18 08:28:17,117 [s2-impl-thread1] TRACE util.FileUtils (LogUtils.java:supplyAndLog(61)) - Failed to Files.newInputStream /home/runner/work/ratis/ratis/ratis-test/target/test/data/55ba147b/MiniRaftClusterWithSimulatedRpc9f02a5b1/s2/9ec4484b-c9f0-40d4-abd8-8b7ae04d6efa/current/raft-meta.conf with options []
java.nio.file.NoSuchFileException: /home/runner/work/ratis/ratis/ratis-test/target/test/data/55ba147b/MiniRaftClusterWithSimulatedRpc9f02a5b1/s2/9ec4484b-c9f0-40d4-abd8-8b7ae04d6efa/current/raft-meta.conf
	at sun.nio.fs.UnixException.translateToIOException(UnixException.java:86)
	at sun.nio.fs.UnixException.rethrowAsIOException(UnixException.java:102)
	at sun.nio.fs.UnixException.rethrowAsIOException(UnixException.java:107)
	at sun.nio.fs.UnixFileSystemProvider.newByteChannel(UnixFileSystemProvider.java:214)
	at java.nio.file.Files.newByteChannel(Files.java:361)
	at java.nio.file.Files.newByteChannel(Files.java:407)
	at java.nio.file.spi.FileSystemProvider.newInputStream(FileSystemProvider.java:384)
	at java.nio.file.Files.newInputStream(Files.java:152)
	at org.apache.ratis.util.FileUtils.lambda$newInputStream$2(FileUtils.java:73)
	at org.apache.ratis.util.LogUtils.supplyAndLog(LogUtils.java:58)
	at org.apache.ratis.util.FileUtils.newInputStream(FileUtils.java:72)
	at org.apache.ratis.util.FileUtils.newInputStream(FileUtils.java:68)
	at org.apache.ratis.server.storage.RaftStorageImpl.readRaftConfiguration(RaftStorageImpl.java:156)
	at org.apache.ratis.server.impl.ServerState.initialize(ServerState.java:141)
	at org.apache.ratis.server.impl.RaftServerImpl.start(RaftServerImpl.java:342)
	at org.apache.ratis.util.ConcurrentUtils.accept(ConcurrentUtils.java:203)
	at org.apache.ratis.util.ConcurrentUtils.lambda$null$4(ConcurrentUtils.java:182)
	at java.util.concurrent.ThreadPoolExecutor.runWorker(ThreadPoolExecutor.java:1149)
	at java.util.concurrent.ThreadPoolExecutor$Worker.run(ThreadPoolExecutor.java:624)
	at java.lang.Thread.run(Thread.java:750)
2024-01-18 08:28:17,117 [s2-impl-thread1] INFO  impl.SimpleStateMachine4Testing (SimpleStateMachine4Testing.java:initialize(213)) - Initializing StateMachineWithException:uninitialized
2024-01-18 08:28:17,117 [s2-impl-thread1] INFO  impl.SimpleStateMachine4Testing (SimpleStateMachine4Testing.java:loadSnapshot(296)) - Loading snapshot null
2024-01-18 08:28:17,117 [s2-impl-thread1] INFO  server.RaftServerConfigKeys (ConfUtils.java:logGet(46)) - raft.server.log.use.memory = false (default)
2024-01-18 08:28:17,117 [s2-impl-thread1] INFO  server.RaftServerConfigKeys (ConfUtils.java:logGet(46)) - raft.server.log.purge.gap = 1024 (default)
2024-01-18 08:28:17,118 [s2-impl-thread1] INFO  server.RaftServerConfigKeys (ConfUtils.java:logGet(46)) - raft.server.log.appender.buffer.byte-limit = 4MB (=4194304) (default)
2024-01-18 08:28:17,118 [s2-impl-thread1] INFO  server.RaftServerConfigKeys (ConfUtils.java:logGet(46)) - raft.server.log.statemachine.data.read.timeout = 1000ms (default)
2024-01-18 08:28:17,118 [s2-impl-thread1] INFO  server.RaftServerConfigKeys (ConfUtils.java:logGet(46)) - raft.server.log.purge.preservation.log.num = 0 (default)
2024-01-18 08:28:17,119 [s2-impl-thread1] INFO  server.RaftServerConfigKeys (ConfUtils.java:logGet(46)) - raft.server.log.segment.size.max = 32MB (=33554432) (default)
2024-01-18 08:28:17,119 [s2-impl-thread1] INFO  server.RaftServerConfigKeys (ConfUtils.java:logGet(46)) - raft.server.log.segment.cache.num.max = 6 (default)
2024-01-18 08:28:17,119 [s2-impl-thread1] INFO  server.RaftServerConfigKeys (ConfUtils.java:logGet(46)) - raft.server.log.segment.cache.size.max = 200MB (=209715200) (default)
2024-01-18 08:28:17,119 [s2-impl-thread1] INFO  server.RaftServerConfigKeys (ConfUtils.java:logGet(46)) - raft.server.log.appender.buffer.byte-limit = 4MB (=4194304) (default)
2024-01-18 08:28:17,119 [s2-impl-thread1] INFO  util.AwaitToRun (AwaitToRun.java:start(81)) - Thread[s2@group-8B7AE04D6EFA-cacheEviction-AwaitToRun,5,main] started
2024-01-18 08:28:17,119 [s2-impl-thread1] INFO  segmented.SegmentedRaftLogWorker (SegmentedRaftLogWorker.java:<init>(182)) - new s2@group-8B7AE04D6EFA-SegmentedRaftLogWorker for RaftStorageImpl:Storage Directory /home/runner/work/ratis/ratis/ratis-test/target/test/data/55ba147b/MiniRaftClusterWithSimulatedRpc9f02a5b1/s2/9ec4484b-c9f0-40d4-abd8-8b7ae04d6efa
2024-01-18 08:28:17,120 [s2-impl-thread1] INFO  server.RaftServerConfigKeys (ConfUtils.java:logGet(46)) - raft.server.log.queue.byte-limit = 64MB (=67108864) (default)
2024-01-18 08:28:17,120 [s2-impl-thread1] INFO  server.RaftServerConfigKeys (ConfUtils.java:logGet(46)) - raft.server.log.queue.element-limit = 4096 (default)
2024-01-18 08:28:17,120 [s2-impl-thread1] INFO  server.RaftServerConfigKeys (ConfUtils.java:logGet(46)) - raft.server.log.segment.size.max = 32MB (=33554432) (default)
2024-01-18 08:28:17,120 [s2-impl-thread1] INFO  server.RaftServerConfigKeys (ConfUtils.java:logGet(46)) - raft.server.log.preallocated.size = 4MB (=4194304) (default)
2024-01-18 08:28:17,120 [s2-impl-thread1] INFO  server.RaftServerConfigKeys (ConfUtils.java:logGet(46)) - raft.server.log.force.sync.num = 128 (default)
2024-01-18 08:28:17,120 [s2-impl-thread1] INFO  server.RaftServerConfigKeys (ConfUtils.java:logGet(46)) - raft.server.log.statemachine.data.sync = true (default)
2024-01-18 08:28:17,120 [s2-impl-thread1] INFO  server.RaftServerConfigKeys (ConfUtils.java:logGet(46)) - raft.server.log.statemachine.data.sync.timeout = 10s (default)
2024-01-18 08:28:17,121 [s2-impl-thread1] INFO  server.RaftServerConfigKeys (ConfUtils.java:logGet(46)) - raft.server.log.statemachine.data.sync.timeout.retry = -1 (default)
2024-01-18 08:28:17,121 [s2-impl-thread1] INFO  server.RaftServerConfigKeys (ConfUtils.java:logGet(46)) - raft.server.log.write.buffer.size = 8MB (=8388608) (default)
2024-01-18 08:28:17,123 [s2-impl-thread1] INFO  server.RaftServerConfigKeys (ConfUtils.java:logGet(46)) - raft.server.log.appender.buffer.byte-limit = 4MB (=4194304) (default)
2024-01-18 08:28:17,123 [s2-impl-thread1] INFO  server.RaftServerConfigKeys (ConfUtils.java:logGet(46)) - raft.server.log.unsafe-flush.enabled = false (default)
2024-01-18 08:28:17,123 [s2-impl-thread1] INFO  server.RaftServerConfigKeys (ConfUtils.java:logGet(46)) - raft.server.log.async-flush.enabled = false (default)
2024-01-18 08:28:17,123 [s2-impl-thread1] INFO  server.RaftServerConfigKeys (ConfUtils.java:logGet(46)) - raft.server.log.statemachine.data.caching.enabled = false (default)
2024-01-18 08:28:17,123 [s2-impl-thread1] INFO  segmented.SegmentedRaftLogWorker (SegmentedRaftLogWorker.java:lambda$new$0(134)) - s2@group-8B7AE04D6EFA-SegmentedRaftLogWorker: flushIndex: setUnconditionally 0 -> -1
2024-01-18 08:28:17,123 [s2-impl-thread1] INFO  segmented.SegmentedRaftLogWorker (SegmentedRaftLogWorker.java:lambda$new$0(134)) - s2@group-8B7AE04D6EFA-SegmentedRaftLogWorker: safeCacheEvictIndex: setUnconditionally 0 -> -1
2024-01-18 08:28:17,124 [s2-impl-thread1] INFO  server.RaftServer$Division (RaftServerImpl.java:start(346)) - s2@group-8B7AE04D6EFA: start as a follower, conf=-1: peers:[s0|localhost:15000, s1|localhost:15004, s2|localhost:15008]|listeners:[], old=null
2024-01-18 08:28:17,124 [s2-impl-thread1] INFO  server.RaftServer$Division (RaftServerImpl.java:setRole(333)) - s2@group-8B7AE04D6EFA: changes role from      null to FOLLOWER at term 0 for startAsFollower
2024-01-18 08:28:17,124 [s2-impl-thread1] INFO  impl.RoleInfo (RoleInfo.java:updateAndGet(140)) - s2: start s2@group-8B7AE04D6EFA-FollowerState
2024-01-18 08:28:17,124 [s2-impl-thread1] INFO  util.JmxRegister (JmxRegister.java:tryRegister(44)) - Successfully registered JMX Bean with object name Ratis:service=RaftServer,group=group-8B7AE04D6EFA,id=s2
2024-01-18 08:28:17,124 [s2-impl-thread1] INFO  util.JmxRegister (JmxRegister.java:register(58)) - register mxBean class org.apache.ratis.server.impl.RaftServerJmxAdapter as Ratis:service=RaftServer,group=group-8B7AE04D6EFA,id=s2
2024-01-18 08:28:17,124 [s2-impl-thread1] INFO  server.RaftServerConfigKeys (ConfUtils.java:logGet(46)) - raft.server.snapshot.trigger-when-stop.enabled = true (default)
2024-01-18 08:28:17,124 [s2-impl-thread1] INFO  server.RaftServerConfigKeys (ConfUtils.java:logGet(46)) - raft.server.snapshot.auto.trigger.enabled = false (default)
2024-01-18 08:28:17,124 [s2-impl-thread1] INFO  server.RaftServerConfigKeys (ConfUtils.java:logGet(46)) - raft.server.snapshot.retention.file.num = -1 (default)
2024-01-18 08:28:17,125 [s2-impl-thread1] INFO  server.RaftServerConfigKeys (ConfUtils.java:logGet(46)) - raft.server.log.purge.upto.snapshot.index = false (default)
2024-01-18 08:28:17,125 [s2@group-8B7AE04D6EFA-FollowerState] INFO  server.RaftServerConfigKeys (ConfUtils.java:logFallback(53)) - raft.server.rpc.first-election.timeout.min = 150ms (fallback to raft.server.rpc.timeout.min)
2024-01-18 08:28:17,125 [s2@group-8B7AE04D6EFA-FollowerState] INFO  server.RaftServerConfigKeys (ConfUtils.java:logFallback(53)) - raft.server.rpc.first-election.timeout.max = 300ms (fallback to raft.server.rpc.timeout.max)
2024-01-18 08:28:17,125 [Time-limited test] INFO  server.RaftServer (RaftServerProxy.java:startImpl(407)) - s2: start RPC server
2024-01-18 08:28:17,126 [JvmPauseMonitor2] INFO  util.JvmPauseMonitor (JvmPauseMonitor.java:run(146)) - JvmPauseMonitor-s2: Started
2024-01-18 08:28:17,130 [Time-limited test] INFO  server.RaftServerConfigKeys (ConfUtils.java:logGet(46)) - raft.server.rpc.timeout.max = 300ms (default)
2024-01-18 08:28:17,132 [Time-limited test] INFO  ratis.RaftTestUtil (RaftTestUtil.java:waitForLeader(100)) - printing ALL groups
  s0:  RUNNING  FOLLOWER s0@group-8B7AE04D6EFA:t0, leader=null, voted=, raftlog=Memoized:s0@group-8B7AE04D6EFA-SegmentedRaftLog:OPENED:c-1, conf=-1: peers:[s0|localhost:15000, s1|localhost:15004, s2|localhost:15008]|listeners:[], old=null RUNNING
  s1:  RUNNING  FOLLOWER s1@group-8B7AE04D6EFA:t0, leader=null, voted=, raftlog=Memoized:s1@group-8B7AE04D6EFA-SegmentedRaftLog:OPENED:c-1, conf=-1: peers:[s0|localhost:15000, s1|localhost:15004, s2|localhost:15008]|listeners:[], old=null RUNNING
  s2:  RUNNING  FOLLOWER s2@group-8B7AE04D6EFA:t0, leader=null, voted=, raftlog=Memoized:s2@group-8B7AE04D6EFA-SegmentedRaftLog:OPENED:c-1, conf=-1: peers:[s0|localhost:15000, s1|localhost:15004, s2|localhost:15008]|listeners:[], old=null RUNNING
2024-01-18 08:28:17,134 [Time-limited test] WARN  ratis.RaftTestUtil (RaftTestUtil.java:lambda$waitForLeader$3(119)) - Attempt #1 failed: java.lang.IllegalStateException: No leader yet : printing ALL groups
  s0:  RUNNING  FOLLOWER s0@group-8B7AE04D6EFA:t0, leader=null, voted=, raftlog=Memoized:s0@group-8B7AE04D6EFA-SegmentedRaftLog:OPENED:c-1, conf=-1: peers:[s0|localhost:15000, s1|localhost:15004, s2|localhost:15008]|listeners:[], old=null RUNNING
  s1:  RUNNING  FOLLOWER s1@group-8B7AE04D6EFA:t0, leader=null, voted=, raftlog=Memoized:s1@group-8B7AE04D6EFA-SegmentedRaftLog:OPENED:c-1, conf=-1: peers:[s0|localhost:15000, s1|localhost:15004, s2|localhost:15008]|listeners:[], old=null RUNNING
  s2:  RUNNING  FOLLOWER s2@group-8B7AE04D6EFA:t0, leader=null, voted=, raftlog=Memoized:s2@group-8B7AE04D6EFA-SegmentedRaftLog:OPENED:c-1, conf=-1: peers:[s0|localhost:15000, s1|localhost:15004, s2|localhost:15008]|listeners:[], old=null RUNNING
2024-01-18 08:28:17,227 [s0@group-8B7AE04D6EFA-FollowerState] INFO  impl.FollowerState (FollowerState.java:run(143)) - s0@group-8B7AE04D6EFA-FollowerState: change to CANDIDATE, lastRpcElapsedTime:153751019ns, electionTimeout:151ms
2024-01-18 08:28:17,227 [s0@group-8B7AE04D6EFA-FollowerState] INFO  impl.RoleInfo (RoleInfo.java:shutdownFollowerState(111)) - s0: shutdown s0@group-8B7AE04D6EFA-FollowerState
2024-01-18 08:28:17,227 [s0@group-8B7AE04D6EFA-FollowerState] INFO  server.RaftServer$Division (RaftServerImpl.java:setRole(333)) - s0@group-8B7AE04D6EFA: changes role from  FOLLOWER to CANDIDATE at term 0 for changeToCandidate
2024-01-18 08:28:17,231 [s0@group-8B7AE04D6EFA-FollowerState] INFO  server.RaftServerConfigKeys (ConfUtils.java:logGet(46)) - raft.server.leaderelection.pre-vote = true (default)
2024-01-18 08:28:17,231 [s0@group-8B7AE04D6EFA-FollowerState] INFO  impl.RoleInfo (RoleInfo.java:updateAndGet(140)) - s0: start s0@group-8B7AE04D6EFA-LeaderElection1
2024-01-18 08:28:17,235 [s0@group-8B7AE04D6EFA-LeaderElection1] INFO  impl.LeaderElection (LeaderElection.java:askForVotes(321)) - s0@group-8B7AE04D6EFA-LeaderElection1 PRE_VOTE round 0: submit vote requests at term 0 for -1: peers:[s0|localhost:15000, s1|localhost:15004, s2|localhost:15008]|listeners:[], old=null
2024-01-18 08:28:17,259 [s1@group-8B7AE04D6EFA-FollowerState] INFO  impl.FollowerState (FollowerState.java:run(143)) - s1@group-8B7AE04D6EFA-FollowerState: change to CANDIDATE, lastRpcElapsedTime:161826520ns, electionTimeout:160ms
2024-01-18 08:28:17,259 [s1@group-8B7AE04D6EFA-FollowerState] INFO  impl.RoleInfo (RoleInfo.java:shutdownFollowerState(111)) - s1: shutdown s1@group-8B7AE04D6EFA-FollowerState
2024-01-18 08:28:17,259 [s1@group-8B7AE04D6EFA-FollowerState] INFO  server.RaftServer$Division (RaftServerImpl.java:setRole(333)) - s1@group-8B7AE04D6EFA: changes role from  FOLLOWER to CANDIDATE at term 0 for changeToCandidate
2024-01-18 08:28:17,259 [s1@group-8B7AE04D6EFA-FollowerState] INFO  server.RaftServerConfigKeys (ConfUtils.java:logGet(46)) - raft.server.leaderelection.pre-vote = true (default)
2024-01-18 08:28:17,259 [s1@group-8B7AE04D6EFA-FollowerState] INFO  impl.RoleInfo (RoleInfo.java:updateAndGet(140)) - s1: start s1@group-8B7AE04D6EFA-LeaderElection2
2024-01-18 08:28:17,261 [s1@group-8B7AE04D6EFA-LeaderElection2] INFO  impl.LeaderElection (LeaderElection.java:askForVotes(321)) - s1@group-8B7AE04D6EFA-LeaderElection2 PRE_VOTE round 0: submit vote requests at term 0 for -1: peers:[s0|localhost:15000, s1|localhost:15004, s2|localhost:15008]|listeners:[], old=null
2024-01-18 08:28:17,276 [s0@group-8B7AE04D6EFA-LeaderElection1] INFO  server.RaftServerConfigKeys (ConfUtils.java:logFallback(53)) - raft.server.rpc.first-election.timeout.min = 150ms (fallback to raft.server.rpc.timeout.min)
2024-01-18 08:28:17,276 [s0@group-8B7AE04D6EFA-LeaderElection1] INFO  server.RaftServerConfigKeys (ConfUtils.java:logFallback(53)) - raft.server.rpc.first-election.timeout.max = 300ms (fallback to raft.server.rpc.timeout.max)
2024-01-18 08:28:17,280 [s1@group-8B7AE04D6EFA-LeaderElection2] INFO  server.RaftServerConfigKeys (ConfUtils.java:logFallback(53)) - raft.server.rpc.first-election.timeout.min = 150ms (fallback to raft.server.rpc.timeout.min)
2024-01-18 08:28:17,281 [s1@group-8B7AE04D6EFA-LeaderElection2] INFO  server.RaftServerConfigKeys (ConfUtils.java:logFallback(53)) - raft.server.rpc.first-election.timeout.max = 300ms (fallback to raft.server.rpc.timeout.max)
2024-01-18 08:28:17,282 [HandlerDaemon-0] INFO  server.RaftServer$Division (RaftServerImpl.java:requestVote(1386)) - s1@group-8B7AE04D6EFA: receive requestVote(PRE_VOTE, s0, group-8B7AE04D6EFA, 0, (t:0, i:0))
2024-01-18 08:28:17,284 [HandlerDaemon-0] INFO  impl.VoteContext (VoteContext.java:log(49)) - s1@group-8B7AE04D6EFA-CANDIDATE: accept PRE_VOTE from s0: our priority 0 <= candidate's priority 0
2024-01-18 08:28:17,284 [HandlerDaemon-0] INFO  server.RaftServer$Division (RaftServerImpl.java:requestVote(1386)) - s0@group-8B7AE04D6EFA: receive requestVote(PRE_VOTE, s1, group-8B7AE04D6EFA, 0, (t:0, i:0))
2024-01-18 08:28:17,284 [HandlerDaemon-0] INFO  server.RaftServer$Division (RaftServerImpl.java:requestVote(1386)) - s2@group-8B7AE04D6EFA: receive requestVote(PRE_VOTE, s0, group-8B7AE04D6EFA, 0, (t:0, i:0))
2024-01-18 08:28:17,284 [HandlerDaemon-0] INFO  impl.VoteContext (VoteContext.java:log(49)) - s0@group-8B7AE04D6EFA-CANDIDATE: accept PRE_VOTE from s1: our priority 0 <= candidate's priority 0
2024-01-18 08:28:17,284 [HandlerDaemon-0] INFO  impl.VoteContext (VoteContext.java:log(49)) - s2@group-8B7AE04D6EFA-FOLLOWER: accept PRE_VOTE from s0: our priority 0 <= candidate's priority 0
2024-01-18 08:28:17,290 [HandlerDaemon-1] INFO  server.RaftServer$Division (RaftServerImpl.java:requestVote(1386)) - s2@group-8B7AE04D6EFA: receive requestVote(PRE_VOTE, s1, group-8B7AE04D6EFA, 0, (t:0, i:0))
2024-01-18 08:28:17,294 [HandlerDaemon-0] INFO  server.RaftServer$Division (RaftServerImpl.java:requestVote(1419)) - s0@group-8B7AE04D6EFA replies to PRE_VOTE vote request: s1<-s0#0:OK-t0. Peer's state: s0@group-8B7AE04D6EFA:t0, leader=null, voted=, raftlog=Memoized:s0@group-8B7AE04D6EFA-SegmentedRaftLog:OPENED:c-1, conf=-1: peers:[s0|localhost:15000, s1|localhost:15004, s2|localhost:15008]|listeners:[], old=null
2024-01-18 08:28:17,294 [HandlerDaemon-0] INFO  server.RaftServer$Division (RaftServerImpl.java:requestVote(1419)) - s1@group-8B7AE04D6EFA replies to PRE_VOTE vote request: s0<-s1#0:OK-t0. Peer's state: s1@group-8B7AE04D6EFA:t0, leader=null, voted=, raftlog=Memoized:s1@group-8B7AE04D6EFA-SegmentedRaftLog:OPENED:c-1, conf=-1: peers:[s0|localhost:15000, s1|localhost:15004, s2|localhost:15008]|listeners:[], old=null
2024-01-18 08:28:17,294 [HandlerDaemon-0] INFO  server.RaftServer$Division (RaftServerImpl.java:requestVote(1419)) - s2@group-8B7AE04D6EFA replies to PRE_VOTE vote request: s0<-s2#0:OK-t0. Peer's state: s2@group-8B7AE04D6EFA:t0, leader=null, voted=, raftlog=Memoized:s2@group-8B7AE04D6EFA-SegmentedRaftLog:OPENED:c-1, conf=-1: peers:[s0|localhost:15000, s1|localhost:15004, s2|localhost:15008]|listeners:[], old=null
2024-01-18 08:28:17,294 [HandlerDaemon-1] INFO  impl.VoteContext (VoteContext.java:log(49)) - s2@group-8B7AE04D6EFA-FOLLOWER: accept PRE_VOTE from s1: our priority 0 <= candidate's priority 0
2024-01-18 08:28:17,294 [HandlerDaemon-1] INFO  server.RaftServer$Division (RaftServerImpl.java:requestVote(1419)) - s2@group-8B7AE04D6EFA replies to PRE_VOTE vote request: s1<-s2#0:OK-t0. Peer's state: s2@group-8B7AE04D6EFA:t0, leader=null, voted=, raftlog=Memoized:s2@group-8B7AE04D6EFA-SegmentedRaftLog:OPENED:c-1, conf=-1: peers:[s0|localhost:15000, s1|localhost:15004, s2|localhost:15008]|listeners:[], old=null
2024-01-18 08:28:17,295 [s1@group-8B7AE04D6EFA-LeaderElection2] INFO  impl.LeaderElection (LeaderElection.java:logAndReturn(89)) - s1@group-8B7AE04D6EFA-LeaderElection2: PRE_VOTE PASSED received 1 response(s) and 0 exception(s):
2024-01-18 08:28:17,295 [s0@group-8B7AE04D6EFA-LeaderElection1] INFO  impl.LeaderElection (LeaderElection.java:logAndReturn(89)) - s0@group-8B7AE04D6EFA-LeaderElection1: PRE_VOTE PASSED received 1 response(s) and 0 exception(s):
2024-01-18 08:28:17,295 [s1@group-8B7AE04D6EFA-LeaderElection2] INFO  impl.LeaderElection (LeaderElection.java:logAndReturn(93)) -   Response 0: s1<-s0#0:OK-t0
2024-01-18 08:28:17,296 [s0@group-8B7AE04D6EFA-LeaderElection1] INFO  impl.LeaderElection (LeaderElection.java:logAndReturn(93)) -   Response 0: s0<-s1#0:OK-t0
2024-01-18 08:28:17,296 [s1@group-8B7AE04D6EFA-LeaderElection2] INFO  impl.LeaderElection (LeaderElection.java:askForVotes(323)) - s1@group-8B7AE04D6EFA-LeaderElection2 PRE_VOTE round 0: result PASSED
2024-01-18 08:28:17,296 [s0@group-8B7AE04D6EFA-LeaderElection1] INFO  impl.LeaderElection (LeaderElection.java:askForVotes(323)) - s0@group-8B7AE04D6EFA-LeaderElection1 PRE_VOTE round 0: result PASSED
2024-01-18 08:28:17,296 [s1@group-8B7AE04D6EFA-LeaderElection2] TRACE util.FileUtils (LogUtils.java:supplyAndLog(69)) - Successfully supplied FileChannel.open /home/runner/work/ratis/ratis/ratis-test/target/test/data/55ba147b/MiniRaftClusterWithSimulatedRpc9f02a5b1/s1/9ec4484b-c9f0-40d4-abd8-8b7ae04d6efa/current/raft-meta.tmp with options [CREATE, WRITE]: sun.nio.ch.FileChannelImpl@4b38af5f
2024-01-18 08:28:17,296 [s0@group-8B7AE04D6EFA-LeaderElection1] TRACE util.FileUtils (LogUtils.java:supplyAndLog(69)) - Successfully supplied FileChannel.open /home/runner/work/ratis/ratis/ratis-test/target/test/data/55ba147b/MiniRaftClusterWithSimulatedRpc9f02a5b1/s0/9ec4484b-c9f0-40d4-abd8-8b7ae04d6efa/current/raft-meta.tmp with options [CREATE, WRITE]: sun.nio.ch.FileChannelImpl@3f1efd9b
2024-01-18 08:28:17,298 [s0@group-8B7AE04D6EFA-LeaderElection1] TRACE util.FileUtils (LogUtils.java:runAndLog(49)) - Successfully ran Atomic Files.move /home/runner/work/ratis/ratis/ratis-test/target/test/data/55ba147b/MiniRaftClusterWithSimulatedRpc9f02a5b1/s0/9ec4484b-c9f0-40d4-abd8-8b7ae04d6efa/current/raft-meta.tmp to /home/runner/work/ratis/ratis/ratis-test/target/test/data/55ba147b/MiniRaftClusterWithSimulatedRpc9f02a5b1/s0/9ec4484b-c9f0-40d4-abd8-8b7ae04d6efa/current/raft-meta with options [REPLACE_EXISTING]
2024-01-18 08:28:17,299 [s0@group-8B7AE04D6EFA-LeaderElection1] INFO  impl.LeaderElection (LeaderElection.java:askForVotes(321)) - s0@group-8B7AE04D6EFA-LeaderElection1 ELECTION round 0: submit vote requests at term 1 for -1: peers:[s0|localhost:15000, s1|localhost:15004, s2|localhost:15008]|listeners:[], old=null
2024-01-18 08:28:17,299 [s0@group-8B7AE04D6EFA-LeaderElection1] INFO  server.RaftServerConfigKeys (ConfUtils.java:logFallback(53)) - raft.server.rpc.first-election.timeout.min = 150ms (fallback to raft.server.rpc.timeout.min)
2024-01-18 08:28:17,299 [s0@group-8B7AE04D6EFA-LeaderElection1] INFO  server.RaftServerConfigKeys (ConfUtils.java:logFallback(53)) - raft.server.rpc.first-election.timeout.max = 300ms (fallback to raft.server.rpc.timeout.max)
2024-01-18 08:28:17,300 [HandlerDaemon-1] INFO  server.RaftServer$Division (RaftServerImpl.java:requestVote(1386)) - s1@group-8B7AE04D6EFA: receive requestVote(ELECTION, s0, group-8B7AE04D6EFA, 1, (t:0, i:0))
2024-01-18 08:28:17,299 [s1@group-8B7AE04D6EFA-LeaderElection2] TRACE util.FileUtils (LogUtils.java:runAndLog(49)) - Successfully ran Atomic Files.move /home/runner/work/ratis/ratis/ratis-test/target/test/data/55ba147b/MiniRaftClusterWithSimulatedRpc9f02a5b1/s1/9ec4484b-c9f0-40d4-abd8-8b7ae04d6efa/current/raft-meta.tmp to /home/runner/work/ratis/ratis/ratis-test/target/test/data/55ba147b/MiniRaftClusterWithSimulatedRpc9f02a5b1/s1/9ec4484b-c9f0-40d4-abd8-8b7ae04d6efa/current/raft-meta with options [REPLACE_EXISTING]
2024-01-18 08:28:17,300 [s1@group-8B7AE04D6EFA-LeaderElection2] INFO  impl.LeaderElection (LeaderElection.java:askForVotes(321)) - s1@group-8B7AE04D6EFA-LeaderElection2 ELECTION round 0: submit vote requests at term 1 for -1: peers:[s0|localhost:15000, s1|localhost:15004, s2|localhost:15008]|listeners:[], old=null
2024-01-18 08:28:17,301 [HandlerDaemon-1] INFO  impl.VoteContext (VoteContext.java:log(49)) - s1@group-8B7AE04D6EFA-CANDIDATE: reject ELECTION from s0: already has voted for s1 at current term 1
2024-01-18 08:28:17,301 [HandlerDaemon-1] INFO  server.RaftServer$Division (RaftServerImpl.java:requestVote(1419)) - s1@group-8B7AE04D6EFA replies to ELECTION vote request: s0<-s1#0:FAIL-t1. Peer's state: s1@group-8B7AE04D6EFA:t1, leader=null, voted=s1, raftlog=Memoized:s1@group-8B7AE04D6EFA-SegmentedRaftLog:OPENED:c-1, conf=-1: peers:[s0|localhost:15000, s1|localhost:15004, s2|localhost:15008]|listeners:[], old=null
2024-01-18 08:28:17,302 [HandlerDaemon-2] INFO  server.RaftServer$Division (RaftServerImpl.java:requestVote(1386)) - s2@group-8B7AE04D6EFA: receive requestVote(ELECTION, s0, group-8B7AE04D6EFA, 1, (t:0, i:0))
2024-01-18 08:28:17,302 [HandlerDaemon-2] INFO  impl.VoteContext (VoteContext.java:log(49)) - s2@group-8B7AE04D6EFA-FOLLOWER: accept ELECTION from s0: our priority 0 <= candidate's priority 0
2024-01-18 08:28:17,303 [HandlerDaemon-2] INFO  server.RaftServer$Division (RaftServerImpl.java:setRole(333)) - s2@group-8B7AE04D6EFA: changes role from  FOLLOWER to FOLLOWER at term 1 for candidate:s0
2024-01-18 08:28:17,303 [HandlerDaemon-2] INFO  impl.RoleInfo (RoleInfo.java:shutdownFollowerState(111)) - s2: shutdown s2@group-8B7AE04D6EFA-FollowerState
2024-01-18 08:28:17,303 [s1@group-8B7AE04D6EFA-LeaderElection2] INFO  server.RaftServerConfigKeys (ConfUtils.java:logFallback(53)) - raft.server.rpc.first-election.timeout.min = 150ms (fallback to raft.server.rpc.timeout.min)
2024-01-18 08:28:17,303 [s1@group-8B7AE04D6EFA-LeaderElection2] INFO  server.RaftServerConfigKeys (ConfUtils.java:logFallback(53)) - raft.server.rpc.first-election.timeout.max = 300ms (fallback to raft.server.rpc.timeout.max)
2024-01-18 08:28:17,304 [HandlerDaemon-2] INFO  impl.RoleInfo (RoleInfo.java:updateAndGet(140)) - s2: start s2@group-8B7AE04D6EFA-FollowerState
2024-01-18 08:28:17,304 [HandlerDaemon-1] INFO  server.RaftServer$Division (RaftServerImpl.java:requestVote(1386)) - s0@group-8B7AE04D6EFA: receive requestVote(ELECTION, s1, group-8B7AE04D6EFA, 1, (t:0, i:0))
2024-01-18 08:28:17,304 [s2@group-8B7AE04D6EFA-FollowerState] INFO  impl.FollowerState (FollowerState.java:run(152)) - s2@group-8B7AE04D6EFA-FollowerState was interrupted
2024-01-18 08:28:17,304 [HandlerDaemon-1] INFO  impl.VoteContext (VoteContext.java:log(49)) - s0@group-8B7AE04D6EFA-CANDIDATE: reject ELECTION from s1: already has voted for s0 at current term 1
2024-01-18 08:28:17,304 [HandlerDaemon-1] INFO  server.RaftServer$Division (RaftServerImpl.java:requestVote(1419)) - s0@group-8B7AE04D6EFA replies to ELECTION vote request: s1<-s0#0:FAIL-t1. Peer's state: s0@group-8B7AE04D6EFA:t1, leader=null, voted=s0, raftlog=Memoized:s0@group-8B7AE04D6EFA-SegmentedRaftLog:OPENED:c-1, conf=-1: peers:[s0|localhost:15000, s1|localhost:15004, s2|localhost:15008]|listeners:[], old=null
2024-01-18 08:28:17,305 [HandlerDaemon-1] INFO  server.RaftServer$Division (RaftServerImpl.java:requestVote(1386)) - s2@group-8B7AE04D6EFA: receive requestVote(ELECTION, s1, group-8B7AE04D6EFA, 1, (t:0, i:0))
2024-01-18 08:28:17,308 [HandlerDaemon-2] INFO  server.RaftServer$Division (RaftServerImpl.java:setFirstElection(505)) - s2@group-8B7AE04D6EFA: set firstElectionSinceStartup to false for candidate:s0
2024-01-18 08:28:17,308 [HandlerDaemon-2] TRACE util.FileUtils (LogUtils.java:supplyAndLog(69)) - Successfully supplied FileChannel.open /home/runner/work/ratis/ratis/ratis-test/target/test/data/55ba147b/MiniRaftClusterWithSimulatedRpc9f02a5b1/s2/9ec4484b-c9f0-40d4-abd8-8b7ae04d6efa/current/raft-meta.tmp with options [CREATE, WRITE]: sun.nio.ch.FileChannelImpl@3fb51b91
[...]
2024-01-18 08:28:27,381 [HandlerDaemon-0] DEBUG raftlog.RaftLog (SegmentedRaftLog.java:appendImpl(469)) - truncateIndex=-1, arrayIndex=0
2024-01-18 08:28:27,381 [HandlerDaemon-0] INFO  segmented.SegmentedRaftLogWorker (SegmentedRaftLogWorker.java:rollLogSegment(435)) - s1@group-43AA5345169C-SegmentedRaftLogWorker: Rolling segment log-0_2 to index:2
2024-01-18 08:28:27,382 [s1@group-43AA5345169C-SegmentedRaftLogWorker] TRACE util.FileUtils (LogUtils.java:runAndLog(49)) - Successfully ran Atomic Files.move /home/runner/work/ratis/ratis/ratis-test/target/test/data/55ba147b/MiniRaftClusterWithSimulatedRpcf6c49e87/s1/9ead7896-b8c5-4580-b5d6-43aa5345169c/current/log_inprogress_0 to /home/runner/work/ratis/ratis/ratis-test/target/test/data/55ba147b/MiniRaftClusterWithSimulatedRpcf6c49e87/s1/9ead7896-b8c5-4580-b5d6-43aa5345169c/current/log_0-2
2024-01-18 08:28:27,382 [s1@group-43AA5345169C-SegmentedRaftLogWorker] INFO  segmented.SegmentedRaftLogWorker (SegmentedRaftLogWorker.java:execute(591)) - s1@group-43AA5345169C-SegmentedRaftLogWorker: Rolled log segment from /home/runner/work/ratis/ratis/ratis-test/target/test/data/55ba147b/MiniRaftClusterWithSimulatedRpcf6c49e87/s1/9ead7896-b8c5-4580-b5d6-43aa5345169c/current/log_inprogress_0 to /home/runner/work/ratis/ratis/ratis-test/target/test/data/55ba147b/MiniRaftClusterWithSimulatedRpcf6c49e87/s1/9ead7896-b8c5-4580-b5d6-43aa5345169c/current/log_0-2
2024-01-18 08:28:27,382 [s1@group-43AA5345169C-SegmentedRaftLogWorker] INFO  segmented.BufferedWriteChannel (BufferedWriteChannel.java:open(62)) - open log_inprogress_3 at position 0
2024-01-18 08:28:27,392 [s0@group-43AA5345169C-SegmentedRaftLogWorker] INFO  segmented.SegmentedRaftLogWorker (SegmentedRaftLogWorker.java:execute(634)) - s0@group-43AA5345169C-SegmentedRaftLogWorker: created new log segment /home/runner/work/ratis/ratis/ratis-test/target/test/data/55ba147b/MiniRaftClusterWithSimulatedRpcf6c49e87/s0/9ead7896-b8c5-4580-b5d6-43aa5345169c/current/log_inprogress_3
2024-01-18 08:28:27,393 [s1@group-43AA5345169C-SegmentedRaftLogWorker] INFO  segmented.SegmentedRaftLogWorker (SegmentedRaftLogWorker.java:execute(634)) - s1@group-43AA5345169C-SegmentedRaftLogWorker: created new log segment /home/runner/work/ratis/ratis/ratis-test/target/test/data/55ba147b/MiniRaftClusterWithSimulatedRpcf6c49e87/s1/9ead7896-b8c5-4580-b5d6-43aa5345169c/current/log_inprogress_3
2024-01-18 08:28:27,393 [s0-server-thread1] DEBUG server.RaftServer$Division (RaftServerImpl.java:logAppendEntries(1516)) - s0@group-43AA5345169C: succeeded to handle AppendEntries. Reply: s2<-s0#175:OK-t2,SUCCESS,nextIndex=4,followerCommit=2,matchIndex=3
2024-01-18 08:28:27,394 [s1-server-thread1] DEBUG server.RaftServer$Division (RaftServerImpl.java:logAppendEntries(1516)) - s1@group-43AA5345169C: succeeded to handle AppendEntries. Reply: s2<-s1#176:OK-t2,SUCCESS,nextIndex=4,followerCommit=2,matchIndex=3
2024-01-18 08:28:27,394 [s2@group-43AA5345169C-StateMachineUpdater] TRACE util.FileUtils (LogUtils.java:supplyAndLog(69)) - Successfully supplied FileChannel.open /home/runner/work/ratis/ratis/ratis-test/target/test/data/55ba147b/MiniRaftClusterWithSimulatedRpcf6c49e87/s2/9ead7896-b8c5-4580-b5d6-43aa5345169c/current/raft-meta.conf.tmp with options [CREATE, WRITE]: sun.nio.ch.FileChannelImpl@48e62e70
2024-01-18 08:28:27,394 [HandlerDaemon-1] DEBUG server.RaftServer$Division (RaftServerImpl.java:logAppendEntries(1516)) - s0@group-43AA5345169C: receive appendEntries(s2, 2, (t:2, i:3), 3, false, commits:[s2:c3, s0:c2, s1:c2], cId:177, entries: [(t:2, i:4), METADATAENTRY(c:3)]
2024-01-18 08:28:27,395 [HandlerDaemon-1] DEBUG raftlog.RaftLog (SegmentedRaftLog.java:appendImpl(469)) - truncateIndex=-1, arrayIndex=0
2024-01-18 08:28:27,395 [HandlerDaemon-1] DEBUG server.RaftServer$Division (RaftServerImpl.java:logAppendEntries(1516)) - s1@group-43AA5345169C: receive appendEntries(s2, 2, (t:2, i:3), 3, false, commits:[s2:c3, s0:c2, s1:c2], cId:178, entries: [(t:2, i:4), METADATAENTRY(c:3)]
2024-01-18 08:28:27,395 [s0-server-thread1] DEBUG server.RaftServer$Division (RaftServerImpl.java:logAppendEntries(1516)) - s0@group-43AA5345169C: succeeded to handle AppendEntries. Reply: s2<-s0#177:OK-t2,SUCCESS,nextIndex=5,followerCommit=3,matchIndex=4
2024-01-18 08:28:27,395 [s0@group-43AA5345169C-StateMachineUpdater] TRACE util.FileUtils (LogUtils.java:supplyAndLog(69)) - Successfully supplied FileChannel.open /home/runner/work/ratis/ratis/ratis-test/target/test/data/55ba147b/MiniRaftClusterWithSimulatedRpcf6c49e87/s0/9ead7896-b8c5-4580-b5d6-43aa5345169c/current/raft-meta.conf.tmp with options [CREATE, WRITE]: sun.nio.ch.FileChannelImpl@77c9b074
2024-01-18 08:28:27,395 [HandlerDaemon-1] DEBUG raftlog.RaftLog (SegmentedRaftLog.java:appendImpl(469)) - truncateIndex=-1, arrayIndex=0
2024-01-18 08:28:27,396 [s1-server-thread1] DEBUG server.RaftServer$Division (RaftServerImpl.java:logAppendEntries(1516)) - s1@group-43AA5345169C: succeeded to handle AppendEntries. Reply: s2<-s1#178:OK-t2,SUCCESS,nextIndex=5,followerCommit=3,matchIndex=4
2024-01-18 08:28:27,396 [s1@group-43AA5345169C-StateMachineUpdater] TRACE util.FileUtils (LogUtils.java:supplyAndLog(69)) - Successfully supplied FileChannel.open /home/runner/work/ratis/ratis/ratis-test/target/test/data/55ba147b/MiniRaftClusterWithSimulatedRpcf6c49e87/s1/9ead7896-b8c5-4580-b5d6-43aa5345169c/current/raft-meta.conf.tmp with options [CREATE, WRITE]: sun.nio.ch.FileChannelImpl@24ec2fe6
2024-01-18 08:28:27,397 [s2@group-43AA5345169C-StateMachineUpdater] TRACE util.FileUtils (LogUtils.java:runAndLog(49)) - Successfully ran Atomic Files.move /home/runner/work/ratis/ratis/ratis-test/target/test/data/55ba147b/MiniRaftClusterWithSimulatedRpcf6c49e87/s2/9ead7896-b8c5-4580-b5d6-43aa5345169c/current/raft-meta.conf.tmp to /home/runner/work/ratis/ratis/ratis-test/target/test/data/55ba147b/MiniRaftClusterWithSimulatedRpcf6c49e87/s2/9ead7896-b8c5-4580-b5d6-43aa5345169c/current/raft-meta.conf with options [REPLACE_EXISTING]
2024-01-18 08:28:27,397 [s2@group-43AA5345169C-StateMachineUpdater] INFO  server.RaftServer$Division (LeaderStateImpl.java:isApplied(321)) - leader is ready since appliedIndex == 3 >= startIndex == 3
2024-01-18 08:28:27,397 [s1@group-43AA5345169C-StateMachineUpdater] TRACE util.FileUtils (LogUtils.java:runAndLog(49)) - Successfully ran Atomic Files.move /home/runner/work/ratis/ratis/ratis-test/target/test/data/55ba147b/MiniRaftClusterWithSimulatedRpcf6c49e87/s1/9ead7896-b8c5-4580-b5d6-43aa5345169c/current/raft-meta.conf.tmp to /home/runner/work/ratis/ratis/ratis-test/target/test/data/55ba147b/MiniRaftClusterWithSimulatedRpcf6c49e87/s1/9ead7896-b8c5-4580-b5d6-43aa5345169c/current/raft-meta.conf with options [REPLACE_EXISTING]
2024-01-18 08:28:27,398 [s0@group-43AA5345169C-StateMachineUpdater] TRACE util.FileUtils (LogUtils.java:runAndLog(49)) - Successfully ran Atomic Files.move /home/runner/work/ratis/ratis/ratis-test/target/test/data/55ba147b/MiniRaftClusterWithSimulatedRpcf6c49e87/s0/9ead7896-b8c5-4580-b5d6-43aa5345169c/current/raft-meta.conf.tmp to /home/runner/work/ratis/ratis/ratis-test/target/test/data/55ba147b/MiniRaftClusterWithSimulatedRpcf6c49e87/s0/9ead7896-b8c5-4580-b5d6-43aa5345169c/current/raft-meta.conf with options [REPLACE_EXISTING]
2024-01-18 08:28:27,702 [Time-limited test] INFO  ratis.RaftTestUtil (RaftTestUtil.java:waitForLeader(124)) - printing ALL groups
  s0:  RUNNING  FOLLOWER s0@group-43AA5345169C:t2, leader=s2, voted=s2, raftlog=Memoized:s0@group-43AA5345169C-SegmentedRaftLog:OPENED:c4, conf=3: peers:[s0|localhost:15024, s1|localhost:15028, s2|localhost:15032]|listeners:[], old=null RUNNING
  s1:  RUNNING  FOLLOWER s1@group-43AA5345169C:t2, leader=s2, voted=s2, raftlog=Memoized:s1@group-43AA5345169C-SegmentedRaftLog:OPENED:c4, conf=3: peers:[s0|localhost:15024, s1|localhost:15028, s2|localhost:15032]|listeners:[], old=null RUNNING
  s2:  RUNNING    LEADER s2@group-43AA5345169C:t2, leader=s2, voted=s2, raftlog=Memoized:s2@group-43AA5345169C-SegmentedRaftLog:OPENED:c4, conf=3: peers:[s0|localhost:15024, s1|localhost:15028, s2|localhost:15032]|listeners:[], old=null RUNNING
2024-01-18 08:28:27,702 [s2-client-thread1] DEBUG server.RaftServer$Division (RaftServerImpl.java:submitClientRequestAsync(880)) - s2@group-43AA5345169C: receive client request(RaftClientRequest:client-848C94A538BA->s2@group-43AA5345169C, cid=999, seq=null, RW, message)
2024-01-18 08:28:27,708 [s2@group-43AA5345169C-LeaderStateImpl] INFO  server.RaftServer$Division (RaftServerImpl.java:setRole(333)) - s2@group-43AA5345169C: changes role from    LEADER to FOLLOWER at term 2 for StepDownReason:STATE_MACHINE_EXCEPTION
2024-01-18 08:28:27,708 [s2@group-43AA5345169C-LeaderStateImpl] INFO  impl.RoleInfo (RoleInfo.java:shutdownLeaderState(95)) - s2: shutdown s2@group-43AA5345169C-LeaderStateImpl
2024-01-18 08:28:27,708 [s2@group-43AA5345169C->s0-LogAppenderDefault-LogAppenderDaemon] INFO  leader.LogAppenderDaemon (LogAppenderDaemon.java:run(85)) - s2@group-43AA5345169C->s0-LogAppenderDefault-LogAppenderDaemon was interrupted: java.lang.InterruptedException
2024-01-18 08:28:27,708 [Time-limited test] INFO  impl.MiniRaftCluster (MiniRaftCluster.java:shutdown(832)) - ************************************************************** 
2024-01-18 08:28:27,708 [Time-limited test] INFO  impl.MiniRaftCluster (MiniRaftCluster.java:shutdown(833)) - *** 
2024-01-18 08:28:27,708 [s2@group-43AA5345169C-LeaderStateImpl] INFO  impl.PendingRequests (PendingRequests.java:sendNotLeaderResponses(287)) - s2@group-43AA5345169C-PendingRequests: sendNotLeaderResponses
2024-01-18 08:28:27,708 [s2@group-43AA5345169C->s1-LogAppenderDefault-LogAppenderDaemon] INFO  leader.LogAppenderDaemon (LogAppenderDaemon.java:run(85)) - s2@group-43AA5345169C->s1-LogAppenderDefault-LogAppenderDaemon was interrupted: java.lang.InterruptedException
2024-01-18 08:28:27,708 [Time-limited test] INFO  impl.MiniRaftCluster (MiniRaftCluster.java:shutdown(834)) - ***     Stopping MiniRaftClusterWithSimulatedRpc
2024-01-18 08:28:27,709 [Time-limited test] INFO  impl.MiniRaftCluster (MiniRaftCluster.java:shutdown(835)) - *** 
2024-01-18 08:28:27,709 [Time-limited test] INFO  impl.MiniRaftCluster (MiniRaftCluster.java:shutdown(836)) - ************************************************************** 
2024-01-18 08:28:27,709 [s2@group-43AA5345169C-LeaderStateImpl] INFO  server.RaftServer$Division (ServerState.java:setLeader(269)) - s2@group-43AA5345169C: change Leader from s2 to null at term 2 for StepDownReason:STATE_MACHINE_EXCEPTION
2024-01-18 08:28:27,709 [Time-limited test] INFO  impl.MiniRaftCluster (MiniRaftCluster.java:shutdown(837)) - printing ALL groups
  s0:  RUNNING  FOLLOWER s0@group-43AA5345169C:t2, leader=s2, voted=s2, raftlog=Memoized:s0@group-43AA5345169C-SegmentedRaftLog:OPENED:c4, conf=3: peers:[s0|localhost:15024, s1|localhost:15028, s2|localhost:15032]|listeners:[], old=null RUNNING
  s1:  RUNNING  FOLLOWER s1@group-43AA5345169C:t2, leader=s2, voted=s2, raftlog=Memoized:s1@group-43AA5345169C-SegmentedRaftLog:OPENED:c4, conf=3: peers:[s0|localhost:15024, s1|localhost:15028, s2|localhost:15032]|listeners:[], old=null RUNNING
  s2:  RUNNING  FOLLOWER s2@group-43AA5345169C:t2, leader=null, voted=s2, raftlog=Memoized:s2@group-43AA5345169C-SegmentedRaftLog:OPENED:c4, conf=3: peers:[s0|localhost:15024, s1|localhost:15028, s2|localhost:15032]|listeners:[], old=null RUNNING
2024-01-18 08:28:27,709 [s2@group-43AA5345169C-LeaderStateImpl] INFO  impl.RoleInfo (RoleInfo.java:updateAndGet(140)) - s2: start s2@group-43AA5345169C-FollowerState
2024-01-18 08:28:27,711 [MiniRaftCluster-10] INFO  server.RaftServer (RaftServerProxy.java:lambda$close$9(417)) - s0: close
2024-01-18 08:28:27,712 [s0-impl-thread1] INFO  server.RaftServer$Division (RaftServerImpl.java:lambda$close$1(457)) - s0@group-43AA5345169C: shutdown
2024-01-18 08:28:27,712 [s0-impl-thread1] INFO  util.JmxRegister (JmxRegister.java:unregister(74)) - Successfully un-registered JMX Bean with object name Ratis:service=RaftServer,group=group-43AA5345169C,id=s0
2024-01-18 08:28:27,712 [s0-impl-thread1] INFO  impl.RoleInfo (RoleInfo.java:shutdownFollowerState(111)) - s0: shutdown s0@group-43AA5345169C-FollowerState
2024-01-18 08:28:27,713 [s0-impl-thread1] INFO  impl.StateMachineUpdater (StateMachineUpdater.java:stopAndJoin(157)) - s0@group-43AA5345169C-StateMachineUpdater: set stopIndex = 4
2024-01-18 08:28:27,713 [s0@group-43AA5345169C-FollowerState] INFO  impl.FollowerState (FollowerState.java:run(152)) - s0@group-43AA5345169C-FollowerState was interrupted
2024-01-18 08:28:27,713 [MiniRaftCluster-11] INFO  server.RaftServer (RaftServerProxy.java:lambda$close$9(417)) - s1: close
2024-01-18 08:28:27,713 [HandlerDaemon-0] INFO  simulation.RequestHandler (RequestHandler.java:run(127)) - s0.clientHandler0 is interrupted by java.io.InterruptedIOException: 
2024-01-18 08:28:27,713 [HandlerDaemon-1] INFO  simulation.RequestHandler (RequestHandler.java:run(127)) - s1.clientHandler1 is interrupted by java.io.InterruptedIOException: 
2024-01-18 08:28:27,714 [s1-impl-thread1] INFO  server.RaftServer$Division (RaftServerImpl.java:lambda$close$1(457)) - s1@group-43AA5345169C: shutdown
2024-01-18 08:28:27,713 [HandlerDaemon-1] INFO  simulation.RequestHandler (RequestHandler.java:run(127)) - s0.clientHandler1 is interrupted by java.io.InterruptedIOException: 
2024-01-18 08:28:27,713 [HandlerDaemon-2] INFO  simulation.RequestHandler (RequestHandler.java:run(127)) - s0.clientHandler2 is interrupted by java.io.InterruptedIOException: 
2024-01-18 08:28:27,714 [HandlerDaemon-2] INFO  simulation.RequestHandler (RequestHandler.java:run(127)) - s1.clientHandler2 is interrupted by java.io.InterruptedIOException: 
2024-01-18 08:28:27,713 [s0-impl-thread1] INFO  server.RaftServer$Division (ServerState.java:close(427)) - s0@group-43AA5345169C: applyIndex: 4
2024-01-18 08:28:27,714 [HandlerDaemon-0] INFO  simulation.RequestHandler (RequestHandler.java:run(127)) - s1.clientHandler0 is interrupted by java.io.InterruptedIOException: 
2024-01-18 08:28:27,714 [MiniRaftCluster-12] INFO  server.RaftServer (RaftServerProxy.java:lambda$close$9(417)) - s2: close
2024-01-18 08:28:27,714 [s1-impl-thread1] INFO  util.JmxRegister (JmxRegister.java:unregister(74)) - Successfully un-registered JMX Bean with object name Ratis:service=RaftServer,group=group-43AA5345169C,id=s1
2024-01-18 08:28:27,714 [HandlerDaemon-0] INFO  simulation.RequestHandler (RequestHandler.java:run(127)) - s0.serverHandler0 is interrupted by java.io.InterruptedIOException: 
2024-01-18 08:28:27,714 [HandlerDaemon-1] INFO  simulation.RequestHandler (RequestHandler.java:run(127)) - s0.serverHandler1 is interrupted by java.io.InterruptedIOException: 
2024-01-18 08:28:27,714 [s0@group-43AA5345169C-cacheEviction-AwaitToRun] INFO  util.AwaitToRun (AwaitToRun.java:run(49)) - s0@group-43AA5345169C-cacheEviction-AwaitToRun-AwaitForSignal is interrupted
2024-01-18 08:28:27,714 [HandlerDaemon-2] INFO  simulation.RequestHandler (RequestHandler.java:run(127)) - s0.serverHandler2 is interrupted by java.io.InterruptedIOException: 
2024-01-18 08:28:27,714 [s1-impl-thread1] INFO  impl.RoleInfo (RoleInfo.java:shutdownFollowerState(111)) - s1: shutdown s1@group-43AA5345169C-FollowerState
2024-01-18 08:28:27,715 [s2-impl-thread1] INFO  server.RaftServer$Division (RaftServerImpl.java:lambda$close$1(457)) - s2@group-43AA5345169C: shutdown
2024-01-18 08:28:27,715 [s2-impl-thread1] INFO  util.JmxRegister (JmxRegister.java:unregister(74)) - Successfully un-registered JMX Bean with object name Ratis:service=RaftServer,group=group-43AA5345169C,id=s2
2024-01-18 08:28:27,715 [s2-impl-thread1] INFO  impl.RoleInfo (RoleInfo.java:shutdownFollowerState(111)) - s2: shutdown s2@group-43AA5345169C-FollowerState
2024-01-18 08:28:27,715 [s2-impl-thread1] INFO  impl.StateMachineUpdater (StateMachineUpdater.java:stopAndJoin(157)) - s2@group-43AA5345169C-StateMachineUpdater: set stopIndex = 4
2024-01-18 08:28:27,715 [HandlerDaemon-0] INFO  simulation.RequestHandler (RequestHandler.java:run(127)) - s1.serverHandler0 is interrupted by java.io.InterruptedIOException: 
2024-01-18 08:28:27,715 [s1-impl-thread1] INFO  impl.StateMachineUpdater (StateMachineUpdater.java:stopAndJoin(157)) - s1@group-43AA5345169C-StateMachineUpdater: set stopIndex = 4
2024-01-18 08:28:27,715 [s2-impl-thread1] INFO  server.RaftServer$Division (ServerState.java:close(427)) - s2@group-43AA5345169C: applyIndex: 4
2024-01-18 08:28:27,715 [s1@group-43AA5345169C-FollowerState] INFO  impl.FollowerState (FollowerState.java:run(152)) - s1@group-43AA5345169C-FollowerState was interrupted
2024-01-18 08:28:27,715 [s2@group-43AA5345169C-cacheEviction-AwaitToRun] INFO  util.AwaitToRun (AwaitToRun.java:run(49)) - s2@group-43AA5345169C-cacheEviction-AwaitToRun-AwaitForSignal is interrupted
2024-01-18 08:28:27,716 [s1-impl-thread1] INFO  server.RaftServer$Division (ServerState.java:close(427)) - s1@group-43AA5345169C: applyIndex: 4
2024-01-18 08:28:27,715 [s2@group-43AA5345169C-FollowerState] INFO  impl.FollowerState (FollowerState.java:run(152)) - s2@group-43AA5345169C-FollowerState was interrupted
2024-01-18 08:28:27,715 [HandlerDaemon-2] INFO  simulation.RequestHandler (RequestHandler.java:run(127)) - s1.serverHandler2 is interrupted by java.io.InterruptedIOException: 
2024-01-18 08:28:27,715 [HandlerDaemon-1] INFO  simulation.RequestHandler (RequestHandler.java:run(127)) - s1.serverHandler1 is interrupted by java.io.InterruptedIOException: 
2024-01-18 08:28:27,716 [s1@group-43AA5345169C-cacheEviction-AwaitToRun] INFO  util.AwaitToRun (AwaitToRun.java:run(49)) - s1@group-43AA5345169C-cacheEviction-AwaitToRun-AwaitForSignal is interrupted
2024-01-18 08:28:27,715 [HandlerDaemon-1] INFO  simulation.RequestHandler (RequestHandler.java:run(127)) - s2.clientHandler1 is interrupted by java.io.InterruptedIOException: 
2024-01-18 08:28:27,715 [HandlerDaemon-2] INFO  simulation.RequestHandler (RequestHandler.java:run(127)) - s2.clientHandler2 is interrupted by java.io.InterruptedIOException: 
2024-01-18 08:28:27,715 [HandlerDaemon-0] INFO  simulation.RequestHandler (RequestHandler.java:run(127)) - s2.clientHandler0 is interrupted by java.io.InterruptedIOException: 
2024-01-18 08:28:27,717 [HandlerDaemon-0] INFO  simulation.RequestHandler (RequestHandler.java:run(127)) - s2.serverHandler0 is interrupted by java.io.InterruptedIOException: 
2024-01-18 08:28:27,717 [HandlerDaemon-1] INFO  simulation.RequestHandler (RequestHandler.java:run(127)) - s2.serverHandler1 is interrupted by java.io.InterruptedIOException: 
2024-01-18 08:28:27,717 [HandlerDaemon-2] INFO  simulation.RequestHandler (RequestHandler.java:run(127)) - s2.serverHandler2 is interrupted by java.io.InterruptedIOException: 
2024-01-18 08:28:28,395 [s2-impl-thread1] INFO  segmented.SegmentedRaftLogWorker (SegmentedRaftLogWorker.java:close(245)) - s2@group-43AA5345169C-SegmentedRaftLogWorker close()
2024-01-18 08:28:28,396 [JvmPauseMonitor8] INFO  util.JvmPauseMonitor (JvmPauseMonitor.java:run(152)) - JvmPauseMonitor-s2: Stopped
2024-01-18 08:28:28,396 [s0-impl-thread1] INFO  segmented.SegmentedRaftLogWorker (SegmentedRaftLogWorker.java:close(245)) - s0@group-43AA5345169C-SegmentedRaftLogWorker close()
2024-01-18 08:28:28,397 [s1-impl-thread1] INFO  segmented.SegmentedRaftLogWorker (SegmentedRaftLogWorker.java:close(245)) - s1@group-43AA5345169C-SegmentedRaftLogWorker close()
2024-01-18 08:28:28,397 [JvmPauseMonitor6] INFO  util.JvmPauseMonitor (JvmPauseMonitor.java:run(152)) - JvmPauseMonitor-s0: Stopped
2024-01-18 08:28:28,397 [JvmPauseMonitor7] INFO  util.JvmPauseMonitor (JvmPauseMonitor.java:run(152)) - JvmPauseMonitor-s1: Stopped
2024-01-18 08:28:28,398 [Time-limited test] INFO  impl.MiniRaftCluster (MiniRaftCluster.java:shutdown(856)) - MiniRaftClusterWithSimulatedRpc shutdown completed
]]></system-out>
  </testcase>
</testsuite>