<?xml version="1.0" encoding="UTF-8"?>
<testsuite xmlns:xsi="http://www.w3.org/2001/XMLSchema-instance" xsi:noNamespaceSchemaLocation="https://maven.apache.org/surefire/maven-surefire-plugin/xsd/surefire-test-report-3.0.xsd" version="3.0" name="org.apache.ratis.server.raftlog.segmented.TestSegmentedRaftLog" time="288.298" tests="49" errors="1" skipped="0" failures="0">
  <properties>
[...]
</properties>
  <testcase name="testAppendEntriesWithInconsistency(Boolean,Boolean)" classname="org.apache.ratis.server.raftlog.segmented.TestSegmentedRaftLog" time="4.856"/>
  <testcase name="testAppendEntriesWithInconsistency(Boolean,Boolean)" classname="org.apache.ratis.server.raftlog.segmented.TestSegmentedRaftLog" time="3.434"/>
  <testcase name="testAppendEntriesWithInconsistency(Boolean,Boolean)" classname="org.apache.ratis.server.raftlog.segmented.TestSegmentedRaftLog" time="3.378"/>
  <testcase name="testAppendEntriesWithInconsistency(Boolean,Boolean)" classname="org.apache.ratis.server.raftlog.segmented.TestSegmentedRaftLog" time="3.336"/>
  <testcase name="testTruncate(Boolean,Boolean)" classname="org.apache.ratis.server.raftlog.segmented.TestSegmentedRaftLog" time="15.308"/>
  <testcase name="testTruncate(Boolean,Boolean)" classname="org.apache.ratis.server.raftlog.segmented.TestSegmentedRaftLog" time="15.303"/>
  <testcase name="testTruncate(Boolean,Boolean)" classname="org.apache.ratis.server.raftlog.segmented.TestSegmentedRaftLog" time="15.314"/>
  <testcase name="testTruncate(Boolean,Boolean)" classname="org.apache.ratis.server.raftlog.segmented.TestSegmentedRaftLog" time="15.291"/>
  <testcase name="testPurgeOnClosedSegments" classname="org.apache.ratis.server.raftlog.segmented.TestSegmentedRaftLog" time="1.229"/>
  <testcase name="testPurgeOnClosedSegmentsWithPurgeGap" classname="org.apache.ratis.server.raftlog.segmented.TestSegmentedRaftLog" time="1.207"/>
  <testcase name="testServerShutdownOnTimeoutIOException(Boolean,Boolean)" classname="org.apache.ratis.server.raftlog.segmented.TestSegmentedRaftLog" time="1.335"/>
  <testcase name="testServerShutdownOnTimeoutIOException(Boolean,Boolean)" classname="org.apache.ratis.server.raftlog.segmented.TestSegmentedRaftLog" time="1.322"/>
  <testcase name="testServerShutdownOnTimeoutIOException(Boolean,Boolean)" classname="org.apache.ratis.server.raftlog.segmented.TestSegmentedRaftLog" time="1.323"/>
  <testcase name="testServerShutdownOnTimeoutIOException(Boolean,Boolean)" classname="org.apache.ratis.server.raftlog.segmented.TestSegmentedRaftLog" time="1.324"/>
  <testcase name="testPurgeAfterAppendEntry(Boolean,Boolean)" classname="org.apache.ratis.server.raftlog.segmented.TestSegmentedRaftLog" time="2.058"/>
  <testcase name="testPurgeAfterAppendEntry(Boolean,Boolean)" classname="org.apache.ratis.server.raftlog.segmented.TestSegmentedRaftLog" time="2.051"/>
  <testcase name="testPurgeAfterAppendEntry(Boolean,Boolean)" classname="org.apache.ratis.server.raftlog.segmented.TestSegmentedRaftLog" time="2.043"/>
  <testcase name="testPurgeAfterAppendEntry(Boolean,Boolean)" classname="org.apache.ratis.server.raftlog.segmented.TestSegmentedRaftLog" time="2.044"/>
  <testcase name="testPurgeOnOpenSegment" classname="org.apache.ratis.server.raftlog.segmented.TestSegmentedRaftLog" time="1.196"/>
  <testcase name="testPurgeWithLargePurgePreservationAndSmallPurgeGap" classname="org.apache.ratis.server.raftlog.segmented.TestSegmentedRaftLog" time="1.183"/>
  <testcase name="testPurgeLogMetric" classname="org.apache.ratis.server.raftlog.segmented.TestSegmentedRaftLog" time="1.207"/>
  <testcase name="testAppendAndRoll(Boolean,Boolean)" classname="org.apache.ratis.server.raftlog.segmented.TestSegmentedRaftLog" time="2.222"/>
  <testcase name="testAppendAndRoll(Boolean,Boolean)" classname="org.apache.ratis.server.raftlog.segmented.TestSegmentedRaftLog" time="2.217"/>
  <testcase name="testAppendAndRoll(Boolean,Boolean)" classname="org.apache.ratis.server.raftlog.segmented.TestSegmentedRaftLog" time="100.02">
    <error type="java.util.concurrent.TimeoutException"><![CDATA[java.util.concurrent.TimeoutException: testAppendAndRoll(java.lang.Boolean, java.lang.Boolean) timed out after 100 seconds
	at java.util.stream.ForEachOps$ForEachOp$OfRef.accept(ForEachOps.java:183)
	at java.util.stream.ReferencePipeline$3$1.accept(ReferencePipeline.java:193)
	at java.util.stream.ReferencePipeline$2$1.accept(ReferencePipeline.java:175)
	at java.util.stream.ReferencePipeline$3$1.accept(ReferencePipeline.java:193)
	at java.util.stream.ForEachOps$ForEachOp$OfRef.accept(ForEachOps.java:183)
	at java.util.stream.ReferencePipeline$3$1.accept(ReferencePipeline.java:193)
	at java.util.stream.ForEachOps$ForEachOp$OfRef.accept(ForEachOps.java:183)
	at java.util.stream.ForEachOps$ForEachOp$OfRef.accept(ForEachOps.java:183)
	at java.util.stream.ReferencePipeline$3$1.accept(ReferencePipeline.java:193)
	at java.util.Spliterators$ArraySpliterator.forEachRemaining(Spliterators.java:948)
	at java.util.stream.ReferencePipeline$Head.forEach(ReferencePipeline.java:647)
	at java.util.stream.ReferencePipeline$7$1.accept(ReferencePipeline.java:272)
	at java.util.stream.ReferencePipeline$3$1.accept(ReferencePipeline.java:193)
	at java.util.stream.ReferencePipeline$3$1.accept(ReferencePipeline.java:193)
	at java.util.stream.ReferencePipeline$3$1.accept(ReferencePipeline.java:193)
	at java.util.Spliterators$ArraySpliterator.forEachRemaining(Spliterators.java:948)
	at java.util.stream.AbstractPipeline.copyInto(AbstractPipeline.java:482)
	at java.util.stream.AbstractPipeline.wrapAndCopyInto(AbstractPipeline.java:472)
	at java.util.stream.ForEachOps$ForEachOp.evaluateSequential(ForEachOps.java:150)
	at java.util.stream.ForEachOps$ForEachOp$OfRef.evaluateSequential(ForEachOps.java:173)
	at java.util.stream.AbstractPipeline.evaluate(AbstractPipeline.java:234)
	at java.util.stream.ReferencePipeline.forEach(ReferencePipeline.java:485)
	at java.util.stream.ReferencePipeline$7$1.accept(ReferencePipeline.java:272)
	at java.util.ArrayList$ArrayListSpliterator.forEachRemaining(ArrayList.java:1384)
	at java.util.stream.AbstractPipeline.copyInto(AbstractPipeline.java:482)
	at java.util.stream.AbstractPipeline.wrapAndCopyInto(AbstractPipeline.java:472)
	at java.util.stream.ForEachOps$ForEachOp.evaluateSequential(ForEachOps.java:150)
	at java.util.stream.ForEachOps$ForEachOp$OfRef.evaluateSequential(ForEachOps.java:173)
	at java.util.stream.AbstractPipeline.evaluate(AbstractPipeline.java:234)
	at java.util.stream.ReferencePipeline.forEach(ReferencePipeline.java:485)
	at java.util.stream.ReferencePipeline$7$1.accept(ReferencePipeline.java:272)
	at java.util.stream.ReferencePipeline$3$1.accept(ReferencePipeline.java:193)
	at java.util.stream.ReferencePipeline$3$1.accept(ReferencePipeline.java:193)
	at java.util.stream.ReferencePipeline$3$1.accept(ReferencePipeline.java:193)
	at java.util.ArrayList$ArrayListSpliterator.forEachRemaining(ArrayList.java:1384)
	at java.util.stream.AbstractPipeline.copyInto(AbstractPipeline.java:482)
	at java.util.stream.AbstractPipeline.wrapAndCopyInto(AbstractPipeline.java:472)
	at java.util.stream.ForEachOps$ForEachOp.evaluateSequential(ForEachOps.java:150)
	at java.util.stream.ForEachOps$ForEachOp$OfRef.evaluateSequential(ForEachOps.java:173)
	at java.util.stream.AbstractPipeline.evaluate(AbstractPipeline.java:234)
	at java.util.stream.ReferencePipeline.forEach(ReferencePipeline.java:485)
	at java.util.stream.ReferencePipeline$7$1.accept(ReferencePipeline.java:272)
	at java.util.ArrayList$ArrayListSpliterator.forEachRemaining(ArrayList.java:1384)
	at java.util.stream.AbstractPipeline.copyInto(AbstractPipeline.java:482)
	at java.util.stream.AbstractPipeline.wrapAndCopyInto(AbstractPipeline.java:472)
	at java.util.stream.ForEachOps$ForEachOp.evaluateSequential(ForEachOps.java:150)
	at java.util.stream.ForEachOps$ForEachOp$OfRef.evaluateSequential(ForEachOps.java:173)
	at java.util.stream.AbstractPipeline.evaluate(AbstractPipeline.java:234)
	at java.util.stream.ReferencePipeline.forEach(ReferencePipeline.java:485)
	at java.util.ArrayList.forEach(ArrayList.java:1259)
	at java.util.ArrayList.forEach(ArrayList.java:1259)
]]></error>
    <system-out><![CDATA[2025-01-06 18:14:03,529 [main] INFO  util.LogUtils (Slf4jUtils.java:setLogLevel(38)) - Successfully set org.apache.ratis.conf.ConfUtils log level to WARN
2025-01-06 18:14:03,529 [main] INFO  util.LogUtils (Slf4jUtils.java:setLogLevel(38)) - Successfully set org.apache.ratis.util.FileUtils log level to TRACE
2025-01-06 18:14:03,530 [main] INFO  storage.RaftStorageDirectory (RaftStorageDirectoryImpl.java:analyzeStorage(138)) - The storage directory /home/runner/work/ratis/ratis/ratis-test/target/test/data/5d6300a6/TestSegmentedRaftLog/testAppendAndRoll does not exist. Creating ...
2025-01-06 18:14:03,531 [main] TRACE util.FileUtils (LogUtils.java:runAndLog(49)) - Successfully ran Files.createDirectories target/test/data/5d6300a6/TestSegmentedRaftLog/testAppendAndRoll
2025-01-06 18:14:03,536 [main] INFO  storage.RaftStorageDirectory (RaftStorageDirectoryImpl.java:tryLock(229)) - Lock on target/test/data/5d6300a6/TestSegmentedRaftLog/testAppendAndRoll/in_use.lock acquired by nodename 9026@fv-az1443-673
2025-01-06 18:14:03,536 [main] TRACE util.FileUtils (LogUtils.java:runAndLog(49)) - Successfully ran Files.deleteIfExists target/test/data/5d6300a6/TestSegmentedRaftLog/testAppendAndRoll/current/raft-meta.tmp
2025-01-06 18:14:03,536 [main] TRACE util.FileUtils (LogUtils.java:runAndLog(49)) - Successfully ran Files.createDirectories target/test/data/5d6300a6/TestSegmentedRaftLog/testAppendAndRoll/current
2025-01-06 18:14:03,536 [main] TRACE util.FileUtils (LogUtils.java:runAndLog(49)) - Successfully ran Files.createDirectories target/test/data/5d6300a6/TestSegmentedRaftLog/testAppendAndRoll/sm
2025-01-06 18:14:03,537 [main] TRACE util.FileUtils (LogUtils.java:supplyAndLog(69)) - Successfully supplied FileChannel.open target/test/data/5d6300a6/TestSegmentedRaftLog/testAppendAndRoll/current/raft-meta.tmp with options [CREATE, WRITE]: sun.nio.ch.FileChannelImpl@cb0f763
2025-01-06 18:14:03,537 [main] TRACE util.FileUtils (LogUtils.java:runAndLog(49)) - Successfully ran Atomic Files.move /home/runner/work/ratis/ratis/ratis-test/target/test/data/5d6300a6/TestSegmentedRaftLog/testAppendAndRoll/current/raft-meta.tmp to /home/runner/work/ratis/ratis/ratis-test/target/test/data/5d6300a6/TestSegmentedRaftLog/testAppendAndRoll/current/raft-meta with options [REPLACE_EXISTING]
2025-01-06 18:14:03,538 [main] INFO  storage.RaftStorage (RaftStorageImpl.java:format(98)) - Storage directory target/test/data/5d6300a6/TestSegmentedRaftLog/testAppendAndRoll has been successfully formatted.
2025-01-06 18:14:03,538 [main] INFO  server.RaftServerConfigKeys (ConfUtils.java:logGet(62)) - raft.server.log.segment.size.max = 32MB (=33554432) (default)
2025-01-06 18:14:03,538 [main] INFO  server.RaftServerConfigKeys (ConfUtils.java:logGet(62)) - raft.server.log.preallocated.size = 4MB (=4194304) (default)
2025-01-06 18:14:03,540 [main] INFO  server.RaftServerConfigKeys (ConfUtils.java:logGet(62)) - raft.server.log.segment.size.max = 128KB (=131072) (custom)
2025-01-06 18:14:03,541 [main] INFO  util.AwaitToRun (AwaitToRun.java:start(81)) - Thread[s0@group-E7F873F11918-cacheEviction-AwaitToRun,5,main] started
2025-01-06 18:14:03,541 [main] INFO  segmented.SegmentedRaftLogWorker (SegmentedRaftLogWorker.java:<init>(189)) - new s0@group-E7F873F11918-SegmentedRaftLogWorker for RaftStorageImpl:Storage Directory target/test/data/5d6300a6/TestSegmentedRaftLog/testAppendAndRoll
2025-01-06 18:14:03,541 [main] INFO  server.RaftServerConfigKeys (ConfUtils.java:logGet(62)) - raft.server.log.segment.size.max = 128KB (=131072) (custom)
2025-01-06 18:14:03,542 [main] INFO  server.RaftServerConfigKeys (ConfUtils.java:logGet(62)) - raft.server.log.preallocated.size = 16KB (=16384) (custom)
2025-01-06 18:14:03,542 [main] INFO  server.RaftServerConfigKeys (ConfUtils.java:logGet(62)) - raft.server.log.statemachine.data.sync = false (custom)
2025-01-06 18:14:03,543 [main] INFO  server.RaftServerConfigKeys (ConfUtils.java:logGet(62)) - raft.server.log.async-flush.enabled = true (custom)
2025-01-06 18:14:03,543 [main] INFO  segmented.SegmentedRaftLogWorker (SegmentedRaftLogWorker.java:lambda$new$0(140)) - s0@group-E7F873F11918-SegmentedRaftLogWorker: flushIndex: setUnconditionally 0 -> -1
2025-01-06 18:14:03,543 [main] INFO  segmented.SegmentedRaftLogWorker (SegmentedRaftLogWorker.java:lambda$new$0(140)) - s0@group-E7F873F11918-SegmentedRaftLogWorker: safeCacheEvictIndex: setUnconditionally 0 -> -1
2025-01-06 18:14:03,544 [main] INFO  segmented.SegmentedRaftLogWorker (SegmentedRaftLogWorker.java:startLogSegment(443)) - s0@group-E7F873F11918-SegmentedRaftLogWorker: Starting segment from index:0
2025-01-06 18:14:03,544 [s0@group-E7F873F11918-SegmentedRaftLogWorker] INFO  segmented.BufferedWriteChannel (BufferedWriteChannel.java:open(61)) - open log_inprogress_0 at position 0
2025-01-06 18:14:03,545 [s0@group-E7F873F11918-SegmentedRaftLogWorker] INFO  segmented.SegmentedRaftLogWorker (SegmentedRaftLogWorker.java:execute(667)) - s0@group-E7F873F11918-SegmentedRaftLogWorker: created new log segment target/test/data/5d6300a6/TestSegmentedRaftLog/testAppendAndRoll/current/log_inprogress_0
2025-01-06 18:14:03,561 [main] INFO  segmented.SegmentedRaftLogWorker (SegmentedRaftLogWorker.java:rollLogSegment(448)) - s0@group-E7F873F11918-SegmentedRaftLogWorker: Rolling segment log-0_122 to index:122
2025-01-06 18:14:03,561 [s0@group-E7F873F11918-SegmentedRaftLogWorker] TRACE util.FileUtils (LogUtils.java:runAndLog(49)) - Successfully ran Atomic Files.move target/test/data/5d6300a6/TestSegmentedRaftLog/testAppendAndRoll/current/log_inprogress_0 to target/test/data/5d6300a6/TestSegmentedRaftLog/testAppendAndRoll/current/log_0-122
2025-01-06 18:14:03,561 [s0@group-E7F873F11918-SegmentedRaftLogWorker] INFO  segmented.SegmentedRaftLogWorker (SegmentedRaftLogWorker.java:execute(624)) - s0@group-E7F873F11918-SegmentedRaftLogWorker: Rolled log segment from target/test/data/5d6300a6/TestSegmentedRaftLog/testAppendAndRoll/current/log_inprogress_0 to target/test/data/5d6300a6/TestSegmentedRaftLog/testAppendAndRoll/current/log_0-122
2025-01-06 18:14:03,561 [s0@group-E7F873F11918-SegmentedRaftLogWorker] INFO  segmented.BufferedWriteChannel (BufferedWriteChannel.java:open(61)) - open log_inprogress_123 at position 0
2025-01-06 18:14:03,562 [s0@group-E7F873F11918-SegmentedRaftLogWorker] INFO  segmented.SegmentedRaftLogWorker (SegmentedRaftLogWorker.java:execute(667)) - s0@group-E7F873F11918-SegmentedRaftLogWorker: created new log segment target/test/data/5d6300a6/TestSegmentedRaftLog/testAppendAndRoll/current/log_inprogress_123
2025-01-06 18:14:03,584 [main] INFO  segmented.SegmentedRaftLogWorker (SegmentedRaftLogWorker.java:rollLogSegment(448)) - s0@group-E7F873F11918-SegmentedRaftLogWorker: Rolling segment log-123_245 to index:245
2025-01-06 18:14:03,584 [s0@group-E7F873F11918-SegmentedRaftLogWorker] TRACE util.FileUtils (LogUtils.java:runAndLog(49)) - Successfully ran Atomic Files.move target/test/data/5d6300a6/TestSegmentedRaftLog/testAppendAndRoll/current/log_inprogress_123 to target/test/data/5d6300a6/TestSegmentedRaftLog/testAppendAndRoll/current/log_123-245
2025-01-06 18:14:03,584 [s0@group-E7F873F11918-SegmentedRaftLogWorker] INFO  segmented.SegmentedRaftLogWorker (SegmentedRaftLogWorker.java:execute(624)) - s0@group-E7F873F11918-SegmentedRaftLogWorker: Rolled log segment from target/test/data/5d6300a6/TestSegmentedRaftLog/testAppendAndRoll/current/log_inprogress_123 to target/test/data/5d6300a6/TestSegmentedRaftLog/testAppendAndRoll/current/log_123-245
2025-01-06 18:14:03,584 [s0@group-E7F873F11918-SegmentedRaftLogWorker] INFO  segmented.BufferedWriteChannel (BufferedWriteChannel.java:open(61)) - open log_inprogress_246 at position 0
2025-01-06 18:14:03,585 [s0@group-E7F873F11918-SegmentedRaftLogWorker] INFO  segmented.SegmentedRaftLogWorker (SegmentedRaftLogWorker.java:execute(667)) - s0@group-E7F873F11918-SegmentedRaftLogWorker: created new log segment target/test/data/5d6300a6/TestSegmentedRaftLog/testAppendAndRoll/current/log_inprogress_246
2025-01-06 18:14:03,604 [main] INFO  segmented.SegmentedRaftLogWorker (SegmentedRaftLogWorker.java:rollLogSegment(448)) - s0@group-E7F873F11918-SegmentedRaftLogWorker: Rolling segment log-246_368 to index:368
2025-01-06 18:14:03,604 [s0@group-E7F873F11918-SegmentedRaftLogWorker] TRACE util.FileUtils (LogUtils.java:runAndLog(49)) - Successfully ran Atomic Files.move target/test/data/5d6300a6/TestSegmentedRaftLog/testAppendAndRoll/current/log_inprogress_246 to target/test/data/5d6300a6/TestSegmentedRaftLog/testAppendAndRoll/current/log_246-368
2025-01-06 18:14:03,604 [s0@group-E7F873F11918-SegmentedRaftLogWorker] INFO  segmented.SegmentedRaftLogWorker (SegmentedRaftLogWorker.java:execute(624)) - s0@group-E7F873F11918-SegmentedRaftLogWorker: Rolled log segment from target/test/data/5d6300a6/TestSegmentedRaftLog/testAppendAndRoll/current/log_inprogress_246 to target/test/data/5d6300a6/TestSegmentedRaftLog/testAppendAndRoll/current/log_246-368
2025-01-06 18:14:03,605 [s0@group-E7F873F11918-SegmentedRaftLogWorker] INFO  segmented.BufferedWriteChannel (BufferedWriteChannel.java:open(61)) - open log_inprogress_369 at position 0
2025-01-06 18:14:03,605 [s0@group-E7F873F11918-SegmentedRaftLogWorker] INFO  segmented.SegmentedRaftLogWorker (SegmentedRaftLogWorker.java:execute(667)) - s0@group-E7F873F11918-SegmentedRaftLogWorker: created new log segment target/test/data/5d6300a6/TestSegmentedRaftLog/testAppendAndRoll/current/log_inprogress_369
2025-01-06 18:14:03,626 [main] INFO  segmented.SegmentedRaftLogWorker (SegmentedRaftLogWorker.java:rollLogSegment(448)) - s0@group-E7F873F11918-SegmentedRaftLogWorker: Rolling segment log-369_491 to index:491
2025-01-06 18:14:03,626 [s0@group-E7F873F11918-SegmentedRaftLogWorker] TRACE util.FileUtils (LogUtils.java:runAndLog(49)) - Successfully ran Atomic Files.move target/test/data/5d6300a6/TestSegmentedRaftLog/testAppendAndRoll/current/log_inprogress_369 to target/test/data/5d6300a6/TestSegmentedRaftLog/testAppendAndRoll/current/log_369-491
2025-01-06 18:14:03,626 [s0@group-E7F873F11918-SegmentedRaftLogWorker] INFO  segmented.SegmentedRaftLogWorker (SegmentedRaftLogWorker.java:execute(624)) - s0@group-E7F873F11918-SegmentedRaftLogWorker: Rolled log segment from target/test/data/5d6300a6/TestSegmentedRaftLog/testAppendAndRoll/current/log_inprogress_369 to target/test/data/5d6300a6/TestSegmentedRaftLog/testAppendAndRoll/current/log_369-491
2025-01-06 18:14:03,626 [s0@group-E7F873F11918-SegmentedRaftLogWorker] INFO  segmented.BufferedWriteChannel (BufferedWriteChannel.java:open(61)) - open log_inprogress_492 at position 0
2025-01-06 18:14:03,627 [s0@group-E7F873F11918-SegmentedRaftLogWorker] INFO  segmented.SegmentedRaftLogWorker (SegmentedRaftLogWorker.java:execute(667)) - s0@group-E7F873F11918-SegmentedRaftLogWorker: created new log segment target/test/data/5d6300a6/TestSegmentedRaftLog/testAppendAndRoll/current/log_inprogress_492
2025-01-06 18:14:03,650 [main] INFO  segmented.SegmentedRaftLogWorker (SegmentedRaftLogWorker.java:rollLogSegment(448)) - s0@group-E7F873F11918-SegmentedRaftLogWorker: Rolling segment log-492_614 to index:614
2025-01-06 18:14:03,651 [s0@group-E7F873F11918-SegmentedRaftLogWorker] TRACE util.FileUtils (LogUtils.java:runAndLog(49)) - Successfully ran Atomic Files.move target/test/data/5d6300a6/TestSegmentedRaftLog/testAppendAndRoll/current/log_inprogress_492 to target/test/data/5d6300a6/TestSegmentedRaftLog/testAppendAndRoll/current/log_492-614
2025-01-06 18:14:03,651 [s0@group-E7F873F11918-SegmentedRaftLogWorker] INFO  segmented.SegmentedRaftLogWorker (SegmentedRaftLogWorker.java:execute(624)) - s0@group-E7F873F11918-SegmentedRaftLogWorker: Rolled log segment from target/test/data/5d6300a6/TestSegmentedRaftLog/testAppendAndRoll/current/log_inprogress_492 to target/test/data/5d6300a6/TestSegmentedRaftLog/testAppendAndRoll/current/log_492-614
2025-01-06 18:14:03,651 [s0@group-E7F873F11918-SegmentedRaftLogWorker] INFO  segmented.BufferedWriteChannel (BufferedWriteChannel.java:open(61)) - open log_inprogress_615 at position 0
2025-01-06 18:14:03,651 [s0@group-E7F873F11918-SegmentedRaftLogWorker] INFO  segmented.SegmentedRaftLogWorker (SegmentedRaftLogWorker.java:execute(667)) - s0@group-E7F873F11918-SegmentedRaftLogWorker: created new log segment target/test/data/5d6300a6/TestSegmentedRaftLog/testAppendAndRoll/current/log_inprogress_615
2025-01-06 18:14:03,674 [main] INFO  segmented.SegmentedRaftLogWorker (SegmentedRaftLogWorker.java:rollLogSegment(448)) - s0@group-E7F873F11918-SegmentedRaftLogWorker: Rolling segment log-615_737 to index:737
2025-01-06 18:14:03,674 [s0@group-E7F873F11918-SegmentedRaftLogWorker] TRACE util.FileUtils (LogUtils.java:runAndLog(49)) - Successfully ran Atomic Files.move target/test/data/5d6300a6/TestSegmentedRaftLog/testAppendAndRoll/current/log_inprogress_615 to target/test/data/5d6300a6/TestSegmentedRaftLog/testAppendAndRoll/current/log_615-737
2025-01-06 18:14:03,674 [s0@group-E7F873F11918-SegmentedRaftLogWorker] INFO  segmented.SegmentedRaftLogWorker (SegmentedRaftLogWorker.java:execute(624)) - s0@group-E7F873F11918-SegmentedRaftLogWorker: Rolled log segment from target/test/data/5d6300a6/TestSegmentedRaftLog/testAppendAndRoll/current/log_inprogress_615 to target/test/data/5d6300a6/TestSegmentedRaftLog/testAppendAndRoll/current/log_615-737
2025-01-06 18:14:03,674 [s0@group-E7F873F11918-SegmentedRaftLogWorker] INFO  segmented.BufferedWriteChannel (BufferedWriteChannel.java:open(61)) - open log_inprogress_738 at position 0
2025-01-06 18:14:03,675 [s0@group-E7F873F11918-SegmentedRaftLogWorker] INFO  segmented.SegmentedRaftLogWorker (SegmentedRaftLogWorker.java:execute(667)) - s0@group-E7F873F11918-SegmentedRaftLogWorker: created new log segment target/test/data/5d6300a6/TestSegmentedRaftLog/testAppendAndRoll/current/log_inprogress_738
2025-01-06 18:14:03,699 [main] INFO  segmented.SegmentedRaftLogWorker (SegmentedRaftLogWorker.java:rollLogSegment(448)) - s0@group-E7F873F11918-SegmentedRaftLogWorker: Rolling segment log-738_860 to index:860
2025-01-06 18:14:03,699 [s0@group-E7F873F11918-SegmentedRaftLogWorker] TRACE util.FileUtils (LogUtils.java:runAndLog(49)) - Successfully ran Atomic Files.move target/test/data/5d6300a6/TestSegmentedRaftLog/testAppendAndRoll/current/log_inprogress_738 to target/test/data/5d6300a6/TestSegmentedRaftLog/testAppendAndRoll/current/log_738-860
2025-01-06 18:14:03,699 [s0@group-E7F873F11918-SegmentedRaftLogWorker] INFO  segmented.SegmentedRaftLogWorker (SegmentedRaftLogWorker.java:execute(624)) - s0@group-E7F873F11918-SegmentedRaftLogWorker: Rolled log segment from target/test/data/5d6300a6/TestSegmentedRaftLog/testAppendAndRoll/current/log_inprogress_738 to target/test/data/5d6300a6/TestSegmentedRaftLog/testAppendAndRoll/current/log_738-860
2025-01-06 18:14:03,699 [s0@group-E7F873F11918-SegmentedRaftLogWorker] INFO  segmented.BufferedWriteChannel (BufferedWriteChannel.java:open(61)) - open log_inprogress_861 at position 0
2025-01-06 18:14:03,700 [s0@group-E7F873F11918-SegmentedRaftLogWorker] INFO  segmented.SegmentedRaftLogWorker (SegmentedRaftLogWorker.java:execute(667)) - s0@group-E7F873F11918-SegmentedRaftLogWorker: created new log segment target/test/data/5d6300a6/TestSegmentedRaftLog/testAppendAndRoll/current/log_inprogress_861
2025-01-06 18:14:03,722 [main] INFO  segmented.SegmentedRaftLogWorker (SegmentedRaftLogWorker.java:rollLogSegment(448)) - s0@group-E7F873F11918-SegmentedRaftLogWorker: Rolling segment log-861_983 to index:983
2025-01-06 18:14:03,723 [s0@group-E7F873F11918-SegmentedRaftLogWorker] TRACE util.FileUtils (LogUtils.java:runAndLog(49)) - Successfully ran Atomic Files.move target/test/data/5d6300a6/TestSegmentedRaftLog/testAppendAndRoll/current/log_inprogress_861 to target/test/data/5d6300a6/TestSegmentedRaftLog/testAppendAndRoll/current/log_861-983
2025-01-06 18:14:03,723 [s0@group-E7F873F11918-SegmentedRaftLogWorker] INFO  segmented.SegmentedRaftLogWorker (SegmentedRaftLogWorker.java:execute(624)) - s0@group-E7F873F11918-SegmentedRaftLogWorker: Rolled log segment from target/test/data/5d6300a6/TestSegmentedRaftLog/testAppendAndRoll/current/log_inprogress_861 to target/test/data/5d6300a6/TestSegmentedRaftLog/testAppendAndRoll/current/log_861-983
2025-01-06 18:14:03,724 [s0@group-E7F873F11918-SegmentedRaftLogWorker] INFO  segmented.BufferedWriteChannel (BufferedWriteChannel.java:open(61)) - open log_inprogress_984 at position 0
2025-01-06 18:14:03,724 [s0@group-E7F873F11918-SegmentedRaftLogWorker] INFO  segmented.SegmentedRaftLogWorker (SegmentedRaftLogWorker.java:execute(667)) - s0@group-E7F873F11918-SegmentedRaftLogWorker: created new log segment target/test/data/5d6300a6/TestSegmentedRaftLog/testAppendAndRoll/current/log_inprogress_984
2025-01-06 18:14:03,732 [main] INFO  raftlog.RaftLog (SegmentedRaftLog.java:close(569)) - Start closing s0@group-E7F873F11918-SegmentedRaftLog:OPENED:c-1:last(t:0, i:1023)
2025-01-06 18:14:03,732 [s0@group-E7F873F11918-cacheEviction-AwaitToRun] INFO  util.AwaitToRun (AwaitToRun.java:run(49)) - s0@group-E7F873F11918-cacheEviction-AwaitToRun-AwaitForSignal is interrupted
2025-01-06 18:14:03,732 [main] INFO  segmented.LogSegment (LogSegment.java:close(350)) - Successfully closed EntryCache-log_inprogress_984
2025-01-06 18:14:03,732 [main] INFO  segmented.LogSegment (LogSegment.java:close(350)) - Successfully closed EntryCache-log-0_122
2025-01-06 18:14:03,733 [main] INFO  segmented.LogSegment (LogSegment.java:close(350)) - Successfully closed EntryCache-log-123_245
2025-01-06 18:14:03,733 [main] INFO  segmented.LogSegment (LogSegment.java:close(350)) - Successfully closed EntryCache-log-246_368
2025-01-06 18:14:03,733 [main] INFO  segmented.LogSegment (LogSegment.java:close(350)) - Successfully closed EntryCache-log-369_491
2025-01-06 18:14:03,733 [main] INFO  segmented.LogSegment (LogSegment.java:close(350)) - Successfully closed EntryCache-log-492_614
2025-01-06 18:14:03,734 [main] INFO  segmented.LogSegment (LogSegment.java:close(350)) - Successfully closed EntryCache-log-615_737
2025-01-06 18:14:03,734 [main] INFO  segmented.LogSegment (LogSegment.java:close(350)) - Successfully closed EntryCache-log-738_860
2025-01-06 18:14:03,734 [main] INFO  segmented.LogSegment (LogSegment.java:close(350)) - Successfully closed EntryCache-log-861_983
2025-01-06 18:14:04,732 [main] INFO  segmented.SegmentedRaftLogWorker (SegmentedRaftLogWorker.java:close(254)) - s0@group-E7F873F11918-SegmentedRaftLogWorker close()
2025-01-06 18:14:04,733 [main] INFO  raftlog.RaftLog (SegmentedRaftLog.java:close(577)) - Successfully closed s0@group-E7F873F11918-SegmentedRaftLog:CLOSED:c-1
2025-01-06 18:14:04,733 [main] INFO  server.RaftServerConfigKeys (ConfUtils.java:logGet(62)) - raft.server.log.segment.size.max = 128KB (=131072) (custom)
2025-01-06 18:14:04,734 [main] INFO  util.AwaitToRun (AwaitToRun.java:start(81)) - Thread[s0@group-E7F873F11918-cacheEviction-AwaitToRun,5,main] started
2025-01-06 18:14:04,734 [main] INFO  segmented.SegmentedRaftLogWorker (SegmentedRaftLogWorker.java:<init>(189)) - new s0@group-E7F873F11918-SegmentedRaftLogWorker for RaftStorageImpl:Storage Directory target/test/data/5d6300a6/TestSegmentedRaftLog/testAppendAndRoll
2025-01-06 18:14:04,734 [main] INFO  server.RaftServerConfigKeys (ConfUtils.java:logGet(62)) - raft.server.log.segment.size.max = 128KB (=131072) (custom)
2025-01-06 18:14:04,734 [main] INFO  server.RaftServerConfigKeys (ConfUtils.java:logGet(62)) - raft.server.log.preallocated.size = 16KB (=16384) (custom)
2025-01-06 18:14:04,735 [main] TRACE util.FileUtils (LogUtils.java:supplyAndLog(69)) - Successfully supplied Files.newInputStream target/test/data/5d6300a6/TestSegmentedRaftLog/testAppendAndRoll/current/log_0-122 with options []: sun.nio.ch.ChannelInputStream@141e879d
2025-01-06 18:14:04,735 [main] INFO  segmented.LogSegment (LogSegment.java:loadSegment(213)) - Successfully read 123 entries from segment file target/test/data/5d6300a6/TestSegmentedRaftLog/testAppendAndRoll/current/log_0-122
2025-01-06 18:14:04,736 [main] TRACE util.FileUtils (LogUtils.java:supplyAndLog(69)) - Successfully supplied Files.newInputStream target/test/data/5d6300a6/TestSegmentedRaftLog/testAppendAndRoll/current/log_123-245 with options []: sun.nio.ch.ChannelInputStream@109d724c
2025-01-06 18:14:04,736 [main] INFO  segmented.LogSegment (LogSegment.java:loadSegment(213)) - Successfully read 123 entries from segment file target/test/data/5d6300a6/TestSegmentedRaftLog/testAppendAndRoll/current/log_123-245
2025-01-06 18:14:04,736 [main] TRACE util.FileUtils (LogUtils.java:supplyAndLog(69)) - Successfully supplied Files.newInputStream target/test/data/5d6300a6/TestSegmentedRaftLog/testAppendAndRoll/current/log_246-368 with options []: sun.nio.ch.ChannelInputStream@1704f67f
2025-01-06 18:14:04,737 [main] INFO  segmented.LogSegment (LogSegment.java:loadSegment(213)) - Successfully read 123 entries from segment file target/test/data/5d6300a6/TestSegmentedRaftLog/testAppendAndRoll/current/log_246-368
2025-01-06 18:14:04,737 [main] TRACE util.FileUtils (LogUtils.java:supplyAndLog(69)) - Successfully supplied Files.newInputStream target/test/data/5d6300a6/TestSegmentedRaftLog/testAppendAndRoll/current/log_369-491 with options []: sun.nio.ch.ChannelInputStream@e4d2696
2025-01-06 18:14:04,738 [main] INFO  segmented.LogSegment (LogSegment.java:loadSegment(213)) - Successfully read 123 entries from segment file target/test/data/5d6300a6/TestSegmentedRaftLog/testAppendAndRoll/current/log_369-491
2025-01-06 18:14:04,738 [main] TRACE util.FileUtils (LogUtils.java:supplyAndLog(69)) - Successfully supplied Files.newInputStream target/test/data/5d6300a6/TestSegmentedRaftLog/testAppendAndRoll/current/log_492-614 with options []: sun.nio.ch.ChannelInputStream@6e0f7aad
2025-01-06 18:14:04,738 [main] INFO  segmented.LogSegment (LogSegment.java:loadSegment(213)) - Successfully read 123 entries from segment file target/test/data/5d6300a6/TestSegmentedRaftLog/testAppendAndRoll/current/log_492-614
2025-01-06 18:14:04,739 [main] TRACE util.FileUtils (LogUtils.java:supplyAndLog(69)) - Successfully supplied Files.newInputStream target/test/data/5d6300a6/TestSegmentedRaftLog/testAppendAndRoll/current/log_615-737 with options []: sun.nio.ch.ChannelInputStream@15fb7a32
2025-01-06 18:14:04,739 [main] INFO  segmented.LogSegment (LogSegment.java:loadSegment(213)) - Successfully read 123 entries from segment file target/test/data/5d6300a6/TestSegmentedRaftLog/testAppendAndRoll/current/log_615-737
2025-01-06 18:14:04,739 [main] TRACE util.FileUtils (LogUtils.java:supplyAndLog(69)) - Successfully supplied Files.newInputStream target/test/data/5d6300a6/TestSegmentedRaftLog/testAppendAndRoll/current/log_738-860 with options []: sun.nio.ch.ChannelInputStream@257cc1fc
2025-01-06 18:14:04,740 [main] INFO  segmented.LogSegment (LogSegment.java:loadSegment(213)) - Successfully read 123 entries from segment file target/test/data/5d6300a6/TestSegmentedRaftLog/testAppendAndRoll/current/log_738-860
2025-01-06 18:14:04,740 [main] TRACE util.FileUtils (LogUtils.java:supplyAndLog(69)) - Successfully supplied Files.newInputStream target/test/data/5d6300a6/TestSegmentedRaftLog/testAppendAndRoll/current/log_861-983 with options []: sun.nio.ch.ChannelInputStream@42e22a53
2025-01-06 18:14:04,741 [main] INFO  segmented.LogSegment (LogSegment.java:loadSegment(213)) - Successfully read 123 entries from segment file target/test/data/5d6300a6/TestSegmentedRaftLog/testAppendAndRoll/current/log_861-983
2025-01-06 18:14:04,741 [main] TRACE util.FileUtils (LogUtils.java:supplyAndLog(69)) - Successfully supplied Files.newInputStream target/test/data/5d6300a6/TestSegmentedRaftLog/testAppendAndRoll/current/log_inprogress_984 with options []: sun.nio.ch.ChannelInputStream@57adfab0
2025-01-06 18:14:04,741 [main] INFO  segmented.LogSegment (LogSegment.java:loadSegment(213)) - Successfully read 40 entries from segment file target/test/data/5d6300a6/TestSegmentedRaftLog/testAppendAndRoll/current/log_inprogress_984
2025-01-06 18:14:04,741 [main] INFO  segmented.SegmentedRaftLogWorker (SegmentedRaftLogWorker.java:lambda$new$0(140)) - s0@group-E7F873F11918-SegmentedRaftLogWorker: flushIndex: setUnconditionally 0 -> 1023
2025-01-06 18:14:04,742 [main] INFO  segmented.SegmentedRaftLogWorker (SegmentedRaftLogWorker.java:lambda$new$0(140)) - s0@group-E7F873F11918-SegmentedRaftLogWorker: safeCacheEvictIndex: setUnconditionally 0 -> -1
2025-01-06 18:14:04,742 [main] INFO  segmented.BufferedWriteChannel (BufferedWriteChannel.java:open(61)) - open log_inprogress_984 (append) at position 42448
2025-01-06 18:14:04,742 [main] TRACE util.FileUtils (LogUtils.java:supplyAndLog(69)) - Successfully supplied Files.newInputStream target/test/data/5d6300a6/TestSegmentedRaftLog/testAppendAndRoll/current/log_0-122 with options []: sun.nio.ch.ChannelInputStream@5af97169
2025-01-06 18:14:04,743 [main] TRACE util.FileUtils (LogUtils.java:supplyAndLog(69)) - Successfully supplied Files.newInputStream target/test/data/5d6300a6/TestSegmentedRaftLog/testAppendAndRoll/current/log_123-245 with options []: sun.nio.ch.ChannelInputStream@99a78d7
2025-01-06 18:14:04,744 [main] TRACE util.FileUtils (LogUtils.java:supplyAndLog(69)) - Successfully supplied Files.newInputStream target/test/data/5d6300a6/TestSegmentedRaftLog/testAppendAndRoll/current/log_246-368 with options []: sun.nio.ch.ChannelInputStream@31da6b2e
2025-01-06 18:14:04,747 [main] INFO  raftlog.RaftLog (SegmentedRaftLog.java:close(569)) - Start closing s0@group-E7F873F11918-SegmentedRaftLog:OPENED:c-1:last(t:0, i:1023)
2025-01-06 18:15:43,538 [main] WARN  util.AwaitToRun (AwaitToRun.java:close(104)) - Thread[s0@group-E7F873F11918-cacheEviction-AwaitToRun,5,main]: join is interrupted
java.lang.InterruptedException
	at java.lang.Object.wait(Native Method)
	at java.lang.Thread.join(Thread.java:1257)
	at java.lang.Thread.join(Thread.java:1331)
	at org.apache.ratis.util.AwaitToRun.close(AwaitToRun.java:102)
	at org.apache.ratis.server.raftlog.segmented.SegmentedRaftLog.close(SegmentedRaftLog.java:571)
	at org.apache.ratis.server.raftlog.segmented.TestSegmentedRaftLog.testAppendAndRoll(TestSegmentedRaftLog.java:404)
	at sun.reflect.NativeMethodAccessorImpl.invoke0(Native Method)
	at sun.reflect.NativeMethodAccessorImpl.invoke(NativeMethodAccessorImpl.java:62)
	at sun.reflect.DelegatingMethodAccessorImpl.invoke(DelegatingMethodAccessorImpl.java:43)
	at java.lang.reflect.Method.invoke(Method.java:498)
	at org.junit.platform.commons.util.ReflectionUtils.invokeMethod(ReflectionUtils.java:766)
	at org.junit.jupiter.engine.execution.MethodInvocation.proceed(MethodInvocation.java:60)
	at org.junit.jupiter.engine.execution.InvocationInterceptorChain$ValidatingInvocation.proceed(InvocationInterceptorChain.java:131)
	at org.junit.jupiter.engine.extension.SameThreadTimeoutInvocation.proceed(SameThreadTimeoutInvocation.java:45)
	at org.junit.jupiter.engine.extension.TimeoutExtension.intercept(TimeoutExtension.java:156)
	at org.junit.jupiter.engine.extension.TimeoutExtension.interceptTestableMethod(TimeoutExtension.java:147)
	at org.junit.jupiter.engine.extension.TimeoutExtension.interceptTestTemplateMethod(TimeoutExtension.java:94)
	at org.junit.jupiter.engine.execution.InterceptingExecutableInvoker$ReflectiveInterceptorCall.lambda$ofVoidMethod$0(InterceptingExecutableInvoker.java:103)
	at org.junit.jupiter.engine.execution.InterceptingExecutableInvoker.lambda$invoke$0(InterceptingExecutableInvoker.java:93)
	at org.junit.jupiter.engine.execution.InvocationInterceptorChain$InterceptedInvocation.proceed(InvocationInterceptorChain.java:106)
	at org.junit.jupiter.engine.execution.InvocationInterceptorChain.proceed(InvocationInterceptorChain.java:64)
	at org.junit.jupiter.engine.execution.InvocationInterceptorChain.chainAndInvoke(InvocationInterceptorChain.java:45)
	at org.junit.jupiter.engine.execution.InvocationInterceptorChain.invoke(InvocationInterceptorChain.java:37)
	at org.junit.jupiter.engine.execution.InterceptingExecutableInvoker.invoke(InterceptingExecutableInvoker.java:92)
	at org.junit.jupiter.engine.execution.InterceptingExecutableInvoker.invoke(InterceptingExecutableInvoker.java:86)
	at org.junit.jupiter.engine.descriptor.TestMethodTestDescriptor.lambda$invokeTestMethod$8(TestMethodTestDescriptor.java:217)
	at org.junit.platform.engine.support.hierarchical.ThrowableCollector.execute(ThrowableCollector.java:73)
	at org.junit.jupiter.engine.descriptor.TestMethodTestDescriptor.invokeTestMethod(TestMethodTestDescriptor.java:213)
	at org.junit.jupiter.engine.descriptor.TestMethodTestDescriptor.execute(TestMethodTestDescriptor.java:138)
	at org.junit.jupiter.engine.descriptor.TestMethodTestDescriptor.execute(TestMethodTestDescriptor.java:68)
	at org.junit.platform.engine.support.hierarchical.NodeTestTask.lambda$executeRecursively$6(NodeTestTask.java:156)
	at org.junit.platform.engine.support.hierarchical.ThrowableCollector.execute(ThrowableCollector.java:73)
	at org.junit.platform.engine.support.hierarchical.NodeTestTask.lambda$executeRecursively$8(NodeTestTask.java:146)
	at org.junit.platform.engine.support.hierarchical.Node.around(Node.java:137)
	at org.junit.platform.engine.support.hierarchical.NodeTestTask.lambda$executeRecursively$9(NodeTestTask.java:144)
	at org.junit.platform.engine.support.hierarchical.ThrowableCollector.execute(ThrowableCollector.java:73)
	at org.junit.platform.engine.support.hierarchical.NodeTestTask.executeRecursively(NodeTestTask.java:143)
	at org.junit.platform.engine.support.hierarchical.NodeTestTask.execute(NodeTestTask.java:100)
	at org.junit.platform.engine.support.hierarchical.SameThreadHierarchicalTestExecutorService.submit(SameThreadHierarchicalTestExecutorService.java:35)
	at org.junit.platform.engine.support.hierarchical.NodeTestTask$DefaultDynamicTestExecutor.execute(NodeTestTask.java:231)
	at org.junit.platform.engine.support.hierarchical.NodeTestTask$DefaultDynamicTestExecutor.execute(NodeTestTask.java:209)
	at org.junit.jupiter.engine.descriptor.TestTemplateTestDescriptor.execute(TestTemplateTestDescriptor.java:141)
	at org.junit.jupiter.engine.descriptor.TestTemplateTestDescriptor.lambda$execute$3(TestTemplateTestDescriptor.java:109)
	at java.util.stream.ForEachOps$ForEachOp$OfRef.accept(ForEachOps.java:183)
	at java.util.stream.ReferencePipeline$3$1.accept(ReferencePipeline.java:193)
	at java.util.stream.ReferencePipeline$2$1.accept(ReferencePipeline.java:175)
	at java.util.stream.ReferencePipeline$3$1.accept(ReferencePipeline.java:193)
	at java.util.stream.ForEachOps$ForEachOp$OfRef.accept(ForEachOps.java:183)
	at java.util.stream.ReferencePipeline$3$1.accept(ReferencePipeline.java:193)
	at java.util.stream.ForEachOps$ForEachOp$OfRef.accept(ForEachOps.java:183)
	at java.util.stream.ForEachOps$ForEachOp$OfRef.accept(ForEachOps.java:183)
	at java.util.stream.ReferencePipeline$3$1.accept(ReferencePipeline.java:193)
	at java.util.Spliterators$ArraySpliterator.forEachRemaining(Spliterators.java:948)
	at java.util.stream.ReferencePipeline$Head.forEach(ReferencePipeline.java:647)
	at java.util.stream.ReferencePipeline$7$1.accept(ReferencePipeline.java:272)
	at java.util.stream.ReferencePipeline$3$1.accept(ReferencePipeline.java:193)
	at java.util.stream.ReferencePipeline$3$1.accept(ReferencePipeline.java:193)
	at java.util.stream.ReferencePipeline$3$1.accept(ReferencePipeline.java:193)
	at java.util.Spliterators$ArraySpliterator.forEachRemaining(Spliterators.java:948)
	at java.util.stream.AbstractPipeline.copyInto(AbstractPipeline.java:482)
	at java.util.stream.AbstractPipeline.wrapAndCopyInto(AbstractPipeline.java:472)
	at java.util.stream.ForEachOps$ForEachOp.evaluateSequential(ForEachOps.java:150)
	at java.util.stream.ForEachOps$ForEachOp$OfRef.evaluateSequential(ForEachOps.java:173)
	at java.util.stream.AbstractPipeline.evaluate(AbstractPipeline.java:234)
	at java.util.stream.ReferencePipeline.forEach(ReferencePipeline.java:485)
	at java.util.stream.ReferencePipeline$7$1.accept(ReferencePipeline.java:272)
	at java.util.ArrayList$ArrayListSpliterator.forEachRemaining(ArrayList.java:1384)
	at java.util.stream.AbstractPipeline.copyInto(AbstractPipeline.java:482)
	at java.util.stream.AbstractPipeline.wrapAndCopyInto(AbstractPipeline.java:472)
	at java.util.stream.ForEachOps$ForEachOp.evaluateSequential(ForEachOps.java:150)
	at java.util.stream.ForEachOps$ForEachOp$OfRef.evaluateSequential(ForEachOps.java:173)
	at java.util.stream.AbstractPipeline.evaluate(AbstractPipeline.java:234)
	at java.util.stream.ReferencePipeline.forEach(ReferencePipeline.java:485)
	at java.util.stream.ReferencePipeline$7$1.accept(ReferencePipeline.java:272)
	at java.util.stream.ReferencePipeline$3$1.accept(ReferencePipeline.java:193)
	at java.util.stream.ReferencePipeline$3$1.accept(ReferencePipeline.java:193)
	at java.util.stream.ReferencePipeline$3$1.accept(ReferencePipeline.java:193)
	at java.util.ArrayList$ArrayListSpliterator.forEachRemaining(ArrayList.java:1384)
	at java.util.stream.AbstractPipeline.copyInto(AbstractPipeline.java:482)
	at java.util.stream.AbstractPipeline.wrapAndCopyInto(AbstractPipeline.java:472)
	at java.util.stream.ForEachOps$ForEachOp.evaluateSequential(ForEachOps.java:150)
	at java.util.stream.ForEachOps$ForEachOp$OfRef.evaluateSequential(ForEachOps.java:173)
	at java.util.stream.AbstractPipeline.evaluate(AbstractPipeline.java:234)
	at java.util.stream.ReferencePipeline.forEach(ReferencePipeline.java:485)
	at java.util.stream.ReferencePipeline$7$1.accept(ReferencePipeline.java:272)
	at java.util.ArrayList$ArrayListSpliterator.forEachRemaining(ArrayList.java:1384)
	at java.util.stream.AbstractPipeline.copyInto(AbstractPipeline.java:482)
	at java.util.stream.AbstractPipeline.wrapAndCopyInto(AbstractPipeline.java:472)
	at java.util.stream.ForEachOps$ForEachOp.evaluateSequential(ForEachOps.java:150)
	at java.util.stream.ForEachOps$ForEachOp$OfRef.evaluateSequential(ForEachOps.java:173)
	at java.util.stream.AbstractPipeline.evaluate(AbstractPipeline.java:234)
	at java.util.stream.ReferencePipeline.forEach(ReferencePipeline.java:485)
	at org.junit.jupiter.engine.descriptor.TestTemplateTestDescriptor.execute(TestTemplateTestDescriptor.java:109)
	at org.junit.jupiter.engine.descriptor.TestTemplateTestDescriptor.execute(TestTemplateTestDescriptor.java:43)
	at org.junit.platform.engine.support.hierarchical.NodeTestTask.lambda$executeRecursively$6(NodeTestTask.java:156)
	at org.junit.platform.engine.support.hierarchical.ThrowableCollector.execute(ThrowableCollector.java:73)
	at org.junit.platform.engine.support.hierarchical.NodeTestTask.lambda$executeRecursively$8(NodeTestTask.java:146)
	at org.junit.platform.engine.support.hierarchical.Node.around(Node.java:137)
	at org.junit.platform.engine.support.hierarchical.NodeTestTask.lambda$executeRecursively$9(NodeTestTask.java:144)
	at org.junit.platform.engine.support.hierarchical.ThrowableCollector.execute(ThrowableCollector.java:73)
	at org.junit.platform.engine.support.hierarchical.NodeTestTask.executeRecursively(NodeTestTask.java:143)
	at org.junit.platform.engine.support.hierarchical.NodeTestTask.execute(NodeTestTask.java:100)
	at java.util.ArrayList.forEach(ArrayList.java:1259)
	at org.junit.platform.engine.support.hierarchical.SameThreadHierarchicalTestExecutorService.invokeAll(SameThreadHierarchicalTestExecutorService.java:41)
	at org.junit.platform.engine.support.hierarchical.NodeTestTask.lambda$executeRecursively$6(NodeTestTask.java:160)
	at org.junit.platform.engine.support.hierarchical.ThrowableCollector.execute(ThrowableCollector.java:73)
	at org.junit.platform.engine.support.hierarchical.NodeTestTask.lambda$executeRecursively$8(NodeTestTask.java:146)
	at org.junit.platform.engine.support.hierarchical.Node.around(Node.java:137)
	at org.junit.platform.engine.support.hierarchical.NodeTestTask.lambda$executeRecursively$9(NodeTestTask.java:144)
	at org.junit.platform.engine.support.hierarchical.ThrowableCollector.execute(ThrowableCollector.java:73)
	at org.junit.platform.engine.support.hierarchical.NodeTestTask.executeRecursively(NodeTestTask.java:143)
	at org.junit.platform.engine.support.hierarchical.NodeTestTask.execute(NodeTestTask.java:100)
	at java.util.ArrayList.forEach(ArrayList.java:1259)
	at org.junit.platform.engine.support.hierarchical.SameThreadHierarchicalTestExecutorService.invokeAll(SameThreadHierarchicalTestExecutorService.java:41)
	at org.junit.platform.engine.support.hierarchical.NodeTestTask.lambda$executeRecursively$6(NodeTestTask.java:160)
	at org.junit.platform.engine.support.hierarchical.ThrowableCollector.execute(ThrowableCollector.java:73)
	at org.junit.platform.engine.support.hierarchical.NodeTestTask.lambda$executeRecursively$8(NodeTestTask.java:146)
	at org.junit.platform.engine.support.hierarchical.Node.around(Node.java:137)
	at org.junit.platform.engine.support.hierarchical.NodeTestTask.lambda$executeRecursively$9(NodeTestTask.java:144)
	at org.junit.platform.engine.support.hierarchical.ThrowableCollector.execute(ThrowableCollector.java:73)
	at org.junit.platform.engine.support.hierarchical.NodeTestTask.executeRecursively(NodeTestTask.java:143)
	at org.junit.platform.engine.support.hierarchical.NodeTestTask.execute(NodeTestTask.java:100)
	at org.junit.platform.engine.support.hierarchical.SameThreadHierarchicalTestExecutorService.submit(SameThreadHierarchicalTestExecutorService.java:35)
	at org.junit.platform.engine.support.hierarchical.HierarchicalTestExecutor.execute(HierarchicalTestExecutor.java:57)
	at org.junit.platform.engine.support.hierarchical.HierarchicalTestEngine.execute(HierarchicalTestEngine.java:54)
	at org.junit.platform.launcher.core.EngineExecutionOrchestrator.execute(EngineExecutionOrchestrator.java:198)
	at org.junit.platform.launcher.core.EngineExecutionOrchestrator.execute(EngineExecutionOrchestrator.java:169)
	at org.junit.platform.launcher.core.EngineExecutionOrchestrator.execute(EngineExecutionOrchestrator.java:93)
	at org.junit.platform.launcher.core.EngineExecutionOrchestrator.lambda$execute$0(EngineExecutionOrchestrator.java:58)
	at org.junit.platform.launcher.core.EngineExecutionOrchestrator.withInterceptedStreams(EngineExecutionOrchestrator.java:141)
	at org.junit.platform.launcher.core.EngineExecutionOrchestrator.execute(EngineExecutionOrchestrator.java:57)
	at org.junit.platform.launcher.core.DefaultLauncher.execute(DefaultLauncher.java:103)
	at org.junit.platform.launcher.core.DefaultLauncher.execute(DefaultLauncher.java:85)
	at org.junit.platform.launcher.core.DelegatingLauncher.execute(DelegatingLauncher.java:47)
	at org.junit.platform.launcher.core.SessionPerRequestLauncher.execute(SessionPerRequestLauncher.java:63)
	at org.apache.maven.surefire.junitplatform.JUnitPlatformProvider.invokeAllTests(JUnitPlatformProvider.java:154)
	at org.apache.maven.surefire.junitplatform.JUnitPlatformProvider.invoke(JUnitPlatformProvider.java:123)
	at org.apache.maven.surefire.booter.ForkedBooter.runSuitesInProcess(ForkedBooter.java:377)
	at org.apache.maven.surefire.booter.ForkedBooter.execute(ForkedBooter.java:138)
	at org.apache.maven.surefire.booter.ForkedBooter.run(ForkedBooter.java:465)
	at org.apache.maven.surefire.booter.ForkedBooter.main(ForkedBooter.java:451)
2025-01-06 18:15:43,540 [main] INFO  segmented.LogSegment (LogSegment.java:close(350)) - Successfully closed EntryCache-log_inprogress_984
2025-01-06 18:15:43,541 [main] INFO  segmented.LogSegment (LogSegment.java:close(350)) - Successfully closed EntryCache-log-0_122
2025-01-06 18:15:43,541 [main] INFO  segmented.LogSegment (LogSegment.java:close(350)) - Successfully closed EntryCache-log-123_245
2025-01-06 18:15:43,541 [main] INFO  segmented.LogSegment (LogSegment.java:close(350)) - Successfully closed EntryCache-log-246_368
2025-01-06 18:15:43,541 [main] INFO  segmented.LogSegment (LogSegment.java:close(350)) - Successfully closed EntryCache-log-369_491
2025-01-06 18:15:43,541 [main] INFO  segmented.LogSegment (LogSegment.java:close(350)) - Successfully closed EntryCache-log-492_614
2025-01-06 18:15:43,541 [main] INFO  segmented.LogSegment (LogSegment.java:close(350)) - Successfully closed EntryCache-log-615_737
2025-01-06 18:15:43,542 [main] INFO  segmented.LogSegment (LogSegment.java:close(350)) - Successfully closed EntryCache-log-738_860
2025-01-06 18:15:43,542 [main] INFO  segmented.LogSegment (LogSegment.java:close(350)) - Successfully closed EntryCache-log-861_983
2025-01-06 18:15:43,542 [main] INFO  segmented.SegmentedRaftLogWorker (SegmentedRaftLogWorker.java:close(254)) - s0@group-E7F873F11918-SegmentedRaftLogWorker close()
2025-01-06 18:15:43,543 [main] INFO  raftlog.RaftLog (SegmentedRaftLog.java:close(577)) - Successfully closed s0@group-E7F873F11918-SegmentedRaftLog:CLOSED:c-1
2025-01-06 18:15:43,545 [main] TRACE util.FileUtils (FileUtils.java:deleteFully(307)) - deleteFully target/test/data/5d6300a6/TestSegmentedRaftLog
2025-01-06 18:15:43,546 [main] TRACE util.FileUtils (LogUtils.java:runAndLog(49)) - Successfully ran Files.delete target/test/data/5d6300a6/TestSegmentedRaftLog/testAppendAndRoll/current/log_492-614
2025-01-06 18:15:43,546 [main] TRACE util.FileUtils (LogUtils.java:runAndLog(49)) - Successfully ran Files.delete target/test/data/5d6300a6/TestSegmentedRaftLog/testAppendAndRoll/current/log_inprogress_984
2025-01-06 18:15:43,546 [main] TRACE util.FileUtils (LogUtils.java:runAndLog(49)) - Successfully ran Files.delete target/test/data/5d6300a6/TestSegmentedRaftLog/testAppendAndRoll/current/log_246-368
2025-01-06 18:15:43,547 [main] TRACE util.FileUtils (LogUtils.java:runAndLog(49)) - Successfully ran Files.delete target/test/data/5d6300a6/TestSegmentedRaftLog/testAppendAndRoll/current/log_123-245
2025-01-06 18:15:43,547 [main] TRACE util.FileUtils (LogUtils.java:runAndLog(49)) - Successfully ran Files.delete target/test/data/5d6300a6/TestSegmentedRaftLog/testAppendAndRoll/current/log_861-983
2025-01-06 18:15:43,547 [main] TRACE util.FileUtils (LogUtils.java:runAndLog(49)) - Successfully ran Files.delete target/test/data/5d6300a6/TestSegmentedRaftLog/testAppendAndRoll/current/log_738-860
2025-01-06 18:15:43,547 [main] TRACE util.FileUtils (LogUtils.java:runAndLog(49)) - Successfully ran Files.delete target/test/data/5d6300a6/TestSegmentedRaftLog/testAppendAndRoll/current/log_369-491
2025-01-06 18:15:43,547 [main] TRACE util.FileUtils (LogUtils.java:runAndLog(49)) - Successfully ran Files.delete target/test/data/5d6300a6/TestSegmentedRaftLog/testAppendAndRoll/current/raft-meta
2025-01-06 18:15:43,548 [main] TRACE util.FileUtils (LogUtils.java:runAndLog(49)) - Successfully ran Files.delete target/test/data/5d6300a6/TestSegmentedRaftLog/testAppendAndRoll/current/log_615-737
2025-01-06 18:15:43,548 [main] TRACE util.FileUtils (LogUtils.java:runAndLog(49)) - Successfully ran Files.delete target/test/data/5d6300a6/TestSegmentedRaftLog/testAppendAndRoll/current/log_0-122
2025-01-06 18:15:43,548 [main] TRACE util.FileUtils (LogUtils.java:runAndLog(49)) - Successfully ran Files.delete target/test/data/5d6300a6/TestSegmentedRaftLog/testAppendAndRoll/current
2025-01-06 18:15:43,548 [main] TRACE util.FileUtils (LogUtils.java:runAndLog(49)) - Successfully ran Files.delete target/test/data/5d6300a6/TestSegmentedRaftLog/testAppendAndRoll/in_use.lock
2025-01-06 18:15:43,548 [main] TRACE util.FileUtils (LogUtils.java:runAndLog(49)) - Successfully ran Files.delete target/test/data/5d6300a6/TestSegmentedRaftLog/testAppendAndRoll/sm
2025-01-06 18:15:43,549 [main] TRACE util.FileUtils (LogUtils.java:runAndLog(49)) - Successfully ran Files.delete target/test/data/5d6300a6/TestSegmentedRaftLog/testAppendAndRoll
2025-01-06 18:15:43,549 [main] TRACE util.FileUtils (LogUtils.java:runAndLog(49)) - Successfully ran Files.delete target/test/data/5d6300a6/TestSegmentedRaftLog
]]></system-out>
  </testcase>
  <testcase name="testAppendAndRoll(Boolean,Boolean)" classname="org.apache.ratis.server.raftlog.segmented.TestSegmentedRaftLog" time="2.222"/>
  <testcase name="testLoadLogSegments(Boolean,Boolean)" classname="org.apache.ratis.server.raftlog.segmented.TestSegmentedRaftLog" time="1.078"/>
  <testcase name="testLoadLogSegments(Boolean,Boolean)" classname="org.apache.ratis.server.raftlog.segmented.TestSegmentedRaftLog" time="1.069"/>
  <testcase name="testLoadLogSegments(Boolean,Boolean)" classname="org.apache.ratis.server.raftlog.segmented.TestSegmentedRaftLog" time="1.071"/>
  <testcase name="testLoadLogSegments(Boolean,Boolean)" classname="org.apache.ratis.server.raftlog.segmented.TestSegmentedRaftLog" time="1.072"/>
  <testcase name="testAsyncFlushPerf1(Boolean,Boolean)" classname="org.apache.ratis.server.raftlog.segmented.TestSegmentedRaftLog" time="8.63"/>
  <testcase name="testAsyncFlushPerf1(Boolean,Boolean)" classname="org.apache.ratis.server.raftlog.segmented.TestSegmentedRaftLog" time="6.881"/>
  <testcase name="testAsyncFlushPerf1(Boolean,Boolean)" classname="org.apache.ratis.server.raftlog.segmented.TestSegmentedRaftLog" time="6.649"/>
  <testcase name="testAsyncFlushPerf1(Boolean,Boolean)" classname="org.apache.ratis.server.raftlog.segmented.TestSegmentedRaftLog" time="6.546"/>
  <testcase name="testAsyncFlushPerf2(Boolean,Boolean)" classname="org.apache.ratis.server.raftlog.segmented.TestSegmentedRaftLog" time="6.796"/>
  <testcase name="testAsyncFlushPerf2(Boolean,Boolean)" classname="org.apache.ratis.server.raftlog.segmented.TestSegmentedRaftLog" time="6.979"/>
  <testcase name="testAsyncFlushPerf2(Boolean,Boolean)" classname="org.apache.ratis.server.raftlog.segmented.TestSegmentedRaftLog" time="6.419"/>
  <testcase name="testAsyncFlushPerf2(Boolean,Boolean)" classname="org.apache.ratis.server.raftlog.segmented.TestSegmentedRaftLog" time="6.112"/>
  <testcase name="testAppendEntry(Boolean,Boolean)" classname="org.apache.ratis.server.raftlog.segmented.TestSegmentedRaftLog" time="2.228"/>
  <testcase name="testAppendEntry(Boolean,Boolean)" classname="org.apache.ratis.server.raftlog.segmented.TestSegmentedRaftLog" time="2.24"/>
  <testcase name="testAppendEntry(Boolean,Boolean)" classname="org.apache.ratis.server.raftlog.segmented.TestSegmentedRaftLog" time="2.282"/>
  <testcase name="testAppendEntry(Boolean,Boolean)" classname="org.apache.ratis.server.raftlog.segmented.TestSegmentedRaftLog" time="2.249"/>
  <testcase name="testSegmentedRaftLogStateMachineData(Boolean,Boolean)" classname="org.apache.ratis.server.raftlog.segmented.TestSegmentedRaftLog" time="3.121"/>
  <testcase name="testSegmentedRaftLogStateMachineData(Boolean,Boolean)" classname="org.apache.ratis.server.raftlog.segmented.TestSegmentedRaftLog" time="3.115"/>
  <testcase name="testSegmentedRaftLogStateMachineData(Boolean,Boolean)" classname="org.apache.ratis.server.raftlog.segmented.TestSegmentedRaftLog" time="3.113"/>
  <testcase name="testSegmentedRaftLogStateMachineData(Boolean,Boolean)" classname="org.apache.ratis.server.raftlog.segmented.TestSegmentedRaftLog" time="3.114"/>
  <testcase name="testAppendEntryAfterPurge(Boolean,Boolean)" classname="org.apache.ratis.server.raftlog.segmented.TestSegmentedRaftLog" time="1.213"/>
  <testcase name="testAppendEntryAfterPurge(Boolean,Boolean)" classname="org.apache.ratis.server.raftlog.segmented.TestSegmentedRaftLog" time="1.215"/>
  <testcase name="testAppendEntryAfterPurge(Boolean,Boolean)" classname="org.apache.ratis.server.raftlog.segmented.TestSegmentedRaftLog" time="1.229"/>
  <testcase name="testAppendEntryAfterPurge(Boolean,Boolean)" classname="org.apache.ratis.server.raftlog.segmented.TestSegmentedRaftLog" time="1.232"/>
</testsuite>