<?xml version="1.0" encoding="UTF-8"?>
<testsuite xmlns:xsi="http://www.w3.org/2001/XMLSchema-instance" xsi:noNamespaceSchemaLocation="https://maven.apache.org/surefire/maven-surefire-plugin/xsd/surefire-test-report-3.0.xsd" version="3.0" name="org.apache.ratis.server.raftlog.segmented.TestSegmentedRaftLog" time="293.111" tests="48" errors="1" skipped="0" failures="0">
  <properties>
[...]
</properties>
  <testcase name="testAppendEntriesWithInconsistency(Boolean,Boolean)" classname="org.apache.ratis.server.raftlog.segmented.TestSegmentedRaftLog" time="5.591"/>
  <testcase name="testAppendEntriesWithInconsistency(Boolean,Boolean)" classname="org.apache.ratis.server.raftlog.segmented.TestSegmentedRaftLog" time="3.486"/>
  <testcase name="testAppendEntriesWithInconsistency(Boolean,Boolean)" classname="org.apache.ratis.server.raftlog.segmented.TestSegmentedRaftLog" time="3.553"/>
  <testcase name="testAppendEntriesWithInconsistency(Boolean,Boolean)" classname="org.apache.ratis.server.raftlog.segmented.TestSegmentedRaftLog" time="3.432"/>
  <testcase name="testTruncate(Boolean,Boolean)" classname="org.apache.ratis.server.raftlog.segmented.TestSegmentedRaftLog" time="15.367"/>
  <testcase name="testTruncate(Boolean,Boolean)" classname="org.apache.ratis.server.raftlog.segmented.TestSegmentedRaftLog" time="15.38"/>
  <testcase name="testTruncate(Boolean,Boolean)" classname="org.apache.ratis.server.raftlog.segmented.TestSegmentedRaftLog" time="15.412"/>
  <testcase name="testTruncate(Boolean,Boolean)" classname="org.apache.ratis.server.raftlog.segmented.TestSegmentedRaftLog" time="15.36"/>
  <testcase name="testPurgeOnClosedSegments" classname="org.apache.ratis.server.raftlog.segmented.TestSegmentedRaftLog" time="1.225"/>
  <testcase name="testPurgeOnClosedSegmentsWithPurgeGap" classname="org.apache.ratis.server.raftlog.segmented.TestSegmentedRaftLog" time="1.221"/>
  <testcase name="testServerShutdownOnTimeoutIOException(Boolean,Boolean)" classname="org.apache.ratis.server.raftlog.segmented.TestSegmentedRaftLog" time="1.342"/>
  <testcase name="testServerShutdownOnTimeoutIOException(Boolean,Boolean)" classname="org.apache.ratis.server.raftlog.segmented.TestSegmentedRaftLog" time="1.326"/>
  <testcase name="testServerShutdownOnTimeoutIOException(Boolean,Boolean)" classname="org.apache.ratis.server.raftlog.segmented.TestSegmentedRaftLog" time="1.326"/>
  <testcase name="testServerShutdownOnTimeoutIOException(Boolean,Boolean)" classname="org.apache.ratis.server.raftlog.segmented.TestSegmentedRaftLog" time="1.325"/>
  <testcase name="testPurgeAfterAppendEntry(Boolean,Boolean)" classname="org.apache.ratis.server.raftlog.segmented.TestSegmentedRaftLog" time="2.062"/>
  <testcase name="testPurgeAfterAppendEntry(Boolean,Boolean)" classname="org.apache.ratis.server.raftlog.segmented.TestSegmentedRaftLog" time="2.057"/>
  <testcase name="testPurgeAfterAppendEntry(Boolean,Boolean)" classname="org.apache.ratis.server.raftlog.segmented.TestSegmentedRaftLog" time="2.051"/>
  <testcase name="testPurgeAfterAppendEntry(Boolean,Boolean)" classname="org.apache.ratis.server.raftlog.segmented.TestSegmentedRaftLog" time="2.051"/>
  <testcase name="testPurgeOnOpenSegment" classname="org.apache.ratis.server.raftlog.segmented.TestSegmentedRaftLog" time="1.265"/>
  <testcase name="testPurgeLogMetric" classname="org.apache.ratis.server.raftlog.segmented.TestSegmentedRaftLog" time="1.245"/>
  <testcase name="testAppendAndRoll(Boolean,Boolean)" classname="org.apache.ratis.server.raftlog.segmented.TestSegmentedRaftLog" time="2.265"/>
  <testcase name="testAppendAndRoll(Boolean,Boolean)" classname="org.apache.ratis.server.raftlog.segmented.TestSegmentedRaftLog" time="2.256"/>
  <testcase name="testAppendAndRoll(Boolean,Boolean)" classname="org.apache.ratis.server.raftlog.segmented.TestSegmentedRaftLog" time="100.016">
    <error type="java.util.concurrent.TimeoutException"><![CDATA[java.util.concurrent.TimeoutException: testAppendAndRoll(java.lang.Boolean, java.lang.Boolean) timed out after 100 seconds
	at java.util.stream.ForEachOps$ForEachOp$OfRef.accept(ForEachOps.java:183)
	at java.util.stream.ReferencePipeline$3$1.accept(ReferencePipeline.java:193)
	at java.util.stream.ReferencePipeline$2$1.accept(ReferencePipeline.java:175)
	at java.util.stream.ReferencePipeline$3$1.accept(ReferencePipeline.java:193)
	at java.util.stream.ForEachOps$ForEachOp$OfRef.accept(ForEachOps.java:183)
	at java.util.stream.ReferencePipeline$3$1.accept(ReferencePipeline.java:193)
	at java.util.stream.ReferencePipeline$3$1.accept(ReferencePipeline.java:193)
	at java.util.stream.ReferencePipeline$3$1.accept(ReferencePipeline.java:193)
	at java.util.stream.ForEachOps$ForEachOp$OfRef.accept(ForEachOps.java:183)
	at java.util.stream.ReferencePipeline$3$1.accept(ReferencePipeline.java:193)
	at java.util.Spliterators$ArraySpliterator.forEachRemaining(Spliterators.java:948)
	at java.util.stream.ReferencePipeline$Head.forEach(ReferencePipeline.java:647)
	at java.util.stream.ReferencePipeline$7$1.accept(ReferencePipeline.java:272)
	at java.util.stream.ReferencePipeline$3$1.accept(ReferencePipeline.java:193)
	at java.util.stream.ReferencePipeline$3$1.accept(ReferencePipeline.java:193)
	at java.util.stream.ReferencePipeline$3$1.accept(ReferencePipeline.java:193)
	at java.util.Spliterators$ArraySpliterator.forEachRemaining(Spliterators.java:948)
	at java.util.stream.AbstractPipeline.copyInto(AbstractPipeline.java:482)
	at java.util.stream.AbstractPipeline.wrapAndCopyInto(AbstractPipeline.java:472)
	at java.util.stream.ForEachOps$ForEachOp.evaluateSequential(ForEachOps.java:150)
	at java.util.stream.ForEachOps$ForEachOp$OfRef.evaluateSequential(ForEachOps.java:173)
	at java.util.stream.AbstractPipeline.evaluate(AbstractPipeline.java:234)
	at java.util.stream.ReferencePipeline.forEach(ReferencePipeline.java:485)
	at java.util.stream.ReferencePipeline$7$1.accept(ReferencePipeline.java:272)
	at java.util.stream.ReferencePipeline$3$1.accept(ReferencePipeline.java:193)
	at java.util.stream.ReferencePipeline$3$1.accept(ReferencePipeline.java:193)
	at java.util.stream.ReferencePipeline$3$1.accept(ReferencePipeline.java:193)
	at java.util.ArrayList$ArrayListSpliterator.forEachRemaining(ArrayList.java:1384)
	at java.util.stream.AbstractPipeline.copyInto(AbstractPipeline.java:482)
	at java.util.stream.AbstractPipeline.wrapAndCopyInto(AbstractPipeline.java:472)
	at java.util.stream.ForEachOps$ForEachOp.evaluateSequential(ForEachOps.java:150)
	at java.util.stream.ForEachOps$ForEachOp$OfRef.evaluateSequential(ForEachOps.java:173)
	at java.util.stream.AbstractPipeline.evaluate(AbstractPipeline.java:234)
	at java.util.stream.ReferencePipeline.forEach(ReferencePipeline.java:485)
	at java.util.stream.ReferencePipeline$7$1.accept(ReferencePipeline.java:272)
	at java.util.ArrayList$ArrayListSpliterator.forEachRemaining(ArrayList.java:1384)
	at java.util.stream.AbstractPipeline.copyInto(AbstractPipeline.java:482)
	at java.util.stream.AbstractPipeline.wrapAndCopyInto(AbstractPipeline.java:472)
	at java.util.stream.ForEachOps$ForEachOp.evaluateSequential(ForEachOps.java:150)
	at java.util.stream.ForEachOps$ForEachOp$OfRef.evaluateSequential(ForEachOps.java:173)
	at java.util.stream.AbstractPipeline.evaluate(AbstractPipeline.java:234)
	at java.util.stream.ReferencePipeline.forEach(ReferencePipeline.java:485)
	at java.util.ArrayList.forEach(ArrayList.java:1259)
	at java.util.ArrayList.forEach(ArrayList.java:1259)
]]></error>
    <system-out><![CDATA[2024-08-26 18:11:14,549 [main] INFO  util.LogUtils (Slf4jUtils.java:setLogLevel(38)) - Successfully set org.apache.ratis.conf.ConfUtils log level to WARN
2024-08-26 18:11:14,549 [main] INFO  util.LogUtils (Slf4jUtils.java:setLogLevel(38)) - Successfully set org.apache.ratis.util.FileUtils log level to TRACE
2024-08-26 18:11:14,550 [main] INFO  storage.RaftStorageDirectory (RaftStorageDirectoryImpl.java:analyzeStorage(138)) - The storage directory /home/runner/work/ratis/ratis/ratis-test/target/test/data/a2895385/TestSegmentedRaftLog/testAppendAndRoll does not exist. Creating ...
2024-08-26 18:11:14,551 [main] TRACE util.FileUtils (LogUtils.java:runAndLog(49)) - Successfully ran Files.createDirectories target/test/data/a2895385/TestSegmentedRaftLog/testAppendAndRoll
2024-08-26 18:11:14,552 [main] INFO  storage.RaftStorageDirectory (RaftStorageDirectoryImpl.java:tryLock(229)) - Lock on target/test/data/a2895385/TestSegmentedRaftLog/testAppendAndRoll/in_use.lock acquired by nodename 3034@fv-az1202-873
2024-08-26 18:11:14,552 [main] TRACE util.FileUtils (LogUtils.java:runAndLog(49)) - Successfully ran Files.deleteIfExists target/test/data/a2895385/TestSegmentedRaftLog/testAppendAndRoll/current/raft-meta.tmp
2024-08-26 18:11:14,552 [main] TRACE util.FileUtils (LogUtils.java:runAndLog(49)) - Successfully ran Files.createDirectories target/test/data/a2895385/TestSegmentedRaftLog/testAppendAndRoll/current
2024-08-26 18:11:14,552 [main] TRACE util.FileUtils (LogUtils.java:runAndLog(49)) - Successfully ran Files.createDirectories target/test/data/a2895385/TestSegmentedRaftLog/testAppendAndRoll/sm
2024-08-26 18:11:14,553 [main] TRACE util.FileUtils (LogUtils.java:supplyAndLog(69)) - Successfully supplied FileChannel.open target/test/data/a2895385/TestSegmentedRaftLog/testAppendAndRoll/current/raft-meta.tmp with options [CREATE, WRITE]: sun.nio.ch.FileChannelImpl@53b83897
2024-08-26 18:11:14,553 [main] TRACE util.FileUtils (LogUtils.java:runAndLog(49)) - Successfully ran Atomic Files.move /home/runner/work/ratis/ratis/ratis-test/target/test/data/a2895385/TestSegmentedRaftLog/testAppendAndRoll/current/raft-meta.tmp to /home/runner/work/ratis/ratis/ratis-test/target/test/data/a2895385/TestSegmentedRaftLog/testAppendAndRoll/current/raft-meta with options [REPLACE_EXISTING]
2024-08-26 18:11:14,554 [main] INFO  storage.RaftStorage (RaftStorageImpl.java:format(98)) - Storage directory target/test/data/a2895385/TestSegmentedRaftLog/testAppendAndRoll has been successfully formatted.
2024-08-26 18:11:14,554 [main] INFO  server.RaftServerConfigKeys (ConfUtils.java:logGet(46)) - raft.server.log.segment.size.max = 32MB (=33554432) (default)
2024-08-26 18:11:14,554 [main] INFO  server.RaftServerConfigKeys (ConfUtils.java:logGet(46)) - raft.server.log.preallocated.size = 4MB (=4194304) (default)
2024-08-26 18:11:14,554 [main] INFO  server.RaftServerConfigKeys (ConfUtils.java:logGet(46)) - raft.server.log.write.buffer.size = 8MB (=8388608) (default)
2024-08-26 18:11:14,556 [main] INFO  server.RaftServerConfigKeys (ConfUtils.java:logGet(46)) - raft.server.log.purge.gap = 1024 (default)
2024-08-26 18:11:14,556 [main] INFO  server.RaftServerConfigKeys (ConfUtils.java:logGet(46)) - raft.server.log.appender.buffer.byte-limit = 4MB (=4194304) (default)
2024-08-26 18:11:14,556 [main] INFO  server.RaftServerConfigKeys (ConfUtils.java:logGet(46)) - raft.server.log.statemachine.data.read.timeout = 1000ms (default)
2024-08-26 18:11:14,556 [main] INFO  server.RaftServerConfigKeys (ConfUtils.java:logGet(46)) - raft.server.log.purge.preservation.log.num = 0 (default)
2024-08-26 18:11:14,557 [main] INFO  server.RaftServerConfigKeys (ConfUtils.java:logGet(46)) - raft.server.log.segment.size.max = 128KB (=131072) (custom)
2024-08-26 18:11:14,557 [main] INFO  server.RaftServerConfigKeys (ConfUtils.java:logGet(46)) - raft.server.log.segment.cache.num.max = 6 (default)
2024-08-26 18:11:14,557 [main] INFO  server.RaftServerConfigKeys (ConfUtils.java:logGet(46)) - raft.server.log.segment.cache.size.max = 200MB (=209715200) (default)
2024-08-26 18:11:14,557 [main] INFO  server.RaftServerConfigKeys (ConfUtils.java:logGet(46)) - raft.server.log.appender.buffer.byte-limit = 4MB (=4194304) (default)
2024-08-26 18:11:14,558 [main] INFO  util.AwaitToRun (AwaitToRun.java:start(81)) - Thread[s0@group-5510D7FC76D1-cacheEviction-AwaitToRun,5,main] started
2024-08-26 18:11:14,558 [main] INFO  segmented.SegmentedRaftLogWorker (SegmentedRaftLogWorker.java:<init>(187)) - new s0@group-5510D7FC76D1-SegmentedRaftLogWorker for RaftStorageImpl:Storage Directory target/test/data/a2895385/TestSegmentedRaftLog/testAppendAndRoll
2024-08-26 18:11:14,558 [main] INFO  server.RaftServerConfigKeys (ConfUtils.java:logGet(46)) - raft.server.log.queue.byte-limit = 64MB (=67108864) (default)
2024-08-26 18:11:14,558 [main] INFO  server.RaftServerConfigKeys (ConfUtils.java:logGet(46)) - raft.server.log.queue.element-limit = 4096 (default)
2024-08-26 18:11:14,558 [main] INFO  server.RaftServerConfigKeys (ConfUtils.java:logGet(46)) - raft.server.log.segment.size.max = 128KB (=131072) (custom)
2024-08-26 18:11:14,558 [main] INFO  server.RaftServerConfigKeys (ConfUtils.java:logGet(46)) - raft.server.log.preallocated.size = 16KB (=16384) (custom)
2024-08-26 18:11:14,558 [main] INFO  server.RaftServerConfigKeys (ConfUtils.java:logGet(46)) - raft.server.log.force.sync.num = 128 (default)
2024-08-26 18:11:14,559 [main] INFO  server.RaftServerConfigKeys (ConfUtils.java:logGet(46)) - raft.server.log.statemachine.data.sync = false (custom)
2024-08-26 18:11:14,559 [main] INFO  server.RaftServerConfigKeys (ConfUtils.java:logGet(46)) - raft.server.log.statemachine.data.sync.timeout = 10s (default)
2024-08-26 18:11:14,559 [main] INFO  server.RaftServerConfigKeys (ConfUtils.java:logGet(46)) - raft.server.log.statemachine.data.sync.timeout.retry = -1 (default)
2024-08-26 18:11:14,559 [main] INFO  server.RaftServerConfigKeys (ConfUtils.java:logGet(46)) - raft.server.log.write.buffer.size = 8MB (=8388608) (default)
2024-08-26 18:11:14,560 [main] INFO  server.RaftServerConfigKeys (ConfUtils.java:logGet(46)) - raft.server.log.appender.buffer.byte-limit = 4MB (=4194304) (default)
2024-08-26 18:11:14,560 [main] INFO  server.RaftServerConfigKeys (ConfUtils.java:logGet(46)) - raft.server.log.unsafe-flush.enabled = false (default)
2024-08-26 18:11:14,560 [main] INFO  server.RaftServerConfigKeys (ConfUtils.java:logGet(46)) - raft.server.log.async-flush.enabled = true (custom)
2024-08-26 18:11:14,560 [main] INFO  server.RaftServerConfigKeys (ConfUtils.java:logGet(46)) - raft.server.log.statemachine.data.caching.enabled = false (default)
2024-08-26 18:11:14,560 [main] INFO  segmented.SegmentedRaftLogWorker (SegmentedRaftLogWorker.java:lambda$new$0(138)) - s0@group-5510D7FC76D1-SegmentedRaftLogWorker: flushIndex: setUnconditionally 0 -> -1
2024-08-26 18:11:14,560 [main] INFO  segmented.SegmentedRaftLogWorker (SegmentedRaftLogWorker.java:lambda$new$0(138)) - s0@group-5510D7FC76D1-SegmentedRaftLogWorker: safeCacheEvictIndex: setUnconditionally 0 -> -1
2024-08-26 18:11:14,561 [main] INFO  segmented.SegmentedRaftLogWorker (SegmentedRaftLogWorker.java:startLogSegment(438)) - s0@group-5510D7FC76D1-SegmentedRaftLogWorker: Starting segment from index:0
2024-08-26 18:11:14,561 [s0@group-5510D7FC76D1-SegmentedRaftLogWorker] INFO  segmented.BufferedWriteChannel (BufferedWriteChannel.java:open(61)) - open log_inprogress_0 at position 0
2024-08-26 18:11:14,562 [s0@group-5510D7FC76D1-SegmentedRaftLogWorker] INFO  segmented.SegmentedRaftLogWorker (SegmentedRaftLogWorker.java:execute(660)) - s0@group-5510D7FC76D1-SegmentedRaftLogWorker: created new log segment target/test/data/a2895385/TestSegmentedRaftLog/testAppendAndRoll/current/log_inprogress_0
2024-08-26 18:11:14,582 [main] INFO  segmented.SegmentedRaftLogWorker (SegmentedRaftLogWorker.java:rollLogSegment(443)) - s0@group-5510D7FC76D1-SegmentedRaftLogWorker: Rolling segment log-0_122 to index:122
2024-08-26 18:11:14,583 [s0@group-5510D7FC76D1-SegmentedRaftLogWorker] TRACE util.FileUtils (LogUtils.java:runAndLog(49)) - Successfully ran Atomic Files.move target/test/data/a2895385/TestSegmentedRaftLog/testAppendAndRoll/current/log_inprogress_0 to target/test/data/a2895385/TestSegmentedRaftLog/testAppendAndRoll/current/log_0-122
2024-08-26 18:11:14,583 [s0@group-5510D7FC76D1-SegmentedRaftLogWorker] INFO  segmented.SegmentedRaftLogWorker (SegmentedRaftLogWorker.java:execute(617)) - s0@group-5510D7FC76D1-SegmentedRaftLogWorker: Rolled log segment from target/test/data/a2895385/TestSegmentedRaftLog/testAppendAndRoll/current/log_inprogress_0 to target/test/data/a2895385/TestSegmentedRaftLog/testAppendAndRoll/current/log_0-122
2024-08-26 18:11:14,583 [s0@group-5510D7FC76D1-SegmentedRaftLogWorker] INFO  segmented.BufferedWriteChannel (BufferedWriteChannel.java:open(61)) - open log_inprogress_123 at position 0
2024-08-26 18:11:14,584 [s0@group-5510D7FC76D1-SegmentedRaftLogWorker] INFO  segmented.SegmentedRaftLogWorker (SegmentedRaftLogWorker.java:execute(660)) - s0@group-5510D7FC76D1-SegmentedRaftLogWorker: created new log segment target/test/data/a2895385/TestSegmentedRaftLog/testAppendAndRoll/current/log_inprogress_123
2024-08-26 18:11:14,604 [main] INFO  segmented.SegmentedRaftLogWorker (SegmentedRaftLogWorker.java:rollLogSegment(443)) - s0@group-5510D7FC76D1-SegmentedRaftLogWorker: Rolling segment log-123_245 to index:245
2024-08-26 18:11:14,604 [s0@group-5510D7FC76D1-SegmentedRaftLogWorker] TRACE util.FileUtils (LogUtils.java:runAndLog(49)) - Successfully ran Atomic Files.move target/test/data/a2895385/TestSegmentedRaftLog/testAppendAndRoll/current/log_inprogress_123 to target/test/data/a2895385/TestSegmentedRaftLog/testAppendAndRoll/current/log_123-245
2024-08-26 18:11:14,604 [s0@group-5510D7FC76D1-SegmentedRaftLogWorker] INFO  segmented.SegmentedRaftLogWorker (SegmentedRaftLogWorker.java:execute(617)) - s0@group-5510D7FC76D1-SegmentedRaftLogWorker: Rolled log segment from target/test/data/a2895385/TestSegmentedRaftLog/testAppendAndRoll/current/log_inprogress_123 to target/test/data/a2895385/TestSegmentedRaftLog/testAppendAndRoll/current/log_123-245
2024-08-26 18:11:14,604 [s0@group-5510D7FC76D1-SegmentedRaftLogWorker] INFO  segmented.BufferedWriteChannel (BufferedWriteChannel.java:open(61)) - open log_inprogress_246 at position 0
2024-08-26 18:11:14,605 [s0@group-5510D7FC76D1-SegmentedRaftLogWorker] INFO  segmented.SegmentedRaftLogWorker (SegmentedRaftLogWorker.java:execute(660)) - s0@group-5510D7FC76D1-SegmentedRaftLogWorker: created new log segment target/test/data/a2895385/TestSegmentedRaftLog/testAppendAndRoll/current/log_inprogress_246
2024-08-26 18:11:14,625 [main] INFO  segmented.SegmentedRaftLogWorker (SegmentedRaftLogWorker.java:rollLogSegment(443)) - s0@group-5510D7FC76D1-SegmentedRaftLogWorker: Rolling segment log-246_368 to index:368
2024-08-26 18:11:14,625 [s0@group-5510D7FC76D1-SegmentedRaftLogWorker] TRACE util.FileUtils (LogUtils.java:runAndLog(49)) - Successfully ran Atomic Files.move target/test/data/a2895385/TestSegmentedRaftLog/testAppendAndRoll/current/log_inprogress_246 to target/test/data/a2895385/TestSegmentedRaftLog/testAppendAndRoll/current/log_246-368
2024-08-26 18:11:14,625 [s0@group-5510D7FC76D1-SegmentedRaftLogWorker] INFO  segmented.SegmentedRaftLogWorker (SegmentedRaftLogWorker.java:execute(617)) - s0@group-5510D7FC76D1-SegmentedRaftLogWorker: Rolled log segment from target/test/data/a2895385/TestSegmentedRaftLog/testAppendAndRoll/current/log_inprogress_246 to target/test/data/a2895385/TestSegmentedRaftLog/testAppendAndRoll/current/log_246-368
2024-08-26 18:11:14,626 [s0@group-5510D7FC76D1-SegmentedRaftLogWorker] INFO  segmented.BufferedWriteChannel (BufferedWriteChannel.java:open(61)) - open log_inprogress_369 at position 0
2024-08-26 18:11:14,626 [s0@group-5510D7FC76D1-SegmentedRaftLogWorker] INFO  segmented.SegmentedRaftLogWorker (SegmentedRaftLogWorker.java:execute(660)) - s0@group-5510D7FC76D1-SegmentedRaftLogWorker: created new log segment target/test/data/a2895385/TestSegmentedRaftLog/testAppendAndRoll/current/log_inprogress_369
2024-08-26 18:11:14,647 [main] INFO  segmented.SegmentedRaftLogWorker (SegmentedRaftLogWorker.java:rollLogSegment(443)) - s0@group-5510D7FC76D1-SegmentedRaftLogWorker: Rolling segment log-369_491 to index:491
2024-08-26 18:11:14,647 [s0@group-5510D7FC76D1-SegmentedRaftLogWorker] TRACE util.FileUtils (LogUtils.java:runAndLog(49)) - Successfully ran Atomic Files.move target/test/data/a2895385/TestSegmentedRaftLog/testAppendAndRoll/current/log_inprogress_369 to target/test/data/a2895385/TestSegmentedRaftLog/testAppendAndRoll/current/log_369-491
2024-08-26 18:11:14,647 [s0@group-5510D7FC76D1-SegmentedRaftLogWorker] INFO  segmented.SegmentedRaftLogWorker (SegmentedRaftLogWorker.java:execute(617)) - s0@group-5510D7FC76D1-SegmentedRaftLogWorker: Rolled log segment from target/test/data/a2895385/TestSegmentedRaftLog/testAppendAndRoll/current/log_inprogress_369 to target/test/data/a2895385/TestSegmentedRaftLog/testAppendAndRoll/current/log_369-491
2024-08-26 18:11:14,647 [s0@group-5510D7FC76D1-SegmentedRaftLogWorker] INFO  segmented.BufferedWriteChannel (BufferedWriteChannel.java:open(61)) - open log_inprogress_492 at position 0
2024-08-26 18:11:14,649 [s0@group-5510D7FC76D1-SegmentedRaftLogWorker] INFO  segmented.SegmentedRaftLogWorker (SegmentedRaftLogWorker.java:execute(660)) - s0@group-5510D7FC76D1-SegmentedRaftLogWorker: created new log segment target/test/data/a2895385/TestSegmentedRaftLog/testAppendAndRoll/current/log_inprogress_492
2024-08-26 18:11:14,673 [main] INFO  segmented.SegmentedRaftLogWorker (SegmentedRaftLogWorker.java:rollLogSegment(443)) - s0@group-5510D7FC76D1-SegmentedRaftLogWorker: Rolling segment log-492_614 to index:614
2024-08-26 18:11:14,673 [s0@group-5510D7FC76D1-SegmentedRaftLogWorker] TRACE util.FileUtils (LogUtils.java:runAndLog(49)) - Successfully ran Atomic Files.move target/test/data/a2895385/TestSegmentedRaftLog/testAppendAndRoll/current/log_inprogress_492 to target/test/data/a2895385/TestSegmentedRaftLog/testAppendAndRoll/current/log_492-614
2024-08-26 18:11:14,673 [s0@group-5510D7FC76D1-SegmentedRaftLogWorker] INFO  segmented.SegmentedRaftLogWorker (SegmentedRaftLogWorker.java:execute(617)) - s0@group-5510D7FC76D1-SegmentedRaftLogWorker: Rolled log segment from target/test/data/a2895385/TestSegmentedRaftLog/testAppendAndRoll/current/log_inprogress_492 to target/test/data/a2895385/TestSegmentedRaftLog/testAppendAndRoll/current/log_492-614
2024-08-26 18:11:14,674 [s0@group-5510D7FC76D1-SegmentedRaftLogWorker] INFO  segmented.BufferedWriteChannel (BufferedWriteChannel.java:open(61)) - open log_inprogress_615 at position 0
2024-08-26 18:11:14,674 [s0@group-5510D7FC76D1-SegmentedRaftLogWorker] INFO  segmented.SegmentedRaftLogWorker (SegmentedRaftLogWorker.java:execute(660)) - s0@group-5510D7FC76D1-SegmentedRaftLogWorker: created new log segment target/test/data/a2895385/TestSegmentedRaftLog/testAppendAndRoll/current/log_inprogress_615
2024-08-26 18:11:14,695 [main] INFO  segmented.SegmentedRaftLogWorker (SegmentedRaftLogWorker.java:rollLogSegment(443)) - s0@group-5510D7FC76D1-SegmentedRaftLogWorker: Rolling segment log-615_737 to index:737
2024-08-26 18:11:14,696 [s0@group-5510D7FC76D1-SegmentedRaftLogWorker] TRACE util.FileUtils (LogUtils.java:runAndLog(49)) - Successfully ran Atomic Files.move target/test/data/a2895385/TestSegmentedRaftLog/testAppendAndRoll/current/log_inprogress_615 to target/test/data/a2895385/TestSegmentedRaftLog/testAppendAndRoll/current/log_615-737
2024-08-26 18:11:14,696 [s0@group-5510D7FC76D1-SegmentedRaftLogWorker] INFO  segmented.SegmentedRaftLogWorker (SegmentedRaftLogWorker.java:execute(617)) - s0@group-5510D7FC76D1-SegmentedRaftLogWorker: Rolled log segment from target/test/data/a2895385/TestSegmentedRaftLog/testAppendAndRoll/current/log_inprogress_615 to target/test/data/a2895385/TestSegmentedRaftLog/testAppendAndRoll/current/log_615-737
2024-08-26 18:11:14,696 [s0@group-5510D7FC76D1-SegmentedRaftLogWorker] INFO  segmented.BufferedWriteChannel (BufferedWriteChannel.java:open(61)) - open log_inprogress_738 at position 0
2024-08-26 18:11:14,696 [s0@group-5510D7FC76D1-SegmentedRaftLogWorker] INFO  segmented.SegmentedRaftLogWorker (SegmentedRaftLogWorker.java:execute(660)) - s0@group-5510D7FC76D1-SegmentedRaftLogWorker: created new log segment target/test/data/a2895385/TestSegmentedRaftLog/testAppendAndRoll/current/log_inprogress_738
2024-08-26 18:11:14,719 [main] INFO  segmented.SegmentedRaftLogWorker (SegmentedRaftLogWorker.java:rollLogSegment(443)) - s0@group-5510D7FC76D1-SegmentedRaftLogWorker: Rolling segment log-738_860 to index:860
2024-08-26 18:11:14,720 [s0@group-5510D7FC76D1-SegmentedRaftLogWorker] TRACE util.FileUtils (LogUtils.java:runAndLog(49)) - Successfully ran Atomic Files.move target/test/data/a2895385/TestSegmentedRaftLog/testAppendAndRoll/current/log_inprogress_738 to target/test/data/a2895385/TestSegmentedRaftLog/testAppendAndRoll/current/log_738-860
2024-08-26 18:11:14,720 [s0@group-5510D7FC76D1-SegmentedRaftLogWorker] INFO  segmented.SegmentedRaftLogWorker (SegmentedRaftLogWorker.java:execute(617)) - s0@group-5510D7FC76D1-SegmentedRaftLogWorker: Rolled log segment from target/test/data/a2895385/TestSegmentedRaftLog/testAppendAndRoll/current/log_inprogress_738 to target/test/data/a2895385/TestSegmentedRaftLog/testAppendAndRoll/current/log_738-860
2024-08-26 18:11:14,720 [s0@group-5510D7FC76D1-SegmentedRaftLogWorker] INFO  segmented.BufferedWriteChannel (BufferedWriteChannel.java:open(61)) - open log_inprogress_861 at position 0
2024-08-26 18:11:14,721 [s0@group-5510D7FC76D1-SegmentedRaftLogWorker] INFO  segmented.SegmentedRaftLogWorker (SegmentedRaftLogWorker.java:execute(660)) - s0@group-5510D7FC76D1-SegmentedRaftLogWorker: created new log segment target/test/data/a2895385/TestSegmentedRaftLog/testAppendAndRoll/current/log_inprogress_861
2024-08-26 18:11:14,751 [main] INFO  segmented.SegmentedRaftLogWorker (SegmentedRaftLogWorker.java:rollLogSegment(443)) - s0@group-5510D7FC76D1-SegmentedRaftLogWorker: Rolling segment log-861_983 to index:983
2024-08-26 18:11:14,752 [s0@group-5510D7FC76D1-SegmentedRaftLogWorker] TRACE util.FileUtils (LogUtils.java:runAndLog(49)) - Successfully ran Atomic Files.move target/test/data/a2895385/TestSegmentedRaftLog/testAppendAndRoll/current/log_inprogress_861 to target/test/data/a2895385/TestSegmentedRaftLog/testAppendAndRoll/current/log_861-983
2024-08-26 18:11:14,752 [s0@group-5510D7FC76D1-SegmentedRaftLogWorker] INFO  segmented.SegmentedRaftLogWorker (SegmentedRaftLogWorker.java:execute(617)) - s0@group-5510D7FC76D1-SegmentedRaftLogWorker: Rolled log segment from target/test/data/a2895385/TestSegmentedRaftLog/testAppendAndRoll/current/log_inprogress_861 to target/test/data/a2895385/TestSegmentedRaftLog/testAppendAndRoll/current/log_861-983
2024-08-26 18:11:14,752 [s0@group-5510D7FC76D1-SegmentedRaftLogWorker] INFO  segmented.BufferedWriteChannel (BufferedWriteChannel.java:open(61)) - open log_inprogress_984 at position 0
2024-08-26 18:11:14,752 [s0@group-5510D7FC76D1-SegmentedRaftLogWorker] INFO  segmented.SegmentedRaftLogWorker (SegmentedRaftLogWorker.java:execute(660)) - s0@group-5510D7FC76D1-SegmentedRaftLogWorker: created new log segment target/test/data/a2895385/TestSegmentedRaftLog/testAppendAndRoll/current/log_inprogress_984
2024-08-26 18:11:14,760 [s0@group-5510D7FC76D1-cacheEviction-AwaitToRun] INFO  util.AwaitToRun (AwaitToRun.java:run(49)) - s0@group-5510D7FC76D1-cacheEviction-AwaitToRun-AwaitForSignal is interrupted
2024-08-26 18:11:15,760 [main] INFO  segmented.SegmentedRaftLogWorker (SegmentedRaftLogWorker.java:close(251)) - s0@group-5510D7FC76D1-SegmentedRaftLogWorker close()
2024-08-26 18:11:15,761 [main] INFO  server.RaftServerConfigKeys (ConfUtils.java:logGet(46)) - raft.server.log.purge.gap = 1024 (default)
2024-08-26 18:11:15,761 [main] INFO  server.RaftServerConfigKeys (ConfUtils.java:logGet(46)) - raft.server.log.appender.buffer.byte-limit = 4MB (=4194304) (default)
2024-08-26 18:11:15,761 [main] INFO  server.RaftServerConfigKeys (ConfUtils.java:logGet(46)) - raft.server.log.statemachine.data.read.timeout = 1000ms (default)
2024-08-26 18:11:15,761 [main] INFO  server.RaftServerConfigKeys (ConfUtils.java:logGet(46)) - raft.server.log.purge.preservation.log.num = 0 (default)
2024-08-26 18:11:15,762 [main] INFO  server.RaftServerConfigKeys (ConfUtils.java:logGet(46)) - raft.server.log.segment.size.max = 128KB (=131072) (custom)
2024-08-26 18:11:15,762 [main] INFO  server.RaftServerConfigKeys (ConfUtils.java:logGet(46)) - raft.server.log.segment.cache.num.max = 6 (default)
2024-08-26 18:11:15,762 [main] INFO  server.RaftServerConfigKeys (ConfUtils.java:logGet(46)) - raft.server.log.segment.cache.size.max = 200MB (=209715200) (default)
2024-08-26 18:11:15,762 [main] INFO  server.RaftServerConfigKeys (ConfUtils.java:logGet(46)) - raft.server.log.appender.buffer.byte-limit = 4MB (=4194304) (default)
2024-08-26 18:11:15,763 [main] INFO  util.AwaitToRun (AwaitToRun.java:start(81)) - Thread[s0@group-5510D7FC76D1-cacheEviction-AwaitToRun,5,main] started
2024-08-26 18:11:15,763 [main] INFO  segmented.SegmentedRaftLogWorker (SegmentedRaftLogWorker.java:<init>(187)) - new s0@group-5510D7FC76D1-SegmentedRaftLogWorker for RaftStorageImpl:Storage Directory target/test/data/a2895385/TestSegmentedRaftLog/testAppendAndRoll
2024-08-26 18:11:15,763 [main] INFO  server.RaftServerConfigKeys (ConfUtils.java:logGet(46)) - raft.server.log.queue.byte-limit = 64MB (=67108864) (default)
2024-08-26 18:11:15,763 [main] INFO  server.RaftServerConfigKeys (ConfUtils.java:logGet(46)) - raft.server.log.queue.element-limit = 4096 (default)
2024-08-26 18:11:15,763 [main] INFO  server.RaftServerConfigKeys (ConfUtils.java:logGet(46)) - raft.server.log.segment.size.max = 128KB (=131072) (custom)
2024-08-26 18:11:15,763 [main] INFO  server.RaftServerConfigKeys (ConfUtils.java:logGet(46)) - raft.server.log.preallocated.size = 16KB (=16384) (custom)
2024-08-26 18:11:15,763 [main] INFO  server.RaftServerConfigKeys (ConfUtils.java:logGet(46)) - raft.server.log.force.sync.num = 128 (default)
2024-08-26 18:11:15,764 [main] INFO  server.RaftServerConfigKeys (ConfUtils.java:logGet(46)) - raft.server.log.statemachine.data.sync = false (custom)
2024-08-26 18:11:15,764 [main] INFO  server.RaftServerConfigKeys (ConfUtils.java:logGet(46)) - raft.server.log.statemachine.data.sync.timeout = 10s (default)
2024-08-26 18:11:15,764 [main] INFO  server.RaftServerConfigKeys (ConfUtils.java:logGet(46)) - raft.server.log.statemachine.data.sync.timeout.retry = -1 (default)
2024-08-26 18:11:15,764 [main] INFO  server.RaftServerConfigKeys (ConfUtils.java:logGet(46)) - raft.server.log.write.buffer.size = 8MB (=8388608) (default)
2024-08-26 18:11:15,765 [main] INFO  server.RaftServerConfigKeys (ConfUtils.java:logGet(46)) - raft.server.log.appender.buffer.byte-limit = 4MB (=4194304) (default)
2024-08-26 18:11:15,765 [main] INFO  server.RaftServerConfigKeys (ConfUtils.java:logGet(46)) - raft.server.log.unsafe-flush.enabled = false (default)
2024-08-26 18:11:15,765 [main] INFO  server.RaftServerConfigKeys (ConfUtils.java:logGet(46)) - raft.server.log.async-flush.enabled = true (custom)
2024-08-26 18:11:15,765 [main] INFO  server.RaftServerConfigKeys (ConfUtils.java:logGet(46)) - raft.server.log.statemachine.data.caching.enabled = false (default)
2024-08-26 18:11:15,765 [main] TRACE util.FileUtils (LogUtils.java:supplyAndLog(69)) - Successfully supplied Files.newInputStream target/test/data/a2895385/TestSegmentedRaftLog/testAppendAndRoll/current/log_0-122 with options []: sun.nio.ch.ChannelInputStream@7137cd14
2024-08-26 18:11:15,766 [main] INFO  segmented.LogSegment (LogSegment.java:loadSegment(175)) - Successfully read 123 entries from segment file target/test/data/a2895385/TestSegmentedRaftLog/testAppendAndRoll/current/log_0-122
2024-08-26 18:11:15,766 [main] TRACE util.FileUtils (LogUtils.java:supplyAndLog(69)) - Successfully supplied Files.newInputStream target/test/data/a2895385/TestSegmentedRaftLog/testAppendAndRoll/current/log_123-245 with options []: sun.nio.ch.ChannelInputStream@47d0195b
2024-08-26 18:11:15,767 [main] INFO  segmented.LogSegment (LogSegment.java:loadSegment(175)) - Successfully read 123 entries from segment file target/test/data/a2895385/TestSegmentedRaftLog/testAppendAndRoll/current/log_123-245
2024-08-26 18:11:15,767 [main] TRACE util.FileUtils (LogUtils.java:supplyAndLog(69)) - Successfully supplied Files.newInputStream target/test/data/a2895385/TestSegmentedRaftLog/testAppendAndRoll/current/log_246-368 with options []: sun.nio.ch.ChannelInputStream@6de2344a
2024-08-26 18:11:15,767 [main] INFO  segmented.LogSegment (LogSegment.java:loadSegment(175)) - Successfully read 123 entries from segment file target/test/data/a2895385/TestSegmentedRaftLog/testAppendAndRoll/current/log_246-368
2024-08-26 18:11:15,768 [main] TRACE util.FileUtils (LogUtils.java:supplyAndLog(69)) - Successfully supplied Files.newInputStream target/test/data/a2895385/TestSegmentedRaftLog/testAppendAndRoll/current/log_369-491 with options []: sun.nio.ch.ChannelInputStream@577dac16
2024-08-26 18:11:15,768 [main] INFO  segmented.LogSegment (LogSegment.java:loadSegment(175)) - Successfully read 123 entries from segment file target/test/data/a2895385/TestSegmentedRaftLog/testAppendAndRoll/current/log_369-491
2024-08-26 18:11:15,768 [main] TRACE util.FileUtils (LogUtils.java:supplyAndLog(69)) - Successfully supplied Files.newInputStream target/test/data/a2895385/TestSegmentedRaftLog/testAppendAndRoll/current/log_492-614 with options []: sun.nio.ch.ChannelInputStream@18ed9480
2024-08-26 18:11:15,769 [main] INFO  segmented.LogSegment (LogSegment.java:loadSegment(175)) - Successfully read 123 entries from segment file target/test/data/a2895385/TestSegmentedRaftLog/testAppendAndRoll/current/log_492-614
2024-08-26 18:11:15,769 [main] TRACE util.FileUtils (LogUtils.java:supplyAndLog(69)) - Successfully supplied Files.newInputStream target/test/data/a2895385/TestSegmentedRaftLog/testAppendAndRoll/current/log_615-737 with options []: sun.nio.ch.ChannelInputStream@5fb05c07
2024-08-26 18:11:15,770 [main] INFO  segmented.LogSegment (LogSegment.java:loadSegment(175)) - Successfully read 123 entries from segment file target/test/data/a2895385/TestSegmentedRaftLog/testAppendAndRoll/current/log_615-737
2024-08-26 18:11:15,770 [main] TRACE util.FileUtils (LogUtils.java:supplyAndLog(69)) - Successfully supplied Files.newInputStream target/test/data/a2895385/TestSegmentedRaftLog/testAppendAndRoll/current/log_738-860 with options []: sun.nio.ch.ChannelInputStream@238c63df
2024-08-26 18:11:15,771 [main] INFO  segmented.LogSegment (LogSegment.java:loadSegment(175)) - Successfully read 123 entries from segment file target/test/data/a2895385/TestSegmentedRaftLog/testAppendAndRoll/current/log_738-860
2024-08-26 18:11:15,771 [main] TRACE util.FileUtils (LogUtils.java:supplyAndLog(69)) - Successfully supplied Files.newInputStream target/test/data/a2895385/TestSegmentedRaftLog/testAppendAndRoll/current/log_861-983 with options []: sun.nio.ch.ChannelInputStream@192b76a4
2024-08-26 18:11:15,772 [main] INFO  segmented.LogSegment (LogSegment.java:loadSegment(175)) - Successfully read 123 entries from segment file target/test/data/a2895385/TestSegmentedRaftLog/testAppendAndRoll/current/log_861-983
2024-08-26 18:11:15,772 [main] TRACE util.FileUtils (LogUtils.java:supplyAndLog(69)) - Successfully supplied Files.newInputStream target/test/data/a2895385/TestSegmentedRaftLog/testAppendAndRoll/current/log_inprogress_984 with options []: sun.nio.ch.ChannelInputStream@6d96a895
2024-08-26 18:11:15,773 [main] INFO  segmented.LogSegment (LogSegment.java:loadSegment(175)) - Successfully read 40 entries from segment file target/test/data/a2895385/TestSegmentedRaftLog/testAppendAndRoll/current/log_inprogress_984
2024-08-26 18:11:15,773 [main] INFO  segmented.SegmentedRaftLogWorker (SegmentedRaftLogWorker.java:lambda$new$0(138)) - s0@group-5510D7FC76D1-SegmentedRaftLogWorker: flushIndex: setUnconditionally 0 -> 1023
2024-08-26 18:11:15,773 [main] INFO  segmented.SegmentedRaftLogWorker (SegmentedRaftLogWorker.java:lambda$new$0(138)) - s0@group-5510D7FC76D1-SegmentedRaftLogWorker: safeCacheEvictIndex: setUnconditionally 0 -> -1
2024-08-26 18:11:15,774 [main] INFO  segmented.BufferedWriteChannel (BufferedWriteChannel.java:open(61)) - open log_inprogress_984 (append) at position 42408
2024-08-26 18:11:15,774 [main] TRACE util.FileUtils (LogUtils.java:supplyAndLog(69)) - Successfully supplied Files.newInputStream target/test/data/a2895385/TestSegmentedRaftLog/testAppendAndRoll/current/log_0-122 with options []: sun.nio.ch.ChannelInputStream@70c99e13
2024-08-26 18:11:15,776 [main] TRACE util.FileUtils (LogUtils.java:supplyAndLog(69)) - Successfully supplied Files.newInputStream target/test/data/a2895385/TestSegmentedRaftLog/testAppendAndRoll/current/log_123-245 with options []: sun.nio.ch.ChannelInputStream@321558f8
2024-08-26 18:11:15,777 [main] TRACE util.FileUtils (LogUtils.java:supplyAndLog(69)) - Successfully supplied Files.newInputStream target/test/data/a2895385/TestSegmentedRaftLog/testAppendAndRoll/current/log_246-368 with options []: sun.nio.ch.ChannelInputStream@6a9f8c2f
2024-08-26 18:12:54,555 [main] WARN  util.AwaitToRun (AwaitToRun.java:close(104)) - Thread[s0@group-5510D7FC76D1-cacheEviction-AwaitToRun,5,main]: join is interrupted
java.lang.InterruptedException
	at java.lang.Object.wait(Native Method)
	at java.lang.Thread.join(Thread.java:1257)
	at java.lang.Thread.join(Thread.java:1331)
	at org.apache.ratis.util.AwaitToRun.close(AwaitToRun.java:102)
	at org.apache.ratis.server.raftlog.segmented.SegmentedRaftLog.close(SegmentedRaftLog.java:573)
	at org.apache.ratis.server.raftlog.segmented.TestSegmentedRaftLog.testAppendAndRoll(TestSegmentedRaftLog.java:404)
	at sun.reflect.NativeMethodAccessorImpl.invoke0(Native Method)
	at sun.reflect.NativeMethodAccessorImpl.invoke(NativeMethodAccessorImpl.java:62)
	at sun.reflect.DelegatingMethodAccessorImpl.invoke(DelegatingMethodAccessorImpl.java:43)
	at java.lang.reflect.Method.invoke(Method.java:498)
	at org.junit.platform.commons.util.ReflectionUtils.invokeMethod(ReflectionUtils.java:728)
	at org.junit.jupiter.engine.execution.MethodInvocation.proceed(MethodInvocation.java:60)
	at org.junit.jupiter.engine.execution.InvocationInterceptorChain$ValidatingInvocation.proceed(InvocationInterceptorChain.java:131)
	at org.junit.jupiter.engine.extension.SameThreadTimeoutInvocation.proceed(SameThreadTimeoutInvocation.java:45)
	at org.junit.jupiter.engine.extension.TimeoutExtension.intercept(TimeoutExtension.java:156)
	at org.junit.jupiter.engine.extension.TimeoutExtension.interceptTestableMethod(TimeoutExtension.java:147)
	at org.junit.jupiter.engine.extension.TimeoutExtension.interceptTestTemplateMethod(TimeoutExtension.java:94)
	at org.junit.jupiter.engine.execution.InterceptingExecutableInvoker$ReflectiveInterceptorCall.lambda$ofVoidMethod$0(InterceptingExecutableInvoker.java:103)
	at org.junit.jupiter.engine.execution.InterceptingExecutableInvoker.lambda$invoke$0(InterceptingExecutableInvoker.java:93)
	at org.junit.jupiter.engine.execution.InvocationInterceptorChain$InterceptedInvocation.proceed(InvocationInterceptorChain.java:106)
	at org.junit.jupiter.engine.execution.InvocationInterceptorChain.proceed(InvocationInterceptorChain.java:64)
	at org.junit.jupiter.engine.execution.InvocationInterceptorChain.chainAndInvoke(InvocationInterceptorChain.java:45)
	at org.junit.jupiter.engine.execution.InvocationInterceptorChain.invoke(InvocationInterceptorChain.java:37)
	at org.junit.jupiter.engine.execution.InterceptingExecutableInvoker.invoke(InterceptingExecutableInvoker.java:92)
	at org.junit.jupiter.engine.execution.InterceptingExecutableInvoker.invoke(InterceptingExecutableInvoker.java:86)
	at org.junit.jupiter.engine.descriptor.TestMethodTestDescriptor.lambda$invokeTestMethod$7(TestMethodTestDescriptor.java:218)
	at org.junit.platform.engine.support.hierarchical.ThrowableCollector.execute(ThrowableCollector.java:73)
	at org.junit.jupiter.engine.descriptor.TestMethodTestDescriptor.invokeTestMethod(TestMethodTestDescriptor.java:214)
	at org.junit.jupiter.engine.descriptor.TestMethodTestDescriptor.execute(TestMethodTestDescriptor.java:139)
	at org.junit.jupiter.engine.descriptor.TestMethodTestDescriptor.execute(TestMethodTestDescriptor.java:69)
	at org.junit.platform.engine.support.hierarchical.NodeTestTask.lambda$executeRecursively$6(NodeTestTask.java:151)
	at org.junit.platform.engine.support.hierarchical.ThrowableCollector.execute(ThrowableCollector.java:73)
	at org.junit.platform.engine.support.hierarchical.NodeTestTask.lambda$executeRecursively$8(NodeTestTask.java:141)
	at org.junit.platform.engine.support.hierarchical.Node.around(Node.java:137)
	at org.junit.platform.engine.support.hierarchical.NodeTestTask.lambda$executeRecursively$9(NodeTestTask.java:139)
	at org.junit.platform.engine.support.hierarchical.ThrowableCollector.execute(ThrowableCollector.java:73)
	at org.junit.platform.engine.support.hierarchical.NodeTestTask.executeRecursively(NodeTestTask.java:138)
	at org.junit.platform.engine.support.hierarchical.NodeTestTask.execute(NodeTestTask.java:95)
	at org.junit.platform.engine.support.hierarchical.SameThreadHierarchicalTestExecutorService.submit(SameThreadHierarchicalTestExecutorService.java:35)
	at org.junit.platform.engine.support.hierarchical.NodeTestTask$DefaultDynamicTestExecutor.execute(NodeTestTask.java:226)
	at org.junit.platform.engine.support.hierarchical.NodeTestTask$DefaultDynamicTestExecutor.execute(NodeTestTask.java:204)
	at org.junit.jupiter.engine.descriptor.TestTemplateTestDescriptor.execute(TestTemplateTestDescriptor.java:142)
	at org.junit.jupiter.engine.descriptor.TestTemplateTestDescriptor.lambda$execute$2(TestTemplateTestDescriptor.java:110)
	at java.util.stream.ForEachOps$ForEachOp$OfRef.accept(ForEachOps.java:183)
	at java.util.stream.ReferencePipeline$3$1.accept(ReferencePipeline.java:193)
	at java.util.stream.ReferencePipeline$2$1.accept(ReferencePipeline.java:175)
	at java.util.stream.ReferencePipeline$3$1.accept(ReferencePipeline.java:193)
	at java.util.stream.ForEachOps$ForEachOp$OfRef.accept(ForEachOps.java:183)
	at java.util.stream.ReferencePipeline$3$1.accept(ReferencePipeline.java:193)
	at java.util.stream.ReferencePipeline$3$1.accept(ReferencePipeline.java:193)
	at java.util.stream.ReferencePipeline$3$1.accept(ReferencePipeline.java:193)
	at java.util.stream.ForEachOps$ForEachOp$OfRef.accept(ForEachOps.java:183)
	at java.util.stream.ReferencePipeline$3$1.accept(ReferencePipeline.java:193)
	at java.util.Spliterators$ArraySpliterator.forEachRemaining(Spliterators.java:948)
	at java.util.stream.ReferencePipeline$Head.forEach(ReferencePipeline.java:647)
	at java.util.stream.ReferencePipeline$7$1.accept(ReferencePipeline.java:272)
	at java.util.stream.ReferencePipeline$3$1.accept(ReferencePipeline.java:193)
	at java.util.stream.ReferencePipeline$3$1.accept(ReferencePipeline.java:193)
	at java.util.stream.ReferencePipeline$3$1.accept(ReferencePipeline.java:193)
	at java.util.Spliterators$ArraySpliterator.forEachRemaining(Spliterators.java:948)
	at java.util.stream.AbstractPipeline.copyInto(AbstractPipeline.java:482)
	at java.util.stream.AbstractPipeline.wrapAndCopyInto(AbstractPipeline.java:472)
	at java.util.stream.ForEachOps$ForEachOp.evaluateSequential(ForEachOps.java:150)
	at java.util.stream.ForEachOps$ForEachOp$OfRef.evaluateSequential(ForEachOps.java:173)
	at java.util.stream.AbstractPipeline.evaluate(AbstractPipeline.java:234)
	at java.util.stream.ReferencePipeline.forEach(ReferencePipeline.java:485)
	at java.util.stream.ReferencePipeline$7$1.accept(ReferencePipeline.java:272)
	at java.util.stream.ReferencePipeline$3$1.accept(ReferencePipeline.java:193)
	at java.util.stream.ReferencePipeline$3$1.accept(ReferencePipeline.java:193)
	at java.util.stream.ReferencePipeline$3$1.accept(ReferencePipeline.java:193)
	at java.util.ArrayList$ArrayListSpliterator.forEachRemaining(ArrayList.java:1384)
	at java.util.stream.AbstractPipeline.copyInto(AbstractPipeline.java:482)
	at java.util.stream.AbstractPipeline.wrapAndCopyInto(AbstractPipeline.java:472)
	at java.util.stream.ForEachOps$ForEachOp.evaluateSequential(ForEachOps.java:150)
	at java.util.stream.ForEachOps$ForEachOp$OfRef.evaluateSequential(ForEachOps.java:173)
	at java.util.stream.AbstractPipeline.evaluate(AbstractPipeline.java:234)
	at java.util.stream.ReferencePipeline.forEach(ReferencePipeline.java:485)
	at java.util.stream.ReferencePipeline$7$1.accept(ReferencePipeline.java:272)
	at java.util.ArrayList$ArrayListSpliterator.forEachRemaining(ArrayList.java:1384)
	at java.util.stream.AbstractPipeline.copyInto(AbstractPipeline.java:482)
	at java.util.stream.AbstractPipeline.wrapAndCopyInto(AbstractPipeline.java:472)
	at java.util.stream.ForEachOps$ForEachOp.evaluateSequential(ForEachOps.java:150)
	at java.util.stream.ForEachOps$ForEachOp$OfRef.evaluateSequential(ForEachOps.java:173)
	at java.util.stream.AbstractPipeline.evaluate(AbstractPipeline.java:234)
	at java.util.stream.ReferencePipeline.forEach(ReferencePipeline.java:485)
	at org.junit.jupiter.engine.descriptor.TestTemplateTestDescriptor.execute(TestTemplateTestDescriptor.java:110)
	at org.junit.jupiter.engine.descriptor.TestTemplateTestDescriptor.execute(TestTemplateTestDescriptor.java:44)
	at org.junit.platform.engine.support.hierarchical.NodeTestTask.lambda$executeRecursively$6(NodeTestTask.java:151)
	at org.junit.platform.engine.support.hierarchical.ThrowableCollector.execute(ThrowableCollector.java:73)
	at org.junit.platform.engine.support.hierarchical.NodeTestTask.lambda$executeRecursively$8(NodeTestTask.java:141)
	at org.junit.platform.engine.support.hierarchical.Node.around(Node.java:137)
	at org.junit.platform.engine.support.hierarchical.NodeTestTask.lambda$executeRecursively$9(NodeTestTask.java:139)
	at org.junit.platform.engine.support.hierarchical.ThrowableCollector.execute(ThrowableCollector.java:73)
	at org.junit.platform.engine.support.hierarchical.NodeTestTask.executeRecursively(NodeTestTask.java:138)
	at org.junit.platform.engine.support.hierarchical.NodeTestTask.execute(NodeTestTask.java:95)
	at java.util.ArrayList.forEach(ArrayList.java:1259)
	at org.junit.platform.engine.support.hierarchical.SameThreadHierarchicalTestExecutorService.invokeAll(SameThreadHierarchicalTestExecutorService.java:41)
	at org.junit.platform.engine.support.hierarchical.NodeTestTask.lambda$executeRecursively$6(NodeTestTask.java:155)
	at org.junit.platform.engine.support.hierarchical.ThrowableCollector.execute(ThrowableCollector.java:73)
	at org.junit.platform.engine.support.hierarchical.NodeTestTask.lambda$executeRecursively$8(NodeTestTask.java:141)
	at org.junit.platform.engine.support.hierarchical.Node.around(Node.java:137)
	at org.junit.platform.engine.support.hierarchical.NodeTestTask.lambda$executeRecursively$9(NodeTestTask.java:139)
	at org.junit.platform.engine.support.hierarchical.ThrowableCollector.execute(ThrowableCollector.java:73)
	at org.junit.platform.engine.support.hierarchical.NodeTestTask.executeRecursively(NodeTestTask.java:138)
	at org.junit.platform.engine.support.hierarchical.NodeTestTask.execute(NodeTestTask.java:95)
	at java.util.ArrayList.forEach(ArrayList.java:1259)
	at org.junit.platform.engine.support.hierarchical.SameThreadHierarchicalTestExecutorService.invokeAll(SameThreadHierarchicalTestExecutorService.java:41)
	at org.junit.platform.engine.support.hierarchical.NodeTestTask.lambda$executeRecursively$6(NodeTestTask.java:155)
	at org.junit.platform.engine.support.hierarchical.ThrowableCollector.execute(ThrowableCollector.java:73)
	at org.junit.platform.engine.support.hierarchical.NodeTestTask.lambda$executeRecursively$8(NodeTestTask.java:141)
	at org.junit.platform.engine.support.hierarchical.Node.around(Node.java:137)
	at org.junit.platform.engine.support.hierarchical.NodeTestTask.lambda$executeRecursively$9(NodeTestTask.java:139)
	at org.junit.platform.engine.support.hierarchical.ThrowableCollector.execute(ThrowableCollector.java:73)
	at org.junit.platform.engine.support.hierarchical.NodeTestTask.executeRecursively(NodeTestTask.java:138)
	at org.junit.platform.engine.support.hierarchical.NodeTestTask.execute(NodeTestTask.java:95)
	at org.junit.platform.engine.support.hierarchical.SameThreadHierarchicalTestExecutorService.submit(SameThreadHierarchicalTestExecutorService.java:35)
	at org.junit.platform.engine.support.hierarchical.HierarchicalTestExecutor.execute(HierarchicalTestExecutor.java:57)
	at org.junit.platform.engine.support.hierarchical.HierarchicalTestEngine.execute(HierarchicalTestEngine.java:54)
	at org.junit.platform.launcher.core.EngineExecutionOrchestrator.execute(EngineExecutionOrchestrator.java:198)
	at org.junit.platform.launcher.core.EngineExecutionOrchestrator.execute(EngineExecutionOrchestrator.java:169)
	at org.junit.platform.launcher.core.EngineExecutionOrchestrator.execute(EngineExecutionOrchestrator.java:93)
	at org.junit.platform.launcher.core.EngineExecutionOrchestrator.lambda$execute$0(EngineExecutionOrchestrator.java:58)
	at org.junit.platform.launcher.core.EngineExecutionOrchestrator.withInterceptedStreams(EngineExecutionOrchestrator.java:141)
	at org.junit.platform.launcher.core.EngineExecutionOrchestrator.execute(EngineExecutionOrchestrator.java:57)
	at org.junit.platform.launcher.core.DefaultLauncher.execute(DefaultLauncher.java:103)
	at org.junit.platform.launcher.core.DefaultLauncher.execute(DefaultLauncher.java:85)
	at org.junit.platform.launcher.core.DelegatingLauncher.execute(DelegatingLauncher.java:47)
	at org.junit.platform.launcher.core.SessionPerRequestLauncher.execute(SessionPerRequestLauncher.java:63)
	at org.apache.maven.surefire.junitplatform.JUnitPlatformProvider.invokeAllTests(JUnitPlatformProvider.java:154)
	at org.apache.maven.surefire.junitplatform.JUnitPlatformProvider.invoke(JUnitPlatformProvider.java:123)
	at org.apache.maven.surefire.booter.ForkedBooter.runSuitesInProcess(ForkedBooter.java:377)
	at org.apache.maven.surefire.booter.ForkedBooter.execute(ForkedBooter.java:138)
	at org.apache.maven.surefire.booter.ForkedBooter.run(ForkedBooter.java:465)
	at org.apache.maven.surefire.booter.ForkedBooter.main(ForkedBooter.java:451)
2024-08-26 18:12:54,557 [main] INFO  segmented.SegmentedRaftLogWorker (SegmentedRaftLogWorker.java:close(251)) - s0@group-5510D7FC76D1-SegmentedRaftLogWorker close()
2024-08-26 18:12:54,560 [main] TRACE util.FileUtils (FileUtils.java:deleteFully(305)) - deleteFully target/test/data/a2895385/TestSegmentedRaftLog
2024-08-26 18:12:54,561 [main] TRACE util.FileUtils (LogUtils.java:runAndLog(49)) - Successfully ran Files.delete target/test/data/a2895385/TestSegmentedRaftLog/testAppendAndRoll/in_use.lock
2024-08-26 18:12:54,561 [main] TRACE util.FileUtils (LogUtils.java:runAndLog(49)) - Successfully ran Files.delete target/test/data/a2895385/TestSegmentedRaftLog/testAppendAndRoll/sm
2024-08-26 18:12:54,561 [main] TRACE util.FileUtils (LogUtils.java:runAndLog(49)) - Successfully ran Files.delete target/test/data/a2895385/TestSegmentedRaftLog/testAppendAndRoll/current/log_492-614
2024-08-26 18:12:54,561 [main] TRACE util.FileUtils (LogUtils.java:runAndLog(49)) - Successfully ran Files.delete target/test/data/a2895385/TestSegmentedRaftLog/testAppendAndRoll/current/log_inprogress_984
2024-08-26 18:12:54,562 [main] TRACE util.FileUtils (LogUtils.java:runAndLog(49)) - Successfully ran Files.delete target/test/data/a2895385/TestSegmentedRaftLog/testAppendAndRoll/current/log_738-860
2024-08-26 18:12:54,562 [main] TRACE util.FileUtils (LogUtils.java:runAndLog(49)) - Successfully ran Files.delete target/test/data/a2895385/TestSegmentedRaftLog/testAppendAndRoll/current/log_615-737
2024-08-26 18:12:54,562 [main] TRACE util.FileUtils (LogUtils.java:runAndLog(49)) - Successfully ran Files.delete target/test/data/a2895385/TestSegmentedRaftLog/testAppendAndRoll/current/log_123-245
2024-08-26 18:12:54,562 [main] TRACE util.FileUtils (LogUtils.java:runAndLog(49)) - Successfully ran Files.delete target/test/data/a2895385/TestSegmentedRaftLog/testAppendAndRoll/current/log_369-491
2024-08-26 18:12:54,563 [main] TRACE util.FileUtils (LogUtils.java:runAndLog(49)) - Successfully ran Files.delete target/test/data/a2895385/TestSegmentedRaftLog/testAppendAndRoll/current/log_861-983
2024-08-26 18:12:54,563 [main] TRACE util.FileUtils (LogUtils.java:runAndLog(49)) - Successfully ran Files.delete target/test/data/a2895385/TestSegmentedRaftLog/testAppendAndRoll/current/raft-meta
2024-08-26 18:12:54,563 [main] TRACE util.FileUtils (LogUtils.java:runAndLog(49)) - Successfully ran Files.delete target/test/data/a2895385/TestSegmentedRaftLog/testAppendAndRoll/current/log_0-122
2024-08-26 18:12:54,563 [main] TRACE util.FileUtils (LogUtils.java:runAndLog(49)) - Successfully ran Files.delete target/test/data/a2895385/TestSegmentedRaftLog/testAppendAndRoll/current/log_246-368
2024-08-26 18:12:54,563 [main] TRACE util.FileUtils (LogUtils.java:runAndLog(49)) - Successfully ran Files.delete target/test/data/a2895385/TestSegmentedRaftLog/testAppendAndRoll/current
2024-08-26 18:12:54,564 [main] TRACE util.FileUtils (LogUtils.java:runAndLog(49)) - Successfully ran Files.delete target/test/data/a2895385/TestSegmentedRaftLog/testAppendAndRoll
2024-08-26 18:12:54,564 [main] TRACE util.FileUtils (LogUtils.java:runAndLog(49)) - Successfully ran Files.delete target/test/data/a2895385/TestSegmentedRaftLog
]]></system-out>
  </testcase>
  <testcase name="testAppendAndRoll(Boolean,Boolean)" classname="org.apache.ratis.server.raftlog.segmented.TestSegmentedRaftLog" time="2.272"/>
  <testcase name="testLoadLogSegments(Boolean,Boolean)" classname="org.apache.ratis.server.raftlog.segmented.TestSegmentedRaftLog" time="1.078"/>
  <testcase name="testLoadLogSegments(Boolean,Boolean)" classname="org.apache.ratis.server.raftlog.segmented.TestSegmentedRaftLog" time="1.077"/>
  <testcase name="testLoadLogSegments(Boolean,Boolean)" classname="org.apache.ratis.server.raftlog.segmented.TestSegmentedRaftLog" time="1.084"/>
  <testcase name="testLoadLogSegments(Boolean,Boolean)" classname="org.apache.ratis.server.raftlog.segmented.TestSegmentedRaftLog" time="1.081"/>
  <testcase name="testAsyncFlushPerf1(Boolean,Boolean)" classname="org.apache.ratis.server.raftlog.segmented.TestSegmentedRaftLog" time="8.223"/>
  <testcase name="testAsyncFlushPerf1(Boolean,Boolean)" classname="org.apache.ratis.server.raftlog.segmented.TestSegmentedRaftLog" time="7.367"/>
  <testcase name="testAsyncFlushPerf1(Boolean,Boolean)" classname="org.apache.ratis.server.raftlog.segmented.TestSegmentedRaftLog" time="7.273"/>
  <testcase name="testAsyncFlushPerf1(Boolean,Boolean)" classname="org.apache.ratis.server.raftlog.segmented.TestSegmentedRaftLog" time="7.361"/>
  <testcase name="testAsyncFlushPerf2(Boolean,Boolean)" classname="org.apache.ratis.server.raftlog.segmented.TestSegmentedRaftLog" time="7.413"/>
  <testcase name="testAsyncFlushPerf2(Boolean,Boolean)" classname="org.apache.ratis.server.raftlog.segmented.TestSegmentedRaftLog" time="7.488"/>
  <testcase name="testAsyncFlushPerf2(Boolean,Boolean)" classname="org.apache.ratis.server.raftlog.segmented.TestSegmentedRaftLog" time="6.986"/>
  <testcase name="testAsyncFlushPerf2(Boolean,Boolean)" classname="org.apache.ratis.server.raftlog.segmented.TestSegmentedRaftLog" time="7.001"/>
  <testcase name="testAppendEntry(Boolean,Boolean)" classname="org.apache.ratis.server.raftlog.segmented.TestSegmentedRaftLog" time="2.253"/>
  <testcase name="testAppendEntry(Boolean,Boolean)" classname="org.apache.ratis.server.raftlog.segmented.TestSegmentedRaftLog" time="2.253"/>
  <testcase name="testAppendEntry(Boolean,Boolean)" classname="org.apache.ratis.server.raftlog.segmented.TestSegmentedRaftLog" time="2.245"/>
  <testcase name="testAppendEntry(Boolean,Boolean)" classname="org.apache.ratis.server.raftlog.segmented.TestSegmentedRaftLog" time="2.264"/>
  <testcase name="testSegmentedRaftLogStateMachineData(Boolean,Boolean)" classname="org.apache.ratis.server.raftlog.segmented.TestSegmentedRaftLog" time="3.138"/>
  <testcase name="testSegmentedRaftLogStateMachineData(Boolean,Boolean)" classname="org.apache.ratis.server.raftlog.segmented.TestSegmentedRaftLog" time="3.118"/>
  <testcase name="testSegmentedRaftLogStateMachineData(Boolean,Boolean)" classname="org.apache.ratis.server.raftlog.segmented.TestSegmentedRaftLog" time="3.117"/>
  <testcase name="testSegmentedRaftLogStateMachineData(Boolean,Boolean)" classname="org.apache.ratis.server.raftlog.segmented.TestSegmentedRaftLog" time="3.119"/>
  <testcase name="testAppendEntryAfterPurge(Boolean,Boolean)" classname="org.apache.ratis.server.raftlog.segmented.TestSegmentedRaftLog" time="1.228"/>
  <testcase name="testAppendEntryAfterPurge(Boolean,Boolean)" classname="org.apache.ratis.server.raftlog.segmented.TestSegmentedRaftLog" time="1.241"/>
  <testcase name="testAppendEntryAfterPurge(Boolean,Boolean)" classname="org.apache.ratis.server.raftlog.segmented.TestSegmentedRaftLog" time="1.225"/>
  <testcase name="testAppendEntryAfterPurge(Boolean,Boolean)" classname="org.apache.ratis.server.raftlog.segmented.TestSegmentedRaftLog" time="1.25"/>
</testsuite>