-------------------------------------------------------------------------------
Test set: org.apache.ratis.server.simulation.TestLeaderElectionWithSimulatedRpc
-------------------------------------------------------------------------------
Tests run: 24, Failures: 1, Errors: 0, Skipped: 0, Time elapsed: 67.04 s <<< FAILURE! -- in org.apache.ratis.server.simulation.TestLeaderElectionWithSimulatedRpc
org.apache.ratis.server.simulation.TestLeaderElectionWithSimulatedRpc.testChangeListenerToFollower -- Time elapsed: 1.496 s <<< FAILURE!
org.opentest4j.AssertionFailedError: expected: <0> but was: <1>
	at org.apache.ratis.server.impl.LeaderElectionTests.testChangeListenerToFollower(LeaderElectionTests.java:562)
	at java.base/java.lang.reflect.Method.invoke(Method.java:569)
	at java.base/java.util.ArrayList.forEach(ArrayList.java:1511)
	at java.base/java.util.ArrayList.forEach(ArrayList.java:1511)

