<?xml version="1.0" encoding="UTF-8"?>
<testsuite xmlns:xsi="http://www.w3.org/2001/XMLSchema-instance" xsi:noNamespaceSchemaLocation="https://maven.apache.org/surefire/maven-surefire-plugin/xsd/surefire-test-report-3.0.xsd" version="3.0" name="org.apache.ratis.grpc.TestRaftReconfigurationWithGrpc" time="106.749" tests="18" errors="1" skipped="0" failures="0">
  <properties>
[...]
</properties>
  <testcase name="testChangeMajority" classname="org.apache.ratis.grpc.TestRaftReconfigurationWithGrpc" time="2.6"/>
  <testcase name="testNoChangeRequest" classname="org.apache.ratis.grpc.TestRaftReconfigurationWithGrpc" time="1.598"/>
  <testcase name="testRemovePeers" classname="org.apache.ratis.grpc.TestRaftReconfigurationWithGrpc" time="2.614"/>
  <testcase name="testAddRemovePeers" classname="org.apache.ratis.grpc.TestRaftReconfigurationWithGrpc" time="2.677"/>
  <testcase name="testRevertConfigurationChange" classname="org.apache.ratis.grpc.TestRaftReconfigurationWithGrpc" time="3.905"/>
  <testcase name="testBootstrapReconf" classname="org.apache.ratis.grpc.TestRaftReconfigurationWithGrpc" time="3.884"/>
  <testcase name="testAddPeers" classname="org.apache.ratis.grpc.TestRaftReconfigurationWithGrpc" time="1.92"/>
  <testcase name="testSetConfigurationInAddMode" classname="org.apache.ratis.grpc.TestRaftReconfigurationWithGrpc" time="1.595"/>
  <testcase name="testLeaderStepDown" classname="org.apache.ratis.grpc.TestRaftReconfigurationWithGrpc" time="2.099"/>
  <testcase name="testLeaderNotReadyException" classname="org.apache.ratis.grpc.TestRaftReconfigurationWithGrpc" time="3.469"/>
  <testcase name="testLeaderElectionWhenChangeFromSingleToHA" classname="org.apache.ratis.grpc.TestRaftReconfigurationWithGrpc" time="55.257">
    <error type="java.lang.IllegalStateException"><![CDATA[java.lang.IllegalStateException: 
No leader yet : printing ALL groups
  s0:  RUNNING  FOLLOWER (RUNNING): s0@group-6876B2C99B77:t7, leader=null, voted=s0, raftlog=Memoized:s0@group-6876B2C99B77-SegmentedRaftLog:OPENED:c0:last(t:7, i:6), conf=conf: {index: 4611686018427387903, cur=peers:[s0|localhost:15176, s1|0.0.0.0:15180]|listeners:[], old=peers:[s0|localhost:15176]|listeners:[]}
  s1:  RUNNING CANDIDATE (CLOSED): s1@group-6876B2C99B77:t2, leader=null, voted=null, raftlog=Memoized:s1@group-6876B2C99B77-SegmentedRaftLog:CLOSED:c-1, conf=conf: {index: -1, cur=peers:[]|listeners:[], old=null}
	at org.apache.ratis.server.impl.MiniRaftCluster.newIllegalStateExceptionForNoLeaders(MiniRaftCluster.java:586)
	at org.apache.ratis.RaftTestUtil.lambda$waitForLeader$1(RaftTestUtil.java:111)
	at org.apache.ratis.server.impl.MiniRaftCluster.getLeader(MiniRaftCluster.java:620)
	at org.apache.ratis.server.impl.MiniRaftCluster.getLeader(MiniRaftCluster.java:613)
	at org.apache.ratis.RaftTestUtil.lambda$waitForLeader$3(RaftTestUtil.java:120)
	at org.apache.ratis.util.JavaUtils.attempt(JavaUtils.java:225)
	at org.apache.ratis.RaftTestUtil.waitForLeader(RaftTestUtil.java:118)
	at org.apache.ratis.RaftTestUtil.waitForLeader(RaftTestUtil.java:99)
	at org.apache.ratis.RaftTestUtil.waitForLeader(RaftTestUtil.java:94)
	at org.apache.ratis.server.impl.RaftReconfigurationBaseTest.lambda$testLeaderElectionWhenChangeFromSingleToHA$2(RaftReconfigurationBaseTest.java:180)
	at org.apache.ratis.server.impl.MiniRaftCluster$Factory$Get.runWithNewCluster(MiniRaftCluster.java:142)
	at org.apache.ratis.server.impl.MiniRaftCluster$Factory$Get.runWithNewCluster(MiniRaftCluster.java:120)
	at org.apache.ratis.server.impl.RaftReconfigurationBaseTest.testLeaderElectionWhenChangeFromSingleToHA(RaftReconfigurationBaseTest.java:159)
	at java.lang.reflect.Method.invoke(Method.java:498)
	at java.util.ArrayList.forEach(ArrayList.java:1259)
	at java.util.ArrayList.forEach(ArrayList.java:1259)
]]></error>
    <system-out><![CDATA[2025-06-10 17:02:59,484 [main] INFO  util.LogUtils (Slf4jUtils.java:setLogLevel(38)) - Successfully set org.apache.ratis.conf.ConfUtils log level to WARN
2025-06-10 17:02:59,484 [main] INFO  util.LogUtils (Slf4jUtils.java:setLogLevel(38)) - Successfully set org.apache.ratis.util.FileUtils log level to TRACE
2025-06-10 17:02:59,485 [main] INFO  impl.MiniRaftCluster (MiniRaftCluster.java:runWithNewCluster(136)) - Running runWithNewCluster
2025-06-10 17:02:59,486 [main] INFO  impl.MiniRaftCluster (MiniRaftCluster.java:<init>(308)) - new MiniRaftClusterWithGrpc with group-6876B2C99B77:[s0|localhost:15176]
2025-06-10 17:02:59,486 [main] INFO  impl.MiniRaftCluster (MiniRaftCluster.java:start(341)) - .............................................................. 
2025-06-10 17:02:59,486 [main] INFO  impl.MiniRaftCluster (MiniRaftCluster.java:start(342)) - ... 
2025-06-10 17:02:59,486 [main] INFO  impl.MiniRaftCluster (MiniRaftCluster.java:start(343)) - ...     Starting MiniRaftClusterWithGrpc
2025-06-10 17:02:59,486 [main] INFO  impl.MiniRaftCluster (MiniRaftCluster.java:start(344)) - ... 
2025-06-10 17:02:59,486 [main] INFO  impl.MiniRaftCluster (MiniRaftCluster.java:start(345)) - .............................................................. 
2025-06-10 17:02:59,487 [main] INFO  impl.MiniRaftCluster (MiniRaftCluster.java:initServers(320)) - servers = {}
2025-06-10 17:02:59,487 [main] INFO  impl.MiniRaftCluster (MiniRaftCluster.java:newRaftServer(385)) - newRaftServer: s0, group-6876B2C99B77:[s0|localhost:15176], format? true
2025-06-10 17:02:59,487 [main] TRACE util.FileUtils (FileUtils.java:deleteFully(351)) - deleteFully target/test/data/38e4f167/MiniRaftClusterWithGrpce060a74a/s0
2025-06-10 17:02:59,487 [main] TRACE util.FileUtils (FileUtils.java:deleteFully(364)) - deleteFully: target/test/data/38e4f167/MiniRaftClusterWithGrpce060a74a/s0 does not exist.
2025-06-10 17:02:59,487 [main] INFO  impl.MiniRaftCluster (MiniRaftCluster.java:newRaftServer(390)) - Formatted directory target/test/data/38e4f167/MiniRaftClusterWithGrpce060a74a/s0
2025-06-10 17:02:59,488 [main] INFO  grpc.GrpcConfigKeys (ConfUtils.java:logFallback(69)) - raft.grpc.admin.host = null (fallback to raft.grpc.server.host)
2025-06-10 17:02:59,488 [main] INFO  grpc.GrpcConfigKeys (ConfUtils.java:logGet(62)) - raft.grpc.admin.port = 15177 (custom)
2025-06-10 17:02:59,488 [main] INFO  grpc.GrpcConfigKeys (ConfUtils.java:logFallback(69)) - raft.grpc.client.host = null (fallback to raft.grpc.server.host)
2025-06-10 17:02:59,488 [main] INFO  grpc.GrpcConfigKeys (ConfUtils.java:logGet(62)) - raft.grpc.client.port = 15178 (custom)
2025-06-10 17:02:59,489 [main] INFO  grpc.GrpcConfigKeys (ConfUtils.java:logGet(62)) - raft.grpc.server.port = 15176 (custom)
2025-06-10 17:02:59,490 [main] INFO  server.RaftServerConfigKeys (ConfUtils.java:logGet(62)) - raft.server.storage.dir = [/home/runner/work/ratis/ratis/ratis-test/target/test/data/38e4f167/MiniRaftClusterWithGrpce060a74a/s0] (custom)
2025-06-10 17:02:59,491 [main] INFO  server.RaftServer (RaftServerProxy.java:addNew(105)) - s0: addNew group-6876B2C99B77:[s0|localhost:15176] returns group-6876B2C99B77:java.util.concurrent.CompletableFuture@66c91224[Not completed]
2025-06-10 17:02:59,491 [s0-groupManagement] INFO  server.RaftServer$Division (RaftServerImpl.java:<init>(268)) - s0: new RaftServerImpl for group-6876B2C99B77:[s0|localhost:15176] with BaseStateMachine:uninitialized
2025-06-10 17:02:59,491 [s0-groupManagement] INFO  server.RaftServer$Division (ServerState.java:<init>(114)) - s0@group-6876B2C99B77: ConfigurationManager, init=conf: {index: -1, cur=peers:[s0|localhost:15176]|listeners:[], old=null}, confs=<EMPTY_MAP>
2025-06-10 17:02:59,492 [s0-impl-thread1] INFO  storage.RaftStorageDirectory (RaftStorageDirectoryImpl.java:analyzeStorage(138)) - The storage directory /home/runner/work/ratis/ratis/ratis-test/target/test/data/38e4f167/MiniRaftClusterWithGrpce060a74a/s0/92259f10-065a-49b5-89af-6876b2c99b77 does not exist. Creating ...
2025-06-10 17:02:59,492 [s0-impl-thread1] TRACE util.FileUtils (LogUtils.java:runAndLog(49)) - Successfully ran Files.createDirectories /home/runner/work/ratis/ratis/ratis-test/target/test/data/38e4f167/MiniRaftClusterWithGrpce060a74a/s0/92259f10-065a-49b5-89af-6876b2c99b77
2025-06-10 17:02:59,493 [s0-impl-thread1] INFO  storage.RaftStorageDirectory (RaftStorageDirectoryImpl.java:tryLock(229)) - Lock on /home/runner/work/ratis/ratis/ratis-test/target/test/data/38e4f167/MiniRaftClusterWithGrpce060a74a/s0/92259f10-065a-49b5-89af-6876b2c99b77/in_use.lock acquired by nodename 5553@fv-az2209-831
2025-06-10 17:02:59,493 [s0-impl-thread1] TRACE util.FileUtils (LogUtils.java:runAndLog(49)) - Successfully ran Files.createDirectories /home/runner/work/ratis/ratis/ratis-test/target/test/data/38e4f167/MiniRaftClusterWithGrpce060a74a/s0/92259f10-065a-49b5-89af-6876b2c99b77/current
2025-06-10 17:02:59,493 [s0-impl-thread1] TRACE util.FileUtils (LogUtils.java:runAndLog(49)) - Successfully ran Files.createDirectories /home/runner/work/ratis/ratis/ratis-test/target/test/data/38e4f167/MiniRaftClusterWithGrpce060a74a/s0/92259f10-065a-49b5-89af-6876b2c99b77/sm
2025-06-10 17:02:59,494 [s0-impl-thread1] TRACE util.FileUtils (LogUtils.java:supplyAndLog(69)) - Successfully supplied FileChannel.open /home/runner/work/ratis/ratis/ratis-test/target/test/data/38e4f167/MiniRaftClusterWithGrpce060a74a/s0/92259f10-065a-49b5-89af-6876b2c99b77/current/raft-meta.tmp with options [CREATE, TRUNCATE_EXISTING, WRITE]: sun.nio.ch.FileChannelImpl@161958b9
2025-06-10 17:02:59,494 [s0-impl-thread1] TRACE util.FileUtils (LogUtils.java:runAndLog(49)) - Successfully ran Atomic Files.move /home/runner/work/ratis/ratis/ratis-test/target/test/data/38e4f167/MiniRaftClusterWithGrpce060a74a/s0/92259f10-065a-49b5-89af-6876b2c99b77/current/raft-meta.tmp to /home/runner/work/ratis/ratis/ratis-test/target/test/data/38e4f167/MiniRaftClusterWithGrpce060a74a/s0/92259f10-065a-49b5-89af-6876b2c99b77/current/raft-meta with options [REPLACE_EXISTING]
2025-06-10 17:02:59,494 [s0-impl-thread1] INFO  storage.RaftStorage (RaftStorageImpl.java:format(98)) - Storage directory /home/runner/work/ratis/ratis/ratis-test/target/test/data/38e4f167/MiniRaftClusterWithGrpce060a74a/s0/92259f10-065a-49b5-89af-6876b2c99b77 has been successfully formatted.
2025-06-10 17:02:59,495 [s0-impl-thread1] INFO  util.AwaitToRun (AwaitToRun.java:start(81)) - Thread[s0@group-6876B2C99B77-cacheEviction-AwaitToRun,5,main] started
2025-06-10 17:02:59,495 [s0-impl-thread1] INFO  segmented.SegmentedRaftLogWorker (SegmentedRaftLogWorker.java:<init>(190)) - new s0@group-6876B2C99B77-SegmentedRaftLogWorker for RaftStorageImpl:Storage Directory /home/runner/work/ratis/ratis/ratis-test/target/test/data/38e4f167/MiniRaftClusterWithGrpce060a74a/s0/92259f10-065a-49b5-89af-6876b2c99b77
2025-06-10 17:02:59,497 [s0-impl-thread1] INFO  segmented.SegmentedRaftLogWorker (SegmentedRaftLogWorker.java:lambda$new$0(141)) - s0@group-6876B2C99B77-SegmentedRaftLogWorker: flushIndex: setUnconditionally 0 -> -1
2025-06-10 17:02:59,497 [s0-impl-thread1] INFO  segmented.SegmentedRaftLogWorker (SegmentedRaftLogWorker.java:lambda$new$0(141)) - s0@group-6876B2C99B77-SegmentedRaftLogWorker: safeCacheEvictIndex: setUnconditionally 0 -> -1
2025-06-10 17:02:59,497 [s0-impl-thread1] INFO  server.RaftServer$Division (RaftServerImpl.java:start(405)) - s0@group-6876B2C99B77: start as a follower, conf=conf: {index: -1, cur=peers:[s0|localhost:15176]|listeners:[], old=null}
2025-06-10 17:02:59,497 [s0-impl-thread1] INFO  server.RaftServer$Division (RaftServerImpl.java:setRole(392)) - s0@group-6876B2C99B77: changes role from      null to FOLLOWER at term 0 for startAsFollower
2025-06-10 17:02:59,497 [s0-impl-thread1] INFO  impl.RoleInfo (RoleInfo.java:updateAndGet(148)) - s0: start s0@group-6876B2C99B77-FollowerState
2025-06-10 17:02:59,497 [s0@group-6876B2C99B77-FollowerState] INFO  server.RaftServerConfigKeys (ConfUtils.java:logFallback(69)) - raft.server.rpc.first-election.timeout.min = 150ms (fallback to raft.server.rpc.timeout.min)
2025-06-10 17:02:59,498 [s0@group-6876B2C99B77-FollowerState] INFO  server.RaftServerConfigKeys (ConfUtils.java:logFallback(69)) - raft.server.rpc.first-election.timeout.max = 300ms (fallback to raft.server.rpc.timeout.max)
2025-06-10 17:02:59,497 [s0-impl-thread1] INFO  util.JmxRegister (JmxRegister.java:tryRegister(44)) - Successfully registered JMX Bean with object name Ratis:service=RaftServer,group=group-6876B2C99B77,id=s0
2025-06-10 17:02:59,498 [s0-impl-thread1] INFO  util.JmxRegister (JmxRegister.java:register(58)) - register mxBean class org.apache.ratis.server.impl.RaftServerJmxAdapter as Ratis:service=RaftServer,group=group-6876B2C99B77,id=s0
2025-06-10 17:02:59,498 [s0-impl-thread1] INFO  server.RaftServer$Division (RaftServerImpl.java:start(419)) - s0@group-6876B2C99B77: Successfully started.
2025-06-10 17:02:59,498 [main] INFO  server.RaftServer (RaftServerProxy.java:startImpl(412)) - s0: start RPC server
2025-06-10 17:02:59,499 [main] INFO  server.GrpcServicesImpl (GrpcServicesImpl.java:startImpl(346)) - s0: GrpcServicesImpl started, listening on 15178
2025-06-10 17:02:59,499 [main] INFO  server.GrpcServicesImpl (GrpcServicesImpl.java:startImpl(346)) - s0: GrpcServicesImpl started, listening on 15176
2025-06-10 17:02:59,499 [main] INFO  server.GrpcServicesImpl (GrpcServicesImpl.java:startImpl(346)) - s0: GrpcServicesImpl started, listening on 15177
2025-06-10 17:02:59,500 [JvmPauseMonitor46] INFO  util.JvmPauseMonitor (JvmPauseMonitor.java:run(146)) - JvmPauseMonitor-s0: Started
2025-06-10 17:02:59,500 [main] INFO  ratis.RaftTestUtil (RaftTestUtil.java:waitForLeader(107)) - printing ALL groups
  s0:  RUNNING  FOLLOWER (RUNNING): s0@group-6876B2C99B77:t0, leader=null, voted=, raftlog=Memoized:s0@group-6876B2C99B77-SegmentedRaftLog:OPENED:c-1:lastnull, conf=conf: {index: -1, cur=peers:[s0|localhost:15176]|listeners:[], old=null}
2025-06-10 17:02:59,500 [main] WARN  ratis.RaftTestUtil (RaftTestUtil.java:lambda$waitForLeader$3(126)) - Attempt #1 failed: java.lang.IllegalStateException: No leader yet : printing ALL groups
  s0:  RUNNING  FOLLOWER (RUNNING): s0@group-6876B2C99B77:t0, leader=null, voted=, raftlog=Memoized:s0@group-6876B2C99B77-SegmentedRaftLog:OPENED:c-1:lastnull, conf=conf: {index: -1, cur=peers:[s0|localhost:15176]|listeners:[], old=null}
2025-06-10 17:02:59,657 [s0@group-6876B2C99B77-FollowerState] INFO  impl.FollowerState (FollowerState.java:runImpl(161)) - s0@group-6876B2C99B77-FollowerState: change to CANDIDATE, lastRpcElapsedTime:159651610ns, electionTimeout:159ms
2025-06-10 17:02:59,657 [s0@group-6876B2C99B77-FollowerState] INFO  impl.RoleInfo (RoleInfo.java:shutdownFollowerState(121)) - s0: shutdown s0@group-6876B2C99B77-FollowerState
2025-06-10 17:02:59,657 [s0@group-6876B2C99B77-FollowerState] INFO  server.RaftServer$Division (RaftServerImpl.java:setRole(392)) - s0@group-6876B2C99B77: changes role from  FOLLOWER to CANDIDATE at term 0 for changeToCandidate
2025-06-10 17:02:59,657 [s0@group-6876B2C99B77-FollowerState] INFO  impl.RoleInfo (RoleInfo.java:updateAndGet(148)) - s0: start s0@group-6876B2C99B77-LeaderElection22
2025-06-10 17:02:59,657 [s0@group-6876B2C99B77-LeaderElection22] INFO  impl.LeaderElection (LeaderElection.java:askForVotes(448)) - s0@group-6876B2C99B77-LeaderElection22 PRE_VOTE round 0: submit vote requests at term 0 for conf: {index: -1, cur=peers:[s0|localhost:15176]|listeners:[], old=null}
2025-06-10 17:02:59,658 [s0@group-6876B2C99B77-LeaderElection22] INFO  impl.LeaderElection (LeaderElection.java:askForVotes(450)) - s0@group-6876B2C99B77-LeaderElection22 PRE_VOTE round 0: result PASSED (term=0)
2025-06-10 17:02:59,658 [s0@group-6876B2C99B77-LeaderElection22] TRACE util.FileUtils (LogUtils.java:supplyAndLog(69)) - Successfully supplied FileChannel.open /home/runner/work/ratis/ratis/ratis-test/target/test/data/38e4f167/MiniRaftClusterWithGrpce060a74a/s0/92259f10-065a-49b5-89af-6876b2c99b77/current/raft-meta.tmp with options [CREATE, TRUNCATE_EXISTING, WRITE]: sun.nio.ch.FileChannelImpl@56d9438
2025-06-10 17:02:59,659 [s0@group-6876B2C99B77-LeaderElection22] TRACE util.FileUtils (LogUtils.java:runAndLog(49)) - Successfully ran Atomic Files.move /home/runner/work/ratis/ratis/ratis-test/target/test/data/38e4f167/MiniRaftClusterWithGrpce060a74a/s0/92259f10-065a-49b5-89af-6876b2c99b77/current/raft-meta.tmp to /home/runner/work/ratis/ratis/ratis-test/target/test/data/38e4f167/MiniRaftClusterWithGrpce060a74a/s0/92259f10-065a-49b5-89af-6876b2c99b77/current/raft-meta with options [REPLACE_EXISTING]
2025-06-10 17:02:59,659 [s0@group-6876B2C99B77-LeaderElection22] INFO  impl.LeaderElection (LeaderElection.java:askForVotes(448)) - s0@group-6876B2C99B77-LeaderElection22 ELECTION round 0: submit vote requests at term 1 for conf: {index: -1, cur=peers:[s0|localhost:15176]|listeners:[], old=null}
2025-06-10 17:02:59,659 [s0@group-6876B2C99B77-LeaderElection22] INFO  impl.LeaderElection (LeaderElection.java:askForVotes(450)) - s0@group-6876B2C99B77-LeaderElection22 ELECTION round 0: result PASSED (term=1)
2025-06-10 17:02:59,659 [s0@group-6876B2C99B77-LeaderElection22] INFO  impl.RoleInfo (RoleInfo.java:shutdownLeaderElection(141)) - s0: shutdown s0@group-6876B2C99B77-LeaderElection22
2025-06-10 17:02:59,659 [s0@group-6876B2C99B77-LeaderElection22] INFO  server.RaftServer$Division (RaftServerImpl.java:setRole(392)) - s0@group-6876B2C99B77: changes role from CANDIDATE to LEADER at term 1 for changeToLeader
2025-06-10 17:02:59,659 [s0@group-6876B2C99B77-LeaderElection22] INFO  server.RaftServerConfigKeys (ConfUtils.java:logFallback(69)) - raft.server.staging.timeout = 900ms (fallback to raft.server.rpc.timeout.max)
2025-06-10 17:02:59,660 [s0@group-6876B2C99B77-LeaderElection22] INFO  impl.RoleInfo (RoleInfo.java:updateAndGet(148)) - s0: start s0@group-6876B2C99B77-LeaderStateImpl
2025-06-10 17:02:59,660 [s0@group-6876B2C99B77-LeaderElection22] INFO  server.RaftServer$Division (RaftServerImpl.java:setFirstElection(576)) - s0@group-6876B2C99B77: set firstElectionSinceStartup to false for becomeLeader
2025-06-10 17:02:59,660 [s0@group-6876B2C99B77-LeaderElection22] INFO  server.RaftServer$Division (ServerState.java:setLeader(272)) - s0@group-6876B2C99B77: change Leader from null to s0 at term 1 for becomeLeader, leader elected after 168ms
2025-06-10 17:02:59,660 [s0@group-6876B2C99B77-LeaderElection22] INFO  segmented.SegmentedRaftLogWorker (SegmentedRaftLogWorker.java:startLogSegment(440)) - s0@group-6876B2C99B77-SegmentedRaftLogWorker: Starting segment from index:0
2025-06-10 17:02:59,660 [s0@group-6876B2C99B77-LeaderElection22] INFO  server.RaftServer$Division (ServerState.java:setRaftConf(386)) - s0@group-6876B2C99B77: set configuration conf: {index: 0, cur=peers:[s0|localhost:15176]|listeners:[], old=null}
2025-06-10 17:02:59,660 [s0@group-6876B2C99B77-SegmentedRaftLogWorker] INFO  segmented.BufferedWriteChannel (BufferedWriteChannel.java:open(61)) - open log_inprogress_0 at position 0
2025-06-10 17:02:59,669 [s0@group-6876B2C99B77-SegmentedRaftLogWorker] INFO  segmented.SegmentedRaftLogWorker (SegmentedRaftLogWorker.java:execute(647)) - s0@group-6876B2C99B77-SegmentedRaftLogWorker: created new log segment /home/runner/work/ratis/ratis/ratis-test/target/test/data/38e4f167/MiniRaftClusterWithGrpce060a74a/s0/92259f10-065a-49b5-89af-6876b2c99b77/current/log_inprogress_0
2025-06-10 17:02:59,669 [s0@group-6876B2C99B77-StateMachineUpdater] TRACE util.FileUtils (LogUtils.java:supplyAndLog(69)) - Successfully supplied FileChannel.open /home/runner/work/ratis/ratis/ratis-test/target/test/data/38e4f167/MiniRaftClusterWithGrpce060a74a/s0/92259f10-065a-49b5-89af-6876b2c99b77/current/raft-meta.conf.tmp with options [CREATE, TRUNCATE_EXISTING, WRITE]: sun.nio.ch.FileChannelImpl@878c1f8
2025-06-10 17:02:59,670 [s0@group-6876B2C99B77-StateMachineUpdater] TRACE util.FileUtils (LogUtils.java:runAndLog(49)) - Successfully ran Atomic Files.move /home/runner/work/ratis/ratis/ratis-test/target/test/data/38e4f167/MiniRaftClusterWithGrpce060a74a/s0/92259f10-065a-49b5-89af-6876b2c99b77/current/raft-meta.conf.tmp to /home/runner/work/ratis/ratis/ratis-test/target/test/data/38e4f167/MiniRaftClusterWithGrpce060a74a/s0/92259f10-065a-49b5-89af-6876b2c99b77/current/raft-meta.conf with options [REPLACE_EXISTING]
2025-06-10 17:02:59,670 [s0@group-6876B2C99B77-StateMachineUpdater] INFO  server.RaftServer$Division (LeaderStateImpl.java:checkStartIndex(309)) - Leader s0@group-6876B2C99B77-LeaderStateImpl is ready since appliedIndex == startIndex == 0
2025-06-10 17:02:59,776 [timer0] INFO  server.GrpcServerProtocolService (GrpcServerProtocolService.java:lambda$onCompleted$6(171)) - s6: Completed APPEND_ENTRIES, lastRequest: null  (Repeated 4 times in the last 5.002s)
2025-06-10 17:02:59,776 [timer2] INFO  server.GrpcServerProtocolService (GrpcServerProtocolService.java:lambda$onCompleted$6(171)) - s5: Completed APPEND_ENTRIES, lastRequest: null  (Repeated 4 times in the last 5.001s)
2025-06-10 17:02:59,777 [timer1] INFO  server.GrpcServerProtocolService (GrpcServerProtocolService.java:lambda$null$7(175)) - s6: Completed APPEND_ENTRIES, lastReply: serverReply {
  requestorId: "s4"
  replyId: "s6"
  raftGroupId {
    id: "$\024\322WD\326O\245\203>\315+Z!\342\355"
  }
  callId: 20
  success: true
}
term: 2
nextIndex: 7
followerCommit: 6
matchIndex: 18446744073709551615
isHearbeat: true
  (Repeated 4 times in the last 5.003s)
2025-06-10 17:02:59,780 [timer3] INFO  server.GrpcServerProtocolService (GrpcServerProtocolService.java:lambda$null$7(175)) - s5: Completed APPEND_ENTRIES, lastReply: serverReply {
  requestorId: "s4"
  replyId: "s5"
  raftGroupId {
    id: "$\024\322WD\326O\245\203>\315+Z!\342\355"
  }
  callId: 21
  success: true
}
term: 2
nextIndex: 7
followerCommit: 6
matchIndex: 18446744073709551615
isHearbeat: true
  (Repeated 4 times in the last 5.003s)
2025-06-10 17:02:59,951 [main] INFO  ratis.RaftTestUtil (RaftTestUtil.java:waitForLeader(131)) - printing ALL groups
  s0:  RUNNING    LEADER (RUNNING): s0@group-6876B2C99B77:t1, leader=s0, voted=s0, raftlog=Memoized:s0@group-6876B2C99B77-SegmentedRaftLog:OPENED:c0:last(t:1, i:0), conf=conf: {index: 0, cur=peers:[s0|localhost:15176]|listeners:[], old=null}
2025-06-10 17:02:59,951 [main] INFO  impl.MiniRaftCluster (MiniRaftCluster.java:addNewPeers(467)) - Add new peers [s1]
2025-06-10 17:02:59,951 [main] INFO  impl.MiniRaftCluster (MiniRaftCluster.java:newRaftServer(385)) - newRaftServer: s1, group-6876B2C99B77:[], format? true
2025-06-10 17:02:59,951 [main] TRACE util.FileUtils (FileUtils.java:deleteFully(351)) - deleteFully target/test/data/38e4f167/MiniRaftClusterWithGrpce060a74a/s1
2025-06-10 17:02:59,952 [main] TRACE util.FileUtils (FileUtils.java:deleteFully(364)) - deleteFully: target/test/data/38e4f167/MiniRaftClusterWithGrpce060a74a/s1 does not exist.
2025-06-10 17:02:59,952 [main] INFO  impl.MiniRaftCluster (MiniRaftCluster.java:newRaftServer(390)) - Formatted directory target/test/data/38e4f167/MiniRaftClusterWithGrpce060a74a/s1
2025-06-10 17:02:59,953 [main] INFO  grpc.GrpcConfigKeys (ConfUtils.java:logFallback(69)) - raft.grpc.admin.host = null (fallback to raft.grpc.server.host)
2025-06-10 17:02:59,953 [main] INFO  grpc.GrpcConfigKeys (ConfUtils.java:logFallback(69)) - raft.grpc.admin.port = 15180 (fallback to raft.grpc.server.port)
2025-06-10 17:02:59,953 [main] INFO  grpc.GrpcConfigKeys (ConfUtils.java:logFallback(69)) - raft.grpc.client.host = null (fallback to raft.grpc.server.host)
2025-06-10 17:02:59,953 [main] INFO  grpc.GrpcConfigKeys (ConfUtils.java:logFallback(69)) - raft.grpc.client.port = 15180 (fallback to raft.grpc.server.port)
2025-06-10 17:02:59,953 [main] INFO  grpc.GrpcConfigKeys (ConfUtils.java:logGet(62)) - raft.grpc.server.port = 15180 (custom)
2025-06-10 17:02:59,954 [main] INFO  server.RaftServerConfigKeys (ConfUtils.java:logGet(62)) - raft.server.storage.dir = [/home/runner/work/ratis/ratis/ratis-test/target/test/data/38e4f167/MiniRaftClusterWithGrpce060a74a/s1] (custom)
2025-06-10 17:02:59,955 [main] INFO  server.RaftServer (RaftServerProxy.java:addNew(105)) - s1: addNew group-6876B2C99B77:[] returns group-6876B2C99B77:java.util.concurrent.CompletableFuture@7fae6f43[Not completed]
2025-06-10 17:02:59,955 [s1-groupManagement] INFO  server.RaftServer$Division (RaftServerImpl.java:<init>(268)) - s1: new RaftServerImpl for group-6876B2C99B77:[] with BaseStateMachine:uninitialized
2025-06-10 17:02:59,955 [s1-groupManagement] INFO  server.RaftServer$Division (ServerState.java:<init>(114)) - s1@group-6876B2C99B77: ConfigurationManager, init=conf: {index: -1, cur=peers:[]|listeners:[], old=null}, confs=<EMPTY_MAP>
2025-06-10 17:02:59,956 [s1-impl-thread1] INFO  storage.RaftStorageDirectory (RaftStorageDirectoryImpl.java:analyzeStorage(138)) - The storage directory /home/runner/work/ratis/ratis/ratis-test/target/test/data/38e4f167/MiniRaftClusterWithGrpce060a74a/s1/92259f10-065a-49b5-89af-6876b2c99b77 does not exist. Creating ...
2025-06-10 17:02:59,957 [s1-impl-thread1] TRACE util.FileUtils (LogUtils.java:runAndLog(49)) - Successfully ran Files.createDirectories /home/runner/work/ratis/ratis/ratis-test/target/test/data/38e4f167/MiniRaftClusterWithGrpce060a74a/s1/92259f10-065a-49b5-89af-6876b2c99b77
2025-06-10 17:02:59,957 [s1-impl-thread1] INFO  storage.RaftStorageDirectory (RaftStorageDirectoryImpl.java:tryLock(229)) - Lock on /home/runner/work/ratis/ratis/ratis-test/target/test/data/38e4f167/MiniRaftClusterWithGrpce060a74a/s1/92259f10-065a-49b5-89af-6876b2c99b77/in_use.lock acquired by nodename 5553@fv-az2209-831
2025-06-10 17:02:59,958 [s1-impl-thread1] TRACE util.FileUtils (LogUtils.java:runAndLog(49)) - Successfully ran Files.createDirectories /home/runner/work/ratis/ratis/ratis-test/target/test/data/38e4f167/MiniRaftClusterWithGrpce060a74a/s1/92259f10-065a-49b5-89af-6876b2c99b77/current
2025-06-10 17:02:59,958 [s1-impl-thread1] TRACE util.FileUtils (LogUtils.java:runAndLog(49)) - Successfully ran Files.createDirectories /home/runner/work/ratis/ratis/ratis-test/target/test/data/38e4f167/MiniRaftClusterWithGrpce060a74a/s1/92259f10-065a-49b5-89af-6876b2c99b77/sm
2025-06-10 17:02:59,958 [s1-impl-thread1] TRACE util.FileUtils (LogUtils.java:supplyAndLog(69)) - Successfully supplied FileChannel.open /home/runner/work/ratis/ratis/ratis-test/target/test/data/38e4f167/MiniRaftClusterWithGrpce060a74a/s1/92259f10-065a-49b5-89af-6876b2c99b77/current/raft-meta.tmp with options [CREATE, TRUNCATE_EXISTING, WRITE]: sun.nio.ch.FileChannelImpl@412a959f
2025-06-10 17:02:59,959 [s1-impl-thread1] TRACE util.FileUtils (LogUtils.java:runAndLog(49)) - Successfully ran Atomic Files.move /home/runner/work/ratis/ratis/ratis-test/target/test/data/38e4f167/MiniRaftClusterWithGrpce060a74a/s1/92259f10-065a-49b5-89af-6876b2c99b77/current/raft-meta.tmp to /home/runner/work/ratis/ratis/ratis-test/target/test/data/38e4f167/MiniRaftClusterWithGrpce060a74a/s1/92259f10-065a-49b5-89af-6876b2c99b77/current/raft-meta with options [REPLACE_EXISTING]
2025-06-10 17:02:59,959 [s1-impl-thread1] INFO  storage.RaftStorage (RaftStorageImpl.java:format(98)) - Storage directory /home/runner/work/ratis/ratis/ratis-test/target/test/data/38e4f167/MiniRaftClusterWithGrpce060a74a/s1/92259f10-065a-49b5-89af-6876b2c99b77 has been successfully formatted.
2025-06-10 17:02:59,959 [s1-impl-thread1] INFO  util.AwaitToRun (AwaitToRun.java:start(81)) - Thread[s1@group-6876B2C99B77-cacheEviction-AwaitToRun,5,main] started
2025-06-10 17:02:59,959 [s1-impl-thread1] INFO  segmented.SegmentedRaftLogWorker (SegmentedRaftLogWorker.java:<init>(190)) - new s1@group-6876B2C99B77-SegmentedRaftLogWorker for RaftStorageImpl:Storage Directory /home/runner/work/ratis/ratis/ratis-test/target/test/data/38e4f167/MiniRaftClusterWithGrpce060a74a/s1/92259f10-065a-49b5-89af-6876b2c99b77
2025-06-10 17:02:59,960 [s1-impl-thread1] INFO  segmented.SegmentedRaftLogWorker (SegmentedRaftLogWorker.java:lambda$new$0(141)) - s1@group-6876B2C99B77-SegmentedRaftLogWorker: flushIndex: setUnconditionally 0 -> -1
2025-06-10 17:02:59,960 [s1-impl-thread1] INFO  segmented.SegmentedRaftLogWorker (SegmentedRaftLogWorker.java:lambda$new$0(141)) - s1@group-6876B2C99B77-SegmentedRaftLogWorker: safeCacheEvictIndex: setUnconditionally 0 -> -1
2025-06-10 17:02:59,960 [s1-impl-thread1] INFO  server.RaftServer$Division (RaftServerImpl.java:start(411)) - s1@group-6876B2C99B77: start with initializing state, conf=conf: {index: -1, cur=peers:[]|listeners:[], old=null}
2025-06-10 17:02:59,960 [s1-impl-thread1] INFO  server.RaftServer$Division (RaftServerImpl.java:setRole(392)) - s1@group-6876B2C99B77: changes role from      null to FOLLOWER at term 0 for start
2025-06-10 17:02:59,960 [s1-impl-thread1] INFO  util.JmxRegister (JmxRegister.java:tryRegister(44)) - Successfully registered JMX Bean with object name Ratis:service=RaftServer,group=group-6876B2C99B77,id=s1
2025-06-10 17:02:59,960 [s1-impl-thread1] INFO  util.JmxRegister (JmxRegister.java:register(58)) - register mxBean class org.apache.ratis.server.impl.RaftServerJmxAdapter as Ratis:service=RaftServer,group=group-6876B2C99B77,id=s1
2025-06-10 17:02:59,961 [s1-impl-thread1] INFO  server.RaftServer$Division (RaftServerImpl.java:start(419)) - s1@group-6876B2C99B77: Successfully started.
2025-06-10 17:02:59,961 [main] INFO  server.RaftServer (RaftServerProxy.java:startImpl(412)) - s1: start RPC server
2025-06-10 17:02:59,961 [main] INFO  server.GrpcServicesImpl (GrpcServicesImpl.java:startImpl(346)) - s1: GrpcServicesImpl started, listening on 15180
2025-06-10 17:02:59,962 [JvmPauseMonitor47] INFO  util.JvmPauseMonitor (JvmPauseMonitor.java:run(146)) - JvmPauseMonitor-s1: Started
2025-06-10 17:02:59,962 [main] INFO  server.RaftServer$Division (ServerState.java:setRaftConf(386)) - s0@group-6876B2C99B77: set configuration conf: {index: 4611686018427387903, cur=peers:[s0|localhost:15176, s1|0.0.0.0:15180]|listeners:[], old=peers:[s0|localhost:15176]|listeners:[]}
2025-06-10 17:02:59,970 [s0@group-6876B2C99B77-LeaderStateImpl] WARN  server.RaftServer$Division (LeaderStateImpl.java:checkLeadership(1121)) - s0@group-6876B2C99B77-LeaderStateImpl: Lost leadership on term: 1. Election timeout: 300ms. In charge for: 310ms. Conf: conf: {index: 4611686018427387903, cur=peers:[s0|localhost:15176, s1|0.0.0.0:15180]|listeners:[], old=peers:[s0|localhost:15176]|listeners:[]}
2025-06-10 17:02:59,970 [s0@group-6876B2C99B77-LeaderStateImpl] INFO  server.RaftServer$Division (RaftServerImpl.java:setRole(392)) - s0@group-6876B2C99B77: changes role from    LEADER to FOLLOWER at term 1 for StepDownReason:LOST_MAJORITY_HEARTBEATS
2025-06-10 17:02:59,970 [s0@group-6876B2C99B77-LeaderStateImpl] INFO  impl.RoleInfo (RoleInfo.java:shutdownLeaderState(103)) - s0: shutdown s0@group-6876B2C99B77-LeaderStateImpl
2025-06-10 17:02:59,970 [s0@group-6876B2C99B77-LeaderStateImpl] INFO  impl.PendingRequests (PendingRequests.java:sendNotLeaderResponses(287)) - s0@group-6876B2C99B77-PendingRequests: sendNotLeaderResponses
2025-06-10 17:02:59,970 [s0@group-6876B2C99B77-LeaderStateImpl] INFO  server.RaftServer$Division (ServerState.java:setLeader(272)) - s0@group-6876B2C99B77: change Leader from s0 to null at term 1 for StepDownReason:LOST_MAJORITY_HEARTBEATS
2025-06-10 17:02:59,970 [s0@group-6876B2C99B77-LeaderStateImpl] INFO  impl.RoleInfo (RoleInfo.java:updateAndGet(148)) - s0: start s0@group-6876B2C99B77-FollowerState
2025-06-10 17:02:59,971 [s0-server-thread1] INFO  server.RaftServer$Division (RaftServerImpl.java:stepDownLeaderAsync(1293)) - s0@group-6876B2C99B77 receive stepDown leader request TransferLeadershipRequest:client-B00663968336->s0@group-6876B2C99B77, cid=40, seq=null, RO, null
2025-06-10 17:03:00,078 [s0-server-thread1] INFO  server.RaftServer$Division (RaftServerImpl.java:stepDownLeaderAsync(1293)) - s0@group-6876B2C99B77 receive stepDown leader request TransferLeadershipRequest:client-B00663968336->s0@group-6876B2C99B77, cid=40, seq=null, RO, null
2025-06-10 17:03:00,181 [s0-server-thread1] INFO  server.RaftServer$Division (RaftServerImpl.java:stepDownLeaderAsync(1293)) - s0@group-6876B2C99B77 receive stepDown leader request TransferLeadershipRequest:client-B00663968336->s0@group-6876B2C99B77, cid=40, seq=null, RO, null
2025-06-10 17:03:00,184 [s0@group-6876B2C99B77-FollowerState] INFO  impl.FollowerState (FollowerState.java:lostMajorityHeartbeatsRecently(113)) - s0@group-6876B2C99B77-FollowerState: Skipping leader election since it stepped down recently (elapsed = 213ms < waitTime = 10s)
2025-06-10 17:03:00,284 [s0-server-thread1] INFO  server.RaftServer$Division (RaftServerImpl.java:stepDownLeaderAsync(1293)) - s0@group-6876B2C99B77 receive stepDown leader request TransferLeadershipRequest:client-B00663968336->s0@group-6876B2C99B77, cid=40, seq=null, RO, null
2025-06-10 17:03:00,387 [s0-server-thread1] INFO  server.RaftServer$Division (RaftServerImpl.java:stepDownLeaderAsync(1293)) - s0@group-6876B2C99B77 receive stepDown leader request TransferLeadershipRequest:client-B00663968336->s0@group-6876B2C99B77, cid=40, seq=null, RO, null
2025-06-10 17:03:00,448 [s0@group-6876B2C99B77-FollowerState] INFO  impl.FollowerState (FollowerState.java:lostMajorityHeartbeatsRecently(113)) - s0@group-6876B2C99B77-FollowerState: Skipping leader election since it stepped down recently (elapsed = 477ms < waitTime = 10s)
2025-06-10 17:03:00,490 [s0-server-thread1] INFO  server.RaftServer$Division (RaftServerImpl.java:stepDownLeaderAsync(1293)) - s0@group-6876B2C99B77 receive stepDown leader request TransferLeadershipRequest:client-B00663968336->s0@group-6876B2C99B77, cid=40, seq=null, RO, null
2025-06-10 17:03:00,592 [s0-server-thread1] INFO  server.RaftServer$Division (RaftServerImpl.java:stepDownLeaderAsync(1293)) - s0@group-6876B2C99B77 receive stepDown leader request TransferLeadershipRequest:client-B00663968336->s0@group-6876B2C99B77, cid=40, seq=null, RO, null
2025-06-10 17:03:00,645 [s0@group-6876B2C99B77-FollowerState] INFO  impl.FollowerState (FollowerState.java:lostMajorityHeartbeatsRecently(113)) - s0@group-6876B2C99B77-FollowerState: Skipping leader election since it stepped down recently (elapsed = 674ms < waitTime = 10s)
2025-06-10 17:03:00,696 [s0-server-thread1] INFO  server.RaftServer$Division (RaftServerImpl.java:stepDownLeaderAsync(1293)) - s0@group-6876B2C99B77 receive stepDown leader request TransferLeadershipRequest:client-B00663968336->s0@group-6876B2C99B77, cid=40, seq=null, RO, null
2025-06-10 17:03:00,799 [s0-server-thread1] INFO  server.RaftServer$Division (RaftServerImpl.java:stepDownLeaderAsync(1293)) - s0@group-6876B2C99B77 receive stepDown leader request TransferLeadershipRequest:client-B00663968336->s0@group-6876B2C99B77, cid=40, seq=null, RO, null
2025-06-10 17:03:00,866 [s0@group-6876B2C99B77-FollowerState] INFO  impl.FollowerState (FollowerState.java:lostMajorityHeartbeatsRecently(113)) - s0@group-6876B2C99B77-FollowerState: Skipping leader election since it stepped down recently (elapsed = 895ms < waitTime = 10s)
2025-06-10 17:03:00,901 [s0-server-thread1] INFO  server.RaftServer$Division (RaftServerImpl.java:stepDownLeaderAsync(1293)) - s0@group-6876B2C99B77 receive stepDown leader request TransferLeadershipRequest:client-B00663968336->s0@group-6876B2C99B77, cid=40, seq=null, RO, null
2025-06-10 17:03:01,004 [s0-server-thread1] INFO  server.RaftServer$Division (RaftServerImpl.java:stepDownLeaderAsync(1293)) - s0@group-6876B2C99B77 receive stepDown leader request TransferLeadershipRequest:client-B00663968336->s0@group-6876B2C99B77, cid=40, seq=null, RO, null
2025-06-10 17:03:01,036 [s0@group-6876B2C99B77-FollowerState] INFO  impl.FollowerState (FollowerState.java:lostMajorityHeartbeatsRecently(113)) - s0@group-6876B2C99B77-FollowerState: Skipping leader election since it stepped down recently (elapsed = 1065ms < waitTime = 10s)
2025-06-10 17:03:01,107 [s0-server-thread1] INFO  server.RaftServer$Division (RaftServerImpl.java:stepDownLeaderAsync(1293)) - s0@group-6876B2C99B77 receive stepDown leader request TransferLeadershipRequest:client-B00663968336->s0@group-6876B2C99B77, cid=40, seq=null, RO, null
2025-06-10 17:03:01,210 [s0-server-thread1] INFO  server.RaftServer$Division (RaftServerImpl.java:stepDownLeaderAsync(1293)) - s0@group-6876B2C99B77 receive stepDown leader request TransferLeadershipRequest:client-B00663968336->s0@group-6876B2C99B77, cid=40, seq=null, RO, null
2025-06-10 17:03:01,313 [s0-server-thread1] INFO  server.RaftServer$Division (RaftServerImpl.java:stepDownLeaderAsync(1293)) - s0@group-6876B2C99B77 receive stepDown leader request TransferLeadershipRequest:client-B00663968336->s0@group-6876B2C99B77, cid=40, seq=null, RO, null
2025-06-10 17:03:01,333 [s0@group-6876B2C99B77-FollowerState] INFO  impl.FollowerState (FollowerState.java:lostMajorityHeartbeatsRecently(113)) - s0@group-6876B2C99B77-FollowerState: Skipping leader election since it stepped down recently (elapsed = 1362ms < waitTime = 10s)
2025-06-10 17:03:01,416 [s0-server-thread1] INFO  server.RaftServer$Division (RaftServerImpl.java:stepDownLeaderAsync(1293)) - s0@group-6876B2C99B77 receive stepDown leader request TransferLeadershipRequest:client-B00663968336->s0@group-6876B2C99B77, cid=40, seq=null, RO, null
2025-06-10 17:03:01,519 [s0-server-thread1] INFO  server.RaftServer$Division (RaftServerImpl.java:stepDownLeaderAsync(1293)) - s0@group-6876B2C99B77 receive stepDown leader request TransferLeadershipRequest:client-B00663968336->s0@group-6876B2C99B77, cid=40, seq=null, RO, null
2025-06-10 17:03:01,584 [s0@group-6876B2C99B77-FollowerState] INFO  impl.FollowerState (FollowerState.java:lostMajorityHeartbeatsRecently(113)) - s0@group-6876B2C99B77-FollowerState: Skipping leader election since it stepped down recently (elapsed = 1613ms < waitTime = 10s)
2025-06-10 17:03:01,621 [s0-server-thread1] INFO  server.RaftServer$Division (RaftServerImpl.java:stepDownLeaderAsync(1293)) - s0@group-6876B2C99B77 receive stepDown leader request TransferLeadershipRequest:client-B00663968336->s0@group-6876B2C99B77, cid=40, seq=null, RO, null
2025-06-10 17:03:01,724 [s0-server-thread1] INFO  server.RaftServer$Division (RaftServerImpl.java:stepDownLeaderAsync(1293)) - s0@group-6876B2C99B77 receive stepDown leader request TransferLeadershipRequest:client-B00663968336->s0@group-6876B2C99B77, cid=40, seq=null, RO, null
2025-06-10 17:03:01,827 [s0-server-thread1] INFO  server.RaftServer$Division (RaftServerImpl.java:stepDownLeaderAsync(1293)) - s0@group-6876B2C99B77 receive stepDown leader request TransferLeadershipRequest:client-B00663968336->s0@group-6876B2C99B77, cid=40, seq=null, RO, null
2025-06-10 17:03:01,883 [s0@group-6876B2C99B77-FollowerState] INFO  impl.FollowerState (FollowerState.java:lostMajorityHeartbeatsRecently(113)) - s0@group-6876B2C99B77-FollowerState: Skipping leader election since it stepped down recently (elapsed = 1912ms < waitTime = 10s)
2025-06-10 17:03:01,930 [s0-server-thread1] INFO  server.RaftServer$Division (RaftServerImpl.java:stepDownLeaderAsync(1293)) - s0@group-6876B2C99B77 receive stepDown leader request TransferLeadershipRequest:client-B00663968336->s0@group-6876B2C99B77, cid=40, seq=null, RO, null
2025-06-10 17:03:02,033 [s0-server-thread1] INFO  server.RaftServer$Division (RaftServerImpl.java:stepDownLeaderAsync(1293)) - s0@group-6876B2C99B77 receive stepDown leader request TransferLeadershipRequest:client-B00663968336->s0@group-6876B2C99B77, cid=40, seq=null, RO, null
2025-06-10 17:03:02,137 [s0-server-thread1] INFO  server.RaftServer$Division (RaftServerImpl.java:stepDownLeaderAsync(1293)) - s0@group-6876B2C99B77 receive stepDown leader request TransferLeadershipRequest:client-B00663968336->s0@group-6876B2C99B77, cid=40, seq=null, RO, null
2025-06-10 17:03:02,138 [s0@group-6876B2C99B77-FollowerState] INFO  impl.FollowerState (FollowerState.java:lostMajorityHeartbeatsRecently(113)) - s0@group-6876B2C99B77-FollowerState: Skipping leader election since it stepped down recently (elapsed = 2167ms < waitTime = 10s)
2025-06-10 17:03:02,239 [s0-server-thread1] INFO  server.RaftServer$Division (RaftServerImpl.java:stepDownLeaderAsync(1293)) - s0@group-6876B2C99B77 receive stepDown leader request TransferLeadershipRequest:client-B00663968336->s0@group-6876B2C99B77, cid=40, seq=null, RO, null
2025-06-10 17:03:02,342 [s0-server-thread1] INFO  server.RaftServer$Division (RaftServerImpl.java:stepDownLeaderAsync(1293)) - s0@group-6876B2C99B77 receive stepDown leader request TransferLeadershipRequest:client-B00663968336->s0@group-6876B2C99B77, cid=40, seq=null, RO, null
2025-06-10 17:03:02,393 [s0@group-6876B2C99B77-FollowerState] INFO  impl.FollowerState (FollowerState.java:lostMajorityHeartbeatsRecently(113)) - s0@group-6876B2C99B77-FollowerState: Skipping leader election since it stepped down recently (elapsed = 2422ms < waitTime = 10s)
2025-06-10 17:03:02,445 [s0-server-thread1] INFO  server.RaftServer$Division (RaftServerImpl.java:stepDownLeaderAsync(1293)) - s0@group-6876B2C99B77 receive stepDown leader request TransferLeadershipRequest:client-B00663968336->s0@group-6876B2C99B77, cid=40, seq=null, RO, null
2025-06-10 17:03:02,548 [s0-server-thread1] INFO  server.RaftServer$Division (RaftServerImpl.java:stepDownLeaderAsync(1293)) - s0@group-6876B2C99B77 receive stepDown leader request TransferLeadershipRequest:client-B00663968336->s0@group-6876B2C99B77, cid=40, seq=null, RO, null
2025-06-10 17:03:02,643 [s0@group-6876B2C99B77-FollowerState] INFO  impl.FollowerState (FollowerState.java:lostMajorityHeartbeatsRecently(113)) - s0@group-6876B2C99B77-FollowerState: Skipping leader election since it stepped down recently (elapsed = 2672ms < waitTime = 10s)
2025-06-10 17:03:02,651 [s0-server-thread1] INFO  server.RaftServer$Division (RaftServerImpl.java:stepDownLeaderAsync(1293)) - s0@group-6876B2C99B77 receive stepDown leader request TransferLeadershipRequest:client-B00663968336->s0@group-6876B2C99B77, cid=40, seq=null, RO, null
2025-06-10 17:03:02,754 [s0-server-thread1] INFO  server.RaftServer$Division (RaftServerImpl.java:stepDownLeaderAsync(1293)) - s0@group-6876B2C99B77 receive stepDown leader request TransferLeadershipRequest:client-B00663968336->s0@group-6876B2C99B77, cid=40, seq=null, RO, null
2025-06-10 17:03:02,857 [s0-server-thread1] INFO  server.RaftServer$Division (RaftServerImpl.java:stepDownLeaderAsync(1293)) - s0@group-6876B2C99B77 receive stepDown leader request TransferLeadershipRequest:client-B00663968336->s0@group-6876B2C99B77, cid=40, seq=null, RO, null
2025-06-10 17:03:02,883 [s0@group-6876B2C99B77-FollowerState] INFO  impl.FollowerState (FollowerState.java:lostMajorityHeartbeatsRecently(113)) - s0@group-6876B2C99B77-FollowerState: Skipping leader election since it stepped down recently (elapsed = 2912ms < waitTime = 10s)
2025-06-10 17:03:02,960 [s0-server-thread1] INFO  server.RaftServer$Division (RaftServerImpl.java:stepDownLeaderAsync(1293)) - s0@group-6876B2C99B77 receive stepDown leader request TransferLeadershipRequest:client-B00663968336->s0@group-6876B2C99B77, cid=40, seq=null, RO, null
2025-06-10 17:03:03,063 [s0-server-thread1] INFO  server.RaftServer$Division (RaftServerImpl.java:stepDownLeaderAsync(1293)) - s0@group-6876B2C99B77 receive stepDown leader request TransferLeadershipRequest:client-B00663968336->s0@group-6876B2C99B77, cid=40, seq=null, RO, null
2025-06-10 17:03:03,105 [s0@group-6876B2C99B77-FollowerState] INFO  impl.FollowerState (FollowerState.java:lostMajorityHeartbeatsRecently(113)) - s0@group-6876B2C99B77-FollowerState: Skipping leader election since it stepped down recently (elapsed = 3134ms < waitTime = 10s)
2025-06-10 17:03:03,166 [s0-server-thread1] INFO  server.RaftServer$Division (RaftServerImpl.java:stepDownLeaderAsync(1293)) - s0@group-6876B2C99B77 receive stepDown leader request TransferLeadershipRequest:client-B00663968336->s0@group-6876B2C99B77, cid=40, seq=null, RO, null
2025-06-10 17:03:03,269 [s0-server-thread1] INFO  server.RaftServer$Division (RaftServerImpl.java:stepDownLeaderAsync(1293)) - s0@group-6876B2C99B77 receive stepDown leader request TransferLeadershipRequest:client-B00663968336->s0@group-6876B2C99B77, cid=40, seq=null, RO, null
2025-06-10 17:03:03,318 [s0@group-6876B2C99B77-FollowerState] INFO  impl.FollowerState (FollowerState.java:lostMajorityHeartbeatsRecently(113)) - s0@group-6876B2C99B77-FollowerState: Skipping leader election since it stepped down recently (elapsed = 3347ms < waitTime = 10s)
2025-06-10 17:03:03,371 [s0-server-thread1] INFO  server.RaftServer$Division (RaftServerImpl.java:stepDownLeaderAsync(1293)) - s0@group-6876B2C99B77 receive stepDown leader request TransferLeadershipRequest:client-B00663968336->s0@group-6876B2C99B77, cid=40, seq=null, RO, null
2025-06-10 17:03:03,474 [s0-server-thread1] INFO  server.RaftServer$Division (RaftServerImpl.java:stepDownLeaderAsync(1293)) - s0@group-6876B2C99B77 receive stepDown leader request TransferLeadershipRequest:client-B00663968336->s0@group-6876B2C99B77, cid=40, seq=null, RO, null
2025-06-10 17:03:03,577 [s0-server-thread1] INFO  server.RaftServer$Division (RaftServerImpl.java:stepDownLeaderAsync(1293)) - s0@group-6876B2C99B77 receive stepDown leader request TransferLeadershipRequest:client-B00663968336->s0@group-6876B2C99B77, cid=40, seq=null, RO, null
2025-06-10 17:03:03,614 [s0@group-6876B2C99B77-FollowerState] INFO  impl.FollowerState (FollowerState.java:lostMajorityHeartbeatsRecently(113)) - s0@group-6876B2C99B77-FollowerState: Skipping leader election since it stepped down recently (elapsed = 3643ms < waitTime = 10s)
2025-06-10 17:03:03,680 [s0-server-thread1] INFO  server.RaftServer$Division (RaftServerImpl.java:stepDownLeaderAsync(1293)) - s0@group-6876B2C99B77 receive stepDown leader request TransferLeadershipRequest:client-B00663968336->s0@group-6876B2C99B77, cid=40, seq=null, RO, null
2025-06-10 17:03:03,783 [s0-server-thread1] INFO  server.RaftServer$Division (RaftServerImpl.java:stepDownLeaderAsync(1293)) - s0@group-6876B2C99B77 receive stepDown leader request TransferLeadershipRequest:client-B00663968336->s0@group-6876B2C99B77, cid=40, seq=null, RO, null
2025-06-10 17:03:03,819 [s0@group-6876B2C99B77-FollowerState] INFO  impl.FollowerState (FollowerState.java:lostMajorityHeartbeatsRecently(113)) - s0@group-6876B2C99B77-FollowerState: Skipping leader election since it stepped down recently (elapsed = 3848ms < waitTime = 10s)
2025-06-10 17:03:03,885 [s0-server-thread1] INFO  server.RaftServer$Division (RaftServerImpl.java:stepDownLeaderAsync(1293)) - s0@group-6876B2C99B77 receive stepDown leader request TransferLeadershipRequest:client-B00663968336->s0@group-6876B2C99B77, cid=40, seq=null, RO, null
2025-06-10 17:03:03,988 [s0-server-thread1] INFO  server.RaftServer$Division (RaftServerImpl.java:stepDownLeaderAsync(1293)) - s0@group-6876B2C99B77 receive stepDown leader request TransferLeadershipRequest:client-B00663968336->s0@group-6876B2C99B77, cid=40, seq=null, RO, null
2025-06-10 17:03:03,991 [s0@group-6876B2C99B77-FollowerState] INFO  impl.FollowerState (FollowerState.java:lostMajorityHeartbeatsRecently(113)) - s0@group-6876B2C99B77-FollowerState: Skipping leader election since it stepped down recently (elapsed = 4020ms < waitTime = 10s)
2025-06-10 17:03:04,092 [s0-server-thread1] INFO  server.RaftServer$Division (RaftServerImpl.java:stepDownLeaderAsync(1293)) - s0@group-6876B2C99B77 receive stepDown leader request TransferLeadershipRequest:client-B00663968336->s0@group-6876B2C99B77, cid=40, seq=null, RO, null
2025-06-10 17:03:04,195 [s0-server-thread1] INFO  server.RaftServer$Division (RaftServerImpl.java:stepDownLeaderAsync(1293)) - s0@group-6876B2C99B77 receive stepDown leader request TransferLeadershipRequest:client-B00663968336->s0@group-6876B2C99B77, cid=40, seq=null, RO, null
2025-06-10 17:03:04,287 [s0@group-6876B2C99B77-FollowerState] INFO  impl.FollowerState (FollowerState.java:lostMajorityHeartbeatsRecently(113)) - s0@group-6876B2C99B77-FollowerState: Skipping leader election since it stepped down recently (elapsed = 4316ms < waitTime = 10s)
2025-06-10 17:03:04,298 [s0-server-thread1] INFO  server.RaftServer$Division (RaftServerImpl.java:stepDownLeaderAsync(1293)) - s0@group-6876B2C99B77 receive stepDown leader request TransferLeadershipRequest:client-B00663968336->s0@group-6876B2C99B77, cid=40, seq=null, RO, null
2025-06-10 17:03:04,401 [s0-server-thread1] INFO  server.RaftServer$Division (RaftServerImpl.java:stepDownLeaderAsync(1293)) - s0@group-6876B2C99B77 receive stepDown leader request TransferLeadershipRequest:client-B00663968336->s0@group-6876B2C99B77, cid=40, seq=null, RO, null
2025-06-10 17:03:04,461 [s0@group-6876B2C99B77-FollowerState] INFO  impl.FollowerState (FollowerState.java:lostMajorityHeartbeatsRecently(113)) - s0@group-6876B2C99B77-FollowerState: Skipping leader election since it stepped down recently (elapsed = 4491ms < waitTime = 10s)
2025-06-10 17:03:04,504 [s0-server-thread1] INFO  server.RaftServer$Division (RaftServerImpl.java:stepDownLeaderAsync(1293)) - s0@group-6876B2C99B77 receive stepDown leader request TransferLeadershipRequest:client-B00663968336->s0@group-6876B2C99B77, cid=40, seq=null, RO, null
2025-06-10 17:03:04,606 [s0-server-thread1] INFO  server.RaftServer$Division (RaftServerImpl.java:stepDownLeaderAsync(1293)) - s0@group-6876B2C99B77 receive stepDown leader request TransferLeadershipRequest:client-B00663968336->s0@group-6876B2C99B77, cid=40, seq=null, RO, null
2025-06-10 17:03:04,709 [s0-server-thread1] INFO  server.RaftServer$Division (RaftServerImpl.java:stepDownLeaderAsync(1293)) - s0@group-6876B2C99B77 receive stepDown leader request TransferLeadershipRequest:client-B00663968336->s0@group-6876B2C99B77, cid=40, seq=null, RO, null
2025-06-10 17:03:04,735 [s0@group-6876B2C99B77-FollowerState] INFO  impl.FollowerState (FollowerState.java:lostMajorityHeartbeatsRecently(113)) - s0@group-6876B2C99B77-FollowerState: Skipping leader election since it stepped down recently (elapsed = 4764ms < waitTime = 10s)
2025-06-10 17:03:04,812 [s0-server-thread1] INFO  server.RaftServer$Division (RaftServerImpl.java:stepDownLeaderAsync(1293)) - s0@group-6876B2C99B77 receive stepDown leader request TransferLeadershipRequest:client-B00663968336->s0@group-6876B2C99B77, cid=40, seq=null, RO, null
2025-06-10 17:03:04,915 [s0-server-thread1] INFO  server.RaftServer$Division (RaftServerImpl.java:stepDownLeaderAsync(1293)) - s0@group-6876B2C99B77 receive stepDown leader request TransferLeadershipRequest:client-B00663968336->s0@group-6876B2C99B77, cid=40, seq=null, RO, null
2025-06-10 17:03:04,938 [s0@group-6876B2C99B77-FollowerState] INFO  impl.FollowerState (FollowerState.java:lostMajorityHeartbeatsRecently(113)) - s0@group-6876B2C99B77-FollowerState: Skipping leader election since it stepped down recently (elapsed = 4967ms < waitTime = 10s)
2025-06-10 17:03:05,017 [s0-server-thread1] INFO  server.RaftServer$Division (RaftServerImpl.java:stepDownLeaderAsync(1293)) - s0@group-6876B2C99B77 receive stepDown leader request TransferLeadershipRequest:client-B00663968336->s0@group-6876B2C99B77, cid=40, seq=null, RO, null
2025-06-10 17:03:05,120 [s0-server-thread1] INFO  server.RaftServer$Division (RaftServerImpl.java:stepDownLeaderAsync(1293)) - s0@group-6876B2C99B77 receive stepDown leader request TransferLeadershipRequest:client-B00663968336->s0@group-6876B2C99B77, cid=40, seq=null, RO, null
2025-06-10 17:03:05,223 [s0-server-thread1] INFO  server.RaftServer$Division (RaftServerImpl.java:stepDownLeaderAsync(1293)) - s0@group-6876B2C99B77 receive stepDown leader request TransferLeadershipRequest:client-B00663968336->s0@group-6876B2C99B77, cid=40, seq=null, RO, null
2025-06-10 17:03:05,228 [s0@group-6876B2C99B77-FollowerState] INFO  impl.FollowerState (FollowerState.java:lostMajorityHeartbeatsRecently(113)) - s0@group-6876B2C99B77-FollowerState: Skipping leader election since it stepped down recently (elapsed = 5257ms < waitTime = 10s)
2025-06-10 17:03:05,325 [s0-server-thread1] INFO  server.RaftServer$Division (RaftServerImpl.java:stepDownLeaderAsync(1293)) - s0@group-6876B2C99B77 receive stepDown leader request TransferLeadershipRequest:client-B00663968336->s0@group-6876B2C99B77, cid=40, seq=null, RO, null
2025-06-10 17:03:05,387 [s0@group-6876B2C99B77-FollowerState] INFO  impl.FollowerState (FollowerState.java:lostMajorityHeartbeatsRecently(113)) - s0@group-6876B2C99B77-FollowerState: Skipping leader election since it stepped down recently (elapsed = 5416ms < waitTime = 10s)
2025-06-10 17:03:05,428 [s0-server-thread1] INFO  server.RaftServer$Division (RaftServerImpl.java:stepDownLeaderAsync(1293)) - s0@group-6876B2C99B77 receive stepDown leader request TransferLeadershipRequest:client-B00663968336->s0@group-6876B2C99B77, cid=40, seq=null, RO, null
2025-06-10 17:03:05,531 [s0-server-thread1] INFO  server.RaftServer$Division (RaftServerImpl.java:stepDownLeaderAsync(1293)) - s0@group-6876B2C99B77 receive stepDown leader request TransferLeadershipRequest:client-B00663968336->s0@group-6876B2C99B77, cid=40, seq=null, RO, null
2025-06-10 17:03:05,634 [s0-server-thread1] INFO  server.RaftServer$Division (RaftServerImpl.java:stepDownLeaderAsync(1293)) - s0@group-6876B2C99B77 receive stepDown leader request TransferLeadershipRequest:client-B00663968336->s0@group-6876B2C99B77, cid=40, seq=null, RO, null
2025-06-10 17:03:05,664 [s0@group-6876B2C99B77-FollowerState] INFO  impl.FollowerState (FollowerState.java:lostMajorityHeartbeatsRecently(113)) - s0@group-6876B2C99B77-FollowerState: Skipping leader election since it stepped down recently (elapsed = 5693ms < waitTime = 10s)
2025-06-10 17:03:05,736 [s0-server-thread1] INFO  server.RaftServer$Division (RaftServerImpl.java:stepDownLeaderAsync(1293)) - s0@group-6876B2C99B77 receive stepDown leader request TransferLeadershipRequest:client-B00663968336->s0@group-6876B2C99B77, cid=40, seq=null, RO, null
2025-06-10 17:03:05,839 [s0-server-thread1] INFO  server.RaftServer$Division (RaftServerImpl.java:stepDownLeaderAsync(1293)) - s0@group-6876B2C99B77 receive stepDown leader request TransferLeadershipRequest:client-B00663968336->s0@group-6876B2C99B77, cid=40, seq=null, RO, null
2025-06-10 17:03:05,874 [s0@group-6876B2C99B77-FollowerState] INFO  impl.FollowerState (FollowerState.java:lostMajorityHeartbeatsRecently(113)) - s0@group-6876B2C99B77-FollowerState: Skipping leader election since it stepped down recently (elapsed = 5903ms < waitTime = 10s)
2025-06-10 17:03:05,942 [s0-server-thread1] INFO  server.RaftServer$Division (RaftServerImpl.java:stepDownLeaderAsync(1293)) - s0@group-6876B2C99B77 receive stepDown leader request TransferLeadershipRequest:client-B00663968336->s0@group-6876B2C99B77, cid=40, seq=null, RO, null
2025-06-10 17:03:06,045 [s0-server-thread1] INFO  server.RaftServer$Division (RaftServerImpl.java:stepDownLeaderAsync(1293)) - s0@group-6876B2C99B77 receive stepDown leader request TransferLeadershipRequest:client-B00663968336->s0@group-6876B2C99B77, cid=40, seq=null, RO, null
2025-06-10 17:03:06,051 [s0@group-6876B2C99B77-FollowerState] INFO  impl.FollowerState (FollowerState.java:lostMajorityHeartbeatsRecently(113)) - s0@group-6876B2C99B77-FollowerState: Skipping leader election since it stepped down recently (elapsed = 6080ms < waitTime = 10s)
2025-06-10 17:03:06,148 [s0-server-thread1] INFO  server.RaftServer$Division (RaftServerImpl.java:stepDownLeaderAsync(1293)) - s0@group-6876B2C99B77 receive stepDown leader request TransferLeadershipRequest:client-B00663968336->s0@group-6876B2C99B77, cid=40, seq=null, RO, null
2025-06-10 17:03:06,251 [s0-server-thread1] INFO  server.RaftServer$Division (RaftServerImpl.java:stepDownLeaderAsync(1293)) - s0@group-6876B2C99B77 receive stepDown leader request TransferLeadershipRequest:client-B00663968336->s0@group-6876B2C99B77, cid=40, seq=null, RO, null
2025-06-10 17:03:06,295 [s0@group-6876B2C99B77-FollowerState] INFO  impl.FollowerState (FollowerState.java:lostMajorityHeartbeatsRecently(113)) - s0@group-6876B2C99B77-FollowerState: Skipping leader election since it stepped down recently (elapsed = 6324ms < waitTime = 10s)
2025-06-10 17:03:06,353 [s0-server-thread1] INFO  server.RaftServer$Division (RaftServerImpl.java:stepDownLeaderAsync(1293)) - s0@group-6876B2C99B77 receive stepDown leader request TransferLeadershipRequest:client-B00663968336->s0@group-6876B2C99B77, cid=40, seq=null, RO, null
2025-06-10 17:03:06,456 [s0-server-thread1] INFO  server.RaftServer$Division (RaftServerImpl.java:stepDownLeaderAsync(1293)) - s0@group-6876B2C99B77 receive stepDown leader request TransferLeadershipRequest:client-B00663968336->s0@group-6876B2C99B77, cid=40, seq=null, RO, null
2025-06-10 17:03:06,458 [s0@group-6876B2C99B77-FollowerState] INFO  impl.FollowerState (FollowerState.java:lostMajorityHeartbeatsRecently(113)) - s0@group-6876B2C99B77-FollowerState: Skipping leader election since it stepped down recently (elapsed = 6487ms < waitTime = 10s)
2025-06-10 17:03:06,559 [s0-server-thread1] INFO  server.RaftServer$Division (RaftServerImpl.java:stepDownLeaderAsync(1293)) - s0@group-6876B2C99B77 receive stepDown leader request TransferLeadershipRequest:client-B00663968336->s0@group-6876B2C99B77, cid=40, seq=null, RO, null
2025-06-10 17:03:06,662 [s0-server-thread1] INFO  server.RaftServer$Division (RaftServerImpl.java:stepDownLeaderAsync(1293)) - s0@group-6876B2C99B77 receive stepDown leader request TransferLeadershipRequest:client-B00663968336->s0@group-6876B2C99B77, cid=40, seq=null, RO, null
2025-06-10 17:03:06,716 [s0@group-6876B2C99B77-FollowerState] INFO  impl.FollowerState (FollowerState.java:lostMajorityHeartbeatsRecently(113)) - s0@group-6876B2C99B77-FollowerState: Skipping leader election since it stepped down recently (elapsed = 6745ms < waitTime = 10s)
2025-06-10 17:03:06,765 [s0-server-thread1] INFO  server.RaftServer$Division (RaftServerImpl.java:stepDownLeaderAsync(1293)) - s0@group-6876B2C99B77 receive stepDown leader request TransferLeadershipRequest:client-B00663968336->s0@group-6876B2C99B77, cid=40, seq=null, RO, null
2025-06-10 17:03:06,867 [s0-server-thread1] INFO  server.RaftServer$Division (RaftServerImpl.java:stepDownLeaderAsync(1293)) - s0@group-6876B2C99B77 receive stepDown leader request TransferLeadershipRequest:client-B00663968336->s0@group-6876B2C99B77, cid=40, seq=null, RO, null
2025-06-10 17:03:06,949 [s0@group-6876B2C99B77-FollowerState] INFO  impl.FollowerState (FollowerState.java:lostMajorityHeartbeatsRecently(113)) - s0@group-6876B2C99B77-FollowerState: Skipping leader election since it stepped down recently (elapsed = 6978ms < waitTime = 10s)
2025-06-10 17:03:06,970 [s0-server-thread1] INFO  server.RaftServer$Division (RaftServerImpl.java:stepDownLeaderAsync(1293)) - s0@group-6876B2C99B77 receive stepDown leader request TransferLeadershipRequest:client-B00663968336->s0@group-6876B2C99B77, cid=40, seq=null, RO, null
2025-06-10 17:03:07,073 [s0-server-thread1] INFO  server.RaftServer$Division (RaftServerImpl.java:stepDownLeaderAsync(1293)) - s0@group-6876B2C99B77 receive stepDown leader request TransferLeadershipRequest:client-B00663968336->s0@group-6876B2C99B77, cid=40, seq=null, RO, null
2025-06-10 17:03:07,106 [s0@group-6876B2C99B77-FollowerState] INFO  impl.FollowerState (FollowerState.java:lostMajorityHeartbeatsRecently(113)) - s0@group-6876B2C99B77-FollowerState: Skipping leader election since it stepped down recently (elapsed = 7135ms < waitTime = 10s)
2025-06-10 17:03:07,176 [s0-server-thread1] INFO  server.RaftServer$Division (RaftServerImpl.java:stepDownLeaderAsync(1293)) - s0@group-6876B2C99B77 receive stepDown leader request TransferLeadershipRequest:client-B00663968336->s0@group-6876B2C99B77, cid=40, seq=null, RO, null
2025-06-10 17:03:07,273 [s0@group-6876B2C99B77-FollowerState] INFO  impl.FollowerState (FollowerState.java:lostMajorityHeartbeatsRecently(113)) - s0@group-6876B2C99B77-FollowerState: Skipping leader election since it stepped down recently (elapsed = 7302ms < waitTime = 10s)
2025-06-10 17:03:07,279 [s0-server-thread1] INFO  server.RaftServer$Division (RaftServerImpl.java:stepDownLeaderAsync(1293)) - s0@group-6876B2C99B77 receive stepDown leader request TransferLeadershipRequest:client-B00663968336->s0@group-6876B2C99B77, cid=40, seq=null, RO, null
2025-06-10 17:03:07,382 [s0-server-thread1] INFO  server.RaftServer$Division (RaftServerImpl.java:stepDownLeaderAsync(1293)) - s0@group-6876B2C99B77 receive stepDown leader request TransferLeadershipRequest:client-B00663968336->s0@group-6876B2C99B77, cid=40, seq=null, RO, null
2025-06-10 17:03:07,485 [s0-server-thread1] INFO  server.RaftServer$Division (RaftServerImpl.java:stepDownLeaderAsync(1293)) - s0@group-6876B2C99B77 receive stepDown leader request TransferLeadershipRequest:client-B00663968336->s0@group-6876B2C99B77, cid=40, seq=null, RO, null
2025-06-10 17:03:07,544 [s0@group-6876B2C99B77-FollowerState] INFO  impl.FollowerState (FollowerState.java:lostMajorityHeartbeatsRecently(113)) - s0@group-6876B2C99B77-FollowerState: Skipping leader election since it stepped down recently (elapsed = 7573ms < waitTime = 10s)
2025-06-10 17:03:07,587 [s0-server-thread1] INFO  server.RaftServer$Division (RaftServerImpl.java:stepDownLeaderAsync(1293)) - s0@group-6876B2C99B77 receive stepDown leader request TransferLeadershipRequest:client-B00663968336->s0@group-6876B2C99B77, cid=40, seq=null, RO, null
2025-06-10 17:03:07,690 [s0-server-thread1] INFO  server.RaftServer$Division (RaftServerImpl.java:stepDownLeaderAsync(1293)) - s0@group-6876B2C99B77 receive stepDown leader request TransferLeadershipRequest:client-B00663968336->s0@group-6876B2C99B77, cid=40, seq=null, RO, null
2025-06-10 17:03:07,718 [s0@group-6876B2C99B77-FollowerState] INFO  impl.FollowerState (FollowerState.java:lostMajorityHeartbeatsRecently(113)) - s0@group-6876B2C99B77-FollowerState: Skipping leader election since it stepped down recently (elapsed = 7747ms < waitTime = 10s)
2025-06-10 17:03:07,793 [s0-server-thread1] INFO  server.RaftServer$Division (RaftServerImpl.java:stepDownLeaderAsync(1293)) - s0@group-6876B2C99B77 receive stepDown leader request TransferLeadershipRequest:client-B00663968336->s0@group-6876B2C99B77, cid=40, seq=null, RO, null
2025-06-10 17:03:07,896 [s0-server-thread1] INFO  server.RaftServer$Division (RaftServerImpl.java:stepDownLeaderAsync(1293)) - s0@group-6876B2C99B77 receive stepDown leader request TransferLeadershipRequest:client-B00663968336->s0@group-6876B2C99B77, cid=40, seq=null, RO, null
2025-06-10 17:03:07,970 [s0@group-6876B2C99B77-FollowerState] INFO  impl.FollowerState (FollowerState.java:lostMajorityHeartbeatsRecently(113)) - s0@group-6876B2C99B77-FollowerState: Skipping leader election since it stepped down recently (elapsed = 7999ms < waitTime = 10s)
2025-06-10 17:03:07,999 [s0-server-thread1] INFO  server.RaftServer$Division (RaftServerImpl.java:stepDownLeaderAsync(1293)) - s0@group-6876B2C99B77 receive stepDown leader request TransferLeadershipRequest:client-B00663968336->s0@group-6876B2C99B77, cid=40, seq=null, RO, null
2025-06-10 17:03:08,102 [s0-server-thread1] INFO  server.RaftServer$Division (RaftServerImpl.java:stepDownLeaderAsync(1293)) - s0@group-6876B2C99B77 receive stepDown leader request TransferLeadershipRequest:client-B00663968336->s0@group-6876B2C99B77, cid=40, seq=null, RO, null
2025-06-10 17:03:08,205 [s0-server-thread1] INFO  server.RaftServer$Division (RaftServerImpl.java:stepDownLeaderAsync(1293)) - s0@group-6876B2C99B77 receive stepDown leader request TransferLeadershipRequest:client-B00663968336->s0@group-6876B2C99B77, cid=40, seq=null, RO, null
2025-06-10 17:03:08,215 [s0@group-6876B2C99B77-FollowerState] INFO  impl.FollowerState (FollowerState.java:lostMajorityHeartbeatsRecently(113)) - s0@group-6876B2C99B77-FollowerState: Skipping leader election since it stepped down recently (elapsed = 8244ms < waitTime = 10s)
2025-06-10 17:03:08,307 [s0-server-thread1] INFO  server.RaftServer$Division (RaftServerImpl.java:stepDownLeaderAsync(1293)) - s0@group-6876B2C99B77 receive stepDown leader request TransferLeadershipRequest:client-B00663968336->s0@group-6876B2C99B77, cid=40, seq=null, RO, null
2025-06-10 17:03:08,410 [s0-server-thread1] INFO  server.RaftServer$Division (RaftServerImpl.java:stepDownLeaderAsync(1293)) - s0@group-6876B2C99B77 receive stepDown leader request TransferLeadershipRequest:client-B00663968336->s0@group-6876B2C99B77, cid=40, seq=null, RO, null
2025-06-10 17:03:08,476 [s0@group-6876B2C99B77-FollowerState] INFO  impl.FollowerState (FollowerState.java:lostMajorityHeartbeatsRecently(113)) - s0@group-6876B2C99B77-FollowerState: Skipping leader election since it stepped down recently (elapsed = 8505ms < waitTime = 10s)
2025-06-10 17:03:08,512 [s0-server-thread1] INFO  server.RaftServer$Division (RaftServerImpl.java:stepDownLeaderAsync(1293)) - s0@group-6876B2C99B77 receive stepDown leader request TransferLeadershipRequest:client-B00663968336->s0@group-6876B2C99B77, cid=40, seq=null, RO, null
2025-06-10 17:03:08,615 [s0-server-thread1] INFO  server.RaftServer$Division (RaftServerImpl.java:stepDownLeaderAsync(1293)) - s0@group-6876B2C99B77 receive stepDown leader request TransferLeadershipRequest:client-B00663968336->s0@group-6876B2C99B77, cid=40, seq=null, RO, null
2025-06-10 17:03:08,674 [s0@group-6876B2C99B77-FollowerState] INFO  impl.FollowerState (FollowerState.java:lostMajorityHeartbeatsRecently(113)) - s0@group-6876B2C99B77-FollowerState: Skipping leader election since it stepped down recently (elapsed = 8703ms < waitTime = 10s)
2025-06-10 17:03:08,718 [s0-server-thread1] INFO  server.RaftServer$Division (RaftServerImpl.java:stepDownLeaderAsync(1293)) - s0@group-6876B2C99B77 receive stepDown leader request TransferLeadershipRequest:client-B00663968336->s0@group-6876B2C99B77, cid=40, seq=null, RO, null
2025-06-10 17:03:08,820 [s0-server-thread1] INFO  server.RaftServer$Division (RaftServerImpl.java:stepDownLeaderAsync(1293)) - s0@group-6876B2C99B77 receive stepDown leader request TransferLeadershipRequest:client-B00663968336->s0@group-6876B2C99B77, cid=40, seq=null, RO, null
2025-06-10 17:03:08,910 [s0@group-6876B2C99B77-FollowerState] INFO  impl.FollowerState (FollowerState.java:lostMajorityHeartbeatsRecently(113)) - s0@group-6876B2C99B77-FollowerState: Skipping leader election since it stepped down recently (elapsed = 8939ms < waitTime = 10s)
2025-06-10 17:03:08,923 [s0-server-thread1] INFO  server.RaftServer$Division (RaftServerImpl.java:stepDownLeaderAsync(1293)) - s0@group-6876B2C99B77 receive stepDown leader request TransferLeadershipRequest:client-B00663968336->s0@group-6876B2C99B77, cid=40, seq=null, RO, null
2025-06-10 17:03:09,025 [s0-server-thread1] INFO  server.RaftServer$Division (RaftServerImpl.java:stepDownLeaderAsync(1293)) - s0@group-6876B2C99B77 receive stepDown leader request TransferLeadershipRequest:client-B00663968336->s0@group-6876B2C99B77, cid=40, seq=null, RO, null
2025-06-10 17:03:09,116 [s0@group-6876B2C99B77-FollowerState] INFO  impl.FollowerState (FollowerState.java:lostMajorityHeartbeatsRecently(113)) - s0@group-6876B2C99B77-FollowerState: Skipping leader election since it stepped down recently (elapsed = 9145ms < waitTime = 10s)
2025-06-10 17:03:09,128 [s0-server-thread1] INFO  server.RaftServer$Division (RaftServerImpl.java:stepDownLeaderAsync(1293)) - s0@group-6876B2C99B77 receive stepDown leader request TransferLeadershipRequest:client-B00663968336->s0@group-6876B2C99B77, cid=40, seq=null, RO, null
2025-06-10 17:03:09,231 [s0-server-thread1] INFO  server.RaftServer$Division (RaftServerImpl.java:stepDownLeaderAsync(1293)) - s0@group-6876B2C99B77 receive stepDown leader request TransferLeadershipRequest:client-B00663968336->s0@group-6876B2C99B77, cid=40, seq=null, RO, null
2025-06-10 17:03:09,311 [s0@group-6876B2C99B77-FollowerState] INFO  impl.FollowerState (FollowerState.java:lostMajorityHeartbeatsRecently(113)) - s0@group-6876B2C99B77-FollowerState: Skipping leader election since it stepped down recently (elapsed = 9340ms < waitTime = 10s)
2025-06-10 17:03:09,333 [s0-server-thread1] INFO  server.RaftServer$Division (RaftServerImpl.java:stepDownLeaderAsync(1293)) - s0@group-6876B2C99B77 receive stepDown leader request TransferLeadershipRequest:client-B00663968336->s0@group-6876B2C99B77, cid=40, seq=null, RO, null
2025-06-10 17:03:09,436 [s0-server-thread1] INFO  server.RaftServer$Division (RaftServerImpl.java:stepDownLeaderAsync(1293)) - s0@group-6876B2C99B77 receive stepDown leader request TransferLeadershipRequest:client-B00663968336->s0@group-6876B2C99B77, cid=40, seq=null, RO, null
2025-06-10 17:03:09,501 [Timer-10] INFO  impl.MiniRaftCluster (MiniRaftCluster.java:lambda$null$7(351)) - TIMED-PRINT: printing ALL groups
  s0:  RUNNING  FOLLOWER (RUNNING): s0@group-6876B2C99B77:t1, leader=null, voted=s0, raftlog=Memoized:s0@group-6876B2C99B77-SegmentedRaftLog:OPENED:c0:last(t:1, i:0), conf=conf: {index: 4611686018427387903, cur=peers:[s0|localhost:15176, s1|0.0.0.0:15180]|listeners:[], old=peers:[s0|localhost:15176]|listeners:[]}
  s1:  RUNNING  FOLLOWER (STARTING): s1@group-6876B2C99B77:t0, leader=null, voted=, raftlog=Memoized:s1@group-6876B2C99B77-SegmentedRaftLog:OPENED:c-1:lastnull, conf=conf: {index: -1, cur=peers:[]|listeners:[], old=null}.
2025-06-10 17:03:09,539 [s0-server-thread1] INFO  server.RaftServer$Division (RaftServerImpl.java:stepDownLeaderAsync(1293)) - s0@group-6876B2C99B77 receive stepDown leader request TransferLeadershipRequest:client-B00663968336->s0@group-6876B2C99B77, cid=40, seq=null, RO, null
2025-06-10 17:03:09,569 [s0@group-6876B2C99B77-FollowerState] INFO  impl.FollowerState (FollowerState.java:lostMajorityHeartbeatsRecently(113)) - s0@group-6876B2C99B77-FollowerState: Skipping leader election since it stepped down recently (elapsed = 9599ms < waitTime = 10s)
2025-06-10 17:03:09,642 [s0-server-thread1] INFO  server.RaftServer$Division (RaftServerImpl.java:stepDownLeaderAsync(1293)) - s0@group-6876B2C99B77 receive stepDown leader request TransferLeadershipRequest:client-B00663968336->s0@group-6876B2C99B77, cid=40, seq=null, RO, null
2025-06-10 17:03:09,745 [s0-server-thread1] INFO  server.RaftServer$Division (RaftServerImpl.java:stepDownLeaderAsync(1293)) - s0@group-6876B2C99B77 receive stepDown leader request TransferLeadershipRequest:client-B00663968336->s0@group-6876B2C99B77, cid=40, seq=null, RO, null
2025-06-10 17:03:09,816 [s0@group-6876B2C99B77-FollowerState] INFO  impl.FollowerState (FollowerState.java:lostMajorityHeartbeatsRecently(113)) - s0@group-6876B2C99B77-FollowerState: Skipping leader election since it stepped down recently (elapsed = 9845ms < waitTime = 10s)
2025-06-10 17:03:09,848 [s0-server-thread1] INFO  server.RaftServer$Division (RaftServerImpl.java:stepDownLeaderAsync(1293)) - s0@group-6876B2C99B77 receive stepDown leader request TransferLeadershipRequest:client-B00663968336->s0@group-6876B2C99B77, cid=40, seq=null, RO, null
2025-06-10 17:03:09,951 [s0-server-thread1] INFO  server.RaftServer$Division (RaftServerImpl.java:stepDownLeaderAsync(1293)) - s0@group-6876B2C99B77 receive stepDown leader request TransferLeadershipRequest:client-B00663968336->s0@group-6876B2C99B77, cid=40, seq=null, RO, null
2025-06-10 17:03:10,022 [s0@group-6876B2C99B77-FollowerState] INFO  impl.FollowerState (FollowerState.java:runImpl(161)) - s0@group-6876B2C99B77-FollowerState: change to CANDIDATE, lastRpcElapsedTime:10051579374ns, electionTimeout:206ms
2025-06-10 17:03:10,022 [s0@group-6876B2C99B77-FollowerState] INFO  impl.RoleInfo (RoleInfo.java:shutdownFollowerState(121)) - s0: shutdown s0@group-6876B2C99B77-FollowerState
2025-06-10 17:03:10,022 [s0@group-6876B2C99B77-FollowerState] INFO  server.RaftServer$Division (RaftServerImpl.java:setRole(392)) - s0@group-6876B2C99B77: changes role from  FOLLOWER to CANDIDATE at term 1 for changeToCandidate
2025-06-10 17:03:10,022 [s0@group-6876B2C99B77-FollowerState] INFO  impl.RoleInfo (RoleInfo.java:updateAndGet(148)) - s0: start s0@group-6876B2C99B77-LeaderElection23
2025-06-10 17:03:10,023 [s0@group-6876B2C99B77-LeaderElection23] INFO  impl.LeaderElection (LeaderElection.java:askForVotes(448)) - s0@group-6876B2C99B77-LeaderElection23 PRE_VOTE round 0: submit vote requests at term 1 for conf: {index: 4611686018427387903, cur=peers:[s0|localhost:15176, s1|0.0.0.0:15180]|listeners:[], old=peers:[s0|localhost:15176]|listeners:[]}
2025-06-10 17:03:10,024 [s0@group-6876B2C99B77-LeaderElection23-1] INFO  server.GrpcServerProtocolClient (GrpcServerProtocolClient.java:<init>(65)) - Build channel for s1|0.0.0.0:15180
2025-06-10 17:03:10,028 [grpc-default-executor-4] INFO  server.RaftServer$Division (RaftServerImpl.java:requestVote(1421)) - s1@group-6876B2C99B77: receive requestVote(PRE_VOTE, s0, group-6876B2C99B77, 1, (t:1, i:0))
2025-06-10 17:03:10,029 [grpc-default-executor-4] WARN  server.GrpcServerProtocolService (LogUtils.java:warn(127)) - s1: Failed requestVote s0->s1#0: org.apache.ratis.protocol.exceptions.ServerNotReadyException: s1@group-6876B2C99B77 is not in [RUNNING]: current state is STARTING
2025-06-10 17:03:10,034 [s0@group-6876B2C99B77-LeaderElection23] INFO  impl.LeaderElection (LogUtils.java:infoOrTrace(142)) - s0@group-6876B2C99B77-LeaderElection23 got exception when requesting votes: java.util.concurrent.ExecutionException: org.apache.ratis.thirdparty.io.grpc.StatusRuntimeException: INTERNAL: s1@group-6876B2C99B77 is not in [RUNNING]: current state is STARTING
2025-06-10 17:03:10,034 [s0@group-6876B2C99B77-LeaderElection23] INFO  impl.LeaderElection (LeaderElection.java:logAndReturn(206)) - s0@group-6876B2C99B77-LeaderElection23: PRE_VOTE SINGLE_MODE_PASSED received 0 response(s) and 1 exception(s):
2025-06-10 17:03:10,034 [s0@group-6876B2C99B77-LeaderElection23] INFO  impl.LeaderElection (LogUtils.java:infoOrTrace(142)) -   Exception 0: java.util.concurrent.ExecutionException: org.apache.ratis.thirdparty.io.grpc.StatusRuntimeException: INTERNAL: s1@group-6876B2C99B77 is not in [RUNNING]: current state is STARTING
2025-06-10 17:03:10,034 [s0@group-6876B2C99B77-LeaderElection23] INFO  impl.LeaderElection (LeaderElection.java:askForVotes(450)) - s0@group-6876B2C99B77-LeaderElection23 PRE_VOTE round 0: result SINGLE_MODE_PASSED
2025-06-10 17:03:10,035 [s0@group-6876B2C99B77-LeaderElection23] TRACE util.FileUtils (LogUtils.java:supplyAndLog(69)) - Successfully supplied FileChannel.open /home/runner/work/ratis/ratis/ratis-test/target/test/data/38e4f167/MiniRaftClusterWithGrpce060a74a/s0/92259f10-065a-49b5-89af-6876b2c99b77/current/raft-meta.tmp with options [CREATE, TRUNCATE_EXISTING, WRITE]: sun.nio.ch.FileChannelImpl@41f481cb
2025-06-10 17:03:10,036 [s0@group-6876B2C99B77-LeaderElection23] TRACE util.FileUtils (LogUtils.java:runAndLog(49)) - Successfully ran Atomic Files.move /home/runner/work/ratis/ratis/ratis-test/target/test/data/38e4f167/MiniRaftClusterWithGrpce060a74a/s0/92259f10-065a-49b5-89af-6876b2c99b77/current/raft-meta.tmp to /home/runner/work/ratis/ratis/ratis-test/target/test/data/38e4f167/MiniRaftClusterWithGrpce060a74a/s0/92259f10-065a-49b5-89af-6876b2c99b77/current/raft-meta with options [REPLACE_EXISTING]
2025-06-10 17:03:10,037 [s0@group-6876B2C99B77-LeaderElection23] INFO  impl.LeaderElection (LeaderElection.java:askForVotes(448)) - s0@group-6876B2C99B77-LeaderElection23 ELECTION round 0: submit vote requests at term 2 for conf: {index: 4611686018427387903, cur=peers:[s0|localhost:15176, s1|0.0.0.0:15180]|listeners:[], old=peers:[s0|localhost:15176]|listeners:[]}
2025-06-10 17:03:10,039 [grpc-default-executor-4] INFO  server.RaftServer$Division (RaftServerImpl.java:requestVote(1421)) - s1@group-6876B2C99B77: receive requestVote(ELECTION, s0, group-6876B2C99B77, 2, (t:1, i:0))
2025-06-10 17:03:10,039 [grpc-default-executor-4] WARN  server.GrpcServerProtocolService (LogUtils.java:warn(127)) - s1: Failed requestVote s0->s1#0: org.apache.ratis.protocol.exceptions.ServerNotReadyException: s1@group-6876B2C99B77 is not in [RUNNING]: current state is STARTING
2025-06-10 17:03:10,041 [s0@group-6876B2C99B77-LeaderElection23] INFO  impl.LeaderElection (LogUtils.java:infoOrTrace(142)) - s0@group-6876B2C99B77-LeaderElection23 got exception when requesting votes: java.util.concurrent.ExecutionException: org.apache.ratis.thirdparty.io.grpc.StatusRuntimeException: INTERNAL: s1@group-6876B2C99B77 is not in [RUNNING]: current state is STARTING
2025-06-10 17:03:10,041 [s0@group-6876B2C99B77-LeaderElection23] INFO  impl.LeaderElection (LeaderElection.java:logAndReturn(206)) - s0@group-6876B2C99B77-LeaderElection23: ELECTION SINGLE_MODE_PASSED received 0 response(s) and 1 exception(s):
2025-06-10 17:03:10,041 [s0@group-6876B2C99B77-LeaderElection23] INFO  impl.LeaderElection (LogUtils.java:infoOrTrace(142)) -   Exception 0: java.util.concurrent.ExecutionException: org.apache.ratis.thirdparty.io.grpc.StatusRuntimeException: INTERNAL: s1@group-6876B2C99B77 is not in [RUNNING]: current state is STARTING
2025-06-10 17:03:10,041 [s0@group-6876B2C99B77-LeaderElection23] INFO  impl.LeaderElection (LeaderElection.java:askForVotes(450)) - s0@group-6876B2C99B77-LeaderElection23 ELECTION round 0: result SINGLE_MODE_PASSED
2025-06-10 17:03:10,042 [s0@group-6876B2C99B77-LeaderElection23] INFO  impl.RoleInfo (RoleInfo.java:shutdownLeaderElection(141)) - s0: shutdown s0@group-6876B2C99B77-LeaderElection23
2025-06-10 17:03:10,042 [s0@group-6876B2C99B77-LeaderElection23] INFO  server.RaftServer$Division (RaftServerImpl.java:setRole(392)) - s0@group-6876B2C99B77: changes role from CANDIDATE to LEADER at term 2 for changeToLeader
2025-06-10 17:03:10,042 [s0@group-6876B2C99B77-LeaderElection23] INFO  server.RaftServerConfigKeys (ConfUtils.java:logFallback(69)) - raft.server.staging.timeout = 900ms (fallback to raft.server.rpc.timeout.max)
2025-06-10 17:03:10,043 [s0@group-6876B2C99B77-LeaderElection23] INFO  impl.RoleInfo (RoleInfo.java:updateAndGet(148)) - s0: start s0@group-6876B2C99B77-LeaderStateImpl
2025-06-10 17:03:10,043 [s0@group-6876B2C99B77-LeaderElection23] INFO  server.RaftServer$Division (ServerState.java:setLeader(272)) - s0@group-6876B2C99B77: change Leader from null to s0 at term 2 for becomeLeader, leader elected after 10072ms
2025-06-10 17:03:10,043 [s0@group-6876B2C99B77-LeaderElection23] INFO  segmented.SegmentedRaftLogWorker (SegmentedRaftLogWorker.java:rollLogSegment(445)) - s0@group-6876B2C99B77-SegmentedRaftLogWorker: Rolling segment log-0_0 to index:0
2025-06-10 17:03:10,044 [s0@group-6876B2C99B77-LeaderElection23] INFO  server.RaftServer$Division (ServerState.java:setRaftConf(386)) - s0@group-6876B2C99B77: set configuration conf: {index: 1, cur=peers:[s0|localhost:15176, s1|0.0.0.0:15180]|listeners:[], old=null}
2025-06-10 17:03:10,046 [s0@group-6876B2C99B77-SegmentedRaftLogWorker] TRACE util.FileUtils (LogUtils.java:runAndLog(49)) - Successfully ran Atomic Files.move /home/runner/work/ratis/ratis/ratis-test/target/test/data/38e4f167/MiniRaftClusterWithGrpce060a74a/s0/92259f10-065a-49b5-89af-6876b2c99b77/current/log_inprogress_0 to /home/runner/work/ratis/ratis/ratis-test/target/test/data/38e4f167/MiniRaftClusterWithGrpce060a74a/s0/92259f10-065a-49b5-89af-6876b2c99b77/current/log_0-0
2025-06-10 17:03:10,046 [s0@group-6876B2C99B77-SegmentedRaftLogWorker] INFO  segmented.SegmentedRaftLogWorker (SegmentedRaftLogWorker.java:execute(604)) - s0@group-6876B2C99B77-SegmentedRaftLogWorker: Rolled log segment from /home/runner/work/ratis/ratis/ratis-test/target/test/data/38e4f167/MiniRaftClusterWithGrpce060a74a/s0/92259f10-065a-49b5-89af-6876b2c99b77/current/log_inprogress_0 to /home/runner/work/ratis/ratis/ratis-test/target/test/data/38e4f167/MiniRaftClusterWithGrpce060a74a/s0/92259f10-065a-49b5-89af-6876b2c99b77/current/log_0-0
2025-06-10 17:03:10,046 [s0@group-6876B2C99B77-SegmentedRaftLogWorker] INFO  segmented.BufferedWriteChannel (BufferedWriteChannel.java:open(61)) - open log_inprogress_1 at position 0
[...]
2025-06-10 17:03:54,680 [grpc-default-executor-7] WARN  server.GrpcServerProtocolService (LogUtils.java:warn(127)) - s1: APPEND_ENTRIES onError, lastRequest: null: org.apache.ratis.thirdparty.io.grpc.StatusRuntimeException: CANCELLED: client cancelled
2025-06-10 17:03:54,681 [grpc-default-executor-3] WARN  server.GrpcServerProtocolService (LogUtils.java:warn(127)) - s1: APPEND_ENTRIES onError, lastRequest: null: org.apache.ratis.thirdparty.io.grpc.StatusRuntimeException: CANCELLED: client cancelled
2025-06-10 17:03:54,681 [grpc-default-executor-6] WARN  server.GrpcServerProtocolService (LogUtils.java:warn(127)) - s1: APPEND_ENTRIES onError, lastRequest: null: org.apache.ratis.thirdparty.io.grpc.StatusRuntimeException: CANCELLED: client cancelled
2025-06-10 17:03:54,681 [s0@group-6876B2C99B77-cacheEviction-AwaitToRun] INFO  util.AwaitToRun (AwaitToRun.java:run(49)) - s0@group-6876B2C99B77-cacheEviction-AwaitToRun-AwaitForSignal is interrupted
2025-06-10 17:03:54,681 [grpc-default-executor-8] WARN  server.GrpcServerProtocolService (LogUtils.java:warn(127)) - s1: APPEND_ENTRIES onError, lastRequest: null: org.apache.ratis.thirdparty.io.grpc.StatusRuntimeException: CANCELLED: client cancelled
2025-06-10 17:03:54,681 [grpc-default-executor-8] WARN  server.GrpcServerProtocolService (LogUtils.java:warn(127)) - s1: APPEND_ENTRIES onError, lastRequest: null: org.apache.ratis.thirdparty.io.grpc.StatusRuntimeException: CANCELLED: client cancelled
2025-06-10 17:03:54,681 [grpc-default-executor-8] WARN  server.GrpcServerProtocolService (LogUtils.java:warn(127)) - s1: APPEND_ENTRIES onError, lastRequest: null: org.apache.ratis.thirdparty.io.grpc.StatusRuntimeException: CANCELLED: client cancelled
2025-06-10 17:03:54,682 [grpc-default-executor-5] WARN  server.GrpcServerProtocolService (LogUtils.java:warn(127)) - s1: APPEND_ENTRIES onError, lastRequest: null: org.apache.ratis.thirdparty.io.grpc.StatusRuntimeException: CANCELLED: client cancelled
2025-06-10 17:03:54,682 [grpc-default-executor-5] WARN  server.GrpcServerProtocolService (LogUtils.java:warn(127)) - s1: APPEND_ENTRIES onError, lastRequest: null: org.apache.ratis.thirdparty.io.grpc.StatusRuntimeException: CANCELLED: client cancelled
2025-06-10 17:03:54,682 [grpc-default-executor-4] WARN  server.GrpcServerProtocolService (LogUtils.java:warn(127)) - s1: APPEND_ENTRIES onError, lastRequest: null: org.apache.ratis.thirdparty.io.grpc.StatusRuntimeException: CANCELLED: client cancelled
2025-06-10 17:03:54,682 [grpc-default-executor-0] WARN  server.GrpcServerProtocolService (LogUtils.java:warn(127)) - s1: APPEND_ENTRIES onError, lastRequest: null: org.apache.ratis.thirdparty.io.grpc.StatusRuntimeException: CANCELLED: client cancelled
2025-06-10 17:03:54,682 [grpc-default-executor-7] WARN  server.GrpcServerProtocolService (LogUtils.java:warn(127)) - s1: APPEND_ENTRIES onError, lastRequest: null: org.apache.ratis.thirdparty.io.grpc.StatusRuntimeException: CANCELLED: client cancelled
2025-06-10 17:03:54,682 [grpc-default-executor-9] WARN  server.GrpcServerProtocolService (LogUtils.java:warn(127)) - s1: APPEND_ENTRIES onError, lastRequest: null: org.apache.ratis.thirdparty.io.grpc.StatusRuntimeException: CANCELLED: client cancelled
2025-06-10 17:03:54,683 [grpc-default-executor-7] WARN  server.GrpcServerProtocolService (LogUtils.java:warn(127)) - s1: APPEND_ENTRIES onError, lastRequest: null: org.apache.ratis.thirdparty.io.grpc.StatusRuntimeException: CANCELLED: client cancelled
2025-06-10 17:03:54,683 [grpc-default-executor-4] WARN  server.GrpcServerProtocolService (LogUtils.java:warn(127)) - s1: APPEND_ENTRIES onError, lastRequest: null: org.apache.ratis.thirdparty.io.grpc.StatusRuntimeException: CANCELLED: client cancelled
2025-06-10 17:03:54,683 [grpc-default-executor-0] WARN  server.GrpcServerProtocolService (LogUtils.java:warn(127)) - s1: APPEND_ENTRIES onError, lastRequest: null: org.apache.ratis.thirdparty.io.grpc.StatusRuntimeException: CANCELLED: client cancelled
2025-06-10 17:03:54,683 [grpc-default-executor-7] WARN  server.GrpcServerProtocolService (LogUtils.java:warn(127)) - s1: APPEND_ENTRIES onError, lastRequest: null: org.apache.ratis.thirdparty.io.grpc.StatusRuntimeException: CANCELLED: client cancelled
2025-06-10 17:03:54,683 [grpc-default-executor-2] WARN  server.GrpcServerProtocolService (LogUtils.java:warn(127)) - s1: APPEND_ENTRIES onError, lastRequest: null: org.apache.ratis.thirdparty.io.grpc.StatusRuntimeException: CANCELLED: client cancelled
2025-06-10 17:03:54,683 [grpc-default-executor-7] WARN  server.GrpcServerProtocolService (LogUtils.java:warn(127)) - s1: APPEND_ENTRIES onError, lastRequest: null: org.apache.ratis.thirdparty.io.grpc.StatusRuntimeException: CANCELLED: client cancelled
2025-06-10 17:03:54,683 [grpc-default-executor-9] WARN  server.GrpcServerProtocolService (LogUtils.java:warn(127)) - s1: APPEND_ENTRIES onError, lastRequest: null: org.apache.ratis.thirdparty.io.grpc.StatusRuntimeException: CANCELLED: client cancelled
2025-06-10 17:03:54,683 [grpc-default-executor-6] WARN  server.GrpcServerProtocolService (LogUtils.java:warn(127)) - s1: APPEND_ENTRIES onError, lastRequest: null: org.apache.ratis.thirdparty.io.grpc.StatusRuntimeException: CANCELLED: client cancelled
2025-06-10 17:03:54,683 [grpc-default-executor-8] WARN  server.GrpcServerProtocolService (LogUtils.java:warn(127)) - s1: APPEND_ENTRIES onError, lastRequest: null: org.apache.ratis.thirdparty.io.grpc.StatusRuntimeException: CANCELLED: client cancelled
2025-06-10 17:03:54,684 [grpc-default-executor-0] WARN  server.GrpcServerProtocolService (LogUtils.java:warn(127)) - s1: APPEND_ENTRIES onError, lastRequest: null: org.apache.ratis.thirdparty.io.grpc.StatusRuntimeException: CANCELLED: client cancelled
2025-06-10 17:03:54,684 [grpc-default-executor-0] WARN  server.GrpcServerProtocolService (LogUtils.java:warn(127)) - s1: APPEND_ENTRIES onError, lastRequest: null: org.apache.ratis.thirdparty.io.grpc.StatusRuntimeException: CANCELLED: client cancelled
2025-06-10 17:03:54,683 [grpc-default-executor-3] WARN  server.GrpcServerProtocolService (LogUtils.java:warn(127)) - s1: APPEND_ENTRIES onError, lastRequest: null: org.apache.ratis.thirdparty.io.grpc.StatusRuntimeException: CANCELLED: client cancelled
2025-06-10 17:03:54,684 [grpc-default-executor-1] WARN  server.GrpcServerProtocolService (LogUtils.java:warn(127)) - s1: APPEND_ENTRIES onError, lastRequest: null: org.apache.ratis.thirdparty.io.grpc.StatusRuntimeException: CANCELLED: client cancelled
2025-06-10 17:03:54,684 [grpc-default-executor-1] WARN  server.GrpcServerProtocolService (LogUtils.java:warn(127)) - s1: APPEND_ENTRIES onError, lastRequest: null: org.apache.ratis.thirdparty.io.grpc.StatusRuntimeException: CANCELLED: client cancelled
2025-06-10 17:03:54,684 [grpc-default-executor-8] WARN  server.GrpcServerProtocolService (LogUtils.java:warn(127)) - s1: APPEND_ENTRIES onError, lastRequest: null: org.apache.ratis.thirdparty.io.grpc.StatusRuntimeException: CANCELLED: client cancelled
2025-06-10 17:03:54,683 [grpc-default-executor-2] WARN  server.GrpcServerProtocolService (LogUtils.java:warn(127)) - s1: APPEND_ENTRIES onError, lastRequest: null: org.apache.ratis.thirdparty.io.grpc.StatusRuntimeException: CANCELLED: client cancelled
2025-06-10 17:03:54,684 [grpc-default-executor-9] WARN  server.GrpcServerProtocolService (LogUtils.java:warn(127)) - s1: APPEND_ENTRIES onError, lastRequest: null: org.apache.ratis.thirdparty.io.grpc.StatusRuntimeException: CANCELLED: client cancelled
2025-06-10 17:03:54,684 [grpc-default-executor-4] WARN  server.GrpcServerProtocolService (LogUtils.java:warn(127)) - s1: APPEND_ENTRIES onError, lastRequest: null: org.apache.ratis.thirdparty.io.grpc.StatusRuntimeException: CANCELLED: client cancelled
2025-06-10 17:03:54,685 [grpc-default-executor-0] WARN  server.GrpcServerProtocolService (LogUtils.java:warn(127)) - s1: APPEND_ENTRIES onError, lastRequest: null: org.apache.ratis.thirdparty.io.grpc.StatusRuntimeException: CANCELLED: client cancelled
2025-06-10 17:03:54,685 [grpc-default-executor-4] WARN  server.GrpcServerProtocolService (LogUtils.java:warn(127)) - s1: APPEND_ENTRIES onError, lastRequest: null: org.apache.ratis.thirdparty.io.grpc.StatusRuntimeException: CANCELLED: client cancelled
2025-06-10 17:03:54,685 [grpc-default-executor-0] WARN  server.GrpcServerProtocolService (LogUtils.java:warn(127)) - s1: APPEND_ENTRIES onError, lastRequest: null: org.apache.ratis.thirdparty.io.grpc.StatusRuntimeException: CANCELLED: client cancelled
2025-06-10 17:03:54,685 [grpc-default-executor-10] WARN  server.GrpcServerProtocolService (LogUtils.java:warn(127)) - s1: APPEND_ENTRIES onError, lastRequest: null: org.apache.ratis.thirdparty.io.grpc.StatusRuntimeException: CANCELLED: client cancelled
2025-06-10 17:03:54,687 [grpc-default-executor-8] WARN  server.GrpcServerProtocolService (LogUtils.java:warn(127)) - s1: APPEND_ENTRIES onError, lastRequest: null: org.apache.ratis.thirdparty.io.grpc.StatusRuntimeException: CANCELLED: client cancelled
2025-06-10 17:03:54,687 [grpc-default-executor-2] WARN  server.GrpcServerProtocolService (LogUtils.java:warn(127)) - s1: APPEND_ENTRIES onError, lastRequest: null: org.apache.ratis.thirdparty.io.grpc.StatusRuntimeException: CANCELLED: client cancelled
2025-06-10 17:03:54,687 [grpc-default-executor-9] WARN  server.GrpcServerProtocolService (LogUtils.java:warn(127)) - s1: APPEND_ENTRIES onError, lastRequest: null: org.apache.ratis.thirdparty.io.grpc.StatusRuntimeException: CANCELLED: client cancelled
2025-06-10 17:03:54,685 [grpc-default-executor-3] WARN  server.GrpcServerProtocolService (LogUtils.java:warn(127)) - s1: APPEND_ENTRIES onError, lastRequest: null: org.apache.ratis.thirdparty.io.grpc.StatusRuntimeException: CANCELLED: client cancelled
2025-06-10 17:03:54,687 [MiniRaftCluster-49] INFO  server.GrpcServicesImpl (GrpcServicesImpl.java:closeImpl(364)) - s1: shutdown server GrpcServerProtocolService successfully
2025-06-10 17:03:54,687 [grpc-default-executor-5] INFO  server.GrpcLogAppender (GrpcLogAppender.java:onError(545)) - s0@group-6876B2C99B77->s1-GrpcLogAppender is already stopped
2025-06-10 17:03:54,685 [grpc-default-executor-1] WARN  server.GrpcServerProtocolService (LogUtils.java:warn(127)) - s1: APPEND_ENTRIES onError, lastRequest: null: org.apache.ratis.thirdparty.io.grpc.StatusRuntimeException: CANCELLED: client cancelled
2025-06-10 17:03:54,687 [grpc-default-executor-9] INFO  server.GrpcLogAppender (GrpcLogAppender.java:onError(545)) - s0@group-6876B2C99B77->s1-GrpcLogAppender is already stopped
2025-06-10 17:03:54,687 [grpc-default-executor-4] INFO  server.GrpcLogAppender (GrpcLogAppender.java:onError(545)) - s0@group-6876B2C99B77->s1-GrpcLogAppender is already stopped
2025-06-10 17:03:54,688 [grpc-default-executor-8] INFO  server.GrpcLogAppender (GrpcLogAppender.java:onError(545)) - s0@group-6876B2C99B77->s1-GrpcLogAppender is already stopped
2025-06-10 17:03:54,687 [grpc-default-executor-7] INFO  server.GrpcLogAppender (GrpcLogAppender.java:onError(545)) - s0@group-6876B2C99B77->s1-GrpcLogAppender is already stopped
2025-06-10 17:03:54,687 [grpc-default-executor-0] INFO  server.GrpcLogAppender (GrpcLogAppender.java:onError(545)) - s0@group-6876B2C99B77->s1-GrpcLogAppender is already stopped
2025-06-10 17:03:54,687 [grpc-default-executor-6] INFO  server.GrpcLogAppender (GrpcLogAppender.java:onError(545)) - s0@group-6876B2C99B77->s1-GrpcLogAppender is already stopped
2025-06-10 17:03:54,688 [grpc-default-executor-2] INFO  server.GrpcLogAppender (GrpcLogAppender.java:onError(545)) - s0@group-6876B2C99B77->s1-GrpcLogAppender is already stopped
2025-06-10 17:03:54,688 [grpc-default-executor-10] INFO  server.GrpcLogAppender (GrpcLogAppender.java:onError(545)) - s0@group-6876B2C99B77->s1-GrpcLogAppender is already stopped
2025-06-10 17:03:54,688 [JvmPauseMonitor47] INFO  util.JvmPauseMonitor (JvmPauseMonitor.java:run(152)) - JvmPauseMonitor-s1: Stopped
2025-06-10 17:03:54,688 [grpc-default-executor-10] INFO  server.GrpcLogAppender (GrpcLogAppender.java:onError(545)) - s0@group-6876B2C99B77->s1-GrpcLogAppender is already stopped
2025-06-10 17:03:54,688 [grpc-default-executor-2] INFO  server.GrpcLogAppender (GrpcLogAppender.java:onError(545)) - s0@group-6876B2C99B77->s1-GrpcLogAppender is already stopped
2025-06-10 17:03:54,688 [grpc-default-executor-11] INFO  server.GrpcLogAppender (GrpcLogAppender.java:onError(545)) - s0@group-6876B2C99B77->s1-GrpcLogAppender is already stopped
2025-06-10 17:03:54,688 [grpc-default-executor-4] INFO  server.GrpcLogAppender (GrpcLogAppender.java:onError(545)) - s0@group-6876B2C99B77->s1-GrpcLogAppender is already stopped
2025-06-10 17:03:54,688 [grpc-default-executor-6] INFO  server.GrpcLogAppender (GrpcLogAppender.java:onError(545)) - s0@group-6876B2C99B77->s1-GrpcLogAppender is already stopped
2025-06-10 17:03:54,688 [grpc-default-executor-2] INFO  server.GrpcLogAppender (GrpcLogAppender.java:onError(545)) - s0@group-6876B2C99B77->s1-GrpcLogAppender is already stopped
2025-06-10 17:03:54,689 [grpc-default-executor-6] INFO  server.GrpcLogAppender (GrpcLogAppender.java:onError(545)) - s0@group-6876B2C99B77->s1-GrpcLogAppender is already stopped
2025-06-10 17:03:54,689 [grpc-default-executor-1] INFO  server.GrpcLogAppender (GrpcLogAppender.java:onError(545)) - s0@group-6876B2C99B77->s1-GrpcLogAppender is already stopped
2025-06-10 17:03:54,689 [grpc-default-executor-1] INFO  server.GrpcLogAppender (GrpcLogAppender.java:onError(545)) - s0@group-6876B2C99B77->s1-GrpcLogAppender is already stopped
2025-06-10 17:03:54,689 [grpc-default-executor-2] INFO  server.GrpcLogAppender (GrpcLogAppender.java:onError(545)) - s0@group-6876B2C99B77->s1-GrpcLogAppender is already stopped
2025-06-10 17:03:54,689 [grpc-default-executor-6] INFO  server.GrpcLogAppender (GrpcLogAppender.java:onError(545)) - s0@group-6876B2C99B77->s1-GrpcLogAppender is already stopped
2025-06-10 17:03:54,688 [grpc-default-executor-7] INFO  server.GrpcLogAppender (GrpcLogAppender.java:onError(545)) - s0@group-6876B2C99B77->s1-GrpcLogAppender is already stopped
2025-06-10 17:03:54,688 [grpc-default-executor-10] INFO  server.GrpcLogAppender (GrpcLogAppender.java:onError(545)) - s0@group-6876B2C99B77->s1-GrpcLogAppender is already stopped
2025-06-10 17:03:54,688 [grpc-default-executor-8] INFO  server.GrpcLogAppender (GrpcLogAppender.java:onError(545)) - s0@group-6876B2C99B77->s1-GrpcLogAppender is already stopped
2025-06-10 17:03:54,689 [grpc-default-executor-5] INFO  server.GrpcLogAppender (GrpcLogAppender.java:onError(545)) - s0@group-6876B2C99B77->s1-GrpcLogAppender is already stopped
2025-06-10 17:03:54,689 [grpc-default-executor-10] INFO  server.GrpcLogAppender (GrpcLogAppender.java:onError(545)) - s0@group-6876B2C99B77->s1-GrpcLogAppender is already stopped
2025-06-10 17:03:54,689 [grpc-default-executor-6] INFO  server.GrpcLogAppender (GrpcLogAppender.java:onError(545)) - s0@group-6876B2C99B77->s1-GrpcLogAppender is already stopped
2025-06-10 17:03:54,689 [grpc-default-executor-7] INFO  server.GrpcLogAppender (GrpcLogAppender.java:onError(545)) - s0@group-6876B2C99B77->s1-GrpcLogAppender is already stopped
2025-06-10 17:03:54,689 [grpc-default-executor-4] INFO  server.GrpcLogAppender (GrpcLogAppender.java:onError(545)) - s0@group-6876B2C99B77->s1-GrpcLogAppender is already stopped
2025-06-10 17:03:54,690 [grpc-default-executor-0] INFO  server.GrpcLogAppender (GrpcLogAppender.java:onError(545)) - s0@group-6876B2C99B77->s1-GrpcLogAppender is already stopped
2025-06-10 17:03:54,689 [grpc-default-executor-12] INFO  server.GrpcLogAppender (GrpcLogAppender.java:onError(545)) - s0@group-6876B2C99B77->s1-GrpcLogAppender is already stopped
2025-06-10 17:03:54,690 [grpc-default-executor-12] INFO  server.GrpcLogAppender (GrpcLogAppender.java:onError(545)) - s0@group-6876B2C99B77->s1-GrpcLogAppender is already stopped
2025-06-10 17:03:54,689 [grpc-default-executor-3] INFO  server.GrpcLogAppender (GrpcLogAppender.java:onError(545)) - s0@group-6876B2C99B77->s1-GrpcLogAppender is already stopped
2025-06-10 17:03:54,689 [grpc-default-executor-11] INFO  server.GrpcLogAppender (GrpcLogAppender.java:onError(545)) - s0@group-6876B2C99B77->s1-GrpcLogAppender is already stopped
2025-06-10 17:03:54,688 [grpc-default-executor-9] INFO  server.GrpcLogAppender (GrpcLogAppender.java:onError(545)) - s0@group-6876B2C99B77->s1-GrpcLogAppender is already stopped
2025-06-10 17:03:54,691 [grpc-default-executor-11] INFO  server.GrpcLogAppender (GrpcLogAppender.java:onError(545)) - s0@group-6876B2C99B77->s1-GrpcLogAppender is already stopped
2025-06-10 17:03:54,691 [grpc-default-executor-3] INFO  server.GrpcLogAppender (GrpcLogAppender.java:onError(545)) - s0@group-6876B2C99B77->s1-GrpcLogAppender is already stopped
2025-06-10 17:03:54,692 [grpc-default-executor-12] INFO  server.GrpcLogAppender (GrpcLogAppender.java:onError(545)) - s0@group-6876B2C99B77->s1-GrpcLogAppender is already stopped
2025-06-10 17:03:54,692 [grpc-default-executor-11] INFO  server.GrpcLogAppender (GrpcLogAppender.java:onError(545)) - s0@group-6876B2C99B77->s1-GrpcLogAppender is already stopped
2025-06-10 17:03:54,693 [grpc-default-executor-3] INFO  server.GrpcLogAppender (GrpcLogAppender.java:onError(545)) - s0@group-6876B2C99B77->s1-GrpcLogAppender is already stopped
2025-06-10 17:03:54,693 [grpc-default-executor-11] INFO  server.GrpcLogAppender (GrpcLogAppender.java:onError(545)) - s0@group-6876B2C99B77->s1-GrpcLogAppender is already stopped
2025-06-10 17:03:54,694 [MiniRaftCluster-48] INFO  server.GrpcServicesImpl (GrpcServicesImpl.java:closeImpl(364)) - s0: shutdown server org.apache.ratis.grpc.server.GrpcClientProtocolService successfully
2025-06-10 17:03:54,694 [MiniRaftCluster-48] INFO  server.GrpcServicesImpl (GrpcServicesImpl.java:closeImpl(355)) - s0: shutdown server GrpcServerProtocolService now
2025-06-10 17:03:54,695 [MiniRaftCluster-48] INFO  server.GrpcServicesImpl (GrpcServicesImpl.java:closeImpl(364)) - s0: shutdown server GrpcServerProtocolService successfully
2025-06-10 17:03:54,695 [MiniRaftCluster-48] INFO  server.GrpcServicesImpl (GrpcServicesImpl.java:closeImpl(355)) - s0: shutdown server org.apache.ratis.grpc.server.GrpcAdminProtocolService now
2025-06-10 17:03:54,696 [MiniRaftCluster-48] INFO  server.GrpcServicesImpl (GrpcServicesImpl.java:closeImpl(364)) - s0: shutdown server org.apache.ratis.grpc.server.GrpcAdminProtocolService successfully
2025-06-10 17:03:54,736 [s0-impl-thread1] INFO  segmented.SegmentedRaftLogWorker (SegmentedRaftLogWorker.java:close(254)) - s0@group-6876B2C99B77-SegmentedRaftLogWorker close()
2025-06-10 17:03:54,737 [JvmPauseMonitor46] INFO  util.JvmPauseMonitor (JvmPauseMonitor.java:run(152)) - JvmPauseMonitor-s0: Stopped
2025-06-10 17:03:54,737 [main] INFO  impl.MiniRaftCluster (MiniRaftCluster.java:shutdown(860)) - MiniRaftClusterWithGrpc shutdown completed
]]></system-out>
  </testcase>
  <testcase name="testOverlappedSetConfRequests" classname="org.apache.ratis.grpc.TestRaftReconfigurationWithGrpc" time="11.166"/>
  <testcase name="testRestorePriority" classname="org.apache.ratis.grpc.TestRaftReconfigurationWithGrpc" time="2.827"/>
  <testcase name="testSetConfigurationInCasMode" classname="org.apache.ratis.grpc.TestRaftReconfigurationWithGrpc" time="1.698"/>
  <testcase name="testReconfTwice" classname="org.apache.ratis.grpc.TestRaftReconfigurationWithGrpc" time="2.026"/>
  <testcase name="testReconfTimeout" classname="org.apache.ratis.grpc.TestRaftReconfigurationWithGrpc" time="3.112"/>
  <testcase name="testBootstrapReconfWithSingleNodeAddOne" classname="org.apache.ratis.grpc.TestRaftReconfigurationWithGrpc" time="2.573"/>
  <testcase name="testBootstrapReconfWithSingleNodeAddTwo" classname="org.apache.ratis.grpc.TestRaftReconfigurationWithGrpc" time="1.483"/>
</testsuite>