-------------------------------------------------------------------------------
Test set: org.apache.ratis.grpc.TestRaftLogTruncateWithGrpc
-------------------------------------------------------------------------------
Tests run: 1, Failures: 1, Errors: 0, Skipped: 0, Time elapsed: 10.967 s <<< FAILURE! - in org.apache.ratis.grpc.TestRaftLogTruncateWithGrpc
org.apache.ratis.grpc.TestRaftLogTruncateWithGrpc.testLogTruncate  Time elapsed: 10.855 s  <<< FAILURE!
org.opentest4j.AssertionFailedError: s3 TransactionContextMap is non-empty: {(t:2, i:9)=Memoized:org.apache.ratis.statemachine.impl.TransactionContextImpl@2fd953a6} ==> expected: <true> but was: <false>
	at org.apache.ratis.RaftLogTruncateTests.assertEmptyTransactionContextMap(RaftLogTruncateTests.java:244)
	at org.apache.ratis.RaftLogTruncateTests.runTestLogTruncate(RaftLogTruncateTests.java:148)
	at org.apache.ratis.RaftLogTruncateTests.runTestLogTruncate(RaftLogTruncateTests.java:116)
	at org.apache.ratis.server.impl.MiniRaftCluster$Factory$Get.runWithNewCluster(MiniRaftCluster.java:144)
	at org.apache.ratis.server.impl.MiniRaftCluster$Factory$Get.runWithNewCluster(MiniRaftCluster.java:121)
	at org.apache.ratis.RaftLogTruncateTests.testLogTruncate(RaftLogTruncateTests.java:94)
	at java.lang.reflect.Method.invoke(Method.java:498)
	at java.util.ArrayList.forEach(ArrayList.java:1259)
	at java.util.ArrayList.forEach(ArrayList.java:1259)

