2023-08-27 11:16:32,330 [main] INFO  util.LogUtils (Slf4jUtils.java:setLogLevel(38)) - Successfully set org.apache.ratis.conf.ConfUtils log level to WARN
2023-08-27 11:16:32,333 [main] INFO  util.LogUtils (Slf4jUtils.java:setLogLevel(38)) - Successfully set org.apache.ratis.util.FileUtils log level to TRACE
2023-08-27 11:16:32,366 [Time-limited test] INFO  storage.RaftStorageDirectory (RaftStorageDirectoryImpl.java:analyzeStorage(138)) - The storage directory /home/runner/work/ratis/ratis/ratis-test/target/test/data/29e39a3a/TestRaftStorage/testCleanMetaTmpFile does not exist. Creating ...
2023-08-27 11:16:32,368 [Time-limited test] TRACE util.FileUtils (LogUtils.java:runAndLog(49)) - Successfully ran Files.createDirectories target/test/data/29e39a3a/TestRaftStorage/testCleanMetaTmpFile
2023-08-27 11:16:32,374 [Time-limited test] INFO  storage.RaftStorageDirectory (RaftStorageDirectoryImpl.java:tryLock(232)) - Lock on target/test/data/29e39a3a/TestRaftStorage/testCleanMetaTmpFile/in_use.lock acquired by nodename 2428@fv-az245-795
2023-08-27 11:16:32,375 [Time-limited test] TRACE util.FileUtils (LogUtils.java:runAndLog(49)) - Successfully ran Files.createDirectories target/test/data/29e39a3a/TestRaftStorage/testCleanMetaTmpFile/current
2023-08-27 11:16:32,376 [Time-limited test] TRACE util.FileUtils (LogUtils.java:runAndLog(49)) - Successfully ran Files.createDirectories target/test/data/29e39a3a/TestRaftStorage/testCleanMetaTmpFile/sm
2023-08-27 11:16:32,415 [Time-limited test] INFO  storage.RaftStorage (RaftStorageImpl.java:format(97)) - Storage directory target/test/data/29e39a3a/TestRaftStorage/testCleanMetaTmpFile has been successfully formatted.
2023-08-27 11:16:32,416 [Time-limited test] TRACE util.FileUtils (LogUtils.java:runAndLog(49)) - Successfully ran Atomic Files.move target/test/data/29e39a3a/TestRaftStorage/testCleanMetaTmpFile/current/raft-meta to target/test/data/29e39a3a/TestRaftStorage/testCleanMetaTmpFile/current/raft-meta.tmp
2023-08-27 11:16:32,418 [Time-limited test] INFO  storage.RaftStorageDirectory (RaftStorageDirectoryImpl.java:tryLock(232)) - Lock on target/test/data/29e39a3a/TestRaftStorage/testCleanMetaTmpFile/in_use.lock acquired by nodename 2428@fv-az245-795
2023-08-27 11:16:32,420 [Time-limited test] INFO  storage.RaftStorageDirectory (RaftStorageDirectoryImpl.java:clearDirectory(90)) - target/test/data/29e39a3a/TestRaftStorage/testCleanMetaTmpFile/current already exists.  Deleting it ...
2023-08-27 11:16:32,420 [Time-limited test] TRACE util.FileUtils (FileUtils.java:deleteFully(201)) - deleteFully target/test/data/29e39a3a/TestRaftStorage/testCleanMetaTmpFile/current
2023-08-27 11:16:32,422 [Time-limited test] TRACE util.FileUtils (LogUtils.java:runAndLog(49)) - Successfully ran Files.delete target/test/data/29e39a3a/TestRaftStorage/testCleanMetaTmpFile/current
2023-08-27 11:16:32,422 [Time-limited test] TRACE util.FileUtils (LogUtils.java:runAndLog(49)) - Successfully ran Files.createDirectories target/test/data/29e39a3a/TestRaftStorage/testCleanMetaTmpFile/current
2023-08-27 11:16:32,422 [Time-limited test] INFO  storage.RaftStorageDirectory (RaftStorageDirectoryImpl.java:clearDirectory(90)) - target/test/data/29e39a3a/TestRaftStorage/testCleanMetaTmpFile/sm already exists.  Deleting it ...
2023-08-27 11:16:32,422 [Time-limited test] TRACE util.FileUtils (FileUtils.java:deleteFully(201)) - deleteFully target/test/data/29e39a3a/TestRaftStorage/testCleanMetaTmpFile/sm
2023-08-27 11:16:32,422 [Time-limited test] TRACE util.FileUtils (LogUtils.java:runAndLog(49)) - Successfully ran Files.delete target/test/data/29e39a3a/TestRaftStorage/testCleanMetaTmpFile/sm
2023-08-27 11:16:32,423 [Time-limited test] TRACE util.FileUtils (LogUtils.java:runAndLog(49)) - Successfully ran Files.createDirectories target/test/data/29e39a3a/TestRaftStorage/testCleanMetaTmpFile/sm
2023-08-27 11:16:32,424 [Time-limited test] INFO  storage.RaftStorage (RaftStorageImpl.java:format(97)) - Storage directory target/test/data/29e39a3a/TestRaftStorage/testCleanMetaTmpFile has been successfully formatted.
2023-08-27 11:16:32,426 [Time-limited test] INFO  storage.RaftStorageDirectory (RaftStorageDirectoryImpl.java:tryLock(232)) - Lock on target/test/data/29e39a3a/TestRaftStorage/testCleanMetaTmpFile/in_use.lock acquired by nodename 2428@fv-az245-795
2023-08-27 11:16:32,427 [Time-limited test] INFO  storage.RaftStorage (RaftStorageImpl.java:analyzeAndRecoverStorage(117)) - Read RaftStorageMetadata{term=0, votedFor=} from target/test/data/29e39a3a/TestRaftStorage/testCleanMetaTmpFile/current/raft-meta
2023-08-27 11:16:32,428 [Time-limited test] TRACE util.FileUtils (FileUtils.java:deleteFully(201)) - deleteFully target/test/data/29e39a3a/TestRaftStorage
2023-08-27 11:16:32,428 [Time-limited test] TRACE util.FileUtils (LogUtils.java:runAndLog(49)) - Successfully ran Files.delete target/test/data/29e39a3a/TestRaftStorage/testCleanMetaTmpFile/in_use.lock
2023-08-27 11:16:32,428 [Time-limited test] TRACE util.FileUtils (LogUtils.java:runAndLog(49)) - Successfully ran Files.delete target/test/data/29e39a3a/TestRaftStorage/testCleanMetaTmpFile/current/raft-meta
2023-08-27 11:16:32,429 [Time-limited test] TRACE util.FileUtils (LogUtils.java:runAndLog(49)) - Successfully ran Files.delete target/test/data/29e39a3a/TestRaftStorage/testCleanMetaTmpFile/current
2023-08-27 11:16:32,429 [Time-limited test] TRACE util.FileUtils (LogUtils.java:runAndLog(49)) - Successfully ran Files.delete target/test/data/29e39a3a/TestRaftStorage/testCleanMetaTmpFile/sm
2023-08-27 11:16:32,429 [Time-limited test] TRACE util.FileUtils (LogUtils.java:runAndLog(49)) - Successfully ran Files.delete target/test/data/29e39a3a/TestRaftStorage/testCleanMetaTmpFile
2023-08-27 11:16:32,429 [Time-limited test] TRACE util.FileUtils (LogUtils.java:runAndLog(49)) - Successfully ran Files.delete target/test/data/29e39a3a/TestRaftStorage
2023-08-27 11:16:32,431 [main] INFO  util.LogUtils (Slf4jUtils.java:setLogLevel(38)) - Successfully set org.apache.ratis.conf.ConfUtils log level to WARN
2023-08-27 11:16:32,431 [main] INFO  util.LogUtils (Slf4jUtils.java:setLogLevel(38)) - Successfully set org.apache.ratis.util.FileUtils log level to TRACE
name = snapshot.6329193502860937946_6598853081466984621
file = target/test/data/29e39a3a/TestRaftStorage/testSnapshotFileName/snapshot.6329193502860937946_6598853081466984621
ti = (t:6329193502860937946, i:6598853081466984621)
Good java.lang.IllegalArgumentException: File "target/test/data/29e39a3a/TestRaftStorage/testSnapshotFileName/foo" does not match snapshot file name pattern "snapshot\.(\d+)_(\d+)"
2023-08-27 11:16:32,444 [Time-limited test] TRACE util.FileUtils (FileUtils.java:deleteFully(201)) - deleteFully target/test/data/29e39a3a/TestRaftStorage
2023-08-27 11:16:32,445 [Time-limited test] TRACE util.FileUtils (FileUtils.java:deleteFully(217)) - deleteFully: target/test/data/29e39a3a/TestRaftStorage does not exist.
2023-08-27 11:16:32,446 [main] INFO  util.LogUtils (Slf4jUtils.java:setLogLevel(38)) - Successfully set org.apache.ratis.conf.ConfUtils log level to WARN
2023-08-27 11:16:32,446 [main] INFO  util.LogUtils (Slf4jUtils.java:setLogLevel(38)) - Successfully set org.apache.ratis.util.FileUtils log level to TRACE
2023-08-27 11:16:33,908 [Time-limited test] INFO  storage.RaftStorageDirectory (RaftStorageDirectoryImpl.java:analyzeStorage(138)) - The storage directory /home/runner/work/ratis/ratis/ratis-test/target/test/data/29e39a3a/TestRaftStorage/testNotEnoughSpace does not exist. Creating ...
2023-08-27 11:16:33,909 [Time-limited test] TRACE util.FileUtils (LogUtils.java:runAndLog(49)) - Successfully ran Files.createDirectories target/test/data/29e39a3a/TestRaftStorage/testNotEnoughSpace
2023-08-27 11:16:33,921 [Time-limited test] WARN  storage.RaftStorageDirectory (RaftStorageDirectoryImpl.java:analyzeStorage(161)) - There are not enough space left for directory /home/runner/work/ratis/ratis/ratis-test/target/test/data/29e39a3a/TestRaftStorage/testNotEnoughSpace free space min required: 100M (=104857600) free space actual: 100
2023-08-27 11:16:33,922 [Time-limited test] TRACE util.FileUtils (FileUtils.java:deleteFully(201)) - deleteFully target/test/data/29e39a3a/TestRaftStorage
2023-08-27 11:16:33,923 [Time-limited test] TRACE util.FileUtils (LogUtils.java:runAndLog(49)) - Successfully ran Files.delete target/test/data/29e39a3a/TestRaftStorage/testNotEnoughSpace
2023-08-27 11:16:33,925 [Time-limited test] TRACE util.FileUtils (LogUtils.java:runAndLog(49)) - Successfully ran Files.delete target/test/data/29e39a3a/TestRaftStorage
2023-08-27 11:16:33,925 [main] INFO  util.LogUtils (Slf4jUtils.java:setLogLevel(38)) - Successfully set org.apache.ratis.conf.ConfUtils log level to WARN
2023-08-27 11:16:33,926 [main] INFO  util.LogUtils (Slf4jUtils.java:setLogLevel(38)) - Successfully set org.apache.ratis.util.FileUtils log level to TRACE
2023-08-27 11:16:33,929 [Time-limited test] INFO  storage.RaftStorageDirectory (RaftStorageDirectoryImpl.java:analyzeStorage(138)) - The storage directory /home/runner/work/ratis/ratis/ratis-test/target/test/data/29e39a3a/TestRaftStorage/testMetaFile does not exist. Creating ...
2023-08-27 11:16:33,930 [Time-limited test] TRACE util.FileUtils (LogUtils.java:runAndLog(49)) - Successfully ran Files.createDirectories target/test/data/29e39a3a/TestRaftStorage/testMetaFile
2023-08-27 11:16:33,933 [Time-limited test] INFO  storage.RaftStorageDirectory (RaftStorageDirectoryImpl.java:tryLock(232)) - Lock on target/test/data/29e39a3a/TestRaftStorage/testMetaFile/in_use.lock acquired by nodename 2428@fv-az245-795
2023-08-27 11:16:33,933 [Time-limited test] TRACE util.FileUtils (LogUtils.java:runAndLog(49)) - Successfully ran Files.createDirectories target/test/data/29e39a3a/TestRaftStorage/testMetaFile/current
2023-08-27 11:16:33,934 [Time-limited test] TRACE util.FileUtils (LogUtils.java:runAndLog(49)) - Successfully ran Files.createDirectories target/test/data/29e39a3a/TestRaftStorage/testMetaFile/sm
2023-08-27 11:16:33,937 [Time-limited test] INFO  storage.RaftStorage (RaftStorageImpl.java:format(97)) - Storage directory target/test/data/29e39a3a/TestRaftStorage/testMetaFile has been successfully formatted.
2023-08-27 11:16:33,943 [Time-limited test] TRACE util.FileUtils (FileUtils.java:deleteFully(201)) - deleteFully target/test/data/29e39a3a/TestRaftStorage
2023-08-27 11:16:33,943 [Time-limited test] TRACE util.FileUtils (LogUtils.java:runAndLog(49)) - Successfully ran Files.delete target/test/data/29e39a3a/TestRaftStorage/testMetaFile/in_use.lock
2023-08-27 11:16:33,944 [Time-limited test] TRACE util.FileUtils (LogUtils.java:runAndLog(49)) - Successfully ran Files.delete target/test/data/29e39a3a/TestRaftStorage/testMetaFile/current/raft-meta
2023-08-27 11:16:33,944 [Time-limited test] TRACE util.FileUtils (LogUtils.java:runAndLog(49)) - Successfully ran Files.delete target/test/data/29e39a3a/TestRaftStorage/testMetaFile/current
2023-08-27 11:16:33,944 [Time-limited test] TRACE util.FileUtils (LogUtils.java:runAndLog(49)) - Successfully ran Files.delete target/test/data/29e39a3a/TestRaftStorage/testMetaFile/sm
2023-08-27 11:16:33,944 [Time-limited test] TRACE util.FileUtils (LogUtils.java:runAndLog(49)) - Successfully ran Files.delete target/test/data/29e39a3a/TestRaftStorage/testMetaFile
2023-08-27 11:16:33,945 [Time-limited test] TRACE util.FileUtils (LogUtils.java:runAndLog(49)) - Successfully ran Files.delete target/test/data/29e39a3a/TestRaftStorage
2023-08-27 11:16:33,945 [main] INFO  util.LogUtils (Slf4jUtils.java:setLogLevel(38)) - Successfully set org.apache.ratis.conf.ConfUtils log level to WARN
2023-08-27 11:16:33,945 [main] INFO  util.LogUtils (Slf4jUtils.java:setLogLevel(38)) - Successfully set org.apache.ratis.util.FileUtils log level to TRACE
2023-08-27 11:16:33,950 [Time-limited test] INFO  storage.RaftStorageDirectory (RaftStorageDirectoryImpl.java:analyzeStorage(138)) - The storage directory /home/runner/work/ratis/ratis/ratis-test/target/test/data/29e39a3a/TestRaftStorage/testSnapshotCleanup does not exist. Creating ...
2023-08-27 11:16:33,950 [Time-limited test] TRACE util.FileUtils (LogUtils.java:runAndLog(49)) - Successfully ran Files.createDirectories target/test/data/29e39a3a/TestRaftStorage/testSnapshotCleanup
2023-08-27 11:16:33,955 [Time-limited test] INFO  storage.RaftStorageDirectory (RaftStorageDirectoryImpl.java:tryLock(232)) - Lock on target/test/data/29e39a3a/TestRaftStorage/testSnapshotCleanup/in_use.lock acquired by nodename 2428@fv-az245-795
2023-08-27 11:16:33,956 [Time-limited test] TRACE util.FileUtils (LogUtils.java:runAndLog(49)) - Successfully ran Files.createDirectories target/test/data/29e39a3a/TestRaftStorage/testSnapshotCleanup/current
2023-08-27 11:16:33,956 [Time-limited test] TRACE util.FileUtils (LogUtils.java:runAndLog(49)) - Successfully ran Files.createDirectories target/test/data/29e39a3a/TestRaftStorage/testSnapshotCleanup/sm
2023-08-27 11:16:33,958 [Time-limited test] INFO  storage.RaftStorage (RaftStorageImpl.java:format(97)) - Storage directory target/test/data/29e39a3a/TestRaftStorage/testSnapshotCleanup has been successfully formatted.
2023-08-27 11:16:33,961 [Time-limited test] TRACE util.FileUtils (FileUtils.java:deleteFully(201)) - deleteFully target/test/data/29e39a3a/TestRaftStorage
2023-08-27 11:16:33,961 [Time-limited test] TRACE util.FileUtils (LogUtils.java:runAndLog(49)) - Successfully ran Files.delete target/test/data/29e39a3a/TestRaftStorage/testSnapshotCleanup/in_use.lock
2023-08-27 11:16:33,961 [Time-limited test] TRACE util.FileUtils (LogUtils.java:runAndLog(49)) - Successfully ran Files.delete target/test/data/29e39a3a/TestRaftStorage/testSnapshotCleanup/current/raft-meta
2023-08-27 11:16:33,962 [Time-limited test] TRACE util.FileUtils (LogUtils.java:runAndLog(49)) - Successfully ran Files.delete target/test/data/29e39a3a/TestRaftStorage/testSnapshotCleanup/current
2023-08-27 11:16:33,962 [Time-limited test] TRACE util.FileUtils (LogUtils.java:runAndLog(49)) - Successfully ran Files.delete target/test/data/29e39a3a/TestRaftStorage/testSnapshotCleanup/sm/snapshot.9_136
2023-08-27 11:16:33,962 [Time-limited test] TRACE util.FileUtils (LogUtils.java:runAndLog(49)) - Successfully ran Files.delete target/test/data/29e39a3a/TestRaftStorage/testSnapshotCleanup/sm/snapshot.6_738
2023-08-27 11:16:33,962 [Time-limited test] TRACE util.FileUtils (LogUtils.java:runAndLog(49)) - Successfully ran Files.delete target/test/data/29e39a3a/TestRaftStorage/testSnapshotCleanup/sm/snapshot.9_717
2023-08-27 11:16:33,962 [Time-limited test] TRACE util.FileUtils (LogUtils.java:runAndLog(49)) - Successfully ran Files.delete target/test/data/29e39a3a/TestRaftStorage/testSnapshotCleanup/sm/snapshot.3_796
2023-08-27 11:16:33,962 [Time-limited test] TRACE util.FileUtils (LogUtils.java:runAndLog(49)) - Successfully ran Files.delete target/test/data/29e39a3a/TestRaftStorage/testSnapshotCleanup/sm/snapshot.7_194
2023-08-27 11:16:33,962 [Time-limited test] TRACE util.FileUtils (LogUtils.java:runAndLog(49)) - Successfully ran Files.delete target/test/data/29e39a3a/TestRaftStorage/testSnapshotCleanup/sm/snapshot.1_6.md5
2023-08-27 11:16:33,963 [Time-limited test] TRACE util.FileUtils (LogUtils.java:runAndLog(49)) - Successfully ran Files.delete target/test/data/29e39a3a/TestRaftStorage/testSnapshotCleanup/sm
2023-08-27 11:16:33,963 [Time-limited test] TRACE util.FileUtils (LogUtils.java:runAndLog(49)) - Successfully ran Files.delete target/test/data/29e39a3a/TestRaftStorage/testSnapshotCleanup
2023-08-27 11:16:33,963 [Time-limited test] TRACE util.FileUtils (LogUtils.java:runAndLog(49)) - Successfully ran Files.delete target/test/data/29e39a3a/TestRaftStorage
2023-08-27 11:16:33,969 [main] INFO  util.LogUtils (Slf4jUtils.java:setLogLevel(38)) - Successfully set org.apache.ratis.conf.ConfUtils log level to WARN
2023-08-27 11:16:33,970 [main] INFO  util.LogUtils (Slf4jUtils.java:setLogLevel(38)) - Successfully set org.apache.ratis.util.FileUtils log level to TRACE
2023-08-27 11:16:33,980 [Time-limited test] TRACE util.FileUtils (FileUtils.java:deleteFully(201)) - deleteFully target/test/data/29e39a3a/TestRaftStorage/testNotExistent
2023-08-27 11:16:33,981 [Time-limited test] TRACE util.FileUtils (FileUtils.java:deleteFully(217)) - deleteFully: target/test/data/29e39a3a/TestRaftStorage/testNotExistent does not exist.
2023-08-27 11:16:33,981 [Time-limited test] INFO  storage.RaftStorageDirectory (RaftStorageDirectoryImpl.java:analyzeStorage(138)) - The storage directory /home/runner/work/ratis/ratis/ratis-test/target/test/data/29e39a3a/TestRaftStorage/testNotExistent does not exist. Creating ...
2023-08-27 11:16:33,981 [Time-limited test] TRACE util.FileUtils (LogUtils.java:runAndLog(49)) - Successfully ran Files.createDirectories target/test/data/29e39a3a/TestRaftStorage/testNotExistent
2023-08-27 11:16:33,983 [Time-limited test] INFO  storage.RaftStorageDirectory (RaftStorageDirectoryImpl.java:tryLock(232)) - Lock on target/test/data/29e39a3a/TestRaftStorage/testNotExistent/in_use.lock acquired by nodename 2428@fv-az245-795
2023-08-27 11:16:33,984 [Time-limited test] TRACE util.FileUtils (LogUtils.java:runAndLog(49)) - Successfully ran Files.createDirectories target/test/data/29e39a3a/TestRaftStorage/testNotExistent/current
2023-08-27 11:16:33,984 [Time-limited test] TRACE util.FileUtils (LogUtils.java:runAndLog(49)) - Successfully ran Files.createDirectories target/test/data/29e39a3a/TestRaftStorage/testNotExistent/sm
2023-08-27 11:16:33,985 [Time-limited test] INFO  storage.RaftStorage (RaftStorageImpl.java:format(97)) - Storage directory target/test/data/29e39a3a/TestRaftStorage/testNotExistent has been successfully formatted.
2023-08-27 11:16:33,987 [Time-limited test] ERROR storage.RaftStorageDirectory (RaftStorageDirectoryImpl.java:tryLock(235)) - It appears that another process has already locked the storage directory: target/test/data/29e39a3a/TestRaftStorage/testNotExistent
java.nio.channels.OverlappingFileLockException
	at java.base/sun.nio.ch.FileLockTable.checkList(FileLockTable.java:229)
	at java.base/sun.nio.ch.FileLockTable.add(FileLockTable.java:123)
	at java.base/sun.nio.ch.FileChannelImpl.tryLock(FileChannelImpl.java:1154)
	at java.base/java.nio.channels.FileChannel.tryLock(FileChannel.java:1165)
	at org.apache.ratis.server.storage.RaftStorageDirectoryImpl.tryLock(RaftStorageDirectoryImpl.java:226)
	at org.apache.ratis.server.storage.RaftStorageDirectoryImpl.lambda$lock$0(RaftStorageDirectoryImpl.java:197)
	at org.apache.ratis.util.JavaUtils.attempt(JavaUtils.java:211)
	at org.apache.ratis.util.FileUtils.attempt(FileUtils.java:40)
	at org.apache.ratis.server.storage.RaftStorageDirectoryImpl.lock(RaftStorageDirectoryImpl.java:197)
	at org.apache.ratis.server.storage.RaftStorageImpl.initialize(RaftStorageImpl.java:60)
	at org.apache.ratis.server.storage.TestRaftStorage.formatRaftStorage(TestRaftStorage.java:82)
	at org.apache.ratis.server.storage.TestRaftStorage.testNotExistent(TestRaftStorage.java:95)
	at java.base/jdk.internal.reflect.NativeMethodAccessorImpl.invoke0(Native Method)
	at java.base/jdk.internal.reflect.NativeMethodAccessorImpl.invoke(NativeMethodAccessorImpl.java:62)
	at java.base/jdk.internal.reflect.DelegatingMethodAccessorImpl.invoke(DelegatingMethodAccessorImpl.java:43)
	at java.base/java.lang.reflect.Method.invoke(Method.java:566)
	at org.junit.runners.model.FrameworkMethod$1.runReflectiveCall(FrameworkMethod.java:59)
	at org.junit.internal.runners.model.ReflectiveCallable.run(ReflectiveCallable.java:12)
	at org.junit.runners.model.FrameworkMethod.invokeExplosively(FrameworkMethod.java:56)
	at org.junit.internal.runners.statements.InvokeMethod.evaluate(InvokeMethod.java:17)
	at org.junit.internal.runners.statements.RunBefores.evaluate(RunBefores.java:26)
	at org.junit.internal.runners.statements.RunAfters.evaluate(RunAfters.java:27)
	at org.junit.internal.runners.statements.FailOnTimeout$CallableStatement.call(FailOnTimeout.java:299)
	at org.junit.internal.runners.statements.FailOnTimeout$CallableStatement.call(FailOnTimeout.java:293)
	at java.base/java.util.concurrent.FutureTask.run(FutureTask.java:264)
	at java.base/java.lang.Thread.run(Thread.java:829)
2023-08-27 11:16:33,993 [Time-limited test] WARN  util.FileUtils (JavaUtils.java:attempt(217)) - FAILED "tryLock target/test/data/29e39a3a/TestRaftStorage/testNotExistent/in_use.lock", attempt #1/5: java.io.IOException: Failed to lock storage target/test/data/29e39a3a/TestRaftStorage/testNotExistent. The directory is already locked, sleep 1s and then retry.
java.io.IOException: Failed to lock storage target/test/data/29e39a3a/TestRaftStorage/testNotExistent. The directory is already locked
	at org.apache.ratis.server.storage.RaftStorageDirectoryImpl.tryLock(RaftStorageDirectoryImpl.java:238)
	at org.apache.ratis.server.storage.RaftStorageDirectoryImpl.lambda$lock$0(RaftStorageDirectoryImpl.java:197)
	at org.apache.ratis.util.JavaUtils.attempt(JavaUtils.java:211)
	at org.apache.ratis.util.FileUtils.attempt(FileUtils.java:40)
	at org.apache.ratis.server.storage.RaftStorageDirectoryImpl.lock(RaftStorageDirectoryImpl.java:197)
	at org.apache.ratis.server.storage.RaftStorageImpl.initialize(RaftStorageImpl.java:60)
	at org.apache.ratis.server.storage.TestRaftStorage.formatRaftStorage(TestRaftStorage.java:82)
	at org.apache.ratis.server.storage.TestRaftStorage.testNotExistent(TestRaftStorage.java:95)
	at java.base/jdk.internal.reflect.NativeMethodAccessorImpl.invoke0(Native Method)
	at java.base/jdk.internal.reflect.NativeMethodAccessorImpl.invoke(NativeMethodAccessorImpl.java:62)
	at java.base/jdk.internal.reflect.DelegatingMethodAccessorImpl.invoke(DelegatingMethodAccessorImpl.java:43)
	at java.base/java.lang.reflect.Method.invoke(Method.java:566)
	at org.junit.runners.model.FrameworkMethod$1.runReflectiveCall(FrameworkMethod.java:59)
	at org.junit.internal.runners.model.ReflectiveCallable.run(ReflectiveCallable.java:12)
	at org.junit.runners.model.FrameworkMethod.invokeExplosively(FrameworkMethod.java:56)
	at org.junit.internal.runners.statements.InvokeMethod.evaluate(InvokeMethod.java:17)
	at org.junit.internal.runners.statements.RunBefores.evaluate(RunBefores.java:26)
	at org.junit.internal.runners.statements.RunAfters.evaluate(RunAfters.java:27)
	at org.junit.internal.runners.statements.FailOnTimeout$CallableStatement.call(FailOnTimeout.java:299)
	at org.junit.internal.runners.statements.FailOnTimeout$CallableStatement.call(FailOnTimeout.java:293)
	at java.base/java.util.concurrent.FutureTask.run(FutureTask.java:264)
	at java.base/java.lang.Thread.run(Thread.java:829)
Caused by: java.nio.channels.OverlappingFileLockException
	at java.base/sun.nio.ch.FileLockTable.checkList(FileLockTable.java:229)
	at java.base/sun.nio.ch.FileLockTable.add(FileLockTable.java:123)
	at java.base/sun.nio.ch.FileChannelImpl.tryLock(FileChannelImpl.java:1154)
	at java.base/java.nio.channels.FileChannel.tryLock(FileChannel.java:1165)
	at org.apache.ratis.server.storage.RaftStorageDirectoryImpl.tryLock(RaftStorageDirectoryImpl.java:226)
	... 21 more
2023-08-27 11:16:34,996 [Time-limited test] ERROR storage.RaftStorageDirectory (RaftStorageDirectoryImpl.java:tryLock(235)) - It appears that another process has already locked the storage directory: target/test/data/29e39a3a/TestRaftStorage/testNotExistent
java.nio.channels.OverlappingFileLockException
	at java.base/sun.nio.ch.FileLockTable.checkList(FileLockTable.java:229)
	at java.base/sun.nio.ch.FileLockTable.add(FileLockTable.java:123)
	at java.base/sun.nio.ch.FileChannelImpl.tryLock(FileChannelImpl.java:1154)
	at java.base/java.nio.channels.FileChannel.tryLock(FileChannel.java:1165)
	at org.apache.ratis.server.storage.RaftStorageDirectoryImpl.tryLock(RaftStorageDirectoryImpl.java:226)
	at org.apache.ratis.server.storage.RaftStorageDirectoryImpl.lambda$lock$0(RaftStorageDirectoryImpl.java:197)
	at org.apache.ratis.util.JavaUtils.attempt(JavaUtils.java:211)
	at org.apache.ratis.util.FileUtils.attempt(FileUtils.java:40)
	at org.apache.ratis.server.storage.RaftStorageDirectoryImpl.lock(RaftStorageDirectoryImpl.java:197)
	at org.apache.ratis.server.storage.RaftStorageImpl.initialize(RaftStorageImpl.java:60)
	at org.apache.ratis.server.storage.TestRaftStorage.formatRaftStorage(TestRaftStorage.java:82)
	at org.apache.ratis.server.storage.TestRaftStorage.testNotExistent(TestRaftStorage.java:95)
	at java.base/jdk.internal.reflect.NativeMethodAccessorImpl.invoke0(Native Method)
	at java.base/jdk.internal.reflect.NativeMethodAccessorImpl.invoke(NativeMethodAccessorImpl.java:62)
	at java.base/jdk.internal.reflect.DelegatingMethodAccessorImpl.invoke(DelegatingMethodAccessorImpl.java:43)
	at java.base/java.lang.reflect.Method.invoke(Method.java:566)
	at org.junit.runners.model.FrameworkMethod$1.runReflectiveCall(FrameworkMethod.java:59)
	at org.junit.internal.runners.model.ReflectiveCallable.run(ReflectiveCallable.java:12)
	at org.junit.runners.model.FrameworkMethod.invokeExplosively(FrameworkMethod.java:56)
	at org.junit.internal.runners.statements.InvokeMethod.evaluate(InvokeMethod.java:17)
	at org.junit.internal.runners.statements.RunBefores.evaluate(RunBefores.java:26)
	at org.junit.internal.runners.statements.RunAfters.evaluate(RunAfters.java:27)
	at org.junit.internal.runners.statements.FailOnTimeout$CallableStatement.call(FailOnTimeout.java:299)
	at org.junit.internal.runners.statements.FailOnTimeout$CallableStatement.call(FailOnTimeout.java:293)
	at java.base/java.util.concurrent.FutureTask.run(FutureTask.java:264)
	at java.base/java.lang.Thread.run(Thread.java:829)
2023-08-27 11:16:34,997 [Time-limited test] WARN  util.FileUtils (JavaUtils.java:attempt(217)) - FAILED "tryLock target/test/data/29e39a3a/TestRaftStorage/testNotExistent/in_use.lock", attempt #2/5: java.io.IOException: Failed to lock storage target/test/data/29e39a3a/TestRaftStorage/testNotExistent. The directory is already locked, sleep 1s and then retry.
java.io.IOException: Failed to lock storage target/test/data/29e39a3a/TestRaftStorage/testNotExistent. The directory is already locked
	at org.apache.ratis.server.storage.RaftStorageDirectoryImpl.tryLock(RaftStorageDirectoryImpl.java:238)
	at org.apache.ratis.server.storage.RaftStorageDirectoryImpl.lambda$lock$0(RaftStorageDirectoryImpl.java:197)
	at org.apache.ratis.util.JavaUtils.attempt(JavaUtils.java:211)
	at org.apache.ratis.util.FileUtils.attempt(FileUtils.java:40)
	at org.apache.ratis.server.storage.RaftStorageDirectoryImpl.lock(RaftStorageDirectoryImpl.java:197)
	at org.apache.ratis.server.storage.RaftStorageImpl.initialize(RaftStorageImpl.java:60)
	at org.apache.ratis.server.storage.TestRaftStorage.formatRaftStorage(TestRaftStorage.java:82)
	at org.apache.ratis.server.storage.TestRaftStorage.testNotExistent(TestRaftStorage.java:95)
	at java.base/jdk.internal.reflect.NativeMethodAccessorImpl.invoke0(Native Method)
	at java.base/jdk.internal.reflect.NativeMethodAccessorImpl.invoke(NativeMethodAccessorImpl.java:62)
	at java.base/jdk.internal.reflect.DelegatingMethodAccessorImpl.invoke(DelegatingMethodAccessorImpl.java:43)
	at java.base/java.lang.reflect.Method.invoke(Method.java:566)
	at org.junit.runners.model.FrameworkMethod$1.runReflectiveCall(FrameworkMethod.java:59)
	at org.junit.internal.runners.model.ReflectiveCallable.run(ReflectiveCallable.java:12)
	at org.junit.runners.model.FrameworkMethod.invokeExplosively(FrameworkMethod.java:56)
	at org.junit.internal.runners.statements.InvokeMethod.evaluate(InvokeMethod.java:17)
	at org.junit.internal.runners.statements.RunBefores.evaluate(RunBefores.java:26)
	at org.junit.internal.runners.statements.RunAfters.evaluate(RunAfters.java:27)
	at org.junit.internal.runners.statements.FailOnTimeout$CallableStatement.call(FailOnTimeout.java:299)
	at org.junit.internal.runners.statements.FailOnTimeout$CallableStatement.call(FailOnTimeout.java:293)
	at java.base/java.util.concurrent.FutureTask.run(FutureTask.java:264)
	at java.base/java.lang.Thread.run(Thread.java:829)
Caused by: java.nio.channels.OverlappingFileLockException
	at java.base/sun.nio.ch.FileLockTable.checkList(FileLockTable.java:229)
	at java.base/sun.nio.ch.FileLockTable.add(FileLockTable.java:123)
	at java.base/sun.nio.ch.FileChannelImpl.tryLock(FileChannelImpl.java:1154)
	at java.base/java.nio.channels.FileChannel.tryLock(FileChannel.java:1165)
	at org.apache.ratis.server.storage.RaftStorageDirectoryImpl.tryLock(RaftStorageDirectoryImpl.java:226)
	... 21 more
2023-08-27 11:16:35,998 [Time-limited test] ERROR storage.RaftStorageDirectory (RaftStorageDirectoryImpl.java:tryLock(235)) - It appears that another process has already locked the storage directory: target/test/data/29e39a3a/TestRaftStorage/testNotExistent
java.nio.channels.OverlappingFileLockException
	at java.base/sun.nio.ch.FileLockTable.checkList(FileLockTable.java:229)
	at java.base/sun.nio.ch.FileLockTable.add(FileLockTable.java:123)
	at java.base/sun.nio.ch.FileChannelImpl.tryLock(FileChannelImpl.java:1154)
	at java.base/java.nio.channels.FileChannel.tryLock(FileChannel.java:1165)
	at org.apache.ratis.server.storage.RaftStorageDirectoryImpl.tryLock(RaftStorageDirectoryImpl.java:226)
	at org.apache.ratis.server.storage.RaftStorageDirectoryImpl.lambda$lock$0(RaftStorageDirectoryImpl.java:197)
	at org.apache.ratis.util.JavaUtils.attempt(JavaUtils.java:211)
	at org.apache.ratis.util.FileUtils.attempt(FileUtils.java:40)
	at org.apache.ratis.server.storage.RaftStorageDirectoryImpl.lock(RaftStorageDirectoryImpl.java:197)
	at org.apache.ratis.server.storage.RaftStorageImpl.initialize(RaftStorageImpl.java:60)
	at org.apache.ratis.server.storage.TestRaftStorage.formatRaftStorage(TestRaftStorage.java:82)
	at org.apache.ratis.server.storage.TestRaftStorage.testNotExistent(TestRaftStorage.java:95)
	at java.base/jdk.internal.reflect.NativeMethodAccessorImpl.invoke0(Native Method)
	at java.base/jdk.internal.reflect.NativeMethodAccessorImpl.invoke(NativeMethodAccessorImpl.java:62)
	at java.base/jdk.internal.reflect.DelegatingMethodAccessorImpl.invoke(DelegatingMethodAccessorImpl.java:43)
	at java.base/java.lang.reflect.Method.invoke(Method.java:566)
	at org.junit.runners.model.FrameworkMethod$1.runReflectiveCall(FrameworkMethod.java:59)
	at org.junit.internal.runners.model.ReflectiveCallable.run(ReflectiveCallable.java:12)
	at org.junit.runners.model.FrameworkMethod.invokeExplosively(FrameworkMethod.java:56)
	at org.junit.internal.runners.statements.InvokeMethod.evaluate(InvokeMethod.java:17)
	at org.junit.internal.runners.statements.RunBefores.evaluate(RunBefores.java:26)
	at org.junit.internal.runners.statements.RunAfters.evaluate(RunAfters.java:27)
	at org.junit.internal.runners.statements.FailOnTimeout$CallableStatement.call(FailOnTimeout.java:299)
	at org.junit.internal.runners.statements.FailOnTimeout$CallableStatement.call(FailOnTimeout.java:293)
	at java.base/java.util.concurrent.FutureTask.run(FutureTask.java:264)
	at java.base/java.lang.Thread.run(Thread.java:829)
2023-08-27 11:16:35,999 [Time-limited test] WARN  util.FileUtils (JavaUtils.java:attempt(217)) - FAILED "tryLock target/test/data/29e39a3a/TestRaftStorage/testNotExistent/in_use.lock", attempt #3/5: java.io.IOException: Failed to lock storage target/test/data/29e39a3a/TestRaftStorage/testNotExistent. The directory is already locked, sleep 1s and then retry.
java.io.IOException: Failed to lock storage target/test/data/29e39a3a/TestRaftStorage/testNotExistent. The directory is already locked
	at org.apache.ratis.server.storage.RaftStorageDirectoryImpl.tryLock(RaftStorageDirectoryImpl.java:238)
	at org.apache.ratis.server.storage.RaftStorageDirectoryImpl.lambda$lock$0(RaftStorageDirectoryImpl.java:197)
	at org.apache.ratis.util.JavaUtils.attempt(JavaUtils.java:211)
	at org.apache.ratis.util.FileUtils.attempt(FileUtils.java:40)
	at org.apache.ratis.server.storage.RaftStorageDirectoryImpl.lock(RaftStorageDirectoryImpl.java:197)
	at org.apache.ratis.server.storage.RaftStorageImpl.initialize(RaftStorageImpl.java:60)
	at org.apache.ratis.server.storage.TestRaftStorage.formatRaftStorage(TestRaftStorage.java:82)
	at org.apache.ratis.server.storage.TestRaftStorage.testNotExistent(TestRaftStorage.java:95)
	at java.base/jdk.internal.reflect.NativeMethodAccessorImpl.invoke0(Native Method)
	at java.base/jdk.internal.reflect.NativeMethodAccessorImpl.invoke(NativeMethodAccessorImpl.java:62)
	at java.base/jdk.internal.reflect.DelegatingMethodAccessorImpl.invoke(DelegatingMethodAccessorImpl.java:43)
	at java.base/java.lang.reflect.Method.invoke(Method.java:566)
	at org.junit.runners.model.FrameworkMethod$1.runReflectiveCall(FrameworkMethod.java:59)
	at org.junit.internal.runners.model.ReflectiveCallable.run(ReflectiveCallable.java:12)
	at org.junit.runners.model.FrameworkMethod.invokeExplosively(FrameworkMethod.java:56)
	at org.junit.internal.runners.statements.InvokeMethod.evaluate(InvokeMethod.java:17)
	at org.junit.internal.runners.statements.RunBefores.evaluate(RunBefores.java:26)
	at org.junit.internal.runners.statements.RunAfters.evaluate(RunAfters.java:27)
	at org.junit.internal.runners.statements.FailOnTimeout$CallableStatement.call(FailOnTimeout.java:299)
	at org.junit.internal.runners.statements.FailOnTimeout$CallableStatement.call(FailOnTimeout.java:293)
	at java.base/java.util.concurrent.FutureTask.run(FutureTask.java:264)
	at java.base/java.lang.Thread.run(Thread.java:829)
Caused by: java.nio.channels.OverlappingFileLockException
	at java.base/sun.nio.ch.FileLockTable.checkList(FileLockTable.java:229)
	at java.base/sun.nio.ch.FileLockTable.add(FileLockTable.java:123)
	at java.base/sun.nio.ch.FileChannelImpl.tryLock(FileChannelImpl.java:1154)
	at java.base/java.nio.channels.FileChannel.tryLock(FileChannel.java:1165)
	at org.apache.ratis.server.storage.RaftStorageDirectoryImpl.tryLock(RaftStorageDirectoryImpl.java:226)
	... 21 more
2023-08-27 11:16:37,000 [Time-limited test] ERROR storage.RaftStorageDirectory (RaftStorageDirectoryImpl.java:tryLock(235)) - It appears that another process has already locked the storage directory: target/test/data/29e39a3a/TestRaftStorage/testNotExistent
java.nio.channels.OverlappingFileLockException
	at java.base/sun.nio.ch.FileLockTable.checkList(FileLockTable.java:229)
	at java.base/sun.nio.ch.FileLockTable.add(FileLockTable.java:123)
	at java.base/sun.nio.ch.FileChannelImpl.tryLock(FileChannelImpl.java:1154)
	at java.base/java.nio.channels.FileChannel.tryLock(FileChannel.java:1165)
	at org.apache.ratis.server.storage.RaftStorageDirectoryImpl.tryLock(RaftStorageDirectoryImpl.java:226)
	at org.apache.ratis.server.storage.RaftStorageDirectoryImpl.lambda$lock$0(RaftStorageDirectoryImpl.java:197)
	at org.apache.ratis.util.JavaUtils.attempt(JavaUtils.java:211)
	at org.apache.ratis.util.FileUtils.attempt(FileUtils.java:40)
	at org.apache.ratis.server.storage.RaftStorageDirectoryImpl.lock(RaftStorageDirectoryImpl.java:197)
	at org.apache.ratis.server.storage.RaftStorageImpl.initialize(RaftStorageImpl.java:60)
	at org.apache.ratis.server.storage.TestRaftStorage.formatRaftStorage(TestRaftStorage.java:82)
	at org.apache.ratis.server.storage.TestRaftStorage.testNotExistent(TestRaftStorage.java:95)
	at java.base/jdk.internal.reflect.NativeMethodAccessorImpl.invoke0(Native Method)
	at java.base/jdk.internal.reflect.NativeMethodAccessorImpl.invoke(NativeMethodAccessorImpl.java:62)
	at java.base/jdk.internal.reflect.DelegatingMethodAccessorImpl.invoke(DelegatingMethodAccessorImpl.java:43)
	at java.base/java.lang.reflect.Method.invoke(Method.java:566)
	at org.junit.runners.model.FrameworkMethod$1.runReflectiveCall(FrameworkMethod.java:59)
	at org.junit.internal.runners.model.ReflectiveCallable.run(ReflectiveCallable.java:12)
	at org.junit.runners.model.FrameworkMethod.invokeExplosively(FrameworkMethod.java:56)
	at org.junit.internal.runners.statements.InvokeMethod.evaluate(InvokeMethod.java:17)
	at org.junit.internal.runners.statements.RunBefores.evaluate(RunBefores.java:26)
	at org.junit.internal.runners.statements.RunAfters.evaluate(RunAfters.java:27)
	at org.junit.internal.runners.statements.FailOnTimeout$CallableStatement.call(FailOnTimeout.java:299)
	at org.junit.internal.runners.statements.FailOnTimeout$CallableStatement.call(FailOnTimeout.java:293)
	at java.base/java.util.concurrent.FutureTask.run(FutureTask.java:264)
	at java.base/java.lang.Thread.run(Thread.java:829)
2023-08-27 11:16:37,001 [Time-limited test] WARN  util.FileUtils (JavaUtils.java:attempt(217)) - FAILED "tryLock target/test/data/29e39a3a/TestRaftStorage/testNotExistent/in_use.lock", attempt #4/5: java.io.IOException: Failed to lock storage target/test/data/29e39a3a/TestRaftStorage/testNotExistent. The directory is already locked, sleep 1s and then retry.
java.io.IOException: Failed to lock storage target/test/data/29e39a3a/TestRaftStorage/testNotExistent. The directory is already locked
	at org.apache.ratis.server.storage.RaftStorageDirectoryImpl.tryLock(RaftStorageDirectoryImpl.java:238)
	at org.apache.ratis.server.storage.RaftStorageDirectoryImpl.lambda$lock$0(RaftStorageDirectoryImpl.java:197)
	at org.apache.ratis.util.JavaUtils.attempt(JavaUtils.java:211)
	at org.apache.ratis.util.FileUtils.attempt(FileUtils.java:40)
	at org.apache.ratis.server.storage.RaftStorageDirectoryImpl.lock(RaftStorageDirectoryImpl.java:197)
	at org.apache.ratis.server.storage.RaftStorageImpl.initialize(RaftStorageImpl.java:60)
	at org.apache.ratis.server.storage.TestRaftStorage.formatRaftStorage(TestRaftStorage.java:82)
	at org.apache.ratis.server.storage.TestRaftStorage.testNotExistent(TestRaftStorage.java:95)
	at java.base/jdk.internal.reflect.NativeMethodAccessorImpl.invoke0(Native Method)
	at java.base/jdk.internal.reflect.NativeMethodAccessorImpl.invoke(NativeMethodAccessorImpl.java:62)
	at java.base/jdk.internal.reflect.DelegatingMethodAccessorImpl.invoke(DelegatingMethodAccessorImpl.java:43)
	at java.base/java.lang.reflect.Method.invoke(Method.java:566)
	at org.junit.runners.model.FrameworkMethod$1.runReflectiveCall(FrameworkMethod.java:59)
	at org.junit.internal.runners.model.ReflectiveCallable.run(ReflectiveCallable.java:12)
	at org.junit.runners.model.FrameworkMethod.invokeExplosively(FrameworkMethod.java:56)
	at org.junit.internal.runners.statements.InvokeMethod.evaluate(InvokeMethod.java:17)
	at org.junit.internal.runners.statements.RunBefores.evaluate(RunBefores.java:26)
	at org.junit.internal.runners.statements.RunAfters.evaluate(RunAfters.java:27)
	at org.junit.internal.runners.statements.FailOnTimeout$CallableStatement.call(FailOnTimeout.java:299)
	at org.junit.internal.runners.statements.FailOnTimeout$CallableStatement.call(FailOnTimeout.java:293)
	at java.base/java.util.concurrent.FutureTask.run(FutureTask.java:264)
	at java.base/java.lang.Thread.run(Thread.java:829)
Caused by: java.nio.channels.OverlappingFileLockException
	at java.base/sun.nio.ch.FileLockTable.checkList(FileLockTable.java:229)
	at java.base/sun.nio.ch.FileLockTable.add(FileLockTable.java:123)
	at java.base/sun.nio.ch.FileChannelImpl.tryLock(FileChannelImpl.java:1154)
	at java.base/java.nio.channels.FileChannel.tryLock(FileChannel.java:1165)
	at org.apache.ratis.server.storage.RaftStorageDirectoryImpl.tryLock(RaftStorageDirectoryImpl.java:226)
	... 21 more
2023-08-27 11:16:38,002 [Time-limited test] ERROR storage.RaftStorageDirectory (RaftStorageDirectoryImpl.java:tryLock(235)) - It appears that another process has already locked the storage directory: target/test/data/29e39a3a/TestRaftStorage/testNotExistent
java.nio.channels.OverlappingFileLockException
	at java.base/sun.nio.ch.FileLockTable.checkList(FileLockTable.java:229)
	at java.base/sun.nio.ch.FileLockTable.add(FileLockTable.java:123)
	at java.base/sun.nio.ch.FileChannelImpl.tryLock(FileChannelImpl.java:1154)
	at java.base/java.nio.channels.FileChannel.tryLock(FileChannel.java:1165)
	at org.apache.ratis.server.storage.RaftStorageDirectoryImpl.tryLock(RaftStorageDirectoryImpl.java:226)
	at org.apache.ratis.server.storage.RaftStorageDirectoryImpl.lambda$lock$0(RaftStorageDirectoryImpl.java:197)
	at org.apache.ratis.util.JavaUtils.attempt(JavaUtils.java:211)
	at org.apache.ratis.util.FileUtils.attempt(FileUtils.java:40)
	at org.apache.ratis.server.storage.RaftStorageDirectoryImpl.lock(RaftStorageDirectoryImpl.java:197)
	at org.apache.ratis.server.storage.RaftStorageImpl.initialize(RaftStorageImpl.java:60)
	at org.apache.ratis.server.storage.TestRaftStorage.formatRaftStorage(TestRaftStorage.java:82)
	at org.apache.ratis.server.storage.TestRaftStorage.testNotExistent(TestRaftStorage.java:95)
	at java.base/jdk.internal.reflect.NativeMethodAccessorImpl.invoke0(Native Method)
	at java.base/jdk.internal.reflect.NativeMethodAccessorImpl.invoke(NativeMethodAccessorImpl.java:62)
	at java.base/jdk.internal.reflect.DelegatingMethodAccessorImpl.invoke(DelegatingMethodAccessorImpl.java:43)
	at java.base/java.lang.reflect.Method.invoke(Method.java:566)
	at org.junit.runners.model.FrameworkMethod$1.runReflectiveCall(FrameworkMethod.java:59)
	at org.junit.internal.runners.model.ReflectiveCallable.run(ReflectiveCallable.java:12)
	at org.junit.runners.model.FrameworkMethod.invokeExplosively(FrameworkMethod.java:56)
	at org.junit.internal.runners.statements.InvokeMethod.evaluate(InvokeMethod.java:17)
	at org.junit.internal.runners.statements.RunBefores.evaluate(RunBefores.java:26)
	at org.junit.internal.runners.statements.RunAfters.evaluate(RunAfters.java:27)
	at org.junit.internal.runners.statements.FailOnTimeout$CallableStatement.call(FailOnTimeout.java:299)
	at org.junit.internal.runners.statements.FailOnTimeout$CallableStatement.call(FailOnTimeout.java:293)
	at java.base/java.util.concurrent.FutureTask.run(FutureTask.java:264)
	at java.base/java.lang.Thread.run(Thread.java:829)
2023-08-27 11:16:38,003 [Time-limited test] TRACE util.FileUtils (FileUtils.java:deleteFully(201)) - deleteFully target/test/data/29e39a3a/TestRaftStorage/testNotExistent
2023-08-27 11:16:38,003 [Time-limited test] TRACE util.FileUtils (LogUtils.java:runAndLog(49)) - Successfully ran Files.delete target/test/data/29e39a3a/TestRaftStorage/testNotExistent/in_use.lock
2023-08-27 11:16:38,003 [Time-limited test] TRACE util.FileUtils (LogUtils.java:runAndLog(49)) - Successfully ran Files.delete target/test/data/29e39a3a/TestRaftStorage/testNotExistent/current/raft-meta
2023-08-27 11:16:38,003 [Time-limited test] TRACE util.FileUtils (LogUtils.java:runAndLog(49)) - Successfully ran Files.delete target/test/data/29e39a3a/TestRaftStorage/testNotExistent/current
2023-08-27 11:16:38,003 [Time-limited test] TRACE util.FileUtils (LogUtils.java:runAndLog(49)) - Successfully ran Files.delete target/test/data/29e39a3a/TestRaftStorage/testNotExistent/sm
2023-08-27 11:16:38,004 [Time-limited test] TRACE util.FileUtils (LogUtils.java:runAndLog(49)) - Successfully ran Files.delete target/test/data/29e39a3a/TestRaftStorage/testNotExistent
2023-08-27 11:16:38,004 [Time-limited test] WARN  storage.RaftStorageDirectory (RaftStorageDirectoryImpl.java:analyzeStorage(143)) - /home/runner/work/ratis/ratis/ratis-test/target/test/data/29e39a3a/TestRaftStorage/testNotExistent is not a directory
2023-08-27 11:16:38,004 [Time-limited test] TRACE util.FileUtils (FileUtils.java:deleteFully(201)) - deleteFully target/test/data/29e39a3a/TestRaftStorage
2023-08-27 11:16:38,004 [Time-limited test] TRACE util.FileUtils (LogUtils.java:runAndLog(49)) - Successfully ran Files.delete target/test/data/29e39a3a/TestRaftStorage/testNotExistent
2023-08-27 11:16:38,004 [Time-limited test] TRACE util.FileUtils (LogUtils.java:runAndLog(49)) - Successfully ran Files.delete target/test/data/29e39a3a/TestRaftStorage
2023-08-27 11:16:38,005 [main] INFO  util.LogUtils (Slf4jUtils.java:setLogLevel(38)) - Successfully set org.apache.ratis.conf.ConfUtils log level to WARN
2023-08-27 11:16:38,005 [main] INFO  util.LogUtils (Slf4jUtils.java:setLogLevel(38)) - Successfully set org.apache.ratis.util.FileUtils log level to TRACE
2023-08-27 11:16:38,007 [Time-limited test] INFO  storage.RaftStorageDirectory (RaftStorageDirectoryImpl.java:analyzeStorage(138)) - The storage directory /home/runner/work/ratis/ratis/ratis-test/target/test/data/29e39a3a/TestRaftStorage/testStorage does not exist. Creating ...
2023-08-27 11:16:38,008 [Time-limited test] TRACE util.FileUtils (LogUtils.java:runAndLog(49)) - Successfully ran Files.createDirectories target/test/data/29e39a3a/TestRaftStorage/testStorage
2023-08-27 11:16:38,010 [Time-limited test] INFO  storage.RaftStorageDirectory (RaftStorageDirectoryImpl.java:tryLock(232)) - Lock on target/test/data/29e39a3a/TestRaftStorage/testStorage/in_use.lock acquired by nodename 2428@fv-az245-795
2023-08-27 11:16:38,012 [Time-limited test] INFO  storage.RaftStorageDirectory (RaftStorageDirectoryImpl.java:tryLock(232)) - Lock on target/test/data/29e39a3a/TestRaftStorage/testStorage/in_use.lock acquired by nodename 2428@fv-az245-795
2023-08-27 11:16:38,012 [Time-limited test] TRACE util.FileUtils (LogUtils.java:runAndLog(49)) - Successfully ran Files.createDirectories target/test/data/29e39a3a/TestRaftStorage/testStorage/current
2023-08-27 11:16:38,013 [Time-limited test] TRACE util.FileUtils (LogUtils.java:runAndLog(49)) - Successfully ran Files.createDirectories target/test/data/29e39a3a/TestRaftStorage/testStorage/sm
2023-08-27 11:16:38,014 [Time-limited test] INFO  storage.RaftStorage (RaftStorageImpl.java:format(97)) - Storage directory target/test/data/29e39a3a/TestRaftStorage/testStorage has been successfully formatted.
2023-08-27 11:16:38,017 [Time-limited test] INFO  storage.RaftStorageDirectory (RaftStorageDirectoryImpl.java:tryLock(232)) - Lock on target/test/data/29e39a3a/TestRaftStorage/testStorage/in_use.lock acquired by nodename 2428@fv-az245-795
2023-08-27 11:16:38,017 [Time-limited test] INFO  storage.RaftStorageDirectory (RaftStorageDirectoryImpl.java:clearDirectory(90)) - target/test/data/29e39a3a/TestRaftStorage/testStorage/current already exists.  Deleting it ...
2023-08-27 11:16:38,017 [Time-limited test] TRACE util.FileUtils (FileUtils.java:deleteFully(201)) - deleteFully target/test/data/29e39a3a/TestRaftStorage/testStorage/current
2023-08-27 11:16:38,017 [Time-limited test] TRACE util.FileUtils (LogUtils.java:runAndLog(49)) - Successfully ran Files.delete target/test/data/29e39a3a/TestRaftStorage/testStorage/current/raft-meta
2023-08-27 11:16:38,017 [Time-limited test] TRACE util.FileUtils (LogUtils.java:runAndLog(49)) - Successfully ran Files.delete target/test/data/29e39a3a/TestRaftStorage/testStorage/current
2023-08-27 11:16:38,018 [Time-limited test] TRACE util.FileUtils (LogUtils.java:runAndLog(49)) - Successfully ran Files.createDirectories target/test/data/29e39a3a/TestRaftStorage/testStorage/current
2023-08-27 11:16:38,018 [Time-limited test] INFO  storage.RaftStorageDirectory (RaftStorageDirectoryImpl.java:clearDirectory(90)) - target/test/data/29e39a3a/TestRaftStorage/testStorage/sm already exists.  Deleting it ...
2023-08-27 11:16:38,018 [Time-limited test] TRACE util.FileUtils (FileUtils.java:deleteFully(201)) - deleteFully target/test/data/29e39a3a/TestRaftStorage/testStorage/sm
2023-08-27 11:16:38,018 [Time-limited test] TRACE util.FileUtils (LogUtils.java:runAndLog(49)) - Successfully ran Files.delete target/test/data/29e39a3a/TestRaftStorage/testStorage/sm
2023-08-27 11:16:38,018 [Time-limited test] TRACE util.FileUtils (LogUtils.java:runAndLog(49)) - Successfully ran Files.createDirectories target/test/data/29e39a3a/TestRaftStorage/testStorage/sm
2023-08-27 11:16:38,020 [Time-limited test] INFO  storage.RaftStorage (RaftStorageImpl.java:format(97)) - Storage directory target/test/data/29e39a3a/TestRaftStorage/testStorage has been successfully formatted.
2023-08-27 11:16:38,020 [Time-limited test] TRACE util.FileUtils (FileUtils.java:deleteFully(201)) - deleteFully target/test/data/29e39a3a/TestRaftStorage
2023-08-27 11:16:38,020 [Time-limited test] TRACE util.FileUtils (LogUtils.java:runAndLog(49)) - Successfully ran Files.delete target/test/data/29e39a3a/TestRaftStorage/testStorage/in_use.lock
2023-08-27 11:16:38,021 [Time-limited test] TRACE util.FileUtils (LogUtils.java:runAndLog(49)) - Successfully ran Files.delete target/test/data/29e39a3a/TestRaftStorage/testStorage/current/raft-meta
2023-08-27 11:16:38,021 [Time-limited test] TRACE util.FileUtils (LogUtils.java:runAndLog(49)) - Successfully ran Files.delete target/test/data/29e39a3a/TestRaftStorage/testStorage/current
2023-08-27 11:16:38,021 [Time-limited test] TRACE util.FileUtils (LogUtils.java:runAndLog(49)) - Successfully ran Files.delete target/test/data/29e39a3a/TestRaftStorage/testStorage/sm
2023-08-27 11:16:38,021 [Time-limited test] TRACE util.FileUtils (LogUtils.java:runAndLog(49)) - Successfully ran Files.delete target/test/data/29e39a3a/TestRaftStorage/testStorage
2023-08-27 11:16:38,021 [Time-limited test] TRACE util.FileUtils (LogUtils.java:runAndLog(49)) - Successfully ran Files.delete target/test/data/29e39a3a/TestRaftStorage
