<?xml version="1.0" encoding="UTF-8"?>
<testsuite xmlns:xsi="http://www.w3.org/2001/XMLSchema-instance" xsi:noNamespaceSchemaLocation="https://maven.apache.org/surefire/maven-surefire-plugin/xsd/surefire-test-report-3.0.xsd" version="3.0" name="org.apache.ratis.server.storage.TestRaftStorage" time="5.897" tests="7" errors="0" skipped="0" failures="1">
  <properties>
    <property name="awt.toolkit" value="sun.awt.X11.XToolkit"/>
    <property name="java.specification.version" value="11"/>
    <property name="sun.cpu.isalist" value=""/>
    <property name="sun.jnu.encoding" value="UTF-8"/>
    <property name="java.class.path" value="/home/runner/work/ratis/ratis/ratis-test/target/test-classes:/home/runner/work/ratis/ratis/ratis-test/target/classes:/home/runner/work/ratis/ratis/ratis-common/target/classes:/home/runner/.m2/repository/org/apache/ratis/ratis-thirdparty-misc/1.0.4/ratis-thirdparty-misc-1.0.4.jar:/home/runner/work/ratis/ratis/ratis-proto/target/ratis-proto-3.0.0-SNAPSHOT.jar:/home/runner/work/ratis/ratis/ratis-common/target/test-classes:/home/runner/work/ratis/ratis/ratis-client/target/classes:/home/runner/work/ratis/ratis/ratis-server/target/classes:/home/runner/work/ratis/ratis/ratis-server-api/target/classes:/home/runner/work/ratis/ratis/ratis-metrics-api/target/classes:/home/runner/work/ratis/ratis/ratis-server/target/test-classes:/home/runner/work/ratis/ratis/ratis-metrics-default/target/classes:/home/runner/work/ratis/ratis/ratis-netty/target/classes:/home/runner/work/ratis/ratis/ratis-netty/target/test-classes:/home/runner/work/ratis/ratis/ratis-grpc/target/classes:/home/runner/work/ratis/ratis/ratis-grpc/target/test-classes:/home/runner/work/ratis/ratis/ratis-shell/target/classes:/home/runner/.m2/repository/commons-cli/commons-cli/1.5.0/commons-cli-1.5.0.jar:/home/runner/.m2/repository/org/reflections/reflections/0.10.2/reflections-0.10.2.jar:/home/runner/.m2/repository/org/javassist/javassist/3.28.0-GA/javassist-3.28.0-GA.jar:/home/runner/.m2/repository/com/google/code/findbugs/jsr305/3.0.2/jsr305-3.0.2.jar:/home/runner/.m2/repository/org/bouncycastle/bcprov-jdk15on/1.70/bcprov-jdk15on-1.70.jar:/home/runner/.m2/repository/org/bouncycastle/bcpkix-jdk15on/1.70/bcpkix-jdk15on-1.70.jar:/home/runner/.m2/repository/org/bouncycastle/bcutil-jdk15on/1.70/bcutil-jdk15on-1.70.jar:/home/runner/.m2/repository/org/slf4j/slf4j-api/2.0.7/slf4j-api-2.0.7.jar:/home/runner/.m2/repository/org/slf4j/slf4j-reload4j/2.0.7/slf4j-reload4j-2.0.7.jar:/home/runner/.m2/repository/ch/qos/reload4j/reload4j/1.2.22/reload4j-1.2.22.jar:/home/runner/.m2/repository/junit/junit/4.13.2/junit-4.13.2.jar:/home/runner/.m2/repository/org/hamcrest/hamcrest-core/1.3/hamcrest-core-1.3.jar:/home/runner/.m2/repository/org/mockito/mockito-core/4.3.1/mockito-core-4.3.1.jar:/home/runner/.m2/repository/net/bytebuddy/byte-buddy/1.12.7/byte-buddy-1.12.7.jar:/home/runner/.m2/repository/net/bytebuddy/byte-buddy-agent/1.12.7/byte-buddy-agent-1.12.7.jar:/home/runner/.m2/repository/org/objenesis/objenesis/3.2/objenesis-3.2.jar:"/>
    <property name="java.vm.vendor" value="Eclipse Adoptium"/>
    <property name="sun.arch.data.model" value="64"/>
    <property name="java.vendor.url" value="https://adoptium.net/"/>
    <property name="user.timezone" value=""/>
    <property name="java.vm.specification.version" value="11"/>
    <property name="os.name" value="Linux"/>
    <property name="sun.java.launcher" value="SUN_STANDARD"/>
    <property name="sun.boot.library.path" value="/usr/lib/jvm/temurin-11-jdk-amd64/lib"/>
    <property name="sun.java.command" value="/home/runner/work/ratis/ratis/ratis-test/target/surefire/surefirebooter-20230827111630909_24.jar /home/runner/work/ratis/ratis/ratis-test/target/surefire 2023-08-27T11-15-42_727-jvmRun1 surefire-20230827111630909_22tmp surefire_4-20230827111630909_23tmp"/>
    <property name="jdk.debug" value="release"/>
    <property name="surefire.test.class.path" value="/home/runner/work/ratis/ratis/ratis-test/target/test-classes:/home/runner/work/ratis/ratis/ratis-test/target/classes:/home/runner/work/ratis/ratis/ratis-common/target/classes:/home/runner/.m2/repository/org/apache/ratis/ratis-thirdparty-misc/1.0.4/ratis-thirdparty-misc-1.0.4.jar:/home/runner/work/ratis/ratis/ratis-proto/target/ratis-proto-3.0.0-SNAPSHOT.jar:/home/runner/work/ratis/ratis/ratis-common/target/test-classes:/home/runner/work/ratis/ratis/ratis-client/target/classes:/home/runner/work/ratis/ratis/ratis-server/target/classes:/home/runner/work/ratis/ratis/ratis-server-api/target/classes:/home/runner/work/ratis/ratis/ratis-metrics-api/target/classes:/home/runner/work/ratis/ratis/ratis-server/target/test-classes:/home/runner/work/ratis/ratis/ratis-metrics-default/target/classes:/home/runner/work/ratis/ratis/ratis-netty/target/classes:/home/runner/work/ratis/ratis/ratis-netty/target/test-classes:/home/runner/work/ratis/ratis/ratis-grpc/target/classes:/home/runner/work/ratis/ratis/ratis-grpc/target/test-classes:/home/runner/work/ratis/ratis/ratis-shell/target/classes:/home/runner/.m2/repository/commons-cli/commons-cli/1.5.0/commons-cli-1.5.0.jar:/home/runner/.m2/repository/org/reflections/reflections/0.10.2/reflections-0.10.2.jar:/home/runner/.m2/repository/org/javassist/javassist/3.28.0-GA/javassist-3.28.0-GA.jar:/home/runner/.m2/repository/com/google/code/findbugs/jsr305/3.0.2/jsr305-3.0.2.jar:/home/runner/.m2/repository/org/bouncycastle/bcprov-jdk15on/1.70/bcprov-jdk15on-1.70.jar:/home/runner/.m2/repository/org/bouncycastle/bcpkix-jdk15on/1.70/bcpkix-jdk15on-1.70.jar:/home/runner/.m2/repository/org/bouncycastle/bcutil-jdk15on/1.70/bcutil-jdk15on-1.70.jar:/home/runner/.m2/repository/org/slf4j/slf4j-api/2.0.7/slf4j-api-2.0.7.jar:/home/runner/.m2/repository/org/slf4j/slf4j-reload4j/2.0.7/slf4j-reload4j-2.0.7.jar:/home/runner/.m2/repository/ch/qos/reload4j/reload4j/1.2.22/reload4j-1.2.22.jar:/home/runner/.m2/repository/junit/junit/4.13.2/junit-4.13.2.jar:/home/runner/.m2/repository/org/hamcrest/hamcrest-core/1.3/hamcrest-core-1.3.jar:/home/runner/.m2/repository/org/mockito/mockito-core/4.3.1/mockito-core-4.3.1.jar:/home/runner/.m2/repository/net/bytebuddy/byte-buddy/1.12.7/byte-buddy-1.12.7.jar:/home/runner/.m2/repository/net/bytebuddy/byte-buddy-agent/1.12.7/byte-buddy-agent-1.12.7.jar:/home/runner/.m2/repository/org/objenesis/objenesis/3.2/objenesis-3.2.jar:"/>
    <property name="sun.cpu.endian" value="little"/>
    <property name="user.home" value="/home/runner"/>
    <property name="user.language" value="en"/>
    <property name="java.specification.vendor" value="Oracle Corporation"/>
    <property name="java.version.date" value="2023-07-18"/>
    <property name="java.home" value="/usr/lib/jvm/temurin-11-jdk-amd64"/>
    <property name="file.separator" value="/"/>
    <property name="basedir" value="/home/runner/work/ratis/ratis/ratis-test"/>
    <property name="java.vm.compressedOopsMode" value="32-bit"/>
    <property name="line.separator" value="&#10;"/>
    <property name="java.specification.name" value="Java Platform API Specification"/>
    <property name="java.vm.specification.vendor" value="Oracle Corporation"/>
    <property name="java.awt.graphicsenv" value="sun.awt.X11GraphicsEnvironment"/>
    <property name="surefire.real.class.path" value="/home/runner/work/ratis/ratis/ratis-test/target/surefire/surefirebooter-20230827111630909_24.jar"/>
    <property name="sun.management.compiler" value="HotSpot 64-Bit Tiered Compilers"/>
    <property name="java.runtime.version" value="11.0.20+8"/>
    <property name="user.name" value="runner"/>
    <property name="java.net.preferIPv4Stack" value="true"/>
    <property name="path.separator" value=":"/>
    <property name="os.version" value="5.15.0-1042-azure"/>
    <property name="java.runtime.name" value="OpenJDK Runtime Environment"/>
    <property name="file.encoding" value="UTF-8"/>
    <property name="java.vm.name" value="OpenJDK 64-Bit Server VM"/>
    <property name="java.vendor.version" value="Temurin-11.0.20+8"/>
    <property name="localRepository" value="/home/runner/.m2/repository"/>
    <property name="java.vendor.url.bug" value="https://github.com/adoptium/adoptium-support/issues"/>
    <property name="java.io.tmpdir" value="/tmp"/>
    <property name="java.version" value="11.0.20"/>
    <property name="user.dir" value="/home/runner/work/ratis/ratis/ratis-test"/>
    <property name="os.arch" value="amd64"/>
    <property name="ratis.tmp.dir" value="/home/runner/work/ratis/ratis/ratis-test/target/tmp"/>
    <property name="java.vm.specification.name" value="Java Virtual Machine Specification"/>
    <property name="java.awt.printerjob" value="sun.print.PSPrinterJob"/>
    <property name="ratis.log.dir" value="/home/runner/work/ratis/ratis/ratis-test/target/log"/>
    <property name="sun.os.patch.level" value="unknown"/>
    <property name="java.library.path" value="/usr/java/packages/lib:/usr/lib64:/lib64:/lib:/usr/lib"/>
    <property name="java.vm.info" value="mixed mode"/>
    <property name="java.vendor" value="Eclipse Adoptium"/>
    <property name="java.vm.version" value="11.0.20+8"/>
    <property name="java.specification.maintenance.version" value="2"/>
    <property name="sun.io.unicode.encoding" value="UnicodeLittle"/>
    <property name="java.class.version" value="55.0"/>
  </properties>
  <testcase name="testCleanMetaTmpFile" classname="org.apache.ratis.server.storage.TestRaftStorage" time="0.237">
    <system-out><![CDATA[2023-08-27 11:16:32,330 [main] INFO  util.LogUtils (Slf4jUtils.java:setLogLevel(38)) - Successfully set org.apache.ratis.conf.ConfUtils log level to WARN
2023-08-27 11:16:32,333 [main] INFO  util.LogUtils (Slf4jUtils.java:setLogLevel(38)) - Successfully set org.apache.ratis.util.FileUtils log level to TRACE
2023-08-27 11:16:32,366 [Time-limited test] INFO  storage.RaftStorageDirectory (RaftStorageDirectoryImpl.java:analyzeStorage(138)) - The storage directory /home/runner/work/ratis/ratis/ratis-test/target/test/data/29e39a3a/TestRaftStorage/testCleanMetaTmpFile does not exist. Creating ...
2023-08-27 11:16:32,368 [Time-limited test] TRACE util.FileUtils (LogUtils.java:runAndLog(49)) - Successfully ran Files.createDirectories target/test/data/29e39a3a/TestRaftStorage/testCleanMetaTmpFile
2023-08-27 11:16:32,374 [Time-limited test] INFO  storage.RaftStorageDirectory (RaftStorageDirectoryImpl.java:tryLock(232)) - Lock on target/test/data/29e39a3a/TestRaftStorage/testCleanMetaTmpFile/in_use.lock acquired by nodename 2428@fv-az245-795
2023-08-27 11:16:32,375 [Time-limited test] TRACE util.FileUtils (LogUtils.java:runAndLog(49)) - Successfully ran Files.createDirectories target/test/data/29e39a3a/TestRaftStorage/testCleanMetaTmpFile/current
2023-08-27 11:16:32,376 [Time-limited test] TRACE util.FileUtils (LogUtils.java:runAndLog(49)) - Successfully ran Files.createDirectories target/test/data/29e39a3a/TestRaftStorage/testCleanMetaTmpFile/sm
2023-08-27 11:16:32,415 [Time-limited test] INFO  storage.RaftStorage (RaftStorageImpl.java:format(97)) - Storage directory target/test/data/29e39a3a/TestRaftStorage/testCleanMetaTmpFile has been successfully formatted.
2023-08-27 11:16:32,416 [Time-limited test] TRACE util.FileUtils (LogUtils.java:runAndLog(49)) - Successfully ran Atomic Files.move target/test/data/29e39a3a/TestRaftStorage/testCleanMetaTmpFile/current/raft-meta to target/test/data/29e39a3a/TestRaftStorage/testCleanMetaTmpFile/current/raft-meta.tmp
2023-08-27 11:16:32,418 [Time-limited test] INFO  storage.RaftStorageDirectory (RaftStorageDirectoryImpl.java:tryLock(232)) - Lock on target/test/data/29e39a3a/TestRaftStorage/testCleanMetaTmpFile/in_use.lock acquired by nodename 2428@fv-az245-795
2023-08-27 11:16:32,420 [Time-limited test] INFO  storage.RaftStorageDirectory (RaftStorageDirectoryImpl.java:clearDirectory(90)) - target/test/data/29e39a3a/TestRaftStorage/testCleanMetaTmpFile/current already exists.  Deleting it ...
2023-08-27 11:16:32,420 [Time-limited test] TRACE util.FileUtils (FileUtils.java:deleteFully(201)) - deleteFully target/test/data/29e39a3a/TestRaftStorage/testCleanMetaTmpFile/current
2023-08-27 11:16:32,422 [Time-limited test] TRACE util.FileUtils (LogUtils.java:runAndLog(49)) - Successfully ran Files.delete target/test/data/29e39a3a/TestRaftStorage/testCleanMetaTmpFile/current
2023-08-27 11:16:32,422 [Time-limited test] TRACE util.FileUtils (LogUtils.java:runAndLog(49)) - Successfully ran Files.createDirectories target/test/data/29e39a3a/TestRaftStorage/testCleanMetaTmpFile/current
2023-08-27 11:16:32,422 [Time-limited test] INFO  storage.RaftStorageDirectory (RaftStorageDirectoryImpl.java:clearDirectory(90)) - target/test/data/29e39a3a/TestRaftStorage/testCleanMetaTmpFile/sm already exists.  Deleting it ...
2023-08-27 11:16:32,422 [Time-limited test] TRACE util.FileUtils (FileUtils.java:deleteFully(201)) - deleteFully target/test/data/29e39a3a/TestRaftStorage/testCleanMetaTmpFile/sm
2023-08-27 11:16:32,422 [Time-limited test] TRACE util.FileUtils (LogUtils.java:runAndLog(49)) - Successfully ran Files.delete target/test/data/29e39a3a/TestRaftStorage/testCleanMetaTmpFile/sm
2023-08-27 11:16:32,423 [Time-limited test] TRACE util.FileUtils (LogUtils.java:runAndLog(49)) - Successfully ran Files.createDirectories target/test/data/29e39a3a/TestRaftStorage/testCleanMetaTmpFile/sm
2023-08-27 11:16:32,424 [Time-limited test] INFO  storage.RaftStorage (RaftStorageImpl.java:format(97)) - Storage directory target/test/data/29e39a3a/TestRaftStorage/testCleanMetaTmpFile has been successfully formatted.
2023-08-27 11:16:32,426 [Time-limited test] INFO  storage.RaftStorageDirectory (RaftStorageDirectoryImpl.java:tryLock(232)) - Lock on target/test/data/29e39a3a/TestRaftStorage/testCleanMetaTmpFile/in_use.lock acquired by nodename 2428@fv-az245-795
2023-08-27 11:16:32,427 [Time-limited test] INFO  storage.RaftStorage (RaftStorageImpl.java:analyzeAndRecoverStorage(117)) - Read RaftStorageMetadata{term=0, votedFor=} from target/test/data/29e39a3a/TestRaftStorage/testCleanMetaTmpFile/current/raft-meta
2023-08-27 11:16:32,428 [Time-limited test] TRACE util.FileUtils (FileUtils.java:deleteFully(201)) - deleteFully target/test/data/29e39a3a/TestRaftStorage
2023-08-27 11:16:32,428 [Time-limited test] TRACE util.FileUtils (LogUtils.java:runAndLog(49)) - Successfully ran Files.delete target/test/data/29e39a3a/TestRaftStorage/testCleanMetaTmpFile/in_use.lock
2023-08-27 11:16:32,428 [Time-limited test] TRACE util.FileUtils (LogUtils.java:runAndLog(49)) - Successfully ran Files.delete target/test/data/29e39a3a/TestRaftStorage/testCleanMetaTmpFile/current/raft-meta
2023-08-27 11:16:32,429 [Time-limited test] TRACE util.FileUtils (LogUtils.java:runAndLog(49)) - Successfully ran Files.delete target/test/data/29e39a3a/TestRaftStorage/testCleanMetaTmpFile/current
2023-08-27 11:16:32,429 [Time-limited test] TRACE util.FileUtils (LogUtils.java:runAndLog(49)) - Successfully ran Files.delete target/test/data/29e39a3a/TestRaftStorage/testCleanMetaTmpFile/sm
2023-08-27 11:16:32,429 [Time-limited test] TRACE util.FileUtils (LogUtils.java:runAndLog(49)) - Successfully ran Files.delete target/test/data/29e39a3a/TestRaftStorage/testCleanMetaTmpFile
2023-08-27 11:16:32,429 [Time-limited test] TRACE util.FileUtils (LogUtils.java:runAndLog(49)) - Successfully ran Files.delete target/test/data/29e39a3a/TestRaftStorage
]]></system-out>
  </testcase>
  <testcase name="testSnapshotFileName" classname="org.apache.ratis.server.storage.TestRaftStorage" time="0.016">
    <system-out><![CDATA[2023-08-27 11:16:32,431 [main] INFO  util.LogUtils (Slf4jUtils.java:setLogLevel(38)) - Successfully set org.apache.ratis.conf.ConfUtils log level to WARN
2023-08-27 11:16:32,431 [main] INFO  util.LogUtils (Slf4jUtils.java:setLogLevel(38)) - Successfully set org.apache.ratis.util.FileUtils log level to TRACE
name = snapshot.6329193502860937946_6598853081466984621
file = target/test/data/29e39a3a/TestRaftStorage/testSnapshotFileName/snapshot.6329193502860937946_6598853081466984621
ti = (t:6329193502860937946, i:6598853081466984621)
Good java.lang.IllegalArgumentException: File "target/test/data/29e39a3a/TestRaftStorage/testSnapshotFileName/foo" does not match snapshot file name pattern "snapshot\.(\d+)_(\d+)"
2023-08-27 11:16:32,444 [Time-limited test] TRACE util.FileUtils (FileUtils.java:deleteFully(201)) - deleteFully target/test/data/29e39a3a/TestRaftStorage
2023-08-27 11:16:32,445 [Time-limited test] TRACE util.FileUtils (FileUtils.java:deleteFully(217)) - deleteFully: target/test/data/29e39a3a/TestRaftStorage does not exist.
]]></system-out>
  </testcase>
  <testcase name="testNotEnoughSpace" classname="org.apache.ratis.server.storage.TestRaftStorage" time="1.479">
    <system-out><![CDATA[2023-08-27 11:16:32,446 [main] INFO  util.LogUtils (Slf4jUtils.java:setLogLevel(38)) - Successfully set org.apache.ratis.conf.ConfUtils log level to WARN
2023-08-27 11:16:32,446 [main] INFO  util.LogUtils (Slf4jUtils.java:setLogLevel(38)) - Successfully set org.apache.ratis.util.FileUtils log level to TRACE
2023-08-27 11:16:33,908 [Time-limited test] INFO  storage.RaftStorageDirectory (RaftStorageDirectoryImpl.java:analyzeStorage(138)) - The storage directory /home/runner/work/ratis/ratis/ratis-test/target/test/data/29e39a3a/TestRaftStorage/testNotEnoughSpace does not exist. Creating ...
2023-08-27 11:16:33,909 [Time-limited test] TRACE util.FileUtils (LogUtils.java:runAndLog(49)) - Successfully ran Files.createDirectories target/test/data/29e39a3a/TestRaftStorage/testNotEnoughSpace
2023-08-27 11:16:33,921 [Time-limited test] WARN  storage.RaftStorageDirectory (RaftStorageDirectoryImpl.java:analyzeStorage(161)) - There are not enough space left for directory /home/runner/work/ratis/ratis/ratis-test/target/test/data/29e39a3a/TestRaftStorage/testNotEnoughSpace free space min required: 100M (=104857600) free space actual: 100
2023-08-27 11:16:33,922 [Time-limited test] TRACE util.FileUtils (FileUtils.java:deleteFully(201)) - deleteFully target/test/data/29e39a3a/TestRaftStorage
2023-08-27 11:16:33,923 [Time-limited test] TRACE util.FileUtils (LogUtils.java:runAndLog(49)) - Successfully ran Files.delete target/test/data/29e39a3a/TestRaftStorage/testNotEnoughSpace
2023-08-27 11:16:33,925 [Time-limited test] TRACE util.FileUtils (LogUtils.java:runAndLog(49)) - Successfully ran Files.delete target/test/data/29e39a3a/TestRaftStorage
]]></system-out>
  </testcase>
  <testcase name="testMetaFile" classname="org.apache.ratis.server.storage.TestRaftStorage" time="0.019">
    <system-out><![CDATA[2023-08-27 11:16:33,925 [main] INFO  util.LogUtils (Slf4jUtils.java:setLogLevel(38)) - Successfully set org.apache.ratis.conf.ConfUtils log level to WARN
2023-08-27 11:16:33,926 [main] INFO  util.LogUtils (Slf4jUtils.java:setLogLevel(38)) - Successfully set org.apache.ratis.util.FileUtils log level to TRACE
2023-08-27 11:16:33,929 [Time-limited test] INFO  storage.RaftStorageDirectory (RaftStorageDirectoryImpl.java:analyzeStorage(138)) - The storage directory /home/runner/work/ratis/ratis/ratis-test/target/test/data/29e39a3a/TestRaftStorage/testMetaFile does not exist. Creating ...
2023-08-27 11:16:33,930 [Time-limited test] TRACE util.FileUtils (LogUtils.java:runAndLog(49)) - Successfully ran Files.createDirectories target/test/data/29e39a3a/TestRaftStorage/testMetaFile
2023-08-27 11:16:33,933 [Time-limited test] INFO  storage.RaftStorageDirectory (RaftStorageDirectoryImpl.java:tryLock(232)) - Lock on target/test/data/29e39a3a/TestRaftStorage/testMetaFile/in_use.lock acquired by nodename 2428@fv-az245-795
2023-08-27 11:16:33,933 [Time-limited test] TRACE util.FileUtils (LogUtils.java:runAndLog(49)) - Successfully ran Files.createDirectories target/test/data/29e39a3a/TestRaftStorage/testMetaFile/current
2023-08-27 11:16:33,934 [Time-limited test] TRACE util.FileUtils (LogUtils.java:runAndLog(49)) - Successfully ran Files.createDirectories target/test/data/29e39a3a/TestRaftStorage/testMetaFile/sm
2023-08-27 11:16:33,937 [Time-limited test] INFO  storage.RaftStorage (RaftStorageImpl.java:format(97)) - Storage directory target/test/data/29e39a3a/TestRaftStorage/testMetaFile has been successfully formatted.
2023-08-27 11:16:33,943 [Time-limited test] TRACE util.FileUtils (FileUtils.java:deleteFully(201)) - deleteFully target/test/data/29e39a3a/TestRaftStorage
2023-08-27 11:16:33,943 [Time-limited test] TRACE util.FileUtils (LogUtils.java:runAndLog(49)) - Successfully ran Files.delete target/test/data/29e39a3a/TestRaftStorage/testMetaFile/in_use.lock
2023-08-27 11:16:33,944 [Time-limited test] TRACE util.FileUtils (LogUtils.java:runAndLog(49)) - Successfully ran Files.delete target/test/data/29e39a3a/TestRaftStorage/testMetaFile/current/raft-meta
2023-08-27 11:16:33,944 [Time-limited test] TRACE util.FileUtils (LogUtils.java:runAndLog(49)) - Successfully ran Files.delete target/test/data/29e39a3a/TestRaftStorage/testMetaFile/current
2023-08-27 11:16:33,944 [Time-limited test] TRACE util.FileUtils (LogUtils.java:runAndLog(49)) - Successfully ran Files.delete target/test/data/29e39a3a/TestRaftStorage/testMetaFile/sm
2023-08-27 11:16:33,944 [Time-limited test] TRACE util.FileUtils (LogUtils.java:runAndLog(49)) - Successfully ran Files.delete target/test/data/29e39a3a/TestRaftStorage/testMetaFile
2023-08-27 11:16:33,945 [Time-limited test] TRACE util.FileUtils (LogUtils.java:runAndLog(49)) - Successfully ran Files.delete target/test/data/29e39a3a/TestRaftStorage
]]></system-out>
  </testcase>
  <testcase name="testSnapshotCleanup" classname="org.apache.ratis.server.storage.TestRaftStorage" time="0.025">
    <failure type="java.lang.AssertionError"><![CDATA[java.lang.AssertionError
	at org.junit.Assert.fail(Assert.java:87)
	at org.junit.Assert.assertTrue(Assert.java:42)
	at org.junit.Assert.assertTrue(Assert.java:53)
	at org.apache.ratis.server.storage.TestRaftStorage.testSnapshotCleanup(TestRaftStorage.java:256)
	at java.base/jdk.internal.reflect.NativeMethodAccessorImpl.invoke0(Native Method)
	at java.base/jdk.internal.reflect.NativeMethodAccessorImpl.invoke(NativeMethodAccessorImpl.java:62)
	at java.base/jdk.internal.reflect.DelegatingMethodAccessorImpl.invoke(DelegatingMethodAccessorImpl.java:43)
	at java.base/java.lang.reflect.Method.invoke(Method.java:566)
	at org.junit.runners.model.FrameworkMethod$1.runReflectiveCall(FrameworkMethod.java:59)
	at org.junit.internal.runners.model.ReflectiveCallable.run(ReflectiveCallable.java:12)
	at org.junit.runners.model.FrameworkMethod.invokeExplosively(FrameworkMethod.java:56)
	at org.junit.internal.runners.statements.InvokeMethod.evaluate(InvokeMethod.java:17)
	at org.junit.internal.runners.statements.RunBefores.evaluate(RunBefores.java:26)
	at org.junit.internal.runners.statements.RunAfters.evaluate(RunAfters.java:27)
	at org.junit.internal.runners.statements.FailOnTimeout$CallableStatement.call(FailOnTimeout.java:299)
	at org.junit.internal.runners.statements.FailOnTimeout$CallableStatement.call(FailOnTimeout.java:293)
	at java.base/java.util.concurrent.FutureTask.run(FutureTask.java:264)
	at java.base/java.lang.Thread.run(Thread.java:829)
]]></failure>
    <system-out><![CDATA[2023-08-27 11:16:33,945 [main] INFO  util.LogUtils (Slf4jUtils.java:setLogLevel(38)) - Successfully set org.apache.ratis.conf.ConfUtils log level to WARN
2023-08-27 11:16:33,945 [main] INFO  util.LogUtils (Slf4jUtils.java:setLogLevel(38)) - Successfully set org.apache.ratis.util.FileUtils log level to TRACE
2023-08-27 11:16:33,950 [Time-limited test] INFO  storage.RaftStorageDirectory (RaftStorageDirectoryImpl.java:analyzeStorage(138)) - The storage directory /home/runner/work/ratis/ratis/ratis-test/target/test/data/29e39a3a/TestRaftStorage/testSnapshotCleanup does not exist. Creating ...
2023-08-27 11:16:33,950 [Time-limited test] TRACE util.FileUtils (LogUtils.java:runAndLog(49)) - Successfully ran Files.createDirectories target/test/data/29e39a3a/TestRaftStorage/testSnapshotCleanup
2023-08-27 11:16:33,955 [Time-limited test] INFO  storage.RaftStorageDirectory (RaftStorageDirectoryImpl.java:tryLock(232)) - Lock on target/test/data/29e39a3a/TestRaftStorage/testSnapshotCleanup/in_use.lock acquired by nodename 2428@fv-az245-795
2023-08-27 11:16:33,956 [Time-limited test] TRACE util.FileUtils (LogUtils.java:runAndLog(49)) - Successfully ran Files.createDirectories target/test/data/29e39a3a/TestRaftStorage/testSnapshotCleanup/current
2023-08-27 11:16:33,956 [Time-limited test] TRACE util.FileUtils (LogUtils.java:runAndLog(49)) - Successfully ran Files.createDirectories target/test/data/29e39a3a/TestRaftStorage/testSnapshotCleanup/sm
2023-08-27 11:16:33,958 [Time-limited test] INFO  storage.RaftStorage (RaftStorageImpl.java:format(97)) - Storage directory target/test/data/29e39a3a/TestRaftStorage/testSnapshotCleanup has been successfully formatted.
2023-08-27 11:16:33,961 [Time-limited test] TRACE util.FileUtils (FileUtils.java:deleteFully(201)) - deleteFully target/test/data/29e39a3a/TestRaftStorage
2023-08-27 11:16:33,961 [Time-limited test] TRACE util.FileUtils (LogUtils.java:runAndLog(49)) - Successfully ran Files.delete target/test/data/29e39a3a/TestRaftStorage/testSnapshotCleanup/in_use.lock
2023-08-27 11:16:33,961 [Time-limited test] TRACE util.FileUtils (LogUtils.java:runAndLog(49)) - Successfully ran Files.delete target/test/data/29e39a3a/TestRaftStorage/testSnapshotCleanup/current/raft-meta
2023-08-27 11:16:33,962 [Time-limited test] TRACE util.FileUtils (LogUtils.java:runAndLog(49)) - Successfully ran Files.delete target/test/data/29e39a3a/TestRaftStorage/testSnapshotCleanup/current
2023-08-27 11:16:33,962 [Time-limited test] TRACE util.FileUtils (LogUtils.java:runAndLog(49)) - Successfully ran Files.delete target/test/data/29e39a3a/TestRaftStorage/testSnapshotCleanup/sm/snapshot.9_136
2023-08-27 11:16:33,962 [Time-limited test] TRACE util.FileUtils (LogUtils.java:runAndLog(49)) - Successfully ran Files.delete target/test/data/29e39a3a/TestRaftStorage/testSnapshotCleanup/sm/snapshot.6_738
2023-08-27 11:16:33,962 [Time-limited test] TRACE util.FileUtils (LogUtils.java:runAndLog(49)) - Successfully ran Files.delete target/test/data/29e39a3a/TestRaftStorage/testSnapshotCleanup/sm/snapshot.9_717
2023-08-27 11:16:33,962 [Time-limited test] TRACE util.FileUtils (LogUtils.java:runAndLog(49)) - Successfully ran Files.delete target/test/data/29e39a3a/TestRaftStorage/testSnapshotCleanup/sm/snapshot.3_796
2023-08-27 11:16:33,962 [Time-limited test] TRACE util.FileUtils (LogUtils.java:runAndLog(49)) - Successfully ran Files.delete target/test/data/29e39a3a/TestRaftStorage/testSnapshotCleanup/sm/snapshot.7_194
2023-08-27 11:16:33,962 [Time-limited test] TRACE util.FileUtils (LogUtils.java:runAndLog(49)) - Successfully ran Files.delete target/test/data/29e39a3a/TestRaftStorage/testSnapshotCleanup/sm/snapshot.1_6.md5
2023-08-27 11:16:33,963 [Time-limited test] TRACE util.FileUtils (LogUtils.java:runAndLog(49)) - Successfully ran Files.delete target/test/data/29e39a3a/TestRaftStorage/testSnapshotCleanup/sm
2023-08-27 11:16:33,963 [Time-limited test] TRACE util.FileUtils (LogUtils.java:runAndLog(49)) - Successfully ran Files.delete target/test/data/29e39a3a/TestRaftStorage/testSnapshotCleanup
2023-08-27 11:16:33,963 [Time-limited test] TRACE util.FileUtils (LogUtils.java:runAndLog(49)) - Successfully ran Files.delete target/test/data/29e39a3a/TestRaftStorage
]]></system-out>
  </testcase>
  <testcase name="testNotExistent" classname="org.apache.ratis.server.storage.TestRaftStorage" time="4.035">
    <system-out><![CDATA[2023-08-27 11:16:33,969 [main] INFO  util.LogUtils (Slf4jUtils.java:setLogLevel(38)) - Successfully set org.apache.ratis.conf.ConfUtils log level to WARN
2023-08-27 11:16:33,970 [main] INFO  util.LogUtils (Slf4jUtils.java:setLogLevel(38)) - Successfully set org.apache.ratis.util.FileUtils log level to TRACE
2023-08-27 11:16:33,980 [Time-limited test] TRACE util.FileUtils (FileUtils.java:deleteFully(201)) - deleteFully target/test/data/29e39a3a/TestRaftStorage/testNotExistent
2023-08-27 11:16:33,981 [Time-limited test] TRACE util.FileUtils (FileUtils.java:deleteFully(217)) - deleteFully: target/test/data/29e39a3a/TestRaftStorage/testNotExistent does not exist.
2023-08-27 11:16:33,981 [Time-limited test] INFO  storage.RaftStorageDirectory (RaftStorageDirectoryImpl.java:analyzeStorage(138)) - The storage directory /home/runner/work/ratis/ratis/ratis-test/target/test/data/29e39a3a/TestRaftStorage/testNotExistent does not exist. Creating ...
2023-08-27 11:16:33,981 [Time-limited test] TRACE util.FileUtils (LogUtils.java:runAndLog(49)) - Successfully ran Files.createDirectories target/test/data/29e39a3a/TestRaftStorage/testNotExistent
2023-08-27 11:16:33,983 [Time-limited test] INFO  storage.RaftStorageDirectory (RaftStorageDirectoryImpl.java:tryLock(232)) - Lock on target/test/data/29e39a3a/TestRaftStorage/testNotExistent/in_use.lock acquired by nodename 2428@fv-az245-795
2023-08-27 11:16:33,984 [Time-limited test] TRACE util.FileUtils (LogUtils.java:runAndLog(49)) - Successfully ran Files.createDirectories target/test/data/29e39a3a/TestRaftStorage/testNotExistent/current
2023-08-27 11:16:33,984 [Time-limited test] TRACE util.FileUtils (LogUtils.java:runAndLog(49)) - Successfully ran Files.createDirectories target/test/data/29e39a3a/TestRaftStorage/testNotExistent/sm
2023-08-27 11:16:33,985 [Time-limited test] INFO  storage.RaftStorage (RaftStorageImpl.java:format(97)) - Storage directory target/test/data/29e39a3a/TestRaftStorage/testNotExistent has been successfully formatted.
2023-08-27 11:16:33,987 [Time-limited test] ERROR storage.RaftStorageDirectory (RaftStorageDirectoryImpl.java:tryLock(235)) - It appears that another process has already locked the storage directory: target/test/data/29e39a3a/TestRaftStorage/testNotExistent
java.nio.channels.OverlappingFileLockException
	at java.base/sun.nio.ch.FileLockTable.checkList(FileLockTable.java:229)
	at java.base/sun.nio.ch.FileLockTable.add(FileLockTable.java:123)
	at java.base/sun.nio.ch.FileChannelImpl.tryLock(FileChannelImpl.java:1154)
	at java.base/java.nio.channels.FileChannel.tryLock(FileChannel.java:1165)
	at org.apache.ratis.server.storage.RaftStorageDirectoryImpl.tryLock(RaftStorageDirectoryImpl.java:226)
	at org.apache.ratis.server.storage.RaftStorageDirectoryImpl.lambda$lock$0(RaftStorageDirectoryImpl.java:197)
	at org.apache.ratis.util.JavaUtils.attempt(JavaUtils.java:211)
	at org.apache.ratis.util.FileUtils.attempt(FileUtils.java:40)
	at org.apache.ratis.server.storage.RaftStorageDirectoryImpl.lock(RaftStorageDirectoryImpl.java:197)
	at org.apache.ratis.server.storage.RaftStorageImpl.initialize(RaftStorageImpl.java:60)
	at org.apache.ratis.server.storage.TestRaftStorage.formatRaftStorage(TestRaftStorage.java:82)
	at org.apache.ratis.server.storage.TestRaftStorage.testNotExistent(TestRaftStorage.java:95)
	at java.base/jdk.internal.reflect.NativeMethodAccessorImpl.invoke0(Native Method)
	at java.base/jdk.internal.reflect.NativeMethodAccessorImpl.invoke(NativeMethodAccessorImpl.java:62)
	at java.base/jdk.internal.reflect.DelegatingMethodAccessorImpl.invoke(DelegatingMethodAccessorImpl.java:43)
	at java.base/java.lang.reflect.Method.invoke(Method.java:566)
	at org.junit.runners.model.FrameworkMethod$1.runReflectiveCall(FrameworkMethod.java:59)
	at org.junit.internal.runners.model.ReflectiveCallable.run(ReflectiveCallable.java:12)
	at org.junit.runners.model.FrameworkMethod.invokeExplosively(FrameworkMethod.java:56)
	at org.junit.internal.runners.statements.InvokeMethod.evaluate(InvokeMethod.java:17)
	at org.junit.internal.runners.statements.RunBefores.evaluate(RunBefores.java:26)
	at org.junit.internal.runners.statements.RunAfters.evaluate(RunAfters.java:27)
	at org.junit.internal.runners.statements.FailOnTimeout$CallableStatement.call(FailOnTimeout.java:299)
	at org.junit.internal.runners.statements.FailOnTimeout$CallableStatement.call(FailOnTimeout.java:293)
	at java.base/java.util.concurrent.FutureTask.run(FutureTask.java:264)
	at java.base/java.lang.Thread.run(Thread.java:829)
2023-08-27 11:16:33,993 [Time-limited test] WARN  util.FileUtils (JavaUtils.java:attempt(217)) - FAILED "tryLock target/test/data/29e39a3a/TestRaftStorage/testNotExistent/in_use.lock", attempt #1/5: java.io.IOException: Failed to lock storage target/test/data/29e39a3a/TestRaftStorage/testNotExistent. The directory is already locked, sleep 1s and then retry.
java.io.IOException: Failed to lock storage target/test/data/29e39a3a/TestRaftStorage/testNotExistent. The directory is already locked
	at org.apache.ratis.server.storage.RaftStorageDirectoryImpl.tryLock(RaftStorageDirectoryImpl.java:238)
	at org.apache.ratis.server.storage.RaftStorageDirectoryImpl.lambda$lock$0(RaftStorageDirectoryImpl.java:197)
	at org.apache.ratis.util.JavaUtils.attempt(JavaUtils.java:211)
	at org.apache.ratis.util.FileUtils.attempt(FileUtils.java:40)
	at org.apache.ratis.server.storage.RaftStorageDirectoryImpl.lock(RaftStorageDirectoryImpl.java:197)
	at org.apache.ratis.server.storage.RaftStorageImpl.initialize(RaftStorageImpl.java:60)
	at org.apache.ratis.server.storage.TestRaftStorage.formatRaftStorage(TestRaftStorage.java:82)
	at org.apache.ratis.server.storage.TestRaftStorage.testNotExistent(TestRaftStorage.java:95)
	at java.base/jdk.internal.reflect.NativeMethodAccessorImpl.invoke0(Native Method)
	at java.base/jdk.internal.reflect.NativeMethodAccessorImpl.invoke(NativeMethodAccessorImpl.java:62)
	at java.base/jdk.internal.reflect.DelegatingMethodAccessorImpl.invoke(DelegatingMethodAccessorImpl.java:43)
	at java.base/java.lang.reflect.Method.invoke(Method.java:566)
	at org.junit.runners.model.FrameworkMethod$1.runReflectiveCall(FrameworkMethod.java:59)
	at org.junit.internal.runners.model.ReflectiveCallable.run(ReflectiveCallable.java:12)
	at org.junit.runners.model.FrameworkMethod.invokeExplosively(FrameworkMethod.java:56)
	at org.junit.internal.runners.statements.InvokeMethod.evaluate(InvokeMethod.java:17)
	at org.junit.internal.runners.statements.RunBefores.evaluate(RunBefores.java:26)
	at org.junit.internal.runners.statements.RunAfters.evaluate(RunAfters.java:27)
	at org.junit.internal.runners.statements.FailOnTimeout$CallableStatement.call(FailOnTimeout.java:299)
	at org.junit.internal.runners.statements.FailOnTimeout$CallableStatement.call(FailOnTimeout.java:293)
	at java.base/java.util.concurrent.FutureTask.run(FutureTask.java:264)
	at java.base/java.lang.Thread.run(Thread.java:829)
Caused by: java.nio.channels.OverlappingFileLockException
	at java.base/sun.nio.ch.FileLockTable.checkList(FileLockTable.java:229)
	at java.base/sun.nio.ch.FileLockTable.add(FileLockTable.java:123)
	at java.base/sun.nio.ch.FileChannelImpl.tryLock(FileChannelImpl.java:1154)
	at java.base/java.nio.channels.FileChannel.tryLock(FileChannel.java:1165)
	at org.apache.ratis.server.storage.RaftStorageDirectoryImpl.tryLock(RaftStorageDirectoryImpl.java:226)
	... 21 more
2023-08-27 11:16:34,996 [Time-limited test] ERROR storage.RaftStorageDirectory (RaftStorageDirectoryImpl.java:tryLock(235)) - It appears that another process has already locked the storage directory: target/test/data/29e39a3a/TestRaftStorage/testNotExistent
java.nio.channels.OverlappingFileLockException
	at java.base/sun.nio.ch.FileLockTable.checkList(FileLockTable.java:229)
	at java.base/sun.nio.ch.FileLockTable.add(FileLockTable.java:123)
	at java.base/sun.nio.ch.FileChannelImpl.tryLock(FileChannelImpl.java:1154)
	at java.base/java.nio.channels.FileChannel.tryLock(FileChannel.java:1165)
	at org.apache.ratis.server.storage.RaftStorageDirectoryImpl.tryLock(RaftStorageDirectoryImpl.java:226)
	at org.apache.ratis.server.storage.RaftStorageDirectoryImpl.lambda$lock$0(RaftStorageDirectoryImpl.java:197)
	at org.apache.ratis.util.JavaUtils.attempt(JavaUtils.java:211)
	at org.apache.ratis.util.FileUtils.attempt(FileUtils.java:40)
	at org.apache.ratis.server.storage.RaftStorageDirectoryImpl.lock(RaftStorageDirectoryImpl.java:197)
	at org.apache.ratis.server.storage.RaftStorageImpl.initialize(RaftStorageImpl.java:60)
	at org.apache.ratis.server.storage.TestRaftStorage.formatRaftStorage(TestRaftStorage.java:82)
	at org.apache.ratis.server.storage.TestRaftStorage.testNotExistent(TestRaftStorage.java:95)
	at java.base/jdk.internal.reflect.NativeMethodAccessorImpl.invoke0(Native Method)
	at java.base/jdk.internal.reflect.NativeMethodAccessorImpl.invoke(NativeMethodAccessorImpl.java:62)
	at java.base/jdk.internal.reflect.DelegatingMethodAccessorImpl.invoke(DelegatingMethodAccessorImpl.java:43)
	at java.base/java.lang.reflect.Method.invoke(Method.java:566)
	at org.junit.runners.model.FrameworkMethod$1.runReflectiveCall(FrameworkMethod.java:59)
	at org.junit.internal.runners.model.ReflectiveCallable.run(ReflectiveCallable.java:12)
	at org.junit.runners.model.FrameworkMethod.invokeExplosively(FrameworkMethod.java:56)
	at org.junit.internal.runners.statements.InvokeMethod.evaluate(InvokeMethod.java:17)
	at org.junit.internal.runners.statements.RunBefores.evaluate(RunBefores.java:26)
	at org.junit.internal.runners.statements.RunAfters.evaluate(RunAfters.java:27)
	at org.junit.internal.runners.statements.FailOnTimeout$CallableStatement.call(FailOnTimeout.java:299)
	at org.junit.internal.runners.statements.FailOnTimeout$CallableStatement.call(FailOnTimeout.java:293)
	at java.base/java.util.concurrent.FutureTask.run(FutureTask.java:264)
	at java.base/java.lang.Thread.run(Thread.java:829)
2023-08-27 11:16:34,997 [Time-limited test] WARN  util.FileUtils (JavaUtils.java:attempt(217)) - FAILED "tryLock target/test/data/29e39a3a/TestRaftStorage/testNotExistent/in_use.lock", attempt #2/5: java.io.IOException: Failed to lock storage target/test/data/29e39a3a/TestRaftStorage/testNotExistent. The directory is already locked, sleep 1s and then retry.
java.io.IOException: Failed to lock storage target/test/data/29e39a3a/TestRaftStorage/testNotExistent. The directory is already locked
	at org.apache.ratis.server.storage.RaftStorageDirectoryImpl.tryLock(RaftStorageDirectoryImpl.java:238)
	at org.apache.ratis.server.storage.RaftStorageDirectoryImpl.lambda$lock$0(RaftStorageDirectoryImpl.java:197)
	at org.apache.ratis.util.JavaUtils.attempt(JavaUtils.java:211)
	at org.apache.ratis.util.FileUtils.attempt(FileUtils.java:40)
	at org.apache.ratis.server.storage.RaftStorageDirectoryImpl.lock(RaftStorageDirectoryImpl.java:197)
	at org.apache.ratis.server.storage.RaftStorageImpl.initialize(RaftStorageImpl.java:60)
	at org.apache.ratis.server.storage.TestRaftStorage.formatRaftStorage(TestRaftStorage.java:82)
	at org.apache.ratis.server.storage.TestRaftStorage.testNotExistent(TestRaftStorage.java:95)
	at java.base/jdk.internal.reflect.NativeMethodAccessorImpl.invoke0(Native Method)
	at java.base/jdk.internal.reflect.NativeMethodAccessorImpl.invoke(NativeMethodAccessorImpl.java:62)
	at java.base/jdk.internal.reflect.DelegatingMethodAccessorImpl.invoke(DelegatingMethodAccessorImpl.java:43)
	at java.base/java.lang.reflect.Method.invoke(Method.java:566)
	at org.junit.runners.model.FrameworkMethod$1.runReflectiveCall(FrameworkMethod.java:59)
	at org.junit.internal.runners.model.ReflectiveCallable.run(ReflectiveCallable.java:12)
	at org.junit.runners.model.FrameworkMethod.invokeExplosively(FrameworkMethod.java:56)
	at org.junit.internal.runners.statements.InvokeMethod.evaluate(InvokeMethod.java:17)
	at org.junit.internal.runners.statements.RunBefores.evaluate(RunBefores.java:26)
	at org.junit.internal.runners.statements.RunAfters.evaluate(RunAfters.java:27)
	at org.junit.internal.runners.statements.FailOnTimeout$CallableStatement.call(FailOnTimeout.java:299)
	at org.junit.internal.runners.statements.FailOnTimeout$CallableStatement.call(FailOnTimeout.java:293)
	at java.base/java.util.concurrent.FutureTask.run(FutureTask.java:264)
	at java.base/java.lang.Thread.run(Thread.java:829)
Caused by: java.nio.channels.OverlappingFileLockException
	at java.base/sun.nio.ch.FileLockTable.checkList(FileLockTable.java:229)
	at java.base/sun.nio.ch.FileLockTable.add(FileLockTable.java:123)
	at java.base/sun.nio.ch.FileChannelImpl.tryLock(FileChannelImpl.java:1154)
	at java.base/java.nio.channels.FileChannel.tryLock(FileChannel.java:1165)
	at org.apache.ratis.server.storage.RaftStorageDirectoryImpl.tryLock(RaftStorageDirectoryImpl.java:226)
	... 21 more
2023-08-27 11:16:35,998 [Time-limited test] ERROR storage.RaftStorageDirectory (RaftStorageDirectoryImpl.java:tryLock(235)) - It appears that another process has already locked the storage directory: target/test/data/29e39a3a/TestRaftStorage/testNotExistent
java.nio.channels.OverlappingFileLockException
	at java.base/sun.nio.ch.FileLockTable.checkList(FileLockTable.java:229)
	at java.base/sun.nio.ch.FileLockTable.add(FileLockTable.java:123)
	at java.base/sun.nio.ch.FileChannelImpl.tryLock(FileChannelImpl.java:1154)
	at java.base/java.nio.channels.FileChannel.tryLock(FileChannel.java:1165)
	at org.apache.ratis.server.storage.RaftStorageDirectoryImpl.tryLock(RaftStorageDirectoryImpl.java:226)
	at org.apache.ratis.server.storage.RaftStorageDirectoryImpl.lambda$lock$0(RaftStorageDirectoryImpl.java:197)
	at org.apache.ratis.util.JavaUtils.attempt(JavaUtils.java:211)
	at org.apache.ratis.util.FileUtils.attempt(FileUtils.java:40)
	at org.apache.ratis.server.storage.RaftStorageDirectoryImpl.lock(RaftStorageDirectoryImpl.java:197)
	at org.apache.ratis.server.storage.RaftStorageImpl.initialize(RaftStorageImpl.java:60)
	at org.apache.ratis.server.storage.TestRaftStorage.formatRaftStorage(TestRaftStorage.java:82)
	at org.apache.ratis.server.storage.TestRaftStorage.testNotExistent(TestRaftStorage.java:95)
	at java.base/jdk.internal.reflect.NativeMethodAccessorImpl.invoke0(Native Method)
	at java.base/jdk.internal.reflect.NativeMethodAccessorImpl.invoke(NativeMethodAccessorImpl.java:62)
	at java.base/jdk.internal.reflect.DelegatingMethodAccessorImpl.invoke(DelegatingMethodAccessorImpl.java:43)
	at java.base/java.lang.reflect.Method.invoke(Method.java:566)
	at org.junit.runners.model.FrameworkMethod$1.runReflectiveCall(FrameworkMethod.java:59)
	at org.junit.internal.runners.model.ReflectiveCallable.run(ReflectiveCallable.java:12)
	at org.junit.runners.model.FrameworkMethod.invokeExplosively(FrameworkMethod.java:56)
	at org.junit.internal.runners.statements.InvokeMethod.evaluate(InvokeMethod.java:17)
	at org.junit.internal.runners.statements.RunBefores.evaluate(RunBefores.java:26)
	at org.junit.internal.runners.statements.RunAfters.evaluate(RunAfters.java:27)
	at org.junit.internal.runners.statements.FailOnTimeout$CallableStatement.call(FailOnTimeout.java:299)
	at org.junit.internal.runners.statements.FailOnTimeout$CallableStatement.call(FailOnTimeout.java:293)
	at java.base/java.util.concurrent.FutureTask.run(FutureTask.java:264)
	at java.base/java.lang.Thread.run(Thread.java:829)
2023-08-27 11:16:35,999 [Time-limited test] WARN  util.FileUtils (JavaUtils.java:attempt(217)) - FAILED "tryLock target/test/data/29e39a3a/TestRaftStorage/testNotExistent/in_use.lock", attempt #3/5: java.io.IOException: Failed to lock storage target/test/data/29e39a3a/TestRaftStorage/testNotExistent. The directory is already locked, sleep 1s and then retry.
java.io.IOException: Failed to lock storage target/test/data/29e39a3a/TestRaftStorage/testNotExistent. The directory is already locked
	at org.apache.ratis.server.storage.RaftStorageDirectoryImpl.tryLock(RaftStorageDirectoryImpl.java:238)
	at org.apache.ratis.server.storage.RaftStorageDirectoryImpl.lambda$lock$0(RaftStorageDirectoryImpl.java:197)
	at org.apache.ratis.util.JavaUtils.attempt(JavaUtils.java:211)
	at org.apache.ratis.util.FileUtils.attempt(FileUtils.java:40)
	at org.apache.ratis.server.storage.RaftStorageDirectoryImpl.lock(RaftStorageDirectoryImpl.java:197)
	at org.apache.ratis.server.storage.RaftStorageImpl.initialize(RaftStorageImpl.java:60)
	at org.apache.ratis.server.storage.TestRaftStorage.formatRaftStorage(TestRaftStorage.java:82)
	at org.apache.ratis.server.storage.TestRaftStorage.testNotExistent(TestRaftStorage.java:95)
	at java.base/jdk.internal.reflect.NativeMethodAccessorImpl.invoke0(Native Method)
	at java.base/jdk.internal.reflect.NativeMethodAccessorImpl.invoke(NativeMethodAccessorImpl.java:62)
	at java.base/jdk.internal.reflect.DelegatingMethodAccessorImpl.invoke(DelegatingMethodAccessorImpl.java:43)
	at java.base/java.lang.reflect.Method.invoke(Method.java:566)
	at org.junit.runners.model.FrameworkMethod$1.runReflectiveCall(FrameworkMethod.java:59)
	at org.junit.internal.runners.model.ReflectiveCallable.run(ReflectiveCallable.java:12)
	at org.junit.runners.model.FrameworkMethod.invokeExplosively(FrameworkMethod.java:56)
	at org.junit.internal.runners.statements.InvokeMethod.evaluate(InvokeMethod.java:17)
	at org.junit.internal.runners.statements.RunBefores.evaluate(RunBefores.java:26)
	at org.junit.internal.runners.statements.RunAfters.evaluate(RunAfters.java:27)
	at org.junit.internal.runners.statements.FailOnTimeout$CallableStatement.call(FailOnTimeout.java:299)
	at org.junit.internal.runners.statements.FailOnTimeout$CallableStatement.call(FailOnTimeout.java:293)
	at java.base/java.util.concurrent.FutureTask.run(FutureTask.java:264)
	at java.base/java.lang.Thread.run(Thread.java:829)
Caused by: java.nio.channels.OverlappingFileLockException
	at java.base/sun.nio.ch.FileLockTable.checkList(FileLockTable.java:229)
	at java.base/sun.nio.ch.FileLockTable.add(FileLockTable.java:123)
	at java.base/sun.nio.ch.FileChannelImpl.tryLock(FileChannelImpl.java:1154)
	at java.base/java.nio.channels.FileChannel.tryLock(FileChannel.java:1165)
	at org.apache.ratis.server.storage.RaftStorageDirectoryImpl.tryLock(RaftStorageDirectoryImpl.java:226)
	... 21 more
2023-08-27 11:16:37,000 [Time-limited test] ERROR storage.RaftStorageDirectory (RaftStorageDirectoryImpl.java:tryLock(235)) - It appears that another process has already locked the storage directory: target/test/data/29e39a3a/TestRaftStorage/testNotExistent
java.nio.channels.OverlappingFileLockException
	at java.base/sun.nio.ch.FileLockTable.checkList(FileLockTable.java:229)
	at java.base/sun.nio.ch.FileLockTable.add(FileLockTable.java:123)
	at java.base/sun.nio.ch.FileChannelImpl.tryLock(FileChannelImpl.java:1154)
	at java.base/java.nio.channels.FileChannel.tryLock(FileChannel.java:1165)
	at org.apache.ratis.server.storage.RaftStorageDirectoryImpl.tryLock(RaftStorageDirectoryImpl.java:226)
	at org.apache.ratis.server.storage.RaftStorageDirectoryImpl.lambda$lock$0(RaftStorageDirectoryImpl.java:197)
	at org.apache.ratis.util.JavaUtils.attempt(JavaUtils.java:211)
	at org.apache.ratis.util.FileUtils.attempt(FileUtils.java:40)
	at org.apache.ratis.server.storage.RaftStorageDirectoryImpl.lock(RaftStorageDirectoryImpl.java:197)
	at org.apache.ratis.server.storage.RaftStorageImpl.initialize(RaftStorageImpl.java:60)
	at org.apache.ratis.server.storage.TestRaftStorage.formatRaftStorage(TestRaftStorage.java:82)
	at org.apache.ratis.server.storage.TestRaftStorage.testNotExistent(TestRaftStorage.java:95)
	at java.base/jdk.internal.reflect.NativeMethodAccessorImpl.invoke0(Native Method)
	at java.base/jdk.internal.reflect.NativeMethodAccessorImpl.invoke(NativeMethodAccessorImpl.java:62)
	at java.base/jdk.internal.reflect.DelegatingMethodAccessorImpl.invoke(DelegatingMethodAccessorImpl.java:43)
	at java.base/java.lang.reflect.Method.invoke(Method.java:566)
	at org.junit.runners.model.FrameworkMethod$1.runReflectiveCall(FrameworkMethod.java:59)
	at org.junit.internal.runners.model.ReflectiveCallable.run(ReflectiveCallable.java:12)
	at org.junit.runners.model.FrameworkMethod.invokeExplosively(FrameworkMethod.java:56)
	at org.junit.internal.runners.statements.InvokeMethod.evaluate(InvokeMethod.java:17)
	at org.junit.internal.runners.statements.RunBefores.evaluate(RunBefores.java:26)
	at org.junit.internal.runners.statements.RunAfters.evaluate(RunAfters.java:27)
	at org.junit.internal.runners.statements.FailOnTimeout$CallableStatement.call(FailOnTimeout.java:299)
	at org.junit.internal.runners.statements.FailOnTimeout$CallableStatement.call(FailOnTimeout.java:293)
	at java.base/java.util.concurrent.FutureTask.run(FutureTask.java:264)
	at java.base/java.lang.Thread.run(Thread.java:829)
2023-08-27 11:16:37,001 [Time-limited test] WARN  util.FileUtils (JavaUtils.java:attempt(217)) - FAILED "tryLock target/test/data/29e39a3a/TestRaftStorage/testNotExistent/in_use.lock", attempt #4/5: java.io.IOException: Failed to lock storage target/test/data/29e39a3a/TestRaftStorage/testNotExistent. The directory is already locked, sleep 1s and then retry.
java.io.IOException: Failed to lock storage target/test/data/29e39a3a/TestRaftStorage/testNotExistent. The directory is already locked
	at org.apache.ratis.server.storage.RaftStorageDirectoryImpl.tryLock(RaftStorageDirectoryImpl.java:238)
	at org.apache.ratis.server.storage.RaftStorageDirectoryImpl.lambda$lock$0(RaftStorageDirectoryImpl.java:197)
	at org.apache.ratis.util.JavaUtils.attempt(JavaUtils.java:211)
	at org.apache.ratis.util.FileUtils.attempt(FileUtils.java:40)
	at org.apache.ratis.server.storage.RaftStorageDirectoryImpl.lock(RaftStorageDirectoryImpl.java:197)
	at org.apache.ratis.server.storage.RaftStorageImpl.initialize(RaftStorageImpl.java:60)
	at org.apache.ratis.server.storage.TestRaftStorage.formatRaftStorage(TestRaftStorage.java:82)
	at org.apache.ratis.server.storage.TestRaftStorage.testNotExistent(TestRaftStorage.java:95)
	at java.base/jdk.internal.reflect.NativeMethodAccessorImpl.invoke0(Native Method)
	at java.base/jdk.internal.reflect.NativeMethodAccessorImpl.invoke(NativeMethodAccessorImpl.java:62)
	at java.base/jdk.internal.reflect.DelegatingMethodAccessorImpl.invoke(DelegatingMethodAccessorImpl.java:43)
	at java.base/java.lang.reflect.Method.invoke(Method.java:566)
	at org.junit.runners.model.FrameworkMethod$1.runReflectiveCall(FrameworkMethod.java:59)
	at org.junit.internal.runners.model.ReflectiveCallable.run(ReflectiveCallable.java:12)
	at org.junit.runners.model.FrameworkMethod.invokeExplosively(FrameworkMethod.java:56)
	at org.junit.internal.runners.statements.InvokeMethod.evaluate(InvokeMethod.java:17)
	at org.junit.internal.runners.statements.RunBefores.evaluate(RunBefores.java:26)
	at org.junit.internal.runners.statements.RunAfters.evaluate(RunAfters.java:27)
	at org.junit.internal.runners.statements.FailOnTimeout$CallableStatement.call(FailOnTimeout.java:299)
	at org.junit.internal.runners.statements.FailOnTimeout$CallableStatement.call(FailOnTimeout.java:293)
	at java.base/java.util.concurrent.FutureTask.run(FutureTask.java:264)
	at java.base/java.lang.Thread.run(Thread.java:829)
Caused by: java.nio.channels.OverlappingFileLockException
	at java.base/sun.nio.ch.FileLockTable.checkList(FileLockTable.java:229)
	at java.base/sun.nio.ch.FileLockTable.add(FileLockTable.java:123)
	at java.base/sun.nio.ch.FileChannelImpl.tryLock(FileChannelImpl.java:1154)
	at java.base/java.nio.channels.FileChannel.tryLock(FileChannel.java:1165)
	at org.apache.ratis.server.storage.RaftStorageDirectoryImpl.tryLock(RaftStorageDirectoryImpl.java:226)
	... 21 more
2023-08-27 11:16:38,002 [Time-limited test] ERROR storage.RaftStorageDirectory (RaftStorageDirectoryImpl.java:tryLock(235)) - It appears that another process has already locked the storage directory: target/test/data/29e39a3a/TestRaftStorage/testNotExistent
java.nio.channels.OverlappingFileLockException
	at java.base/sun.nio.ch.FileLockTable.checkList(FileLockTable.java:229)
	at java.base/sun.nio.ch.FileLockTable.add(FileLockTable.java:123)
	at java.base/sun.nio.ch.FileChannelImpl.tryLock(FileChannelImpl.java:1154)
	at java.base/java.nio.channels.FileChannel.tryLock(FileChannel.java:1165)
	at org.apache.ratis.server.storage.RaftStorageDirectoryImpl.tryLock(RaftStorageDirectoryImpl.java:226)
	at org.apache.ratis.server.storage.RaftStorageDirectoryImpl.lambda$lock$0(RaftStorageDirectoryImpl.java:197)
	at org.apache.ratis.util.JavaUtils.attempt(JavaUtils.java:211)
	at org.apache.ratis.util.FileUtils.attempt(FileUtils.java:40)
	at org.apache.ratis.server.storage.RaftStorageDirectoryImpl.lock(RaftStorageDirectoryImpl.java:197)
	at org.apache.ratis.server.storage.RaftStorageImpl.initialize(RaftStorageImpl.java:60)
	at org.apache.ratis.server.storage.TestRaftStorage.formatRaftStorage(TestRaftStorage.java:82)
	at org.apache.ratis.server.storage.TestRaftStorage.testNotExistent(TestRaftStorage.java:95)
	at java.base/jdk.internal.reflect.NativeMethodAccessorImpl.invoke0(Native Method)
	at java.base/jdk.internal.reflect.NativeMethodAccessorImpl.invoke(NativeMethodAccessorImpl.java:62)
	at java.base/jdk.internal.reflect.DelegatingMethodAccessorImpl.invoke(DelegatingMethodAccessorImpl.java:43)
	at java.base/java.lang.reflect.Method.invoke(Method.java:566)
	at org.junit.runners.model.FrameworkMethod$1.runReflectiveCall(FrameworkMethod.java:59)
	at org.junit.internal.runners.model.ReflectiveCallable.run(ReflectiveCallable.java:12)
	at org.junit.runners.model.FrameworkMethod.invokeExplosively(FrameworkMethod.java:56)
	at org.junit.internal.runners.statements.InvokeMethod.evaluate(InvokeMethod.java:17)
	at org.junit.internal.runners.statements.RunBefores.evaluate(RunBefores.java:26)
	at org.junit.internal.runners.statements.RunAfters.evaluate(RunAfters.java:27)
	at org.junit.internal.runners.statements.FailOnTimeout$CallableStatement.call(FailOnTimeout.java:299)
	at org.junit.internal.runners.statements.FailOnTimeout$CallableStatement.call(FailOnTimeout.java:293)
	at java.base/java.util.concurrent.FutureTask.run(FutureTask.java:264)
	at java.base/java.lang.Thread.run(Thread.java:829)
2023-08-27 11:16:38,003 [Time-limited test] TRACE util.FileUtils (FileUtils.java:deleteFully(201)) - deleteFully target/test/data/29e39a3a/TestRaftStorage/testNotExistent
2023-08-27 11:16:38,003 [Time-limited test] TRACE util.FileUtils (LogUtils.java:runAndLog(49)) - Successfully ran Files.delete target/test/data/29e39a3a/TestRaftStorage/testNotExistent/in_use.lock
2023-08-27 11:16:38,003 [Time-limited test] TRACE util.FileUtils (LogUtils.java:runAndLog(49)) - Successfully ran Files.delete target/test/data/29e39a3a/TestRaftStorage/testNotExistent/current/raft-meta
2023-08-27 11:16:38,003 [Time-limited test] TRACE util.FileUtils (LogUtils.java:runAndLog(49)) - Successfully ran Files.delete target/test/data/29e39a3a/TestRaftStorage/testNotExistent/current
2023-08-27 11:16:38,003 [Time-limited test] TRACE util.FileUtils (LogUtils.java:runAndLog(49)) - Successfully ran Files.delete target/test/data/29e39a3a/TestRaftStorage/testNotExistent/sm
2023-08-27 11:16:38,004 [Time-limited test] TRACE util.FileUtils (LogUtils.java:runAndLog(49)) - Successfully ran Files.delete target/test/data/29e39a3a/TestRaftStorage/testNotExistent
2023-08-27 11:16:38,004 [Time-limited test] WARN  storage.RaftStorageDirectory (RaftStorageDirectoryImpl.java:analyzeStorage(143)) - /home/runner/work/ratis/ratis/ratis-test/target/test/data/29e39a3a/TestRaftStorage/testNotExistent is not a directory
2023-08-27 11:16:38,004 [Time-limited test] TRACE util.FileUtils (FileUtils.java:deleteFully(201)) - deleteFully target/test/data/29e39a3a/TestRaftStorage
2023-08-27 11:16:38,004 [Time-limited test] TRACE util.FileUtils (LogUtils.java:runAndLog(49)) - Successfully ran Files.delete target/test/data/29e39a3a/TestRaftStorage/testNotExistent
2023-08-27 11:16:38,004 [Time-limited test] TRACE util.FileUtils (LogUtils.java:runAndLog(49)) - Successfully ran Files.delete target/test/data/29e39a3a/TestRaftStorage
]]></system-out>
  </testcase>
  <testcase name="testStorage" classname="org.apache.ratis.server.storage.TestRaftStorage" time="0.017">
    <system-out><![CDATA[2023-08-27 11:16:38,005 [main] INFO  util.LogUtils (Slf4jUtils.java:setLogLevel(38)) - Successfully set org.apache.ratis.conf.ConfUtils log level to WARN
2023-08-27 11:16:38,005 [main] INFO  util.LogUtils (Slf4jUtils.java:setLogLevel(38)) - Successfully set org.apache.ratis.util.FileUtils log level to TRACE
2023-08-27 11:16:38,007 [Time-limited test] INFO  storage.RaftStorageDirectory (RaftStorageDirectoryImpl.java:analyzeStorage(138)) - The storage directory /home/runner/work/ratis/ratis/ratis-test/target/test/data/29e39a3a/TestRaftStorage/testStorage does not exist. Creating ...
2023-08-27 11:16:38,008 [Time-limited test] TRACE util.FileUtils (LogUtils.java:runAndLog(49)) - Successfully ran Files.createDirectories target/test/data/29e39a3a/TestRaftStorage/testStorage
2023-08-27 11:16:38,010 [Time-limited test] INFO  storage.RaftStorageDirectory (RaftStorageDirectoryImpl.java:tryLock(232)) - Lock on target/test/data/29e39a3a/TestRaftStorage/testStorage/in_use.lock acquired by nodename 2428@fv-az245-795
2023-08-27 11:16:38,012 [Time-limited test] INFO  storage.RaftStorageDirectory (RaftStorageDirectoryImpl.java:tryLock(232)) - Lock on target/test/data/29e39a3a/TestRaftStorage/testStorage/in_use.lock acquired by nodename 2428@fv-az245-795
2023-08-27 11:16:38,012 [Time-limited test] TRACE util.FileUtils (LogUtils.java:runAndLog(49)) - Successfully ran Files.createDirectories target/test/data/29e39a3a/TestRaftStorage/testStorage/current
2023-08-27 11:16:38,013 [Time-limited test] TRACE util.FileUtils (LogUtils.java:runAndLog(49)) - Successfully ran Files.createDirectories target/test/data/29e39a3a/TestRaftStorage/testStorage/sm
2023-08-27 11:16:38,014 [Time-limited test] INFO  storage.RaftStorage (RaftStorageImpl.java:format(97)) - Storage directory target/test/data/29e39a3a/TestRaftStorage/testStorage has been successfully formatted.
2023-08-27 11:16:38,017 [Time-limited test] INFO  storage.RaftStorageDirectory (RaftStorageDirectoryImpl.java:tryLock(232)) - Lock on target/test/data/29e39a3a/TestRaftStorage/testStorage/in_use.lock acquired by nodename 2428@fv-az245-795
2023-08-27 11:16:38,017 [Time-limited test] INFO  storage.RaftStorageDirectory (RaftStorageDirectoryImpl.java:clearDirectory(90)) - target/test/data/29e39a3a/TestRaftStorage/testStorage/current already exists.  Deleting it ...
2023-08-27 11:16:38,017 [Time-limited test] TRACE util.FileUtils (FileUtils.java:deleteFully(201)) - deleteFully target/test/data/29e39a3a/TestRaftStorage/testStorage/current
2023-08-27 11:16:38,017 [Time-limited test] TRACE util.FileUtils (LogUtils.java:runAndLog(49)) - Successfully ran Files.delete target/test/data/29e39a3a/TestRaftStorage/testStorage/current/raft-meta
2023-08-27 11:16:38,017 [Time-limited test] TRACE util.FileUtils (LogUtils.java:runAndLog(49)) - Successfully ran Files.delete target/test/data/29e39a3a/TestRaftStorage/testStorage/current
2023-08-27 11:16:38,018 [Time-limited test] TRACE util.FileUtils (LogUtils.java:runAndLog(49)) - Successfully ran Files.createDirectories target/test/data/29e39a3a/TestRaftStorage/testStorage/current
2023-08-27 11:16:38,018 [Time-limited test] INFO  storage.RaftStorageDirectory (RaftStorageDirectoryImpl.java:clearDirectory(90)) - target/test/data/29e39a3a/TestRaftStorage/testStorage/sm already exists.  Deleting it ...
2023-08-27 11:16:38,018 [Time-limited test] TRACE util.FileUtils (FileUtils.java:deleteFully(201)) - deleteFully target/test/data/29e39a3a/TestRaftStorage/testStorage/sm
2023-08-27 11:16:38,018 [Time-limited test] TRACE util.FileUtils (LogUtils.java:runAndLog(49)) - Successfully ran Files.delete target/test/data/29e39a3a/TestRaftStorage/testStorage/sm
2023-08-27 11:16:38,018 [Time-limited test] TRACE util.FileUtils (LogUtils.java:runAndLog(49)) - Successfully ran Files.createDirectories target/test/data/29e39a3a/TestRaftStorage/testStorage/sm
2023-08-27 11:16:38,020 [Time-limited test] INFO  storage.RaftStorage (RaftStorageImpl.java:format(97)) - Storage directory target/test/data/29e39a3a/TestRaftStorage/testStorage has been successfully formatted.
2023-08-27 11:16:38,020 [Time-limited test] TRACE util.FileUtils (FileUtils.java:deleteFully(201)) - deleteFully target/test/data/29e39a3a/TestRaftStorage
2023-08-27 11:16:38,020 [Time-limited test] TRACE util.FileUtils (LogUtils.java:runAndLog(49)) - Successfully ran Files.delete target/test/data/29e39a3a/TestRaftStorage/testStorage/in_use.lock
2023-08-27 11:16:38,021 [Time-limited test] TRACE util.FileUtils (LogUtils.java:runAndLog(49)) - Successfully ran Files.delete target/test/data/29e39a3a/TestRaftStorage/testStorage/current/raft-meta
2023-08-27 11:16:38,021 [Time-limited test] TRACE util.FileUtils (LogUtils.java:runAndLog(49)) - Successfully ran Files.delete target/test/data/29e39a3a/TestRaftStorage/testStorage/current
2023-08-27 11:16:38,021 [Time-limited test] TRACE util.FileUtils (LogUtils.java:runAndLog(49)) - Successfully ran Files.delete target/test/data/29e39a3a/TestRaftStorage/testStorage/sm
2023-08-27 11:16:38,021 [Time-limited test] TRACE util.FileUtils (LogUtils.java:runAndLog(49)) - Successfully ran Files.delete target/test/data/29e39a3a/TestRaftStorage/testStorage
2023-08-27 11:16:38,021 [Time-limited test] TRACE util.FileUtils (LogUtils.java:runAndLog(49)) - Successfully ran Files.delete target/test/data/29e39a3a/TestRaftStorage
]]></system-out>
  </testcase>
</testsuite>