-------------------------------------------------------------------------------
Test set: org.apache.ratis.server.simulation.TestRaftWithSimulatedRpc
-------------------------------------------------------------------------------
Tests run: 6, Failures: 1, Errors: 0, Skipped: 0, Time elapsed: 70.711 s <<< FAILURE! - in org.apache.ratis.server.simulation.TestRaftWithSimulatedRpc
org.apache.ratis.server.simulation.TestRaftWithSimulatedRpc.testStateMachineMetrics  Time elapsed: 2.154 s  <<< FAILURE!
org.opentest4j.AssertionFailedError: StateMachine Applied Index not incremented ==> expected: <true> but was: <false>
	at org.apache.ratis.RaftBasicTests.runTestStateMachineMetrics(RaftBasicTests.java:479)
	at org.apache.ratis.RaftBasicTests.lambda$testStateMachineMetrics$13(RaftBasicTests.java:453)
	at org.apache.ratis.server.impl.MiniRaftCluster$Factory$Get.runWithNewCluster(MiniRaftCluster.java:144)
	at org.apache.ratis.server.impl.MiniRaftCluster$Factory$Get.runWithNewCluster(MiniRaftCluster.java:121)
	at org.apache.ratis.RaftBasicTests.testStateMachineMetrics(RaftBasicTests.java:453)
	at java.lang.reflect.Method.invoke(Method.java:498)
	at java.util.ArrayList.forEach(ArrayList.java:1259)
	at java.util.ArrayList.forEach(ArrayList.java:1259)

