SLF4J: Class path contains multiple SLF4J bindings.
SLF4J: Found binding in [jar:file:/home/runner/.m2/repository/org/slf4j/slf4j-log4j12/1.7.29/slf4j-log4j12-1.7.29.jar!/org/slf4j/impl/StaticLoggerBinder.class]
SLF4J: Found binding in [jar:file:/home/runner/.m2/repository/org/slf4j/slf4j-simple/1.7.29/slf4j-simple-1.7.29.jar!/org/slf4j/impl/StaticLoggerBinder.class]
SLF4J: See http://www.slf4j.org/codes.html#multiple_bindings for an explanation.
SLF4J: Actual binding is of type [org.slf4j.impl.Log4jLoggerFactory]
2022-10-13 02:42:37,191 [main] INFO  util.LogUtils (Log4jUtils.java:setLogLevel(32)) - Set org.apache.ratis.conf.ConfUtils log level to WARN
2022-10-13 02:42:37,194 [main] INFO  util.LogUtils (Log4jUtils.java:setLogLevel(32)) - Set org.apache.ratis.util.FileUtils log level to TRACE
2022-10-13 02:42:37,228 [Time-limited test] INFO  storage.RaftStorageDirectory (RaftStorageDirectoryImpl.java:analyzeStorage(138)) - The storage directory /home/runner/work/ratis/ratis/ratis-test/target/test/data/39623287/TestRaftStorage/testCleanMetaTmpFile does not exist. Creating ...
2022-10-13 02:42:37,236 [Time-limited test] TRACE util.FileUtils (LogUtils.java:runAndLog(49)) - Successfully ran Files.createDirectories target/test/data/39623287/TestRaftStorage/testCleanMetaTmpFile
2022-10-13 02:42:37,243 [Time-limited test] INFO  storage.RaftStorageDirectory (RaftStorageDirectoryImpl.java:tryLock(232)) - Lock on target/test/data/39623287/TestRaftStorage/testCleanMetaTmpFile/in_use.lock acquired by nodename 6236@fv-az191-772
2022-10-13 02:42:37,245 [Time-limited test] TRACE util.FileUtils (LogUtils.java:runAndLog(49)) - Successfully ran Files.createDirectories target/test/data/39623287/TestRaftStorage/testCleanMetaTmpFile/current
2022-10-13 02:42:37,245 [Time-limited test] TRACE util.FileUtils (LogUtils.java:runAndLog(49)) - Successfully ran Files.createDirectories target/test/data/39623287/TestRaftStorage/testCleanMetaTmpFile/sm
2022-10-13 02:42:37,285 [Time-limited test] INFO  storage.RaftStorage (RaftStorageImpl.java:format(96)) - Storage directory target/test/data/39623287/TestRaftStorage/testCleanMetaTmpFile has been successfully formatted.
2022-10-13 02:42:37,288 [Time-limited test] TRACE util.FileUtils (LogUtils.java:runAndLog(49)) - Successfully ran Atomic Files.move target/test/data/39623287/TestRaftStorage/testCleanMetaTmpFile/current/raft-meta to target/test/data/39623287/TestRaftStorage/testCleanMetaTmpFile/current/raft-meta.tmp
2022-10-13 02:42:37,290 [Time-limited test] INFO  storage.RaftStorageDirectory (RaftStorageDirectoryImpl.java:tryLock(232)) - Lock on target/test/data/39623287/TestRaftStorage/testCleanMetaTmpFile/in_use.lock acquired by nodename 6236@fv-az191-772
2022-10-13 02:42:37,291 [Time-limited test] INFO  storage.RaftStorageDirectory (RaftStorageDirectoryImpl.java:clearDirectory(90)) - target/test/data/39623287/TestRaftStorage/testCleanMetaTmpFile/current already exists.  Deleting it ...
2022-10-13 02:42:37,291 [Time-limited test] TRACE util.FileUtils (FileUtils.java:deleteFully(168)) - deleteFully target/test/data/39623287/TestRaftStorage/testCleanMetaTmpFile/current
2022-10-13 02:42:37,293 [Time-limited test] TRACE util.FileUtils (LogUtils.java:runAndLog(49)) - Successfully ran Files.delete target/test/data/39623287/TestRaftStorage/testCleanMetaTmpFile/current
2022-10-13 02:42:37,294 [Time-limited test] TRACE util.FileUtils (LogUtils.java:runAndLog(49)) - Successfully ran Files.createDirectories target/test/data/39623287/TestRaftStorage/testCleanMetaTmpFile/current
2022-10-13 02:42:37,294 [Time-limited test] INFO  storage.RaftStorageDirectory (RaftStorageDirectoryImpl.java:clearDirectory(90)) - target/test/data/39623287/TestRaftStorage/testCleanMetaTmpFile/sm already exists.  Deleting it ...
2022-10-13 02:42:37,295 [Time-limited test] TRACE util.FileUtils (FileUtils.java:deleteFully(168)) - deleteFully target/test/data/39623287/TestRaftStorage/testCleanMetaTmpFile/sm
2022-10-13 02:42:37,297 [Time-limited test] TRACE util.FileUtils (LogUtils.java:runAndLog(49)) - Successfully ran Files.delete target/test/data/39623287/TestRaftStorage/testCleanMetaTmpFile/sm
2022-10-13 02:42:37,297 [Time-limited test] TRACE util.FileUtils (LogUtils.java:runAndLog(49)) - Successfully ran Files.createDirectories target/test/data/39623287/TestRaftStorage/testCleanMetaTmpFile/sm
2022-10-13 02:42:37,298 [Time-limited test] INFO  storage.RaftStorage (RaftStorageImpl.java:format(96)) - Storage directory target/test/data/39623287/TestRaftStorage/testCleanMetaTmpFile has been successfully formatted.
2022-10-13 02:42:37,299 [Time-limited test] INFO  storage.RaftStorageDirectory (RaftStorageDirectoryImpl.java:tryLock(232)) - Lock on target/test/data/39623287/TestRaftStorage/testCleanMetaTmpFile/in_use.lock acquired by nodename 6236@fv-az191-772
2022-10-13 02:42:37,300 [Time-limited test] INFO  storage.RaftStorage (RaftStorageImpl.java:analyzeAndRecoverStorage(117)) - Read RaftStorageMetadata{term=0, votedFor=} from target/test/data/39623287/TestRaftStorage/testCleanMetaTmpFile/current/raft-meta
2022-10-13 02:42:37,301 [Time-limited test] TRACE util.FileUtils (FileUtils.java:deleteFully(168)) - deleteFully target/test/data/39623287/TestRaftStorage
2022-10-13 02:42:37,302 [Time-limited test] TRACE util.FileUtils (LogUtils.java:runAndLog(49)) - Successfully ran Files.delete target/test/data/39623287/TestRaftStorage/testCleanMetaTmpFile/in_use.lock
2022-10-13 02:42:37,302 [Time-limited test] TRACE util.FileUtils (LogUtils.java:runAndLog(49)) - Successfully ran Files.delete target/test/data/39623287/TestRaftStorage/testCleanMetaTmpFile/sm
2022-10-13 02:42:37,302 [Time-limited test] TRACE util.FileUtils (LogUtils.java:runAndLog(49)) - Successfully ran Files.delete target/test/data/39623287/TestRaftStorage/testCleanMetaTmpFile/current/raft-meta
2022-10-13 02:42:37,303 [Time-limited test] TRACE util.FileUtils (LogUtils.java:runAndLog(49)) - Successfully ran Files.delete target/test/data/39623287/TestRaftStorage/testCleanMetaTmpFile/current
2022-10-13 02:42:37,303 [Time-limited test] TRACE util.FileUtils (LogUtils.java:runAndLog(49)) - Successfully ran Files.delete target/test/data/39623287/TestRaftStorage/testCleanMetaTmpFile
2022-10-13 02:42:37,303 [Time-limited test] TRACE util.FileUtils (LogUtils.java:runAndLog(49)) - Successfully ran Files.delete target/test/data/39623287/TestRaftStorage
2022-10-13 02:42:37,306 [main] INFO  util.LogUtils (Log4jUtils.java:setLogLevel(32)) - Set org.apache.ratis.conf.ConfUtils log level to WARN
2022-10-13 02:42:37,306 [main] INFO  util.LogUtils (Log4jUtils.java:setLogLevel(32)) - Set org.apache.ratis.util.FileUtils log level to TRACE
name = snapshot.4758529366363053529_5251119144281723428
file = target/test/data/39623287/TestRaftStorage/testSnapshotFileName/snapshot.4758529366363053529_5251119144281723428
ti = (t:4758529366363053529, i:5251119144281723428)
Good java.lang.IllegalArgumentException: File "target/test/data/39623287/TestRaftStorage/testSnapshotFileName/foo" does not match snapshot file name pattern "snapshot\.(\d+)_(\d+)"
2022-10-13 02:42:37,317 [Time-limited test] TRACE util.FileUtils (FileUtils.java:deleteFully(168)) - deleteFully target/test/data/39623287/TestRaftStorage
2022-10-13 02:42:37,317 [Time-limited test] TRACE util.FileUtils (FileUtils.java:deleteFully(184)) - deleteFully: target/test/data/39623287/TestRaftStorage does not exist.
2022-10-13 02:42:37,318 [main] INFO  util.LogUtils (Log4jUtils.java:setLogLevel(32)) - Set org.apache.ratis.conf.ConfUtils log level to WARN
2022-10-13 02:42:37,318 [main] INFO  util.LogUtils (Log4jUtils.java:setLogLevel(32)) - Set org.apache.ratis.util.FileUtils log level to TRACE
2022-10-13 02:42:38,574 [Time-limited test] INFO  storage.RaftStorageDirectory (RaftStorageDirectoryImpl.java:analyzeStorage(138)) - The storage directory /home/runner/work/ratis/ratis/ratis-test/target/test/data/39623287/TestRaftStorage/testNotEnoughSpace does not exist. Creating ...
2022-10-13 02:42:38,574 [Time-limited test] TRACE util.FileUtils (LogUtils.java:runAndLog(49)) - Successfully ran Files.createDirectories target/test/data/39623287/TestRaftStorage/testNotEnoughSpace
2022-10-13 02:42:38,581 [Time-limited test] WARN  storage.RaftStorageDirectory (RaftStorageDirectoryImpl.java:analyzeStorage(161)) - There are not enough space left for directory /home/runner/work/ratis/ratis/ratis-test/target/test/data/39623287/TestRaftStorage/testNotEnoughSpace free space min required: 100M (=104857600) free space actual: 100
2022-10-13 02:42:38,588 [Time-limited test] TRACE util.FileUtils (FileUtils.java:deleteFully(168)) - deleteFully target/test/data/39623287/TestRaftStorage
2022-10-13 02:42:38,588 [Time-limited test] TRACE util.FileUtils (LogUtils.java:runAndLog(49)) - Successfully ran Files.delete target/test/data/39623287/TestRaftStorage/testNotEnoughSpace
2022-10-13 02:42:38,589 [Time-limited test] TRACE util.FileUtils (LogUtils.java:runAndLog(49)) - Successfully ran Files.delete target/test/data/39623287/TestRaftStorage
2022-10-13 02:42:38,590 [main] INFO  util.LogUtils (Log4jUtils.java:setLogLevel(32)) - Set org.apache.ratis.conf.ConfUtils log level to WARN
2022-10-13 02:42:38,590 [main] INFO  util.LogUtils (Log4jUtils.java:setLogLevel(32)) - Set org.apache.ratis.util.FileUtils log level to TRACE
2022-10-13 02:42:38,593 [Time-limited test] INFO  storage.RaftStorageDirectory (RaftStorageDirectoryImpl.java:analyzeStorage(138)) - The storage directory /home/runner/work/ratis/ratis/ratis-test/target/test/data/39623287/TestRaftStorage/testMetaFile does not exist. Creating ...
2022-10-13 02:42:38,595 [Time-limited test] TRACE util.FileUtils (LogUtils.java:runAndLog(49)) - Successfully ran Files.createDirectories target/test/data/39623287/TestRaftStorage/testMetaFile
2022-10-13 02:42:38,596 [Time-limited test] INFO  storage.RaftStorageDirectory (RaftStorageDirectoryImpl.java:tryLock(232)) - Lock on target/test/data/39623287/TestRaftStorage/testMetaFile/in_use.lock acquired by nodename 6236@fv-az191-772
2022-10-13 02:42:38,597 [Time-limited test] TRACE util.FileUtils (LogUtils.java:runAndLog(49)) - Successfully ran Files.createDirectories target/test/data/39623287/TestRaftStorage/testMetaFile/current
2022-10-13 02:42:38,598 [Time-limited test] TRACE util.FileUtils (LogUtils.java:runAndLog(49)) - Successfully ran Files.createDirectories target/test/data/39623287/TestRaftStorage/testMetaFile/sm
2022-10-13 02:42:38,600 [Time-limited test] INFO  storage.RaftStorage (RaftStorageImpl.java:format(96)) - Storage directory target/test/data/39623287/TestRaftStorage/testMetaFile has been successfully formatted.
2022-10-13 02:42:38,605 [Time-limited test] TRACE util.FileUtils (FileUtils.java:deleteFully(168)) - deleteFully target/test/data/39623287/TestRaftStorage
2022-10-13 02:42:38,606 [Time-limited test] TRACE util.FileUtils (LogUtils.java:runAndLog(49)) - Successfully ran Files.delete target/test/data/39623287/TestRaftStorage/testMetaFile/in_use.lock
2022-10-13 02:42:38,606 [Time-limited test] TRACE util.FileUtils (LogUtils.java:runAndLog(49)) - Successfully ran Files.delete target/test/data/39623287/TestRaftStorage/testMetaFile/sm
2022-10-13 02:42:38,607 [Time-limited test] TRACE util.FileUtils (LogUtils.java:runAndLog(49)) - Successfully ran Files.delete target/test/data/39623287/TestRaftStorage/testMetaFile/current/raft-meta
2022-10-13 02:42:38,607 [Time-limited test] TRACE util.FileUtils (LogUtils.java:runAndLog(49)) - Successfully ran Files.delete target/test/data/39623287/TestRaftStorage/testMetaFile/current
2022-10-13 02:42:38,608 [Time-limited test] TRACE util.FileUtils (LogUtils.java:runAndLog(49)) - Successfully ran Files.delete target/test/data/39623287/TestRaftStorage/testMetaFile
2022-10-13 02:42:38,609 [Time-limited test] TRACE util.FileUtils (LogUtils.java:runAndLog(49)) - Successfully ran Files.delete target/test/data/39623287/TestRaftStorage
2022-10-13 02:42:38,610 [main] INFO  util.LogUtils (Log4jUtils.java:setLogLevel(32)) - Set org.apache.ratis.conf.ConfUtils log level to WARN
2022-10-13 02:42:38,610 [main] INFO  util.LogUtils (Log4jUtils.java:setLogLevel(32)) - Set org.apache.ratis.util.FileUtils log level to TRACE
2022-10-13 02:42:38,613 [Time-limited test] INFO  storage.RaftStorageDirectory (RaftStorageDirectoryImpl.java:analyzeStorage(138)) - The storage directory /home/runner/work/ratis/ratis/ratis-test/target/test/data/39623287/TestRaftStorage/testSnapshotCleanup does not exist. Creating ...
2022-10-13 02:42:38,614 [Time-limited test] TRACE util.FileUtils (LogUtils.java:runAndLog(49)) - Successfully ran Files.createDirectories target/test/data/39623287/TestRaftStorage/testSnapshotCleanup
2022-10-13 02:42:38,615 [Time-limited test] INFO  storage.RaftStorageDirectory (RaftStorageDirectoryImpl.java:tryLock(232)) - Lock on target/test/data/39623287/TestRaftStorage/testSnapshotCleanup/in_use.lock acquired by nodename 6236@fv-az191-772
2022-10-13 02:42:38,619 [Time-limited test] TRACE util.FileUtils (LogUtils.java:runAndLog(49)) - Successfully ran Files.createDirectories target/test/data/39623287/TestRaftStorage/testSnapshotCleanup/current
2022-10-13 02:42:38,620 [Time-limited test] TRACE util.FileUtils (LogUtils.java:runAndLog(49)) - Successfully ran Files.createDirectories target/test/data/39623287/TestRaftStorage/testSnapshotCleanup/sm
2022-10-13 02:42:38,621 [Time-limited test] INFO  storage.RaftStorage (RaftStorageImpl.java:format(96)) - Storage directory target/test/data/39623287/TestRaftStorage/testSnapshotCleanup has been successfully formatted.
2022-10-13 02:42:38,622 [Time-limited test] TRACE util.FileUtils (FileUtils.java:deleteFully(168)) - deleteFully target/test/data/39623287/TestRaftStorage
2022-10-13 02:42:38,622 [Time-limited test] TRACE util.FileUtils (LogUtils.java:runAndLog(49)) - Successfully ran Files.delete target/test/data/39623287/TestRaftStorage/testSnapshotCleanup/in_use.lock
2022-10-13 02:42:38,622 [Time-limited test] TRACE util.FileUtils (LogUtils.java:runAndLog(49)) - Successfully ran Files.delete target/test/data/39623287/TestRaftStorage/testSnapshotCleanup/sm/snapshot.2_302
2022-10-13 02:42:38,623 [Time-limited test] TRACE util.FileUtils (LogUtils.java:runAndLog(49)) - Successfully ran Files.delete target/test/data/39623287/TestRaftStorage/testSnapshotCleanup/sm/snapshot.5_258
2022-10-13 02:42:38,623 [Time-limited test] TRACE util.FileUtils (LogUtils.java:runAndLog(49)) - Successfully ran Files.delete target/test/data/39623287/TestRaftStorage/testSnapshotCleanup/sm/snapshot.4_295
2022-10-13 02:42:38,623 [Time-limited test] TRACE util.FileUtils (LogUtils.java:runAndLog(49)) - Successfully ran Files.delete target/test/data/39623287/TestRaftStorage/testSnapshotCleanup/sm/snapshot.9_124
2022-10-13 02:42:38,624 [Time-limited test] TRACE util.FileUtils (LogUtils.java:runAndLog(49)) - Successfully ran Files.delete target/test/data/39623287/TestRaftStorage/testSnapshotCleanup/sm
2022-10-13 02:42:38,624 [Time-limited test] TRACE util.FileUtils (LogUtils.java:runAndLog(49)) - Successfully ran Files.delete target/test/data/39623287/TestRaftStorage/testSnapshotCleanup/current/raft-meta
2022-10-13 02:42:38,625 [Time-limited test] TRACE util.FileUtils (LogUtils.java:runAndLog(49)) - Successfully ran Files.delete target/test/data/39623287/TestRaftStorage/testSnapshotCleanup/current
2022-10-13 02:42:38,625 [Time-limited test] TRACE util.FileUtils (LogUtils.java:runAndLog(49)) - Successfully ran Files.delete target/test/data/39623287/TestRaftStorage/testSnapshotCleanup
2022-10-13 02:42:38,626 [Time-limited test] TRACE util.FileUtils (LogUtils.java:runAndLog(49)) - Successfully ran Files.delete target/test/data/39623287/TestRaftStorage
2022-10-13 02:42:38,636 [main] INFO  util.LogUtils (Log4jUtils.java:setLogLevel(32)) - Set org.apache.ratis.conf.ConfUtils log level to WARN
2022-10-13 02:42:38,636 [main] INFO  util.LogUtils (Log4jUtils.java:setLogLevel(32)) - Set org.apache.ratis.util.FileUtils log level to TRACE
2022-10-13 02:42:38,643 [Time-limited test] TRACE util.FileUtils (FileUtils.java:deleteFully(168)) - deleteFully target/test/data/39623287/TestRaftStorage/testNotExistent
2022-10-13 02:42:38,643 [Time-limited test] TRACE util.FileUtils (FileUtils.java:deleteFully(184)) - deleteFully: target/test/data/39623287/TestRaftStorage/testNotExistent does not exist.
2022-10-13 02:42:38,643 [Time-limited test] INFO  storage.RaftStorageDirectory (RaftStorageDirectoryImpl.java:analyzeStorage(138)) - The storage directory /home/runner/work/ratis/ratis/ratis-test/target/test/data/39623287/TestRaftStorage/testNotExistent does not exist. Creating ...
2022-10-13 02:42:38,644 [Time-limited test] TRACE util.FileUtils (LogUtils.java:runAndLog(49)) - Successfully ran Files.createDirectories target/test/data/39623287/TestRaftStorage/testNotExistent
2022-10-13 02:42:38,645 [Time-limited test] INFO  storage.RaftStorageDirectory (RaftStorageDirectoryImpl.java:tryLock(232)) - Lock on target/test/data/39623287/TestRaftStorage/testNotExistent/in_use.lock acquired by nodename 6236@fv-az191-772
2022-10-13 02:42:38,645 [Time-limited test] TRACE util.FileUtils (LogUtils.java:runAndLog(49)) - Successfully ran Files.createDirectories target/test/data/39623287/TestRaftStorage/testNotExistent/current
2022-10-13 02:42:38,645 [Time-limited test] TRACE util.FileUtils (LogUtils.java:runAndLog(49)) - Successfully ran Files.createDirectories target/test/data/39623287/TestRaftStorage/testNotExistent/sm
2022-10-13 02:42:38,647 [Time-limited test] INFO  storage.RaftStorage (RaftStorageImpl.java:format(96)) - Storage directory target/test/data/39623287/TestRaftStorage/testNotExistent has been successfully formatted.
2022-10-13 02:42:38,648 [Time-limited test] ERROR storage.RaftStorageDirectory (RaftStorageDirectoryImpl.java:tryLock(235)) - It appears that another process has already locked the storage directory: target/test/data/39623287/TestRaftStorage/testNotExistent
java.nio.channels.OverlappingFileLockException
	at java.base/sun.nio.ch.FileLockTable.checkList(FileLockTable.java:229)
	at java.base/sun.nio.ch.FileLockTable.add(FileLockTable.java:123)
	at java.base/sun.nio.ch.FileChannelImpl.tryLock(FileChannelImpl.java:1154)
	at java.base/java.nio.channels.FileChannel.tryLock(FileChannel.java:1165)
	at org.apache.ratis.server.storage.RaftStorageDirectoryImpl.tryLock(RaftStorageDirectoryImpl.java:226)
	at org.apache.ratis.server.storage.RaftStorageDirectoryImpl.lambda$lock$0(RaftStorageDirectoryImpl.java:197)
	at org.apache.ratis.util.JavaUtils.attempt(JavaUtils.java:211)
	at org.apache.ratis.util.FileUtils.attempt(FileUtils.java:40)
	at org.apache.ratis.server.storage.RaftStorageDirectoryImpl.lock(RaftStorageDirectoryImpl.java:197)
	at org.apache.ratis.server.storage.RaftStorageImpl.initialize(RaftStorageImpl.java:59)
	at org.apache.ratis.server.storage.TestRaftStorage.formatRaftStorage(TestRaftStorage.java:81)
	at org.apache.ratis.server.storage.TestRaftStorage.testNotExistent(TestRaftStorage.java:94)
	at java.base/jdk.internal.reflect.NativeMethodAccessorImpl.invoke0(Native Method)
	at java.base/jdk.internal.reflect.NativeMethodAccessorImpl.invoke(NativeMethodAccessorImpl.java:62)
	at java.base/jdk.internal.reflect.DelegatingMethodAccessorImpl.invoke(DelegatingMethodAccessorImpl.java:43)
	at java.base/java.lang.reflect.Method.invoke(Method.java:566)
	at org.junit.runners.model.FrameworkMethod$1.runReflectiveCall(FrameworkMethod.java:59)
	at org.junit.internal.runners.model.ReflectiveCallable.run(ReflectiveCallable.java:12)
	at org.junit.runners.model.FrameworkMethod.invokeExplosively(FrameworkMethod.java:56)
	at org.junit.internal.runners.statements.InvokeMethod.evaluate(InvokeMethod.java:17)
	at org.junit.internal.runners.statements.RunBefores.evaluate(RunBefores.java:26)
	at org.junit.internal.runners.statements.RunAfters.evaluate(RunAfters.java:27)
	at org.junit.internal.runners.statements.FailOnTimeout$CallableStatement.call(FailOnTimeout.java:299)
	at org.junit.internal.runners.statements.FailOnTimeout$CallableStatement.call(FailOnTimeout.java:293)
	at java.base/java.util.concurrent.FutureTask.run(FutureTask.java:264)
	at java.base/java.lang.Thread.run(Thread.java:829)
2022-10-13 02:42:38,657 [Time-limited test] WARN  util.FileUtils (JavaUtils.java:attempt(217)) - FAILED "tryLock target/test/data/39623287/TestRaftStorage/testNotExistent/in_use.lock", attempt #1/5: java.io.IOException: Failed to lock storage target/test/data/39623287/TestRaftStorage/testNotExistent. The directory is already locked, sleep 1s and then retry.
java.io.IOException: Failed to lock storage target/test/data/39623287/TestRaftStorage/testNotExistent. The directory is already locked
	at org.apache.ratis.server.storage.RaftStorageDirectoryImpl.tryLock(RaftStorageDirectoryImpl.java:238)
	at org.apache.ratis.server.storage.RaftStorageDirectoryImpl.lambda$lock$0(RaftStorageDirectoryImpl.java:197)
	at org.apache.ratis.util.JavaUtils.attempt(JavaUtils.java:211)
	at org.apache.ratis.util.FileUtils.attempt(FileUtils.java:40)
	at org.apache.ratis.server.storage.RaftStorageDirectoryImpl.lock(RaftStorageDirectoryImpl.java:197)
	at org.apache.ratis.server.storage.RaftStorageImpl.initialize(RaftStorageImpl.java:59)
	at org.apache.ratis.server.storage.TestRaftStorage.formatRaftStorage(TestRaftStorage.java:81)
	at org.apache.ratis.server.storage.TestRaftStorage.testNotExistent(TestRaftStorage.java:94)
	at java.base/jdk.internal.reflect.NativeMethodAccessorImpl.invoke0(Native Method)
	at java.base/jdk.internal.reflect.NativeMethodAccessorImpl.invoke(NativeMethodAccessorImpl.java:62)
	at java.base/jdk.internal.reflect.DelegatingMethodAccessorImpl.invoke(DelegatingMethodAccessorImpl.java:43)
	at java.base/java.lang.reflect.Method.invoke(Method.java:566)
	at org.junit.runners.model.FrameworkMethod$1.runReflectiveCall(FrameworkMethod.java:59)
	at org.junit.internal.runners.model.ReflectiveCallable.run(ReflectiveCallable.java:12)
	at org.junit.runners.model.FrameworkMethod.invokeExplosively(FrameworkMethod.java:56)
	at org.junit.internal.runners.statements.InvokeMethod.evaluate(InvokeMethod.java:17)
	at org.junit.internal.runners.statements.RunBefores.evaluate(RunBefores.java:26)
	at org.junit.internal.runners.statements.RunAfters.evaluate(RunAfters.java:27)
	at org.junit.internal.runners.statements.FailOnTimeout$CallableStatement.call(FailOnTimeout.java:299)
	at org.junit.internal.runners.statements.FailOnTimeout$CallableStatement.call(FailOnTimeout.java:293)
	at java.base/java.util.concurrent.FutureTask.run(FutureTask.java:264)
	at java.base/java.lang.Thread.run(Thread.java:829)
Caused by: java.nio.channels.OverlappingFileLockException
	at java.base/sun.nio.ch.FileLockTable.checkList(FileLockTable.java:229)
	at java.base/sun.nio.ch.FileLockTable.add(FileLockTable.java:123)
	at java.base/sun.nio.ch.FileChannelImpl.tryLock(FileChannelImpl.java:1154)
	at java.base/java.nio.channels.FileChannel.tryLock(FileChannel.java:1165)
	at org.apache.ratis.server.storage.RaftStorageDirectoryImpl.tryLock(RaftStorageDirectoryImpl.java:226)
	... 21 more
2022-10-13 02:42:39,660 [Time-limited test] ERROR storage.RaftStorageDirectory (RaftStorageDirectoryImpl.java:tryLock(235)) - It appears that another process has already locked the storage directory: target/test/data/39623287/TestRaftStorage/testNotExistent
java.nio.channels.OverlappingFileLockException
	at java.base/sun.nio.ch.FileLockTable.checkList(FileLockTable.java:229)
	at java.base/sun.nio.ch.FileLockTable.add(FileLockTable.java:123)
	at java.base/sun.nio.ch.FileChannelImpl.tryLock(FileChannelImpl.java:1154)
	at java.base/java.nio.channels.FileChannel.tryLock(FileChannel.java:1165)
	at org.apache.ratis.server.storage.RaftStorageDirectoryImpl.tryLock(RaftStorageDirectoryImpl.java:226)
	at org.apache.ratis.server.storage.RaftStorageDirectoryImpl.lambda$lock$0(RaftStorageDirectoryImpl.java:197)
	at org.apache.ratis.util.JavaUtils.attempt(JavaUtils.java:211)
	at org.apache.ratis.util.FileUtils.attempt(FileUtils.java:40)
	at org.apache.ratis.server.storage.RaftStorageDirectoryImpl.lock(RaftStorageDirectoryImpl.java:197)
	at org.apache.ratis.server.storage.RaftStorageImpl.initialize(RaftStorageImpl.java:59)
	at org.apache.ratis.server.storage.TestRaftStorage.formatRaftStorage(TestRaftStorage.java:81)
	at org.apache.ratis.server.storage.TestRaftStorage.testNotExistent(TestRaftStorage.java:94)
	at java.base/jdk.internal.reflect.NativeMethodAccessorImpl.invoke0(Native Method)
	at java.base/jdk.internal.reflect.NativeMethodAccessorImpl.invoke(NativeMethodAccessorImpl.java:62)
	at java.base/jdk.internal.reflect.DelegatingMethodAccessorImpl.invoke(DelegatingMethodAccessorImpl.java:43)
	at java.base/java.lang.reflect.Method.invoke(Method.java:566)
	at org.junit.runners.model.FrameworkMethod$1.runReflectiveCall(FrameworkMethod.java:59)
	at org.junit.internal.runners.model.ReflectiveCallable.run(ReflectiveCallable.java:12)
	at org.junit.runners.model.FrameworkMethod.invokeExplosively(FrameworkMethod.java:56)
	at org.junit.internal.runners.statements.InvokeMethod.evaluate(InvokeMethod.java:17)
	at org.junit.internal.runners.statements.RunBefores.evaluate(RunBefores.java:26)
	at org.junit.internal.runners.statements.RunAfters.evaluate(RunAfters.java:27)
	at org.junit.internal.runners.statements.FailOnTimeout$CallableStatement.call(FailOnTimeout.java:299)
	at org.junit.internal.runners.statements.FailOnTimeout$CallableStatement.call(FailOnTimeout.java:293)
	at java.base/java.util.concurrent.FutureTask.run(FutureTask.java:264)
	at java.base/java.lang.Thread.run(Thread.java:829)
2022-10-13 02:42:39,661 [Time-limited test] WARN  util.FileUtils (JavaUtils.java:attempt(217)) - FAILED "tryLock target/test/data/39623287/TestRaftStorage/testNotExistent/in_use.lock", attempt #2/5: java.io.IOException: Failed to lock storage target/test/data/39623287/TestRaftStorage/testNotExistent. The directory is already locked, sleep 1s and then retry.
java.io.IOException: Failed to lock storage target/test/data/39623287/TestRaftStorage/testNotExistent. The directory is already locked
	at org.apache.ratis.server.storage.RaftStorageDirectoryImpl.tryLock(RaftStorageDirectoryImpl.java:238)
	at org.apache.ratis.server.storage.RaftStorageDirectoryImpl.lambda$lock$0(RaftStorageDirectoryImpl.java:197)
	at org.apache.ratis.util.JavaUtils.attempt(JavaUtils.java:211)
	at org.apache.ratis.util.FileUtils.attempt(FileUtils.java:40)
	at org.apache.ratis.server.storage.RaftStorageDirectoryImpl.lock(RaftStorageDirectoryImpl.java:197)
	at org.apache.ratis.server.storage.RaftStorageImpl.initialize(RaftStorageImpl.java:59)
	at org.apache.ratis.server.storage.TestRaftStorage.formatRaftStorage(TestRaftStorage.java:81)
	at org.apache.ratis.server.storage.TestRaftStorage.testNotExistent(TestRaftStorage.java:94)
	at java.base/jdk.internal.reflect.NativeMethodAccessorImpl.invoke0(Native Method)
	at java.base/jdk.internal.reflect.NativeMethodAccessorImpl.invoke(NativeMethodAccessorImpl.java:62)
	at java.base/jdk.internal.reflect.DelegatingMethodAccessorImpl.invoke(DelegatingMethodAccessorImpl.java:43)
	at java.base/java.lang.reflect.Method.invoke(Method.java:566)
	at org.junit.runners.model.FrameworkMethod$1.runReflectiveCall(FrameworkMethod.java:59)
	at org.junit.internal.runners.model.ReflectiveCallable.run(ReflectiveCallable.java:12)
	at org.junit.runners.model.FrameworkMethod.invokeExplosively(FrameworkMethod.java:56)
	at org.junit.internal.runners.statements.InvokeMethod.evaluate(InvokeMethod.java:17)
	at org.junit.internal.runners.statements.RunBefores.evaluate(RunBefores.java:26)
	at org.junit.internal.runners.statements.RunAfters.evaluate(RunAfters.java:27)
	at org.junit.internal.runners.statements.FailOnTimeout$CallableStatement.call(FailOnTimeout.java:299)
	at org.junit.internal.runners.statements.FailOnTimeout$CallableStatement.call(FailOnTimeout.java:293)
	at java.base/java.util.concurrent.FutureTask.run(FutureTask.java:264)
	at java.base/java.lang.Thread.run(Thread.java:829)
Caused by: java.nio.channels.OverlappingFileLockException
	at java.base/sun.nio.ch.FileLockTable.checkList(FileLockTable.java:229)
	at java.base/sun.nio.ch.FileLockTable.add(FileLockTable.java:123)
	at java.base/sun.nio.ch.FileChannelImpl.tryLock(FileChannelImpl.java:1154)
	at java.base/java.nio.channels.FileChannel.tryLock(FileChannel.java:1165)
	at org.apache.ratis.server.storage.RaftStorageDirectoryImpl.tryLock(RaftStorageDirectoryImpl.java:226)
	... 21 more
2022-10-13 02:42:40,662 [Time-limited test] ERROR storage.RaftStorageDirectory (RaftStorageDirectoryImpl.java:tryLock(235)) - It appears that another process has already locked the storage directory: target/test/data/39623287/TestRaftStorage/testNotExistent
java.nio.channels.OverlappingFileLockException
	at java.base/sun.nio.ch.FileLockTable.checkList(FileLockTable.java:229)
	at java.base/sun.nio.ch.FileLockTable.add(FileLockTable.java:123)
	at java.base/sun.nio.ch.FileChannelImpl.tryLock(FileChannelImpl.java:1154)
	at java.base/java.nio.channels.FileChannel.tryLock(FileChannel.java:1165)
	at org.apache.ratis.server.storage.RaftStorageDirectoryImpl.tryLock(RaftStorageDirectoryImpl.java:226)
	at org.apache.ratis.server.storage.RaftStorageDirectoryImpl.lambda$lock$0(RaftStorageDirectoryImpl.java:197)
	at org.apache.ratis.util.JavaUtils.attempt(JavaUtils.java:211)
	at org.apache.ratis.util.FileUtils.attempt(FileUtils.java:40)
	at org.apache.ratis.server.storage.RaftStorageDirectoryImpl.lock(RaftStorageDirectoryImpl.java:197)
	at org.apache.ratis.server.storage.RaftStorageImpl.initialize(RaftStorageImpl.java:59)
	at org.apache.ratis.server.storage.TestRaftStorage.formatRaftStorage(TestRaftStorage.java:81)
	at org.apache.ratis.server.storage.TestRaftStorage.testNotExistent(TestRaftStorage.java:94)
	at java.base/jdk.internal.reflect.NativeMethodAccessorImpl.invoke0(Native Method)
	at java.base/jdk.internal.reflect.NativeMethodAccessorImpl.invoke(NativeMethodAccessorImpl.java:62)
	at java.base/jdk.internal.reflect.DelegatingMethodAccessorImpl.invoke(DelegatingMethodAccessorImpl.java:43)
	at java.base/java.lang.reflect.Method.invoke(Method.java:566)
	at org.junit.runners.model.FrameworkMethod$1.runReflectiveCall(FrameworkMethod.java:59)
	at org.junit.internal.runners.model.ReflectiveCallable.run(ReflectiveCallable.java:12)
	at org.junit.runners.model.FrameworkMethod.invokeExplosively(FrameworkMethod.java:56)
	at org.junit.internal.runners.statements.InvokeMethod.evaluate(InvokeMethod.java:17)
	at org.junit.internal.runners.statements.RunBefores.evaluate(RunBefores.java:26)
	at org.junit.internal.runners.statements.RunAfters.evaluate(RunAfters.java:27)
	at org.junit.internal.runners.statements.FailOnTimeout$CallableStatement.call(FailOnTimeout.java:299)
	at org.junit.internal.runners.statements.FailOnTimeout$CallableStatement.call(FailOnTimeout.java:293)
	at java.base/java.util.concurrent.FutureTask.run(FutureTask.java:264)
	at java.base/java.lang.Thread.run(Thread.java:829)
2022-10-13 02:42:40,663 [Time-limited test] WARN  util.FileUtils (JavaUtils.java:attempt(217)) - FAILED "tryLock target/test/data/39623287/TestRaftStorage/testNotExistent/in_use.lock", attempt #3/5: java.io.IOException: Failed to lock storage target/test/data/39623287/TestRaftStorage/testNotExistent. The directory is already locked, sleep 1s and then retry.
java.io.IOException: Failed to lock storage target/test/data/39623287/TestRaftStorage/testNotExistent. The directory is already locked
	at org.apache.ratis.server.storage.RaftStorageDirectoryImpl.tryLock(RaftStorageDirectoryImpl.java:238)
	at org.apache.ratis.server.storage.RaftStorageDirectoryImpl.lambda$lock$0(RaftStorageDirectoryImpl.java:197)
	at org.apache.ratis.util.JavaUtils.attempt(JavaUtils.java:211)
	at org.apache.ratis.util.FileUtils.attempt(FileUtils.java:40)
	at org.apache.ratis.server.storage.RaftStorageDirectoryImpl.lock(RaftStorageDirectoryImpl.java:197)
	at org.apache.ratis.server.storage.RaftStorageImpl.initialize(RaftStorageImpl.java:59)
	at org.apache.ratis.server.storage.TestRaftStorage.formatRaftStorage(TestRaftStorage.java:81)
	at org.apache.ratis.server.storage.TestRaftStorage.testNotExistent(TestRaftStorage.java:94)
	at java.base/jdk.internal.reflect.NativeMethodAccessorImpl.invoke0(Native Method)
	at java.base/jdk.internal.reflect.NativeMethodAccessorImpl.invoke(NativeMethodAccessorImpl.java:62)
	at java.base/jdk.internal.reflect.DelegatingMethodAccessorImpl.invoke(DelegatingMethodAccessorImpl.java:43)
	at java.base/java.lang.reflect.Method.invoke(Method.java:566)
	at org.junit.runners.model.FrameworkMethod$1.runReflectiveCall(FrameworkMethod.java:59)
	at org.junit.internal.runners.model.ReflectiveCallable.run(ReflectiveCallable.java:12)
	at org.junit.runners.model.FrameworkMethod.invokeExplosively(FrameworkMethod.java:56)
	at org.junit.internal.runners.statements.InvokeMethod.evaluate(InvokeMethod.java:17)
	at org.junit.internal.runners.statements.RunBefores.evaluate(RunBefores.java:26)
	at org.junit.internal.runners.statements.RunAfters.evaluate(RunAfters.java:27)
	at org.junit.internal.runners.statements.FailOnTimeout$CallableStatement.call(FailOnTimeout.java:299)
	at org.junit.internal.runners.statements.FailOnTimeout$CallableStatement.call(FailOnTimeout.java:293)
	at java.base/java.util.concurrent.FutureTask.run(FutureTask.java:264)
	at java.base/java.lang.Thread.run(Thread.java:829)
Caused by: java.nio.channels.OverlappingFileLockException
	at java.base/sun.nio.ch.FileLockTable.checkList(FileLockTable.java:229)
	at java.base/sun.nio.ch.FileLockTable.add(FileLockTable.java:123)
	at java.base/sun.nio.ch.FileChannelImpl.tryLock(FileChannelImpl.java:1154)
	at java.base/java.nio.channels.FileChannel.tryLock(FileChannel.java:1165)
	at org.apache.ratis.server.storage.RaftStorageDirectoryImpl.tryLock(RaftStorageDirectoryImpl.java:226)
	... 21 more
2022-10-13 02:42:41,666 [Time-limited test] ERROR storage.RaftStorageDirectory (RaftStorageDirectoryImpl.java:tryLock(235)) - It appears that another process has already locked the storage directory: target/test/data/39623287/TestRaftStorage/testNotExistent
java.nio.channels.OverlappingFileLockException
	at java.base/sun.nio.ch.FileLockTable.checkList(FileLockTable.java:229)
	at java.base/sun.nio.ch.FileLockTable.add(FileLockTable.java:123)
	at java.base/sun.nio.ch.FileChannelImpl.tryLock(FileChannelImpl.java:1154)
	at java.base/java.nio.channels.FileChannel.tryLock(FileChannel.java:1165)
	at org.apache.ratis.server.storage.RaftStorageDirectoryImpl.tryLock(RaftStorageDirectoryImpl.java:226)
	at org.apache.ratis.server.storage.RaftStorageDirectoryImpl.lambda$lock$0(RaftStorageDirectoryImpl.java:197)
	at org.apache.ratis.util.JavaUtils.attempt(JavaUtils.java:211)
	at org.apache.ratis.util.FileUtils.attempt(FileUtils.java:40)
	at org.apache.ratis.server.storage.RaftStorageDirectoryImpl.lock(RaftStorageDirectoryImpl.java:197)
	at org.apache.ratis.server.storage.RaftStorageImpl.initialize(RaftStorageImpl.java:59)
	at org.apache.ratis.server.storage.TestRaftStorage.formatRaftStorage(TestRaftStorage.java:81)
	at org.apache.ratis.server.storage.TestRaftStorage.testNotExistent(TestRaftStorage.java:94)
	at java.base/jdk.internal.reflect.NativeMethodAccessorImpl.invoke0(Native Method)
	at java.base/jdk.internal.reflect.NativeMethodAccessorImpl.invoke(NativeMethodAccessorImpl.java:62)
	at java.base/jdk.internal.reflect.DelegatingMethodAccessorImpl.invoke(DelegatingMethodAccessorImpl.java:43)
	at java.base/java.lang.reflect.Method.invoke(Method.java:566)
	at org.junit.runners.model.FrameworkMethod$1.runReflectiveCall(FrameworkMethod.java:59)
	at org.junit.internal.runners.model.ReflectiveCallable.run(ReflectiveCallable.java:12)
	at org.junit.runners.model.FrameworkMethod.invokeExplosively(FrameworkMethod.java:56)
	at org.junit.internal.runners.statements.InvokeMethod.evaluate(InvokeMethod.java:17)
	at org.junit.internal.runners.statements.RunBefores.evaluate(RunBefores.java:26)
	at org.junit.internal.runners.statements.RunAfters.evaluate(RunAfters.java:27)
	at org.junit.internal.runners.statements.FailOnTimeout$CallableStatement.call(FailOnTimeout.java:299)
	at org.junit.internal.runners.statements.FailOnTimeout$CallableStatement.call(FailOnTimeout.java:293)
	at java.base/java.util.concurrent.FutureTask.run(FutureTask.java:264)
	at java.base/java.lang.Thread.run(Thread.java:829)
2022-10-13 02:42:41,667 [Time-limited test] WARN  util.FileUtils (JavaUtils.java:attempt(217)) - FAILED "tryLock target/test/data/39623287/TestRaftStorage/testNotExistent/in_use.lock", attempt #4/5: java.io.IOException: Failed to lock storage target/test/data/39623287/TestRaftStorage/testNotExistent. The directory is already locked, sleep 1s and then retry.
java.io.IOException: Failed to lock storage target/test/data/39623287/TestRaftStorage/testNotExistent. The directory is already locked
	at org.apache.ratis.server.storage.RaftStorageDirectoryImpl.tryLock(RaftStorageDirectoryImpl.java:238)
	at org.apache.ratis.server.storage.RaftStorageDirectoryImpl.lambda$lock$0(RaftStorageDirectoryImpl.java:197)
	at org.apache.ratis.util.JavaUtils.attempt(JavaUtils.java:211)
	at org.apache.ratis.util.FileUtils.attempt(FileUtils.java:40)
	at org.apache.ratis.server.storage.RaftStorageDirectoryImpl.lock(RaftStorageDirectoryImpl.java:197)
	at org.apache.ratis.server.storage.RaftStorageImpl.initialize(RaftStorageImpl.java:59)
	at org.apache.ratis.server.storage.TestRaftStorage.formatRaftStorage(TestRaftStorage.java:81)
	at org.apache.ratis.server.storage.TestRaftStorage.testNotExistent(TestRaftStorage.java:94)
	at java.base/jdk.internal.reflect.NativeMethodAccessorImpl.invoke0(Native Method)
	at java.base/jdk.internal.reflect.NativeMethodAccessorImpl.invoke(NativeMethodAccessorImpl.java:62)
	at java.base/jdk.internal.reflect.DelegatingMethodAccessorImpl.invoke(DelegatingMethodAccessorImpl.java:43)
	at java.base/java.lang.reflect.Method.invoke(Method.java:566)
	at org.junit.runners.model.FrameworkMethod$1.runReflectiveCall(FrameworkMethod.java:59)
	at org.junit.internal.runners.model.ReflectiveCallable.run(ReflectiveCallable.java:12)
	at org.junit.runners.model.FrameworkMethod.invokeExplosively(FrameworkMethod.java:56)
	at org.junit.internal.runners.statements.InvokeMethod.evaluate(InvokeMethod.java:17)
	at org.junit.internal.runners.statements.RunBefores.evaluate(RunBefores.java:26)
	at org.junit.internal.runners.statements.RunAfters.evaluate(RunAfters.java:27)
	at org.junit.internal.runners.statements.FailOnTimeout$CallableStatement.call(FailOnTimeout.java:299)
	at org.junit.internal.runners.statements.FailOnTimeout$CallableStatement.call(FailOnTimeout.java:293)
	at java.base/java.util.concurrent.FutureTask.run(FutureTask.java:264)
	at java.base/java.lang.Thread.run(Thread.java:829)
Caused by: java.nio.channels.OverlappingFileLockException
	at java.base/sun.nio.ch.FileLockTable.checkList(FileLockTable.java:229)
	at java.base/sun.nio.ch.FileLockTable.add(FileLockTable.java:123)
	at java.base/sun.nio.ch.FileChannelImpl.tryLock(FileChannelImpl.java:1154)
	at java.base/java.nio.channels.FileChannel.tryLock(FileChannel.java:1165)
	at org.apache.ratis.server.storage.RaftStorageDirectoryImpl.tryLock(RaftStorageDirectoryImpl.java:226)
	... 21 more
2022-10-13 02:42:42,668 [Time-limited test] ERROR storage.RaftStorageDirectory (RaftStorageDirectoryImpl.java:tryLock(235)) - It appears that another process has already locked the storage directory: target/test/data/39623287/TestRaftStorage/testNotExistent
java.nio.channels.OverlappingFileLockException
	at java.base/sun.nio.ch.FileLockTable.checkList(FileLockTable.java:229)
	at java.base/sun.nio.ch.FileLockTable.add(FileLockTable.java:123)
	at java.base/sun.nio.ch.FileChannelImpl.tryLock(FileChannelImpl.java:1154)
	at java.base/java.nio.channels.FileChannel.tryLock(FileChannel.java:1165)
	at org.apache.ratis.server.storage.RaftStorageDirectoryImpl.tryLock(RaftStorageDirectoryImpl.java:226)
	at org.apache.ratis.server.storage.RaftStorageDirectoryImpl.lambda$lock$0(RaftStorageDirectoryImpl.java:197)
	at org.apache.ratis.util.JavaUtils.attempt(JavaUtils.java:211)
	at org.apache.ratis.util.FileUtils.attempt(FileUtils.java:40)
	at org.apache.ratis.server.storage.RaftStorageDirectoryImpl.lock(RaftStorageDirectoryImpl.java:197)
	at org.apache.ratis.server.storage.RaftStorageImpl.initialize(RaftStorageImpl.java:59)
	at org.apache.ratis.server.storage.TestRaftStorage.formatRaftStorage(TestRaftStorage.java:81)
	at org.apache.ratis.server.storage.TestRaftStorage.testNotExistent(TestRaftStorage.java:94)
	at java.base/jdk.internal.reflect.NativeMethodAccessorImpl.invoke0(Native Method)
	at java.base/jdk.internal.reflect.NativeMethodAccessorImpl.invoke(NativeMethodAccessorImpl.java:62)
	at java.base/jdk.internal.reflect.DelegatingMethodAccessorImpl.invoke(DelegatingMethodAccessorImpl.java:43)
	at java.base/java.lang.reflect.Method.invoke(Method.java:566)
	at org.junit.runners.model.FrameworkMethod$1.runReflectiveCall(FrameworkMethod.java:59)
	at org.junit.internal.runners.model.ReflectiveCallable.run(ReflectiveCallable.java:12)
	at org.junit.runners.model.FrameworkMethod.invokeExplosively(FrameworkMethod.java:56)
	at org.junit.internal.runners.statements.InvokeMethod.evaluate(InvokeMethod.java:17)
	at org.junit.internal.runners.statements.RunBefores.evaluate(RunBefores.java:26)
	at org.junit.internal.runners.statements.RunAfters.evaluate(RunAfters.java:27)
	at org.junit.internal.runners.statements.FailOnTimeout$CallableStatement.call(FailOnTimeout.java:299)
	at org.junit.internal.runners.statements.FailOnTimeout$CallableStatement.call(FailOnTimeout.java:293)
	at java.base/java.util.concurrent.FutureTask.run(FutureTask.java:264)
	at java.base/java.lang.Thread.run(Thread.java:829)
2022-10-13 02:42:42,669 [Time-limited test] TRACE util.FileUtils (FileUtils.java:deleteFully(168)) - deleteFully target/test/data/39623287/TestRaftStorage/testNotExistent
2022-10-13 02:42:42,669 [Time-limited test] TRACE util.FileUtils (LogUtils.java:runAndLog(49)) - Successfully ran Files.delete target/test/data/39623287/TestRaftStorage/testNotExistent/in_use.lock
2022-10-13 02:42:42,669 [Time-limited test] TRACE util.FileUtils (LogUtils.java:runAndLog(49)) - Successfully ran Files.delete target/test/data/39623287/TestRaftStorage/testNotExistent/sm
2022-10-13 02:42:42,669 [Time-limited test] TRACE util.FileUtils (LogUtils.java:runAndLog(49)) - Successfully ran Files.delete target/test/data/39623287/TestRaftStorage/testNotExistent/current/raft-meta
2022-10-13 02:42:42,670 [Time-limited test] TRACE util.FileUtils (LogUtils.java:runAndLog(49)) - Successfully ran Files.delete target/test/data/39623287/TestRaftStorage/testNotExistent/current
2022-10-13 02:42:42,670 [Time-limited test] TRACE util.FileUtils (LogUtils.java:runAndLog(49)) - Successfully ran Files.delete target/test/data/39623287/TestRaftStorage/testNotExistent
2022-10-13 02:42:42,670 [Time-limited test] WARN  storage.RaftStorageDirectory (RaftStorageDirectoryImpl.java:analyzeStorage(143)) - /home/runner/work/ratis/ratis/ratis-test/target/test/data/39623287/TestRaftStorage/testNotExistent is not a directory
2022-10-13 02:42:42,670 [Time-limited test] TRACE util.FileUtils (FileUtils.java:deleteFully(168)) - deleteFully target/test/data/39623287/TestRaftStorage
2022-10-13 02:42:42,671 [Time-limited test] TRACE util.FileUtils (LogUtils.java:runAndLog(49)) - Successfully ran Files.delete target/test/data/39623287/TestRaftStorage/testNotExistent
2022-10-13 02:42:42,671 [Time-limited test] TRACE util.FileUtils (LogUtils.java:runAndLog(49)) - Successfully ran Files.delete target/test/data/39623287/TestRaftStorage
2022-10-13 02:42:42,672 [main] INFO  util.LogUtils (Log4jUtils.java:setLogLevel(32)) - Set org.apache.ratis.conf.ConfUtils log level to WARN
2022-10-13 02:42:42,672 [main] INFO  util.LogUtils (Log4jUtils.java:setLogLevel(32)) - Set org.apache.ratis.util.FileUtils log level to TRACE
2022-10-13 02:42:42,674 [Time-limited test] INFO  storage.RaftStorageDirectory (RaftStorageDirectoryImpl.java:analyzeStorage(138)) - The storage directory /home/runner/work/ratis/ratis/ratis-test/target/test/data/39623287/TestRaftStorage/testStorage does not exist. Creating ...
2022-10-13 02:42:42,676 [Time-limited test] TRACE util.FileUtils (LogUtils.java:runAndLog(49)) - Successfully ran Files.createDirectories target/test/data/39623287/TestRaftStorage/testStorage
2022-10-13 02:42:42,677 [Time-limited test] INFO  storage.RaftStorageDirectory (RaftStorageDirectoryImpl.java:tryLock(232)) - Lock on target/test/data/39623287/TestRaftStorage/testStorage/in_use.lock acquired by nodename 6236@fv-az191-772
2022-10-13 02:42:42,678 [Time-limited test] INFO  storage.RaftStorageDirectory (RaftStorageDirectoryImpl.java:tryLock(232)) - Lock on target/test/data/39623287/TestRaftStorage/testStorage/in_use.lock acquired by nodename 6236@fv-az191-772
2022-10-13 02:42:42,678 [Time-limited test] TRACE util.FileUtils (LogUtils.java:runAndLog(49)) - Successfully ran Files.createDirectories target/test/data/39623287/TestRaftStorage/testStorage/current
2022-10-13 02:42:42,678 [Time-limited test] TRACE util.FileUtils (LogUtils.java:runAndLog(49)) - Successfully ran Files.createDirectories target/test/data/39623287/TestRaftStorage/testStorage/sm
2022-10-13 02:42:42,679 [Time-limited test] INFO  storage.RaftStorage (RaftStorageImpl.java:format(96)) - Storage directory target/test/data/39623287/TestRaftStorage/testStorage has been successfully formatted.
2022-10-13 02:42:42,681 [Time-limited test] INFO  storage.RaftStorageDirectory (RaftStorageDirectoryImpl.java:tryLock(232)) - Lock on target/test/data/39623287/TestRaftStorage/testStorage/in_use.lock acquired by nodename 6236@fv-az191-772
2022-10-13 02:42:42,681 [Time-limited test] INFO  storage.RaftStorageDirectory (RaftStorageDirectoryImpl.java:clearDirectory(90)) - target/test/data/39623287/TestRaftStorage/testStorage/current already exists.  Deleting it ...
2022-10-13 02:42:42,681 [Time-limited test] TRACE util.FileUtils (FileUtils.java:deleteFully(168)) - deleteFully target/test/data/39623287/TestRaftStorage/testStorage/current
2022-10-13 02:42:42,682 [Time-limited test] TRACE util.FileUtils (LogUtils.java:runAndLog(49)) - Successfully ran Files.delete target/test/data/39623287/TestRaftStorage/testStorage/current/raft-meta
2022-10-13 02:42:42,682 [Time-limited test] TRACE util.FileUtils (LogUtils.java:runAndLog(49)) - Successfully ran Files.delete target/test/data/39623287/TestRaftStorage/testStorage/current
2022-10-13 02:42:42,682 [Time-limited test] TRACE util.FileUtils (LogUtils.java:runAndLog(49)) - Successfully ran Files.createDirectories target/test/data/39623287/TestRaftStorage/testStorage/current
2022-10-13 02:42:42,682 [Time-limited test] INFO  storage.RaftStorageDirectory (RaftStorageDirectoryImpl.java:clearDirectory(90)) - target/test/data/39623287/TestRaftStorage/testStorage/sm already exists.  Deleting it ...
2022-10-13 02:42:42,682 [Time-limited test] TRACE util.FileUtils (FileUtils.java:deleteFully(168)) - deleteFully target/test/data/39623287/TestRaftStorage/testStorage/sm
2022-10-13 02:42:42,682 [Time-limited test] TRACE util.FileUtils (LogUtils.java:runAndLog(49)) - Successfully ran Files.delete target/test/data/39623287/TestRaftStorage/testStorage/sm
2022-10-13 02:42:42,682 [Time-limited test] TRACE util.FileUtils (LogUtils.java:runAndLog(49)) - Successfully ran Files.createDirectories target/test/data/39623287/TestRaftStorage/testStorage/sm
2022-10-13 02:42:42,684 [Time-limited test] INFO  storage.RaftStorage (RaftStorageImpl.java:format(96)) - Storage directory target/test/data/39623287/TestRaftStorage/testStorage has been successfully formatted.
2022-10-13 02:42:42,684 [Time-limited test] TRACE util.FileUtils (FileUtils.java:deleteFully(168)) - deleteFully target/test/data/39623287/TestRaftStorage
2022-10-13 02:42:42,684 [Time-limited test] TRACE util.FileUtils (LogUtils.java:runAndLog(49)) - Successfully ran Files.delete target/test/data/39623287/TestRaftStorage/testStorage/in_use.lock
2022-10-13 02:42:42,685 [Time-limited test] TRACE util.FileUtils (LogUtils.java:runAndLog(49)) - Successfully ran Files.delete target/test/data/39623287/TestRaftStorage/testStorage/sm
2022-10-13 02:42:42,685 [Time-limited test] TRACE util.FileUtils (LogUtils.java:runAndLog(49)) - Successfully ran Files.delete target/test/data/39623287/TestRaftStorage/testStorage/current/raft-meta
2022-10-13 02:42:42,685 [Time-limited test] TRACE util.FileUtils (LogUtils.java:runAndLog(49)) - Successfully ran Files.delete target/test/data/39623287/TestRaftStorage/testStorage/current
2022-10-13 02:42:42,685 [Time-limited test] TRACE util.FileUtils (LogUtils.java:runAndLog(49)) - Successfully ran Files.delete target/test/data/39623287/TestRaftStorage/testStorage
2022-10-13 02:42:42,685 [Time-limited test] TRACE util.FileUtils (LogUtils.java:runAndLog(49)) - Successfully ran Files.delete target/test/data/39623287/TestRaftStorage
