<?xml version="1.0" encoding="UTF-8"?>
<testsuite xmlns:xsi="http://www.w3.org/2001/XMLSchema-instance" xsi:noNamespaceSchemaLocation="https://maven.apache.org/surefire/maven-surefire-plugin/xsd/surefire-test-report.xsd" name="org.apache.ratis.server.storage.TestRaftStorage" time="5.682" tests="7" errors="0" skipped="0" failures="1">
  <properties>
[...]
</properties>
  <testcase name="testCleanMetaTmpFile" classname="org.apache.ratis.server.storage.TestRaftStorage" time="0.215"/>
  <testcase name="testSnapshotFileName" classname="org.apache.ratis.server.storage.TestRaftStorage" time="0.011"/>
  <testcase name="testNotEnoughSpace" classname="org.apache.ratis.server.storage.TestRaftStorage" time="1.271"/>
  <testcase name="testMetaFile" classname="org.apache.ratis.server.storage.TestRaftStorage" time="0.02"/>
  <testcase name="testSnapshotCleanup" classname="org.apache.ratis.server.storage.TestRaftStorage" time="0.026">
    <failure type="java.lang.AssertionError">java.lang.AssertionError
	at org.junit.Assert.fail(Assert.java:87)
	at org.junit.Assert.assertTrue(Assert.java:42)
	at org.junit.Assert.assertTrue(Assert.java:53)
	at org.apache.ratis.server.storage.TestRaftStorage.testSnapshotCleanup(TestRaftStorage.java:247)
	at java.base/jdk.internal.reflect.NativeMethodAccessorImpl.invoke0(Native Method)
	at java.base/jdk.internal.reflect.NativeMethodAccessorImpl.invoke(NativeMethodAccessorImpl.java:62)
	at java.base/jdk.internal.reflect.DelegatingMethodAccessorImpl.invoke(DelegatingMethodAccessorImpl.java:43)
	at java.base/java.lang.reflect.Method.invoke(Method.java:566)
	at org.junit.runners.model.FrameworkMethod$1.runReflectiveCall(FrameworkMethod.java:59)
	at org.junit.internal.runners.model.ReflectiveCallable.run(ReflectiveCallable.java:12)
	at org.junit.runners.model.FrameworkMethod.invokeExplosively(FrameworkMethod.java:56)
	at org.junit.internal.runners.statements.InvokeMethod.evaluate(InvokeMethod.java:17)
	at org.junit.internal.runners.statements.RunBefores.evaluate(RunBefores.java:26)
	at org.junit.internal.runners.statements.RunAfters.evaluate(RunAfters.java:27)
	at org.junit.internal.runners.statements.FailOnTimeout$CallableStatement.call(FailOnTimeout.java:299)
	at org.junit.internal.runners.statements.FailOnTimeout$CallableStatement.call(FailOnTimeout.java:293)
	at java.base/java.util.concurrent.FutureTask.run(FutureTask.java:264)
	at java.base/java.lang.Thread.run(Thread.java:829)
</failure>
    <system-out><![CDATA[2022-10-13 02:42:38,610 [main] INFO  util.LogUtils (Log4jUtils.java:setLogLevel(32)) - Set org.apache.ratis.conf.ConfUtils log level to WARN
2022-10-13 02:42:38,610 [main] INFO  util.LogUtils (Log4jUtils.java:setLogLevel(32)) - Set org.apache.ratis.util.FileUtils log level to TRACE
2022-10-13 02:42:38,613 [Time-limited test] INFO  storage.RaftStorageDirectory (RaftStorageDirectoryImpl.java:analyzeStorage(138)) - The storage directory /home/runner/work/ratis/ratis/ratis-test/target/test/data/39623287/TestRaftStorage/testSnapshotCleanup does not exist. Creating ...
2022-10-13 02:42:38,614 [Time-limited test] TRACE util.FileUtils (LogUtils.java:runAndLog(49)) - Successfully ran Files.createDirectories target/test/data/39623287/TestRaftStorage/testSnapshotCleanup
2022-10-13 02:42:38,615 [Time-limited test] INFO  storage.RaftStorageDirectory (RaftStorageDirectoryImpl.java:tryLock(232)) - Lock on target/test/data/39623287/TestRaftStorage/testSnapshotCleanup/in_use.lock acquired by nodename 6236@fv-az191-772
2022-10-13 02:42:38,619 [Time-limited test] TRACE util.FileUtils (LogUtils.java:runAndLog(49)) - Successfully ran Files.createDirectories target/test/data/39623287/TestRaftStorage/testSnapshotCleanup/current
2022-10-13 02:42:38,620 [Time-limited test] TRACE util.FileUtils (LogUtils.java:runAndLog(49)) - Successfully ran Files.createDirectories target/test/data/39623287/TestRaftStorage/testSnapshotCleanup/sm
2022-10-13 02:42:38,621 [Time-limited test] INFO  storage.RaftStorage (RaftStorageImpl.java:format(96)) - Storage directory target/test/data/39623287/TestRaftStorage/testSnapshotCleanup has been successfully formatted.
2022-10-13 02:42:38,622 [Time-limited test] TRACE util.FileUtils (FileUtils.java:deleteFully(168)) - deleteFully target/test/data/39623287/TestRaftStorage
2022-10-13 02:42:38,622 [Time-limited test] TRACE util.FileUtils (LogUtils.java:runAndLog(49)) - Successfully ran Files.delete target/test/data/39623287/TestRaftStorage/testSnapshotCleanup/in_use.lock
2022-10-13 02:42:38,622 [Time-limited test] TRACE util.FileUtils (LogUtils.java:runAndLog(49)) - Successfully ran Files.delete target/test/data/39623287/TestRaftStorage/testSnapshotCleanup/sm/snapshot.2_302
2022-10-13 02:42:38,623 [Time-limited test] TRACE util.FileUtils (LogUtils.java:runAndLog(49)) - Successfully ran Files.delete target/test/data/39623287/TestRaftStorage/testSnapshotCleanup/sm/snapshot.5_258
2022-10-13 02:42:38,623 [Time-limited test] TRACE util.FileUtils (LogUtils.java:runAndLog(49)) - Successfully ran Files.delete target/test/data/39623287/TestRaftStorage/testSnapshotCleanup/sm/snapshot.4_295
2022-10-13 02:42:38,623 [Time-limited test] TRACE util.FileUtils (LogUtils.java:runAndLog(49)) - Successfully ran Files.delete target/test/data/39623287/TestRaftStorage/testSnapshotCleanup/sm/snapshot.9_124
2022-10-13 02:42:38,624 [Time-limited test] TRACE util.FileUtils (LogUtils.java:runAndLog(49)) - Successfully ran Files.delete target/test/data/39623287/TestRaftStorage/testSnapshotCleanup/sm
2022-10-13 02:42:38,624 [Time-limited test] TRACE util.FileUtils (LogUtils.java:runAndLog(49)) - Successfully ran Files.delete target/test/data/39623287/TestRaftStorage/testSnapshotCleanup/current/raft-meta
2022-10-13 02:42:38,625 [Time-limited test] TRACE util.FileUtils (LogUtils.java:runAndLog(49)) - Successfully ran Files.delete target/test/data/39623287/TestRaftStorage/testSnapshotCleanup/current
2022-10-13 02:42:38,625 [Time-limited test] TRACE util.FileUtils (LogUtils.java:runAndLog(49)) - Successfully ran Files.delete target/test/data/39623287/TestRaftStorage/testSnapshotCleanup
2022-10-13 02:42:38,626 [Time-limited test] TRACE util.FileUtils (LogUtils.java:runAndLog(49)) - Successfully ran Files.delete target/test/data/39623287/TestRaftStorage
]]></system-out>
  </testcase>
  <testcase name="testNotExistent" classname="org.apache.ratis.server.storage.TestRaftStorage" time="4.035"/>
  <testcase name="testStorage" classname="org.apache.ratis.server.storage.TestRaftStorage" time="0.014"/>
</testsuite>