-------------------------------------------------------------------------------
Test set: org.apache.ratis.grpc.TestRaftAsyncWithGrpc
-------------------------------------------------------------------------------
Tests run: 13, Failures: 0, Errors: 1, Skipped: 0, Time elapsed: 147.578 s <<< FAILURE! - in org.apache.ratis.grpc.TestRaftAsyncWithGrpc
org.apache.ratis.grpc.TestRaftAsyncWithGrpc.testBasicAppendEntriesAsyncKillLeader  Time elapsed: 100.005 s  <<< ERROR!
org.junit.runners.model.TestTimedOutException: test timed out after 100 seconds
	at java.base@11.0.21/jdk.internal.misc.Unsafe.park(Native Method)
	at java.base@11.0.21/java.util.concurrent.locks.LockSupport.parkNanos(LockSupport.java:234)
	at java.base@11.0.21/java.util.concurrent.locks.AbstractQueuedSynchronizer$ConditionObject.awaitNanos(AbstractQueuedSynchronizer.java:2123)
	at java.base@11.0.21/java.util.concurrent.ThreadPoolExecutor.awaitTermination(ThreadPoolExecutor.java:1454)
	at app//org.apache.ratis.util.ConcurrentUtils.shutdownAndWait(ConcurrentUtils.java:144)
	at app//org.apache.ratis.util.ConcurrentUtils.shutdownAndWait(ConcurrentUtils.java:136)
	at app//org.apache.ratis.server.impl.RaftServerProxy.lambda$close$9(RaftServerProxy.java:438)
	at app//org.apache.ratis.server.impl.RaftServerProxy$$Lambda$885/0x00000001004ae840.run(Unknown Source)
	at app//org.apache.ratis.util.LifeCycle.lambda$checkStateAndClose$7(LifeCycle.java:306)
	at app//org.apache.ratis.util.LifeCycle$$Lambda$117/0x00000001001c9040.get(Unknown Source)
	at app//org.apache.ratis.util.LifeCycle.checkStateAndClose(LifeCycle.java:326)
	at app//org.apache.ratis.util.LifeCycle.checkStateAndClose(LifeCycle.java:304)
	at app//org.apache.ratis.server.impl.RaftServerProxy.close(RaftServerProxy.java:415)
	at app//org.apache.ratis.server.impl.MiniRaftCluster.killServer(MiniRaftCluster.java:537)
	at app//org.apache.ratis.server.impl.MiniRaftCluster.restartServer(MiniRaftCluster.java:360)
	at app//org.apache.ratis.server.impl.MiniRaftCluster.restartServer(MiniRaftCluster.java:356)
	at app//org.apache.ratis.RaftBasicTests.runTestBasicAppendEntries(RaftBasicTests.java:120)
	at app//org.apache.ratis.RaftAsyncTests.lambda$runTestBasicAppendEntriesAsync$5(RaftAsyncTests.java:258)
	at app//org.apache.ratis.RaftAsyncTests$$Lambda$935/0x00000001004bd440.accept(Unknown Source)
	at app//org.apache.ratis.server.impl.MiniRaftCluster$Factory$Get.runWithNewCluster(MiniRaftCluster.java:141)
	at app//org.apache.ratis.server.impl.MiniRaftCluster$Factory$Get.runWithNewCluster(MiniRaftCluster.java:121)
	at app//org.apache.ratis.RaftAsyncTests.runTestBasicAppendEntriesAsync(RaftAsyncTests.java:257)
	at app//org.apache.ratis.RaftAsyncTests.testBasicAppendEntriesAsyncKillLeader(RaftAsyncTests.java:268)
	at java.base@11.0.21/jdk.internal.reflect.NativeMethodAccessorImpl.invoke0(Native Method)
	at java.base@11.0.21/jdk.internal.reflect.NativeMethodAccessorImpl.invoke(NativeMethodAccessorImpl.java:62)
	at java.base@11.0.21/jdk.internal.reflect.DelegatingMethodAccessorImpl.invoke(DelegatingMethodAccessorImpl.java:43)
	at java.base@11.0.21/java.lang.reflect.Method.invoke(Method.java:566)
	at app//org.junit.runners.model.FrameworkMethod$1.runReflectiveCall(FrameworkMethod.java:59)
	at app//org.junit.internal.runners.model.ReflectiveCallable.run(ReflectiveCallable.java:12)
	at app//org.junit.runners.model.FrameworkMethod.invokeExplosively(FrameworkMethod.java:56)
	at app//org.junit.internal.runners.statements.InvokeMethod.evaluate(InvokeMethod.java:17)
	at app//org.junit.internal.runners.statements.RunAfters.evaluate(RunAfters.java:27)
	at app//org.junit.internal.runners.statements.FailOnTimeout$CallableStatement.call(FailOnTimeout.java:299)
	at app//org.junit.internal.runners.statements.FailOnTimeout$CallableStatement.call(FailOnTimeout.java:293)
	at java.base@11.0.21/java.util.concurrent.FutureTask.run(FutureTask.java:264)
	at java.base@11.0.21/java.lang.Thread.run(Thread.java:829)

