<?xml version="1.0" encoding="UTF-8"?>
<testsuite xmlns:xsi="http://www.w3.org/2001/XMLSchema-instance" xsi:noNamespaceSchemaLocation="https://maven.apache.org/surefire/maven-surefire-plugin/xsd/surefire-test-report-3.0.xsd" version="3.0" name="org.apache.ratis.grpc.TestLeaderInstallSnapshot" time="14.966" tests="4" errors="0" skipped="0" failures="1">
  <properties>
[...]
</properties>
  <testcase name="testMultiFileInstallSnapshot[0]" classname="org.apache.ratis.grpc.TestLeaderInstallSnapshot" time="3.677">
    <system-out><![CDATA[2023-04-27 07:11:45,058 [main] INFO  util.LogUtils (Slf4jUtils.java:setLogLevel(38)) - Successfully set org.apache.ratis.conf.ConfUtils log level to WARN
2023-04-27 07:11:45,061 [main] INFO  util.LogUtils (Slf4jUtils.java:setLogLevel(38)) - Successfully set org.apache.ratis.util.FileUtils log level to TRACE
2023-04-27 07:11:45,102 [Time-limited test] INFO  impl.MiniRaftCluster (MiniRaftCluster.java:runWithNewCluster(135)) - Running runWithNewCluster
2023-04-27 07:11:45,145 [Time-limited test] INFO  impl.MiniRaftCluster (MiniRaftCluster.java:<init>(306)) - new MiniRaftClusterWithGrpc with group-5DD5DE37E73E:[s0|rpc:localhost:35955|admin:localhost:34135|client:localhost:36731|dataStream:localhost:43117|priority:0|startupRole:FOLLOWER]
2023-04-27 07:11:45,145 [Time-limited test] INFO  impl.MiniRaftCluster (MiniRaftCluster.java:start(339)) - .............................................................. 
2023-04-27 07:11:45,145 [Time-limited test] INFO  impl.MiniRaftCluster (MiniRaftCluster.java:start(340)) - ... 
2023-04-27 07:11:45,146 [Time-limited test] INFO  impl.MiniRaftCluster (MiniRaftCluster.java:start(341)) - ...     Starting MiniRaftClusterWithGrpc
2023-04-27 07:11:45,146 [Time-limited test] INFO  impl.MiniRaftCluster (MiniRaftCluster.java:start(342)) - ... 
2023-04-27 07:11:45,146 [Time-limited test] INFO  impl.MiniRaftCluster (MiniRaftCluster.java:start(343)) - .............................................................. 
2023-04-27 07:11:45,146 [Time-limited test] INFO  impl.MiniRaftCluster (MiniRaftCluster.java:initServers(318)) - servers = {}
2023-04-27 07:11:45,150 [Time-limited test] INFO  impl.MiniRaftCluster (MiniRaftCluster.java:newRaftServer(382)) - newRaftServer: s0, group-5DD5DE37E73E:[s0|rpc:localhost:35955|admin:localhost:34135|client:localhost:36731|dataStream:localhost:43117|priority:0|startupRole:FOLLOWER], format? true
2023-04-27 07:11:45,152 [Time-limited test] TRACE util.FileUtils (FileUtils.java:deleteFully(201)) - deleteFully target/test/data/a5c97c2c/MiniRaftClusterWithGrpc3f6ea9d5/s0
2023-04-27 07:11:45,152 [Time-limited test] TRACE util.FileUtils (FileUtils.java:deleteFully(217)) - deleteFully: target/test/data/a5c97c2c/MiniRaftClusterWithGrpc3f6ea9d5/s0 does not exist.
2023-04-27 07:11:45,152 [Time-limited test] INFO  impl.MiniRaftCluster (MiniRaftCluster.java:newRaftServer(387)) - Formatted directory target/test/data/a5c97c2c/MiniRaftClusterWithGrpc3f6ea9d5/s0
2023-04-27 07:11:45,168 [Time-limited test] INFO  server.RaftServer (ConfUtils.java:logGet(46)) - raft.rpc.type = GRPC (default)
2023-04-27 07:11:45,217 [Time-limited test] INFO  grpc.GrpcConfigKeys (ConfUtils.java:logFallback(53)) - raft.grpc.admin.host = null (fallback to raft.grpc.server.host)
2023-04-27 07:11:45,219 [Time-limited test] INFO  grpc.GrpcConfigKeys (ConfUtils.java:logGet(46)) - raft.grpc.admin.port = 34135 (custom)
2023-04-27 07:11:45,219 [Time-limited test] INFO  grpc.GrpcConfigKeys (ConfUtils.java:logFallback(53)) - raft.grpc.client.host = null (fallback to raft.grpc.server.host)
2023-04-27 07:11:45,220 [Time-limited test] INFO  grpc.GrpcConfigKeys (ConfUtils.java:logGet(46)) - raft.grpc.client.port = 36731 (custom)
2023-04-27 07:11:45,220 [Time-limited test] INFO  grpc.GrpcConfigKeys (ConfUtils.java:logGet(46)) - raft.grpc.server.host = null (default)
2023-04-27 07:11:45,220 [Time-limited test] INFO  grpc.GrpcConfigKeys (ConfUtils.java:logGet(46)) - raft.grpc.server.port = 35955 (custom)
2023-04-27 07:11:45,221 [Time-limited test] INFO  server.GrpcService (ConfUtils.java:logGet(46)) - raft.grpc.message.size.max = 64MB (=67108864) (default)
2023-04-27 07:11:45,222 [Time-limited test] INFO  server.RaftServerConfigKeys (ConfUtils.java:logGet(46)) - raft.server.log.appender.buffer.byte-limit = 4MB (=4194304) (default)
2023-04-27 07:11:45,223 [Time-limited test] INFO  server.GrpcService (ConfUtils.java:logGet(46)) - raft.grpc.flow.control.window = 1MB (=1048576) (default)
2023-04-27 07:11:45,226 [Time-limited test] INFO  server.RaftServerConfigKeys (ConfUtils.java:logGet(46)) - raft.server.rpc.request.timeout = 3000ms (default)
2023-04-27 07:11:45,240 [Time-limited test] INFO  grpc.GrpcConfigKeys (ConfUtils.java:logGet(46)) - raft.grpc.server.heartbeat.channel = false (custom)
2023-04-27 07:11:45,243 [Time-limited test] INFO  grpc.GrpcConfigKeys (ConfUtils.java:logGet(46)) - raft.grpc.server.async.request.thread.pool.cached = true (default)
2023-04-27 07:11:45,244 [Time-limited test] INFO  grpc.GrpcConfigKeys (ConfUtils.java:logGet(46)) - raft.grpc.server.async.request.thread.pool.size = 32 (default)
2023-04-27 07:11:45,407 [Time-limited test] INFO  impl.DataStreamServerImpl (ConfUtils.java:logGet(46)) - raft.datastream.type = DISABLED (default)
2023-04-27 07:11:45,409 [Time-limited test] INFO  server.RaftServerConfigKeys (ConfUtils.java:logGet(46)) - raft.server.threadpool.proxy.cached = true (default)
2023-04-27 07:11:45,410 [Time-limited test] INFO  server.RaftServerConfigKeys (ConfUtils.java:logGet(46)) - raft.server.threadpool.proxy.size = 0 (default)
2023-04-27 07:11:45,410 [Time-limited test] INFO  server.RaftServerConfigKeys (ConfUtils.java:logGet(46)) - raft.server.rpc.slowness.timeout = 60s (default)
2023-04-27 07:11:45,411 [Time-limited test] INFO  server.RaftServerConfigKeys (ConfUtils.java:logGet(46)) - raft.server.leaderelection.leader.step-down.wait-time = 10s (default)
2023-04-27 07:11:45,413 [Time-limited test] INFO  server.RaftServerConfigKeys (ConfUtils.java:logGet(46)) - raft.server.storage.dir = [/home/runner/work/ratis/ratis/ratis-test/target/test/data/a5c97c2c/MiniRaftClusterWithGrpc3f6ea9d5/s0] (custom)
2023-04-27 07:11:45,431 [Time-limited test] INFO  server.RaftServer (RaftServerProxy.java:addNew(99)) - s0: addNew group-5DD5DE37E73E:[s0|rpc:localhost:35955|admin:localhost:34135|client:localhost:36731|dataStream:localhost:43117|priority:0|startupRole:FOLLOWER] returns group-5DD5DE37E73E:java.util.concurrent.CompletableFuture@531df787[Not completed]
2023-04-27 07:11:45,441 [s0-groupManagement] INFO  server.RaftServerConfigKeys (ConfUtils.java:logGet(46)) - raft.server.log.segment.size.max = 8MB (=8388608) (default)
2023-04-27 07:11:45,441 [s0-groupManagement] INFO  server.RaftServerConfigKeys (ConfUtils.java:logGet(46)) - raft.server.log.preallocated.size = 4MB (=4194304) (default)
2023-04-27 07:11:45,442 [s0-groupManagement] INFO  server.RaftServerConfigKeys (ConfUtils.java:logGet(46)) - raft.server.log.write.buffer.size = 64KB (=65536) (default)
2023-04-27 07:11:45,444 [s0-groupManagement] INFO  server.RaftServer$Division (RaftServerImpl.java:<init>(198)) - s0: new RaftServerImpl for group-5DD5DE37E73E:[s0|rpc:localhost:35955|admin:localhost:34135|client:localhost:36731|dataStream:localhost:43117|priority:0|startupRole:FOLLOWER] with StateMachineWithMultiNestedSnapshotFile:uninitialized
2023-04-27 07:11:45,445 [s0-groupManagement] INFO  server.RaftServerConfigKeys (ConfUtils.java:logGet(46)) - raft.server.rpc.timeout.min = 150ms (default)
2023-04-27 07:11:45,445 [s0-groupManagement] INFO  server.RaftServerConfigKeys (ConfUtils.java:logGet(46)) - raft.server.rpc.timeout.max = 300ms (default)
2023-04-27 07:11:45,445 [s0-groupManagement] INFO  server.RaftServerConfigKeys (ConfUtils.java:logGet(46)) - raft.server.rpc.sleep.time = 25ms (default)
2023-04-27 07:11:45,445 [s0-groupManagement] INFO  server.RaftServerConfigKeys (ConfUtils.java:logGet(46)) - raft.server.rpc.slowness.timeout = 60s (default)
2023-04-27 07:11:45,446 [s0-groupManagement] INFO  server.RaftServerConfigKeys (ConfUtils.java:logGet(46)) - raft.server.leaderelection.leader.step-down.wait-time = 10s (default)
2023-04-27 07:11:45,446 [s0-groupManagement] INFO  server.RaftServerConfigKeys (ConfUtils.java:logGet(46)) - raft.server.sleep.deviation.threshold = 300ms (default)
2023-04-27 07:11:45,466 [s0-groupManagement] INFO  server.RaftServer$Division (ServerState.java:<init>(113)) - s0@group-5DD5DE37E73E: ConfigurationManager, init=-1: peers:[s0|rpc:localhost:35955|admin:localhost:34135|client:localhost:36731|dataStream:localhost:43117|priority:0|startupRole:FOLLOWER]|listeners:[], old=null, confs=<EMPTY_MAP>
2023-04-27 07:11:45,471 [s0-groupManagement] INFO  server.RaftServerConfigKeys (ConfUtils.java:logGet(46)) - raft.server.notification.no-leader.timeout = 60s (default)
2023-04-27 07:11:45,473 [s0-groupManagement] INFO  server.RaftServerConfigKeys (ConfUtils.java:logGet(46)) - raft.server.read.timeout = 10s (default)
2023-04-27 07:11:45,476 [s0-groupManagement] INFO  server.RaftServerConfigKeys (ConfUtils.java:logGet(46)) - raft.server.retrycache.expirytime = 60s (default)
2023-04-27 07:11:45,477 [s0-groupManagement] INFO  server.RaftServerConfigKeys (ConfUtils.java:logGet(46)) - raft.server.retrycache.statistics.expirytime = 100μs (default)
2023-04-27 07:11:45,491 [s0-groupManagement] INFO  server.RaftServerConfigKeys (ConfUtils.java:logGet(46)) - raft.server.read.option = DEFAULT (default)
2023-04-27 07:11:45,496 [s0-groupManagement] INFO  metrics.MetricRegistries (MetricRegistriesLoader.java:load(64)) - Loaded MetricRegistries class org.apache.ratis.metrics.impl.MetricRegistriesImpl
2023-04-27 07:11:45,654 [s0-groupManagement] INFO  server.RaftServerConfigKeys (ConfUtils.java:logGet(46)) - raft.server.rpc.request.timeout = 3000ms (default)
2023-04-27 07:11:45,656 [s0-groupManagement] INFO  server.RaftServerConfigKeys (ConfUtils.java:logGet(46)) - raft.server.log.appender.install.snapshot.enabled = true (default)
2023-04-27 07:11:45,657 [s0-groupManagement] INFO  server.RaftServerConfigKeys (ConfUtils.java:logGet(46)) - raft.server.threadpool.server.cached = true (default)
2023-04-27 07:11:45,657 [s0-groupManagement] INFO  server.RaftServerConfigKeys (ConfUtils.java:logGet(46)) - raft.server.threadpool.server.size = 0 (default)
2023-04-27 07:11:45,658 [s0-groupManagement] INFO  server.RaftServerConfigKeys (ConfUtils.java:logGet(46)) - raft.server.threadpool.client.cached = true (default)
2023-04-27 07:11:45,658 [s0-groupManagement] INFO  server.RaftServerConfigKeys (ConfUtils.java:logGet(46)) - raft.server.threadpool.client.size = 0 (default)
2023-04-27 07:11:45,659 [s0-impl-thread1] INFO  server.RaftServerConfigKeys (ConfUtils.java:logGet(46)) - raft.server.storage.free-space.min = 0MB (=0) (default)
2023-04-27 07:11:45,660 [s0-impl-thread1] INFO  server.RaftServerConfigKeys (ConfUtils.java:logGet(46)) - raft.server.log.corruption.policy = EXCEPTION (default)
2023-04-27 07:11:45,660 [s0-impl-thread1] INFO  server.RaftServerConfigKeys (ConfUtils.java:logGet(46)) - raft.server.storage.dir = [/home/runner/work/ratis/ratis/ratis-test/target/test/data/a5c97c2c/MiniRaftClusterWithGrpc3f6ea9d5/s0] (custom)
2023-04-27 07:11:45,667 [s0-impl-thread1] INFO  storage.RaftStorageDirectory (RaftStorageDirectoryImpl.java:analyzeStorage(138)) - The storage directory /home/runner/work/ratis/ratis/ratis-test/target/test/data/a5c97c2c/MiniRaftClusterWithGrpc3f6ea9d5/s0/3a0ff405-0f10-426f-871f-5dd5de37e73e does not exist. Creating ...
2023-04-27 07:11:45,669 [s0-impl-thread1] TRACE util.FileUtils (LogUtils.java:runAndLog(49)) - Successfully ran Files.createDirectories /home/runner/work/ratis/ratis/ratis-test/target/test/data/a5c97c2c/MiniRaftClusterWithGrpc3f6ea9d5/s0/3a0ff405-0f10-426f-871f-5dd5de37e73e
2023-04-27 07:11:45,671 [s0-impl-thread1] INFO  storage.RaftStorageDirectory (RaftStorageDirectoryImpl.java:tryLock(232)) - Lock on /home/runner/work/ratis/ratis/ratis-test/target/test/data/a5c97c2c/MiniRaftClusterWithGrpc3f6ea9d5/s0/3a0ff405-0f10-426f-871f-5dd5de37e73e/in_use.lock acquired by nodename 24267@fv-az591-70
2023-04-27 07:11:45,672 [s0-impl-thread1] TRACE util.FileUtils (LogUtils.java:runAndLog(49)) - Successfully ran Files.createDirectories /home/runner/work/ratis/ratis/ratis-test/target/test/data/a5c97c2c/MiniRaftClusterWithGrpc3f6ea9d5/s0/3a0ff405-0f10-426f-871f-5dd5de37e73e/current
2023-04-27 07:11:45,672 [s0-impl-thread1] TRACE util.FileUtils (LogUtils.java:runAndLog(49)) - Successfully ran Files.createDirectories /home/runner/work/ratis/ratis/ratis-test/target/test/data/a5c97c2c/MiniRaftClusterWithGrpc3f6ea9d5/s0/3a0ff405-0f10-426f-871f-5dd5de37e73e/sm
2023-04-27 07:11:45,682 [s0-impl-thread1] INFO  storage.RaftStorage (RaftStorageImpl.java:format(96)) - Storage directory /home/runner/work/ratis/ratis/ratis-test/target/test/data/a5c97c2c/MiniRaftClusterWithGrpc3f6ea9d5/s0/3a0ff405-0f10-426f-871f-5dd5de37e73e has been successfully formatted.
2023-04-27 07:11:45,683 [s0-impl-thread1] INFO  impl.SimpleStateMachine4Testing (SimpleStateMachine4Testing.java:initialize(213)) - Initializing StateMachineWithMultiNestedSnapshotFile:uninitialized
2023-04-27 07:11:45,684 [s0-impl-thread1] INFO  impl.SimpleStateMachine4Testing (SimpleStateMachine4Testing.java:loadSnapshot(293)) - Loading snapshot null
2023-04-27 07:11:45,686 [s0-impl-thread1] INFO  server.RaftServerConfigKeys (ConfUtils.java:logGet(46)) - raft.server.log.use.memory = false (default)
2023-04-27 07:11:45,690 [s0-impl-thread1] INFO  server.RaftServerConfigKeys (ConfUtils.java:logGet(46)) - raft.server.log.purge.gap = 8 (custom)
2023-04-27 07:11:45,691 [s0-impl-thread1] INFO  server.RaftServerConfigKeys (ConfUtils.java:logGet(46)) - raft.server.log.appender.buffer.byte-limit = 4MB (=4194304) (default)
2023-04-27 07:11:45,692 [s0-impl-thread1] INFO  server.RaftServerConfigKeys (ConfUtils.java:logGet(46)) - raft.server.log.statemachine.data.read.timeout = 1000ms (default)
2023-04-27 07:11:45,692 [s0-impl-thread1] INFO  server.RaftServerConfigKeys (ConfUtils.java:logGet(46)) - raft.server.log.purge.preservation.log.num = 0 (default)
2023-04-27 07:11:45,695 [s0-impl-thread1] INFO  server.RaftServerConfigKeys (ConfUtils.java:logGet(46)) - raft.server.log.segment.size.max = 8MB (=8388608) (default)
2023-04-27 07:11:45,699 [s0-impl-thread1] INFO  server.RaftServerConfigKeys (ConfUtils.java:logGet(46)) - raft.server.log.segment.cache.num.max = 6 (default)
2023-04-27 07:11:45,699 [s0-impl-thread1] INFO  server.RaftServerConfigKeys (ConfUtils.java:logGet(46)) - raft.server.log.segment.cache.size.max = 200MB (=209715200) (default)
2023-04-27 07:11:45,699 [s0-impl-thread1] INFO  server.RaftServerConfigKeys (ConfUtils.java:logGet(46)) - raft.server.log.appender.buffer.byte-limit = 4MB (=4194304) (default)
2023-04-27 07:11:45,702 [s0-impl-thread1] INFO  segmented.SegmentedRaftLogWorker (SegmentedRaftLogWorker.java:<init>(183)) - new s0@group-5DD5DE37E73E-SegmentedRaftLogWorker for RaftStorageImpl:Storage Directory /home/runner/work/ratis/ratis/ratis-test/target/test/data/a5c97c2c/MiniRaftClusterWithGrpc3f6ea9d5/s0/3a0ff405-0f10-426f-871f-5dd5de37e73e
2023-04-27 07:11:45,702 [s0-impl-thread1] INFO  server.RaftServerConfigKeys (ConfUtils.java:logGet(46)) - raft.server.log.queue.byte-limit = 64MB (=67108864) (default)
2023-04-27 07:11:45,703 [s0-impl-thread1] INFO  server.RaftServerConfigKeys (ConfUtils.java:logGet(46)) - raft.server.log.queue.element-limit = 4096 (default)
2023-04-27 07:11:45,704 [s0-impl-thread1] INFO  server.RaftServerConfigKeys (ConfUtils.java:logGet(46)) - raft.server.log.segment.size.max = 8MB (=8388608) (default)
2023-04-27 07:11:45,705 [s0-impl-thread1] INFO  server.RaftServerConfigKeys (ConfUtils.java:logGet(46)) - raft.server.log.preallocated.size = 4MB (=4194304) (default)
2023-04-27 07:11:45,705 [s0-impl-thread1] INFO  server.RaftServerConfigKeys (ConfUtils.java:logGet(46)) - raft.server.log.force.sync.num = 128 (default)
2023-04-27 07:11:45,706 [s0-impl-thread1] INFO  server.RaftServerConfigKeys (ConfUtils.java:logGet(46)) - raft.server.log.statemachine.data.sync = true (default)
2023-04-27 07:11:45,706 [s0-impl-thread1] INFO  server.RaftServerConfigKeys (ConfUtils.java:logGet(46)) - raft.server.log.statemachine.data.sync.timeout = 10s (default)
2023-04-27 07:11:45,706 [s0-impl-thread1] INFO  server.RaftServerConfigKeys (ConfUtils.java:logGet(46)) - raft.server.log.statemachine.data.sync.timeout.retry = -1 (default)
2023-04-27 07:11:45,708 [s0-impl-thread1] INFO  server.RaftServerConfigKeys (ConfUtils.java:logGet(46)) - raft.server.log.write.buffer.size = 64KB (=65536) (default)
2023-04-27 07:11:45,708 [s0-impl-thread1] INFO  server.RaftServerConfigKeys (ConfUtils.java:logGet(46)) - raft.server.log.appender.buffer.byte-limit = 4MB (=4194304) (default)
2023-04-27 07:11:45,710 [s0-impl-thread1] INFO  server.RaftServerConfigKeys (ConfUtils.java:logGet(46)) - raft.server.log.unsafe-flush.enabled = false (default)
2023-04-27 07:11:45,710 [s0-impl-thread1] INFO  server.RaftServerConfigKeys (ConfUtils.java:logGet(46)) - raft.server.log.async-flush.enabled = false (default)
2023-04-27 07:11:45,710 [s0-impl-thread1] INFO  server.RaftServerConfigKeys (ConfUtils.java:logGet(46)) - raft.server.log.statemachine.data.caching.enabled = false (default)
2023-04-27 07:11:45,715 [s0-impl-thread1] INFO  segmented.SegmentedRaftLogWorker (SegmentedRaftLogWorker.java:lambda$new$0(134)) - s0@group-5DD5DE37E73E-SegmentedRaftLogWorker: flushIndex: setUnconditionally 0 -> -1
2023-04-27 07:11:45,715 [s0-impl-thread1] INFO  segmented.SegmentedRaftLogWorker (SegmentedRaftLogWorker.java:lambda$new$0(134)) - s0@group-5DD5DE37E73E-SegmentedRaftLogWorker: safeCacheEvictIndex: setUnconditionally 0 -> -1
2023-04-27 07:11:45,719 [s0-impl-thread1] INFO  server.RaftServer$Division (RaftServerImpl.java:start(342)) - s0@group-5DD5DE37E73E: start as a follower, conf=-1: peers:[s0|rpc:localhost:35955|admin:localhost:34135|client:localhost:36731|dataStream:localhost:43117|priority:0|startupRole:FOLLOWER]|listeners:[], old=null
2023-04-27 07:11:45,720 [s0-impl-thread1] INFO  server.RaftServer$Division (RaftServerImpl.java:setRole(329)) - s0@group-5DD5DE37E73E: changes role from      null to FOLLOWER at term 0 for startAsFollower
2023-04-27 07:11:45,720 [s0-impl-thread1] INFO  impl.RoleInfo (RoleInfo.java:updateAndGet(139)) - s0: start s0@group-5DD5DE37E73E-FollowerState
2023-04-27 07:11:45,725 [s0-impl-thread1] INFO  util.JmxRegister (JmxRegister.java:tryRegister(44)) - Successfully registered JMX Bean with object name Ratis:service=RaftServer,group=group-5DD5DE37E73E,id=s0
2023-04-27 07:11:45,727 [s0-impl-thread1] INFO  server.RaftServerConfigKeys (ConfUtils.java:logGet(46)) - raft.server.snapshot.auto.trigger.enabled = true (custom)
2023-04-27 07:11:45,727 [s0-impl-thread1] INFO  server.RaftServerConfigKeys (ConfUtils.java:logGet(46)) - raft.server.snapshot.auto.trigger.threshold = 64 (custom)
2023-04-27 07:11:45,727 [s0-impl-thread1] INFO  server.RaftServerConfigKeys (ConfUtils.java:logGet(46)) - raft.server.snapshot.retention.file.num = -1 (default)
2023-04-27 07:11:45,728 [s0-impl-thread1] INFO  server.RaftServerConfigKeys (ConfUtils.java:logGet(46)) - raft.server.log.purge.upto.snapshot.index = false (default)
2023-04-27 07:11:45,730 [Time-limited test] INFO  server.RaftServer (RaftServerProxy.java:startImpl(401)) - s0: start RPC server
2023-04-27 07:11:45,738 [s0@group-5DD5DE37E73E-FollowerState] INFO  server.RaftServerConfigKeys (ConfUtils.java:logFallback(53)) - raft.server.rpc.first-election.timeout.min = 150ms (fallback to raft.server.rpc.timeout.min)
2023-04-27 07:11:45,738 [s0@group-5DD5DE37E73E-FollowerState] INFO  server.RaftServerConfigKeys (ConfUtils.java:logFallback(53)) - raft.server.rpc.first-election.timeout.max = 300ms (fallback to raft.server.rpc.timeout.max)
2023-04-27 07:11:45,767 [Time-limited test] INFO  server.GrpcService (GrpcService.java:startImpl(302)) - s0: GrpcService started, listening on 36731
2023-04-27 07:11:45,769 [Time-limited test] INFO  server.GrpcService (GrpcService.java:startImpl(302)) - s0: GrpcService started, listening on 35955
2023-04-27 07:11:45,769 [Time-limited test] INFO  server.GrpcService (GrpcService.java:startImpl(302)) - s0: GrpcService started, listening on 34135
2023-04-27 07:11:45,776 [JvmPauseMonitor0] INFO  util.JvmPauseMonitor (JvmPauseMonitor.java:run(103)) - JvmPauseMonitor-s0: Started
2023-04-27 07:11:45,779 [Time-limited test] INFO  server.RaftServerConfigKeys (ConfUtils.java:logGet(46)) - raft.server.rpc.timeout.max = 300ms (default)
2023-04-27 07:11:45,781 [Time-limited test] INFO  ratis.RaftTestUtil (RaftTestUtil.java:waitForLeader(100)) - printing ALL groups
  s0:  RUNNING  FOLLOWER s0@group-5DD5DE37E73E:t0, leader=null, voted=, raftlog=Memoized:s0@group-5DD5DE37E73E-SegmentedRaftLog:OPENED:c-1, conf=-1: peers:[s0|rpc:localhost:35955|admin:localhost:34135|client:localhost:36731|dataStream:localhost:43117|priority:0|startupRole:FOLLOWER]|listeners:[], old=null RUNNING
2023-04-27 07:11:45,787 [Time-limited test] WARN  ratis.RaftTestUtil (JavaUtils.java:attempt(217)) - FAILED "waitForLeader-null-(expectLeader? true)", attempt #1/100: java.lang.IllegalStateException: No leader yet : printing ALL groups
  s0:  RUNNING  FOLLOWER s0@group-5DD5DE37E73E:t0, leader=null, voted=, raftlog=Memoized:s0@group-5DD5DE37E73E-SegmentedRaftLog:OPENED:c-1, conf=-1: peers:[s0|rpc:localhost:35955|admin:localhost:34135|client:localhost:36731|dataStream:localhost:43117|priority:0|startupRole:FOLLOWER]|listeners:[], old=null RUNNING, sleep 450ms and then retry.
java.lang.IllegalStateException: No leader yet : printing ALL groups
  s0:  RUNNING  FOLLOWER s0@group-5DD5DE37E73E:t0, leader=null, voted=, raftlog=Memoized:s0@group-5DD5DE37E73E-SegmentedRaftLog:OPENED:c-1, conf=-1: peers:[s0|rpc:localhost:35955|admin:localhost:34135|client:localhost:36731|dataStream:localhost:43117|priority:0|startupRole:FOLLOWER]|listeners:[], old=null RUNNING
	at org.apache.ratis.server.impl.MiniRaftCluster.newIllegalStateExceptionForNoLeaders(MiniRaftCluster.java:581)
	at org.apache.ratis.RaftTestUtil.lambda$waitForLeader$1(RaftTestUtil.java:104)
	at org.apache.ratis.server.impl.MiniRaftCluster.getLeader(MiniRaftCluster.java:615)
	at org.apache.ratis.server.impl.MiniRaftCluster.getLeader(MiniRaftCluster.java:608)
	at org.apache.ratis.RaftTestUtil.lambda$waitForLeader$3(RaftTestUtil.java:112)
	at org.apache.ratis.util.JavaUtils.attempt(JavaUtils.java:211)
	at org.apache.ratis.util.JavaUtils.attemptRepeatedly(JavaUtils.java:197)
	at org.apache.ratis.RaftTestUtil.waitForLeader(RaftTestUtil.java:111)
	at org.apache.ratis.RaftTestUtil.waitForLeader(RaftTestUtil.java:92)
	at org.apache.ratis.RaftTestUtil.waitForLeader(RaftTestUtil.java:87)
	at org.apache.ratis.InstallSnapshotFromLeaderTests.testMultiFileInstallSnapshot(InstallSnapshotFromLeaderTests.java:93)
	at org.apache.ratis.server.impl.MiniRaftCluster$Factory$Get.runWithNewCluster(MiniRaftCluster.java:141)
	at org.apache.ratis.server.impl.MiniRaftCluster$Factory$Get.runWithNewCluster(MiniRaftCluster.java:121)
	at org.apache.ratis.InstallSnapshotFromLeaderTests.testMultiFileInstallSnapshot(InstallSnapshotFromLeaderTests.java:80)
	at java.base/jdk.internal.reflect.NativeMethodAccessorImpl.invoke0(Native Method)
	at java.base/jdk.internal.reflect.NativeMethodAccessorImpl.invoke(NativeMethodAccessorImpl.java:62)
	at java.base/jdk.internal.reflect.DelegatingMethodAccessorImpl.invoke(DelegatingMethodAccessorImpl.java:43)
	at java.base/java.lang.reflect.Method.invoke(Method.java:566)
	at org.junit.runners.model.FrameworkMethod$1.runReflectiveCall(FrameworkMethod.java:59)
	at org.junit.internal.runners.model.ReflectiveCallable.run(ReflectiveCallable.java:12)
	at org.junit.runners.model.FrameworkMethod.invokeExplosively(FrameworkMethod.java:56)
	at org.junit.internal.runners.statements.InvokeMethod.evaluate(InvokeMethod.java:17)
	at org.junit.internal.runners.statements.RunAfters.evaluate(RunAfters.java:27)
	at org.junit.internal.runners.statements.FailOnTimeout$CallableStatement.call(FailOnTimeout.java:299)
	at org.junit.internal.runners.statements.FailOnTimeout$CallableStatement.call(FailOnTimeout.java:293)
	at java.base/java.util.concurrent.FutureTask.run(FutureTask.java:264)
	at java.base/java.lang.Thread.run(Thread.java:829)
2023-04-27 07:11:45,923 [s0@group-5DD5DE37E73E-FollowerState] INFO  impl.FollowerState (FollowerState.java:run(143)) - s0@group-5DD5DE37E73E-FollowerState: change to CANDIDATE, lastRpcElapsedTime:202386848ns, electionTimeout:183ms
2023-04-27 07:11:45,923 [s0@group-5DD5DE37E73E-FollowerState] INFO  impl.RoleInfo (RoleInfo.java:shutdownFollowerState(110)) - s0: shutdown s0@group-5DD5DE37E73E-FollowerState
2023-04-27 07:11:45,923 [s0@group-5DD5DE37E73E-FollowerState] INFO  server.RaftServer$Division (RaftServerImpl.java:setRole(329)) - s0@group-5DD5DE37E73E: changes role from  FOLLOWER to CANDIDATE at term 0 for changeToCandidate
2023-04-27 07:11:45,926 [s0@group-5DD5DE37E73E-FollowerState] INFO  server.RaftServerConfigKeys (ConfUtils.java:logGet(46)) - raft.server.leaderelection.pre-vote = true (default)
2023-04-27 07:11:45,926 [s0@group-5DD5DE37E73E-FollowerState] INFO  impl.RoleInfo (RoleInfo.java:updateAndGet(139)) - s0: start s0@group-5DD5DE37E73E-LeaderElection1
2023-04-27 07:11:45,932 [s0@group-5DD5DE37E73E-LeaderElection1] INFO  impl.LeaderElection (LeaderElection.java:askForVotes(320)) - s0@group-5DD5DE37E73E-LeaderElection1 PRE_VOTE round 0: submit vote requests at term 0 for -1: peers:[s0|rpc:localhost:35955|admin:localhost:34135|client:localhost:36731|dataStream:localhost:43117|priority:0|startupRole:FOLLOWER]|listeners:[], old=null
2023-04-27 07:11:45,933 [s0@group-5DD5DE37E73E-LeaderElection1] INFO  impl.LeaderElection (LeaderElection.java:askForVotes(322)) - s0@group-5DD5DE37E73E-LeaderElection1 PRE_VOTE round 0: result PASSED (term=0)
2023-04-27 07:11:45,934 [s0@group-5DD5DE37E73E-LeaderElection1] INFO  impl.LeaderElection (LeaderElection.java:askForVotes(320)) - s0@group-5DD5DE37E73E-LeaderElection1 ELECTION round 0: submit vote requests at term 1 for -1: peers:[s0|rpc:localhost:35955|admin:localhost:34135|client:localhost:36731|dataStream:localhost:43117|priority:0|startupRole:FOLLOWER]|listeners:[], old=null
2023-04-27 07:11:45,934 [s0@group-5DD5DE37E73E-LeaderElection1] INFO  impl.LeaderElection (LeaderElection.java:askForVotes(322)) - s0@group-5DD5DE37E73E-LeaderElection1 ELECTION round 0: result PASSED (term=1)
2023-04-27 07:11:45,934 [s0@group-5DD5DE37E73E-LeaderElection1] INFO  impl.RoleInfo (RoleInfo.java:shutdownLeaderElection(130)) - s0: shutdown s0@group-5DD5DE37E73E-LeaderElection1
2023-04-27 07:11:45,935 [s0@group-5DD5DE37E73E-LeaderElection1] INFO  server.RaftServer$Division (RaftServerImpl.java:setRole(329)) - s0@group-5DD5DE37E73E: changes role from CANDIDATE to LEADER at term 1 for changeToLeader
2023-04-27 07:11:45,935 [s0@group-5DD5DE37E73E-LeaderElection1] INFO  server.RaftServer$Division (ServerState.java:setLeader(260)) - s0@group-5DD5DE37E73E: change Leader from null to s0 at term 1 for becomeLeader, leader elected after 464ms
2023-04-27 07:11:45,939 [s0@group-5DD5DE37E73E-LeaderElection1] INFO  server.RaftServerConfigKeys (ConfUtils.java:logGet(46)) - raft.server.staging.catchup.gap = 1000 (default)
2023-04-27 07:11:45,942 [s0@group-5DD5DE37E73E-LeaderElection1] INFO  server.RaftServerConfigKeys (ConfUtils.java:logGet(46)) - raft.server.write.element-limit = 4096 (default)
2023-04-27 07:11:45,943 [s0@group-5DD5DE37E73E-LeaderElection1] INFO  server.RaftServerConfigKeys (ConfUtils.java:logGet(46)) - raft.server.write.byte-limit = 64MB (=67108864) (default)
2023-04-27 07:11:45,946 [s0@group-5DD5DE37E73E-LeaderElection1] INFO  server.RaftServerConfigKeys (ConfUtils.java:logGet(46)) - raft.server.watch.timeout = 10s (default)
2023-04-27 07:11:45,946 [s0@group-5DD5DE37E73E-LeaderElection1] INFO  server.RaftServerConfigKeys (ConfUtils.java:logGet(46)) - raft.server.watch.timeout.denomination = 1s (default)
2023-04-27 07:11:45,946 [s0@group-5DD5DE37E73E-LeaderElection1] INFO  server.RaftServerConfigKeys (ConfUtils.java:logGet(46)) - raft.server.watch.element-limit = 65536 (default)
2023-04-27 07:11:45,951 [s0@group-5DD5DE37E73E-LeaderElection1] INFO  server.RaftServerConfigKeys (ConfUtils.java:logGet(46)) - raft.server.write.element-limit = 4096 (default)
2023-04-27 07:11:45,955 [s0@group-5DD5DE37E73E-LeaderElection1] INFO  server.RaftServerConfigKeys (ConfUtils.java:logGet(46)) - raft.server.write.follower.gap.ratio.max = -1.0 (default)
2023-04-27 07:11:45,957 [s0@group-5DD5DE37E73E-LeaderElection1] INFO  impl.RoleInfo (RoleInfo.java:updateAndGet(139)) - s0: start s0@group-5DD5DE37E73E-LeaderStateImpl
2023-04-27 07:11:45,973 [s0@group-5DD5DE37E73E-LeaderElection1] INFO  segmented.SegmentedRaftLogWorker (SegmentedRaftLogWorker.java:startLogSegment(426)) - s0@group-5DD5DE37E73E-SegmentedRaftLogWorker: Starting segment from index:0
2023-04-27 07:11:45,990 [s0@group-5DD5DE37E73E-LeaderElection1] INFO  server.RaftServer$Division (ServerState.java:setRaftConf(377)) - s0@group-5DD5DE37E73E: set configuration 0: peers:[s0|rpc:localhost:35955|admin:localhost:34135|client:localhost:36731|dataStream:localhost:43117|priority:0|startupRole:FOLLOWER]|listeners:[], old=null
2023-04-27 07:11:46,034 [s0@group-5DD5DE37E73E-SegmentedRaftLogWorker] INFO  segmented.SegmentedRaftLogWorker (SegmentedRaftLogWorker.java:execute(630)) - s0@group-5DD5DE37E73E-SegmentedRaftLogWorker: created new log segment /home/runner/work/ratis/ratis/ratis-test/target/test/data/a5c97c2c/MiniRaftClusterWithGrpc3f6ea9d5/s0/3a0ff405-0f10-426f-871f-5dd5de37e73e/current/log_inprogress_0
2023-04-27 07:11:46,241 [Time-limited test] INFO  ratis.RaftTestUtil (RaftTestUtil.java:waitForLeader(119)) - printing ALL groups
  s0:  RUNNING    LEADER s0@group-5DD5DE37E73E:t1, leader=s0, voted=s0, raftlog=Memoized:s0@group-5DD5DE37E73E-SegmentedRaftLog:OPENED:c0, conf=0: peers:[s0|rpc:localhost:35955|admin:localhost:34135|client:localhost:36731|dataStream:localhost:43117|priority:0|startupRole:FOLLOWER]|listeners:[], old=null RUNNING
2023-04-27 07:11:46,531 [s0@group-5DD5DE37E73E-StateMachineUpdater] INFO  impl.SimpleStateMachine4Testing (SimpleStateMachine4Testing.java:put(205)) - s0: put 1, m0 -> (t:1, i:1), STATEMACHINELOGENTRY, 0@client-7D5FDF2F5A1F
2023-04-27 07:11:46,566 [s0@group-5DD5DE37E73E-StateMachineUpdater] INFO  impl.SimpleStateMachine4Testing (SimpleStateMachine4Testing.java:put(205)) - s0: put 3, m1 -> (t:1, i:3), STATEMACHINELOGENTRY, 1@client-7D5FDF2F5A1F
2023-04-27 07:11:46,578 [s0@group-5DD5DE37E73E-StateMachineUpdater] INFO  impl.SimpleStateMachine4Testing (SimpleStateMachine4Testing.java:put(205)) - s0: put 5, m2 -> (t:1, i:5), STATEMACHINELOGENTRY, 2@client-7D5FDF2F5A1F
2023-04-27 07:11:46,587 [s0@group-5DD5DE37E73E-StateMachineUpdater] INFO  impl.SimpleStateMachine4Testing (SimpleStateMachine4Testing.java:put(205)) - s0: put 7, m3 -> (t:1, i:7), STATEMACHINELOGENTRY, 3@client-7D5FDF2F5A1F
2023-04-27 07:11:46,597 [s0@group-5DD5DE37E73E-StateMachineUpdater] INFO  impl.SimpleStateMachine4Testing (SimpleStateMachine4Testing.java:put(205)) - s0: put 9, m4 -> (t:1, i:9), STATEMACHINELOGENTRY, 4@client-7D5FDF2F5A1F
2023-04-27 07:11:46,609 [s0@group-5DD5DE37E73E-StateMachineUpdater] INFO  impl.SimpleStateMachine4Testing (SimpleStateMachine4Testing.java:put(205)) - s0: put 11, m5 -> (t:1, i:11), STATEMACHINELOGENTRY, 5@client-7D5FDF2F5A1F
2023-04-27 07:11:46,620 [s0@group-5DD5DE37E73E-StateMachineUpdater] INFO  impl.SimpleStateMachine4Testing (SimpleStateMachine4Testing.java:put(205)) - s0: put 13, m6 -> (t:1, i:13), STATEMACHINELOGENTRY, 6@client-7D5FDF2F5A1F
2023-04-27 07:11:46,629 [s0@group-5DD5DE37E73E-StateMachineUpdater] INFO  impl.SimpleStateMachine4Testing (SimpleStateMachine4Testing.java:put(205)) - s0: put 15, m7 -> (t:1, i:15), STATEMACHINELOGENTRY, 7@client-7D5FDF2F5A1F
2023-04-27 07:11:46,636 [s0@group-5DD5DE37E73E-StateMachineUpdater] INFO  impl.SimpleStateMachine4Testing (SimpleStateMachine4Testing.java:put(205)) - s0: put 17, m8 -> (t:1, i:17), STATEMACHINELOGENTRY, 8@client-7D5FDF2F5A1F
2023-04-27 07:11:46,646 [s0@group-5DD5DE37E73E-StateMachineUpdater] INFO  impl.SimpleStateMachine4Testing (SimpleStateMachine4Testing.java:put(205)) - s0: put 19, m9 -> (t:1, i:19), STATEMACHINELOGENTRY, 9@client-7D5FDF2F5A1F
2023-04-27 07:11:46,653 [s0@group-5DD5DE37E73E-StateMachineUpdater] INFO  impl.SimpleStateMachine4Testing (SimpleStateMachine4Testing.java:put(205)) - s0: put 21, m10 -> (t:1, i:21), STATEMACHINELOGENTRY, 10@client-7D5FDF2F5A1F
2023-04-27 07:11:46,662 [s0@group-5DD5DE37E73E-StateMachineUpdater] INFO  impl.SimpleStateMachine4Testing (SimpleStateMachine4Testing.java:put(205)) - s0: put 23, m11 -> (t:1, i:23), STATEMACHINELOGENTRY, 11@client-7D5FDF2F5A1F
2023-04-27 07:11:46,671 [s0@group-5DD5DE37E73E-StateMachineUpdater] INFO  impl.SimpleStateMachine4Testing (SimpleStateMachine4Testing.java:put(205)) - s0: put 25, m12 -> (t:1, i:25), STATEMACHINELOGENTRY, 12@client-7D5FDF2F5A1F
2023-04-27 07:11:46,678 [s0@group-5DD5DE37E73E-StateMachineUpdater] INFO  impl.SimpleStateMachine4Testing (SimpleStateMachine4Testing.java:put(205)) - s0: put 27, m13 -> (t:1, i:27), STATEMACHINELOGENTRY, 13@client-7D5FDF2F5A1F
2023-04-27 07:11:46,684 [s0@group-5DD5DE37E73E-StateMachineUpdater] INFO  impl.SimpleStateMachine4Testing (SimpleStateMachine4Testing.java:put(205)) - s0: put 29, m14 -> (t:1, i:29), STATEMACHINELOGENTRY, 14@client-7D5FDF2F5A1F
2023-04-27 07:11:46,690 [s0@group-5DD5DE37E73E-StateMachineUpdater] INFO  impl.SimpleStateMachine4Testing (SimpleStateMachine4Testing.java:put(205)) - s0: put 31, m15 -> (t:1, i:31), STATEMACHINELOGENTRY, 15@client-7D5FDF2F5A1F
2023-04-27 07:11:46,700 [s0@group-5DD5DE37E73E-StateMachineUpdater] INFO  impl.SimpleStateMachine4Testing (SimpleStateMachine4Testing.java:put(205)) - s0: put 33, m16 -> (t:1, i:33), STATEMACHINELOGENTRY, 16@client-7D5FDF2F5A1F
2023-04-27 07:11:46,709 [s0@group-5DD5DE37E73E-StateMachineUpdater] INFO  impl.SimpleStateMachine4Testing (SimpleStateMachine4Testing.java:put(205)) - s0: put 35, m17 -> (t:1, i:35), STATEMACHINELOGENTRY, 17@client-7D5FDF2F5A1F
2023-04-27 07:11:46,720 [s0@group-5DD5DE37E73E-StateMachineUpdater] INFO  impl.SimpleStateMachine4Testing (SimpleStateMachine4Testing.java:put(205)) - s0: put 37, m18 -> (t:1, i:37), STATEMACHINELOGENTRY, 18@client-7D5FDF2F5A1F
2023-04-27 07:11:46,727 [s0@group-5DD5DE37E73E-StateMachineUpdater] INFO  impl.SimpleStateMachine4Testing (SimpleStateMachine4Testing.java:put(205)) - s0: put 39, m19 -> (t:1, i:39), STATEMACHINELOGENTRY, 19@client-7D5FDF2F5A1F
2023-04-27 07:11:46,736 [s0@group-5DD5DE37E73E-StateMachineUpdater] INFO  impl.SimpleStateMachine4Testing (SimpleStateMachine4Testing.java:put(205)) - s0: put 41, m20 -> (t:1, i:41), STATEMACHINELOGENTRY, 20@client-7D5FDF2F5A1F
2023-04-27 07:11:46,742 [s0@group-5DD5DE37E73E-StateMachineUpdater] INFO  impl.SimpleStateMachine4Testing (SimpleStateMachine4Testing.java:put(205)) - s0: put 43, m21 -> (t:1, i:43), STATEMACHINELOGENTRY, 21@client-7D5FDF2F5A1F
2023-04-27 07:11:46,748 [s0@group-5DD5DE37E73E-StateMachineUpdater] INFO  impl.SimpleStateMachine4Testing (SimpleStateMachine4Testing.java:put(205)) - s0: put 45, m22 -> (t:1, i:45), STATEMACHINELOGENTRY, 22@client-7D5FDF2F5A1F
2023-04-27 07:11:46,755 [s0@group-5DD5DE37E73E-StateMachineUpdater] INFO  impl.SimpleStateMachine4Testing (SimpleStateMachine4Testing.java:put(205)) - s0: put 47, m23 -> (t:1, i:47), STATEMACHINELOGENTRY, 23@client-7D5FDF2F5A1F
2023-04-27 07:11:46,764 [s0@group-5DD5DE37E73E-StateMachineUpdater] INFO  impl.SimpleStateMachine4Testing (SimpleStateMachine4Testing.java:put(205)) - s0: put 49, m24 -> (t:1, i:49), STATEMACHINELOGENTRY, 24@client-7D5FDF2F5A1F
2023-04-27 07:11:46,769 [s0@group-5DD5DE37E73E-StateMachineUpdater] INFO  impl.SimpleStateMachine4Testing (SimpleStateMachine4Testing.java:put(205)) - s0: put 51, m25 -> (t:1, i:51), STATEMACHINELOGENTRY, 25@client-7D5FDF2F5A1F
2023-04-27 07:11:46,775 [s0@group-5DD5DE37E73E-StateMachineUpdater] INFO  impl.SimpleStateMachine4Testing (SimpleStateMachine4Testing.java:put(205)) - s0: put 53, m26 -> (t:1, i:53), STATEMACHINELOGENTRY, 26@client-7D5FDF2F5A1F
2023-04-27 07:11:46,782 [s0@group-5DD5DE37E73E-StateMachineUpdater] INFO  impl.SimpleStateMachine4Testing (SimpleStateMachine4Testing.java:put(205)) - s0: put 55, m27 -> (t:1, i:55), STATEMACHINELOGENTRY, 27@client-7D5FDF2F5A1F
2023-04-27 07:11:46,787 [s0@group-5DD5DE37E73E-StateMachineUpdater] INFO  impl.SimpleStateMachine4Testing (SimpleStateMachine4Testing.java:put(205)) - s0: put 57, m28 -> (t:1, i:57), STATEMACHINELOGENTRY, 28@client-7D5FDF2F5A1F
2023-04-27 07:11:46,795 [s0@group-5DD5DE37E73E-StateMachineUpdater] INFO  impl.SimpleStateMachine4Testing (SimpleStateMachine4Testing.java:put(205)) - s0: put 59, m29 -> (t:1, i:59), STATEMACHINELOGENTRY, 29@client-7D5FDF2F5A1F
2023-04-27 07:11:46,800 [s0@group-5DD5DE37E73E-StateMachineUpdater] INFO  impl.SimpleStateMachine4Testing (SimpleStateMachine4Testing.java:put(205)) - s0: put 61, m30 -> (t:1, i:61), STATEMACHINELOGENTRY, 30@client-7D5FDF2F5A1F
2023-04-27 07:11:46,804 [s0@group-5DD5DE37E73E-StateMachineUpdater] INFO  impl.SimpleStateMachine4Testing (SimpleStateMachine4Testing.java:put(205)) - s0: put 63, m31 -> (t:1, i:63), STATEMACHINELOGENTRY, 31@client-7D5FDF2F5A1F
2023-04-27 07:11:46,805 [s0@group-5DD5DE37E73E-StateMachineUpdater] TRACE util.FileUtils (LogUtils.java:runAndLog(49)) - Successfully ran Files.createDirectories /home/runner/work/ratis/ratis/ratis-test/target/test/data/a5c97c2c/MiniRaftClusterWithGrpc3f6ea9d5/s0/3a0ff405-0f10-426f-871f-5dd5de37e73e/sm/snapshot
2023-04-27 07:11:46,805 [s0@group-5DD5DE37E73E-StateMachineUpdater] TRACE util.FileUtils (LogUtils.java:runAndLog(49)) - Successfully ran Files.createDirectories /home/runner/work/ratis/ratis/ratis-test/target/test/data/a5c97c2c/MiniRaftClusterWithGrpc3f6ea9d5/s0/3a0ff405-0f10-426f-871f-5dd5de37e73e/sm/snapshot
2023-04-27 07:11:46,806 [s0@group-5DD5DE37E73E-StateMachineUpdater] TRACE util.FileUtils (LogUtils.java:runAndLog(49)) - Successfully ran Files.createDirectories /home/runner/work/ratis/ratis/ratis-test/target/test/data/a5c97c2c/MiniRaftClusterWithGrpc3f6ea9d5/s0/3a0ff405-0f10-426f-871f-5dd5de37e73e/sm/snapshot/sub
2023-04-27 07:11:46,807 [s0@group-5DD5DE37E73E-StateMachineUpdater] TRACE util.FileUtils (LogUtils.java:supplyAndLog(70)) - Successfully supplied Files.newOutputStream CREATE_NEW /home/runner/work/ratis/ratis/ratis-test/target/test/data/a5c97c2c/MiniRaftClusterWithGrpc3f6ea9d5/s0/3a0ff405-0f10-426f-871f-5dd5de37e73e/sm/snapshot/1.bin: java.nio.channels.Channels$1@5cc0bc78
2023-04-27 07:11:46,807 [s0@group-5DD5DE37E73E-StateMachineUpdater] TRACE util.FileUtils (LogUtils.java:supplyAndLog(70)) - Successfully supplied Files.newOutputStream CREATE_NEW /home/runner/work/ratis/ratis/ratis-test/target/test/data/a5c97c2c/MiniRaftClusterWithGrpc3f6ea9d5/s0/3a0ff405-0f10-426f-871f-5dd5de37e73e/sm/snapshot/sub/2.bin: java.nio.channels.Channels$1@1def6964
2023-04-27 07:11:46,829 [s0@group-5DD5DE37E73E-StateMachineUpdater] INFO  impl.StateMachineUpdater (StateMachineUpdater.java:takeSnapshot(290)) - s0@group-5DD5DE37E73E-StateMachineUpdater: Took a snapshot at index 63
2023-04-27 07:11:46,829 [s0@group-5DD5DE37E73E-StateMachineUpdater] INFO  impl.StateMachineUpdater (StateMachineUpdater.java:lambda$new$0(96)) - s0@group-5DD5DE37E73E-StateMachineUpdater: snapshotIndex: updateIncreasingly -1 -> 63
2023-04-27 07:11:46,831 [s0@group-5DD5DE37E73E-StateMachineUpdater] INFO  raftlog.RaftLog (RaftLogBase.java:purge(314)) - s0@group-5DD5DE37E73E-SegmentedRaftLog: purge 63
2023-04-27 07:11:46,832 [s0@group-5DD5DE37E73E-StateMachineUpdater] INFO  raftlog.RaftLog (RaftLogBase.java:lambda$new$0(53)) - s0@group-5DD5DE37E73E-SegmentedRaftLog: snapshotIndex: updateIncreasingly -1 -> 63
2023-04-27 07:11:46,833 [s0@group-5DD5DE37E73E-StateMachineUpdater] INFO  raftlog.RaftLog (RaftLogBase.java:lambda$new$0(53)) - s0@group-5DD5DE37E73E-SegmentedRaftLog: purgeIndex: updateToMax old=-1, new=63, updated? true
2023-04-27 07:11:46,834 [s0@group-5DD5DE37E73E-StateMachineUpdater] INFO  impl.SimpleStateMachine4Testing (SimpleStateMachine4Testing.java:put(205)) - s0: put 65, m32 -> (t:1, i:65), STATEMACHINELOGENTRY, 32@client-7D5FDF2F5A1F
2023-04-27 07:11:46,842 [s0@group-5DD5DE37E73E-StateMachineUpdater] INFO  impl.SimpleStateMachine4Testing (SimpleStateMachine4Testing.java:put(205)) - s0: put 67, m33 -> (t:1, i:67), STATEMACHINELOGENTRY, 33@client-7D5FDF2F5A1F
2023-04-27 07:11:46,850 [s0@group-5DD5DE37E73E-StateMachineUpdater] INFO  impl.SimpleStateMachine4Testing (SimpleStateMachine4Testing.java:put(205)) - s0: put 69, m34 -> (t:1, i:69), STATEMACHINELOGENTRY, 34@client-7D5FDF2F5A1F
2023-04-27 07:11:46,854 [s0@group-5DD5DE37E73E-StateMachineUpdater] INFO  impl.SimpleStateMachine4Testing (SimpleStateMachine4Testing.java:put(205)) - s0: put 71, m35 -> (t:1, i:71), STATEMACHINELOGENTRY, 35@client-7D5FDF2F5A1F
2023-04-27 07:11:46,859 [s0@group-5DD5DE37E73E-StateMachineUpdater] INFO  impl.SimpleStateMachine4Testing (SimpleStateMachine4Testing.java:put(205)) - s0: put 73, m36 -> (t:1, i:73), STATEMACHINELOGENTRY, 36@client-7D5FDF2F5A1F
2023-04-27 07:11:46,864 [s0@group-5DD5DE37E73E-StateMachineUpdater] INFO  impl.SimpleStateMachine4Testing (SimpleStateMachine4Testing.java:put(205)) - s0: put 75, m37 -> (t:1, i:75), STATEMACHINELOGENTRY, 37@client-7D5FDF2F5A1F
2023-04-27 07:11:46,869 [s0@group-5DD5DE37E73E-StateMachineUpdater] INFO  impl.SimpleStateMachine4Testing (SimpleStateMachine4Testing.java:put(205)) - s0: put 77, m38 -> (t:1, i:77), STATEMACHINELOGENTRY, 38@client-7D5FDF2F5A1F
2023-04-27 07:11:46,874 [s0@group-5DD5DE37E73E-StateMachineUpdater] INFO  impl.SimpleStateMachine4Testing (SimpleStateMachine4Testing.java:put(205)) - s0: put 79, m39 -> (t:1, i:79), STATEMACHINELOGENTRY, 39@client-7D5FDF2F5A1F
2023-04-27 07:11:46,878 [s0@group-5DD5DE37E73E-StateMachineUpdater] INFO  impl.SimpleStateMachine4Testing (SimpleStateMachine4Testing.java:put(205)) - s0: put 81, m40 -> (t:1, i:81), STATEMACHINELOGENTRY, 40@client-7D5FDF2F5A1F
2023-04-27 07:11:46,882 [s0@group-5DD5DE37E73E-StateMachineUpdater] INFO  impl.SimpleStateMachine4Testing (SimpleStateMachine4Testing.java:put(205)) - s0: put 83, m41 -> (t:1, i:83), STATEMACHINELOGENTRY, 41@client-7D5FDF2F5A1F
2023-04-27 07:11:46,887 [s0@group-5DD5DE37E73E-StateMachineUpdater] INFO  impl.SimpleStateMachine4Testing (SimpleStateMachine4Testing.java:put(205)) - s0: put 85, m42 -> (t:1, i:85), STATEMACHINELOGENTRY, 42@client-7D5FDF2F5A1F
2023-04-27 07:11:46,891 [s0@group-5DD5DE37E73E-StateMachineUpdater] INFO  impl.SimpleStateMachine4Testing (SimpleStateMachine4Testing.java:put(205)) - s0: put 87, m43 -> (t:1, i:87), STATEMACHINELOGENTRY, 43@client-7D5FDF2F5A1F
2023-04-27 07:11:46,895 [s0@group-5DD5DE37E73E-StateMachineUpdater] INFO  impl.SimpleStateMachine4Testing (SimpleStateMachine4Testing.java:put(205)) - s0: put 89, m44 -> (t:1, i:89), STATEMACHINELOGENTRY, 44@client-7D5FDF2F5A1F
2023-04-27 07:11:46,900 [s0@group-5DD5DE37E73E-StateMachineUpdater] INFO  impl.SimpleStateMachine4Testing (SimpleStateMachine4Testing.java:put(205)) - s0: put 91, m45 -> (t:1, i:91), STATEMACHINELOGENTRY, 45@client-7D5FDF2F5A1F
2023-04-27 07:11:46,904 [s0@group-5DD5DE37E73E-StateMachineUpdater] INFO  impl.SimpleStateMachine4Testing (SimpleStateMachine4Testing.java:put(205)) - s0: put 93, m46 -> (t:1, i:93), STATEMACHINELOGENTRY, 46@client-7D5FDF2F5A1F
2023-04-27 07:11:46,909 [s0@group-5DD5DE37E73E-StateMachineUpdater] INFO  impl.SimpleStateMachine4Testing (SimpleStateMachine4Testing.java:put(205)) - s0: put 95, m47 -> (t:1, i:95), STATEMACHINELOGENTRY, 47@client-7D5FDF2F5A1F
2023-04-27 07:11:46,914 [s0@group-5DD5DE37E73E-StateMachineUpdater] INFO  impl.SimpleStateMachine4Testing (SimpleStateMachine4Testing.java:put(205)) - s0: put 97, m48 -> (t:1, i:97), STATEMACHINELOGENTRY, 48@client-7D5FDF2F5A1F
2023-04-27 07:11:46,919 [s0@group-5DD5DE37E73E-StateMachineUpdater] INFO  impl.SimpleStateMachine4Testing (SimpleStateMachine4Testing.java:put(205)) - s0: put 99, m49 -> (t:1, i:99), STATEMACHINELOGENTRY, 49@client-7D5FDF2F5A1F
2023-04-27 07:11:46,924 [s0@group-5DD5DE37E73E-StateMachineUpdater] INFO  impl.SimpleStateMachine4Testing (SimpleStateMachine4Testing.java:put(205)) - s0: put 101, m50 -> (t:1, i:101), STATEMACHINELOGENTRY, 50@client-7D5FDF2F5A1F
2023-04-27 07:11:46,929 [s0@group-5DD5DE37E73E-StateMachineUpdater] INFO  impl.SimpleStateMachine4Testing (SimpleStateMachine4Testing.java:put(205)) - s0: put 103, m51 -> (t:1, i:103), STATEMACHINELOGENTRY, 51@client-7D5FDF2F5A1F
2023-04-27 07:11:46,933 [s0@group-5DD5DE37E73E-StateMachineUpdater] INFO  impl.SimpleStateMachine4Testing (SimpleStateMachine4Testing.java:put(205)) - s0: put 105, m52 -> (t:1, i:105), STATEMACHINELOGENTRY, 52@client-7D5FDF2F5A1F
2023-04-27 07:11:46,938 [s0@group-5DD5DE37E73E-StateMachineUpdater] INFO  impl.SimpleStateMachine4Testing (SimpleStateMachine4Testing.java:put(205)) - s0: put 107, m53 -> (t:1, i:107), STATEMACHINELOGENTRY, 53@client-7D5FDF2F5A1F
2023-04-27 07:11:46,942 [s0@group-5DD5DE37E73E-StateMachineUpdater] INFO  impl.SimpleStateMachine4Testing (SimpleStateMachine4Testing.java:put(205)) - s0: put 109, m54 -> (t:1, i:109), STATEMACHINELOGENTRY, 54@client-7D5FDF2F5A1F
2023-04-27 07:11:46,947 [s0@group-5DD5DE37E73E-StateMachineUpdater] INFO  impl.SimpleStateMachine4Testing (SimpleStateMachine4Testing.java:put(205)) - s0: put 111, m55 -> (t:1, i:111), STATEMACHINELOGENTRY, 55@client-7D5FDF2F5A1F
2023-04-27 07:11:46,952 [s0@group-5DD5DE37E73E-StateMachineUpdater] INFO  impl.SimpleStateMachine4Testing (SimpleStateMachine4Testing.java:put(205)) - s0: put 113, m56 -> (t:1, i:113), STATEMACHINELOGENTRY, 56@client-7D5FDF2F5A1F
2023-04-27 07:11:46,956 [s0@group-5DD5DE37E73E-StateMachineUpdater] INFO  impl.SimpleStateMachine4Testing (SimpleStateMachine4Testing.java:put(205)) - s0: put 115, m57 -> (t:1, i:115), STATEMACHINELOGENTRY, 57@client-7D5FDF2F5A1F
2023-04-27 07:11:46,961 [s0@group-5DD5DE37E73E-StateMachineUpdater] INFO  impl.SimpleStateMachine4Testing (SimpleStateMachine4Testing.java:put(205)) - s0: put 117, m58 -> (t:1, i:117), STATEMACHINELOGENTRY, 58@client-7D5FDF2F5A1F
2023-04-27 07:11:46,966 [s0@group-5DD5DE37E73E-StateMachineUpdater] INFO  impl.SimpleStateMachine4Testing (SimpleStateMachine4Testing.java:put(205)) - s0: put 119, m59 -> (t:1, i:119), STATEMACHINELOGENTRY, 59@client-7D5FDF2F5A1F
2023-04-27 07:11:46,970 [s0@group-5DD5DE37E73E-StateMachineUpdater] INFO  impl.SimpleStateMachine4Testing (SimpleStateMachine4Testing.java:put(205)) - s0: put 121, m60 -> (t:1, i:121), STATEMACHINELOGENTRY, 60@client-7D5FDF2F5A1F
2023-04-27 07:11:46,975 [s0@group-5DD5DE37E73E-StateMachineUpdater] INFO  impl.SimpleStateMachine4Testing (SimpleStateMachine4Testing.java:put(205)) - s0: put 123, m61 -> (t:1, i:123), STATEMACHINELOGENTRY, 61@client-7D5FDF2F5A1F
2023-04-27 07:11:46,983 [s0@group-5DD5DE37E73E-StateMachineUpdater] INFO  impl.SimpleStateMachine4Testing (SimpleStateMachine4Testing.java:put(205)) - s0: put 125, m62 -> (t:1, i:125), STATEMACHINELOGENTRY, 62@client-7D5FDF2F5A1F
2023-04-27 07:11:46,988 [s0@group-5DD5DE37E73E-StateMachineUpdater] INFO  impl.SimpleStateMachine4Testing (SimpleStateMachine4Testing.java:put(205)) - s0: put 127, m63 -> (t:1, i:127), STATEMACHINELOGENTRY, 63@client-7D5FDF2F5A1F
2023-04-27 07:11:47,002 [s0@group-5DD5DE37E73E-StateMachineUpdater] INFO  impl.StateMachineUpdater (StateMachineUpdater.java:takeSnapshot(290)) - s0@group-5DD5DE37E73E-StateMachineUpdater: Took a snapshot at index 127
2023-04-27 07:11:47,003 [s0@group-5DD5DE37E73E-StateMachineUpdater] INFO  impl.StateMachineUpdater (StateMachineUpdater.java:lambda$new$0(96)) - s0@group-5DD5DE37E73E-StateMachineUpdater: snapshotIndex: updateIncreasingly 63 -> 127
2023-04-27 07:11:47,003 [s0@group-5DD5DE37E73E-StateMachineUpdater] INFO  raftlog.RaftLog (RaftLogBase.java:purge(314)) - s0@group-5DD5DE37E73E-SegmentedRaftLog: purge 127
2023-04-27 07:11:47,003 [s0@group-5DD5DE37E73E-StateMachineUpdater] INFO  raftlog.RaftLog (RaftLogBase.java:lambda$new$0(53)) - s0@group-5DD5DE37E73E-SegmentedRaftLog: snapshotIndex: updateIncreasingly 63 -> 127
2023-04-27 07:11:47,003 [s0@group-5DD5DE37E73E-StateMachineUpdater] INFO  raftlog.RaftLog (RaftLogBase.java:lambda$new$0(53)) - s0@group-5DD5DE37E73E-SegmentedRaftLog: purgeIndex: updateToMax old=63, new=127, updated? true
2023-04-27 07:11:47,003 [s0@group-5DD5DE37E73E-StateMachineUpdater] INFO  impl.SimpleStateMachine4Testing (SimpleStateMachine4Testing.java:put(205)) - s0: put 129, m64 -> (t:1, i:129), STATEMACHINELOGENTRY, 64@client-7D5FDF2F5A1F
2023-04-27 07:11:47,009 [s0@group-5DD5DE37E73E-StateMachineUpdater] INFO  impl.SimpleStateMachine4Testing (SimpleStateMachine4Testing.java:put(205)) - s0: put 131, m65 -> (t:1, i:131), STATEMACHINELOGENTRY, 65@client-7D5FDF2F5A1F
2023-04-27 07:11:47,019 [s0@group-5DD5DE37E73E-StateMachineUpdater] INFO  impl.SimpleStateMachine4Testing (SimpleStateMachine4Testing.java:put(205)) - s0: put 133, m66 -> (t:1, i:133), STATEMACHINELOGENTRY, 66@client-7D5FDF2F5A1F
2023-04-27 07:11:47,026 [s0@group-5DD5DE37E73E-StateMachineUpdater] INFO  impl.SimpleStateMachine4Testing (SimpleStateMachine4Testing.java:put(205)) - s0: put 135, m67 -> (t:1, i:135), STATEMACHINELOGENTRY, 67@client-7D5FDF2F5A1F
2023-04-27 07:11:47,031 [s0@group-5DD5DE37E73E-StateMachineUpdater] INFO  impl.SimpleStateMachine4Testing (SimpleStateMachine4Testing.java:put(205)) - s0: put 137, m68 -> (t:1, i:137), STATEMACHINELOGENTRY, 68@client-7D5FDF2F5A1F
2023-04-27 07:11:47,035 [s0@group-5DD5DE37E73E-StateMachineUpdater] INFO  impl.SimpleStateMachine4Testing (SimpleStateMachine4Testing.java:put(205)) - s0: put 139, m69 -> (t:1, i:139), STATEMACHINELOGENTRY, 69@client-7D5FDF2F5A1F
2023-04-27 07:11:47,039 [s0@group-5DD5DE37E73E-StateMachineUpdater] INFO  impl.SimpleStateMachine4Testing (SimpleStateMachine4Testing.java:put(205)) - s0: put 141, m70 -> (t:1, i:141), STATEMACHINELOGENTRY, 70@client-7D5FDF2F5A1F
2023-04-27 07:11:47,044 [s0@group-5DD5DE37E73E-StateMachineUpdater] INFO  impl.SimpleStateMachine4Testing (SimpleStateMachine4Testing.java:put(205)) - s0: put 143, m71 -> (t:1, i:143), STATEMACHINELOGENTRY, 71@client-7D5FDF2F5A1F
2023-04-27 07:11:47,048 [s0@group-5DD5DE37E73E-StateMachineUpdater] INFO  impl.SimpleStateMachine4Testing (SimpleStateMachine4Testing.java:put(205)) - s0: put 145, m72 -> (t:1, i:145), STATEMACHINELOGENTRY, 72@client-7D5FDF2F5A1F
2023-04-27 07:11:47,051 [s0@group-5DD5DE37E73E-StateMachineUpdater] INFO  impl.SimpleStateMachine4Testing (SimpleStateMachine4Testing.java:put(205)) - s0: put 147, m73 -> (t:1, i:147), STATEMACHINELOGENTRY, 73@client-7D5FDF2F5A1F
2023-04-27 07:11:47,055 [s0@group-5DD5DE37E73E-StateMachineUpdater] INFO  impl.SimpleStateMachine4Testing (SimpleStateMachine4Testing.java:put(205)) - s0: put 149, m74 -> (t:1, i:149), STATEMACHINELOGENTRY, 74@client-7D5FDF2F5A1F
2023-04-27 07:11:47,058 [s0@group-5DD5DE37E73E-StateMachineUpdater] INFO  impl.SimpleStateMachine4Testing (SimpleStateMachine4Testing.java:put(205)) - s0: put 151, m75 -> (t:1, i:151), STATEMACHINELOGENTRY, 75@client-7D5FDF2F5A1F
2023-04-27 07:11:47,061 [s0@group-5DD5DE37E73E-StateMachineUpdater] INFO  impl.SimpleStateMachine4Testing (SimpleStateMachine4Testing.java:put(205)) - s0: put 153, m76 -> (t:1, i:153), STATEMACHINELOGENTRY, 76@client-7D5FDF2F5A1F
2023-04-27 07:11:47,065 [s0@group-5DD5DE37E73E-StateMachineUpdater] INFO  impl.SimpleStateMachine4Testing (SimpleStateMachine4Testing.java:put(205)) - s0: put 155, m77 -> (t:1, i:155), STATEMACHINELOGENTRY, 77@client-7D5FDF2F5A1F
2023-04-27 07:11:47,068 [s0@group-5DD5DE37E73E-StateMachineUpdater] INFO  impl.SimpleStateMachine4Testing (SimpleStateMachine4Testing.java:put(205)) - s0: put 157, m78 -> (t:1, i:157), STATEMACHINELOGENTRY, 78@client-7D5FDF2F5A1F
2023-04-27 07:11:47,072 [s0@group-5DD5DE37E73E-StateMachineUpdater] INFO  impl.SimpleStateMachine4Testing (SimpleStateMachine4Testing.java:put(205)) - s0: put 159, m79 -> (t:1, i:159), STATEMACHINELOGENTRY, 79@client-7D5FDF2F5A1F
2023-04-27 07:11:47,075 [s0@group-5DD5DE37E73E-StateMachineUpdater] INFO  impl.SimpleStateMachine4Testing (SimpleStateMachine4Testing.java:put(205)) - s0: put 161, m80 -> (t:1, i:161), STATEMACHINELOGENTRY, 80@client-7D5FDF2F5A1F
2023-04-27 07:11:47,079 [s0@group-5DD5DE37E73E-StateMachineUpdater] INFO  impl.SimpleStateMachine4Testing (SimpleStateMachine4Testing.java:put(205)) - s0: put 163, m81 -> (t:1, i:163), STATEMACHINELOGENTRY, 81@client-7D5FDF2F5A1F
2023-04-27 07:11:47,082 [s0@group-5DD5DE37E73E-StateMachineUpdater] INFO  impl.SimpleStateMachine4Testing (SimpleStateMachine4Testing.java:put(205)) - s0: put 165, m82 -> (t:1, i:165), STATEMACHINELOGENTRY, 82@client-7D5FDF2F5A1F
2023-04-27 07:11:47,086 [s0@group-5DD5DE37E73E-StateMachineUpdater] INFO  impl.SimpleStateMachine4Testing (SimpleStateMachine4Testing.java:put(205)) - s0: put 167, m83 -> (t:1, i:167), STATEMACHINELOGENTRY, 83@client-7D5FDF2F5A1F
2023-04-27 07:11:47,089 [s0@group-5DD5DE37E73E-StateMachineUpdater] INFO  impl.SimpleStateMachine4Testing (SimpleStateMachine4Testing.java:put(205)) - s0: put 169, m84 -> (t:1, i:169), STATEMACHINELOGENTRY, 84@client-7D5FDF2F5A1F
2023-04-27 07:11:47,093 [s0@group-5DD5DE37E73E-StateMachineUpdater] INFO  impl.SimpleStateMachine4Testing (SimpleStateMachine4Testing.java:put(205)) - s0: put 171, m85 -> (t:1, i:171), STATEMACHINELOGENTRY, 85@client-7D5FDF2F5A1F
2023-04-27 07:11:47,097 [s0@group-5DD5DE37E73E-StateMachineUpdater] INFO  impl.SimpleStateMachine4Testing (SimpleStateMachine4Testing.java:put(205)) - s0: put 173, m86 -> (t:1, i:173), STATEMACHINELOGENTRY, 86@client-7D5FDF2F5A1F
2023-04-27 07:11:47,101 [s0@group-5DD5DE37E73E-StateMachineUpdater] INFO  impl.SimpleStateMachine4Testing (SimpleStateMachine4Testing.java:put(205)) - s0: put 175, m87 -> (t:1, i:175), STATEMACHINELOGENTRY, 87@client-7D5FDF2F5A1F
2023-04-27 07:11:47,105 [s0@group-5DD5DE37E73E-StateMachineUpdater] INFO  impl.SimpleStateMachine4Testing (SimpleStateMachine4Testing.java:put(205)) - s0: put 177, m88 -> (t:1, i:177), STATEMACHINELOGENTRY, 88@client-7D5FDF2F5A1F
2023-04-27 07:11:47,109 [s0@group-5DD5DE37E73E-StateMachineUpdater] INFO  impl.SimpleStateMachine4Testing (SimpleStateMachine4Testing.java:put(205)) - s0: put 179, m89 -> (t:1, i:179), STATEMACHINELOGENTRY, 89@client-7D5FDF2F5A1F
2023-04-27 07:11:47,112 [s0@group-5DD5DE37E73E-StateMachineUpdater] INFO  impl.SimpleStateMachine4Testing (SimpleStateMachine4Testing.java:put(205)) - s0: put 181, m90 -> (t:1, i:181), STATEMACHINELOGENTRY, 90@client-7D5FDF2F5A1F
2023-04-27 07:11:47,116 [s0@group-5DD5DE37E73E-StateMachineUpdater] INFO  impl.SimpleStateMachine4Testing (SimpleStateMachine4Testing.java:put(205)) - s0: put 183, m91 -> (t:1, i:183), STATEMACHINELOGENTRY, 91@client-7D5FDF2F5A1F
2023-04-27 07:11:47,119 [s0@group-5DD5DE37E73E-StateMachineUpdater] INFO  impl.SimpleStateMachine4Testing (SimpleStateMachine4Testing.java:put(205)) - s0: put 185, m92 -> (t:1, i:185), STATEMACHINELOGENTRY, 92@client-7D5FDF2F5A1F
2023-04-27 07:11:47,123 [s0@group-5DD5DE37E73E-StateMachineUpdater] INFO  impl.SimpleStateMachine4Testing (SimpleStateMachine4Testing.java:put(205)) - s0: put 187, m93 -> (t:1, i:187), STATEMACHINELOGENTRY, 93@client-7D5FDF2F5A1F
2023-04-27 07:11:47,126 [s0@group-5DD5DE37E73E-StateMachineUpdater] INFO  impl.SimpleStateMachine4Testing (SimpleStateMachine4Testing.java:put(205)) - s0: put 189, m94 -> (t:1, i:189), STATEMACHINELOGENTRY, 94@client-7D5FDF2F5A1F
2023-04-27 07:11:47,130 [s0@group-5DD5DE37E73E-StateMachineUpdater] INFO  impl.SimpleStateMachine4Testing (SimpleStateMachine4Testing.java:put(205)) - s0: put 191, m95 -> (t:1, i:191), STATEMACHINELOGENTRY, 95@client-7D5FDF2F5A1F
2023-04-27 07:11:47,144 [s0@group-5DD5DE37E73E-StateMachineUpdater] INFO  impl.StateMachineUpdater (StateMachineUpdater.java:takeSnapshot(290)) - s0@group-5DD5DE37E73E-StateMachineUpdater: Took a snapshot at index 191
2023-04-27 07:11:47,144 [s0@group-5DD5DE37E73E-StateMachineUpdater] INFO  impl.StateMachineUpdater (StateMachineUpdater.java:lambda$new$0(96)) - s0@group-5DD5DE37E73E-StateMachineUpdater: snapshotIndex: updateIncreasingly 127 -> 191
2023-04-27 07:11:47,144 [s0@group-5DD5DE37E73E-StateMachineUpdater] INFO  raftlog.RaftLog (RaftLogBase.java:purge(314)) - s0@group-5DD5DE37E73E-SegmentedRaftLog: purge 191
2023-04-27 07:11:47,144 [s0@group-5DD5DE37E73E-StateMachineUpdater] INFO  raftlog.RaftLog (RaftLogBase.java:lambda$new$0(53)) - s0@group-5DD5DE37E73E-SegmentedRaftLog: snapshotIndex: updateIncreasingly 127 -> 191
2023-04-27 07:11:47,144 [s0@group-5DD5DE37E73E-StateMachineUpdater] INFO  raftlog.RaftLog (RaftLogBase.java:lambda$new$0(53)) - s0@group-5DD5DE37E73E-SegmentedRaftLog: purgeIndex: updateToMax old=127, new=191, updated? true
2023-04-27 07:11:47,144 [s0@group-5DD5DE37E73E-StateMachineUpdater] INFO  impl.SimpleStateMachine4Testing (SimpleStateMachine4Testing.java:put(205)) - s0: put 193, m96 -> (t:1, i:193), STATEMACHINELOGENTRY, 96@client-7D5FDF2F5A1F
2023-04-27 07:11:47,148 [s0@group-5DD5DE37E73E-StateMachineUpdater] INFO  impl.SimpleStateMachine4Testing (SimpleStateMachine4Testing.java:put(205)) - s0: put 195, m97 -> (t:1, i:195), STATEMACHINELOGENTRY, 97@client-7D5FDF2F5A1F
2023-04-27 07:11:47,152 [s0@group-5DD5DE37E73E-StateMachineUpdater] INFO  impl.SimpleStateMachine4Testing (SimpleStateMachine4Testing.java:put(205)) - s0: put 197, m98 -> (t:1, i:197), STATEMACHINELOGENTRY, 98@client-7D5FDF2F5A1F
2023-04-27 07:11:47,155 [s0@group-5DD5DE37E73E-StateMachineUpdater] INFO  impl.SimpleStateMachine4Testing (SimpleStateMachine4Testing.java:put(205)) - s0: put 199, m99 -> (t:1, i:199), STATEMACHINELOGENTRY, 99@client-7D5FDF2F5A1F
2023-04-27 07:11:47,158 [s0@group-5DD5DE37E73E-StateMachineUpdater] INFO  impl.SimpleStateMachine4Testing (SimpleStateMachine4Testing.java:put(205)) - s0: put 201, m100 -> (t:1, i:201), STATEMACHINELOGENTRY, 100@client-7D5FDF2F5A1F
2023-04-27 07:11:47,162 [s0@group-5DD5DE37E73E-StateMachineUpdater] INFO  impl.SimpleStateMachine4Testing (SimpleStateMachine4Testing.java:put(205)) - s0: put 203, m101 -> (t:1, i:203), STATEMACHINELOGENTRY, 101@client-7D5FDF2F5A1F
2023-04-27 07:11:47,166 [s0@group-5DD5DE37E73E-StateMachineUpdater] INFO  impl.SimpleStateMachine4Testing (SimpleStateMachine4Testing.java:put(205)) - s0: put 205, m102 -> (t:1, i:205), STATEMACHINELOGENTRY, 102@client-7D5FDF2F5A1F
2023-04-27 07:11:47,169 [s0@group-5DD5DE37E73E-StateMachineUpdater] INFO  impl.SimpleStateMachine4Testing (SimpleStateMachine4Testing.java:put(205)) - s0: put 207, m103 -> (t:1, i:207), STATEMACHINELOGENTRY, 103@client-7D5FDF2F5A1F
2023-04-27 07:11:47,173 [s0@group-5DD5DE37E73E-StateMachineUpdater] INFO  impl.SimpleStateMachine4Testing (SimpleStateMachine4Testing.java:put(205)) - s0: put 209, m104 -> (t:1, i:209), STATEMACHINELOGENTRY, 104@client-7D5FDF2F5A1F
2023-04-27 07:11:47,176 [s0@group-5DD5DE37E73E-StateMachineUpdater] INFO  impl.SimpleStateMachine4Testing (SimpleStateMachine4Testing.java:put(205)) - s0: put 211, m105 -> (t:1, i:211), STATEMACHINELOGENTRY, 105@client-7D5FDF2F5A1F
2023-04-27 07:11:47,180 [s0@group-5DD5DE37E73E-StateMachineUpdater] INFO  impl.SimpleStateMachine4Testing (SimpleStateMachine4Testing.java:put(205)) - s0: put 213, m106 -> (t:1, i:213), STATEMACHINELOGENTRY, 106@client-7D5FDF2F5A1F
2023-04-27 07:11:47,183 [s0@group-5DD5DE37E73E-StateMachineUpdater] INFO  impl.SimpleStateMachine4Testing (SimpleStateMachine4Testing.java:put(205)) - s0: put 215, m107 -> (t:1, i:215), STATEMACHINELOGENTRY, 107@client-7D5FDF2F5A1F
2023-04-27 07:11:47,187 [s0@group-5DD5DE37E73E-StateMachineUpdater] INFO  impl.SimpleStateMachine4Testing (SimpleStateMachine4Testing.java:put(205)) - s0: put 217, m108 -> (t:1, i:217), STATEMACHINELOGENTRY, 108@client-7D5FDF2F5A1F
2023-04-27 07:11:47,191 [s0@group-5DD5DE37E73E-StateMachineUpdater] INFO  impl.SimpleStateMachine4Testing (SimpleStateMachine4Testing.java:put(205)) - s0: put 219, m109 -> (t:1, i:219), STATEMACHINELOGENTRY, 109@client-7D5FDF2F5A1F
2023-04-27 07:11:47,194 [s0@group-5DD5DE37E73E-StateMachineUpdater] INFO  impl.SimpleStateMachine4Testing (SimpleStateMachine4Testing.java:put(205)) - s0: put 221, m110 -> (t:1, i:221), STATEMACHINELOGENTRY, 110@client-7D5FDF2F5A1F
2023-04-27 07:11:47,198 [s0@group-5DD5DE37E73E-StateMachineUpdater] INFO  impl.SimpleStateMachine4Testing (SimpleStateMachine4Testing.java:put(205)) - s0: put 223, m111 -> (t:1, i:223), STATEMACHINELOGENTRY, 111@client-7D5FDF2F5A1F
2023-04-27 07:11:47,201 [s0@group-5DD5DE37E73E-StateMachineUpdater] INFO  impl.SimpleStateMachine4Testing (SimpleStateMachine4Testing.java:put(205)) - s0: put 225, m112 -> (t:1, i:225), STATEMACHINELOGENTRY, 112@client-7D5FDF2F5A1F
2023-04-27 07:11:47,204 [s0@group-5DD5DE37E73E-StateMachineUpdater] INFO  impl.SimpleStateMachine4Testing (SimpleStateMachine4Testing.java:put(205)) - s0: put 227, m113 -> (t:1, i:227), STATEMACHINELOGENTRY, 113@client-7D5FDF2F5A1F
2023-04-27 07:11:47,207 [s0@group-5DD5DE37E73E-StateMachineUpdater] INFO  impl.SimpleStateMachine4Testing (SimpleStateMachine4Testing.java:put(205)) - s0: put 229, m114 -> (t:1, i:229), STATEMACHINELOGENTRY, 114@client-7D5FDF2F5A1F
2023-04-27 07:11:47,211 [s0@group-5DD5DE37E73E-StateMachineUpdater] INFO  impl.SimpleStateMachine4Testing (SimpleStateMachine4Testing.java:put(205)) - s0: put 231, m115 -> (t:1, i:231), STATEMACHINELOGENTRY, 115@client-7D5FDF2F5A1F
2023-04-27 07:11:47,214 [s0@group-5DD5DE37E73E-StateMachineUpdater] INFO  impl.SimpleStateMachine4Testing (SimpleStateMachine4Testing.java:put(205)) - s0: put 233, m116 -> (t:1, i:233), STATEMACHINELOGENTRY, 116@client-7D5FDF2F5A1F
2023-04-27 07:11:47,218 [s0@group-5DD5DE37E73E-StateMachineUpdater] INFO  impl.SimpleStateMachine4Testing (SimpleStateMachine4Testing.java:put(205)) - s0: put 235, m117 -> (t:1, i:235), STATEMACHINELOGENTRY, 117@client-7D5FDF2F5A1F
2023-04-27 07:11:47,221 [s0@group-5DD5DE37E73E-StateMachineUpdater] INFO  impl.SimpleStateMachine4Testing (SimpleStateMachine4Testing.java:put(205)) - s0: put 237, m118 -> (t:1, i:237), STATEMACHINELOGENTRY, 118@client-7D5FDF2F5A1F
2023-04-27 07:11:47,224 [s0@group-5DD5DE37E73E-StateMachineUpdater] INFO  impl.SimpleStateMachine4Testing (SimpleStateMachine4Testing.java:put(205)) - s0: put 239, m119 -> (t:1, i:239), STATEMACHINELOGENTRY, 119@client-7D5FDF2F5A1F
2023-04-27 07:11:47,227 [s0@group-5DD5DE37E73E-StateMachineUpdater] INFO  impl.SimpleStateMachine4Testing (SimpleStateMachine4Testing.java:put(205)) - s0: put 241, m120 -> (t:1, i:241), STATEMACHINELOGENTRY, 120@client-7D5FDF2F5A1F
2023-04-27 07:11:47,230 [s0@group-5DD5DE37E73E-StateMachineUpdater] INFO  impl.SimpleStateMachine4Testing (SimpleStateMachine4Testing.java:put(205)) - s0: put 243, m121 -> (t:1, i:243), STATEMACHINELOGENTRY, 121@client-7D5FDF2F5A1F
2023-04-27 07:11:47,233 [s0@group-5DD5DE37E73E-StateMachineUpdater] INFO  impl.SimpleStateMachine4Testing (SimpleStateMachine4Testing.java:put(205)) - s0: put 245, m122 -> (t:1, i:245), STATEMACHINELOGENTRY, 122@client-7D5FDF2F5A1F
2023-04-27 07:11:47,236 [s0@group-5DD5DE37E73E-StateMachineUpdater] INFO  impl.SimpleStateMachine4Testing (SimpleStateMachine4Testing.java:put(205)) - s0: put 247, m123 -> (t:1, i:247), STATEMACHINELOGENTRY, 123@client-7D5FDF2F5A1F
2023-04-27 07:11:47,239 [s0@group-5DD5DE37E73E-StateMachineUpdater] INFO  impl.SimpleStateMachine4Testing (SimpleStateMachine4Testing.java:put(205)) - s0: put 249, m124 -> (t:1, i:249), STATEMACHINELOGENTRY, 124@client-7D5FDF2F5A1F
2023-04-27 07:11:47,243 [s0@group-5DD5DE37E73E-StateMachineUpdater] INFO  impl.SimpleStateMachine4Testing (SimpleStateMachine4Testing.java:put(205)) - s0: put 251, m125 -> (t:1, i:251), STATEMACHINELOGENTRY, 125@client-7D5FDF2F5A1F
2023-04-27 07:11:47,246 [s0@group-5DD5DE37E73E-StateMachineUpdater] INFO  impl.SimpleStateMachine4Testing (SimpleStateMachine4Testing.java:put(205)) - s0: put 253, m126 -> (t:1, i:253), STATEMACHINELOGENTRY, 126@client-7D5FDF2F5A1F
2023-04-27 07:11:47,263 [s0-server-thread1] INFO  server.RaftServer$Division (RaftServerImpl.java:takeSnapshotAsync(1129)) - s0@group-5DD5DE37E73E: takeSnapshotAsync SnapshotManagementRequest:client-7D5FDF2F5A1F->s0@group-5DD5DE37E73E, cid=127, seq=0, RO, null, Create:
2023-04-27 07:11:47,263 [s0-server-thread1] INFO  server.RaftServerConfigKeys (ConfUtils.java:logGet(46)) - raft.server.snapshot.creation.gap = 1024 (default)
2023-04-27 07:11:47,281 [Time-limited test] INFO  impl.MiniRaftCluster (MiniRaftCluster.java:addNewPeers(464)) - Add new peers [s1, s2]
2023-04-27 07:11:47,281 [Time-limited test] INFO  impl.MiniRaftCluster (MiniRaftCluster.java:newRaftServer(382)) - newRaftServer: s1, group-5DD5DE37E73E:[], format? true
2023-04-27 07:11:47,281 [Time-limited test] TRACE util.FileUtils (FileUtils.java:deleteFully(201)) - deleteFully target/test/data/a5c97c2c/MiniRaftClusterWithGrpc3f6ea9d5/s1
2023-04-27 07:11:47,282 [Time-limited test] TRACE util.FileUtils (FileUtils.java:deleteFully(217)) - deleteFully: target/test/data/a5c97c2c/MiniRaftClusterWithGrpc3f6ea9d5/s1 does not exist.
2023-04-27 07:11:47,282 [Time-limited test] INFO  impl.MiniRaftCluster (MiniRaftCluster.java:newRaftServer(387)) - Formatted directory target/test/data/a5c97c2c/MiniRaftClusterWithGrpc3f6ea9d5/s1
2023-04-27 07:11:47,282 [Time-limited test] INFO  server.RaftServer (ConfUtils.java:logGet(46)) - raft.rpc.type = GRPC (default)
2023-04-27 07:11:47,283 [Time-limited test] INFO  grpc.GrpcConfigKeys (ConfUtils.java:logFallback(53)) - raft.grpc.admin.host = null (fallback to raft.grpc.server.host)
2023-04-27 07:11:47,283 [Time-limited test] INFO  grpc.GrpcConfigKeys (ConfUtils.java:logFallback(53)) - raft.grpc.admin.port = 42905 (fallback to raft.grpc.server.port)
2023-04-27 07:11:47,283 [Time-limited test] INFO  grpc.GrpcConfigKeys (ConfUtils.java:logFallback(53)) - raft.grpc.client.host = null (fallback to raft.grpc.server.host)
2023-04-27 07:11:47,283 [Time-limited test] INFO  grpc.GrpcConfigKeys (ConfUtils.java:logFallback(53)) - raft.grpc.client.port = 42905 (fallback to raft.grpc.server.port)
2023-04-27 07:11:47,283 [Time-limited test] INFO  grpc.GrpcConfigKeys (ConfUtils.java:logGet(46)) - raft.grpc.server.host = null (default)
2023-04-27 07:11:47,283 [Time-limited test] INFO  grpc.GrpcConfigKeys (ConfUtils.java:logGet(46)) - raft.grpc.server.port = 42905 (custom)
2023-04-27 07:11:47,283 [Time-limited test] INFO  server.GrpcService (ConfUtils.java:logGet(46)) - raft.grpc.message.size.max = 64MB (=67108864) (default)
2023-04-27 07:11:47,283 [Time-limited test] INFO  server.RaftServerConfigKeys (ConfUtils.java:logGet(46)) - raft.server.log.appender.buffer.byte-limit = 4MB (=4194304) (default)
2023-04-27 07:11:47,283 [Time-limited test] INFO  server.GrpcService (ConfUtils.java:logGet(46)) - raft.grpc.flow.control.window = 1MB (=1048576) (default)
2023-04-27 07:11:47,284 [Time-limited test] INFO  server.RaftServerConfigKeys (ConfUtils.java:logGet(46)) - raft.server.rpc.request.timeout = 3000ms (default)
2023-04-27 07:11:47,284 [Time-limited test] INFO  grpc.GrpcConfigKeys (ConfUtils.java:logGet(46)) - raft.grpc.server.heartbeat.channel = false (custom)
2023-04-27 07:11:47,284 [Time-limited test] INFO  grpc.GrpcConfigKeys (ConfUtils.java:logGet(46)) - raft.grpc.server.async.request.thread.pool.cached = true (default)
2023-04-27 07:11:47,284 [Time-limited test] INFO  grpc.GrpcConfigKeys (ConfUtils.java:logGet(46)) - raft.grpc.server.async.request.thread.pool.size = 32 (default)
2023-04-27 07:11:47,285 [Time-limited test] INFO  impl.DataStreamServerImpl (ConfUtils.java:logGet(46)) - raft.datastream.type = DISABLED (default)
2023-04-27 07:11:47,285 [Time-limited test] INFO  server.RaftServerConfigKeys (ConfUtils.java:logGet(46)) - raft.server.threadpool.proxy.cached = true (default)
2023-04-27 07:11:47,285 [Time-limited test] INFO  server.RaftServerConfigKeys (ConfUtils.java:logGet(46)) - raft.server.threadpool.proxy.size = 0 (default)
2023-04-27 07:11:47,285 [Time-limited test] INFO  server.RaftServerConfigKeys (ConfUtils.java:logGet(46)) - raft.server.rpc.slowness.timeout = 60s (default)
2023-04-27 07:11:47,285 [Time-limited test] INFO  server.RaftServerConfigKeys (ConfUtils.java:logGet(46)) - raft.server.leaderelection.leader.step-down.wait-time = 10s (default)
2023-04-27 07:11:47,285 [Time-limited test] INFO  server.RaftServerConfigKeys (ConfUtils.java:logGet(46)) - raft.server.storage.dir = [/home/runner/work/ratis/ratis/ratis-test/target/test/data/a5c97c2c/MiniRaftClusterWithGrpc3f6ea9d5/s1] (custom)
2023-04-27 07:11:47,292 [Time-limited test] INFO  server.RaftServer (RaftServerProxy.java:addNew(99)) - s1: addNew group-5DD5DE37E73E:[] returns group-5DD5DE37E73E:java.util.concurrent.CompletableFuture@2d71f7f[Not completed]
2023-04-27 07:11:47,292 [Time-limited test] INFO  impl.MiniRaftCluster (MiniRaftCluster.java:newRaftServer(382)) - newRaftServer: s2, group-5DD5DE37E73E:[], format? true
2023-04-27 07:11:47,292 [Time-limited test] TRACE util.FileUtils (FileUtils.java:deleteFully(201)) - deleteFully target/test/data/a5c97c2c/MiniRaftClusterWithGrpc3f6ea9d5/s2
2023-04-27 07:11:47,292 [Time-limited test] TRACE util.FileUtils (FileUtils.java:deleteFully(217)) - deleteFully: target/test/data/a5c97c2c/MiniRaftClusterWithGrpc3f6ea9d5/s2 does not exist.
2023-04-27 07:11:47,293 [Time-limited test] INFO  impl.MiniRaftCluster (MiniRaftCluster.java:newRaftServer(387)) - Formatted directory target/test/data/a5c97c2c/MiniRaftClusterWithGrpc3f6ea9d5/s2
2023-04-27 07:11:47,293 [Time-limited test] INFO  server.RaftServer (ConfUtils.java:logGet(46)) - raft.rpc.type = GRPC (default)
2023-04-27 07:11:47,293 [Time-limited test] INFO  grpc.GrpcConfigKeys (ConfUtils.java:logFallback(53)) - raft.grpc.admin.host = null (fallback to raft.grpc.server.host)
2023-04-27 07:11:47,293 [Time-limited test] INFO  grpc.GrpcConfigKeys (ConfUtils.java:logFallback(53)) - raft.grpc.admin.port = 43905 (fallback to raft.grpc.server.port)
2023-04-27 07:11:47,293 [Time-limited test] INFO  grpc.GrpcConfigKeys (ConfUtils.java:logFallback(53)) - raft.grpc.client.host = null (fallback to raft.grpc.server.host)
2023-04-27 07:11:47,293 [Time-limited test] INFO  grpc.GrpcConfigKeys (ConfUtils.java:logFallback(53)) - raft.grpc.client.port = 43905 (fallback to raft.grpc.server.port)
2023-04-27 07:11:47,294 [Time-limited test] INFO  grpc.GrpcConfigKeys (ConfUtils.java:logGet(46)) - raft.grpc.server.host = null (default)
2023-04-27 07:11:47,294 [Time-limited test] INFO  grpc.GrpcConfigKeys (ConfUtils.java:logGet(46)) - raft.grpc.server.port = 43905 (custom)
2023-04-27 07:11:47,294 [Time-limited test] INFO  server.GrpcService (ConfUtils.java:logGet(46)) - raft.grpc.message.size.max = 64MB (=67108864) (default)
2023-04-27 07:11:47,294 [Time-limited test] INFO  server.RaftServerConfigKeys (ConfUtils.java:logGet(46)) - raft.server.log.appender.buffer.byte-limit = 4MB (=4194304) (default)
2023-04-27 07:11:47,294 [Time-limited test] INFO  server.GrpcService (ConfUtils.java:logGet(46)) - raft.grpc.flow.control.window = 1MB (=1048576) (default)
2023-04-27 07:11:47,294 [Time-limited test] INFO  server.RaftServerConfigKeys (ConfUtils.java:logGet(46)) - raft.server.rpc.request.timeout = 3000ms (default)
2023-04-27 07:11:47,294 [Time-limited test] INFO  grpc.GrpcConfigKeys (ConfUtils.java:logGet(46)) - raft.grpc.server.heartbeat.channel = false (custom)
2023-04-27 07:11:47,294 [Time-limited test] INFO  grpc.GrpcConfigKeys (ConfUtils.java:logGet(46)) - raft.grpc.server.async.request.thread.pool.cached = true (default)
2023-04-27 07:11:47,294 [Time-limited test] INFO  grpc.GrpcConfigKeys (ConfUtils.java:logGet(46)) - raft.grpc.server.async.request.thread.pool.size = 32 (default)
2023-04-27 07:11:47,295 [Time-limited test] INFO  impl.DataStreamServerImpl (ConfUtils.java:logGet(46)) - raft.datastream.type = DISABLED (default)
2023-04-27 07:11:47,295 [Time-limited test] INFO  server.RaftServerConfigKeys (ConfUtils.java:logGet(46)) - raft.server.threadpool.proxy.cached = true (default)
2023-04-27 07:11:47,295 [Time-limited test] INFO  server.RaftServerConfigKeys (ConfUtils.java:logGet(46)) - raft.server.threadpool.proxy.size = 0 (default)
2023-04-27 07:11:47,295 [Time-limited test] INFO  server.RaftServerConfigKeys (ConfUtils.java:logGet(46)) - raft.server.rpc.slowness.timeout = 60s (default)
2023-04-27 07:11:47,296 [Time-limited test] INFO  server.RaftServerConfigKeys (ConfUtils.java:logGet(46)) - raft.server.leaderelection.leader.step-down.wait-time = 10s (default)
2023-04-27 07:11:47,296 [Time-limited test] INFO  server.RaftServerConfigKeys (ConfUtils.java:logGet(46)) - raft.server.storage.dir = [/home/runner/work/ratis/ratis/ratis-test/target/test/data/a5c97c2c/MiniRaftClusterWithGrpc3f6ea9d5/s2] (custom)
2023-04-27 07:11:47,298 [s1-groupManagement] INFO  server.RaftServerConfigKeys (ConfUtils.java:logGet(46)) - raft.server.log.segment.size.max = 8MB (=8388608) (default)
2023-04-27 07:11:47,298 [s1-groupManagement] INFO  server.RaftServerConfigKeys (ConfUtils.java:logGet(46)) - raft.server.log.preallocated.size = 4MB (=4194304) (default)
2023-04-27 07:11:47,298 [s1-groupManagement] INFO  server.RaftServerConfigKeys (ConfUtils.java:logGet(46)) - raft.server.log.write.buffer.size = 64KB (=65536) (default)
2023-04-27 07:11:47,298 [s1-groupManagement] INFO  server.RaftServer$Division (RaftServerImpl.java:<init>(198)) - s1: new RaftServerImpl for group-5DD5DE37E73E:[] with StateMachineWithMultiNestedSnapshotFile:uninitialized
2023-04-27 07:11:47,298 [s1-groupManagement] INFO  server.RaftServerConfigKeys (ConfUtils.java:logGet(46)) - raft.server.rpc.timeout.min = 150ms (default)
2023-04-27 07:11:47,298 [s1-groupManagement] INFO  server.RaftServerConfigKeys (ConfUtils.java:logGet(46)) - raft.server.rpc.timeout.max = 300ms (default)
2023-04-27 07:11:47,298 [s1-groupManagement] INFO  server.RaftServerConfigKeys (ConfUtils.java:logGet(46)) - raft.server.rpc.sleep.time = 25ms (default)
2023-04-27 07:11:47,298 [s1-groupManagement] INFO  server.RaftServerConfigKeys (ConfUtils.java:logGet(46)) - raft.server.rpc.slowness.timeout = 60s (default)
2023-04-27 07:11:47,299 [s1-groupManagement] INFO  server.RaftServerConfigKeys (ConfUtils.java:logGet(46)) - raft.server.leaderelection.leader.step-down.wait-time = 10s (default)
2023-04-27 07:11:47,299 [s1-groupManagement] INFO  server.RaftServerConfigKeys (ConfUtils.java:logGet(46)) - raft.server.sleep.deviation.threshold = 300ms (default)
2023-04-27 07:11:47,299 [s1-groupManagement] INFO  server.RaftServer$Division (ServerState.java:<init>(113)) - s1@group-5DD5DE37E73E: ConfigurationManager, init=-1: peers:[]|listeners:[], old=null, confs=<EMPTY_MAP>
2023-04-27 07:11:47,299 [s1-groupManagement] INFO  server.RaftServerConfigKeys (ConfUtils.java:logGet(46)) - raft.server.notification.no-leader.timeout = 60s (default)
2023-04-27 07:11:47,299 [s1-groupManagement] INFO  server.RaftServerConfigKeys (ConfUtils.java:logGet(46)) - raft.server.read.timeout = 10s (default)
2023-04-27 07:11:47,299 [s1-groupManagement] INFO  server.RaftServerConfigKeys (ConfUtils.java:logGet(46)) - raft.server.retrycache.expirytime = 60s (default)
2023-04-27 07:11:47,299 [s1-groupManagement] INFO  server.RaftServerConfigKeys (ConfUtils.java:logGet(46)) - raft.server.retrycache.statistics.expirytime = 100μs (default)
2023-04-27 07:11:47,300 [s1-groupManagement] INFO  server.RaftServerConfigKeys (ConfUtils.java:logGet(46)) - raft.server.read.option = DEFAULT (default)
2023-04-27 07:11:47,302 [s1-groupManagement] INFO  server.RaftServerConfigKeys (ConfUtils.java:logGet(46)) - raft.server.rpc.request.timeout = 3000ms (default)
2023-04-27 07:11:47,302 [s1-groupManagement] INFO  server.RaftServerConfigKeys (ConfUtils.java:logGet(46)) - raft.server.log.appender.install.snapshot.enabled = true (default)
2023-04-27 07:11:47,302 [s1-groupManagement] INFO  server.RaftServerConfigKeys (ConfUtils.java:logGet(46)) - raft.server.threadpool.server.cached = true (default)
2023-04-27 07:11:47,302 [s1-groupManagement] INFO  server.RaftServerConfigKeys (ConfUtils.java:logGet(46)) - raft.server.threadpool.server.size = 0 (default)
2023-04-27 07:11:47,302 [s1-groupManagement] INFO  server.RaftServerConfigKeys (ConfUtils.java:logGet(46)) - raft.server.threadpool.client.cached = true (default)
2023-04-27 07:11:47,302 [s1-groupManagement] INFO  server.RaftServerConfigKeys (ConfUtils.java:logGet(46)) - raft.server.threadpool.client.size = 0 (default)
2023-04-27 07:11:47,300 [Time-limited test] INFO  server.RaftServer (RaftServerProxy.java:addNew(99)) - s2: addNew group-5DD5DE37E73E:[] returns group-5DD5DE37E73E:java.util.concurrent.CompletableFuture@7efb375e[Not completed]
2023-04-27 07:11:47,300 [s2-groupManagement] INFO  server.RaftServerConfigKeys (ConfUtils.java:logGet(46)) - raft.server.log.segment.size.max = 8MB (=8388608) (default)
2023-04-27 07:11:47,303 [s1-impl-thread1] INFO  server.RaftServerConfigKeys (ConfUtils.java:logGet(46)) - raft.server.storage.free-space.min = 0MB (=0) (default)
2023-04-27 07:11:47,303 [s1-impl-thread1] INFO  server.RaftServerConfigKeys (ConfUtils.java:logGet(46)) - raft.server.log.corruption.policy = EXCEPTION (default)
2023-04-27 07:11:47,303 [s1-impl-thread1] INFO  server.RaftServerConfigKeys (ConfUtils.java:logGet(46)) - raft.server.storage.dir = [/home/runner/work/ratis/ratis/ratis-test/target/test/data/a5c97c2c/MiniRaftClusterWithGrpc3f6ea9d5/s1] (custom)
2023-04-27 07:11:47,303 [s1-impl-thread1] INFO  storage.RaftStorageDirectory (RaftStorageDirectoryImpl.java:analyzeStorage(138)) - The storage directory /home/runner/work/ratis/ratis/ratis-test/target/test/data/a5c97c2c/MiniRaftClusterWithGrpc3f6ea9d5/s1/3a0ff405-0f10-426f-871f-5dd5de37e73e does not exist. Creating ...
2023-04-27 07:11:47,304 [s1-impl-thread1] TRACE util.FileUtils (LogUtils.java:runAndLog(49)) - Successfully ran Files.createDirectories /home/runner/work/ratis/ratis/ratis-test/target/test/data/a5c97c2c/MiniRaftClusterWithGrpc3f6ea9d5/s1/3a0ff405-0f10-426f-871f-5dd5de37e73e
2023-04-27 07:11:47,305 [s1-impl-thread1] INFO  storage.RaftStorageDirectory (RaftStorageDirectoryImpl.java:tryLock(232)) - Lock on /home/runner/work/ratis/ratis/ratis-test/target/test/data/a5c97c2c/MiniRaftClusterWithGrpc3f6ea9d5/s1/3a0ff405-0f10-426f-871f-5dd5de37e73e/in_use.lock acquired by nodename 24267@fv-az591-70
2023-04-27 07:11:47,305 [s1-impl-thread1] TRACE util.FileUtils (LogUtils.java:runAndLog(49)) - Successfully ran Files.createDirectories /home/runner/work/ratis/ratis/ratis-test/target/test/data/a5c97c2c/MiniRaftClusterWithGrpc3f6ea9d5/s1/3a0ff405-0f10-426f-871f-5dd5de37e73e/current
2023-04-27 07:11:47,303 [s2-groupManagement] INFO  server.RaftServerConfigKeys (ConfUtils.java:logGet(46)) - raft.server.log.preallocated.size = 4MB (=4194304) (default)
2023-04-27 07:11:47,305 [s1-impl-thread1] TRACE util.FileUtils (LogUtils.java:runAndLog(49)) - Successfully ran Files.createDirectories /home/runner/work/ratis/ratis/ratis-test/target/test/data/a5c97c2c/MiniRaftClusterWithGrpc3f6ea9d5/s1/3a0ff405-0f10-426f-871f-5dd5de37e73e/sm
2023-04-27 07:11:47,305 [s2-groupManagement] INFO  server.RaftServerConfigKeys (ConfUtils.java:logGet(46)) - raft.server.log.write.buffer.size = 64KB (=65536) (default)
2023-04-27 07:11:47,306 [s2-groupManagement] INFO  server.RaftServer$Division (RaftServerImpl.java:<init>(198)) - s2: new RaftServerImpl for group-5DD5DE37E73E:[] with StateMachineWithMultiNestedSnapshotFile:uninitialized
2023-04-27 07:11:47,306 [s2-groupManagement] INFO  server.RaftServerConfigKeys (ConfUtils.java:logGet(46)) - raft.server.rpc.timeout.min = 150ms (default)
[...]
2023-04-27 07:11:58,808 [Time-limited test] INFO  impl.MiniRaftCluster (MiniRaftCluster.java:shutdown(833)) - ***     Stopping MiniRaftClusterWithGrpc
2023-04-27 07:11:58,808 [Time-limited test] INFO  impl.MiniRaftCluster (MiniRaftCluster.java:shutdown(834)) - *** 
2023-04-27 07:11:58,808 [Time-limited test] INFO  impl.MiniRaftCluster (MiniRaftCluster.java:shutdown(835)) - ************************************************************** 
2023-04-27 07:11:58,808 [Time-limited test] INFO  impl.MiniRaftCluster (MiniRaftCluster.java:shutdown(836)) - printing ALL groups
  s0:  RUNNING    LEADER s0@group-D1EDBF6F09EA:t1, leader=s0, voted=s0, raftlog=Memoized:s0@group-D1EDBF6F09EA-SegmentedRaftLog:OPENED:c258, conf=257: peers:[s0|rpc:localhost:42823|admin:localhost:43043|client:localhost:37301|dataStream:localhost:34189|priority:0|startupRole:FOLLOWER, s1|rpc:0.0.0.0:42585|dataStream:|priority:0|startupRole:FOLLOWER, s2|rpc:0.0.0.0:36855|dataStream:|priority:0|startupRole:FOLLOWER]|listeners:[], old=null RUNNING
  s1:  RUNNING  FOLLOWER s1@group-D1EDBF6F09EA:t1, leader=s0, voted=null, raftlog=Memoized:s1@group-D1EDBF6F09EA-SegmentedRaftLog:OPENED:c257, conf=257: peers:[s0|rpc:localhost:42823|admin:localhost:43043|client:localhost:37301|dataStream:localhost:34189|priority:0|startupRole:FOLLOWER, s1|rpc:0.0.0.0:42585|dataStream:|priority:0|startupRole:FOLLOWER, s2|rpc:0.0.0.0:36855|dataStream:|priority:0|startupRole:FOLLOWER]|listeners:[], old=null RUNNING
  s2:  RUNNING  FOLLOWER s2@group-D1EDBF6F09EA:t1, leader=s0, voted=null, raftlog=Memoized:s2@group-D1EDBF6F09EA-SegmentedRaftLog:OPENED:c257, conf=257: peers:[s0|rpc:localhost:42823|admin:localhost:43043|client:localhost:37301|dataStream:localhost:34189|priority:0|startupRole:FOLLOWER, s1|rpc:0.0.0.0:42585|dataStream:|priority:0|startupRole:FOLLOWER, s2|rpc:0.0.0.0:36855|dataStream:|priority:0|startupRole:FOLLOWER]|listeners:[], old=null RUNNING
2023-04-27 07:11:58,808 [MiniRaftCluster-19] INFO  server.RaftServer (RaftServerProxy.java:lambda$close$7(417)) - s0: close
2023-04-27 07:11:58,809 [MiniRaftCluster-20] INFO  server.RaftServer (RaftServerProxy.java:lambda$close$7(417)) - s1: close
2023-04-27 07:11:58,810 [s0-impl-thread1] INFO  server.RaftServer$Division (RaftServerImpl.java:lambda$close$4(466)) - s0@group-D1EDBF6F09EA: shutdown
2023-04-27 07:11:58,810 [s0-impl-thread1] INFO  util.JmxRegister (JmxRegister.java:unregister(73)) - Successfully un-registered JMX Bean with object name Ratis:service=RaftServer,group=group-D1EDBF6F09EA,id=s0
2023-04-27 07:11:58,810 [s0-impl-thread1] INFO  impl.RoleInfo (RoleInfo.java:shutdownLeaderState(93)) - s0: shutdown s0@group-D1EDBF6F09EA-LeaderStateImpl
2023-04-27 07:11:58,810 [s0-impl-thread1] INFO  impl.PendingRequests (PendingRequests.java:sendNotLeaderResponses(289)) - s0@group-D1EDBF6F09EA-PendingRequests: sendNotLeaderResponses
2023-04-27 07:11:58,810 [s0@group-D1EDBF6F09EA->s2-GrpcLogAppender-LogAppenderDaemon] WARN  server.GrpcLogAppender (GrpcLogAppender.java:mayWait(198)) - s0@group-D1EDBF6F09EA->s2-GrpcLogAppender: Wait interrupted by java.lang.InterruptedException
2023-04-27 07:11:58,810 [MiniRaftCluster-19] INFO  server.GrpcService (GrpcService.java:closeImpl(311)) - s0: shutdown server org.apache.ratis.grpc.server.GrpcClientProtocolService now
2023-04-27 07:11:58,810 [grpc-default-executor-0] INFO  server.GrpcServerProtocolService (GrpcServerProtocolService.java:onCompleted(155)) - s2: Completed APPEND_ENTRIES, lastRequest: s0->s2#8-t1,previous=(t:1, i:257),leaderCommit=257,initializing? true,entries: size=1, first=(t:1, i:258), METADATAENTRY(c:257)
2023-04-27 07:11:58,810 [s0@group-D1EDBF6F09EA->s1-GrpcLogAppender-LogAppenderDaemon] WARN  server.GrpcLogAppender (GrpcLogAppender.java:mayWait(198)) - s0@group-D1EDBF6F09EA->s1-GrpcLogAppender: Wait interrupted by java.lang.InterruptedException
2023-04-27 07:11:58,812 [grpc-default-executor-1] INFO  server.GrpcServerProtocolService (GrpcServerProtocolService.java:onCompleted(155)) - s1: Completed APPEND_ENTRIES, lastRequest: null
2023-04-27 07:11:58,813 [grpc-default-executor-3] INFO  server.GrpcServerProtocolService (GrpcServerProtocolService.java:onCompleted(155)) - s1: Completed APPEND_ENTRIES, lastRequest: s0->s1#6-t1,previous=(t:1, i:257),leaderCommit=257,initializing? true,entries: size=1, first=(t:1, i:258), METADATAENTRY(c:257)
2023-04-27 07:11:58,813 [grpc-default-executor-3] INFO  server.GrpcServerProtocolService (GrpcServerProtocolService.java:lambda$onCompleted$5(157)) - s1: Completed APPEND_ENTRIES, lastReply: null
2023-04-27 07:11:58,813 [grpc-default-executor-1] INFO  server.GrpcServerProtocolService (GrpcServerProtocolService.java:lambda$onCompleted$5(157)) - s1: Completed APPEND_ENTRIES, lastReply: serverReply {
  requestorId: "s0"
  replyId: "s1"
  raftGroupId {
    id: "2\224\315\t\030\020C\305\213\336\321\355\277o\t\352"
  }
  success: true
}
term: 1
nextIndex: 192
followerCommit: 191
matchIndex: 18446744073709551615
isHearbeat: true

2023-04-27 07:11:58,812 [grpc-default-executor-2] INFO  server.GrpcServerProtocolService (GrpcServerProtocolService.java:onCompleted(155)) - s2: Completed APPEND_ENTRIES, lastRequest: null
2023-04-27 07:11:58,813 [grpc-default-executor-2] INFO  server.GrpcServerProtocolService (GrpcServerProtocolService.java:lambda$onCompleted$5(157)) - s2: Completed APPEND_ENTRIES, lastReply: serverReply {
  requestorId: "s0"
  replyId: "s2"
  raftGroupId {
    id: "2\224\315\t\030\020C\305\213\336\321\355\277o\t\352"
  }
  success: true
}
term: 1
nextIndex: 192
followerCommit: 191
matchIndex: 18446744073709551615
isHearbeat: true

2023-04-27 07:11:58,812 [s1-impl-thread1] INFO  server.RaftServer$Division (RaftServerImpl.java:lambda$close$4(466)) - s1@group-D1EDBF6F09EA: shutdown
2023-04-27 07:11:58,813 [s1-impl-thread1] INFO  util.JmxRegister (JmxRegister.java:unregister(73)) - Successfully un-registered JMX Bean with object name Ratis:service=RaftServer,group=group-D1EDBF6F09EA,id=s1
2023-04-27 07:11:58,813 [s1-impl-thread1] INFO  impl.RoleInfo (RoleInfo.java:shutdownFollowerState(110)) - s1: shutdown s1@group-D1EDBF6F09EA-FollowerState
2023-04-27 07:11:58,812 [grpc-default-executor-0] INFO  server.GrpcServerProtocolService (GrpcServerProtocolService.java:lambda$onCompleted$5(157)) - s2: Completed APPEND_ENTRIES, lastReply: null
2023-04-27 07:11:58,813 [s1@group-D1EDBF6F09EA-FollowerState] INFO  impl.FollowerState (FollowerState.java:run(152)) - s1@group-D1EDBF6F09EA-FollowerState was interrupted
2023-04-27 07:11:58,814 [s1@group-D1EDBF6F09EA-StateMachineUpdater] TRACE util.FileUtils (FileUtils.java:deleteFully(201)) - deleteFully /tmp/ratis-tests/statemachine/s1/snapshot/1_257
2023-04-27 07:11:58,814 [s1@group-D1EDBF6F09EA-StateMachineUpdater] TRACE util.FileUtils (FileUtils.java:deleteFully(217)) - deleteFully: /tmp/ratis-tests/statemachine/s1/snapshot/1_257 does not exist.
2023-04-27 07:11:58,814 [s1@group-D1EDBF6F09EA-StateMachineUpdater] TRACE util.FileUtils (FileUtils.java:deleteFully(201)) - deleteFully /tmp/ratis-tests/statemachine/s1/tmp/131a2676-c74e-4cab-9324-b7b95dbc2122
2023-04-27 07:11:58,814 [s1@group-D1EDBF6F09EA-StateMachineUpdater] TRACE util.FileUtils (FileUtils.java:deleteFully(217)) - deleteFully: /tmp/ratis-tests/statemachine/s1/tmp/131a2676-c74e-4cab-9324-b7b95dbc2122 does not exist.
2023-04-27 07:11:58,814 [s1@group-D1EDBF6F09EA-StateMachineUpdater] TRACE util.FileUtils (LogUtils.java:runAndLog(49)) - Successfully ran Atomic Files.move /tmp/ratis-tests/statemachine/s1/tmp/131a2676-c74e-4cab-9324-b7b95dbc2122 to /tmp/ratis-tests/statemachine/s1/snapshot/1_257
2023-04-27 07:11:58,814 [s1@group-D1EDBF6F09EA-StateMachineUpdater] INFO  impl.StateMachineUpdater (StateMachineUpdater.java:takeSnapshot(290)) - s1@group-D1EDBF6F09EA-StateMachineUpdater: Took a snapshot at index 257
2023-04-27 07:11:58,814 [s1@group-D1EDBF6F09EA-StateMachineUpdater] INFO  impl.StateMachineUpdater (StateMachineUpdater.java:lambda$new$0(96)) - s1@group-D1EDBF6F09EA-StateMachineUpdater: snapshotIndex: updateIncreasingly 255 -> 257
2023-04-27 07:11:58,813 [s1-impl-thread1] INFO  impl.StateMachineUpdater (StateMachineUpdater.java:stopAndJoin(154)) - s1@group-D1EDBF6F09EA-StateMachineUpdater: set stopIndex = 257
2023-04-27 07:11:58,814 [s1-impl-thread1] INFO  server.RaftServer$Division (ServerState.java:close(415)) - s1@group-D1EDBF6F09EA: applyIndex: 257
2023-04-27 07:11:58,815 [grpc-default-executor-0] INFO  server.GrpcLogAppender (GrpcLogAppender.java:onCompleted(425)) - s0@group-D1EDBF6F09EA->s2-AppendLogResponseHandler: follower responses appendEntries COMPLETED
2023-04-27 07:11:58,815 [grpc-default-executor-0] INFO  leader.FollowerInfo (FollowerInfoImpl.java:lambda$new$0(52)) - s0@group-D1EDBF6F09EA->s2: decreaseNextIndex nextIndex: updateUnconditionally 259 -> 258
2023-04-27 07:11:58,815 [grpc-default-executor-2] INFO  server.GrpcLogAppender (GrpcLogAppender.java:onCompleted(425)) - s0@group-D1EDBF6F09EA->s2-AppendLogResponseHandler: follower responses appendEntries COMPLETED
2023-04-27 07:11:58,815 [grpc-default-executor-2] INFO  leader.FollowerInfo (FollowerInfoImpl.java:lambda$new$0(52)) - s0@group-D1EDBF6F09EA->s2: decreaseNextIndex nextIndex: updateUnconditionally 258 -> 257
2023-04-27 07:11:58,815 [grpc-default-executor-0] INFO  server.GrpcLogAppender (GrpcLogAppender.java:onCompleted(425)) - s0@group-D1EDBF6F09EA->s1-AppendLogResponseHandler: follower responses appendEntries COMPLETED
2023-04-27 07:11:58,815 [grpc-default-executor-0] INFO  leader.FollowerInfo (FollowerInfoImpl.java:lambda$new$0(52)) - s0@group-D1EDBF6F09EA->s1: decreaseNextIndex nextIndex: updateUnconditionally 259 -> 258
2023-04-27 07:11:58,815 [MiniRaftCluster-20] INFO  server.GrpcService (GrpcService.java:closeImpl(311)) - s1: shutdown server GrpcServerProtocolService now
2023-04-27 07:11:58,817 [MiniRaftCluster-21] INFO  server.RaftServer (RaftServerProxy.java:lambda$close$7(417)) - s2: close
2023-04-27 07:11:58,817 [grpc-default-executor-4] INFO  server.GrpcLogAppender (GrpcLogAppender.java:onCompleted(425)) - s0@group-D1EDBF6F09EA->s1-AppendLogResponseHandler: follower responses appendEntries COMPLETED
2023-04-27 07:11:58,821 [s0-impl-thread1] INFO  impl.StateMachineUpdater (StateMachineUpdater.java:stopAndJoin(154)) - s0@group-D1EDBF6F09EA-StateMachineUpdater: set stopIndex = 258
2023-04-27 07:11:58,821 [s0@group-D1EDBF6F09EA-StateMachineUpdater] TRACE util.FileUtils (FileUtils.java:deleteFully(201)) - deleteFully /tmp/ratis-tests/statemachine/s0/snapshot/1_258
2023-04-27 07:11:58,821 [s0@group-D1EDBF6F09EA-StateMachineUpdater] TRACE util.FileUtils (FileUtils.java:deleteFully(217)) - deleteFully: /tmp/ratis-tests/statemachine/s0/snapshot/1_258 does not exist.
2023-04-27 07:11:58,821 [s0@group-D1EDBF6F09EA-StateMachineUpdater] TRACE util.FileUtils (FileUtils.java:deleteFully(201)) - deleteFully /tmp/ratis-tests/statemachine/s0/tmp/6dcd56ec-0cdb-4f84-98ef-c1dee72aa932
2023-04-27 07:11:58,821 [s0@group-D1EDBF6F09EA-StateMachineUpdater] TRACE util.FileUtils (FileUtils.java:deleteFully(217)) - deleteFully: /tmp/ratis-tests/statemachine/s0/tmp/6dcd56ec-0cdb-4f84-98ef-c1dee72aa932 does not exist.
2023-04-27 07:11:58,821 [s0@group-D1EDBF6F09EA-StateMachineUpdater] TRACE util.FileUtils (LogUtils.java:runAndLog(49)) - Successfully ran Atomic Files.move /tmp/ratis-tests/statemachine/s0/tmp/6dcd56ec-0cdb-4f84-98ef-c1dee72aa932 to /tmp/ratis-tests/statemachine/s0/snapshot/1_258
2023-04-27 07:11:58,821 [s0@group-D1EDBF6F09EA-StateMachineUpdater] INFO  impl.StateMachineUpdater (StateMachineUpdater.java:takeSnapshot(290)) - s0@group-D1EDBF6F09EA-StateMachineUpdater: Took a snapshot at index 258
2023-04-27 07:11:58,821 [s0@group-D1EDBF6F09EA-StateMachineUpdater] INFO  impl.StateMachineUpdater (StateMachineUpdater.java:lambda$new$0(96)) - s0@group-D1EDBF6F09EA-StateMachineUpdater: snapshotIndex: updateIncreasingly 255 -> 258
2023-04-27 07:11:58,822 [MiniRaftCluster-21] INFO  server.GrpcService (GrpcService.java:closeImpl(311)) - s2: shutdown server GrpcServerProtocolService now
2023-04-27 07:11:58,822 [s2-impl-thread1] INFO  server.RaftServer$Division (RaftServerImpl.java:lambda$close$4(466)) - s2@group-D1EDBF6F09EA: shutdown
2023-04-27 07:11:58,822 [s2-impl-thread1] INFO  util.JmxRegister (JmxRegister.java:unregister(73)) - Successfully un-registered JMX Bean with object name Ratis:service=RaftServer,group=group-D1EDBF6F09EA,id=s2
2023-04-27 07:11:58,822 [s2-impl-thread1] INFO  impl.RoleInfo (RoleInfo.java:shutdownFollowerState(110)) - s2: shutdown s2@group-D1EDBF6F09EA-FollowerState
2023-04-27 07:11:58,822 [s2-impl-thread1] INFO  impl.StateMachineUpdater (StateMachineUpdater.java:stopAndJoin(154)) - s2@group-D1EDBF6F09EA-StateMachineUpdater: set stopIndex = 257
2023-04-27 07:11:58,822 [s2@group-D1EDBF6F09EA-FollowerState] INFO  impl.FollowerState (FollowerState.java:run(152)) - s2@group-D1EDBF6F09EA-FollowerState was interrupted
2023-04-27 07:11:58,822 [grpc-default-executor-4] INFO  leader.FollowerInfo (FollowerInfoImpl.java:lambda$new$0(52)) - s0@group-D1EDBF6F09EA->s1: decreaseNextIndex nextIndex: updateUnconditionally 258 -> 257
2023-04-27 07:11:58,824 [s0-impl-thread1] INFO  server.RaftServer$Division (ServerState.java:close(415)) - s0@group-D1EDBF6F09EA: applyIndex: 258
2023-04-27 07:11:58,824 [s2@group-D1EDBF6F09EA-StateMachineUpdater] TRACE util.FileUtils (FileUtils.java:deleteFully(201)) - deleteFully /tmp/ratis-tests/statemachine/s2/snapshot/1_257
2023-04-27 07:11:58,824 [s2@group-D1EDBF6F09EA-StateMachineUpdater] TRACE util.FileUtils (FileUtils.java:deleteFully(217)) - deleteFully: /tmp/ratis-tests/statemachine/s2/snapshot/1_257 does not exist.
2023-04-27 07:11:58,825 [s2@group-D1EDBF6F09EA-StateMachineUpdater] TRACE util.FileUtils (FileUtils.java:deleteFully(201)) - deleteFully /tmp/ratis-tests/statemachine/s2/tmp/129314e8-122b-462d-8b90-91d58824a1a1
2023-04-27 07:11:58,825 [s2@group-D1EDBF6F09EA-StateMachineUpdater] TRACE util.FileUtils (FileUtils.java:deleteFully(217)) - deleteFully: /tmp/ratis-tests/statemachine/s2/tmp/129314e8-122b-462d-8b90-91d58824a1a1 does not exist.
2023-04-27 07:11:58,825 [s2@group-D1EDBF6F09EA-StateMachineUpdater] TRACE util.FileUtils (LogUtils.java:runAndLog(49)) - Successfully ran Atomic Files.move /tmp/ratis-tests/statemachine/s2/tmp/129314e8-122b-462d-8b90-91d58824a1a1 to /tmp/ratis-tests/statemachine/s2/snapshot/1_257
2023-04-27 07:11:58,825 [s2@group-D1EDBF6F09EA-StateMachineUpdater] INFO  impl.StateMachineUpdater (StateMachineUpdater.java:takeSnapshot(290)) - s2@group-D1EDBF6F09EA-StateMachineUpdater: Took a snapshot at index 257
2023-04-27 07:11:58,825 [s2@group-D1EDBF6F09EA-StateMachineUpdater] INFO  impl.StateMachineUpdater (StateMachineUpdater.java:lambda$new$0(96)) - s2@group-D1EDBF6F09EA-StateMachineUpdater: snapshotIndex: updateIncreasingly 255 -> 257
2023-04-27 07:11:58,825 [s2-impl-thread1] INFO  server.RaftServer$Division (ServerState.java:close(415)) - s2@group-D1EDBF6F09EA: applyIndex: 257
2023-04-27 07:11:58,826 [Thread-226] INFO  server.GrpcServerProtocolClient (GrpcServerProtocolClient.java:close(103)) - s1 Close channels
2023-04-27 07:11:58,826 [MiniRaftCluster-20] INFO  server.GrpcService (GrpcService.java:closeImpl(320)) - s1: shutdown server GrpcServerProtocolService successfully
2023-04-27 07:11:58,826 [Thread-228] INFO  server.GrpcServerProtocolClient (GrpcServerProtocolClient.java:close(103)) - s2 Close channels
2023-04-27 07:11:58,827 [MiniRaftCluster-19] INFO  server.GrpcService (GrpcService.java:closeImpl(320)) - s0: shutdown server org.apache.ratis.grpc.server.GrpcClientProtocolService successfully
2023-04-27 07:11:58,827 [MiniRaftCluster-19] INFO  server.GrpcService (GrpcService.java:closeImpl(311)) - s0: shutdown server GrpcServerProtocolService now
2023-04-27 07:11:58,828 [MiniRaftCluster-21] INFO  server.GrpcService (GrpcService.java:closeImpl(320)) - s2: shutdown server GrpcServerProtocolService successfully
2023-04-27 07:11:58,828 [MiniRaftCluster-19] INFO  server.GrpcService (GrpcService.java:closeImpl(320)) - s0: shutdown server GrpcServerProtocolService successfully
2023-04-27 07:11:58,828 [MiniRaftCluster-19] INFO  server.GrpcService (GrpcService.java:closeImpl(311)) - s0: shutdown server org.apache.ratis.grpc.server.GrpcAdminProtocolService now
2023-04-27 07:11:58,830 [MiniRaftCluster-19] INFO  server.GrpcService (GrpcService.java:closeImpl(320)) - s0: shutdown server org.apache.ratis.grpc.server.GrpcAdminProtocolService successfully
2023-04-27 07:11:59,789 [s0-impl-thread1] INFO  segmented.SegmentedRaftLogWorker (SegmentedRaftLogWorker.java:close(242)) - s0@group-D1EDBF6F09EA-SegmentedRaftLogWorker close()
2023-04-27 07:11:59,790 [JvmPauseMonitor9] INFO  util.JvmPauseMonitor (JvmPauseMonitor.java:run(109)) - JvmPauseMonitor-s0: Stopped
2023-04-27 07:11:59,798 [s1-impl-thread1] INFO  segmented.SegmentedRaftLogWorker (SegmentedRaftLogWorker.java:close(242)) - s1@group-D1EDBF6F09EA-SegmentedRaftLogWorker close()
2023-04-27 07:11:59,798 [JvmPauseMonitor10] INFO  util.JvmPauseMonitor (JvmPauseMonitor.java:run(109)) - JvmPauseMonitor-s1: Stopped
2023-04-27 07:11:59,800 [s2-impl-thread1] INFO  segmented.SegmentedRaftLogWorker (SegmentedRaftLogWorker.java:close(242)) - s2@group-D1EDBF6F09EA-SegmentedRaftLogWorker close()
2023-04-27 07:11:59,800 [JvmPauseMonitor11] INFO  util.JvmPauseMonitor (JvmPauseMonitor.java:run(109)) - JvmPauseMonitor-s2: Stopped
2023-04-27 07:11:59,801 [Time-limited test] INFO  impl.MiniRaftCluster (MiniRaftCluster.java:shutdown(855)) - MiniRaftClusterWithGrpc shutdown completed
2023-04-27 07:11:59,801 [Time-limited test] INFO  impl.MiniRaftCluster (MiniRaftCluster.java:shutdown(831)) - ************************************************************** 
2023-04-27 07:11:59,801 [Time-limited test] INFO  impl.MiniRaftCluster (MiniRaftCluster.java:shutdown(832)) - *** 
2023-04-27 07:11:59,801 [Time-limited test] INFO  impl.MiniRaftCluster (MiniRaftCluster.java:shutdown(833)) - ***     Stopping MiniRaftClusterWithGrpc
2023-04-27 07:11:59,801 [Time-limited test] INFO  impl.MiniRaftCluster (MiniRaftCluster.java:shutdown(834)) - *** 
2023-04-27 07:11:59,801 [Time-limited test] INFO  impl.MiniRaftCluster (MiniRaftCluster.java:shutdown(835)) - ************************************************************** 
2023-04-27 07:11:59,801 [Time-limited test] INFO  impl.MiniRaftCluster (MiniRaftCluster.java:shutdown(836)) - printing ALL groups
  s0:   CLOSED    LEADER s0@group-D1EDBF6F09EA:t1, leader=s0, voted=s0, raftlog=Memoized:s0@group-D1EDBF6F09EA-SegmentedRaftLog:CLOSED:c258, conf=257: peers:[s0|rpc:localhost:42823|admin:localhost:43043|client:localhost:37301|dataStream:localhost:34189|priority:0|startupRole:FOLLOWER, s1|rpc:0.0.0.0:42585|dataStream:|priority:0|startupRole:FOLLOWER, s2|rpc:0.0.0.0:36855|dataStream:|priority:0|startupRole:FOLLOWER]|listeners:[], old=null CLOSED
  s1:   CLOSED  FOLLOWER s1@group-D1EDBF6F09EA:t1, leader=s0, voted=null, raftlog=Memoized:s1@group-D1EDBF6F09EA-SegmentedRaftLog:CLOSED:c257, conf=257: peers:[s0|rpc:localhost:42823|admin:localhost:43043|client:localhost:37301|dataStream:localhost:34189|priority:0|startupRole:FOLLOWER, s1|rpc:0.0.0.0:42585|dataStream:|priority:0|startupRole:FOLLOWER, s2|rpc:0.0.0.0:36855|dataStream:|priority:0|startupRole:FOLLOWER]|listeners:[], old=null CLOSED
  s2:   CLOSED  FOLLOWER s2@group-D1EDBF6F09EA:t1, leader=s0, voted=null, raftlog=Memoized:s2@group-D1EDBF6F09EA-SegmentedRaftLog:CLOSED:c257, conf=257: peers:[s0|rpc:localhost:42823|admin:localhost:43043|client:localhost:37301|dataStream:localhost:34189|priority:0|startupRole:FOLLOWER, s1|rpc:0.0.0.0:42585|dataStream:|priority:0|startupRole:FOLLOWER, s2|rpc:0.0.0.0:36855|dataStream:|priority:0|startupRole:FOLLOWER]|listeners:[], old=null CLOSED
2023-04-27 07:11:59,803 [Time-limited test] INFO  impl.MiniRaftCluster (MiniRaftCluster.java:shutdown(855)) - MiniRaftClusterWithGrpc shutdown completed
]]></system-out>
  </testcase>
</testsuite>