-------------------------------------------------------------------------------
Test set: org.apache.ratis.grpc.TestGroupInfoWithGrpc
-------------------------------------------------------------------------------
Tests run: 1, Failures: 0, Errors: 1, Skipped: 0, Time elapsed: 100.374 s <<< FAILURE! - in org.apache.ratis.grpc.TestGroupInfoWithGrpc
org.apache.ratis.grpc.TestGroupInfoWithGrpc.testGroupInfo  Time elapsed: 100.211 s  <<< ERROR!
org.junit.runners.model.TestTimedOutException: test timed out after 100 seconds
	at java.base@11.0.20.1/jdk.internal.misc.Unsafe.park(Native Method)
	at java.base@11.0.20.1/java.util.concurrent.locks.LockSupport.park(LockSupport.java:194)
	at java.base@11.0.20.1/java.util.concurrent.CompletableFuture$Signaller.block(CompletableFuture.java:1796)
	at java.base@11.0.20.1/java.util.concurrent.ForkJoinPool.managedBlock(ForkJoinPool.java:3128)
	at java.base@11.0.20.1/java.util.concurrent.CompletableFuture.waitingGet(CompletableFuture.java:1823)
	at java.base@11.0.20.1/java.util.concurrent.CompletableFuture.get(CompletableFuture.java:1998)
	at app//org.apache.ratis.grpc.client.GrpcClientRpc.sendRequest(GrpcClientRpc.java:127)
	at app//org.apache.ratis.client.impl.BlockingImpl.sendRequest(BlockingImpl.java:144)
	at app//org.apache.ratis.client.impl.BlockingImpl.sendRequestWithRetry(BlockingImpl.java:109)
	at app//org.apache.ratis.client.impl.BlockingImpl.send(BlockingImpl.java:95)
	at app//org.apache.ratis.client.impl.BlockingImpl.send(BlockingImpl.java:59)
	at app//org.apache.ratis.server.impl.GroupInfoBaseTest.sendMessages(GroupInfoBaseTest.java:124)
	at app//org.apache.ratis.server.impl.GroupInfoBaseTest.runTest(GroupInfoBaseTest.java:92)
	at app//org.apache.ratis.server.impl.GroupInfoBaseTest$$Lambda$57/0x0000000100123440.accept(Unknown Source)
	at app//org.apache.ratis.server.impl.MiniRaftCluster$Factory$Get.runWithNewCluster(MiniRaftCluster.java:141)
	at app//org.apache.ratis.server.impl.MiniRaftCluster$Factory$Get.runWithNewCluster(MiniRaftCluster.java:121)
	at app//org.apache.ratis.server.impl.GroupInfoBaseTest.testGroupInfo(GroupInfoBaseTest.java:45)
	at java.base@11.0.20.1/jdk.internal.reflect.NativeMethodAccessorImpl.invoke0(Native Method)
	at java.base@11.0.20.1/jdk.internal.reflect.NativeMethodAccessorImpl.invoke(NativeMethodAccessorImpl.java:62)
	at java.base@11.0.20.1/jdk.internal.reflect.DelegatingMethodAccessorImpl.invoke(DelegatingMethodAccessorImpl.java:43)
	at java.base@11.0.20.1/java.lang.reflect.Method.invoke(Method.java:566)
	at app//org.junit.runners.model.FrameworkMethod$1.runReflectiveCall(FrameworkMethod.java:59)
	at app//org.junit.internal.runners.model.ReflectiveCallable.run(ReflectiveCallable.java:12)
	at app//org.junit.runners.model.FrameworkMethod.invokeExplosively(FrameworkMethod.java:56)
	at app//org.junit.internal.runners.statements.InvokeMethod.evaluate(InvokeMethod.java:17)
	at app//org.junit.internal.runners.statements.RunAfters.evaluate(RunAfters.java:27)
	at app//org.junit.internal.runners.statements.FailOnTimeout$CallableStatement.call(FailOnTimeout.java:299)
	at app//org.junit.internal.runners.statements.FailOnTimeout$CallableStatement.call(FailOnTimeout.java:293)
	at java.base@11.0.20.1/java.util.concurrent.FutureTask.run(FutureTask.java:264)
	at java.base@11.0.20.1/java.lang.Thread.run(Thread.java:829)

