-------------------------------------------------------------------------------
Test set: org.apache.ratis.TestMultiRaftGroup
-------------------------------------------------------------------------------
Tests run: 6, Failures: 6, Errors: 0, Skipped: 0, Time elapsed: 68.228 s <<< FAILURE! - in org.apache.ratis.TestMultiRaftGroup
testMultiRaftGroup[0](org.apache.ratis.TestMultiRaftGroup)  Time elapsed: 19.969 s  <<< FAILURE!
java.lang.AssertionError: Unexpected exit.
	at org.apache.ratis.util.ExitUtils.assertNotTerminated(ExitUtils.java:109)
	at org.apache.ratis.server.impl.MiniRaftCluster.shutdown(MiniRaftCluster.java:854)
	at org.apache.ratis.server.impl.GroupManagementBaseTest.runMultiGroupTest(GroupManagementBaseTest.java:340)
	at org.apache.ratis.TestMultiRaftGroup.runTestMultiRaftGroup(TestMultiRaftGroup.java:73)
	at org.apache.ratis.TestMultiRaftGroup.runTestMultiRaftGroup(TestMultiRaftGroup.java:59)
	at org.apache.ratis.TestMultiRaftGroup.testMultiRaftGroup(TestMultiRaftGroup.java:55)
	at java.base/jdk.internal.reflect.NativeMethodAccessorImpl.invoke0(Native Method)
	at java.base/jdk.internal.reflect.NativeMethodAccessorImpl.invoke(NativeMethodAccessorImpl.java:62)
	at java.base/jdk.internal.reflect.DelegatingMethodAccessorImpl.invoke(DelegatingMethodAccessorImpl.java:43)
	at java.base/java.lang.reflect.Method.invoke(Method.java:566)
	at org.junit.runners.model.FrameworkMethod$1.runReflectiveCall(FrameworkMethod.java:59)
	at org.junit.internal.runners.model.ReflectiveCallable.run(ReflectiveCallable.java:12)
	at org.junit.runners.model.FrameworkMethod.invokeExplosively(FrameworkMethod.java:56)
	at org.junit.internal.runners.statements.InvokeMethod.evaluate(InvokeMethod.java:17)
	at org.junit.internal.runners.statements.RunAfters.evaluate(RunAfters.java:27)
	at org.junit.internal.runners.statements.FailOnTimeout$CallableStatement.call(FailOnTimeout.java:299)
	at org.junit.internal.runners.statements.FailOnTimeout$CallableStatement.call(FailOnTimeout.java:293)
	at java.base/java.util.concurrent.FutureTask.run(FutureTask.java:264)
	at java.base/java.lang.Thread.run(Thread.java:829)
Caused by: org.apache.ratis.util.ExitUtils$ExitException: Thread[s1@group-A2F33A3C5804-LeaderStateImpl,5,s1@group-A2F33A3C5804] has thrown an uncaught exception
	at org.apache.ratis.util.ExitUtils.terminate(ExitUtils.java:141)
	at org.apache.ratis.util.ExitUtils$States.lambda$new$0(ExitUtils.java:54)
	at java.base/java.lang.ThreadGroup.uncaughtException(ThreadGroup.java:1055)
	at java.base/java.lang.ThreadGroup.uncaughtException(ThreadGroup.java:1050)
	at java.base/java.lang.ThreadGroup.uncaughtException(ThreadGroup.java:1050)
	at java.base/java.lang.ThreadGroup.uncaughtException(ThreadGroup.java:1050)
	at java.base/java.lang.Thread.dispatchUncaughtException(Thread.java:1997)
Caused by: java.lang.NullPointerException: leaderState == null
	at org.apache.ratis.server.impl.RoleInfo.shutdownLeaderState(RoleInfo.java:90)
	at org.apache.ratis.server.impl.RaftServerImpl.changeToFollower(RaftServerImpl.java:540)
	at org.apache.ratis.server.impl.RaftServerImpl.changeToFollowerAndPersistMetadata(RaftServerImpl.java:556)
	at org.apache.ratis.server.impl.LeaderStateImpl.stepDown(LeaderStateImpl.java:647)
	at org.apache.ratis.server.impl.LeaderStateImpl.checkLeadership(LeaderStateImpl.java:1081)
	at org.apache.ratis.server.impl.LeaderStateImpl$EventProcessor.run(LeaderStateImpl.java:709)

testMultiRaftGroup[0](org.apache.ratis.TestMultiRaftGroup)  Time elapsed: 19.971 s  <<< FAILURE!
java.lang.AssertionError: Unexpected exit.
	at org.apache.ratis.util.ExitUtils.assertNotTerminated(ExitUtils.java:109)
	at org.apache.ratis.BaseTest.assertNoFailures(BaseTest.java:89)
	at java.base/jdk.internal.reflect.NativeMethodAccessorImpl.invoke0(Native Method)
	at java.base/jdk.internal.reflect.NativeMethodAccessorImpl.invoke(NativeMethodAccessorImpl.java:62)
	at java.base/jdk.internal.reflect.DelegatingMethodAccessorImpl.invoke(DelegatingMethodAccessorImpl.java:43)
	at java.base/java.lang.reflect.Method.invoke(Method.java:566)
	at org.junit.runners.model.FrameworkMethod$1.runReflectiveCall(FrameworkMethod.java:59)
	at org.junit.internal.runners.model.ReflectiveCallable.run(ReflectiveCallable.java:12)
	at org.junit.runners.model.FrameworkMethod.invokeExplosively(FrameworkMethod.java:56)
	at org.junit.internal.runners.statements.RunAfters.invokeMethod(RunAfters.java:46)
	at org.junit.internal.runners.statements.RunAfters.evaluate(RunAfters.java:33)
	at org.junit.internal.runners.statements.FailOnTimeout$CallableStatement.call(FailOnTimeout.java:299)
	at org.junit.internal.runners.statements.FailOnTimeout$CallableStatement.call(FailOnTimeout.java:293)
	at java.base/java.util.concurrent.FutureTask.run(FutureTask.java:264)
	at java.base/java.lang.Thread.run(Thread.java:829)
Caused by: org.apache.ratis.util.ExitUtils$ExitException: Thread[s1@group-A2F33A3C5804-LeaderStateImpl,5,s1@group-A2F33A3C5804] has thrown an uncaught exception
	at org.apache.ratis.util.ExitUtils.terminate(ExitUtils.java:141)
	at org.apache.ratis.util.ExitUtils$States.lambda$new$0(ExitUtils.java:54)
	at java.base/java.lang.ThreadGroup.uncaughtException(ThreadGroup.java:1055)
	at java.base/java.lang.ThreadGroup.uncaughtException(ThreadGroup.java:1050)
	at java.base/java.lang.ThreadGroup.uncaughtException(ThreadGroup.java:1050)
	at java.base/java.lang.ThreadGroup.uncaughtException(ThreadGroup.java:1050)
	at java.base/java.lang.Thread.dispatchUncaughtException(Thread.java:1997)
Caused by: java.lang.NullPointerException: leaderState == null
	at org.apache.ratis.server.impl.RoleInfo.shutdownLeaderState(RoleInfo.java:90)
	at org.apache.ratis.server.impl.RaftServerImpl.changeToFollower(RaftServerImpl.java:540)
	at org.apache.ratis.server.impl.RaftServerImpl.changeToFollowerAndPersistMetadata(RaftServerImpl.java:556)
	at org.apache.ratis.server.impl.LeaderStateImpl.stepDown(LeaderStateImpl.java:647)
	at org.apache.ratis.server.impl.LeaderStateImpl.checkLeadership(LeaderStateImpl.java:1081)
	at org.apache.ratis.server.impl.LeaderStateImpl$EventProcessor.run(LeaderStateImpl.java:709)

testMultiRaftGroup[1](org.apache.ratis.TestMultiRaftGroup)  Time elapsed: 28.356 s  <<< FAILURE!
java.lang.AssertionError: Unexpected exit.
	at org.apache.ratis.util.ExitUtils.assertNotTerminated(ExitUtils.java:109)
	at org.apache.ratis.server.impl.MiniRaftCluster.shutdown(MiniRaftCluster.java:854)
	at org.apache.ratis.server.impl.GroupManagementBaseTest.runMultiGroupTest(GroupManagementBaseTest.java:340)
	at org.apache.ratis.TestMultiRaftGroup.runTestMultiRaftGroup(TestMultiRaftGroup.java:73)
	at org.apache.ratis.TestMultiRaftGroup.runTestMultiRaftGroup(TestMultiRaftGroup.java:59)
	at org.apache.ratis.TestMultiRaftGroup.testMultiRaftGroup(TestMultiRaftGroup.java:55)
	at java.base/jdk.internal.reflect.NativeMethodAccessorImpl.invoke0(Native Method)
	at java.base/jdk.internal.reflect.NativeMethodAccessorImpl.invoke(NativeMethodAccessorImpl.java:62)
	at java.base/jdk.internal.reflect.DelegatingMethodAccessorImpl.invoke(DelegatingMethodAccessorImpl.java:43)
	at java.base/java.lang.reflect.Method.invoke(Method.java:566)
	at org.junit.runners.model.FrameworkMethod$1.runReflectiveCall(FrameworkMethod.java:59)
	at org.junit.internal.runners.model.ReflectiveCallable.run(ReflectiveCallable.java:12)
	at org.junit.runners.model.FrameworkMethod.invokeExplosively(FrameworkMethod.java:56)
	at org.junit.internal.runners.statements.InvokeMethod.evaluate(InvokeMethod.java:17)
	at org.junit.internal.runners.statements.RunAfters.evaluate(RunAfters.java:27)
	at org.junit.internal.runners.statements.FailOnTimeout$CallableStatement.call(FailOnTimeout.java:299)
	at org.junit.internal.runners.statements.FailOnTimeout$CallableStatement.call(FailOnTimeout.java:293)
	at java.base/java.util.concurrent.FutureTask.run(FutureTask.java:264)
	at java.base/java.lang.Thread.run(Thread.java:829)
Caused by: org.apache.ratis.util.ExitUtils$ExitException: Thread[s1@group-A2F33A3C5804-LeaderStateImpl,5,s1@group-A2F33A3C5804] has thrown an uncaught exception
	at org.apache.ratis.util.ExitUtils.terminate(ExitUtils.java:141)
	at org.apache.ratis.util.ExitUtils$States.lambda$new$0(ExitUtils.java:54)
	at java.base/java.lang.ThreadGroup.uncaughtException(ThreadGroup.java:1055)
	at java.base/java.lang.ThreadGroup.uncaughtException(ThreadGroup.java:1050)
	at java.base/java.lang.ThreadGroup.uncaughtException(ThreadGroup.java:1050)
	at java.base/java.lang.ThreadGroup.uncaughtException(ThreadGroup.java:1050)
	at java.base/java.lang.Thread.dispatchUncaughtException(Thread.java:1997)
Caused by: java.lang.NullPointerException: leaderState == null
	at org.apache.ratis.server.impl.RoleInfo.shutdownLeaderState(RoleInfo.java:90)
	at org.apache.ratis.server.impl.RaftServerImpl.changeToFollower(RaftServerImpl.java:540)
	at org.apache.ratis.server.impl.RaftServerImpl.changeToFollowerAndPersistMetadata(RaftServerImpl.java:556)
	at org.apache.ratis.server.impl.LeaderStateImpl.stepDown(LeaderStateImpl.java:647)
	at org.apache.ratis.server.impl.LeaderStateImpl.checkLeadership(LeaderStateImpl.java:1081)
	at org.apache.ratis.server.impl.LeaderStateImpl$EventProcessor.run(LeaderStateImpl.java:709)

testMultiRaftGroup[1](org.apache.ratis.TestMultiRaftGroup)  Time elapsed: 28.357 s  <<< FAILURE!
java.lang.AssertionError: Unexpected exit.
	at org.apache.ratis.util.ExitUtils.assertNotTerminated(ExitUtils.java:109)
	at org.apache.ratis.BaseTest.assertNoFailures(BaseTest.java:89)
	at java.base/jdk.internal.reflect.NativeMethodAccessorImpl.invoke0(Native Method)
	at java.base/jdk.internal.reflect.NativeMethodAccessorImpl.invoke(NativeMethodAccessorImpl.java:62)
	at java.base/jdk.internal.reflect.DelegatingMethodAccessorImpl.invoke(DelegatingMethodAccessorImpl.java:43)
	at java.base/java.lang.reflect.Method.invoke(Method.java:566)
	at org.junit.runners.model.FrameworkMethod$1.runReflectiveCall(FrameworkMethod.java:59)
	at org.junit.internal.runners.model.ReflectiveCallable.run(ReflectiveCallable.java:12)
	at org.junit.runners.model.FrameworkMethod.invokeExplosively(FrameworkMethod.java:56)
	at org.junit.internal.runners.statements.RunAfters.invokeMethod(RunAfters.java:46)
	at org.junit.internal.runners.statements.RunAfters.evaluate(RunAfters.java:33)
	at org.junit.internal.runners.statements.FailOnTimeout$CallableStatement.call(FailOnTimeout.java:299)
	at org.junit.internal.runners.statements.FailOnTimeout$CallableStatement.call(FailOnTimeout.java:293)
	at java.base/java.util.concurrent.FutureTask.run(FutureTask.java:264)
	at java.base/java.lang.Thread.run(Thread.java:829)
Caused by: org.apache.ratis.util.ExitUtils$ExitException: Thread[s1@group-A2F33A3C5804-LeaderStateImpl,5,s1@group-A2F33A3C5804] has thrown an uncaught exception
	at org.apache.ratis.util.ExitUtils.terminate(ExitUtils.java:141)
	at org.apache.ratis.util.ExitUtils$States.lambda$new$0(ExitUtils.java:54)
	at java.base/java.lang.ThreadGroup.uncaughtException(ThreadGroup.java:1055)
	at java.base/java.lang.ThreadGroup.uncaughtException(ThreadGroup.java:1050)
	at java.base/java.lang.ThreadGroup.uncaughtException(ThreadGroup.java:1050)
	at java.base/java.lang.ThreadGroup.uncaughtException(ThreadGroup.java:1050)
	at java.base/java.lang.Thread.dispatchUncaughtException(Thread.java:1997)
Caused by: java.lang.NullPointerException: leaderState == null
	at org.apache.ratis.server.impl.RoleInfo.shutdownLeaderState(RoleInfo.java:90)
	at org.apache.ratis.server.impl.RaftServerImpl.changeToFollower(RaftServerImpl.java:540)
	at org.apache.ratis.server.impl.RaftServerImpl.changeToFollowerAndPersistMetadata(RaftServerImpl.java:556)
	at org.apache.ratis.server.impl.LeaderStateImpl.stepDown(LeaderStateImpl.java:647)
	at org.apache.ratis.server.impl.LeaderStateImpl.checkLeadership(LeaderStateImpl.java:1081)
	at org.apache.ratis.server.impl.LeaderStateImpl$EventProcessor.run(LeaderStateImpl.java:709)

testMultiRaftGroup[2](org.apache.ratis.TestMultiRaftGroup)  Time elapsed: 19.641 s  <<< FAILURE!
java.lang.AssertionError: Unexpected exit.
	at org.apache.ratis.util.ExitUtils.assertNotTerminated(ExitUtils.java:109)
	at org.apache.ratis.server.impl.MiniRaftCluster.shutdown(MiniRaftCluster.java:854)
	at org.apache.ratis.server.impl.GroupManagementBaseTest.runMultiGroupTest(GroupManagementBaseTest.java:340)
	at org.apache.ratis.TestMultiRaftGroup.runTestMultiRaftGroup(TestMultiRaftGroup.java:73)
	at org.apache.ratis.TestMultiRaftGroup.runTestMultiRaftGroup(TestMultiRaftGroup.java:59)
	at org.apache.ratis.TestMultiRaftGroup.testMultiRaftGroup(TestMultiRaftGroup.java:55)
	at java.base/jdk.internal.reflect.NativeMethodAccessorImpl.invoke0(Native Method)
	at java.base/jdk.internal.reflect.NativeMethodAccessorImpl.invoke(NativeMethodAccessorImpl.java:62)
	at java.base/jdk.internal.reflect.DelegatingMethodAccessorImpl.invoke(DelegatingMethodAccessorImpl.java:43)
	at java.base/java.lang.reflect.Method.invoke(Method.java:566)
	at org.junit.runners.model.FrameworkMethod$1.runReflectiveCall(FrameworkMethod.java:59)
	at org.junit.internal.runners.model.ReflectiveCallable.run(ReflectiveCallable.java:12)
	at org.junit.runners.model.FrameworkMethod.invokeExplosively(FrameworkMethod.java:56)
	at org.junit.internal.runners.statements.InvokeMethod.evaluate(InvokeMethod.java:17)
	at org.junit.internal.runners.statements.RunAfters.evaluate(RunAfters.java:27)
	at org.junit.internal.runners.statements.FailOnTimeout$CallableStatement.call(FailOnTimeout.java:299)
	at org.junit.internal.runners.statements.FailOnTimeout$CallableStatement.call(FailOnTimeout.java:293)
	at java.base/java.util.concurrent.FutureTask.run(FutureTask.java:264)
	at java.base/java.lang.Thread.run(Thread.java:829)
Caused by: org.apache.ratis.util.ExitUtils$ExitException: Thread[s1@group-A2F33A3C5804-LeaderStateImpl,5,s1@group-A2F33A3C5804] has thrown an uncaught exception
	at org.apache.ratis.util.ExitUtils.terminate(ExitUtils.java:141)
	at org.apache.ratis.util.ExitUtils$States.lambda$new$0(ExitUtils.java:54)
	at java.base/java.lang.ThreadGroup.uncaughtException(ThreadGroup.java:1055)
	at java.base/java.lang.ThreadGroup.uncaughtException(ThreadGroup.java:1050)
	at java.base/java.lang.ThreadGroup.uncaughtException(ThreadGroup.java:1050)
	at java.base/java.lang.ThreadGroup.uncaughtException(ThreadGroup.java:1050)
	at java.base/java.lang.Thread.dispatchUncaughtException(Thread.java:1997)
Caused by: java.lang.NullPointerException: leaderState == null
	at org.apache.ratis.server.impl.RoleInfo.shutdownLeaderState(RoleInfo.java:90)
	at org.apache.ratis.server.impl.RaftServerImpl.changeToFollower(RaftServerImpl.java:540)
	at org.apache.ratis.server.impl.RaftServerImpl.changeToFollowerAndPersistMetadata(RaftServerImpl.java:556)
	at org.apache.ratis.server.impl.LeaderStateImpl.stepDown(LeaderStateImpl.java:647)
	at org.apache.ratis.server.impl.LeaderStateImpl.checkLeadership(LeaderStateImpl.java:1081)
	at org.apache.ratis.server.impl.LeaderStateImpl$EventProcessor.run(LeaderStateImpl.java:709)

testMultiRaftGroup[2](org.apache.ratis.TestMultiRaftGroup)  Time elapsed: 19.643 s  <<< FAILURE!
java.lang.AssertionError: Unexpected exit.
	at org.apache.ratis.util.ExitUtils.assertNotTerminated(ExitUtils.java:109)
	at org.apache.ratis.BaseTest.assertNoFailures(BaseTest.java:89)
	at java.base/jdk.internal.reflect.NativeMethodAccessorImpl.invoke0(Native Method)
	at java.base/jdk.internal.reflect.NativeMethodAccessorImpl.invoke(NativeMethodAccessorImpl.java:62)
	at java.base/jdk.internal.reflect.DelegatingMethodAccessorImpl.invoke(DelegatingMethodAccessorImpl.java:43)
	at java.base/java.lang.reflect.Method.invoke(Method.java:566)
	at org.junit.runners.model.FrameworkMethod$1.runReflectiveCall(FrameworkMethod.java:59)
	at org.junit.internal.runners.model.ReflectiveCallable.run(ReflectiveCallable.java:12)
	at org.junit.runners.model.FrameworkMethod.invokeExplosively(FrameworkMethod.java:56)
	at org.junit.internal.runners.statements.RunAfters.invokeMethod(RunAfters.java:46)
	at org.junit.internal.runners.statements.RunAfters.evaluate(RunAfters.java:33)
	at org.junit.internal.runners.statements.FailOnTimeout$CallableStatement.call(FailOnTimeout.java:299)
	at org.junit.internal.runners.statements.FailOnTimeout$CallableStatement.call(FailOnTimeout.java:293)
	at java.base/java.util.concurrent.FutureTask.run(FutureTask.java:264)
	at java.base/java.lang.Thread.run(Thread.java:829)
Caused by: org.apache.ratis.util.ExitUtils$ExitException: Thread[s1@group-A2F33A3C5804-LeaderStateImpl,5,s1@group-A2F33A3C5804] has thrown an uncaught exception
	at org.apache.ratis.util.ExitUtils.terminate(ExitUtils.java:141)
	at org.apache.ratis.util.ExitUtils$States.lambda$new$0(ExitUtils.java:54)
	at java.base/java.lang.ThreadGroup.uncaughtException(ThreadGroup.java:1055)
	at java.base/java.lang.ThreadGroup.uncaughtException(ThreadGroup.java:1050)
	at java.base/java.lang.ThreadGroup.uncaughtException(ThreadGroup.java:1050)
	at java.base/java.lang.ThreadGroup.uncaughtException(ThreadGroup.java:1050)
	at java.base/java.lang.Thread.dispatchUncaughtException(Thread.java:1997)
Caused by: java.lang.NullPointerException: leaderState == null
	at org.apache.ratis.server.impl.RoleInfo.shutdownLeaderState(RoleInfo.java:90)
	at org.apache.ratis.server.impl.RaftServerImpl.changeToFollower(RaftServerImpl.java:540)
	at org.apache.ratis.server.impl.RaftServerImpl.changeToFollowerAndPersistMetadata(RaftServerImpl.java:556)
	at org.apache.ratis.server.impl.LeaderStateImpl.stepDown(LeaderStateImpl.java:647)
	at org.apache.ratis.server.impl.LeaderStateImpl.checkLeadership(LeaderStateImpl.java:1081)
	at org.apache.ratis.server.impl.LeaderStateImpl$EventProcessor.run(LeaderStateImpl.java:709)

