-------------------------------------------------------------------------------
Test set: org.apache.ratis.statemachine.TestStateMachine
-------------------------------------------------------------------------------
Tests run: 3, Failures: 1, Errors: 0, Skipped: 0, Time elapsed: 12.349 s <<< FAILURE! - in org.apache.ratis.statemachine.TestStateMachine
org.apache.ratis.statemachine.TestStateMachine.testTransactionContextIsPassedBack  Time elapsed: 7.126 s  <<< FAILURE!
org.opentest4j.AssertionFailedError: expected: <100> but was: <41>
	at org.junit.jupiter.api.AssertionFailureBuilder.build(AssertionFailureBuilder.java:151)
	at org.junit.jupiter.api.AssertionFailureBuilder.buildAndThrow(AssertionFailureBuilder.java:132)
	at org.junit.jupiter.api.AssertEquals.failNotEqual(AssertEquals.java:197)
	at org.junit.jupiter.api.AssertEquals.assertEquals(AssertEquals.java:166)
	at org.junit.jupiter.api.AssertEquals.assertEquals(AssertEquals.java:161)
	at org.junit.jupiter.api.Assertions.assertEquals(Assertions.java:632)
	at org.apache.ratis.statemachine.TestStateMachine.runTestTransactionContextIsPassedBack(TestStateMachine.java:160)
	at org.apache.ratis.statemachine.TestStateMachine.runTestTransactionContextIsPassedBack(TestStateMachine.java:140)
	at org.apache.ratis.statemachine.TestStateMachine.testTransactionContextIsPassedBack(TestStateMachine.java:125)
	at java.lang.reflect.Method.invoke(Method.java:498)
	at java.util.ArrayList.forEach(ArrayList.java:1259)
	at java.util.ArrayList.forEach(ArrayList.java:1259)

