-------------------------------------------------------------------------------
Test set: org.apache.ratis.grpc.TestServerRestartWithGrpc
-------------------------------------------------------------------------------
Tests run: 5, Failures: 0, Errors: 1, Skipped: 0, Time elapsed: 105.914 s <<< FAILURE! - in org.apache.ratis.grpc.TestServerRestartWithGrpc
testRestartFollower(org.apache.ratis.grpc.TestServerRestartWithGrpc)  Time elapsed: 100.012 s  <<< ERROR!
org.junit.runners.model.TestTimedOutException: test timed out after 100 seconds
	at java.base@11.0.17/java.lang.Object.wait(Native Method)
	at java.base@11.0.17/java.lang.Object.wait(Object.java:328)
	at app//org.apache.ratis.thirdparty.io.grpc.internal.ServerImpl.awaitTermination(ServerImpl.java:320)
	at app//org.apache.ratis.grpc.server.GrpcService.closeImpl(GrpcService.java:315)
	at app//org.apache.ratis.server.RaftServerRpcWithProxy$$Lambda$618/0x00000001003fa440.run(Unknown Source)
	at app//org.apache.ratis.util.LifeCycle.lambda$checkStateAndClose$4(LifeCycle.java:299)
	at app//org.apache.ratis.util.LifeCycle$$Lambda$424/0x00000001003a8c40.get(Unknown Source)
	at app//org.apache.ratis.util.LifeCycle.checkStateAndClose(LifeCycle.java:319)
	at app//org.apache.ratis.util.LifeCycle.checkStateAndClose(LifeCycle.java:297)
	at app//org.apache.ratis.server.RaftServerRpcWithProxy.close(RaftServerRpcWithProxy.java:80)
	at app//org.apache.ratis.server.impl.RaftServerProxy.lambda$close$7(RaftServerProxy.java:416)
	at app//org.apache.ratis.server.impl.RaftServerProxy$$Lambda$616/0x00000001003f9c40.run(Unknown Source)
	at app//org.apache.ratis.util.LifeCycle.lambda$checkStateAndClose$4(LifeCycle.java:299)
	at app//org.apache.ratis.util.LifeCycle$$Lambda$424/0x00000001003a8c40.get(Unknown Source)
	at app//org.apache.ratis.util.LifeCycle.checkStateAndClose(LifeCycle.java:319)
	at app//org.apache.ratis.util.LifeCycle.checkStateAndClose(LifeCycle.java:297)
	at app//org.apache.ratis.server.impl.RaftServerProxy.close(RaftServerProxy.java:411)
	at app//org.apache.ratis.server.ServerRestartTests.runTestRestartFollower(ServerRestartTests.java:128)
	at app//org.apache.ratis.server.ServerRestartTests$$Lambda$795/0x0000000100481c40.accept(Unknown Source)
	at app//org.apache.ratis.server.impl.MiniRaftCluster$Factory$Get.runWithNewCluster(MiniRaftCluster.java:141)
	at app//org.apache.ratis.server.impl.MiniRaftCluster$Factory$Get.runWithNewCluster(MiniRaftCluster.java:121)
	at app//org.apache.ratis.server.ServerRestartTests.testRestartFollower(ServerRestartTests.java:88)
	at java.base@11.0.17/jdk.internal.reflect.NativeMethodAccessorImpl.invoke0(Native Method)
	at java.base@11.0.17/jdk.internal.reflect.NativeMethodAccessorImpl.invoke(NativeMethodAccessorImpl.java:62)
	at java.base@11.0.17/jdk.internal.reflect.DelegatingMethodAccessorImpl.invoke(DelegatingMethodAccessorImpl.java:43)
	at java.base@11.0.17/java.lang.reflect.Method.invoke(Method.java:566)
	at app//org.junit.runners.model.FrameworkMethod$1.runReflectiveCall(FrameworkMethod.java:59)
	at app//org.junit.internal.runners.model.ReflectiveCallable.run(ReflectiveCallable.java:12)
	at app//org.junit.runners.model.FrameworkMethod.invokeExplosively(FrameworkMethod.java:56)
	at app//org.junit.internal.runners.statements.InvokeMethod.evaluate(InvokeMethod.java:17)
	at app//org.junit.internal.runners.statements.RunAfters.evaluate(RunAfters.java:27)
	at app//org.junit.internal.runners.statements.FailOnTimeout$CallableStatement.call(FailOnTimeout.java:299)
	at app//org.junit.internal.runners.statements.FailOnTimeout$CallableStatement.call(FailOnTimeout.java:293)
	at java.base@11.0.17/java.util.concurrent.FutureTask.run(FutureTask.java:264)
	at java.base@11.0.17/java.lang.Thread.run(Thread.java:829)

