-------------------------------------------------------------------------------
Test set: org.apache.ratis.examples.filestore.TestFileStoreStreamingWithGrpcCluster
-------------------------------------------------------------------------------
Tests run: 2, Failures: 0, Errors: 1, Skipped: 0, Time elapsed: 123.268 s <<< FAILURE! - in org.apache.ratis.examples.filestore.TestFileStoreStreamingWithGrpcCluster
org.apache.ratis.examples.filestore.TestFileStoreStreamingWithGrpcCluster.testFileStoreStreamSingleFile  Time elapsed: 100.007 s  <<< ERROR!
org.junit.runners.model.TestTimedOutException: test timed out after 100 seconds
	at java.base@11.0.21/jdk.internal.misc.Unsafe.park(Native Method)
	at java.base@11.0.21/java.util.concurrent.locks.LockSupport.park(LockSupport.java:194)
	at java.base@11.0.21/java.util.concurrent.locks.AbstractQueuedSynchronizer.parkAndCheckInterrupt(AbstractQueuedSynchronizer.java:885)
	at java.base@11.0.21/java.util.concurrent.locks.AbstractQueuedSynchronizer.doAcquireSharedInterruptibly(AbstractQueuedSynchronizer.java:1039)
	at java.base@11.0.21/java.util.concurrent.locks.AbstractQueuedSynchronizer.acquireSharedInterruptibly(AbstractQueuedSynchronizer.java:1345)
	at java.base@11.0.21/java.util.concurrent.Semaphore.acquire(Semaphore.java:318)
	at app//org.apache.ratis.client.impl.OrderedStreamAsync.sendRequest(OrderedStreamAsync.java:113)
	at app//org.apache.ratis.client.impl.DataStreamClientImpl$DataStreamOutputImpl.send(DataStreamClientImpl.java:135)
	at app//org.apache.ratis.client.impl.DataStreamClientImpl$DataStreamOutputImpl.writeAsyncImpl(DataStreamClientImpl.java:147)
	at app//org.apache.ratis.client.impl.DataStreamClientImpl$DataStreamOutputImpl.writeAsync(DataStreamClientImpl.java:159)
	at app//org.apache.ratis.client.api.DataStreamOutput.writeAsync(DataStreamOutput.java:42)
	at app//org.apache.ratis.examples.filestore.FileStoreWriter.streamWriteAndVerify(FileStoreWriter.java:153)
	at app//org.apache.ratis.examples.filestore.FileStoreStreamingBaseTest.testSingleFile(FileStoreStreamingBaseTest.java:116)
	at app//org.apache.ratis.examples.filestore.FileStoreStreamingBaseTest.testFileStoreStreamSingleFile(FileStoreStreamingBaseTest.java:78)
	at java.base@11.0.21/jdk.internal.reflect.NativeMethodAccessorImpl.invoke0(Native Method)
	at java.base@11.0.21/jdk.internal.reflect.NativeMethodAccessorImpl.invoke(NativeMethodAccessorImpl.java:62)
	at java.base@11.0.21/jdk.internal.reflect.DelegatingMethodAccessorImpl.invoke(DelegatingMethodAccessorImpl.java:43)
	at java.base@11.0.21/java.lang.reflect.Method.invoke(Method.java:566)
	at app//org.junit.runners.model.FrameworkMethod$1.runReflectiveCall(FrameworkMethod.java:59)
	at app//org.junit.internal.runners.model.ReflectiveCallable.run(ReflectiveCallable.java:12)
	at app//org.junit.runners.model.FrameworkMethod.invokeExplosively(FrameworkMethod.java:56)
	at app//org.junit.internal.runners.statements.InvokeMethod.evaluate(InvokeMethod.java:17)
	at app//org.junit.internal.runners.statements.RunAfters.evaluate(RunAfters.java:27)
	at app//org.junit.internal.runners.statements.FailOnTimeout$CallableStatement.call(FailOnTimeout.java:299)
	at app//org.junit.internal.runners.statements.FailOnTimeout$CallableStatement.call(FailOnTimeout.java:293)
	at java.base@11.0.21/java.util.concurrent.FutureTask.run(FutureTask.java:264)
	at java.base@11.0.21/java.lang.Thread.run(Thread.java:829)

